[4/15/2013 09:45:35 AM][INFO][clSchool][LoadAllSchool][00000000-0000-0000-0000-000000000000] LoadAllSchool method called
[4/15/2013 09:45:36 AM][DEBUG][clSchool][LoadAllSchool][00000000-0000-0000-0000-000000000000] Debug LoadAllSchool called
[4/15/2013 09:46:04 AM][INFO][clStaff][LoadStaffDetailsByUserNameAndPassword][00000000-0000-0000-0000-000000000000] Execute LoadStaffDetailsByUserNameAndPassword Method
[4/15/2013 09:46:04 AM][DEBUG][clStaff][LoadStaffDetailsByUserNameAndPassword][00000000-0000-0000-0000-000000000000] Debug LoadStaffDetailsByUserNameAndPassword Method
[4/15/2013 09:46:11 AM][INFO][clStaff][LoadStaffDetailsByUserNameAndPassword][00000000-0000-0000-0000-000000000000] Execute LoadStaffDetailsByUserNameAndPassword Method
[4/15/2013 09:46:11 AM][DEBUG][clStaff][LoadStaffDetailsByUserNameAndPassword][00000000-0000-0000-0000-000000000000] Debug LoadStaffDetailsByUserNameAndPassword Method
[4/15/2013 09:46:18 AM][INFO][clStaff][LoadStaffDetailsByUserNameAndPassword][00000000-0000-0000-0000-000000000000] Execute LoadStaffDetailsByUserNameAndPassword Method
[4/15/2013 09:46:18 AM][DEBUG][clStaff][LoadStaffDetailsByUserNameAndPassword][00000000-0000-0000-0000-000000000000] Debug LoadStaffDetailsByUserNameAndPassword Method
[4/15/2013 09:46:21 AM][INFO][clSchoolYear][LoadAllSchoolYear][00000000-0000-0000-0000-000000000000] Execute LoadAllSchoolYear Method
[4/15/2013 09:46:21 AM][DEBUG][clSchoolYear][LoadAllSchoolYear][00000000-0000-0000-0000-000000000000] Debug LoadAllSchoolYear Method
[4/15/2013 09:48:35 AM][INFO][clSchool][LoadAllSchool][00000000-0000-0000-0000-000000000000] LoadAllSchool method called
[4/15/2013 09:48:35 AM][DEBUG][clSchool][LoadAllSchool][00000000-0000-0000-0000-000000000000] Debug LoadAllSchool called
[4/15/2013 09:48:58 AM][INFO][clStaff][LoadStaffDetailsByUserNameAndPassword][00000000-0000-0000-0000-000000000000] Execute LoadStaffDetailsByUserNameAndPassword Method
[4/15/2013 09:48:58 AM][DEBUG][clStaff][LoadStaffDetailsByUserNameAndPassword][00000000-0000-0000-0000-000000000000] Debug LoadStaffDetailsByUserNameAndPassword Method
[4/15/2013 09:49:02 AM][INFO][clSchoolYear][LoadAllSchoolYear][00000000-0000-0000-0000-000000000000] Execute LoadAllSchoolYear Method
[4/15/2013 09:49:02 AM][DEBUG][clSchoolYear][LoadAllSchoolYear][00000000-0000-0000-0000-000000000000] Debug LoadAllSchoolYear Method
[4/15/2013 09:50:00 AM][INFO][clSchoolYear][LoadAllSchoolYear][00000000-0000-0000-0000-000000000000] Execute LoadAllSchoolYear Method
[4/15/2013 09:50:01 AM][DEBUG][clSchoolYear][LoadAllSchoolYear][00000000-0000-0000-0000-000000000000] Debug LoadAllSchoolYear Method
[4/15/2013 09:50:01 AM][INFO][clChildSchoolYear][ImportAllActiveChild][00000000-0000-0000-0000-000000000000] Execute ImportAllActiveChild Method
[4/15/2013 09:50:01 AM][DEBUG][clChildSchoolYear][ImportAllActiveChild][00000000-0000-0000-0000-000000000000] Debug ImportAllActiveChild Method
[4/15/2013 09:50:09 AM][INFO][clChildSchoolYear][ImportAllActiveChild][00000000-0000-0000-0000-000000000000] Execute ImportAllActiveChild Method
[4/15/2013 09:50:09 AM][DEBUG][clChildSchoolYear][ImportAllActiveChild][00000000-0000-0000-0000-000000000000] Debug ImportAllActiveChild Method
[4/15/2013 09:50:09 AM][INFO][clSchool][LoadAllSchool][00000000-0000-0000-0000-000000000000] LoadAllSchool method called
[4/15/2013 09:50:09 AM][DEBUG][clSchool][LoadAllSchool][00000000-0000-0000-0000-000000000000] Debug LoadAllSchool called
[4/15/2013 09:50:16 AM][INFO][clStaff][LoadStaffDetailsByUserNameAndPassword][00000000-0000-0000-0000-000000000000] Execute LoadStaffDetailsByUserNameAndPassword Method
[4/15/2013 09:50:16 AM][DEBUG][clStaff][LoadStaffDetailsByUserNameAndPassword][00000000-0000-0000-0000-000000000000] Debug LoadStaffDetailsByUserNameAndPassword Method
[4/15/2013 09:50:17 AM][INFO][clSchoolYear][LoadAllSchoolYear][00000000-0000-0000-0000-000000000000] Execute LoadAllSchoolYear Method
[4/15/2013 09:50:17 AM][DEBUG][clSchoolYear][LoadAllSchoolYear][00000000-0000-0000-0000-000000000000] Debug LoadAllSchoolYear Method
[4/15/2013 09:50:21 AM][INFO][clSchoolYear][LoadAllSchoolYear][00000000-0000-0000-0000-000000000000] Execute LoadAllSchoolYear Method
[4/15/2013 09:50:21 AM][DEBUG][clSchoolYear][LoadAllSchoolYear][00000000-0000-0000-0000-000000000000] Debug LoadAllSchoolYear Method
[4/15/2013 09:50:21 AM][INFO][clChildSchoolYear][ImportAllActiveChild][00000000-0000-0000-0000-000000000000] Execute ImportAllActiveChild Method
[4/15/2013 09:50:21 AM][DEBUG][clChildSchoolYear][ImportAllActiveChild][00000000-0000-0000-0000-000000000000] Debug ImportAllActiveChild Method
[4/15/2013 09:50:22 AM][INFO][clSchoolYear][GetCurrentSchoolYear][00000000-0000-0000-0000-000000000000] Execute GetCurrentSchoolYear Method
[4/15/2013 09:50:22 AM][DEBUG][clSchoolYear][GetCurrentSchoolYear][00000000-0000-0000-0000-000000000000] Debug GetCurrentSchoolYear Method
[4/15/2013 09:50:22 AM][INFO][clChildSchoolYear][GetAllActiveChildListForImport][00000000-0000-0000-0000-000000000000] Execute GetAllActiveChildListForImport Method
[4/15/2013 09:50:22 AM][DEBUG][clChildSchoolYear][GetAllActiveChildListForImport][00000000-0000-0000-0000-000000000000] Debug GetAllActiveChildListForImport Method
[4/15/2013 09:50:35 AM][INFO][clSchoolYear][LoadAllSchoolYear][00000000-0000-0000-0000-000000000000] Execute LoadAllSchoolYear Method
[4/15/2013 09:50:35 AM][DEBUG][clSchoolYear][LoadAllSchoolYear][00000000-0000-0000-0000-000000000000] Debug LoadAllSchoolYear Method
[4/15/2013 09:50:35 AM][INFO][clStaff][LoadStaff][00000000-0000-0000-0000-000000000000] Execute LoadStaff Method
[4/15/2013 09:50:35 AM][DEBUG][clStaff][LoadStaff][00000000-0000-0000-0000-000000000000] Debug LoadStaff Method
[4/15/2013 09:50:35 AM][INFO][clStaff][LoadStaffDetailsByUserNameAndPassword][00000000-0000-0000-0000-000000000000] Execute LoadStaffDetailsByUserNameAndPassword Method
[4/15/2013 09:50:35 AM][INFO][clStaff][ISStaffinCurrentYear][00000000-0000-0000-0000-000000000000] ISStaffinCurrentYear function debug
[4/15/2013 09:50:35 AM][INFO][clStaff][LoadStaffDetailsByUserNameAndPassword][00000000-0000-0000-0000-000000000000] Execute LoadStaffDetailsByUserNameAndPassword Method
[4/15/2013 09:50:35 AM][INFO][clStaff][ISStaffinCurrentYear][00000000-0000-0000-0000-000000000000] ISStaffinCurrentYear function debug
[4/15/2013 09:50:35 AM][INFO][clStaff][LoadStaffDetailsByUserNameAndPassword][00000000-0000-0000-0000-000000000000] Execute LoadStaffDetailsByUserNameAndPassword Method
[4/15/2013 09:50:35 AM][INFO][clStaff][ISStaffinCurrentYear][00000000-0000-0000-0000-000000000000] ISStaffinCurrentYear function debug
[4/15/2013 09:50:35 AM][INFO][clStaff][LoadStaffDetailsByUserNameAndPassword][00000000-0000-0000-0000-000000000000] Execute LoadStaffDetailsByUserNameAndPassword Method
[4/15/2013 09:50:35 AM][INFO][clStaff][ISStaffinCurrentYear][00000000-0000-0000-0000-000000000000] ISStaffinCurrentYear function debug
[4/15/2013 09:50:35 AM][INFO][clStaff][LoadStaffDetailsByUserNameAndPassword][00000000-0000-0000-0000-000000000000] Execute LoadStaffDetailsByUserNameAndPassword Method
[4/15/2013 09:50:35 AM][INFO][clStaff][ISStaffinCurrentYear][00000000-0000-0000-0000-000000000000] ISStaffinCurrentYear function debug
[4/15/2013 09:50:35 AM][INFO][clStaff][LoadStaffDetailsByUserNameAndPassword][00000000-0000-0000-0000-000000000000] Execute LoadStaffDetailsByUserNameAndPassword Method
[4/15/2013 09:50:35 AM][INFO][clStaff][ISStaffinCurrentYear][00000000-0000-0000-0000-000000000000] ISStaffinCurrentYear function debug
[4/15/2013 09:50:35 AM][INFO][clStaff][LoadStaffDetailsByUserNameAndPassword][00000000-0000-0000-0000-000000000000] Execute LoadStaffDetailsByUserNameAndPassword Method
[4/15/2013 09:50:35 AM][INFO][clStaff][ISStaffinCurrentYear][00000000-0000-0000-0000-000000000000] ISStaffinCurrentYear function debug
[4/15/2013 09:50:35 AM][INFO][clStaff][LoadStaffDetailsByUserNameAndPassword][00000000-0000-0000-0000-000000000000] Execute LoadStaffDetailsByUserNameAndPassword Method
[4/15/2013 09:50:35 AM][INFO][clStaff][ISStaffinCurrentYear][00000000-0000-0000-0000-000000000000] ISStaffinCurrentYear function debug
[4/15/2013 09:50:35 AM][INFO][clStaff][LoadStaffDetailsByUserNameAndPassword][00000000-0000-0000-0000-000000000000] Execute LoadStaffDetailsByUserNameAndPassword Method
[4/15/2013 09:50:35 AM][INFO][clStaff][ISStaffinCurrentYear][00000000-0000-0000-0000-000000000000] ISStaffinCurrentYear function debug
[4/15/2013 09:50:35 AM][INFO][clStaff][LoadStaffDetailsByUserNameAndPassword][00000000-0000-0000-0000-000000000000] Execute LoadStaffDetailsByUserNameAndPassword Method
[4/15/2013 09:50:35 AM][INFO][clStaff][ISStaffinCurrentYear][00000000-0000-0000-0000-000000000000] ISStaffinCurrentYear function debug
[4/15/2013 09:50:35 AM][INFO][clStaff][LoadStaffDetailsByUserNameAndPassword][00000000-0000-0000-0000-000000000000] Execute LoadStaffDetailsByUserNameAndPassword Method
[4/15/2013 09:50:35 AM][INFO][clStaff][ISStaffinCurrentYear][00000000-0000-0000-0000-000000000000] ISStaffinCurrentYear function debug
[4/15/2013 09:50:35 AM][INFO][clStaff][LoadStaffDetailsByUserNameAndPassword][00000000-0000-0000-0000-000000000000] Execute LoadStaffDetailsByUserNameAndPassword Method
[4/15/2013 09:50:35 AM][INFO][clStaff][ISStaffinCurrentYear][00000000-0000-0000-0000-000000000000] ISStaffinCurrentYear function debug
[4/15/2013 09:50:35 AM][INFO][clStaff][LoadStaffDetailsByUserNameAndPassword][00000000-0000-0000-0000-000000000000] Execute LoadStaffDetailsByUserNameAndPassword Method
[4/15/2013 09:50:35 AM][INFO][clStaff][ISStaffinCurrentYear][00000000-0000-0000-0000-000000000000] ISStaffinCurrentYear function debug
[4/15/2013 09:50:35 AM][INFO][clStaff][LoadStaffDetailsByUserNameAndPassword][00000000-0000-0000-0000-000000000000] Execute LoadStaffDetailsByUserNameAndPassword Method
[4/15/2013 09:50:35 AM][INFO][clStaff][ISStaffinCurrentYear][00000000-0000-0000-0000-000000000000] ISStaffinCurrentYear function debug
[4/15/2013 09:50:35 AM][INFO][clStaff][LoadStaffDetailsByUserNameAndPassword][00000000-0000-0000-0000-000000000000] Execute LoadStaffDetailsByUserNameAndPassword Method
[4/15/2013 09:50:36 AM][INFO][clStaff][ISStaffinCurrentYear][00000000-0000-0000-0000-000000000000] ISStaffinCurrentYear function debug
[4/15/2013 09:50:36 AM][INFO][clStaff][LoadStaffDetailsByUserNameAndPassword][00000000-0000-0000-0000-000000000000] Execute LoadStaffDetailsByUserNameAndPassword Method
[4/15/2013 09:50:36 AM][INFO][clStaff][ISStaffinCurrentYear][00000000-0000-0000-0000-000000000000] ISStaffinCurrentYear function debug
[4/15/2013 09:50:36 AM][INFO][clStaff][LoadStaffDetailsByUserNameAndPassword][00000000-0000-0000-0000-000000000000] Execute LoadStaffDetailsByUserNameAndPassword Method
[4/15/2013 09:50:36 AM][INFO][clStaff][ISStaffinCurrentYear][00000000-0000-0000-0000-000000000000] ISStaffinCurrentYear function debug
[4/15/2013 09:50:36 AM][INFO][clStaff][LoadStaffDetailsByUserNameAndPassword][00000000-0000-0000-0000-000000000000] Execute LoadStaffDetailsByUserNameAndPassword Method
[4/15/2013 09:50:36 AM][INFO][clStaff][ISStaffinCurrentYear][00000000-0000-0000-0000-000000000000] ISStaffinCurrentYear function debug
[4/15/2013 09:50:36 AM][INFO][clStaff][LoadStaffDetailsByUserNameAndPassword][00000000-0000-0000-0000-000000000000] Execute LoadStaffDetailsByUserNameAndPassword Method
[4/15/2013 09:50:36 AM][INFO][clStaff][ISStaffinCurrentYear][00000000-0000-0000-0000-000000000000] ISStaffinCurrentYear function debug
[4/15/2013 09:50:36 AM][INFO][clStaff][LoadStaffDetailsByUserNameAndPassword][00000000-0000-0000-0000-000000000000] Execute LoadStaffDetailsByUserNameAndPassword Method
[4/15/2013 09:50:36 AM][INFO][clStaff][ISStaffinCurrentYear][00000000-0000-0000-0000-000000000000] ISStaffinCurrentYear function debug
[4/15/2013 09:50:36 AM][INFO][clStaff][LoadStaffDetailsByUserNameAndPassword][00000000-0000-0000-0000-000000000000] Execute LoadStaffDetailsByUserNameAndPassword Method
[4/15/2013 09:50:36 AM][INFO][clStaff][ISStaffinCurrentYear][00000000-0000-0000-0000-000000000000] ISStaffinCurrentYear function debug
[4/15/2013 09:50:36 AM][INFO][clStaff][LoadStaffDetailsByUserNameAndPassword][00000000-0000-0000-0000-000000000000] Execute LoadStaffDetailsByUserNameAndPassword Method
[4/15/2013 09:50:36 AM][INFO][clStaff][ISStaffinCurrentYear][00000000-0000-0000-0000-000000000000] ISStaffinCurrentYear function debug
[4/15/2013 09:50:36 AM][INFO][clStaff][LoadStaffDetailsByUserNameAndPassword][00000000-0000-0000-0000-000000000000] Execute LoadStaffDetailsByUserNameAndPassword Method
[4/15/2013 09:50:36 AM][INFO][clStaff][ISStaffinCurrentYear][00000000-0000-0000-0000-000000000000] ISStaffinCurrentYear function debug
[4/15/2013 09:50:38 AM][INFO][clSchoolYear][LoadAllSchoolYear][00000000-0000-0000-0000-000000000000] Execute LoadAllSchoolYear Method
[4/15/2013 09:50:38 AM][DEBUG][clSchoolYear][LoadAllSchoolYear][00000000-0000-0000-0000-000000000000] Debug LoadAllSchoolYear Method
[4/15/2013 09:50:38 AM][INFO][clChildSchoolYear][ImportAllActiveChild][00000000-0000-0000-0000-000000000000] Execute ImportAllActiveChild Method
[4/15/2013 09:50:38 AM][DEBUG][clChildSchoolYear][ImportAllActiveChild][00000000-0000-0000-0000-000000000000] Debug ImportAllActiveChild Method
[4/15/2013 09:50:38 AM][INFO][clSchoolYear][GetCurrentSchoolYear][00000000-0000-0000-0000-000000000000] Execute GetCurrentSchoolYear Method
[4/15/2013 09:50:38 AM][DEBUG][clSchoolYear][GetCurrentSchoolYear][00000000-0000-0000-0000-000000000000] Debug GetCurrentSchoolYear Method
[4/15/2013 09:52:01 AM][INFO][clSchool][LoadAllSchool][00000000-0000-0000-0000-000000000000] LoadAllSchool method called
[4/15/2013 09:52:01 AM][DEBUG][clSchool][LoadAllSchool][00000000-0000-0000-0000-000000000000] Debug LoadAllSchool called
[4/15/2013 09:54:31 AM][INFO][clStaff][LoadStaffDetailsByUserNameAndPassword][00000000-0000-0000-0000-000000000000] Execute LoadStaffDetailsByUserNameAndPassword Method
[4/15/2013 09:54:31 AM][DEBUG][clStaff][LoadStaffDetailsByUserNameAndPassword][00000000-0000-0000-0000-000000000000] Debug LoadStaffDetailsByUserNameAndPassword Method
[4/15/2013 09:54:39 AM][INFO][clStaff][LoadStaffDetailsByUserNameAndPassword][00000000-0000-0000-0000-000000000000] Execute LoadStaffDetailsByUserNameAndPassword Method
[4/15/2013 09:54:39 AM][DEBUG][clStaff][LoadStaffDetailsByUserNameAndPassword][00000000-0000-0000-0000-000000000000] Debug LoadStaffDetailsByUserNameAndPassword Method
[4/15/2013 09:54:42 AM][INFO][clSchoolYear][LoadAllSchoolYear][00000000-0000-0000-0000-000000000000] Execute LoadAllSchoolYear Method
[4/15/2013 09:54:42 AM][DEBUG][clSchoolYear][LoadAllSchoolYear][00000000-0000-0000-0000-000000000000] Debug LoadAllSchoolYear Method
[4/15/2013 09:54:50 AM][INFO][clSchoolYear][LoadAllSchoolYear][00000000-0000-0000-0000-000000000000] Execute LoadAllSchoolYear Method
[4/15/2013 09:54:50 AM][DEBUG][clSchoolYear][LoadAllSchoolYear][00000000-0000-0000-0000-000000000000] Debug LoadAllSchoolYear Method
[4/15/2013 09:54:50 AM][INFO][clChildSchoolYear][ImportAllActiveChild][00000000-0000-0000-0000-000000000000] Execute ImportAllActiveChild Method
[4/15/2013 09:54:50 AM][DEBUG][clChildSchoolYear][ImportAllActiveChild][00000000-0000-0000-0000-000000000000] Debug ImportAllActiveChild Method
[4/15/2013 09:54:50 AM][INFO][clSchoolYear][GetCurrentSchoolYear][00000000-0000-0000-0000-000000000000] Execute GetCurrentSchoolYear Method
[4/15/2013 09:54:50 AM][DEBUG][clSchoolYear][GetCurrentSchoolYear][00000000-0000-0000-0000-000000000000] Debug GetCurrentSchoolYear Method
[4/15/2013 09:54:50 AM][INFO][clChildSchoolYear][GetAllActiveChildListForImport][00000000-0000-0000-0000-000000000000] Execute GetAllActiveChildListForImport Method
[4/15/2013 09:54:50 AM][DEBUG][clChildSchoolYear][GetAllActiveChildListForImport][00000000-0000-0000-0000-000000000000] Debug GetAllActiveChildListForImport Method
[4/15/2013 09:55:10 AM][INFO][clSchoolYear][LoadAllSchoolYear][00000000-0000-0000-0000-000000000000] Execute LoadAllSchoolYear Method
[4/15/2013 09:55:10 AM][DEBUG][clSchoolYear][LoadAllSchoolYear][00000000-0000-0000-0000-000000000000] Debug LoadAllSchoolYear Method
[4/15/2013 09:55:10 AM][INFO][clStaff][LoadStaff][00000000-0000-0000-0000-000000000000] Execute LoadStaff Method
[4/15/2013 09:55:10 AM][DEBUG][clStaff][LoadStaff][00000000-0000-0000-0000-000000000000] Debug LoadStaff Method
[4/15/2013 09:55:10 AM][INFO][clStaff][LoadStaffDetailsByUserNameAndPassword][00000000-0000-0000-0000-000000000000] Execute LoadStaffDetailsByUserNameAndPassword Method
[4/15/2013 09:55:10 AM][INFO][clStaff][ISStaffinCurrentYear][00000000-0000-0000-0000-000000000000] ISStaffinCurrentYear function debug
[4/15/2013 09:55:10 AM][INFO][clStaff][LoadStaffDetailsByUserNameAndPassword][00000000-0000-0000-0000-000000000000] Execute LoadStaffDetailsByUserNameAndPassword Method
[4/15/2013 09:55:10 AM][INFO][clStaff][ISStaffinCurrentYear][00000000-0000-0000-0000-000000000000] ISStaffinCurrentYear function debug
[4/15/2013 09:55:10 AM][INFO][clStaff][LoadStaffDetailsByUserNameAndPassword][00000000-0000-0000-0000-000000000000] Execute LoadStaffDetailsByUserNameAndPassword Method
[4/15/2013 09:55:10 AM][INFO][clStaff][ISStaffinCurrentYear][00000000-0000-0000-0000-000000000000] ISStaffinCurrentYear function debug
[4/15/2013 09:55:10 AM][INFO][clStaff][LoadStaffDetailsByUserNameAndPassword][00000000-0000-0000-0000-000000000000] Execute LoadStaffDetailsByUserNameAndPassword Method
[4/15/2013 09:55:10 AM][INFO][clStaff][ISStaffinCurrentYear][00000000-0000-0000-0000-000000000000] ISStaffinCurrentYear function debug
[4/15/2013 09:55:10 AM][INFO][clStaff][LoadStaffDetailsByUserNameAndPassword][00000000-0000-0000-0000-000000000000] Execute LoadStaffDetailsByUserNameAndPassword Method
[4/15/2013 09:55:10 AM][INFO][clStaff][ISStaffinCurrentYear][00000000-0000-0000-0000-000000000000] ISStaffinCurrentYear function debug
[4/15/2013 09:55:10 AM][INFO][clStaff][LoadStaffDetailsByUserNameAndPassword][00000000-0000-0000-0000-000000000000] Execute LoadStaffDetailsByUserNameAndPassword Method
[4/15/2013 09:55:10 AM][INFO][clStaff][ISStaffinCurrentYear][00000000-0000-0000-0000-000000000000] ISStaffinCurrentYear function debug
[4/15/2013 09:55:10 AM][INFO][clStaff][LoadStaffDetailsByUserNameAndPassword][00000000-0000-0000-0000-000000000000] Execute LoadStaffDetailsByUserNameAndPassword Method
[4/15/2013 09:55:10 AM][INFO][clStaff][ISStaffinCurrentYear][00000000-0000-0000-0000-000000000000] ISStaffinCurrentYear function debug
[4/15/2013 09:55:10 AM][INFO][clStaff][LoadStaffDetailsByUserNameAndPassword][00000000-0000-0000-0000-000000000000] Execute LoadStaffDetailsByUserNameAndPassword Method
[4/15/2013 09:55:10 AM][INFO][clStaff][ISStaffinCurrentYear][00000000-0000-0000-0000-000000000000] ISStaffinCurrentYear function debug
[4/15/2013 09:55:10 AM][INFO][clStaff][LoadStaffDetailsByUserNameAndPassword][00000000-0000-0000-0000-000000000000] Execute LoadStaffDetailsByUserNameAndPassword Method
[4/15/2013 09:55:10 AM][INFO][clStaff][ISStaffinCurrentYear][00000000-0000-0000-0000-000000000000] ISStaffinCurrentYear function debug
[4/15/2013 09:55:10 AM][INFO][clStaff][LoadStaffDetailsByUserNameAndPassword][00000000-0000-0000-0000-000000000000] Execute LoadStaffDetailsByUserNameAndPassword Method
[4/15/2013 09:55:10 AM][INFO][clStaff][ISStaffinCurrentYear][00000000-0000-0000-0000-000000000000] ISStaffinCurrentYear function debug
[4/15/2013 09:55:11 AM][INFO][clStaff][LoadStaffDetailsByUserNameAndPassword][00000000-0000-0000-0000-000000000000] Execute LoadStaffDetailsByUserNameAndPassword Method
[4/15/2013 09:55:11 AM][INFO][clStaff][ISStaffinCurrentYear][00000000-0000-0000-0000-000000000000] ISStaffinCurrentYear function debug
[4/15/2013 09:55:11 AM][INFO][clStaff][LoadStaffDetailsByUserNameAndPassword][00000000-0000-0000-0000-000000000000] Execute LoadStaffDetailsByUserNameAndPassword Method
[4/15/2013 09:55:11 AM][INFO][clStaff][ISStaffinCurrentYear][00000000-0000-0000-0000-000000000000] ISStaffinCurrentYear function debug
[4/15/2013 09:55:11 AM][INFO][clStaff][LoadStaffDetailsByUserNameAndPassword][00000000-0000-0000-0000-000000000000] Execute LoadStaffDetailsByUserNameAndPassword Method
[4/15/2013 09:55:11 AM][INFO][clStaff][ISStaffinCurrentYear][00000000-0000-0000-0000-000000000000] ISStaffinCurrentYear function debug
[4/15/2013 09:55:11 AM][INFO][clStaff][LoadStaffDetailsByUserNameAndPassword][00000000-0000-0000-0000-000000000000] Execute LoadStaffDetailsByUserNameAndPassword Method
[4/15/2013 09:55:11 AM][INFO][clStaff][ISStaffinCurrentYear][00000000-0000-0000-0000-000000000000] ISStaffinCurrentYear function debug
[4/15/2013 09:55:11 AM][INFO][clStaff][LoadStaffDetailsByUserNameAndPassword][00000000-0000-0000-0000-000000000000] Execute LoadStaffDetailsByUserNameAndPassword Method
[4/15/2013 09:55:11 AM][INFO][clStaff][ISStaffinCurrentYear][00000000-0000-0000-0000-000000000000] ISStaffinCurrentYear function debug
[4/15/2013 09:55:11 AM][INFO][clStaff][LoadStaffDetailsByUserNameAndPassword][00000000-0000-0000-0000-000000000000] Execute LoadStaffDetailsByUserNameAndPassword Method
[4/15/2013 09:55:11 AM][INFO][clStaff][ISStaffinCurrentYear][00000000-0000-0000-0000-000000000000] ISStaffinCurrentYear function debug
[4/15/2013 09:55:11 AM][INFO][clStaff][LoadStaffDetailsByUserNameAndPassword][00000000-0000-0000-0000-000000000000] Execute LoadStaffDetailsByUserNameAndPassword Method
[4/15/2013 09:55:11 AM][INFO][clStaff][ISStaffinCurrentYear][00000000-0000-0000-0000-000000000000] ISStaffinCurrentYear function debug
[4/15/2013 09:55:11 AM][INFO][clStaff][LoadStaffDetailsByUserNameAndPassword][00000000-0000-0000-0000-000000000000] Execute LoadStaffDetailsByUserNameAndPassword Method
[4/15/2013 09:55:11 AM][INFO][clStaff][ISStaffinCurrentYear][00000000-0000-0000-0000-000000000000] ISStaffinCurrentYear function debug
[4/15/2013 09:55:11 AM][INFO][clStaff][LoadStaffDetailsByUserNameAndPassword][00000000-0000-0000-0000-000000000000] Execute LoadStaffDetailsByUserNameAndPassword Method
[4/15/2013 09:55:11 AM][INFO][clStaff][ISStaffinCurrentYear][00000000-0000-0000-0000-000000000000] ISStaffinCurrentYear function debug
[4/15/2013 09:55:11 AM][INFO][clStaff][LoadStaffDetailsByUserNameAndPassword][00000000-0000-0000-0000-000000000000] Execute LoadStaffDetailsByUserNameAndPassword Method
[4/15/2013 09:55:11 AM][INFO][clStaff][ISStaffinCurrentYear][00000000-0000-0000-0000-000000000000] ISStaffinCurrentYear function debug
[4/15/2013 09:55:11 AM][INFO][clStaff][LoadStaffDetailsByUserNameAndPassword][00000000-0000-0000-0000-000000000000] Execute LoadStaffDetailsByUserNameAndPassword Method
[4/15/2013 09:55:11 AM][INFO][clStaff][ISStaffinCurrentYear][00000000-0000-0000-0000-000000000000] ISStaffinCurrentYear function debug
[4/15/2013 09:55:11 AM][INFO][clStaff][LoadStaffDetailsByUserNameAndPassword][00000000-0000-0000-0000-000000000000] Execute LoadStaffDetailsByUserNameAndPassword Method
[4/15/2013 09:55:11 AM][INFO][clStaff][ISStaffinCurrentYear][00000000-0000-0000-0000-000000000000] ISStaffinCurrentYear function debug
[4/15/2013 09:55:11 AM][INFO][clStaff][LoadStaffDetailsByUserNameAndPassword][00000000-0000-0000-0000-000000000000] Execute LoadStaffDetailsByUserNameAndPassword Method
[4/15/2013 09:55:11 AM][INFO][clStaff][ISStaffinCurrentYear][00000000-0000-0000-0000-000000000000] ISStaffinCurrentYear function debug
[4/15/2013 09:55:15 AM][INFO][clSchoolYear][LoadAllSchoolYear][00000000-0000-0000-0000-000000000000] Execute LoadAllSchoolYear Method
[4/15/2013 09:55:15 AM][DEBUG][clSchoolYear][LoadAllSchoolYear][00000000-0000-0000-0000-000000000000] Debug LoadAllSchoolYear Method
[4/15/2013 09:55:15 AM][INFO][clChildSchoolYear][ImportAllActiveChild][00000000-0000-0000-0000-000000000000] Execute ImportAllActiveChild Method
[4/15/2013 09:55:15 AM][DEBUG][clChildSchoolYear][ImportAllActiveChild][00000000-0000-0000-0000-000000000000] Debug ImportAllActiveChild Method
[4/15/2013 09:55:15 AM][INFO][clSchoolYear][GetCurrentSchoolYear][00000000-0000-0000-0000-000000000000] Execute GetCurrentSchoolYear Method
[4/15/2013 09:55:15 AM][DEBUG][clSchoolYear][GetCurrentSchoolYear][00000000-0000-0000-0000-000000000000] Debug GetCurrentSchoolYear Method
[4/15/2013 09:56:09 AM][INFO][clSchool][LoadAllSchool][00000000-0000-0000-0000-000000000000] LoadAllSchool method called
[4/15/2013 09:56:09 AM][DEBUG][clSchool][LoadAllSchool][00000000-0000-0000-0000-000000000000] Debug LoadAllSchool called
[4/15/2013 09:57:04 AM][INFO][clStaff][LoadStaffDetailsByUserNameAndPassword][00000000-0000-0000-0000-000000000000] Execute LoadStaffDetailsByUserNameAndPassword Method
[4/15/2013 09:57:04 AM][DEBUG][clStaff][LoadStaffDetailsByUserNameAndPassword][00000000-0000-0000-0000-000000000000] Debug LoadStaffDetailsByUserNameAndPassword Method
[4/15/2013 09:57:10 AM][INFO][clStaff][LoadStaffDetailsByUserNameAndPassword][00000000-0000-0000-0000-000000000000] Execute LoadStaffDetailsByUserNameAndPassword Method
[4/15/2013 09:57:10 AM][DEBUG][clStaff][LoadStaffDetailsByUserNameAndPassword][00000000-0000-0000-0000-000000000000] Debug LoadStaffDetailsByUserNameAndPassword Method
[4/15/2013 09:57:13 AM][INFO][clSchoolYear][LoadAllSchoolYear][00000000-0000-0000-0000-000000000000] Execute LoadAllSchoolYear Method
[4/15/2013 09:57:13 AM][DEBUG][clSchoolYear][LoadAllSchoolYear][00000000-0000-0000-0000-000000000000] Debug LoadAllSchoolYear Method
[4/15/2013 09:57:25 AM][INFO][clSchoolYear][LoadAllSchoolYear][00000000-0000-0000-0000-000000000000] Execute LoadAllSchoolYear Method
[4/15/2013 09:57:25 AM][DEBUG][clSchoolYear][LoadAllSchoolYear][00000000-0000-0000-0000-000000000000] Debug LoadAllSchoolYear Method
[4/15/2013 09:57:25 AM][INFO][clChildSchoolYear][ImportAllActiveChild][00000000-0000-0000-0000-000000000000] Execute ImportAllActiveChild Method
[4/15/2013 09:57:25 AM][DEBUG][clChildSchoolYear][ImportAllActiveChild][00000000-0000-0000-0000-000000000000] Debug ImportAllActiveChild Method
[4/15/2013 09:57:25 AM][INFO][clSchoolYear][GetCurrentSchoolYear][00000000-0000-0000-0000-000000000000] Execute GetCurrentSchoolYear Method
[4/15/2013 09:57:25 AM][DEBUG][clSchoolYear][GetCurrentSchoolYear][00000000-0000-0000-0000-000000000000] Debug GetCurrentSchoolYear Method
[4/15/2013 09:57:25 AM][INFO][clChildSchoolYear][GetAllActiveChildListForImport][00000000-0000-0000-0000-000000000000] Execute GetAllActiveChildListForImport Method
[4/15/2013 09:57:25 AM][DEBUG][clChildSchoolYear][GetAllActiveChildListForImport][00000000-0000-0000-0000-000000000000] Debug GetAllActiveChildListForImport Method
[4/15/2013 10:03:31 AM][INFO][clSchoolYear][LoadAllSchoolYear][00000000-0000-0000-0000-000000000000] Execute LoadAllSchoolYear Method
[4/15/2013 10:03:31 AM][DEBUG][clSchoolYear][LoadAllSchoolYear][00000000-0000-0000-0000-000000000000] Debug LoadAllSchoolYear Method
[4/15/2013 10:03:36 AM][INFO][clStaff][LoadStaff][00000000-0000-0000-0000-000000000000] Execute LoadStaff Method
[4/15/2013 10:03:36 AM][DEBUG][clStaff][LoadStaff][00000000-0000-0000-0000-000000000000] Debug LoadStaff Method
[4/15/2013 10:03:36 AM][INFO][clStaff][LoadStaffDetailsByUserNameAndPassword][00000000-0000-0000-0000-000000000000] Execute LoadStaffDetailsByUserNameAndPassword Method
[4/15/2013 10:03:36 AM][INFO][clStaff][ISStaffinCurrentYear][00000000-0000-0000-0000-000000000000] ISStaffinCurrentYear function debug
[4/15/2013 10:03:36 AM][INFO][clStaff][LoadStaffDetailsByUserNameAndPassword][00000000-0000-0000-0000-000000000000] Execute LoadStaffDetailsByUserNameAndPassword Method
[4/15/2013 10:03:36 AM][INFO][clStaff][ISStaffinCurrentYear][00000000-0000-0000-0000-000000000000] ISStaffinCurrentYear function debug
[4/15/2013 10:03:36 AM][INFO][clStaff][LoadStaffDetailsByUserNameAndPassword][00000000-0000-0000-0000-000000000000] Execute LoadStaffDetailsByUserNameAndPassword Method
[4/15/2013 10:03:36 AM][INFO][clStaff][ISStaffinCurrentYear][00000000-0000-0000-0000-000000000000] ISStaffinCurrentYear function debug
[4/15/2013 10:03:36 AM][INFO][clStaff][LoadStaffDetailsByUserNameAndPassword][00000000-0000-0000-0000-000000000000] Execute LoadStaffDetailsByUserNameAndPassword Method
[4/15/2013 10:03:36 AM][INFO][clStaff][ISStaffinCurrentYear][00000000-0000-0000-0000-000000000000] ISStaffinCurrentYear function debug
[4/15/2013 10:03:36 AM][INFO][clStaff][LoadStaffDetailsByUserNameAndPassword][00000000-0000-0000-0000-000000000000] Execute LoadStaffDetailsByUserNameAndPassword Method
[4/15/2013 10:03:36 AM][INFO][clStaff][ISStaffinCurrentYear][00000000-0000-0000-0000-000000000000] ISStaffinCurrentYear function debug
[4/15/2013 10:03:36 AM][INFO][clStaff][LoadStaffDetailsByUserNameAndPassword][00000000-0000-0000-0000-000000000000] Execute LoadStaffDetailsByUserNameAndPassword Method
[4/15/2013 10:03:36 AM][INFO][clStaff][ISStaffinCurrentYear][00000000-0000-0000-0000-000000000000] ISStaffinCurrentYear function debug
[4/15/2013 10:03:36 AM][INFO][clStaff][LoadStaffDetailsByUserNameAndPassword][00000000-0000-0000-0000-000000000000] Execute LoadStaffDetailsByUserNameAndPassword Method
[4/15/2013 10:03:36 AM][INFO][clStaff][ISStaffinCurrentYear][00000000-0000-0000-0000-000000000000] ISStaffinCurrentYear function debug
[4/15/2013 10:03:36 AM][INFO][clStaff][LoadStaffDetailsByUserNameAndPassword][00000000-0000-0000-0000-000000000000] Execute LoadStaffDetailsByUserNameAndPassword Method
[4/15/2013 10:03:36 AM][INFO][clStaff][ISStaffinCurrentYear][00000000-0000-0000-0000-000000000000] ISStaffinCurrentYear function debug
[4/15/2013 10:03:36 AM][INFO][clStaff][LoadStaffDetailsByUserNameAndPassword][00000000-0000-0000-0000-000000000000] Execute LoadStaffDetailsByUserNameAndPassword Method
[4/15/2013 10:03:36 AM][INFO][clStaff][ISStaffinCurrentYear][00000000-0000-0000-0000-000000000000] ISStaffinCurrentYear function debug
[4/15/2013 10:03:36 AM][INFO][clStaff][LoadStaffDetailsByUserNameAndPassword][00000000-0000-0000-0000-000000000000] Execute LoadStaffDetailsByUserNameAndPassword Method
[4/15/2013 10:03:36 AM][INFO][clStaff][ISStaffinCurrentYear][00000000-0000-0000-0000-000000000000] ISStaffinCurrentYear function debug
[4/15/2013 10:03:36 AM][INFO][clStaff][LoadStaffDetailsByUserNameAndPassword][00000000-0000-0000-0000-000000000000] Execute LoadStaffDetailsByUserNameAndPassword Method
[4/15/2013 10:03:36 AM][INFO][clStaff][ISStaffinCurrentYear][00000000-0000-0000-0000-000000000000] ISStaffinCurrentYear function debug
[4/15/2013 10:03:36 AM][INFO][clStaff][LoadStaffDetailsByUserNameAndPassword][00000000-0000-0000-0000-000000000000] Execute LoadStaffDetailsByUserNameAndPassword Method
[4/15/2013 10:03:36 AM][INFO][clStaff][ISStaffinCurrentYear][00000000-0000-0000-0000-000000000000] ISStaffinCurrentYear function debug
[4/15/2013 10:03:36 AM][INFO][clStaff][LoadStaffDetailsByUserNameAndPassword][00000000-0000-0000-0000-000000000000] Execute LoadStaffDetailsByUserNameAndPassword Method
[4/15/2013 10:03:36 AM][INFO][clStaff][ISStaffinCurrentYear][00000000-0000-0000-0000-000000000000] ISStaffinCurrentYear function debug
[4/15/2013 10:03:36 AM][INFO][clStaff][LoadStaffDetailsByUserNameAndPassword][00000000-0000-0000-0000-000000000000] Execute LoadStaffDetailsByUserNameAndPassword Method
[4/15/2013 10:03:36 AM][INFO][clStaff][ISStaffinCurrentYear][00000000-0000-0000-0000-000000000000] ISStaffinCurrentYear function debug
[4/15/2013 10:03:36 AM][INFO][clStaff][LoadStaffDetailsByUserNameAndPassword][00000000-0000-0000-0000-000000000000] Execute LoadStaffDetailsByUserNameAndPassword Method
[4/15/2013 10:03:36 AM][INFO][clStaff][ISStaffinCurrentYear][00000000-0000-0000-0000-000000000000] ISStaffinCurrentYear function debug
[4/15/2013 10:03:36 AM][INFO][clStaff][LoadStaffDetailsByUserNameAndPassword][00000000-0000-0000-0000-000000000000] Execute LoadStaffDetailsByUserNameAndPassword Method
[4/15/2013 10:03:36 AM][INFO][clStaff][ISStaffinCurrentYear][00000000-0000-0000-0000-000000000000] ISStaffinCurrentYear function debug
[4/15/2013 10:03:36 AM][INFO][clStaff][LoadStaffDetailsByUserNameAndPassword][00000000-0000-0000-0000-000000000000] Execute LoadStaffDetailsByUserNameAndPassword Method
[4/15/2013 10:03:36 AM][INFO][clStaff][ISStaffinCurrentYear][00000000-0000-0000-0000-000000000000] ISStaffinCurrentYear function debug
[4/15/2013 10:03:36 AM][INFO][clStaff][LoadStaffDetailsByUserNameAndPassword][00000000-0000-0000-0000-000000000000] Execute LoadStaffDetailsByUserNameAndPassword Method
[4/15/2013 10:03:36 AM][INFO][clStaff][ISStaffinCurrentYear][00000000-0000-0000-0000-000000000000] ISStaffinCurrentYear function debug
[4/15/2013 10:03:36 AM][INFO][clStaff][LoadStaffDetailsByUserNameAndPassword][00000000-0000-0000-0000-000000000000] Execute LoadStaffDetailsByUserNameAndPassword Method
[4/15/2013 10:03:36 AM][INFO][clStaff][ISStaffinCurrentYear][00000000-0000-0000-0000-000000000000] ISStaffinCurrentYear function debug
[4/15/2013 10:03:36 AM][INFO][clStaff][LoadStaffDetailsByUserNameAndPassword][00000000-0000-0000-0000-000000000000] Execute LoadStaffDetailsByUserNameAndPassword Method
[4/15/2013 10:03:36 AM][INFO][clStaff][ISStaffinCurrentYear][00000000-0000-0000-0000-000000000000] ISStaffinCurrentYear function debug
[4/15/2013 10:03:36 AM][INFO][clStaff][LoadStaffDetailsByUserNameAndPassword][00000000-0000-0000-0000-000000000000] Execute LoadStaffDetailsByUserNameAndPassword Method
[4/15/2013 10:03:36 AM][INFO][clStaff][ISStaffinCurrentYear][00000000-0000-0000-0000-000000000000] ISStaffinCurrentYear function debug
[4/15/2013 10:03:36 AM][INFO][clStaff][LoadStaffDetailsByUserNameAndPassword][00000000-0000-0000-0000-000000000000] Execute LoadStaffDetailsByUserNameAndPassword Method
[4/15/2013 10:03:36 AM][INFO][clStaff][ISStaffinCurrentYear][00000000-0000-0000-0000-000000000000] ISStaffinCurrentYear function debug
[4/15/2013 10:03:36 AM][INFO][clStaff][LoadStaffDetailsByUserNameAndPassword][00000000-0000-0000-0000-000000000000] Execute LoadStaffDetailsByUserNameAndPassword Method
[4/15/2013 10:03:36 AM][INFO][clStaff][ISStaffinCurrentYear][00000000-0000-0000-0000-000000000000] ISStaffinCurrentYear function debug
[4/15/2013 10:03:44 AM][INFO][clSchool][LoadAllSchool][00000000-0000-0000-0000-000000000000] LoadAllSchool method called
[4/15/2013 10:03:44 AM][DEBUG][clSchool][LoadAllSchool][00000000-0000-0000-0000-000000000000] Debug LoadAllSchool called
[4/15/2013 10:03:57 AM][INFO][clStaff][LoadStaffDetailsByUserNameAndPassword][00000000-0000-0000-0000-000000000000] Execute LoadStaffDetailsByUserNameAndPassword Method
[4/15/2013 10:03:57 AM][DEBUG][clStaff][LoadStaffDetailsByUserNameAndPassword][00000000-0000-0000-0000-000000000000] Debug LoadStaffDetailsByUserNameAndPassword Method
[4/15/2013 10:04:03 AM][INFO][clStaff][LoadStaffDetailsByUserNameAndPassword][00000000-0000-0000-0000-000000000000] Execute LoadStaffDetailsByUserNameAndPassword Method
[4/15/2013 10:04:03 AM][DEBUG][clStaff][LoadStaffDetailsByUserNameAndPassword][00000000-0000-0000-0000-000000000000] Debug LoadStaffDetailsByUserNameAndPassword Method
[4/15/2013 10:04:03 AM][INFO][clSchoolYear][LoadAllSchoolYear][00000000-0000-0000-0000-000000000000] Execute LoadAllSchoolYear Method
[4/15/2013 10:04:03 AM][DEBUG][clSchoolYear][LoadAllSchoolYear][00000000-0000-0000-0000-000000000000] Debug LoadAllSchoolYear Method
[4/15/2013 10:04:11 AM][INFO][clSchoolYear][LoadAllSchoolYear][00000000-0000-0000-0000-000000000000] Execute LoadAllSchoolYear Method
[4/15/2013 10:04:11 AM][DEBUG][clSchoolYear][LoadAllSchoolYear][00000000-0000-0000-0000-000000000000] Debug LoadAllSchoolYear Method
[4/15/2013 10:04:11 AM][INFO][clChildSchoolYear][ImportAllActiveChild][00000000-0000-0000-0000-000000000000] Execute ImportAllActiveChild Method
[4/15/2013 10:04:11 AM][DEBUG][clChildSchoolYear][ImportAllActiveChild][00000000-0000-0000-0000-000000000000] Debug ImportAllActiveChild Method
[4/15/2013 10:04:11 AM][INFO][clSchoolYear][GetCurrentSchoolYear][00000000-0000-0000-0000-000000000000] Execute GetCurrentSchoolYear Method
[4/15/2013 10:04:11 AM][DEBUG][clSchoolYear][GetCurrentSchoolYear][00000000-0000-0000-0000-000000000000] Debug GetCurrentSchoolYear Method
[4/15/2013 10:04:12 AM][INFO][clChildSchoolYear][GetAllActiveChildListForImport][00000000-0000-0000-0000-000000000000] Execute GetAllActiveChildListForImport Method
[4/15/2013 10:04:12 AM][DEBUG][clChildSchoolYear][GetAllActiveChildListForImport][00000000-0000-0000-0000-000000000000] Debug GetAllActiveChildListForImport Method
[4/15/2013 10:04:16 AM][INFO][clSchoolYear][LoadAllSchoolYear][00000000-0000-0000-0000-000000000000] Execute LoadAllSchoolYear Method
[4/15/2013 10:04:16 AM][DEBUG][clSchoolYear][LoadAllSchoolYear][00000000-0000-0000-0000-000000000000] Debug LoadAllSchoolYear Method
[4/15/2013 10:04:16 AM][INFO][clStaff][LoadStaff][00000000-0000-0000-0000-000000000000] Execute LoadStaff Method
[4/15/2013 10:04:16 AM][DEBUG][clStaff][LoadStaff][00000000-0000-0000-0000-000000000000] Debug LoadStaff Method
[4/15/2013 10:04:16 AM][INFO][clStaff][LoadStaffDetailsByUserNameAndPassword][00000000-0000-0000-0000-000000000000] Execute LoadStaffDetailsByUserNameAndPassword Method
[4/15/2013 10:04:16 AM][INFO][clStaff][ISStaffinCurrentYear][00000000-0000-0000-0000-000000000000] ISStaffinCurrentYear function debug
[4/15/2013 10:04:16 AM][INFO][clStaff][LoadStaffDetailsByUserNameAndPassword][00000000-0000-0000-0000-000000000000] Execute LoadStaffDetailsByUserNameAndPassword Method
[4/15/2013 10:04:16 AM][INFO][clStaff][ISStaffinCurrentYear][00000000-0000-0000-0000-000000000000] ISStaffinCurrentYear function debug
[4/15/2013 10:04:16 AM][INFO][clStaff][LoadStaffDetailsByUserNameAndPassword][00000000-0000-0000-0000-000000000000] Execute LoadStaffDetailsByUserNameAndPassword Method
[4/15/2013 10:04:16 AM][INFO][clStaff][ISStaffinCurrentYear][00000000-0000-0000-0000-000000000000] ISStaffinCurrentYear function debug
[4/15/2013 10:04:16 AM][INFO][clStaff][LoadStaffDetailsByUserNameAndPassword][00000000-0000-0000-0000-000000000000] Execute LoadStaffDetailsByUserNameAndPassword Method
[4/15/2013 10:04:16 AM][INFO][clStaff][ISStaffinCurrentYear][00000000-0000-0000-0000-000000000000] ISStaffinCurrentYear function debug
[4/15/2013 10:04:16 AM][INFO][clStaff][LoadStaffDetailsByUserNameAndPassword][00000000-0000-0000-0000-000000000000] Execute LoadStaffDetailsByUserNameAndPassword Method
[4/15/2013 10:04:16 AM][INFO][clStaff][ISStaffinCurrentYear][00000000-0000-0000-0000-000000000000] ISStaffinCurrentYear function debug
[4/15/2013 10:04:16 AM][INFO][clStaff][LoadStaffDetailsByUserNameAndPassword][00000000-0000-0000-0000-000000000000] Execute LoadStaffDetailsByUserNameAndPassword Method
[4/15/2013 10:04:16 AM][INFO][clStaff][ISStaffinCurrentYear][00000000-0000-0000-0000-000000000000] ISStaffinCurrentYear function debug
[4/15/2013 10:04:16 AM][INFO][clStaff][LoadStaffDetailsByUserNameAndPassword][00000000-0000-0000-0000-000000000000] Execute LoadStaffDetailsByUserNameAndPassword Method
[4/15/2013 10:04:16 AM][INFO][clStaff][ISStaffinCurrentYear][00000000-0000-0000-0000-000000000000] ISStaffinCurrentYear function debug
[4/15/2013 10:04:16 AM][INFO][clStaff][LoadStaffDetailsByUserNameAndPassword][00000000-0000-0000-0000-000000000000] Execute LoadStaffDetailsByUserNameAndPassword Method
[4/15/2013 10:04:16 AM][INFO][clStaff][ISStaffinCurrentYear][00000000-0000-0000-0000-000000000000] ISStaffinCurrentYear function debug
[4/15/2013 10:04:16 AM][INFO][clStaff][LoadStaffDetailsByUserNameAndPassword][00000000-0000-0000-0000-000000000000] Execute LoadStaffDetailsByUserNameAndPassword Method
[4/15/2013 10:04:16 AM][INFO][clStaff][ISStaffinCurrentYear][00000000-0000-0000-0000-000000000000] ISStaffinCurrentYear function debug
[4/15/2013 10:04:16 AM][INFO][clStaff][LoadStaffDetailsByUserNameAndPassword][00000000-0000-0000-0000-000000000000] Execute LoadStaffDetailsByUserNameAndPassword Method
[4/15/2013 10:04:16 AM][INFO][clStaff][ISStaffinCurrentYear][00000000-0000-0000-0000-000000000000] ISStaffinCurrentYear function debug
[4/15/2013 10:04:16 AM][INFO][clStaff][LoadStaffDetailsByUserNameAndPassword][00000000-0000-0000-0000-000000000000] Execute LoadStaffDetailsByUserNameAndPassword Method
[4/15/2013 10:04:16 AM][INFO][clStaff][ISStaffinCurrentYear][00000000-0000-0000-0000-000000000000] ISStaffinCurrentYear function debug
[4/15/2013 10:04:16 AM][INFO][clStaff][LoadStaffDetailsByUserNameAndPassword][00000000-0000-0000-0000-000000000000] Execute LoadStaffDetailsByUserNameAndPassword Method
[4/15/2013 10:04:16 AM][INFO][clStaff][ISStaffinCurrentYear][00000000-0000-0000-0000-000000000000] ISStaffinCurrentYear function debug
[4/15/2013 10:04:16 AM][INFO][clStaff][LoadStaffDetailsByUserNameAndPassword][00000000-0000-0000-0000-000000000000] Execute LoadStaffDetailsByUserNameAndPassword Method
[4/15/2013 10:04:16 AM][INFO][clStaff][ISStaffinCurrentYear][00000000-0000-0000-0000-000000000000] ISStaffinCurrentYear function debug
[4/15/2013 10:04:16 AM][INFO][clStaff][LoadStaffDetailsByUserNameAndPassword][00000000-0000-0000-0000-000000000000] Execute LoadStaffDetailsByUserNameAndPassword Method
[4/15/2013 10:04:16 AM][INFO][clStaff][ISStaffinCurrentYear][00000000-0000-0000-0000-000000000000] ISStaffinCurrentYear function debug
[4/15/2013 10:04:17 AM][INFO][clStaff][LoadStaffDetailsByUserNameAndPassword][00000000-0000-0000-0000-000000000000] Execute LoadStaffDetailsByUserNameAndPassword Method
[4/15/2013 10:04:17 AM][INFO][clStaff][ISStaffinCurrentYear][00000000-0000-0000-0000-000000000000] ISStaffinCurrentYear function debug
[4/15/2013 10:04:17 AM][INFO][clStaff][LoadStaffDetailsByUserNameAndPassword][00000000-0000-0000-0000-000000000000] Execute LoadStaffDetailsByUserNameAndPassword Method
[4/15/2013 10:04:17 AM][INFO][clStaff][ISStaffinCurrentYear][00000000-0000-0000-0000-000000000000] ISStaffinCurrentYear function debug
[4/15/2013 10:04:17 AM][INFO][clStaff][LoadStaffDetailsByUserNameAndPassword][00000000-0000-0000-0000-000000000000] Execute LoadStaffDetailsByUserNameAndPassword Method
[4/15/2013 10:04:17 AM][INFO][clStaff][ISStaffinCurrentYear][00000000-0000-0000-0000-000000000000] ISStaffinCurrentYear function debug
[4/15/2013 10:04:17 AM][INFO][clStaff][LoadStaffDetailsByUserNameAndPassword][00000000-0000-0000-0000-000000000000] Execute LoadStaffDetailsByUserNameAndPassword Method
[4/15/2013 10:04:17 AM][INFO][clStaff][ISStaffinCurrentYear][00000000-0000-0000-0000-000000000000] ISStaffinCurrentYear function debug
[4/15/2013 10:04:17 AM][INFO][clStaff][LoadStaffDetailsByUserNameAndPassword][00000000-0000-0000-0000-000000000000] Execute LoadStaffDetailsByUserNameAndPassword Method
[4/15/2013 10:04:17 AM][INFO][clStaff][ISStaffinCurrentYear][00000000-0000-0000-0000-000000000000] ISStaffinCurrentYear function debug
[4/15/2013 10:04:17 AM][INFO][clStaff][LoadStaffDetailsByUserNameAndPassword][00000000-0000-0000-0000-000000000000] Execute LoadStaffDetailsByUserNameAndPassword Method
[4/15/2013 10:04:17 AM][INFO][clStaff][ISStaffinCurrentYear][00000000-0000-0000-0000-000000000000] ISStaffinCurrentYear function debug
[4/15/2013 10:04:17 AM][INFO][clStaff][LoadStaffDetailsByUserNameAndPassword][00000000-0000-0000-0000-000000000000] Execute LoadStaffDetailsByUserNameAndPassword Method
[4/15/2013 10:04:17 AM][INFO][clStaff][ISStaffinCurrentYear][00000000-0000-0000-0000-000000000000] ISStaffinCurrentYear function debug
[4/15/2013 10:04:17 AM][INFO][clStaff][LoadStaffDetailsByUserNameAndPassword][00000000-0000-0000-0000-000000000000] Execute LoadStaffDetailsByUserNameAndPassword Method
[4/15/2013 10:04:17 AM][INFO][clStaff][ISStaffinCurrentYear][00000000-0000-0000-0000-000000000000] ISStaffinCurrentYear function debug
[4/15/2013 10:04:17 AM][INFO][clStaff][LoadStaffDetailsByUserNameAndPassword][00000000-0000-0000-0000-000000000000] Execute LoadStaffDetailsByUserNameAndPassword Method
[4/15/2013 10:04:17 AM][INFO][clStaff][ISStaffinCurrentYear][00000000-0000-0000-0000-000000000000] ISStaffinCurrentYear function debug
[4/15/2013 10:04:21 AM][INFO][clSchoolYear][LoadAllSchoolYear][00000000-0000-0000-0000-000000000000] Execute LoadAllSchoolYear Method
[4/15/2013 10:04:21 AM][DEBUG][clSchoolYear][LoadAllSchoolYear][00000000-0000-0000-0000-000000000000] Debug LoadAllSchoolYear Method
[4/15/2013 10:04:21 AM][INFO][clChildSchoolYear][ImportAllActiveChild][00000000-0000-0000-0000-000000000000] Execute ImportAllActiveChild Method
[4/15/2013 10:04:21 AM][DEBUG][clChildSchoolYear][ImportAllActiveChild][00000000-0000-0000-0000-000000000000] Debug ImportAllActiveChild Method
[4/15/2013 10:04:21 AM][INFO][clSchoolYear][GetCurrentSchoolYear][00000000-0000-0000-0000-000000000000] Execute GetCurrentSchoolYear Method
[4/15/2013 10:04:21 AM][DEBUG][clSchoolYear][GetCurrentSchoolYear][00000000-0000-0000-0000-000000000000] Debug GetCurrentSchoolYear Method
[4/15/2013 10:13:44 AM][INFO][clSchool][LoadAllSchool][00000000-0000-0000-0000-000000000000] LoadAllSchool method called
[4/15/2013 10:13:44 AM][DEBUG][clSchool][LoadAllSchool][00000000-0000-0000-0000-000000000000] Debug LoadAllSchool called
[4/15/2013 10:13:53 AM][INFO][clStaff][LoadStaffDetailsByUserNameAndPassword][00000000-0000-0000-0000-000000000000] Execute LoadStaffDetailsByUserNameAndPassword Method
[4/15/2013 10:13:53 AM][DEBUG][clStaff][LoadStaffDetailsByUserNameAndPassword][00000000-0000-0000-0000-000000000000] Debug LoadStaffDetailsByUserNameAndPassword Method
[4/15/2013 10:13:58 AM][INFO][clStaff][LoadStaffDetailsByUserNameAndPassword][00000000-0000-0000-0000-000000000000] Execute LoadStaffDetailsByUserNameAndPassword Method
[4/15/2013 10:13:59 AM][DEBUG][clStaff][LoadStaffDetailsByUserNameAndPassword][00000000-0000-0000-0000-000000000000] Debug LoadStaffDetailsByUserNameAndPassword Method
[4/15/2013 10:14:01 AM][INFO][clSchoolYear][LoadAllSchoolYear][00000000-0000-0000-0000-000000000000] Execute LoadAllSchoolYear Method
[4/15/2013 10:14:02 AM][DEBUG][clSchoolYear][LoadAllSchoolYear][00000000-0000-0000-0000-000000000000] Debug LoadAllSchoolYear Method
[4/15/2013 10:14:09 AM][INFO][clSchoolYear][LoadAllSchoolYear][00000000-0000-0000-0000-000000000000] Execute LoadAllSchoolYear Method
[4/15/2013 10:14:09 AM][DEBUG][clSchoolYear][LoadAllSchoolYear][00000000-0000-0000-0000-000000000000] Debug LoadAllSchoolYear Method
[4/15/2013 10:14:09 AM][INFO][clStaff][LoadStaff][00000000-0000-0000-0000-000000000000] Execute LoadStaff Method
[4/15/2013 10:14:09 AM][DEBUG][clStaff][LoadStaff][00000000-0000-0000-0000-000000000000] Debug LoadStaff Method
[4/15/2013 10:14:09 AM][INFO][clStaff][LoadStaffDetailsByUserNameAndPassword][00000000-0000-0000-0000-000000000000] Execute LoadStaffDetailsByUserNameAndPassword Method
[4/15/2013 10:14:09 AM][INFO][clStaff][ISStaffinCurrentYear][00000000-0000-0000-0000-000000000000] ISStaffinCurrentYear function debug
[4/15/2013 10:14:09 AM][INFO][clStaff][LoadStaffDetailsByUserNameAndPassword][00000000-0000-0000-0000-000000000000] Execute LoadStaffDetailsByUserNameAndPassword Method
[4/15/2013 10:14:09 AM][INFO][clStaff][ISStaffinCurrentYear][00000000-0000-0000-0000-000000000000] ISStaffinCurrentYear function debug
[4/15/2013 10:14:09 AM][INFO][clStaff][LoadStaffDetailsByUserNameAndPassword][00000000-0000-0000-0000-000000000000] Execute LoadStaffDetailsByUserNameAndPassword Method
[4/15/2013 10:14:09 AM][INFO][clStaff][ISStaffinCurrentYear][00000000-0000-0000-0000-000000000000] ISStaffinCurrentYear function debug
[4/15/2013 10:14:09 AM][INFO][clStaff][LoadStaffDetailsByUserNameAndPassword][00000000-0000-0000-0000-000000000000] Execute LoadStaffDetailsByUserNameAndPassword Method
[4/15/2013 10:14:09 AM][INFO][clStaff][ISStaffinCurrentYear][00000000-0000-0000-0000-000000000000] ISStaffinCurrentYear function debug
[4/15/2013 10:14:09 AM][INFO][clStaff][LoadStaffDetailsByUserNameAndPassword][00000000-0000-0000-0000-000000000000] Execute LoadStaffDetailsByUserNameAndPassword Method
[4/15/2013 10:14:09 AM][INFO][clStaff][ISStaffinCurrentYear][00000000-0000-0000-0000-000000000000] ISStaffinCurrentYear function debug
[4/15/2013 10:14:09 AM][INFO][clStaff][LoadStaffDetailsByUserNameAndPassword][00000000-0000-0000-0000-000000000000] Execute LoadStaffDetailsByUserNameAndPassword Method
[4/15/2013 10:14:09 AM][INFO][clStaff][ISStaffinCurrentYear][00000000-0000-0000-0000-000000000000] ISStaffinCurrentYear function debug
[4/15/2013 10:14:09 AM][INFO][clStaff][LoadStaffDetailsByUserNameAndPassword][00000000-0000-0000-0000-000000000000] Execute LoadStaffDetailsByUserNameAndPassword Method
[4/15/2013 10:14:09 AM][INFO][clStaff][ISStaffinCurrentYear][00000000-0000-0000-0000-000000000000] ISStaffinCurrentYear function debug
[4/15/2013 10:14:09 AM][INFO][clStaff][LoadStaffDetailsByUserNameAndPassword][00000000-0000-0000-0000-000000000000] Execute LoadStaffDetailsByUserNameAndPassword Method
[4/15/2013 10:14:09 AM][INFO][clStaff][ISStaffinCurrentYear][00000000-0000-0000-0000-000000000000] ISStaffinCurrentYear function debug
[4/15/2013 10:14:09 AM][INFO][clStaff][LoadStaffDetailsByUserNameAndPassword][00000000-0000-0000-0000-000000000000] Execute LoadStaffDetailsByUserNameAndPassword Method
[4/15/2013 10:14:09 AM][INFO][clStaff][ISStaffinCurrentYear][00000000-0000-0000-0000-000000000000] ISStaffinCurrentYear function debug
[4/15/2013 10:14:09 AM][INFO][clStaff][LoadStaffDetailsByUserNameAndPassword][00000000-0000-0000-0000-000000000000] Execute LoadStaffDetailsByUserNameAndPassword Method
[4/15/2013 10:14:09 AM][INFO][clStaff][ISStaffinCurrentYear][00000000-0000-0000-0000-000000000000] ISStaffinCurrentYear function debug
[4/15/2013 10:14:09 AM][INFO][clStaff][LoadStaffDetailsByUserNameAndPassword][00000000-0000-0000-0000-000000000000] Execute LoadStaffDetailsByUserNameAndPassword Method
[4/15/2013 10:14:09 AM][INFO][clStaff][ISStaffinCurrentYear][00000000-0000-0000-0000-000000000000] ISStaffinCurrentYear function debug
[4/15/2013 10:14:09 AM][INFO][clStaff][LoadStaffDetailsByUserNameAndPassword][00000000-0000-0000-0000-000000000000] Execute LoadStaffDetailsByUserNameAndPassword Method
[4/15/2013 10:14:09 AM][INFO][clStaff][ISStaffinCurrentYear][00000000-0000-0000-0000-000000000000] ISStaffinCurrentYear function debug
[4/15/2013 10:14:09 AM][INFO][clStaff][LoadStaffDetailsByUserNameAndPassword][00000000-0000-0000-0000-000000000000] Execute LoadStaffDetailsByUserNameAndPassword Method
[4/15/2013 10:14:10 AM][INFO][clStaff][ISStaffinCurrentYear][00000000-0000-0000-0000-000000000000] ISStaffinCurrentYear function debug
[4/15/2013 10:14:10 AM][INFO][clStaff][LoadStaffDetailsByUserNameAndPassword][00000000-0000-0000-0000-000000000000] Execute LoadStaffDetailsByUserNameAndPassword Method
[4/15/2013 10:14:10 AM][INFO][clStaff][ISStaffinCurrentYear][00000000-0000-0000-0000-000000000000] ISStaffinCurrentYear function debug
[4/15/2013 10:14:10 AM][INFO][clStaff][LoadStaffDetailsByUserNameAndPassword][00000000-0000-0000-0000-000000000000] Execute LoadStaffDetailsByUserNameAndPassword Method
[4/15/2013 10:14:10 AM][INFO][clStaff][ISStaffinCurrentYear][00000000-0000-0000-0000-000000000000] ISStaffinCurrentYear function debug
[4/15/2013 10:14:10 AM][INFO][clStaff][LoadStaffDetailsByUserNameAndPassword][00000000-0000-0000-0000-000000000000] Execute LoadStaffDetailsByUserNameAndPassword Method
[4/15/2013 10:14:10 AM][INFO][clStaff][ISStaffinCurrentYear][00000000-0000-0000-0000-000000000000] ISStaffinCurrentYear function debug
[4/15/2013 10:14:10 AM][INFO][clStaff][LoadStaffDetailsByUserNameAndPassword][00000000-0000-0000-0000-000000000000] Execute LoadStaffDetailsByUserNameAndPassword Method
[4/15/2013 10:14:10 AM][INFO][clStaff][ISStaffinCurrentYear][00000000-0000-0000-0000-000000000000] ISStaffinCurrentYear function debug
[4/15/2013 10:14:10 AM][INFO][clStaff][LoadStaffDetailsByUserNameAndPassword][00000000-0000-0000-0000-000000000000] Execute LoadStaffDetailsByUserNameAndPassword Method
[4/15/2013 10:14:10 AM][INFO][clStaff][ISStaffinCurrentYear][00000000-0000-0000-0000-000000000000] ISStaffinCurrentYear function debug
[4/15/2013 10:14:10 AM][INFO][clStaff][LoadStaffDetailsByUserNameAndPassword][00000000-0000-0000-0000-000000000000] Execute LoadStaffDetailsByUserNameAndPassword Method
[4/15/2013 10:14:10 AM][INFO][clStaff][ISStaffinCurrentYear][00000000-0000-0000-0000-000000000000] ISStaffinCurrentYear function debug
[4/15/2013 10:14:10 AM][INFO][clStaff][LoadStaffDetailsByUserNameAndPassword][00000000-0000-0000-0000-000000000000] Execute LoadStaffDetailsByUserNameAndPassword Method
[4/15/2013 10:14:10 AM][INFO][clStaff][ISStaffinCurrentYear][00000000-0000-0000-0000-000000000000] ISStaffinCurrentYear function debug
[4/15/2013 10:14:10 AM][INFO][clStaff][LoadStaffDetailsByUserNameAndPassword][00000000-0000-0000-0000-000000000000] Execute LoadStaffDetailsByUserNameAndPassword Method
[4/15/2013 10:14:10 AM][INFO][clStaff][ISStaffinCurrentYear][00000000-0000-0000-0000-000000000000] ISStaffinCurrentYear function debug
[4/15/2013 10:14:10 AM][INFO][clStaff][LoadStaffDetailsByUserNameAndPassword][00000000-0000-0000-0000-000000000000] Execute LoadStaffDetailsByUserNameAndPassword Method
[4/15/2013 10:14:10 AM][INFO][clStaff][ISStaffinCurrentYear][00000000-0000-0000-0000-000000000000] ISStaffinCurrentYear function debug
[4/15/2013 10:14:10 AM][INFO][clStaff][LoadStaffDetailsByUserNameAndPassword][00000000-0000-0000-0000-000000000000] Execute LoadStaffDetailsByUserNameAndPassword Method
[4/15/2013 10:14:10 AM][INFO][clStaff][ISStaffinCurrentYear][00000000-0000-0000-0000-000000000000] ISStaffinCurrentYear function debug
[4/15/2013 10:14:11 AM][INFO][clSchoolYear][LoadAllSchoolYear][00000000-0000-0000-0000-000000000000] Execute LoadAllSchoolYear Method
[4/15/2013 10:14:11 AM][DEBUG][clSchoolYear][LoadAllSchoolYear][00000000-0000-0000-0000-000000000000] Debug LoadAllSchoolYear Method
[4/15/2013 10:14:11 AM][INFO][clChildSchoolYear][ImportAllActiveChild][00000000-0000-0000-0000-000000000000] Execute ImportAllActiveChild Method
[4/15/2013 10:14:11 AM][DEBUG][clChildSchoolYear][ImportAllActiveChild][00000000-0000-0000-0000-000000000000] Debug ImportAllActiveChild Method
[4/15/2013 10:14:11 AM][INFO][clSchoolYear][GetCurrentSchoolYear][00000000-0000-0000-0000-000000000000] Execute GetCurrentSchoolYear Method
[4/15/2013 10:14:11 AM][DEBUG][clSchoolYear][GetCurrentSchoolYear][00000000-0000-0000-0000-000000000000] Debug GetCurrentSchoolYear Method
[4/15/2013 10:17:47 AM][INFO][clSchool][LoadAllSchool][00000000-0000-0000-0000-000000000000] LoadAllSchool method called
[4/15/2013 10:17:47 AM][DEBUG][clSchool][LoadAllSchool][00000000-0000-0000-0000-000000000000] Debug LoadAllSchool called
[4/15/2013 10:25:55 AM][INFO][clStaff][LoadStaffDetailsByUserNameAndPassword][00000000-0000-0000-0000-000000000000] Execute LoadStaffDetailsByUserNameAndPassword Method
[4/15/2013 10:25:55 AM][DEBUG][clStaff][LoadStaffDetailsByUserNameAndPassword][00000000-0000-0000-0000-000000000000] Debug LoadStaffDetailsByUserNameAndPassword Method
[4/15/2013 10:26:16 AM][INFO][clStaff][LoadStaffDetailsByUserNameAndPassword][00000000-0000-0000-0000-000000000000] Execute LoadStaffDetailsByUserNameAndPassword Method
[4/15/2013 10:26:16 AM][DEBUG][clStaff][LoadStaffDetailsByUserNameAndPassword][00000000-0000-0000-0000-000000000000] Debug LoadStaffDetailsByUserNameAndPassword Method
[4/15/2013 10:26:20 AM][INFO][clSchoolYear][LoadAllSchoolYear][00000000-0000-0000-0000-000000000000] Execute LoadAllSchoolYear Method
[4/15/2013 10:26:20 AM][DEBUG][clSchoolYear][LoadAllSchoolYear][00000000-0000-0000-0000-000000000000] Debug LoadAllSchoolYear Method
[4/15/2013 10:26:29 AM][INFO][clSchoolYear][LoadAllSchoolYear][00000000-0000-0000-0000-000000000000] Execute LoadAllSchoolYear Method
[4/15/2013 10:26:29 AM][DEBUG][clSchoolYear][LoadAllSchoolYear][00000000-0000-0000-0000-000000000000] Debug LoadAllSchoolYear Method
[4/15/2013 10:26:29 AM][INFO][clChildSchoolYear][ImportAllActiveChild][00000000-0000-0000-0000-000000000000] Execute ImportAllActiveChild Method
[4/15/2013 10:26:29 AM][DEBUG][clChildSchoolYear][ImportAllActiveChild][00000000-0000-0000-0000-000000000000] Debug ImportAllActiveChild Method
[4/15/2013 10:26:29 AM][INFO][clSchoolYear][GetCurrentSchoolYear][00000000-0000-0000-0000-000000000000] Execute GetCurrentSchoolYear Method
[4/15/2013 10:26:29 AM][DEBUG][clSchoolYear][GetCurrentSchoolYear][00000000-0000-0000-0000-000000000000] Debug GetCurrentSchoolYear Method
[4/15/2013 10:26:30 AM][INFO][clSchoolYear][LoadAllSchoolYear][00000000-0000-0000-0000-000000000000] Execute LoadAllSchoolYear Method
[4/15/2013 10:26:30 AM][DEBUG][clSchoolYear][LoadAllSchoolYear][00000000-0000-0000-0000-000000000000] Debug LoadAllSchoolYear Method
[4/15/2013 10:26:30 AM][INFO][clStaff][LoadStaff][00000000-0000-0000-0000-000000000000] Execute LoadStaff Method
[4/15/2013 10:26:30 AM][DEBUG][clStaff][LoadStaff][00000000-0000-0000-0000-000000000000] Debug LoadStaff Method
[4/15/2013 10:26:30 AM][INFO][clStaff][LoadStaffDetailsByUserNameAndPassword][00000000-0000-0000-0000-000000000000] Execute LoadStaffDetailsByUserNameAndPassword Method
[4/15/2013 10:26:30 AM][INFO][clStaff][ISStaffinCurrentYear][00000000-0000-0000-0000-000000000000] ISStaffinCurrentYear function debug
[4/15/2013 10:26:30 AM][INFO][clStaff][LoadStaffDetailsByUserNameAndPassword][00000000-0000-0000-0000-000000000000] Execute LoadStaffDetailsByUserNameAndPassword Method
[4/15/2013 10:26:30 AM][INFO][clStaff][ISStaffinCurrentYear][00000000-0000-0000-0000-000000000000] ISStaffinCurrentYear function debug
[4/15/2013 10:26:30 AM][INFO][clStaff][LoadStaffDetailsByUserNameAndPassword][00000000-0000-0000-0000-000000000000] Execute LoadStaffDetailsByUserNameAndPassword Method
[4/15/2013 10:26:30 AM][INFO][clStaff][ISStaffinCurrentYear][00000000-0000-0000-0000-000000000000] ISStaffinCurrentYear function debug
[4/15/2013 10:26:30 AM][INFO][clStaff][LoadStaffDetailsByUserNameAndPassword][00000000-0000-0000-0000-000000000000] Execute LoadStaffDetailsByUserNameAndPassword Method
[4/15/2013 10:26:30 AM][INFO][clStaff][ISStaffinCurrentYear][00000000-0000-0000-0000-000000000000] ISStaffinCurrentYear function debug
[4/15/2013 10:26:30 AM][INFO][clStaff][LoadStaffDetailsByUserNameAndPassword][00000000-0000-0000-0000-000000000000] Execute LoadStaffDetailsByUserNameAndPassword Method
[4/15/2013 10:26:30 AM][INFO][clStaff][ISStaffinCurrentYear][00000000-0000-0000-0000-000000000000] ISStaffinCurrentYear function debug
[4/15/2013 10:26:30 AM][INFO][clStaff][LoadStaffDetailsByUserNameAndPassword][00000000-0000-0000-0000-000000000000] Execute LoadStaffDetailsByUserNameAndPassword Method
[4/15/2013 10:26:30 AM][INFO][clStaff][ISStaffinCurrentYear][00000000-0000-0000-0000-000000000000] ISStaffinCurrentYear function debug
[4/15/2013 10:26:30 AM][INFO][clStaff][LoadStaffDetailsByUserNameAndPassword][00000000-0000-0000-0000-000000000000] Execute LoadStaffDetailsByUserNameAndPassword Method
[4/15/2013 10:26:30 AM][INFO][clStaff][ISStaffinCurrentYear][00000000-0000-0000-0000-000000000000] ISStaffinCurrentYear function debug
[4/15/2013 10:26:30 AM][INFO][clStaff][LoadStaffDetailsByUserNameAndPassword][00000000-0000-0000-0000-000000000000] Execute LoadStaffDetailsByUserNameAndPassword Method
[4/15/2013 10:26:30 AM][INFO][clStaff][ISStaffinCurrentYear][00000000-0000-0000-0000-000000000000] ISStaffinCurrentYear function debug
[4/15/2013 10:26:30 AM][INFO][clStaff][LoadStaffDetailsByUserNameAndPassword][00000000-0000-0000-0000-000000000000] Execute LoadStaffDetailsByUserNameAndPassword Method
[4/15/2013 10:26:30 AM][INFO][clStaff][ISStaffinCurrentYear][00000000-0000-0000-0000-000000000000] ISStaffinCurrentYear function debug
[4/15/2013 10:26:30 AM][INFO][clStaff][LoadStaffDetailsByUserNameAndPassword][00000000-0000-0000-0000-000000000000] Execute LoadStaffDetailsByUserNameAndPassword Method
[4/15/2013 10:26:30 AM][INFO][clStaff][ISStaffinCurrentYear][00000000-0000-0000-0000-000000000000] ISStaffinCurrentYear function debug
[4/15/2013 10:26:30 AM][INFO][clStaff][LoadStaffDetailsByUserNameAndPassword][00000000-0000-0000-0000-000000000000] Execute LoadStaffDetailsByUserNameAndPassword Method
[4/15/2013 10:26:30 AM][INFO][clStaff][ISStaffinCurrentYear][00000000-0000-0000-0000-000000000000] ISStaffinCurrentYear function debug
[4/15/2013 10:26:30 AM][INFO][clStaff][LoadStaffDetailsByUserNameAndPassword][00000000-0000-0000-0000-000000000000] Execute LoadStaffDetailsByUserNameAndPassword Method
[4/15/2013 10:26:30 AM][INFO][clStaff][ISStaffinCurrentYear][00000000-0000-0000-0000-000000000000] ISStaffinCurrentYear function debug
[4/15/2013 10:26:30 AM][INFO][clStaff][LoadStaffDetailsByUserNameAndPassword][00000000-0000-0000-0000-000000000000] Execute LoadStaffDetailsByUserNameAndPassword Method
[4/15/2013 10:26:30 AM][INFO][clStaff][ISStaffinCurrentYear][00000000-0000-0000-0000-000000000000] ISStaffinCurrentYear function debug
[4/15/2013 10:26:30 AM][INFO][clStaff][LoadStaffDetailsByUserNameAndPassword][00000000-0000-0000-0000-000000000000] Execute LoadStaffDetailsByUserNameAndPassword Method
[4/15/2013 10:26:30 AM][INFO][clStaff][ISStaffinCurrentYear][00000000-0000-0000-0000-000000000000] ISStaffinCurrentYear function debug
[4/15/2013 10:26:30 AM][INFO][clStaff][LoadStaffDetailsByUserNameAndPassword][00000000-0000-0000-0000-000000000000] Execute LoadStaffDetailsByUserNameAndPassword Method
[4/15/2013 10:26:30 AM][INFO][clStaff][ISStaffinCurrentYear][00000000-0000-0000-0000-000000000000] ISStaffinCurrentYear function debug
[4/15/2013 10:26:30 AM][INFO][clStaff][LoadStaffDetailsByUserNameAndPassword][00000000-0000-0000-0000-000000000000] Execute LoadStaffDetailsByUserNameAndPassword Method
[4/15/2013 10:26:30 AM][INFO][clStaff][ISStaffinCurrentYear][00000000-0000-0000-0000-000000000000] ISStaffinCurrentYear function debug
[4/15/2013 10:26:30 AM][INFO][clStaff][LoadStaffDetailsByUserNameAndPassword][00000000-0000-0000-0000-000000000000] Execute LoadStaffDetailsByUserNameAndPassword Method
[4/15/2013 10:26:30 AM][INFO][clStaff][ISStaffinCurrentYear][00000000-0000-0000-0000-000000000000] ISStaffinCurrentYear function debug
[4/15/2013 10:26:30 AM][INFO][clStaff][LoadStaffDetailsByUserNameAndPassword][00000000-0000-0000-0000-000000000000] Execute LoadStaffDetailsByUserNameAndPassword Method
[4/15/2013 10:26:30 AM][INFO][clStaff][ISStaffinCurrentYear][00000000-0000-0000-0000-000000000000] ISStaffinCurrentYear function debug
[4/15/2013 10:26:30 AM][INFO][clStaff][LoadStaffDetailsByUserNameAndPassword][00000000-0000-0000-0000-000000000000] Execute LoadStaffDetailsByUserNameAndPassword Method
[4/15/2013 10:26:30 AM][INFO][clStaff][ISStaffinCurrentYear][00000000-0000-0000-0000-000000000000] ISStaffinCurrentYear function debug
[4/15/2013 10:26:30 AM][INFO][clStaff][LoadStaffDetailsByUserNameAndPassword][00000000-0000-0000-0000-000000000000] Execute LoadStaffDetailsByUserNameAndPassword Method
[4/15/2013 10:26:31 AM][INFO][clStaff][ISStaffinCurrentYear][00000000-0000-0000-0000-000000000000] ISStaffinCurrentYear function debug
[4/15/2013 10:26:31 AM][INFO][clStaff][LoadStaffDetailsByUserNameAndPassword][00000000-0000-0000-0000-000000000000] Execute LoadStaffDetailsByUserNameAndPassword Method
[4/15/2013 10:26:31 AM][INFO][clStaff][ISStaffinCurrentYear][00000000-0000-0000-0000-000000000000] ISStaffinCurrentYear function debug
[4/15/2013 10:26:31 AM][INFO][clStaff][LoadStaffDetailsByUserNameAndPassword][00000000-0000-0000-0000-000000000000] Execute LoadStaffDetailsByUserNameAndPassword Method
[4/15/2013 10:26:31 AM][INFO][clStaff][ISStaffinCurrentYear][00000000-0000-0000-0000-000000000000] ISStaffinCurrentYear function debug
[4/15/2013 10:26:31 AM][INFO][clStaff][LoadStaffDetailsByUserNameAndPassword][00000000-0000-0000-0000-000000000000] Execute LoadStaffDetailsByUserNameAndPassword Method
[4/15/2013 10:26:31 AM][INFO][clStaff][ISStaffinCurrentYear][00000000-0000-0000-0000-000000000000] ISStaffinCurrentYear function debug
[4/15/2013 10:27:02 AM][INFO][clSchool][LoadAllSchool][00000000-0000-0000-0000-000000000000] LoadAllSchool method called
[4/15/2013 10:27:02 AM][DEBUG][clSchool][LoadAllSchool][00000000-0000-0000-0000-000000000000] Debug LoadAllSchool called
[4/15/2013 10:28:09 AM][INFO][clStaff][LoadStaffDetailsByUserNameAndPassword][00000000-0000-0000-0000-000000000000] Execute LoadStaffDetailsByUserNameAndPassword Method
[4/15/2013 10:28:09 AM][DEBUG][clStaff][LoadStaffDetailsByUserNameAndPassword][00000000-0000-0000-0000-000000000000] Debug LoadStaffDetailsByUserNameAndPassword Method
[4/15/2013 10:28:14 AM][INFO][clSchoolYear][LoadAllSchoolYear][00000000-0000-0000-0000-000000000000] Execute LoadAllSchoolYear Method
[4/15/2013 10:28:14 AM][DEBUG][clSchoolYear][LoadAllSchoolYear][00000000-0000-0000-0000-000000000000] Debug LoadAllSchoolYear Method
[4/15/2013 11:57:36 AM][INFO][clSchool][LoadAllSchool][00000000-0000-0000-0000-000000000000] LoadAllSchool method called
[4/15/2013 11:57:36 AM][DEBUG][clSchool][LoadAllSchool][00000000-0000-0000-0000-000000000000] Debug LoadAllSchool called
[4/15/2013 11:58:00 AM][INFO][clStaff][LoadStaffDetailsByUserNameAndPassword][00000000-0000-0000-0000-000000000000] Execute LoadStaffDetailsByUserNameAndPassword Method
[4/15/2013 11:58:00 AM][DEBUG][clStaff][LoadStaffDetailsByUserNameAndPassword][00000000-0000-0000-0000-000000000000] Debug LoadStaffDetailsByUserNameAndPassword Method
[4/15/2013 11:58:04 AM][INFO][clSchoolYear][LoadAllSchoolYear][00000000-0000-0000-0000-000000000000] Execute LoadAllSchoolYear Method
[4/15/2013 11:58:04 AM][DEBUG][clSchoolYear][LoadAllSchoolYear][00000000-0000-0000-0000-000000000000] Debug LoadAllSchoolYear Method
[4/15/2013 11:58:11 AM][INFO][clSchoolYear][LoadAllSchoolYear][00000000-0000-0000-0000-000000000000] Execute LoadAllSchoolYear Method
[4/15/2013 11:58:11 AM][DEBUG][clSchoolYear][LoadAllSchoolYear][00000000-0000-0000-0000-000000000000] Debug LoadAllSchoolYear Method
[4/15/2013 11:58:11 AM][INFO][clSchoolYear][LoadSchoolYear][00000000-0000-0000-0000-000000000000] Execute LoadSchoolYear Method
[4/15/2013 11:58:11 AM][DEBUG][clSchoolYear][LoadSchoolYear][00000000-0000-0000-0000-000000000000] Debug LoadSchoolYear Method
[4/15/2013 12:00:32 PM][INFO][clSchoolYear][LoadAllSchoolYear][00000000-0000-0000-0000-000000000000] Execute LoadAllSchoolYear Method
[4/15/2013 12:00:32 PM][DEBUG][clSchoolYear][LoadAllSchoolYear][00000000-0000-0000-0000-000000000000] Debug LoadAllSchoolYear Method
[4/15/2013 12:00:32 PM][INFO][clSchoolProgram][LoadSchoolProgram][00000000-0000-0000-0000-000000000000] Execute LoadSchoolProgram Method
[4/15/2013 12:00:32 PM][DEBUG][clSchoolProgram][LoadSchoolProgram][00000000-0000-0000-0000-000000000000] Debug LoadSchoolProgram Method
[4/15/2013 12:00:32 PM][INFO][clChildProgEnrollment][Save][00000000-0000-0000-0000-000000000000] Execute Save Method
[4/15/2013 12:00:32 PM][DEBUG][clChildProgEnrollment][LoadChildFamily][00000000-0000-0000-0000-000000000000] Debug LoadChildFamily Method
[4/15/2013 12:00:32 PM][INFO][clChildProgEnrollment][Save][00000000-0000-0000-0000-000000000000] Execute Save Method
[4/15/2013 12:00:32 PM][DEBUG][clChildProgEnrollment][LoadChildFamily][00000000-0000-0000-0000-000000000000] Debug LoadChildFamily Method
[4/15/2013 12:00:32 PM][INFO][clChildProgEnrollment][Save][00000000-0000-0000-0000-000000000000] Execute Save Method
[4/15/2013 12:00:32 PM][DEBUG][clChildProgEnrollment][LoadChildFamily][00000000-0000-0000-0000-000000000000] Debug LoadChildFamily Method
[4/15/2013 12:00:32 PM][INFO][clChildProgEnrollment][Save][00000000-0000-0000-0000-000000000000] Execute Save Method
[4/15/2013 12:00:32 PM][DEBUG][clChildProgEnrollment][LoadChildFamily][00000000-0000-0000-0000-000000000000] Debug LoadChildFamily Method
[4/15/2013 12:00:32 PM][INFO][clChildProgEnrollment][Save][00000000-0000-0000-0000-000000000000] Execute Save Method
[4/15/2013 12:00:32 PM][DEBUG][clChildProgEnrollment][LoadChildFamily][00000000-0000-0000-0000-000000000000] Debug LoadChildFamily Method
[4/15/2013 12:00:32 PM][INFO][clChildProgEnrollment][Save][00000000-0000-0000-0000-000000000000] Execute Save Method
[4/15/2013 12:00:32 PM][DEBUG][clChildProgEnrollment][LoadChildFamily][00000000-0000-0000-0000-000000000000] Debug LoadChildFamily Method
[4/15/2013 12:00:32 PM][INFO][clChildProgEnrollment][Save][00000000-0000-0000-0000-000000000000] Execute Save Method
[4/15/2013 12:00:32 PM][DEBUG][clChildProgEnrollment][LoadChildFamily][00000000-0000-0000-0000-000000000000] Debug LoadChildFamily Method
[4/15/2013 12:00:32 PM][INFO][clChildProgEnrollment][Save][00000000-0000-0000-0000-000000000000] Execute Save Method
[4/15/2013 12:00:32 PM][DEBUG][clChildProgEnrollment][LoadChildFamily][00000000-0000-0000-0000-000000000000] Debug LoadChildFamily Method
[4/15/2013 12:00:32 PM][INFO][clChildProgEnrollment][Save][00000000-0000-0000-0000-000000000000] Execute Save Method
[4/15/2013 12:00:32 PM][DEBUG][clChildProgEnrollment][LoadChildFamily][00000000-0000-0000-0000-000000000000] Debug LoadChildFamily Method
[4/15/2013 12:00:32 PM][INFO][clChildProgEnrollment][Save][00000000-0000-0000-0000-000000000000] Execute Save Method
[4/15/2013 12:00:32 PM][DEBUG][clChildProgEnrollment][LoadChildFamily][00000000-0000-0000-0000-000000000000] Debug LoadChildFamily Method
[4/15/2013 12:00:32 PM][INFO][clChildProgEnrollment][Save][00000000-0000-0000-0000-000000000000] Execute Save Method
[4/15/2013 12:00:32 PM][DEBUG][clChildProgEnrollment][LoadChildFamily][00000000-0000-0000-0000-000000000000] Debug LoadChildFamily Method
[4/15/2013 12:00:33 PM][INFO][clChildProgEnrollment][Save][00000000-0000-0000-0000-000000000000] Execute Save Method
[4/15/2013 12:00:33 PM][DEBUG][clChildProgEnrollment][LoadChildFamily][00000000-0000-0000-0000-000000000000] Debug LoadChildFamily Method
[4/15/2013 12:00:33 PM][INFO][clChildProgEnrollment][Save][00000000-0000-0000-0000-000000000000] Execute Save Method
[4/15/2013 12:00:33 PM][DEBUG][clChildProgEnrollment][LoadChildFamily][00000000-0000-0000-0000-000000000000] Debug LoadChildFamily Method
[4/15/2013 12:00:33 PM][INFO][clChildProgEnrollment][Save][00000000-0000-0000-0000-000000000000] Execute Save Method
[4/15/2013 12:00:33 PM][DEBUG][clChildProgEnrollment][LoadChildFamily][00000000-0000-0000-0000-000000000000] Debug LoadChildFamily Method
[4/15/2013 12:00:33 PM][INFO][clChildProgEnrollment][Save][00000000-0000-0000-0000-000000000000] Execute Save Method
[4/15/2013 12:00:33 PM][DEBUG][clChildProgEnrollment][LoadChildFamily][00000000-0000-0000-0000-000000000000] Debug LoadChildFamily Method
[4/15/2013 12:00:33 PM][INFO][clChildProgEnrollment][Save][00000000-0000-0000-0000-000000000000] Execute Save Method
[4/15/2013 12:00:33 PM][DEBUG][clChildProgEnrollment][LoadChildFamily][00000000-0000-0000-0000-000000000000] Debug LoadChildFamily Method
[4/15/2013 12:00:33 PM][INFO][clChildProgEnrollment][Save][00000000-0000-0000-0000-000000000000] Execute Save Method
[4/15/2013 12:00:33 PM][DEBUG][clChildProgEnrollment][LoadChildFamily][00000000-0000-0000-0000-000000000000] Debug LoadChildFamily Method
[4/15/2013 12:00:33 PM][INFO][clChildProgEnrollment][Save][00000000-0000-0000-0000-000000000000] Execute Save Method
[4/15/2013 12:00:33 PM][DEBUG][clChildProgEnrollment][LoadChildFamily][00000000-0000-0000-0000-000000000000] Debug LoadChildFamily Method
[4/15/2013 12:00:33 PM][INFO][clChildProgEnrollment][Save][00000000-0000-0000-0000-000000000000] Execute Save Method
[4/15/2013 12:00:33 PM][DEBUG][clChildProgEnrollment][LoadChildFamily][00000000-0000-0000-0000-000000000000] Debug LoadChildFamily Method
[4/15/2013 12:00:33 PM][INFO][clChildProgEnrollment][Save][00000000-0000-0000-0000-000000000000] Execute Save Method
[4/15/2013 12:00:33 PM][DEBUG][clChildProgEnrollment][LoadChildFamily][00000000-0000-0000-0000-000000000000] Debug LoadChildFamily Method
[4/15/2013 12:00:33 PM][INFO][clChildProgEnrollment][Save][00000000-0000-0000-0000-000000000000] Execute Save Method
[4/15/2013 12:00:33 PM][DEBUG][clChildProgEnrollment][LoadChildFamily][00000000-0000-0000-0000-000000000000] Debug LoadChildFamily Method
[4/15/2013 12:00:33 PM][INFO][clChildProgEnrollment][Save][00000000-0000-0000-0000-000000000000] Execute Save Method
[4/15/2013 12:00:33 PM][DEBUG][clChildProgEnrollment][LoadChildFamily][00000000-0000-0000-0000-000000000000] Debug LoadChildFamily Method
[4/15/2013 12:00:33 PM][INFO][clChildProgEnrollment][Save][00000000-0000-0000-0000-000000000000] Execute Save Method
[4/15/2013 12:00:33 PM][DEBUG][clChildProgEnrollment][LoadChildFamily][00000000-0000-0000-0000-000000000000] Debug LoadChildFamily Method
[4/15/2013 12:00:33 PM][INFO][clChildProgEnrollment][Save][00000000-0000-0000-0000-000000000000] Execute Save Method
[4/15/2013 12:00:33 PM][DEBUG][clChildProgEnrollment][LoadChildFamily][00000000-0000-0000-0000-000000000000] Debug LoadChildFamily Method
[4/15/2013 12:00:33 PM][INFO][clChildProgEnrollment][Save][00000000-0000-0000-0000-000000000000] Execute Save Method
[4/15/2013 12:00:33 PM][DEBUG][clChildProgEnrollment][LoadChildFamily][00000000-0000-0000-0000-000000000000] Debug LoadChildFamily Method
[4/15/2013 12:00:51 PM][INFO][clSchoolYear][LoadAllSchoolYear][00000000-0000-0000-0000-000000000000] Execute LoadAllSchoolYear Method
[4/15/2013 12:00:51 PM][DEBUG][clSchoolYear][LoadAllSchoolYear][00000000-0000-0000-0000-000000000000] Debug LoadAllSchoolYear Method
[4/15/2013 12:00:51 PM][INFO][clChildList][GetAllChildList][00000000-0000-0000-0000-000000000000] GetAllChildList method called
[4/15/2013 12:00:51 PM][DEBUG][clChildList][GetAllChildList][00000000-0000-0000-0000-000000000000] Debug GetAllChildList called
[4/15/2013 12:00:55 PM][INFO][clAddEditChild][LoadProgram][00000000-0000-0000-0000-000000000000] Execute LoadProgram Method
[4/15/2013 12:00:55 PM][DEBUG][clAddEditChild][LoadProgram][00000000-0000-0000-0000-000000000000] Debug LoadProgram Method
[4/15/2013 12:00:55 PM][INFO][clEnrollmentStatus][LoadEnrollmentStatus][00000000-0000-0000-0000-000000000000] Execute LoadEnrollmentStatus Method
[4/15/2013 12:00:55 PM][DEBUG][clEnrollmentStatus][LoadEnrollmentStatus][00000000-0000-0000-0000-000000000000] Debug LoadEnrollmentStatus Method
[4/15/2013 12:00:55 PM][INFO][clAddEditChild][LoadChildDataList][00000000-0000-0000-0000-000000000000] Execute LoadChildDataList Method
[4/15/2013 12:00:55 PM][DEBUG][clAddEditChild][LoadChildDataList][00000000-0000-0000-0000-000000000000] Debug LoadChildDataList Method
[4/15/2013 12:00:55 PM][INFO][clEnrollmentStatus][LoadEnrollmentStatus][00000000-0000-0000-0000-000000000000] Execute LoadEnrollmentStatus Method
[4/15/2013 12:00:55 PM][DEBUG][clEnrollmentStatus][LoadEnrollmentStatus][00000000-0000-0000-0000-000000000000] Debug LoadEnrollmentStatus Method
[4/15/2013 12:00:55 PM][INFO][clAddEditChild][GetFessPeriodFromSchoolProgramFeesDetail][00000000-0000-0000-0000-000000000000] Execute GetFessPeriodFromSchoolProgramFeesDetail Method
[4/15/2013 12:00:55 PM][DEBUG][clAddEditChild][GetFessPeriodFromSchoolProgramFeesDetail][00000000-0000-0000-0000-000000000000] Debug GetFessPeriodFromSchoolProgramFeesDetail Method
[4/15/2013 12:00:55 PM][INFO][clAddEditChild][LoadProgClassRoom][00000000-0000-0000-0000-000000000000] Execute LoadProgClassRoom Method
[4/15/2013 12:00:55 PM][DEBUG][clAddEditChild][LoadProgClassRoom][00000000-0000-0000-0000-000000000000] Debug LoadProgClassRoom Method
[4/15/2013 12:00:55 PM][INFO][clAddEditChild][LoadProgClassRoom][00000000-0000-0000-0000-000000000000] Execute LoadProgClassRoom Method
[4/15/2013 12:00:55 PM][DEBUG][clAddEditChild][LoadProgClassRoom][00000000-0000-0000-0000-000000000000] Debug LoadProgClassRoom Method
[4/15/2013 12:00:55 PM][INFO][clAddEditChild][LoadProgClassRoom][00000000-0000-0000-0000-000000000000] Execute LoadProgClassRoom Method
[4/15/2013 12:00:55 PM][DEBUG][clAddEditChild][LoadProgClassRoom][00000000-0000-0000-0000-000000000000] Debug LoadProgClassRoom Method
[4/15/2013 12:00:55 PM][INFO][clAddEditChild][LoadProgClassRoom][00000000-0000-0000-0000-000000000000] Execute LoadProgClassRoom Method
[4/15/2013 12:00:55 PM][DEBUG][clAddEditChild][LoadProgClassRoom][00000000-0000-0000-0000-000000000000] Debug LoadProgClassRoom Method
[4/15/2013 12:00:55 PM][INFO][clAddEditChild][LoadProgClassRoom][00000000-0000-0000-0000-000000000000] Execute LoadProgClassRoom Method
[4/15/2013 12:00:55 PM][DEBUG][clAddEditChild][LoadProgClassRoom][00000000-0000-0000-0000-000000000000] Debug LoadProgClassRoom Method
[4/15/2013 12:00:55 PM][INFO][ChildProgEnrollment][LoadProgEnrollment][00000000-0000-0000-0000-000000000000] LoadProgEnrollment method called
[4/15/2013 12:00:55 PM][DEBUG][ChildProgEnrollment][LoadProgEnrollment][00000000-0000-0000-0000-000000000000] Debug LoadProgEnrollment called
[4/15/2013 12:00:55 PM][INFO][clSchoolYear][LoadSchoolYear][00000000-0000-0000-0000-000000000000] Execute LoadSchoolYear Method
[4/15/2013 12:00:55 PM][DEBUG][clSchoolYear][LoadSchoolYear][00000000-0000-0000-0000-000000000000] Debug LoadSchoolYear Method
[4/15/2013 12:00:55 PM][INFO][clChildList][GetIsPrimarySchoolProgram][00000000-0000-0000-0000-000000000000] GetIsPrimarySchoolProgram method called
[4/15/2013 12:00:55 PM][DEBUG][clChildList][GetIsPrimarySchoolProgram][00000000-0000-0000-0000-000000000000] Debug GetIsPrimarySchoolProgram called
[4/15/2013 12:00:55 PM][INFO][clSchoolYear][GetCurrentSchoolYear][00000000-0000-0000-0000-000000000000] Execute GetCurrentSchoolYear Method
[4/15/2013 12:00:56 PM][DEBUG][clSchoolYear][GetCurrentSchoolYear][00000000-0000-0000-0000-000000000000] Debug GetCurrentSchoolYear Method
[4/15/2013 12:00:56 PM][INFO][clSchoolYear][LoadAllSchoolYear][00000000-0000-0000-0000-000000000000] Execute LoadAllSchoolYear Method
[4/15/2013 12:00:56 PM][DEBUG][clSchoolYear][LoadAllSchoolYear][00000000-0000-0000-0000-000000000000] Debug LoadAllSchoolYear Method
[4/15/2013 12:00:56 PM][INFO][clAddEditChild][LoadChildDataList][00000000-0000-0000-0000-000000000000] Execute LoadChildDataList Method
[4/15/2013 12:00:56 PM][DEBUG][clAddEditChild][LoadChildDataList][00000000-0000-0000-0000-000000000000] Debug LoadChildDataList Method
[4/15/2013 12:01:07 PM][INFO][clChildList][GetIsPrimarySchoolProgram][00000000-0000-0000-0000-000000000000] GetIsPrimarySchoolProgram method called
[4/15/2013 12:01:07 PM][DEBUG][clChildList][GetIsPrimarySchoolProgram][00000000-0000-0000-0000-000000000000] Debug GetIsPrimarySchoolProgram called
[4/15/2013 12:01:07 PM][INFO][clSchoolYear][GetCurrentSchoolYear][00000000-0000-0000-0000-000000000000] Execute GetCurrentSchoolYear Method
[4/15/2013 12:01:07 PM][DEBUG][clSchoolYear][GetCurrentSchoolYear][00000000-0000-0000-0000-000000000000] Debug GetCurrentSchoolYear Method
[4/15/2013 12:01:07 PM][INFO][clAddEditChild][GetFessPeriodFromSchoolProgramFeesDetail][00000000-0000-0000-0000-000000000000] Execute GetFessPeriodFromSchoolProgramFeesDetail Method
[4/15/2013 12:01:07 PM][DEBUG][clAddEditChild][GetFessPeriodFromSchoolProgramFeesDetail][00000000-0000-0000-0000-000000000000] Debug GetFessPeriodFromSchoolProgramFeesDetail Method
[4/15/2013 12:01:07 PM][INFO][clAddEditChild][LoadProgClassRoom][00000000-0000-0000-0000-000000000000] Execute LoadProgClassRoom Method
[4/15/2013 12:01:07 PM][DEBUG][clAddEditChild][LoadProgClassRoom][00000000-0000-0000-0000-000000000000] Debug LoadProgClassRoom Method
[4/15/2013 12:01:07 PM][INFO][clAddEditChild][LoadProgClassRoom][00000000-0000-0000-0000-000000000000] Execute LoadProgClassRoom Method
[4/15/2013 12:01:07 PM][DEBUG][clAddEditChild][LoadProgClassRoom][00000000-0000-0000-0000-000000000000] Debug LoadProgClassRoom Method
[4/15/2013 12:01:07 PM][INFO][clAddEditChild][LoadProgClassRoom][00000000-0000-0000-0000-000000000000] Execute LoadProgClassRoom Method
[4/15/2013 12:01:07 PM][DEBUG][clAddEditChild][LoadProgClassRoom][00000000-0000-0000-0000-000000000000] Debug LoadProgClassRoom Method
[4/15/2013 12:01:07 PM][INFO][clAddEditChild][LoadProgClassRoom][00000000-0000-0000-0000-000000000000] Execute LoadProgClassRoom Method
[4/15/2013 12:01:07 PM][DEBUG][clAddEditChild][LoadProgClassRoom][00000000-0000-0000-0000-000000000000] Debug LoadProgClassRoom Method
[4/15/2013 12:01:07 PM][INFO][clAddEditChild][LoadProgClassRoom][00000000-0000-0000-0000-000000000000] Execute LoadProgClassRoom Method
[4/15/2013 12:01:07 PM][DEBUG][clAddEditChild][LoadProgClassRoom][00000000-0000-0000-0000-000000000000] Debug LoadProgClassRoom Method
[4/15/2013 12:01:07 PM][INFO][ChildProgEnrollment][LoadProgEnrollment][00000000-0000-0000-0000-000000000000] LoadProgEnrollment method called
[4/15/2013 12:01:07 PM][DEBUG][ChildProgEnrollment][LoadProgEnrollment][00000000-0000-0000-0000-000000000000] Debug LoadProgEnrollment called
[4/15/2013 12:01:10 PM][INFO][clChildList][GetIsPrimarySchoolProgram][00000000-0000-0000-0000-000000000000] GetIsPrimarySchoolProgram method called
[4/15/2013 12:01:10 PM][DEBUG][clChildList][GetIsPrimarySchoolProgram][00000000-0000-0000-0000-000000000000] Debug GetIsPrimarySchoolProgram called
[4/15/2013 12:01:10 PM][INFO][clSchoolYear][GetCurrentSchoolYear][00000000-0000-0000-0000-000000000000] Execute GetCurrentSchoolYear Method
[4/15/2013 12:01:10 PM][DEBUG][clSchoolYear][GetCurrentSchoolYear][00000000-0000-0000-0000-000000000000] Debug GetCurrentSchoolYear Method
[4/15/2013 12:01:10 PM][INFO][clAddEditChild][GetFees][00000000-0000-0000-0000-000000000000] Execute GetFees Method
[4/15/2013 12:01:10 PM][DEBUG][clAddEditChild][GetFees][00000000-0000-0000-0000-000000000000] Debug GetFees Method
[4/15/2013 12:02:33 PM][INFO][Ledger][GetChildProgEnrollmentFeeDetail][00000000-0000-0000-0000-000000000000] GetChildProgEnrollmentFeeDetail method called
[4/15/2013 12:02:33 PM][DEBUG][Ledger][GetChildProgEnrollmentFeeDetail][00000000-0000-0000-0000-000000000000] Debug GetChildProgEnrollmentFeeDetail called
[4/15/2013 12:02:33 PM][INFO][clLedger][GetChildProgEnrollmentFeeDetail][00000000-0000-0000-0000-000000000000] GetChildProgEnrollmentFeeDetail method called
[4/15/2013 12:02:33 PM][DEBUG][clLedger][GetChildProgEnrollmentFeeDetail][00000000-0000-0000-0000-000000000000] Debug GetChildProgEnrollmentFeeDetail called
[4/15/2013 12:02:33 PM][INFO][clLedger][GetLastTransactionDate][00000000-0000-0000-0000-000000000000] GetLastTransactionDate method called
[4/15/2013 12:02:33 PM][DEBUG][clLedger][GetLastTransactionDate][00000000-0000-0000-0000-000000000000] Debug GetLastTransactionDate called
[4/15/2013 12:02:34 PM][INFO][clSchoolYear][LoadAllSchoolYear][00000000-0000-0000-0000-000000000000] Execute LoadAllSchoolYear Method
[4/15/2013 12:02:34 PM][DEBUG][clSchoolYear][LoadAllSchoolYear][00000000-0000-0000-0000-000000000000] Debug LoadAllSchoolYear Method
[4/15/2013 12:02:34 PM][INFO][clSchool][LoadSchoolInfo][00000000-0000-0000-0000-000000000000] LoadSchoolInfo method called
[4/15/2013 12:02:34 PM][DEBUG][clSchool][LoadSchoolInfo][00000000-0000-0000-0000-000000000000] Debug LoadSchoolInfo called
[4/15/2013 12:02:34 PM][INFO][clLedgerOfFamily][LoadChildFamily][00000000-0000-0000-0000-000000000000] Execute LoadChildFamily Method
[4/15/2013 12:02:34 PM][DEBUG][clLedgerOfFamily][LoadChildFamily][00000000-0000-0000-0000-000000000000] Debug LoadChildFamily Method
