[03/27/2012 3:48:44 PM][INFO][clStaff][LoadStaffDetailsByUserNameAndPassword][00000000-0000-0000-0000-000000000000] Execute LoadStaffDetailsByUserNameAndPassword Method
[03/27/2012 3:49:28 PM][INFO][clStaff][LoadStaffDetailsByUserNameAndPassword][00000000-0000-0000-0000-000000000000] Execute LoadStaffDetailsByUserNameAndPassword Method
[03/27/2012 3:49:28 PM][DEBUG][clStaff][LoadStaffDetailsByUserNameAndPassword][00000000-0000-0000-0000-000000000000] Debug LoadStaffDetailsByUserNameAndPassword Method
[03/27/2012 3:49:34 PM][INFO][clSchoolYear][LoadAllSchoolYear][00000000-0000-0000-0000-000000000000] Execute LoadAllSchoolYear Method
[03/27/2012 3:49:34 PM][DEBUG][clSchoolYear][LoadAllSchoolYear][00000000-0000-0000-0000-000000000000] Debug LoadAllSchoolYear Method
[03/27/2012 3:49:43 PM][INFO][clChildList][LoadChildAttendanceHistoryList][00000000-0000-0000-0000-000000000000] LoadChildAttendanceHistoryList method called
[03/27/2012 3:49:43 PM][DEBUG][clFamilyPayment][LoadChildAttendanceHistoryList][00000000-0000-0000-0000-000000000000] Debug LoadChildAttendanceHistoryList called
[03/27/2012 3:49:43 PM][INFO][clSchoolYear][LoadAllSchoolYear][00000000-0000-0000-0000-000000000000] Execute LoadAllSchoolYear Method
[03/27/2012 3:49:43 PM][DEBUG][clSchoolYear][LoadAllSchoolYear][00000000-0000-0000-0000-000000000000] Debug LoadAllSchoolYear Method
[03/27/2012 4:08:21 PM][INFO][clStaff][LoadStaffDetailsByUserNameAndPassword][00000000-0000-0000-0000-000000000000] Execute LoadStaffDetailsByUserNameAndPassword Method
[03/27/2012 4:08:21 PM][DEBUG][clStaff][LoadStaffDetailsByUserNameAndPassword][00000000-0000-0000-0000-000000000000] Debug LoadStaffDetailsByUserNameAndPassword Method
[03/27/2012 4:08:25 PM][INFO][clSchoolYear][LoadAllSchoolYear][00000000-0000-0000-0000-000000000000] Execute LoadAllSchoolYear Method
[03/27/2012 4:08:25 PM][DEBUG][clSchoolYear][LoadAllSchoolYear][00000000-0000-0000-0000-000000000000] Debug LoadAllSchoolYear Method
[03/27/2012 4:08:28 PM][INFO][clChildList][LoadChildAttendanceHistoryList][00000000-0000-0000-0000-000000000000] LoadChildAttendanceHistoryList method called
[03/27/2012 4:08:28 PM][DEBUG][clFamilyPayment][LoadChildAttendanceHistoryList][00000000-0000-0000-0000-000000000000] Debug LoadChildAttendanceHistoryList called
[03/27/2012 4:08:28 PM][INFO][clSchoolYear][LoadAllSchoolYear][00000000-0000-0000-0000-000000000000] Execute LoadAllSchoolYear Method
[03/27/2012 4:08:28 PM][DEBUG][clSchoolYear][LoadAllSchoolYear][00000000-0000-0000-0000-000000000000] Debug LoadAllSchoolYear Method
[03/27/2012 4:09:00 PM][INFO][clStaff][LoadStaffDetailsByUserNameAndPassword][00000000-0000-0000-0000-000000000000] Execute LoadStaffDetailsByUserNameAndPassword Method
[03/27/2012 4:09:00 PM][DEBUG][clStaff][LoadStaffDetailsByUserNameAndPassword][00000000-0000-0000-0000-000000000000] Debug LoadStaffDetailsByUserNameAndPassword Method
[03/27/2012 4:09:01 PM][INFO][clSchoolYear][LoadAllSchoolYear][00000000-0000-0000-0000-000000000000] Execute LoadAllSchoolYear Method
[03/27/2012 4:09:01 PM][DEBUG][clSchoolYear][LoadAllSchoolYear][00000000-0000-0000-0000-000000000000] Debug LoadAllSchoolYear Method
[03/27/2012 4:09:04 PM][INFO][clChildList][LoadChildAttendanceHistoryList][00000000-0000-0000-0000-000000000000] LoadChildAttendanceHistoryList method called
[03/27/2012 4:09:04 PM][DEBUG][clFamilyPayment][LoadChildAttendanceHistoryList][00000000-0000-0000-0000-000000000000] Debug LoadChildAttendanceHistoryList called
[03/27/2012 4:09:04 PM][INFO][clSchoolYear][LoadAllSchoolYear][00000000-0000-0000-0000-000000000000] Execute LoadAllSchoolYear Method
[03/27/2012 4:09:04 PM][DEBUG][clSchoolYear][LoadAllSchoolYear][00000000-0000-0000-0000-000000000000] Debug LoadAllSchoolYear Method
[03/27/2012 4:22:23 PM][INFO][clStaff][LoadStaffDetailsByUserNameAndPassword][00000000-0000-0000-0000-000000000000] Execute LoadStaffDetailsByUserNameAndPassword Method
[03/27/2012 4:22:23 PM][DEBUG][clStaff][LoadStaffDetailsByUserNameAndPassword][00000000-0000-0000-0000-000000000000] Debug LoadStaffDetailsByUserNameAndPassword Method
[03/27/2012 4:22:27 PM][INFO][clSchoolYear][LoadAllSchoolYear][00000000-0000-0000-0000-000000000000] Execute LoadAllSchoolYear Method
[03/27/2012 4:22:27 PM][DEBUG][clSchoolYear][LoadAllSchoolYear][00000000-0000-0000-0000-000000000000] Debug LoadAllSchoolYear Method
[03/27/2012 4:22:46 PM][INFO][clChildList][LoadChildAttendanceHistoryList][00000000-0000-0000-0000-000000000000] LoadChildAttendanceHistoryList method called
[03/27/2012 4:22:46 PM][DEBUG][clFamilyPayment][LoadChildAttendanceHistoryList][00000000-0000-0000-0000-000000000000] Debug LoadChildAttendanceHistoryList called
[03/27/2012 4:22:46 PM][INFO][clSchoolYear][LoadAllSchoolYear][00000000-0000-0000-0000-000000000000] Execute LoadAllSchoolYear Method
[03/27/2012 4:22:46 PM][DEBUG][clSchoolYear][LoadAllSchoolYear][00000000-0000-0000-0000-000000000000] Debug LoadAllSchoolYear Method
[03/27/2012 4:24:33 PM][INFO][clStaff][LoadStaffDetailsByUserNameAndPassword][00000000-0000-0000-0000-000000000000] Execute LoadStaffDetailsByUserNameAndPassword Method
[03/27/2012 4:24:33 PM][DEBUG][clStaff][LoadStaffDetailsByUserNameAndPassword][00000000-0000-0000-0000-000000000000] Debug LoadStaffDetailsByUserNameAndPassword Method
[03/27/2012 4:24:38 PM][INFO][clSchoolYear][LoadAllSchoolYear][00000000-0000-0000-0000-000000000000] Execute LoadAllSchoolYear Method
[03/27/2012 4:24:38 PM][DEBUG][clSchoolYear][LoadAllSchoolYear][00000000-0000-0000-0000-000000000000] Debug LoadAllSchoolYear Method
[03/27/2012 4:24:40 PM][INFO][clChildList][LoadChildAttendanceHistoryList][00000000-0000-0000-0000-000000000000] LoadChildAttendanceHistoryList method called
[03/27/2012 4:24:40 PM][DEBUG][clFamilyPayment][LoadChildAttendanceHistoryList][00000000-0000-0000-0000-000000000000] Debug LoadChildAttendanceHistoryList called
[03/27/2012 4:24:41 PM][INFO][clSchoolYear][LoadAllSchoolYear][00000000-0000-0000-0000-000000000000] Execute LoadAllSchoolYear Method
[03/27/2012 4:24:41 PM][DEBUG][clSchoolYear][LoadAllSchoolYear][00000000-0000-0000-0000-000000000000] Debug LoadAllSchoolYear Method
