[03/05/2012 10:23:49 AM][INFO][clStaff][LoadStaffDetailsByUserNameAndPassword][00000000-0000-0000-0000-000000000000] Execute LoadStaffDetailsByUserNameAndPassword Method
[03/05/2012 10:23:49 AM][DEBUG][clStaff][LoadStaffDetailsByUserNameAndPassword][00000000-0000-0000-0000-000000000000] Debug LoadStaffDetailsByUserNameAndPassword Method
[03/05/2012 10:24:00 AM][INFO][clSchoolYear][LoadAllSchoolYear][00000000-0000-0000-0000-000000000000] Execute LoadAllSchoolYear Method
[03/05/2012 10:24:00 AM][DEBUG][clSchoolYear][LoadAllSchoolYear][00000000-0000-0000-0000-000000000000] Debug LoadAllSchoolYear Method
[03/05/2012 10:24:04 AM][INFO][Ledger][GetChildProgEnrollmentFeeDetail][00000000-0000-0000-0000-000000000000] GetChildProgEnrollmentFeeDetail method called
[03/05/2012 10:24:04 AM][DEBUG][Ledger][GetChildProgEnrollmentFeeDetail][00000000-0000-0000-0000-000000000000] Debug GetChildProgEnrollmentFeeDetail called
[03/05/2012 10:24:04 AM][INFO][clLedger][GetChildProgEnrollmentFeeDetail][00000000-0000-0000-0000-000000000000] GetChildProgEnrollmentFeeDetail method called
[03/05/2012 10:24:04 AM][DEBUG][clLedger][GetChildProgEnrollmentFeeDetail][00000000-0000-0000-0000-000000000000] Debug GetChildProgEnrollmentFeeDetail called
[03/05/2012 10:24:04 AM][INFO][clLedger][GetLastTransactionDate][00000000-0000-0000-0000-000000000000] GetLastTransactionDate method called
[03/05/2012 10:24:04 AM][DEBUG][clLedger][GetLastTransactionDate][00000000-0000-0000-0000-000000000000] Debug GetLastTransactionDate called
[03/05/2012 10:24:04 AM][INFO][clLedger][GetLastTransactionDate][00000000-0000-0000-0000-000000000000] GetLastTransactionDate method called
[03/05/2012 10:24:04 AM][DEBUG][clLedger][GetLastTransactionDate][00000000-0000-0000-0000-000000000000] Debug GetLastTransactionDate called
[03/05/2012 10:24:04 AM][INFO][clLedger][GetLastTransactionDate][00000000-0000-0000-0000-000000000000] GetLastTransactionDate method called
[03/05/2012 10:24:04 AM][DEBUG][clLedger][GetLastTransactionDate][00000000-0000-0000-0000-000000000000] Debug GetLastTransactionDate called
[03/05/2012 10:24:04 AM][INFO][clLedger][GetLastTransactionDate][00000000-0000-0000-0000-000000000000] GetLastTransactionDate method called
[03/05/2012 10:24:04 AM][DEBUG][clLedger][GetLastTransactionDate][00000000-0000-0000-0000-000000000000] Debug GetLastTransactionDate called
[03/05/2012 10:24:04 AM][INFO][clLedger][GetLastTransactionDate][00000000-0000-0000-0000-000000000000] GetLastTransactionDate method called
[03/05/2012 10:24:04 AM][DEBUG][clLedger][GetLastTransactionDate][00000000-0000-0000-0000-000000000000] Debug GetLastTransactionDate called
[03/05/2012 10:24:04 AM][INFO][clLedger][GetLastTransactionDate][00000000-0000-0000-0000-000000000000] GetLastTransactionDate method called
[03/05/2012 10:24:04 AM][DEBUG][clLedger][GetLastTransactionDate][00000000-0000-0000-0000-000000000000] Debug GetLastTransactionDate called
[03/05/2012 10:24:04 AM][INFO][clLedger][GetLastTransactionDate][00000000-0000-0000-0000-000000000000] GetLastTransactionDate method called
[03/05/2012 10:24:04 AM][DEBUG][clLedger][GetLastTransactionDate][00000000-0000-0000-0000-000000000000] Debug GetLastTransactionDate called
[03/05/2012 10:24:04 AM][INFO][clLedger][GetLastTransactionDate][00000000-0000-0000-0000-000000000000] GetLastTransactionDate method called
[03/05/2012 10:24:04 AM][DEBUG][clLedger][GetLastTransactionDate][00000000-0000-0000-0000-000000000000] Debug GetLastTransactionDate called
[03/05/2012 10:24:04 AM][INFO][clLedger][GetLastTransactionDate][00000000-0000-0000-0000-000000000000] GetLastTransactionDate method called
[03/05/2012 10:24:04 AM][DEBUG][clLedger][GetLastTransactionDate][00000000-0000-0000-0000-000000000000] Debug GetLastTransactionDate called
[03/05/2012 10:24:04 AM][INFO][clLedger][GetLastTransactionDate][00000000-0000-0000-0000-000000000000] GetLastTransactionDate method called
[03/05/2012 10:24:04 AM][DEBUG][clLedger][GetLastTransactionDate][00000000-0000-0000-0000-000000000000] Debug GetLastTransactionDate called
[03/05/2012 10:24:04 AM][INFO][clLedger][GetLastTransactionDate][00000000-0000-0000-0000-000000000000] GetLastTransactionDate method called
[03/05/2012 10:24:04 AM][DEBUG][clLedger][GetLastTransactionDate][00000000-0000-0000-0000-000000000000] Debug GetLastTransactionDate called
[03/05/2012 10:24:04 AM][INFO][clLedger][GetLastTransactionDate][00000000-0000-0000-0000-000000000000] GetLastTransactionDate method called
[03/05/2012 10:24:04 AM][DEBUG][clLedger][GetLastTransactionDate][00000000-0000-0000-0000-000000000000] Debug GetLastTransactionDate called
[03/05/2012 10:24:04 AM][INFO][clLedger][GetLastTransactionDate][00000000-0000-0000-0000-000000000000] GetLastTransactionDate method called
[03/05/2012 10:24:04 AM][DEBUG][clLedger][GetLastTransactionDate][00000000-0000-0000-0000-000000000000] Debug GetLastTransactionDate called
[03/05/2012 10:24:04 AM][INFO][clLedger][GetLastTransactionDate][00000000-0000-0000-0000-000000000000] GetLastTransactionDate method called
[03/05/2012 10:24:04 AM][DEBUG][clLedger][GetLastTransactionDate][00000000-0000-0000-0000-000000000000] Debug GetLastTransactionDate called
[03/05/2012 10:24:04 AM][INFO][clLedger][GetLastTransactionDate][00000000-0000-0000-0000-000000000000] GetLastTransactionDate method called
[03/05/2012 10:24:04 AM][DEBUG][clLedger][GetLastTransactionDate][00000000-0000-0000-0000-000000000000] Debug GetLastTransactionDate called
[03/05/2012 10:24:04 AM][INFO][clLedger][GetLastTransactionDate][00000000-0000-0000-0000-000000000000] GetLastTransactionDate method called
[03/05/2012 10:24:04 AM][DEBUG][clLedger][GetLastTransactionDate][00000000-0000-0000-0000-000000000000] Debug GetLastTransactionDate called
[03/05/2012 10:24:04 AM][INFO][clLedger][GetLastTransactionDate][00000000-0000-0000-0000-000000000000] GetLastTransactionDate method called
[03/05/2012 10:24:04 AM][DEBUG][clLedger][GetLastTransactionDate][00000000-0000-0000-0000-000000000000] Debug GetLastTransactionDate called
[03/05/2012 10:24:04 AM][INFO][clLedger][GetLastTransactionDate][00000000-0000-0000-0000-000000000000] GetLastTransactionDate method called
[03/05/2012 10:24:04 AM][DEBUG][clLedger][GetLastTransactionDate][00000000-0000-0000-0000-000000000000] Debug GetLastTransactionDate called
[03/05/2012 10:24:04 AM][INFO][clLedger][GetLastTransactionDate][00000000-0000-0000-0000-000000000000] GetLastTransactionDate method called
[03/05/2012 10:24:05 AM][DEBUG][clLedger][GetLastTransactionDate][00000000-0000-0000-0000-000000000000] Debug GetLastTransactionDate called
[03/05/2012 10:24:05 AM][INFO][clLedger][GetLastTransactionDate][00000000-0000-0000-0000-000000000000] GetLastTransactionDate method called
[03/05/2012 10:24:05 AM][DEBUG][clLedger][GetLastTransactionDate][00000000-0000-0000-0000-000000000000] Debug GetLastTransactionDate called
[03/05/2012 10:24:05 AM][INFO][clLedger][GetLastTransactionDate][00000000-0000-0000-0000-000000000000] GetLastTransactionDate method called
[03/05/2012 10:24:05 AM][DEBUG][clLedger][GetLastTransactionDate][00000000-0000-0000-0000-000000000000] Debug GetLastTransactionDate called
[03/05/2012 10:24:05 AM][INFO][clLedger][GetLastTransactionDate][00000000-0000-0000-0000-000000000000] GetLastTransactionDate method called
[03/05/2012 10:24:05 AM][DEBUG][clLedger][GetLastTransactionDate][00000000-0000-0000-0000-000000000000] Debug GetLastTransactionDate called
[03/05/2012 10:24:05 AM][INFO][clLedger][GetLastTransactionDate][00000000-0000-0000-0000-000000000000] GetLastTransactionDate method called
[03/05/2012 10:24:05 AM][DEBUG][clLedger][GetLastTransactionDate][00000000-0000-0000-0000-000000000000] Debug GetLastTransactionDate called
[03/05/2012 10:24:05 AM][INFO][clSchoolYear][LoadAllSchoolYear][00000000-0000-0000-0000-000000000000] Execute LoadAllSchoolYear Method
[03/05/2012 10:24:05 AM][DEBUG][clSchoolYear][LoadAllSchoolYear][00000000-0000-0000-0000-000000000000] Debug LoadAllSchoolYear Method
[03/05/2012 10:24:05 AM][INFO][clSchool][LoadSchoolInfo][00000000-0000-0000-0000-000000000000] LoadSchoolInfo method called
[03/05/2012 10:24:05 AM][DEBUG][clSchool][LoadSchoolInfo][00000000-0000-0000-0000-000000000000] Debug LoadSchoolInfo called
[03/05/2012 10:24:05 AM][INFO][clLedgerOfFamily][LoadChildFamily][00000000-0000-0000-0000-000000000000] Execute LoadChildFamily Method
[03/05/2012 10:24:05 AM][DEBUG][clLedgerOfFamily][LoadChildFamily][00000000-0000-0000-0000-000000000000] Debug LoadChildFamily Method
[03/05/2012 10:24:10 AM][INFO][clLedger][LoadChargeCode][00000000-0000-0000-0000-000000000000] Execute LoadChargeCode Method
[03/05/2012 10:24:10 AM][DEBUG][clLedger][LoadChargeCode][00000000-0000-0000-0000-000000000000] Debug LoadChargeCode Method
[03/05/2012 10:24:10 AM][INFO][clSchoolYear][GetCurrentSchoolYear][00000000-0000-0000-0000-000000000000] Execute GetCurrentSchoolYear Method
[03/05/2012 10:24:10 AM][DEBUG][clSchoolYear][GetCurrentSchoolYear][00000000-0000-0000-0000-000000000000] Debug GetCurrentSchoolYear Method
[03/05/2012 10:24:10 AM][INFO][clSchoolYear][LoadAllSchoolYear][00000000-0000-0000-0000-000000000000] Execute LoadAllSchoolYear Method
[03/05/2012 10:24:10 AM][DEBUG][clSchoolYear][LoadAllSchoolYear][00000000-0000-0000-0000-000000000000] Debug LoadAllSchoolYear Method
[03/05/2012 10:24:10 AM][INFO][clLedger][LoadLedgerDetail][00000000-0000-0000-0000-000000000000] Execute LoadLedgerDetail Method
[03/05/2012 10:24:10 AM][DEBUG][clLedger][LoadLedgerDetail][00000000-0000-0000-0000-000000000000] Debug LoadLedgerDetail Method
[03/05/2012 10:24:15 AM][INFO][clLedger][LoadChargeCode][00000000-0000-0000-0000-000000000000] Execute LoadChargeCode Method
[03/05/2012 10:24:15 AM][DEBUG][clLedger][LoadChargeCode][00000000-0000-0000-0000-000000000000] Debug LoadChargeCode Method
[03/05/2012 10:24:15 AM][INFO][clSchoolYear][GetCurrentSchoolYear][00000000-0000-0000-0000-000000000000] Execute GetCurrentSchoolYear Method
[03/05/2012 10:24:15 AM][DEBUG][clSchoolYear][GetCurrentSchoolYear][00000000-0000-0000-0000-000000000000] Debug GetCurrentSchoolYear Method
[03/05/2012 10:24:15 AM][INFO][clSchoolYear][LoadAllSchoolYear][00000000-0000-0000-0000-000000000000] Execute LoadAllSchoolYear Method
[03/05/2012 10:24:15 AM][DEBUG][clSchoolYear][LoadAllSchoolYear][00000000-0000-0000-0000-000000000000] Debug LoadAllSchoolYear Method
[03/05/2012 10:24:15 AM][INFO][clLedger][LoadLedgerDetail][00000000-0000-0000-0000-000000000000] Execute LoadLedgerDetail Method
[03/05/2012 10:24:15 AM][DEBUG][clLedger][LoadLedgerDetail][00000000-0000-0000-0000-000000000000] Debug LoadLedgerDetail Method
[03/05/2012 10:24:17 AM][INFO][clSchoolYear][GetCurrentSchoolYear][00000000-0000-0000-0000-000000000000] Execute GetCurrentSchoolYear Method
[03/05/2012 10:24:17 AM][DEBUG][clSchoolYear][GetCurrentSchoolYear][00000000-0000-0000-0000-000000000000] Debug GetCurrentSchoolYear Method
[03/05/2012 10:24:18 AM][INFO][clSchoolYear][LoadAllSchoolYear][00000000-0000-0000-0000-000000000000] Execute LoadAllSchoolYear Method
[03/05/2012 10:24:18 AM][DEBUG][clSchoolYear][LoadAllSchoolYear][00000000-0000-0000-0000-000000000000] Debug LoadAllSchoolYear Method
[03/05/2012 10:25:48 AM][INFO][clStaff][LoadStaffDetailsByUserNameAndPassword][00000000-0000-0000-0000-000000000000] Execute LoadStaffDetailsByUserNameAndPassword Method
[03/05/2012 10:25:48 AM][DEBUG][clStaff][LoadStaffDetailsByUserNameAndPassword][00000000-0000-0000-0000-000000000000] Debug LoadStaffDetailsByUserNameAndPassword Method
[03/05/2012 10:25:49 AM][INFO][clSchoolYear][LoadAllSchoolYear][00000000-0000-0000-0000-000000000000] Execute LoadAllSchoolYear Method
[03/05/2012 10:25:49 AM][DEBUG][clSchoolYear][LoadAllSchoolYear][00000000-0000-0000-0000-000000000000] Debug LoadAllSchoolYear Method
[03/05/2012 10:25:52 AM][INFO][Ledger][GetChildProgEnrollmentFeeDetail][00000000-0000-0000-0000-000000000000] GetChildProgEnrollmentFeeDetail method called
[03/05/2012 10:25:52 AM][DEBUG][Ledger][GetChildProgEnrollmentFeeDetail][00000000-0000-0000-0000-000000000000] Debug GetChildProgEnrollmentFeeDetail called
[03/05/2012 10:25:52 AM][INFO][clLedger][GetChildProgEnrollmentFeeDetail][00000000-0000-0000-0000-000000000000] GetChildProgEnrollmentFeeDetail method called
[03/05/2012 10:25:52 AM][DEBUG][clLedger][GetChildProgEnrollmentFeeDetail][00000000-0000-0000-0000-000000000000] Debug GetChildProgEnrollmentFeeDetail called
[03/05/2012 10:25:52 AM][INFO][clLedger][GetLastTransactionDate][00000000-0000-0000-0000-000000000000] GetLastTransactionDate method called
[03/05/2012 10:25:52 AM][DEBUG][clLedger][GetLastTransactionDate][00000000-0000-0000-0000-000000000000] Debug GetLastTransactionDate called
[03/05/2012 10:25:52 AM][INFO][clLedger][GetLastTransactionDate][00000000-0000-0000-0000-000000000000] GetLastTransactionDate method called
[03/05/2012 10:25:52 AM][DEBUG][clLedger][GetLastTransactionDate][00000000-0000-0000-0000-000000000000] Debug GetLastTransactionDate called
[03/05/2012 10:25:52 AM][INFO][clLedger][GetLastTransactionDate][00000000-0000-0000-0000-000000000000] GetLastTransactionDate method called
[03/05/2012 10:25:52 AM][DEBUG][clLedger][GetLastTransactionDate][00000000-0000-0000-0000-000000000000] Debug GetLastTransactionDate called
[03/05/2012 10:25:52 AM][INFO][clLedger][GetLastTransactionDate][00000000-0000-0000-0000-000000000000] GetLastTransactionDate method called
[03/05/2012 10:25:52 AM][DEBUG][clLedger][GetLastTransactionDate][00000000-0000-0000-0000-000000000000] Debug GetLastTransactionDate called
[03/05/2012 10:25:52 AM][INFO][clLedger][GetLastTransactionDate][00000000-0000-0000-0000-000000000000] GetLastTransactionDate method called
[03/05/2012 10:25:52 AM][DEBUG][clLedger][GetLastTransactionDate][00000000-0000-0000-0000-000000000000] Debug GetLastTransactionDate called
[03/05/2012 10:25:52 AM][INFO][clLedger][GetLastTransactionDate][00000000-0000-0000-0000-000000000000] GetLastTransactionDate method called
[03/05/2012 10:25:52 AM][DEBUG][clLedger][GetLastTransactionDate][00000000-0000-0000-0000-000000000000] Debug GetLastTransactionDate called
[03/05/2012 10:25:52 AM][INFO][clLedger][GetLastTransactionDate][00000000-0000-0000-0000-000000000000] GetLastTransactionDate method called
[03/05/2012 10:25:52 AM][DEBUG][clLedger][GetLastTransactionDate][00000000-0000-0000-0000-000000000000] Debug GetLastTransactionDate called
[03/05/2012 10:25:52 AM][INFO][clLedger][GetLastTransactionDate][00000000-0000-0000-0000-000000000000] GetLastTransactionDate method called
[03/05/2012 10:25:52 AM][DEBUG][clLedger][GetLastTransactionDate][00000000-0000-0000-0000-000000000000] Debug GetLastTransactionDate called
[03/05/2012 10:25:52 AM][INFO][clLedger][GetLastTransactionDate][00000000-0000-0000-0000-000000000000] GetLastTransactionDate method called
[03/05/2012 10:25:52 AM][DEBUG][clLedger][GetLastTransactionDate][00000000-0000-0000-0000-000000000000] Debug GetLastTransactionDate called
[03/05/2012 10:25:52 AM][INFO][clLedger][GetLastTransactionDate][00000000-0000-0000-0000-000000000000] GetLastTransactionDate method called
[03/05/2012 10:25:52 AM][DEBUG][clLedger][GetLastTransactionDate][00000000-0000-0000-0000-000000000000] Debug GetLastTransactionDate called
[03/05/2012 10:25:52 AM][INFO][clLedger][GetLastTransactionDate][00000000-0000-0000-0000-000000000000] GetLastTransactionDate method called
[03/05/2012 10:25:52 AM][DEBUG][clLedger][GetLastTransactionDate][00000000-0000-0000-0000-000000000000] Debug GetLastTransactionDate called
[03/05/2012 10:25:52 AM][INFO][clLedger][GetLastTransactionDate][00000000-0000-0000-0000-000000000000] GetLastTransactionDate method called
[03/05/2012 10:25:52 AM][DEBUG][clLedger][GetLastTransactionDate][00000000-0000-0000-0000-000000000000] Debug GetLastTransactionDate called
[03/05/2012 10:25:52 AM][INFO][clLedger][GetLastTransactionDate][00000000-0000-0000-0000-000000000000] GetLastTransactionDate method called
[03/05/2012 10:25:52 AM][DEBUG][clLedger][GetLastTransactionDate][00000000-0000-0000-0000-000000000000] Debug GetLastTransactionDate called
[03/05/2012 10:25:52 AM][INFO][clLedger][GetLastTransactionDate][00000000-0000-0000-0000-000000000000] GetLastTransactionDate method called
[03/05/2012 10:25:52 AM][DEBUG][clLedger][GetLastTransactionDate][00000000-0000-0000-0000-000000000000] Debug GetLastTransactionDate called
[03/05/2012 10:25:52 AM][INFO][clLedger][GetLastTransactionDate][00000000-0000-0000-0000-000000000000] GetLastTransactionDate method called
[03/05/2012 10:25:52 AM][DEBUG][clLedger][GetLastTransactionDate][00000000-0000-0000-0000-000000000000] Debug GetLastTransactionDate called
[03/05/2012 10:25:52 AM][INFO][clLedger][GetLastTransactionDate][00000000-0000-0000-0000-000000000000] GetLastTransactionDate method called
[03/05/2012 10:25:52 AM][DEBUG][clLedger][GetLastTransactionDate][00000000-0000-0000-0000-000000000000] Debug GetLastTransactionDate called
[03/05/2012 10:25:52 AM][INFO][clLedger][GetLastTransactionDate][00000000-0000-0000-0000-000000000000] GetLastTransactionDate method called
[03/05/2012 10:25:52 AM][DEBUG][clLedger][GetLastTransactionDate][00000000-0000-0000-0000-000000000000] Debug GetLastTransactionDate called
[03/05/2012 10:25:52 AM][INFO][clLedger][GetLastTransactionDate][00000000-0000-0000-0000-000000000000] GetLastTransactionDate method called
[03/05/2012 10:25:52 AM][DEBUG][clLedger][GetLastTransactionDate][00000000-0000-0000-0000-000000000000] Debug GetLastTransactionDate called
[03/05/2012 10:25:52 AM][INFO][clLedger][GetLastTransactionDate][00000000-0000-0000-0000-000000000000] GetLastTransactionDate method called
[03/05/2012 10:25:52 AM][DEBUG][clLedger][GetLastTransactionDate][00000000-0000-0000-0000-000000000000] Debug GetLastTransactionDate called
[03/05/2012 10:25:52 AM][INFO][clLedger][GetLastTransactionDate][00000000-0000-0000-0000-000000000000] GetLastTransactionDate method called
[03/05/2012 10:25:52 AM][DEBUG][clLedger][GetLastTransactionDate][00000000-0000-0000-0000-000000000000] Debug GetLastTransactionDate called
[03/05/2012 10:25:52 AM][INFO][clLedger][GetLastTransactionDate][00000000-0000-0000-0000-000000000000] GetLastTransactionDate method called
[03/05/2012 10:25:52 AM][DEBUG][clLedger][GetLastTransactionDate][00000000-0000-0000-0000-000000000000] Debug GetLastTransactionDate called
[03/05/2012 10:25:52 AM][INFO][clLedger][GetLastTransactionDate][00000000-0000-0000-0000-000000000000] GetLastTransactionDate method called
[03/05/2012 10:25:52 AM][DEBUG][clLedger][GetLastTransactionDate][00000000-0000-0000-0000-000000000000] Debug GetLastTransactionDate called
[03/05/2012 10:25:52 AM][INFO][clLedger][GetLastTransactionDate][00000000-0000-0000-0000-000000000000] GetLastTransactionDate method called
[03/05/2012 10:25:52 AM][DEBUG][clLedger][GetLastTransactionDate][00000000-0000-0000-0000-000000000000] Debug GetLastTransactionDate called
[03/05/2012 10:25:52 AM][INFO][clLedger][GetLastTransactionDate][00000000-0000-0000-0000-000000000000] GetLastTransactionDate method called
[03/05/2012 10:25:52 AM][DEBUG][clLedger][GetLastTransactionDate][00000000-0000-0000-0000-000000000000] Debug GetLastTransactionDate called
[03/05/2012 10:25:52 AM][INFO][clLedger][GetLastTransactionDate][00000000-0000-0000-0000-000000000000] GetLastTransactionDate method called
[03/05/2012 10:25:52 AM][DEBUG][clLedger][GetLastTransactionDate][00000000-0000-0000-0000-000000000000] Debug GetLastTransactionDate called
[03/05/2012 10:25:52 AM][INFO][clLedger][GetLastTransactionDate][00000000-0000-0000-0000-000000000000] GetLastTransactionDate method called
[03/05/2012 10:25:52 AM][DEBUG][clLedger][GetLastTransactionDate][00000000-0000-0000-0000-000000000000] Debug GetLastTransactionDate called
[03/05/2012 10:25:52 AM][INFO][clLedger][GetLastTransactionDate][00000000-0000-0000-0000-000000000000] GetLastTransactionDate method called
[03/05/2012 10:25:52 AM][DEBUG][clLedger][GetLastTransactionDate][00000000-0000-0000-0000-000000000000] Debug GetLastTransactionDate called
[03/05/2012 10:25:52 AM][INFO][clLedger][GetLastTransactionDate][00000000-0000-0000-0000-000000000000] GetLastTransactionDate method called
[03/05/2012 10:25:52 AM][DEBUG][clLedger][GetLastTransactionDate][00000000-0000-0000-0000-000000000000] Debug GetLastTransactionDate called
[03/05/2012 10:25:52 AM][INFO][clLedger][GetLastTransactionDate][00000000-0000-0000-0000-000000000000] GetLastTransactionDate method called
[03/05/2012 10:25:52 AM][DEBUG][clLedger][GetLastTransactionDate][00000000-0000-0000-0000-000000000000] Debug GetLastTransactionDate called
[03/05/2012 10:25:52 AM][INFO][clLedger][GetLastTransactionDate][00000000-0000-0000-0000-000000000000] GetLastTransactionDate method called
[03/05/2012 10:25:52 AM][DEBUG][clLedger][GetLastTransactionDate][00000000-0000-0000-0000-000000000000] Debug GetLastTransactionDate called
[03/05/2012 10:25:52 AM][INFO][clLedger][GetLastTransactionDate][00000000-0000-0000-0000-000000000000] GetLastTransactionDate method called
[03/05/2012 10:25:52 AM][DEBUG][clLedger][GetLastTransactionDate][00000000-0000-0000-0000-000000000000] Debug GetLastTransactionDate called
[03/05/2012 10:25:52 AM][INFO][clLedger][GetLastTransactionDate][00000000-0000-0000-0000-000000000000] GetLastTransactionDate method called
[03/05/2012 10:25:52 AM][DEBUG][clLedger][GetLastTransactionDate][00000000-0000-0000-0000-000000000000] Debug GetLastTransactionDate called
[03/05/2012 10:25:52 AM][INFO][clLedger][GetLastTransactionDate][00000000-0000-0000-0000-000000000000] GetLastTransactionDate method called
[03/05/2012 10:25:52 AM][DEBUG][clLedger][GetLastTransactionDate][00000000-0000-0000-0000-000000000000] Debug GetLastTransactionDate called
[03/05/2012 10:25:52 AM][INFO][clLedger][GetLastTransactionDate][00000000-0000-0000-0000-000000000000] GetLastTransactionDate method called
[03/05/2012 10:25:53 AM][DEBUG][clLedger][GetLastTransactionDate][00000000-0000-0000-0000-000000000000] Debug GetLastTransactionDate called
[03/05/2012 10:25:53 AM][INFO][clLedger][GetLastTransactionDate][00000000-0000-0000-0000-000000000000] GetLastTransactionDate method called
[03/05/2012 10:25:53 AM][DEBUG][clLedger][GetLastTransactionDate][00000000-0000-0000-0000-000000000000] Debug GetLastTransactionDate called
[03/05/2012 10:25:53 AM][INFO][clLedger][GetLastTransactionDate][00000000-0000-0000-0000-000000000000] GetLastTransactionDate method called
[03/05/2012 10:25:53 AM][DEBUG][clLedger][GetLastTransactionDate][00000000-0000-0000-0000-000000000000] Debug GetLastTransactionDate called
[03/05/2012 10:25:53 AM][INFO][clLedger][GetLastTransactionDate][00000000-0000-0000-0000-000000000000] GetLastTransactionDate method called
[03/05/2012 10:25:53 AM][DEBUG][clLedger][GetLastTransactionDate][00000000-0000-0000-0000-000000000000] Debug GetLastTransactionDate called
[03/05/2012 10:25:53 AM][INFO][clLedger][GetLastTransactionDate][00000000-0000-0000-0000-000000000000] GetLastTransactionDate method called
[03/05/2012 10:25:53 AM][DEBUG][clLedger][GetLastTransactionDate][00000000-0000-0000-0000-000000000000] Debug GetLastTransactionDate called
[03/05/2012 10:25:53 AM][INFO][clLedger][GetLastTransactionDate][00000000-0000-0000-0000-000000000000] GetLastTransactionDate method called
[03/05/2012 10:25:53 AM][DEBUG][clLedger][GetLastTransactionDate][00000000-0000-0000-0000-000000000000] Debug GetLastTransactionDate called
[03/05/2012 10:25:53 AM][INFO][clLedger][GetLastTransactionDate][00000000-0000-0000-0000-000000000000] GetLastTransactionDate method called
[03/05/2012 10:25:53 AM][DEBUG][clLedger][GetLastTransactionDate][00000000-0000-0000-0000-000000000000] Debug GetLastTransactionDate called
[03/05/2012 10:25:53 AM][INFO][clLedger][GetLastTransactionDate][00000000-0000-0000-0000-000000000000] GetLastTransactionDate method called
[03/05/2012 10:25:53 AM][DEBUG][clLedger][GetLastTransactionDate][00000000-0000-0000-0000-000000000000] Debug GetLastTransactionDate called
[03/05/2012 10:25:53 AM][INFO][clLedger][GetLastTransactionDate][00000000-0000-0000-0000-000000000000] GetLastTransactionDate method called
[03/05/2012 10:25:53 AM][DEBUG][clLedger][GetLastTransactionDate][00000000-0000-0000-0000-000000000000] Debug GetLastTransactionDate called
[03/05/2012 10:25:53 AM][INFO][clLedger][GetLastTransactionDate][00000000-0000-0000-0000-000000000000] GetLastTransactionDate method called
[03/05/2012 10:25:53 AM][DEBUG][clLedger][GetLastTransactionDate][00000000-0000-0000-0000-000000000000] Debug GetLastTransactionDate called
[03/05/2012 10:25:53 AM][INFO][clLedger][Save][00000000-0000-0000-0000-000000000000] Save method called
[03/05/2012 10:25:53 AM][DEBUG][clLedger][Save][00000000-0000-0000-0000-000000000000] Debug Save called
[03/05/2012 10:25:53 AM][INFO][clLedger][CheckChildProgInLedger][00000000-0000-0000-0000-000000000000] CheckChildProgInLedger method called
[03/05/2012 10:25:53 AM][DEBUG][clLedger][CheckChildProgInLedger][00000000-0000-0000-0000-000000000000] Debug CheckChildProgInLedger called
[03/05/2012 10:25:53 AM][INFO][clLedger][CheckChildProgInLedger][00000000-0000-0000-0000-000000000000] CheckChildProgInLedger method called
[03/05/2012 10:25:53 AM][DEBUG][clLedger][CheckChildProgInLedger][00000000-0000-0000-0000-000000000000] Debug CheckChildProgInLedger called
[03/05/2012 10:25:53 AM][INFO][clLedger][CheckChildProgInLedger][00000000-0000-0000-0000-000000000000] CheckChildProgInLedger method called
[03/05/2012 10:25:53 AM][DEBUG][clLedger][CheckChildProgInLedger][00000000-0000-0000-0000-000000000000] Debug CheckChildProgInLedger called
[03/05/2012 10:25:53 AM][INFO][clLedger][CheckChildProgInLedger][00000000-0000-0000-0000-000000000000] CheckChildProgInLedger method called
[03/05/2012 10:25:53 AM][DEBUG][clLedger][CheckChildProgInLedger][00000000-0000-0000-0000-000000000000] Debug CheckChildProgInLedger called
[03/05/2012 10:25:53 AM][INFO][clLedger][CheckChildProgInLedger][00000000-0000-0000-0000-000000000000] CheckChildProgInLedger method called
[03/05/2012 10:25:53 AM][DEBUG][clLedger][CheckChildProgInLedger][00000000-0000-0000-0000-000000000000] Debug CheckChildProgInLedger called
[03/05/2012 10:25:53 AM][INFO][clLedger][CheckChildProgInLedger][00000000-0000-0000-0000-000000000000] CheckChildProgInLedger method called
[03/05/2012 10:25:53 AM][DEBUG][clLedger][CheckChildProgInLedger][00000000-0000-0000-0000-000000000000] Debug CheckChildProgInLedger called
[03/05/2012 10:25:53 AM][INFO][clLedger][CheckChildProgInLedger][00000000-0000-0000-0000-000000000000] CheckChildProgInLedger method called
[03/05/2012 10:25:53 AM][DEBUG][clLedger][CheckChildProgInLedger][00000000-0000-0000-0000-000000000000] Debug CheckChildProgInLedger called
[03/05/2012 10:25:53 AM][INFO][clLedger][CheckChildProgInLedger][00000000-0000-0000-0000-000000000000] CheckChildProgInLedger method called
[03/05/2012 10:25:53 AM][DEBUG][clLedger][CheckChildProgInLedger][00000000-0000-0000-0000-000000000000] Debug CheckChildProgInLedger called
[03/05/2012 10:25:53 AM][INFO][clLedger][CheckChildProgInLedger][00000000-0000-0000-0000-000000000000] CheckChildProgInLedger method called
[03/05/2012 10:25:53 AM][DEBUG][clLedger][CheckChildProgInLedger][00000000-0000-0000-0000-000000000000] Debug CheckChildProgInLedger called
[03/05/2012 10:25:53 AM][INFO][clLedger][CheckChildProgInLedger][00000000-0000-0000-0000-000000000000] CheckChildProgInLedger method called
[03/05/2012 10:25:53 AM][DEBUG][clLedger][CheckChildProgInLedger][00000000-0000-0000-0000-000000000000] Debug CheckChildProgInLedger called
[03/05/2012 10:25:53 AM][INFO][clLedger][CheckChildProgInLedger][00000000-0000-0000-0000-000000000000] CheckChildProgInLedger method called
[03/05/2012 10:25:53 AM][DEBUG][clLedger][CheckChildProgInLedger][00000000-0000-0000-0000-000000000000] Debug CheckChildProgInLedger called
[03/05/2012 10:25:53 AM][INFO][clLedger][CheckChildProgInLedger][00000000-0000-0000-0000-000000000000] CheckChildProgInLedger method called
[03/05/2012 10:25:53 AM][DEBUG][clLedger][CheckChildProgInLedger][00000000-0000-0000-0000-000000000000] Debug CheckChildProgInLedger called
[03/05/2012 10:25:53 AM][INFO][clLedger][CheckChildProgInLedger][00000000-0000-0000-0000-000000000000] CheckChildProgInLedger method called
[03/05/2012 10:25:53 AM][DEBUG][clLedger][CheckChildProgInLedger][00000000-0000-0000-0000-000000000000] Debug CheckChildProgInLedger called
[03/05/2012 10:25:53 AM][INFO][clLedger][CheckChildProgInLedger][00000000-0000-0000-0000-000000000000] CheckChildProgInLedger method called
[03/05/2012 10:25:53 AM][DEBUG][clLedger][CheckChildProgInLedger][00000000-0000-0000-0000-000000000000] Debug CheckChildProgInLedger called
[03/05/2012 10:25:53 AM][INFO][clLedger][CheckChildProgInLedger][00000000-0000-0000-0000-000000000000] CheckChildProgInLedger method called
[03/05/2012 10:25:53 AM][DEBUG][clLedger][CheckChildProgInLedger][00000000-0000-0000-0000-000000000000] Debug CheckChildProgInLedger called
[03/05/2012 10:25:53 AM][INFO][clLedger][CheckChildProgInLedger][00000000-0000-0000-0000-000000000000] CheckChildProgInLedger method called
[03/05/2012 10:25:53 AM][DEBUG][clLedger][CheckChildProgInLedger][00000000-0000-0000-0000-000000000000] Debug CheckChildProgInLedger called
[03/05/2012 10:25:53 AM][INFO][clLedger][CheckChildProgInLedger][00000000-0000-0000-0000-000000000000] CheckChildProgInLedger method called
[03/05/2012 10:25:53 AM][DEBUG][clLedger][CheckChildProgInLedger][00000000-0000-0000-0000-000000000000] Debug CheckChildProgInLedger called
[03/05/2012 10:25:53 AM][INFO][clLedger][CheckChildProgInLedger][00000000-0000-0000-0000-000000000000] CheckChildProgInLedger method called
[03/05/2012 10:25:53 AM][DEBUG][clLedger][CheckChildProgInLedger][00000000-0000-0000-0000-000000000000] Debug CheckChildProgInLedger called
[03/05/2012 10:25:53 AM][INFO][clLedger][CheckChildProgInLedger][00000000-0000-0000-0000-000000000000] CheckChildProgInLedger method called
[03/05/2012 10:25:53 AM][DEBUG][clLedger][CheckChildProgInLedger][00000000-0000-0000-0000-000000000000] Debug CheckChildProgInLedger called
[03/05/2012 10:25:53 AM][INFO][clLedger][CheckChildProgInLedger][00000000-0000-0000-0000-000000000000] CheckChildProgInLedger method called
[03/05/2012 10:25:53 AM][DEBUG][clLedger][CheckChildProgInLedger][00000000-0000-0000-0000-000000000000] Debug CheckChildProgInLedger called
[03/05/2012 10:25:53 AM][INFO][clLedger][CheckChildProgInLedger][00000000-0000-0000-0000-000000000000] CheckChildProgInLedger method called
[03/05/2012 10:25:53 AM][DEBUG][clLedger][CheckChildProgInLedger][00000000-0000-0000-0000-000000000000] Debug CheckChildProgInLedger called
[03/05/2012 10:25:53 AM][INFO][clLedger][CheckChildProgInLedger][00000000-0000-0000-0000-000000000000] CheckChildProgInLedger method called
[03/05/2012 10:25:53 AM][DEBUG][clLedger][CheckChildProgInLedger][00000000-0000-0000-0000-000000000000] Debug CheckChildProgInLedger called
[03/05/2012 10:25:53 AM][INFO][clLedger][CheckChildProgInLedger][00000000-0000-0000-0000-000000000000] CheckChildProgInLedger method called
[03/05/2012 10:25:53 AM][DEBUG][clLedger][CheckChildProgInLedger][00000000-0000-0000-0000-000000000000] Debug CheckChildProgInLedger called
[03/05/2012 10:25:53 AM][INFO][clLedger][CheckChildProgInLedger][00000000-0000-0000-0000-000000000000] CheckChildProgInLedger method called
[03/05/2012 10:25:53 AM][DEBUG][clLedger][CheckChildProgInLedger][00000000-0000-0000-0000-000000000000] Debug CheckChildProgInLedger called
[03/05/2012 10:25:54 AM][INFO][clLedger][CheckChildProgInLedger][00000000-0000-0000-0000-000000000000] CheckChildProgInLedger method called
[03/05/2012 10:25:54 AM][DEBUG][clLedger][CheckChildProgInLedger][00000000-0000-0000-0000-000000000000] Debug CheckChildProgInLedger called
[03/05/2012 10:25:54 AM][INFO][clLedger][CheckChildProgInLedger][00000000-0000-0000-0000-000000000000] CheckChildProgInLedger method called
[03/05/2012 10:25:54 AM][DEBUG][clLedger][CheckChildProgInLedger][00000000-0000-0000-0000-000000000000] Debug CheckChildProgInLedger called
[03/05/2012 10:25:54 AM][INFO][clLedger][CheckChildProgInLedger][00000000-0000-0000-0000-000000000000] CheckChildProgInLedger method called
[03/05/2012 10:25:54 AM][DEBUG][clLedger][CheckChildProgInLedger][00000000-0000-0000-0000-000000000000] Debug CheckChildProgInLedger called
[03/05/2012 10:25:54 AM][INFO][clLedger][CheckChildProgInLedger][00000000-0000-0000-0000-000000000000] CheckChildProgInLedger method called
[03/05/2012 10:25:54 AM][DEBUG][clLedger][CheckChildProgInLedger][00000000-0000-0000-0000-000000000000] Debug CheckChildProgInLedger called
[03/05/2012 10:25:54 AM][INFO][clLedger][CheckChildProgInLedger][00000000-0000-0000-0000-000000000000] CheckChildProgInLedger method called
[03/05/2012 10:25:54 AM][DEBUG][clLedger][CheckChildProgInLedger][00000000-0000-0000-0000-000000000000] Debug CheckChildProgInLedger called
[03/05/2012 10:25:54 AM][INFO][clLedger][CheckChildProgInLedger][00000000-0000-0000-0000-000000000000] CheckChildProgInLedger method called
[03/05/2012 10:25:54 AM][DEBUG][clLedger][CheckChildProgInLedger][00000000-0000-0000-0000-000000000000] Debug CheckChildProgInLedger called
[03/05/2012 10:25:54 AM][INFO][clLedger][CheckChildProgInLedger][00000000-0000-0000-0000-000000000000] CheckChildProgInLedger method called
[03/05/2012 10:25:54 AM][DEBUG][clLedger][CheckChildProgInLedger][00000000-0000-0000-0000-000000000000] Debug CheckChildProgInLedger called
[03/05/2012 10:25:54 AM][INFO][clLedger][CheckChildProgInLedger][00000000-0000-0000-0000-000000000000] CheckChildProgInLedger method called
[03/05/2012 10:25:54 AM][DEBUG][clLedger][CheckChildProgInLedger][00000000-0000-0000-0000-000000000000] Debug CheckChildProgInLedger called
[03/05/2012 10:25:54 AM][INFO][clLedger][CheckChildProgInLedger][00000000-0000-0000-0000-000000000000] CheckChildProgInLedger method called
[03/05/2012 10:25:54 AM][DEBUG][clLedger][CheckChildProgInLedger][00000000-0000-0000-0000-000000000000] Debug CheckChildProgInLedger called
[03/05/2012 10:25:54 AM][INFO][clLedger][CheckChildProgInLedger][00000000-0000-0000-0000-000000000000] CheckChildProgInLedger method called
[03/05/2012 10:25:54 AM][DEBUG][clLedger][CheckChildProgInLedger][00000000-0000-0000-0000-000000000000] Debug CheckChildProgInLedger called
[03/05/2012 10:25:54 AM][INFO][clLedger][CheckChildProgInLedger][00000000-0000-0000-0000-000000000000] CheckChildProgInLedger method called
[03/05/2012 10:25:54 AM][DEBUG][clLedger][CheckChildProgInLedger][00000000-0000-0000-0000-000000000000] Debug CheckChildProgInLedger called
[03/05/2012 10:25:54 AM][INFO][clLedger][CheckChildProgInLedger][00000000-0000-0000-0000-000000000000] CheckChildProgInLedger method called
[03/05/2012 10:25:54 AM][DEBUG][clLedger][CheckChildProgInLedger][00000000-0000-0000-0000-000000000000] Debug CheckChildProgInLedger called
[03/05/2012 10:25:54 AM][INFO][clLedger][CheckChildProgInLedger][00000000-0000-0000-0000-000000000000] CheckChildProgInLedger method called
[03/05/2012 10:25:54 AM][DEBUG][clLedger][CheckChildProgInLedger][00000000-0000-0000-0000-000000000000] Debug CheckChildProgInLedger called
[03/05/2012 10:25:54 AM][INFO][clLedger][CheckChildProgInLedger][00000000-0000-0000-0000-000000000000] CheckChildProgInLedger method called
[03/05/2012 10:25:54 AM][DEBUG][clLedger][CheckChildProgInLedger][00000000-0000-0000-0000-000000000000] Debug CheckChildProgInLedger called
[03/05/2012 10:25:54 AM][INFO][clLedger][CheckChildProgInLedger][00000000-0000-0000-0000-000000000000] CheckChildProgInLedger method called
[03/05/2012 10:25:54 AM][DEBUG][clLedger][CheckChildProgInLedger][00000000-0000-0000-0000-000000000000] Debug CheckChildProgInLedger called
[03/05/2012 10:25:54 AM][INFO][clSchoolYear][LoadAllSchoolYear][00000000-0000-0000-0000-000000000000] Execute LoadAllSchoolYear Method
[03/05/2012 10:25:54 AM][DEBUG][clSchoolYear][LoadAllSchoolYear][00000000-0000-0000-0000-000000000000] Debug LoadAllSchoolYear Method
[03/05/2012 10:25:54 AM][INFO][clSchool][LoadSchoolInfo][00000000-0000-0000-0000-000000000000] LoadSchoolInfo method called
[03/05/2012 10:25:54 AM][DEBUG][clSchool][LoadSchoolInfo][00000000-0000-0000-0000-000000000000] Debug LoadSchoolInfo called
[03/05/2012 10:25:54 AM][INFO][clLedgerOfFamily][LoadChildFamily][00000000-0000-0000-0000-000000000000] Execute LoadChildFamily Method
[03/05/2012 10:25:54 AM][DEBUG][clLedgerOfFamily][LoadChildFamily][00000000-0000-0000-0000-000000000000] Debug LoadChildFamily Method
[03/05/2012 10:25:59 AM][INFO][clLedger][LoadChargeCode][00000000-0000-0000-0000-000000000000] Execute LoadChargeCode Method
[03/05/2012 10:25:59 AM][DEBUG][clLedger][LoadChargeCode][00000000-0000-0000-0000-000000000000] Debug LoadChargeCode Method
[03/05/2012 10:25:59 AM][INFO][clSchoolYear][GetCurrentSchoolYear][00000000-0000-0000-0000-000000000000] Execute GetCurrentSchoolYear Method
[03/05/2012 10:25:59 AM][DEBUG][clSchoolYear][GetCurrentSchoolYear][00000000-0000-0000-0000-000000000000] Debug GetCurrentSchoolYear Method
[03/05/2012 10:25:59 AM][INFO][clSchoolYear][LoadAllSchoolYear][00000000-0000-0000-0000-000000000000] Execute LoadAllSchoolYear Method
[03/05/2012 10:25:59 AM][DEBUG][clSchoolYear][LoadAllSchoolYear][00000000-0000-0000-0000-000000000000] Debug LoadAllSchoolYear Method
[03/05/2012 10:25:59 AM][INFO][clLedger][LoadLedgerDetail][00000000-0000-0000-0000-000000000000] Execute LoadLedgerDetail Method
[03/05/2012 10:25:59 AM][DEBUG][clLedger][LoadLedgerDetail][00000000-0000-0000-0000-000000000000] Debug LoadLedgerDetail Method
[03/05/2012 10:25:59 AM][EXCEPTION][clLedger][GetPreviousYearClosingBalance][00000000-0000-0000-0000-000000000000] Could not find stored procedure 'dbo.spGetLastYearClosingBalance'.
[03/05/2012 10:26:02 AM][INFO][clSchoolYear][GetCurrentSchoolYear][00000000-0000-0000-0000-000000000000] Execute GetCurrentSchoolYear Method
[03/05/2012 10:26:02 AM][DEBUG][clSchoolYear][GetCurrentSchoolYear][00000000-0000-0000-0000-000000000000] Debug GetCurrentSchoolYear Method
[03/05/2012 10:26:02 AM][INFO][clSchoolYear][LoadAllSchoolYear][00000000-0000-0000-0000-000000000000] Execute LoadAllSchoolYear Method
[03/05/2012 10:26:02 AM][DEBUG][clSchoolYear][LoadAllSchoolYear][00000000-0000-0000-0000-000000000000] Debug LoadAllSchoolYear Method
[03/05/2012 10:26:16 AM][EXCEPTION][clLedger][GetPreviousYearClosingBalance][00000000-0000-0000-0000-000000000000] Could not find stored procedure 'dbo.spGetLastYearClosingBalance'.
[03/05/2012 3:47:12 PM][INFO][clStaff][LoadStaffDetailsByUserNameAndPassword][00000000-0000-0000-0000-000000000000] Execute LoadStaffDetailsByUserNameAndPassword Method
[03/05/2012 3:47:12 PM][DEBUG][clStaff][LoadStaffDetailsByUserNameAndPassword][00000000-0000-0000-0000-000000000000] Debug LoadStaffDetailsByUserNameAndPassword Method
[03/05/2012 3:47:16 PM][INFO][clSchoolYear][LoadAllSchoolYear][00000000-0000-0000-0000-000000000000] Execute LoadAllSchoolYear Method
[03/05/2012 3:47:16 PM][DEBUG][clSchoolYear][LoadAllSchoolYear][00000000-0000-0000-0000-000000000000] Debug LoadAllSchoolYear Method
[03/05/2012 3:47:23 PM][INFO][Ledger][GetChildProgEnrollmentFeeDetail][00000000-0000-0000-0000-000000000000] GetChildProgEnrollmentFeeDetail method called
[03/05/2012 3:47:23 PM][DEBUG][Ledger][GetChildProgEnrollmentFeeDetail][00000000-0000-0000-0000-000000000000] Debug GetChildProgEnrollmentFeeDetail called
[03/05/2012 3:47:23 PM][INFO][clLedger][GetChildProgEnrollmentFeeDetail][00000000-0000-0000-0000-000000000000] GetChildProgEnrollmentFeeDetail method called
[03/05/2012 3:47:23 PM][DEBUG][clLedger][GetChildProgEnrollmentFeeDetail][00000000-0000-0000-0000-000000000000] Debug GetChildProgEnrollmentFeeDetail called
[03/05/2012 3:47:23 PM][INFO][clLedger][GetLastTransactionDate][00000000-0000-0000-0000-000000000000] GetLastTransactionDate method called
[03/05/2012 3:47:23 PM][DEBUG][clLedger][GetLastTransactionDate][00000000-0000-0000-0000-000000000000] Debug GetLastTransactionDate called
[03/05/2012 3:47:23 PM][INFO][clLedger][GetLastTransactionDate][00000000-0000-0000-0000-000000000000] GetLastTransactionDate method called
[03/05/2012 3:47:23 PM][DEBUG][clLedger][GetLastTransactionDate][00000000-0000-0000-0000-000000000000] Debug GetLastTransactionDate called
[03/05/2012 3:47:23 PM][INFO][clLedger][GetLastTransactionDate][00000000-0000-0000-0000-000000000000] GetLastTransactionDate method called
[03/05/2012 3:47:23 PM][DEBUG][clLedger][GetLastTransactionDate][00000000-0000-0000-0000-000000000000] Debug GetLastTransactionDate called
[03/05/2012 3:47:23 PM][INFO][clLedger][GetLastTransactionDate][00000000-0000-0000-0000-000000000000] GetLastTransactionDate method called
[03/05/2012 3:47:23 PM][DEBUG][clLedger][GetLastTransactionDate][00000000-0000-0000-0000-000000000000] Debug GetLastTransactionDate called
[03/05/2012 3:47:23 PM][INFO][clLedger][GetLastTransactionDate][00000000-0000-0000-0000-000000000000] GetLastTransactionDate method called
[03/05/2012 3:47:23 PM][DEBUG][clLedger][GetLastTransactionDate][00000000-0000-0000-0000-000000000000] Debug GetLastTransactionDate called
[03/05/2012 3:47:23 PM][INFO][clLedger][GetLastTransactionDate][00000000-0000-0000-0000-000000000000] GetLastTransactionDate method called
[03/05/2012 3:47:23 PM][DEBUG][clLedger][GetLastTransactionDate][00000000-0000-0000-0000-000000000000] Debug GetLastTransactionDate called
[03/05/2012 3:47:23 PM][INFO][clLedger][GetLastTransactionDate][00000000-0000-0000-0000-000000000000] GetLastTransactionDate method called
[03/05/2012 3:47:23 PM][DEBUG][clLedger][GetLastTransactionDate][00000000-0000-0000-0000-000000000000] Debug GetLastTransactionDate called
[03/05/2012 3:47:23 PM][INFO][clLedger][GetLastTransactionDate][00000000-0000-0000-0000-000000000000] GetLastTransactionDate method called
[03/05/2012 3:47:23 PM][DEBUG][clLedger][GetLastTransactionDate][00000000-0000-0000-0000-000000000000] Debug GetLastTransactionDate called
[03/05/2012 3:47:23 PM][INFO][clLedger][GetLastTransactionDate][00000000-0000-0000-0000-000000000000] GetLastTransactionDate method called
[03/05/2012 3:47:23 PM][DEBUG][clLedger][GetLastTransactionDate][00000000-0000-0000-0000-000000000000] Debug GetLastTransactionDate called
[03/05/2012 3:47:23 PM][INFO][clLedger][GetLastTransactionDate][00000000-0000-0000-0000-000000000000] GetLastTransactionDate method called
[03/05/2012 3:47:23 PM][DEBUG][clLedger][GetLastTransactionDate][00000000-0000-0000-0000-000000000000] Debug GetLastTransactionDate called
[03/05/2012 3:47:23 PM][INFO][clLedger][GetLastTransactionDate][00000000-0000-0000-0000-000000000000] GetLastTransactionDate method called
[03/05/2012 3:47:24 PM][DEBUG][clLedger][GetLastTransactionDate][00000000-0000-0000-0000-000000000000] Debug GetLastTransactionDate called
[03/05/2012 3:47:24 PM][INFO][clLedger][GetLastTransactionDate][00000000-0000-0000-0000-000000000000] GetLastTransactionDate method called
[03/05/2012 3:47:24 PM][DEBUG][clLedger][GetLastTransactionDate][00000000-0000-0000-0000-000000000000] Debug GetLastTransactionDate called
[03/05/2012 3:47:24 PM][INFO][clLedger][GetLastTransactionDate][00000000-0000-0000-0000-000000000000] GetLastTransactionDate method called
[03/05/2012 3:47:24 PM][DEBUG][clLedger][GetLastTransactionDate][00000000-0000-0000-0000-000000000000] Debug GetLastTransactionDate called
[03/05/2012 3:47:24 PM][INFO][clLedger][GetLastTransactionDate][00000000-0000-0000-0000-000000000000] GetLastTransactionDate method called
[03/05/2012 3:47:24 PM][DEBUG][clLedger][GetLastTransactionDate][00000000-0000-0000-0000-000000000000] Debug GetLastTransactionDate called
[03/05/2012 3:47:24 PM][INFO][clLedger][GetLastTransactionDate][00000000-0000-0000-0000-000000000000] GetLastTransactionDate method called
[03/05/2012 3:47:24 PM][DEBUG][clLedger][GetLastTransactionDate][00000000-0000-0000-0000-000000000000] Debug GetLastTransactionDate called
[03/05/2012 3:47:24 PM][INFO][clLedger][GetLastTransactionDate][00000000-0000-0000-0000-000000000000] GetLastTransactionDate method called
[03/05/2012 3:47:24 PM][DEBUG][clLedger][GetLastTransactionDate][00000000-0000-0000-0000-000000000000] Debug GetLastTransactionDate called
[03/05/2012 3:47:24 PM][INFO][clLedger][GetLastTransactionDate][00000000-0000-0000-0000-000000000000] GetLastTransactionDate method called
[03/05/2012 3:47:24 PM][DEBUG][clLedger][GetLastTransactionDate][00000000-0000-0000-0000-000000000000] Debug GetLastTransactionDate called
[03/05/2012 3:47:24 PM][INFO][clLedger][GetLastTransactionDate][00000000-0000-0000-0000-000000000000] GetLastTransactionDate method called
[03/05/2012 3:47:24 PM][DEBUG][clLedger][GetLastTransactionDate][00000000-0000-0000-0000-000000000000] Debug GetLastTransactionDate called
[03/05/2012 3:47:24 PM][INFO][clLedger][GetLastTransactionDate][00000000-0000-0000-0000-000000000000] GetLastTransactionDate method called
[03/05/2012 3:47:24 PM][DEBUG][clLedger][GetLastTransactionDate][00000000-0000-0000-0000-000000000000] Debug GetLastTransactionDate called
[03/05/2012 3:47:24 PM][INFO][clLedger][GetLastTransactionDate][00000000-0000-0000-0000-000000000000] GetLastTransactionDate method called
[03/05/2012 3:47:24 PM][DEBUG][clLedger][GetLastTransactionDate][00000000-0000-0000-0000-000000000000] Debug GetLastTransactionDate called
[03/05/2012 3:47:24 PM][INFO][clLedger][GetLastTransactionDate][00000000-0000-0000-0000-000000000000] GetLastTransactionDate method called
[03/05/2012 3:47:24 PM][DEBUG][clLedger][GetLastTransactionDate][00000000-0000-0000-0000-000000000000] Debug GetLastTransactionDate called
[03/05/2012 3:47:24 PM][INFO][clLedger][GetLastTransactionDate][00000000-0000-0000-0000-000000000000] GetLastTransactionDate method called
[03/05/2012 3:47:24 PM][DEBUG][clLedger][GetLastTransactionDate][00000000-0000-0000-0000-000000000000] Debug GetLastTransactionDate called
[03/05/2012 3:47:24 PM][INFO][clLedger][GetLastTransactionDate][00000000-0000-0000-0000-000000000000] GetLastTransactionDate method called
[03/05/2012 3:47:24 PM][DEBUG][clLedger][GetLastTransactionDate][00000000-0000-0000-0000-000000000000] Debug GetLastTransactionDate called
[03/05/2012 3:47:24 PM][INFO][clLedger][GetLastTransactionDate][00000000-0000-0000-0000-000000000000] GetLastTransactionDate method called
[03/05/2012 3:47:24 PM][DEBUG][clLedger][GetLastTransactionDate][00000000-0000-0000-0000-000000000000] Debug GetLastTransactionDate called
[03/05/2012 3:47:24 PM][INFO][clLedger][GetLastTransactionDate][00000000-0000-0000-0000-000000000000] GetLastTransactionDate method called
[03/05/2012 3:47:24 PM][DEBUG][clLedger][GetLastTransactionDate][00000000-0000-0000-0000-000000000000] Debug GetLastTransactionDate called
[03/05/2012 3:47:24 PM][INFO][clLedger][GetLastTransactionDate][00000000-0000-0000-0000-000000000000] GetLastTransactionDate method called
[03/05/2012 3:47:24 PM][DEBUG][clLedger][GetLastTransactionDate][00000000-0000-0000-0000-000000000000] Debug GetLastTransactionDate called
[03/05/2012 3:47:24 PM][INFO][clLedger][GetLastTransactionDate][00000000-0000-0000-0000-000000000000] GetLastTransactionDate method called
[03/05/2012 3:47:24 PM][DEBUG][clLedger][GetLastTransactionDate][00000000-0000-0000-0000-000000000000] Debug GetLastTransactionDate called
[03/05/2012 3:47:24 PM][INFO][clLedger][GetLastTransactionDate][00000000-0000-0000-0000-000000000000] GetLastTransactionDate method called
[03/05/2012 3:47:24 PM][DEBUG][clLedger][GetLastTransactionDate][00000000-0000-0000-0000-000000000000] Debug GetLastTransactionDate called
[03/05/2012 3:47:24 PM][INFO][clLedger][GetLastTransactionDate][00000000-0000-0000-0000-000000000000] GetLastTransactionDate method called
[03/05/2012 3:47:24 PM][DEBUG][clLedger][GetLastTransactionDate][00000000-0000-0000-0000-000000000000] Debug GetLastTransactionDate called
[03/05/2012 3:47:24 PM][INFO][clLedger][GetLastTransactionDate][00000000-0000-0000-0000-000000000000] GetLastTransactionDate method called
[03/05/2012 3:47:24 PM][DEBUG][clLedger][GetLastTransactionDate][00000000-0000-0000-0000-000000000000] Debug GetLastTransactionDate called
[03/05/2012 3:47:24 PM][INFO][clLedger][GetLastTransactionDate][00000000-0000-0000-0000-000000000000] GetLastTransactionDate method called
[03/05/2012 3:47:24 PM][DEBUG][clLedger][GetLastTransactionDate][00000000-0000-0000-0000-000000000000] Debug GetLastTransactionDate called
[03/05/2012 3:47:24 PM][INFO][clLedger][GetLastTransactionDate][00000000-0000-0000-0000-000000000000] GetLastTransactionDate method called
[03/05/2012 3:47:24 PM][DEBUG][clLedger][GetLastTransactionDate][00000000-0000-0000-0000-000000000000] Debug GetLastTransactionDate called
[03/05/2012 3:47:24 PM][INFO][clLedger][GetLastTransactionDate][00000000-0000-0000-0000-000000000000] GetLastTransactionDate method called
[03/05/2012 3:47:24 PM][DEBUG][clLedger][GetLastTransactionDate][00000000-0000-0000-0000-000000000000] Debug GetLastTransactionDate called
[03/05/2012 3:47:24 PM][INFO][clLedger][GetLastTransactionDate][00000000-0000-0000-0000-000000000000] GetLastTransactionDate method called
[03/05/2012 3:47:24 PM][DEBUG][clLedger][GetLastTransactionDate][00000000-0000-0000-0000-000000000000] Debug GetLastTransactionDate called
[03/05/2012 3:47:24 PM][INFO][clLedger][GetLastTransactionDate][00000000-0000-0000-0000-000000000000] GetLastTransactionDate method called
[03/05/2012 3:47:24 PM][DEBUG][clLedger][GetLastTransactionDate][00000000-0000-0000-0000-000000000000] Debug GetLastTransactionDate called
[03/05/2012 3:47:24 PM][INFO][clLedger][GetLastTransactionDate][00000000-0000-0000-0000-000000000000] GetLastTransactionDate method called
[03/05/2012 3:47:24 PM][DEBUG][clLedger][GetLastTransactionDate][00000000-0000-0000-0000-000000000000] Debug GetLastTransactionDate called
[03/05/2012 3:47:24 PM][INFO][clLedger][GetLastTransactionDate][00000000-0000-0000-0000-000000000000] GetLastTransactionDate method called
[03/05/2012 3:47:24 PM][DEBUG][clLedger][GetLastTransactionDate][00000000-0000-0000-0000-000000000000] Debug GetLastTransactionDate called
[03/05/2012 3:47:24 PM][INFO][clLedger][GetLastTransactionDate][00000000-0000-0000-0000-000000000000] GetLastTransactionDate method called
[03/05/2012 3:47:24 PM][DEBUG][clLedger][GetLastTransactionDate][00000000-0000-0000-0000-000000000000] Debug GetLastTransactionDate called
[03/05/2012 3:47:24 PM][INFO][clLedger][GetLastTransactionDate][00000000-0000-0000-0000-000000000000] GetLastTransactionDate method called
[03/05/2012 3:47:24 PM][DEBUG][clLedger][GetLastTransactionDate][00000000-0000-0000-0000-000000000000] Debug GetLastTransactionDate called
[03/05/2012 3:47:24 PM][INFO][clLedger][GetLastTransactionDate][00000000-0000-0000-0000-000000000000] GetLastTransactionDate method called
[03/05/2012 3:47:24 PM][DEBUG][clLedger][GetLastTransactionDate][00000000-0000-0000-0000-000000000000] Debug GetLastTransactionDate called
[03/05/2012 3:47:24 PM][INFO][clLedger][GetLastTransactionDate][00000000-0000-0000-0000-000000000000] GetLastTransactionDate method called
[03/05/2012 3:47:24 PM][DEBUG][clLedger][GetLastTransactionDate][00000000-0000-0000-0000-000000000000] Debug GetLastTransactionDate called
[03/05/2012 3:47:24 PM][INFO][clLedger][GetLastTransactionDate][00000000-0000-0000-0000-000000000000] GetLastTransactionDate method called
[03/05/2012 3:47:24 PM][DEBUG][clLedger][GetLastTransactionDate][00000000-0000-0000-0000-000000000000] Debug GetLastTransactionDate called
[03/05/2012 3:47:24 PM][INFO][clLedger][GetLastTransactionDate][00000000-0000-0000-0000-000000000000] GetLastTransactionDate method called
[03/05/2012 3:47:24 PM][DEBUG][clLedger][GetLastTransactionDate][00000000-0000-0000-0000-000000000000] Debug GetLastTransactionDate called
[03/05/2012 3:47:24 PM][INFO][clSchoolYear][LoadAllSchoolYear][00000000-0000-0000-0000-000000000000] Execute LoadAllSchoolYear Method
[03/05/2012 3:47:24 PM][DEBUG][clSchoolYear][LoadAllSchoolYear][00000000-0000-0000-0000-000000000000] Debug LoadAllSchoolYear Method
[03/05/2012 3:47:24 PM][INFO][clSchool][LoadSchoolInfo][00000000-0000-0000-0000-000000000000] LoadSchoolInfo method called
[03/05/2012 3:47:24 PM][DEBUG][clSchool][LoadSchoolInfo][00000000-0000-0000-0000-000000000000] Debug LoadSchoolInfo called
[03/05/2012 3:47:24 PM][INFO][clLedgerOfFamily][LoadChildFamily][00000000-0000-0000-0000-000000000000] Execute LoadChildFamily Method
[03/05/2012 3:47:24 PM][DEBUG][clLedgerOfFamily][LoadChildFamily][00000000-0000-0000-0000-000000000000] Debug LoadChildFamily Method
[03/05/2012 3:47:30 PM][INFO][clLedger][LoadChargeCode][00000000-0000-0000-0000-000000000000] Execute LoadChargeCode Method
[03/05/2012 3:47:30 PM][DEBUG][clLedger][LoadChargeCode][00000000-0000-0000-0000-000000000000] Debug LoadChargeCode Method
[03/05/2012 3:47:30 PM][INFO][clSchoolYear][GetCurrentSchoolYear][00000000-0000-0000-0000-000000000000] Execute GetCurrentSchoolYear Method
[03/05/2012 3:47:30 PM][DEBUG][clSchoolYear][GetCurrentSchoolYear][00000000-0000-0000-0000-000000000000] Debug GetCurrentSchoolYear Method
[03/05/2012 3:47:30 PM][INFO][clSchoolYear][LoadAllSchoolYear][00000000-0000-0000-0000-000000000000] Execute LoadAllSchoolYear Method
[03/05/2012 3:47:30 PM][DEBUG][clSchoolYear][LoadAllSchoolYear][00000000-0000-0000-0000-000000000000] Debug LoadAllSchoolYear Method
[03/05/2012 3:47:30 PM][INFO][clLedger][LoadLedgerDetail][00000000-0000-0000-0000-000000000000] Execute LoadLedgerDetail Method
[03/05/2012 3:47:30 PM][DEBUG][clLedger][LoadLedgerDetail][00000000-0000-0000-0000-000000000000] Debug LoadLedgerDetail Method
[03/05/2012 3:47:41 PM][INFO][clLedger][LoadChargeCode][00000000-0000-0000-0000-000000000000] Execute LoadChargeCode Method
[03/05/2012 3:47:41 PM][DEBUG][clLedger][LoadChargeCode][00000000-0000-0000-0000-000000000000] Debug LoadChargeCode Method
[03/05/2012 3:47:41 PM][INFO][clSchoolYear][GetCurrentSchoolYear][00000000-0000-0000-0000-000000000000] Execute GetCurrentSchoolYear Method
[03/05/2012 3:47:41 PM][DEBUG][clSchoolYear][GetCurrentSchoolYear][00000000-0000-0000-0000-000000000000] Debug GetCurrentSchoolYear Method
[03/05/2012 3:47:41 PM][INFO][clSchoolYear][LoadAllSchoolYear][00000000-0000-0000-0000-000000000000] Execute LoadAllSchoolYear Method
[03/05/2012 3:47:41 PM][DEBUG][clSchoolYear][LoadAllSchoolYear][00000000-0000-0000-0000-000000000000] Debug LoadAllSchoolYear Method
[03/05/2012 3:47:41 PM][INFO][clLedger][LoadLedgerDetail][00000000-0000-0000-0000-000000000000] Execute LoadLedgerDetail Method
[03/05/2012 3:47:41 PM][DEBUG][clLedger][LoadLedgerDetail][00000000-0000-0000-0000-000000000000] Debug LoadLedgerDetail Method
[03/05/2012 3:47:43 PM][INFO][clSchoolYear][GetCurrentSchoolYear][00000000-0000-0000-0000-000000000000] Execute GetCurrentSchoolYear Method
[03/05/2012 3:47:43 PM][DEBUG][clSchoolYear][GetCurrentSchoolYear][00000000-0000-0000-0000-000000000000] Debug GetCurrentSchoolYear Method
[03/05/2012 3:47:44 PM][INFO][clSchoolYear][LoadAllSchoolYear][00000000-0000-0000-0000-000000000000] Execute LoadAllSchoolYear Method
[03/05/2012 3:47:44 PM][DEBUG][clSchoolYear][LoadAllSchoolYear][00000000-0000-0000-0000-000000000000] Debug LoadAllSchoolYear Method
