[03/15/2012 2:11:28 PM][INFO][clStaff][LoadStaffDetailsByUserNameAndPassword][00000000-0000-0000-0000-000000000000] Execute LoadStaffDetailsByUserNameAndPassword Method
[03/15/2012 2:11:28 PM][DEBUG][clStaff][LoadStaffDetailsByUserNameAndPassword][00000000-0000-0000-0000-000000000000] Debug LoadStaffDetailsByUserNameAndPassword Method
[03/15/2012 2:11:35 PM][INFO][clStaff][LoadStaffDetailsByUserNameAndPassword][00000000-0000-0000-0000-000000000000] Execute LoadStaffDetailsByUserNameAndPassword Method
[03/15/2012 2:11:35 PM][DEBUG][clStaff][LoadStaffDetailsByUserNameAndPassword][00000000-0000-0000-0000-000000000000] Debug LoadStaffDetailsByUserNameAndPassword Method
[03/15/2012 2:11:40 PM][INFO][clSchoolYear][LoadAllSchoolYear][00000000-0000-0000-0000-000000000000] Execute LoadAllSchoolYear Method
[03/15/2012 2:11:40 PM][DEBUG][clSchoolYear][LoadAllSchoolYear][00000000-0000-0000-0000-000000000000] Debug LoadAllSchoolYear Method
[03/15/2012 2:11:47 PM][INFO][Ledger][GetChildProgEnrollmentFeeDetail][00000000-0000-0000-0000-000000000000] GetChildProgEnrollmentFeeDetail method called
[03/15/2012 2:11:47 PM][DEBUG][Ledger][GetChildProgEnrollmentFeeDetail][00000000-0000-0000-0000-000000000000] Debug GetChildProgEnrollmentFeeDetail called
[03/15/2012 2:11:47 PM][INFO][clLedger][GetChildProgEnrollmentFeeDetail][00000000-0000-0000-0000-000000000000] GetChildProgEnrollmentFeeDetail method called
[03/15/2012 2:11:47 PM][DEBUG][clLedger][GetChildProgEnrollmentFeeDetail][00000000-0000-0000-0000-000000000000] Debug GetChildProgEnrollmentFeeDetail called
[03/15/2012 2:11:47 PM][INFO][clLedger][GetLastTransactionDate][00000000-0000-0000-0000-000000000000] GetLastTransactionDate method called
[03/15/2012 2:11:47 PM][DEBUG][clLedger][GetLastTransactionDate][00000000-0000-0000-0000-000000000000] Debug GetLastTransactionDate called
[03/15/2012 2:11:47 PM][INFO][clLedger][GetLastTransactionDate][00000000-0000-0000-0000-000000000000] GetLastTransactionDate method called
[03/15/2012 2:11:47 PM][DEBUG][clLedger][GetLastTransactionDate][00000000-0000-0000-0000-000000000000] Debug GetLastTransactionDate called
[03/15/2012 2:11:47 PM][INFO][clLedger][GetLastTransactionDate][00000000-0000-0000-0000-000000000000] GetLastTransactionDate method called
[03/15/2012 2:11:47 PM][DEBUG][clLedger][GetLastTransactionDate][00000000-0000-0000-0000-000000000000] Debug GetLastTransactionDate called
[03/15/2012 2:11:47 PM][INFO][clLedger][GetLastTransactionDate][00000000-0000-0000-0000-000000000000] GetLastTransactionDate method called
[03/15/2012 2:11:47 PM][DEBUG][clLedger][GetLastTransactionDate][00000000-0000-0000-0000-000000000000] Debug GetLastTransactionDate called
[03/15/2012 2:11:47 PM][INFO][clLedger][GetLastTransactionDate][00000000-0000-0000-0000-000000000000] GetLastTransactionDate method called
[03/15/2012 2:11:47 PM][DEBUG][clLedger][GetLastTransactionDate][00000000-0000-0000-0000-000000000000] Debug GetLastTransactionDate called
[03/15/2012 2:11:47 PM][INFO][clLedger][GetLastTransactionDate][00000000-0000-0000-0000-000000000000] GetLastTransactionDate method called
[03/15/2012 2:11:47 PM][DEBUG][clLedger][GetLastTransactionDate][00000000-0000-0000-0000-000000000000] Debug GetLastTransactionDate called
[03/15/2012 2:11:47 PM][INFO][clLedger][GetLastTransactionDate][00000000-0000-0000-0000-000000000000] GetLastTransactionDate method called
[03/15/2012 2:11:47 PM][DEBUG][clLedger][GetLastTransactionDate][00000000-0000-0000-0000-000000000000] Debug GetLastTransactionDate called
[03/15/2012 2:11:47 PM][INFO][clLedger][GetLastTransactionDate][00000000-0000-0000-0000-000000000000] GetLastTransactionDate method called
[03/15/2012 2:11:47 PM][DEBUG][clLedger][GetLastTransactionDate][00000000-0000-0000-0000-000000000000] Debug GetLastTransactionDate called
[03/15/2012 2:11:47 PM][INFO][clLedger][GetLastTransactionDate][00000000-0000-0000-0000-000000000000] GetLastTransactionDate method called
[03/15/2012 2:11:47 PM][DEBUG][clLedger][GetLastTransactionDate][00000000-0000-0000-0000-000000000000] Debug GetLastTransactionDate called
[03/15/2012 2:11:47 PM][INFO][clLedger][GetLastTransactionDate][00000000-0000-0000-0000-000000000000] GetLastTransactionDate method called
[03/15/2012 2:11:47 PM][DEBUG][clLedger][GetLastTransactionDate][00000000-0000-0000-0000-000000000000] Debug GetLastTransactionDate called
[03/15/2012 2:11:47 PM][INFO][clLedger][GetLastTransactionDate][00000000-0000-0000-0000-000000000000] GetLastTransactionDate method called
[03/15/2012 2:11:47 PM][DEBUG][clLedger][GetLastTransactionDate][00000000-0000-0000-0000-000000000000] Debug GetLastTransactionDate called
[03/15/2012 2:11:47 PM][INFO][clLedger][GetLastTransactionDate][00000000-0000-0000-0000-000000000000] GetLastTransactionDate method called
[03/15/2012 2:11:47 PM][DEBUG][clLedger][GetLastTransactionDate][00000000-0000-0000-0000-000000000000] Debug GetLastTransactionDate called
[03/15/2012 2:11:47 PM][INFO][clLedger][GetLastTransactionDate][00000000-0000-0000-0000-000000000000] GetLastTransactionDate method called
[03/15/2012 2:11:47 PM][DEBUG][clLedger][GetLastTransactionDate][00000000-0000-0000-0000-000000000000] Debug GetLastTransactionDate called
[03/15/2012 2:11:47 PM][INFO][clLedger][GetLastTransactionDate][00000000-0000-0000-0000-000000000000] GetLastTransactionDate method called
[03/15/2012 2:11:47 PM][DEBUG][clLedger][GetLastTransactionDate][00000000-0000-0000-0000-000000000000] Debug GetLastTransactionDate called
[03/15/2012 2:11:47 PM][INFO][clLedger][GetLastTransactionDate][00000000-0000-0000-0000-000000000000] GetLastTransactionDate method called
[03/15/2012 2:11:47 PM][DEBUG][clLedger][GetLastTransactionDate][00000000-0000-0000-0000-000000000000] Debug GetLastTransactionDate called
[03/15/2012 2:11:47 PM][INFO][clLedger][GetLastTransactionDate][00000000-0000-0000-0000-000000000000] GetLastTransactionDate method called
[03/15/2012 2:11:47 PM][DEBUG][clLedger][GetLastTransactionDate][00000000-0000-0000-0000-000000000000] Debug GetLastTransactionDate called
[03/15/2012 2:11:47 PM][INFO][clLedger][GetLastTransactionDate][00000000-0000-0000-0000-000000000000] GetLastTransactionDate method called
[03/15/2012 2:11:47 PM][DEBUG][clLedger][GetLastTransactionDate][00000000-0000-0000-0000-000000000000] Debug GetLastTransactionDate called
[03/15/2012 2:11:47 PM][INFO][clLedger][GetLastTransactionDate][00000000-0000-0000-0000-000000000000] GetLastTransactionDate method called
[03/15/2012 2:11:47 PM][DEBUG][clLedger][GetLastTransactionDate][00000000-0000-0000-0000-000000000000] Debug GetLastTransactionDate called
[03/15/2012 2:11:47 PM][INFO][clLedger][GetLastTransactionDate][00000000-0000-0000-0000-000000000000] GetLastTransactionDate method called
[03/15/2012 2:11:47 PM][DEBUG][clLedger][GetLastTransactionDate][00000000-0000-0000-0000-000000000000] Debug GetLastTransactionDate called
[03/15/2012 2:11:47 PM][INFO][clLedger][GetLastTransactionDate][00000000-0000-0000-0000-000000000000] GetLastTransactionDate method called
[03/15/2012 2:11:47 PM][DEBUG][clLedger][GetLastTransactionDate][00000000-0000-0000-0000-000000000000] Debug GetLastTransactionDate called
[03/15/2012 2:11:47 PM][INFO][clLedger][GetLastTransactionDate][00000000-0000-0000-0000-000000000000] GetLastTransactionDate method called
[03/15/2012 2:11:47 PM][DEBUG][clLedger][GetLastTransactionDate][00000000-0000-0000-0000-000000000000] Debug GetLastTransactionDate called
[03/15/2012 2:11:47 PM][INFO][clLedger][GetLastTransactionDate][00000000-0000-0000-0000-000000000000] GetLastTransactionDate method called
[03/15/2012 2:11:47 PM][DEBUG][clLedger][GetLastTransactionDate][00000000-0000-0000-0000-000000000000] Debug GetLastTransactionDate called
[03/15/2012 2:11:47 PM][INFO][clLedger][GetLastTransactionDate][00000000-0000-0000-0000-000000000000] GetLastTransactionDate method called
[03/15/2012 2:11:47 PM][DEBUG][clLedger][GetLastTransactionDate][00000000-0000-0000-0000-000000000000] Debug GetLastTransactionDate called
[03/15/2012 2:11:47 PM][INFO][clLedger][GetLastTransactionDate][00000000-0000-0000-0000-000000000000] GetLastTransactionDate method called
[03/15/2012 2:11:47 PM][DEBUG][clLedger][GetLastTransactionDate][00000000-0000-0000-0000-000000000000] Debug GetLastTransactionDate called
[03/15/2012 2:11:47 PM][INFO][clLedger][GetLastTransactionDate][00000000-0000-0000-0000-000000000000] GetLastTransactionDate method called
[03/15/2012 2:11:47 PM][DEBUG][clLedger][GetLastTransactionDate][00000000-0000-0000-0000-000000000000] Debug GetLastTransactionDate called
[03/15/2012 2:11:47 PM][INFO][clLedger][GetLastTransactionDate][00000000-0000-0000-0000-000000000000] GetLastTransactionDate method called
[03/15/2012 2:11:47 PM][DEBUG][clLedger][GetLastTransactionDate][00000000-0000-0000-0000-000000000000] Debug GetLastTransactionDate called
[03/15/2012 2:11:47 PM][INFO][clLedger][GetLastTransactionDate][00000000-0000-0000-0000-000000000000] GetLastTransactionDate method called
[03/15/2012 2:11:47 PM][DEBUG][clLedger][GetLastTransactionDate][00000000-0000-0000-0000-000000000000] Debug GetLastTransactionDate called
[03/15/2012 2:11:47 PM][INFO][clLedger][GetLastTransactionDate][00000000-0000-0000-0000-000000000000] GetLastTransactionDate method called
[03/15/2012 2:11:47 PM][DEBUG][clLedger][GetLastTransactionDate][00000000-0000-0000-0000-000000000000] Debug GetLastTransactionDate called
[03/15/2012 2:11:47 PM][INFO][clLedger][GetLastTransactionDate][00000000-0000-0000-0000-000000000000] GetLastTransactionDate method called
[03/15/2012 2:11:47 PM][DEBUG][clLedger][GetLastTransactionDate][00000000-0000-0000-0000-000000000000] Debug GetLastTransactionDate called
[03/15/2012 2:11:48 PM][INFO][clLedger][GetLastTransactionDate][00000000-0000-0000-0000-000000000000] GetLastTransactionDate method called
[03/15/2012 2:11:48 PM][DEBUG][clLedger][GetLastTransactionDate][00000000-0000-0000-0000-000000000000] Debug GetLastTransactionDate called
[03/15/2012 2:11:48 PM][INFO][clLedger][GetLastTransactionDate][00000000-0000-0000-0000-000000000000] GetLastTransactionDate method called
[03/15/2012 2:11:48 PM][DEBUG][clLedger][GetLastTransactionDate][00000000-0000-0000-0000-000000000000] Debug GetLastTransactionDate called
[03/15/2012 2:11:48 PM][INFO][clLedger][GetLastTransactionDate][00000000-0000-0000-0000-000000000000] GetLastTransactionDate method called
[03/15/2012 2:11:48 PM][DEBUG][clLedger][GetLastTransactionDate][00000000-0000-0000-0000-000000000000] Debug GetLastTransactionDate called
[03/15/2012 2:11:48 PM][INFO][clLedger][GetLastTransactionDate][00000000-0000-0000-0000-000000000000] GetLastTransactionDate method called
[03/15/2012 2:11:48 PM][DEBUG][clLedger][GetLastTransactionDate][00000000-0000-0000-0000-000000000000] Debug GetLastTransactionDate called
[03/15/2012 2:11:48 PM][INFO][clLedger][GetLastTransactionDate][00000000-0000-0000-0000-000000000000] GetLastTransactionDate method called
[03/15/2012 2:11:48 PM][DEBUG][clLedger][GetLastTransactionDate][00000000-0000-0000-0000-000000000000] Debug GetLastTransactionDate called
[03/15/2012 2:11:48 PM][INFO][clLedger][GetLastTransactionDate][00000000-0000-0000-0000-000000000000] GetLastTransactionDate method called
[03/15/2012 2:11:48 PM][DEBUG][clLedger][GetLastTransactionDate][00000000-0000-0000-0000-000000000000] Debug GetLastTransactionDate called
[03/15/2012 2:11:48 PM][INFO][clLedger][GetLastTransactionDate][00000000-0000-0000-0000-000000000000] GetLastTransactionDate method called
[03/15/2012 2:11:48 PM][DEBUG][clLedger][GetLastTransactionDate][00000000-0000-0000-0000-000000000000] Debug GetLastTransactionDate called
[03/15/2012 2:11:48 PM][INFO][clLedger][GetLastTransactionDate][00000000-0000-0000-0000-000000000000] GetLastTransactionDate method called
[03/15/2012 2:11:48 PM][DEBUG][clLedger][GetLastTransactionDate][00000000-0000-0000-0000-000000000000] Debug GetLastTransactionDate called
[03/15/2012 2:11:48 PM][INFO][clLedger][GetLastTransactionDate][00000000-0000-0000-0000-000000000000] GetLastTransactionDate method called
[03/15/2012 2:11:48 PM][DEBUG][clLedger][GetLastTransactionDate][00000000-0000-0000-0000-000000000000] Debug GetLastTransactionDate called
[03/15/2012 2:11:48 PM][INFO][clLedger][GetLastTransactionDate][00000000-0000-0000-0000-000000000000] GetLastTransactionDate method called
[03/15/2012 2:11:48 PM][DEBUG][clLedger][GetLastTransactionDate][00000000-0000-0000-0000-000000000000] Debug GetLastTransactionDate called
[03/15/2012 2:11:48 PM][INFO][clLedger][GetLastTransactionDate][00000000-0000-0000-0000-000000000000] GetLastTransactionDate method called
[03/15/2012 2:11:48 PM][DEBUG][clLedger][GetLastTransactionDate][00000000-0000-0000-0000-000000000000] Debug GetLastTransactionDate called
[03/15/2012 2:11:48 PM][INFO][clLedger][GetLastTransactionDate][00000000-0000-0000-0000-000000000000] GetLastTransactionDate method called
[03/15/2012 2:11:48 PM][DEBUG][clLedger][GetLastTransactionDate][00000000-0000-0000-0000-000000000000] Debug GetLastTransactionDate called
[03/15/2012 2:11:48 PM][INFO][clLedger][GetLastTransactionDate][00000000-0000-0000-0000-000000000000] GetLastTransactionDate method called
[03/15/2012 2:11:48 PM][DEBUG][clLedger][GetLastTransactionDate][00000000-0000-0000-0000-000000000000] Debug GetLastTransactionDate called
[03/15/2012 2:11:48 PM][INFO][clLedger][GetLastTransactionDate][00000000-0000-0000-0000-000000000000] GetLastTransactionDate method called
[03/15/2012 2:11:48 PM][DEBUG][clLedger][GetLastTransactionDate][00000000-0000-0000-0000-000000000000] Debug GetLastTransactionDate called
[03/15/2012 2:11:48 PM][INFO][clSchoolYear][LoadAllSchoolYear][00000000-0000-0000-0000-000000000000] Execute LoadAllSchoolYear Method
[03/15/2012 2:11:48 PM][DEBUG][clSchoolYear][LoadAllSchoolYear][00000000-0000-0000-0000-000000000000] Debug LoadAllSchoolYear Method
[03/15/2012 2:11:48 PM][INFO][clSchool][LoadSchoolInfo][00000000-0000-0000-0000-000000000000] LoadSchoolInfo method called
[03/15/2012 2:11:48 PM][DEBUG][clSchool][LoadSchoolInfo][00000000-0000-0000-0000-000000000000] Debug LoadSchoolInfo called
[03/15/2012 2:11:48 PM][INFO][clLedgerOfFamily][LoadChildFamily][00000000-0000-0000-0000-000000000000] Execute LoadChildFamily Method
[03/15/2012 2:11:48 PM][DEBUG][clLedgerOfFamily][LoadChildFamily][00000000-0000-0000-0000-000000000000] Debug LoadChildFamily Method
[03/15/2012 2:12:05 PM][INFO][clLedger][LoadChargeCode][00000000-0000-0000-0000-000000000000] Execute LoadChargeCode Method
[03/15/2012 2:12:05 PM][DEBUG][clLedger][LoadChargeCode][00000000-0000-0000-0000-000000000000] Debug LoadChargeCode Method
[03/15/2012 2:12:05 PM][INFO][clSchoolYear][GetCurrentSchoolYear][00000000-0000-0000-0000-000000000000] Execute GetCurrentSchoolYear Method
[03/15/2012 2:12:05 PM][DEBUG][clSchoolYear][GetCurrentSchoolYear][00000000-0000-0000-0000-000000000000] Debug GetCurrentSchoolYear Method
[03/15/2012 2:12:05 PM][INFO][clSchoolYear][LoadAllSchoolYear][00000000-0000-0000-0000-000000000000] Execute LoadAllSchoolYear Method
[03/15/2012 2:12:05 PM][DEBUG][clSchoolYear][LoadAllSchoolYear][00000000-0000-0000-0000-000000000000] Debug LoadAllSchoolYear Method
[03/15/2012 2:12:05 PM][INFO][clLedger][LoadLedgerDetail][00000000-0000-0000-0000-000000000000] Execute LoadLedgerDetail Method
[03/15/2012 2:12:05 PM][DEBUG][clLedger][LoadLedgerDetail][00000000-0000-0000-0000-000000000000] Debug LoadLedgerDetail Method
[03/15/2012 2:12:11 PM][INFO][clSchoolYear][GetCurrentSchoolYear][00000000-0000-0000-0000-000000000000] Execute GetCurrentSchoolYear Method
[03/15/2012 2:12:11 PM][DEBUG][clSchoolYear][GetCurrentSchoolYear][00000000-0000-0000-0000-000000000000] Debug GetCurrentSchoolYear Method
[03/15/2012 2:12:13 PM][INFO][clSchoolYear][LoadAllSchoolYear][00000000-0000-0000-0000-000000000000] Execute LoadAllSchoolYear Method
[03/15/2012 2:12:13 PM][DEBUG][clSchoolYear][LoadAllSchoolYear][00000000-0000-0000-0000-000000000000] Debug LoadAllSchoolYear Method
[03/15/2012 2:13:51 PM][INFO][clSchoolYear][LoadAllSchoolYear][00000000-0000-0000-0000-000000000000] Execute LoadAllSchoolYear Method
[03/15/2012 2:13:51 PM][DEBUG][clSchoolYear][LoadAllSchoolYear][00000000-0000-0000-0000-000000000000] Debug LoadAllSchoolYear Method
[03/15/2012 2:13:58 PM][INFO][clLedger][LoadChargeCode][00000000-0000-0000-0000-000000000000] Execute LoadChargeCode Method
[03/15/2012 2:13:58 PM][DEBUG][clLedger][LoadChargeCode][00000000-0000-0000-0000-000000000000] Debug LoadChargeCode Method
[03/15/2012 2:13:58 PM][INFO][clSchoolYear][GetCurrentSchoolYear][00000000-0000-0000-0000-000000000000] Execute GetCurrentSchoolYear Method
[03/15/2012 2:13:58 PM][DEBUG][clSchoolYear][GetCurrentSchoolYear][00000000-0000-0000-0000-000000000000] Debug GetCurrentSchoolYear Method
[03/15/2012 2:13:58 PM][INFO][clSchoolYear][LoadAllSchoolYear][00000000-0000-0000-0000-000000000000] Execute LoadAllSchoolYear Method
[03/15/2012 2:13:58 PM][DEBUG][clSchoolYear][LoadAllSchoolYear][00000000-0000-0000-0000-000000000000] Debug LoadAllSchoolYear Method
[03/15/2012 2:13:58 PM][INFO][clLedger][LoadLedgerDetail][00000000-0000-0000-0000-000000000000] Execute LoadLedgerDetail Method
[03/15/2012 2:13:58 PM][DEBUG][clLedger][LoadLedgerDetail][00000000-0000-0000-0000-000000000000] Debug LoadLedgerDetail Method
[03/15/2012 2:14:06 PM][INFO][clSchoolYear][LoadAllSchoolYear][00000000-0000-0000-0000-000000000000] Execute LoadAllSchoolYear Method
[03/15/2012 2:14:06 PM][DEBUG][clSchoolYear][LoadAllSchoolYear][00000000-0000-0000-0000-000000000000] Debug LoadAllSchoolYear Method
[03/15/2012 2:14:06 PM][INFO][clSchoolProgram][LoadSchoolProgram][00000000-0000-0000-0000-000000000000] Execute LoadSchoolProgram Method
[03/15/2012 2:14:06 PM][DEBUG][clSchoolProgram][LoadSchoolProgram][00000000-0000-0000-0000-000000000000] Debug LoadSchoolProgram Method
[03/15/2012 2:14:06 PM][INFO][clChildProgEnrollment][Save][00000000-0000-0000-0000-000000000000] Execute Save Method
[03/15/2012 2:14:06 PM][DEBUG][clChildProgEnrollment][LoadChildFamily][00000000-0000-0000-0000-000000000000] Debug LoadChildFamily Method
[03/15/2012 2:14:06 PM][INFO][clChildProgEnrollment][Save][00000000-0000-0000-0000-000000000000] Execute Save Method
[03/15/2012 2:14:06 PM][DEBUG][clChildProgEnrollment][LoadChildFamily][00000000-0000-0000-0000-000000000000] Debug LoadChildFamily Method
[03/15/2012 2:14:06 PM][INFO][clChildProgEnrollment][Save][00000000-0000-0000-0000-000000000000] Execute Save Method
[03/15/2012 2:14:06 PM][DEBUG][clChildProgEnrollment][LoadChildFamily][00000000-0000-0000-0000-000000000000] Debug LoadChildFamily Method
[03/15/2012 2:14:06 PM][INFO][clChildProgEnrollment][Save][00000000-0000-0000-0000-000000000000] Execute Save Method
[03/15/2012 2:14:06 PM][DEBUG][clChildProgEnrollment][LoadChildFamily][00000000-0000-0000-0000-000000000000] Debug LoadChildFamily Method
[03/15/2012 2:14:06 PM][INFO][clChildProgEnrollment][Save][00000000-0000-0000-0000-000000000000] Execute Save Method
[03/15/2012 2:14:06 PM][DEBUG][clChildProgEnrollment][LoadChildFamily][00000000-0000-0000-0000-000000000000] Debug LoadChildFamily Method
[03/15/2012 2:14:06 PM][INFO][clChildProgEnrollment][Save][00000000-0000-0000-0000-000000000000] Execute Save Method
[03/15/2012 2:14:06 PM][DEBUG][clChildProgEnrollment][LoadChildFamily][00000000-0000-0000-0000-000000000000] Debug LoadChildFamily Method
[03/15/2012 2:14:06 PM][INFO][clChildProgEnrollment][Save][00000000-0000-0000-0000-000000000000] Execute Save Method
[03/15/2012 2:14:06 PM][DEBUG][clChildProgEnrollment][LoadChildFamily][00000000-0000-0000-0000-000000000000] Debug LoadChildFamily Method
[03/15/2012 2:14:06 PM][INFO][clChildProgEnrollment][Save][00000000-0000-0000-0000-000000000000] Execute Save Method
[03/15/2012 2:14:06 PM][DEBUG][clChildProgEnrollment][LoadChildFamily][00000000-0000-0000-0000-000000000000] Debug LoadChildFamily Method
[03/15/2012 2:14:06 PM][INFO][clChildProgEnrollment][Save][00000000-0000-0000-0000-000000000000] Execute Save Method
[03/15/2012 2:14:06 PM][DEBUG][clChildProgEnrollment][LoadChildFamily][00000000-0000-0000-0000-000000000000] Debug LoadChildFamily Method
[03/15/2012 2:14:06 PM][INFO][clChildProgEnrollment][Save][00000000-0000-0000-0000-000000000000] Execute Save Method
[03/15/2012 2:14:06 PM][DEBUG][clChildProgEnrollment][LoadChildFamily][00000000-0000-0000-0000-000000000000] Debug LoadChildFamily Method
[03/15/2012 2:14:06 PM][INFO][clChildProgEnrollment][Save][00000000-0000-0000-0000-000000000000] Execute Save Method
[03/15/2012 2:14:06 PM][DEBUG][clChildProgEnrollment][LoadChildFamily][00000000-0000-0000-0000-000000000000] Debug LoadChildFamily Method
[03/15/2012 2:14:06 PM][INFO][clChildProgEnrollment][Save][00000000-0000-0000-0000-000000000000] Execute Save Method
[03/15/2012 2:14:06 PM][DEBUG][clChildProgEnrollment][LoadChildFamily][00000000-0000-0000-0000-000000000000] Debug LoadChildFamily Method
[03/15/2012 2:14:06 PM][INFO][clChildProgEnrollment][Save][00000000-0000-0000-0000-000000000000] Execute Save Method
[03/15/2012 2:14:06 PM][DEBUG][clChildProgEnrollment][LoadChildFamily][00000000-0000-0000-0000-000000000000] Debug LoadChildFamily Method
[03/15/2012 2:14:06 PM][INFO][clChildProgEnrollment][Save][00000000-0000-0000-0000-000000000000] Execute Save Method
[03/15/2012 2:14:06 PM][DEBUG][clChildProgEnrollment][LoadChildFamily][00000000-0000-0000-0000-000000000000] Debug LoadChildFamily Method
[03/15/2012 2:14:06 PM][INFO][clChildProgEnrollment][Save][00000000-0000-0000-0000-000000000000] Execute Save Method
[03/15/2012 2:14:06 PM][DEBUG][clChildProgEnrollment][LoadChildFamily][00000000-0000-0000-0000-000000000000] Debug LoadChildFamily Method
[03/15/2012 2:14:16 PM][INFO][clSchoolYear][GetCurrentSchoolYear][00000000-0000-0000-0000-000000000000] Execute GetCurrentSchoolYear Method
[03/15/2012 2:14:16 PM][DEBUG][clSchoolYear][GetCurrentSchoolYear][00000000-0000-0000-0000-000000000000] Debug GetCurrentSchoolYear Method
[03/15/2012 2:14:16 PM][INFO][clSchoolProgram][CheckSchoolProgramInChildEnrolledAndLedger][00000000-0000-0000-0000-000000000000] Execute Save Method
[03/15/2012 2:14:16 PM][DEBUG][clSchoolProgram][CheckSchoolProgramInChildEnrolledAndLedger][00000000-0000-0000-0000-000000000000] Debug CheckSchoolProgramInChildEnrolledAndLedger Method
[03/15/2012 2:14:16 PM][INFO][clSchoolProgram][LoadSchoolProgram][00000000-0000-0000-0000-000000000000] Execute LoadSchoolProgram Method
[03/15/2012 2:14:16 PM][DEBUG][clSchoolProgram][LoadSchoolProgram][00000000-0000-0000-0000-000000000000] Debug LoadSchoolProgram Method
[03/15/2012 2:14:17 PM][INFO][clChildProgEnrollment][Save][00000000-0000-0000-0000-000000000000] Execute Save Method
[03/15/2012 2:14:17 PM][DEBUG][clChildProgEnrollment][LoadChildFamily][00000000-0000-0000-0000-000000000000] Debug LoadChildFamily Method
[03/15/2012 2:14:17 PM][INFO][clChildProgEnrollment][Save][00000000-0000-0000-0000-000000000000] Execute Save Method
[03/15/2012 2:14:17 PM][DEBUG][clChildProgEnrollment][LoadChildFamily][00000000-0000-0000-0000-000000000000] Debug LoadChildFamily Method
[03/15/2012 2:14:17 PM][INFO][clChildProgEnrollment][Save][00000000-0000-0000-0000-000000000000] Execute Save Method
[03/15/2012 2:14:17 PM][DEBUG][clChildProgEnrollment][LoadChildFamily][00000000-0000-0000-0000-000000000000] Debug LoadChildFamily Method
[03/15/2012 2:14:17 PM][INFO][clChildProgEnrollment][Save][00000000-0000-0000-0000-000000000000] Execute Save Method
[03/15/2012 2:14:17 PM][DEBUG][clChildProgEnrollment][LoadChildFamily][00000000-0000-0000-0000-000000000000] Debug LoadChildFamily Method
[03/15/2012 2:14:17 PM][INFO][clChildProgEnrollment][Save][00000000-0000-0000-0000-000000000000] Execute Save Method
[03/15/2012 2:14:17 PM][DEBUG][clChildProgEnrollment][LoadChildFamily][00000000-0000-0000-0000-000000000000] Debug LoadChildFamily Method
[03/15/2012 2:14:17 PM][INFO][clChildProgEnrollment][Save][00000000-0000-0000-0000-000000000000] Execute Save Method
[03/15/2012 2:14:17 PM][DEBUG][clChildProgEnrollment][LoadChildFamily][00000000-0000-0000-0000-000000000000] Debug LoadChildFamily Method
[03/15/2012 2:14:17 PM][INFO][clChildProgEnrollment][Save][00000000-0000-0000-0000-000000000000] Execute Save Method
[03/15/2012 2:14:17 PM][DEBUG][clChildProgEnrollment][LoadChildFamily][00000000-0000-0000-0000-000000000000] Debug LoadChildFamily Method
[03/15/2012 2:14:17 PM][INFO][clChildProgEnrollment][Save][00000000-0000-0000-0000-000000000000] Execute Save Method
[03/15/2012 2:14:17 PM][DEBUG][clChildProgEnrollment][LoadChildFamily][00000000-0000-0000-0000-000000000000] Debug LoadChildFamily Method
[03/15/2012 2:14:17 PM][INFO][clChildProgEnrollment][Save][00000000-0000-0000-0000-000000000000] Execute Save Method
[03/15/2012 2:14:17 PM][DEBUG][clChildProgEnrollment][LoadChildFamily][00000000-0000-0000-0000-000000000000] Debug LoadChildFamily Method
[03/15/2012 2:14:17 PM][INFO][clChildProgEnrollment][Save][00000000-0000-0000-0000-000000000000] Execute Save Method
[03/15/2012 2:14:17 PM][DEBUG][clChildProgEnrollment][LoadChildFamily][00000000-0000-0000-0000-000000000000] Debug LoadChildFamily Method
[03/15/2012 2:14:17 PM][INFO][clChildProgEnrollment][Save][00000000-0000-0000-0000-000000000000] Execute Save Method
[03/15/2012 2:14:17 PM][DEBUG][clChildProgEnrollment][LoadChildFamily][00000000-0000-0000-0000-000000000000] Debug LoadChildFamily Method
[03/15/2012 2:14:17 PM][INFO][clChildProgEnrollment][Save][00000000-0000-0000-0000-000000000000] Execute Save Method
[03/15/2012 2:14:17 PM][DEBUG][clChildProgEnrollment][LoadChildFamily][00000000-0000-0000-0000-000000000000] Debug LoadChildFamily Method
[03/15/2012 2:14:17 PM][INFO][clChildProgEnrollment][Save][00000000-0000-0000-0000-000000000000] Execute Save Method
[03/15/2012 2:14:17 PM][DEBUG][clChildProgEnrollment][LoadChildFamily][00000000-0000-0000-0000-000000000000] Debug LoadChildFamily Method
[03/15/2012 2:14:17 PM][INFO][clChildProgEnrollment][Save][00000000-0000-0000-0000-000000000000] Execute Save Method
[03/15/2012 2:14:17 PM][DEBUG][clChildProgEnrollment][LoadChildFamily][00000000-0000-0000-0000-000000000000] Debug LoadChildFamily Method
[03/15/2012 2:14:17 PM][INFO][clChildProgEnrollment][Save][00000000-0000-0000-0000-000000000000] Execute Save Method
[03/15/2012 2:14:17 PM][DEBUG][clChildProgEnrollment][LoadChildFamily][00000000-0000-0000-0000-000000000000] Debug LoadChildFamily Method
[03/15/2012 2:14:46 PM][INFO][clSchoolYear][GetCurrentSchoolYear][00000000-0000-0000-0000-000000000000] Execute GetCurrentSchoolYear Method
[03/15/2012 2:14:46 PM][DEBUG][clSchoolYear][GetCurrentSchoolYear][00000000-0000-0000-0000-000000000000] Debug GetCurrentSchoolYear Method
[03/15/2012 2:14:46 PM][INFO][clSchoolProgram][LoadSchoolProgram][00000000-0000-0000-0000-000000000000] Execute LoadSchoolProgram Method
[03/15/2012 2:14:46 PM][DEBUG][clSchoolProgram][LoadSchoolProgram][00000000-0000-0000-0000-000000000000] Debug LoadSchoolProgram Method
[03/15/2012 2:14:46 PM][INFO][clChildProgEnrollment][Save][00000000-0000-0000-0000-000000000000] Execute Save Method
[03/15/2012 2:14:46 PM][DEBUG][clChildProgEnrollment][LoadChildFamily][00000000-0000-0000-0000-000000000000] Debug LoadChildFamily Method
[03/15/2012 2:14:46 PM][INFO][clChildProgEnrollment][Save][00000000-0000-0000-0000-000000000000] Execute Save Method
[03/15/2012 2:14:46 PM][DEBUG][clChildProgEnrollment][LoadChildFamily][00000000-0000-0000-0000-000000000000] Debug LoadChildFamily Method
[03/15/2012 2:14:46 PM][INFO][clChildProgEnrollment][Save][00000000-0000-0000-0000-000000000000] Execute Save Method
[03/15/2012 2:14:46 PM][DEBUG][clChildProgEnrollment][LoadChildFamily][00000000-0000-0000-0000-000000000000] Debug LoadChildFamily Method
[03/15/2012 2:14:46 PM][INFO][clChildProgEnrollment][Save][00000000-0000-0000-0000-000000000000] Execute Save Method
[03/15/2012 2:14:46 PM][DEBUG][clChildProgEnrollment][LoadChildFamily][00000000-0000-0000-0000-000000000000] Debug LoadChildFamily Method
[03/15/2012 2:14:46 PM][INFO][clChildProgEnrollment][Save][00000000-0000-0000-0000-000000000000] Execute Save Method
[03/15/2012 2:14:46 PM][DEBUG][clChildProgEnrollment][LoadChildFamily][00000000-0000-0000-0000-000000000000] Debug LoadChildFamily Method
[03/15/2012 2:14:46 PM][INFO][clChildProgEnrollment][Save][00000000-0000-0000-0000-000000000000] Execute Save Method
[03/15/2012 2:14:46 PM][DEBUG][clChildProgEnrollment][LoadChildFamily][00000000-0000-0000-0000-000000000000] Debug LoadChildFamily Method
[03/15/2012 2:14:46 PM][INFO][clChildProgEnrollment][Save][00000000-0000-0000-0000-000000000000] Execute Save Method
[03/15/2012 2:14:46 PM][DEBUG][clChildProgEnrollment][LoadChildFamily][00000000-0000-0000-0000-000000000000] Debug LoadChildFamily Method
[03/15/2012 2:14:46 PM][INFO][clChildProgEnrollment][Save][00000000-0000-0000-0000-000000000000] Execute Save Method
[03/15/2012 2:14:46 PM][DEBUG][clChildProgEnrollment][LoadChildFamily][00000000-0000-0000-0000-000000000000] Debug LoadChildFamily Method
[03/15/2012 2:14:46 PM][INFO][clChildProgEnrollment][Save][00000000-0000-0000-0000-000000000000] Execute Save Method
[03/15/2012 2:14:47 PM][DEBUG][clChildProgEnrollment][LoadChildFamily][00000000-0000-0000-0000-000000000000] Debug LoadChildFamily Method
[03/15/2012 2:14:47 PM][INFO][clChildProgEnrollment][Save][00000000-0000-0000-0000-000000000000] Execute Save Method
[03/15/2012 2:14:47 PM][DEBUG][clChildProgEnrollment][LoadChildFamily][00000000-0000-0000-0000-000000000000] Debug LoadChildFamily Method
[03/15/2012 2:14:47 PM][INFO][clChildProgEnrollment][Save][00000000-0000-0000-0000-000000000000] Execute Save Method
[03/15/2012 2:14:47 PM][DEBUG][clChildProgEnrollment][LoadChildFamily][00000000-0000-0000-0000-000000000000] Debug LoadChildFamily Method
[03/15/2012 2:14:47 PM][INFO][clChildProgEnrollment][Save][00000000-0000-0000-0000-000000000000] Execute Save Method
[03/15/2012 2:14:47 PM][DEBUG][clChildProgEnrollment][LoadChildFamily][00000000-0000-0000-0000-000000000000] Debug LoadChildFamily Method
[03/15/2012 2:14:47 PM][INFO][clChildProgEnrollment][Save][00000000-0000-0000-0000-000000000000] Execute Save Method
[03/15/2012 2:14:47 PM][DEBUG][clChildProgEnrollment][LoadChildFamily][00000000-0000-0000-0000-000000000000] Debug LoadChildFamily Method
[03/15/2012 2:14:47 PM][INFO][clChildProgEnrollment][Save][00000000-0000-0000-0000-000000000000] Execute Save Method
[03/15/2012 2:14:47 PM][DEBUG][clChildProgEnrollment][LoadChildFamily][00000000-0000-0000-0000-000000000000] Debug LoadChildFamily Method
[03/15/2012 2:14:47 PM][INFO][clChildProgEnrollment][Save][00000000-0000-0000-0000-000000000000] Execute Save Method
[03/15/2012 2:14:47 PM][DEBUG][clChildProgEnrollment][LoadChildFamily][00000000-0000-0000-0000-000000000000] Debug LoadChildFamily Method
[03/15/2012 2:14:54 PM][INFO][clSchoolYear][GetCurrentSchoolYear][00000000-0000-0000-0000-000000000000] Execute GetCurrentSchoolYear Method
[03/15/2012 2:14:54 PM][DEBUG][clSchoolYear][GetCurrentSchoolYear][00000000-0000-0000-0000-000000000000] Debug GetCurrentSchoolYear Method
[03/15/2012 2:14:54 PM][INFO][SchoolProgram][SubmitRecord][00000000-0000-0000-0000-000000000000] Submit record method called
[03/15/2012 2:14:54 PM][DEBUG][SchoolProgram][SubmitRecord][00000000-0000-0000-0000-000000000000] Debug Submit Record Of SchoolProgramFeesDetail
[03/15/2012 2:14:54 PM][INFO][clSchoolProgram][Save][00000000-0000-0000-0000-000000000000] Execute Save Method
[03/15/2012 2:14:54 PM][DEBUG][clSchoolProgram][Save][00000000-0000-0000-0000-000000000000] Debug Save Method
[03/15/2012 2:14:54 PM][INFO][clChildProgEnrollment][Save][00000000-0000-0000-0000-000000000000] Execute Save Method
[03/15/2012 2:14:54 PM][DEBUG][clChildProgEnrollment][LoadChildFamily][00000000-0000-0000-0000-000000000000] Debug LoadChildFamily Method
[03/15/2012 2:14:54 PM][INFO][clProgClassRoom][Save][00000000-0000-0000-0000-000000000000] Execute Save Method
[03/15/2012 2:14:54 PM][DEBUG][clProgClassRoom][Save][00000000-0000-0000-0000-000000000000] Debug Save Method
[03/15/2012 2:14:54 PM][INFO][clSchoolProgram][LoadSchoolProgram][00000000-0000-0000-0000-000000000000] Execute LoadSchoolProgram Method
[03/15/2012 2:14:54 PM][DEBUG][clSchoolProgram][LoadSchoolProgram][00000000-0000-0000-0000-000000000000] Debug LoadSchoolProgram Method
[03/15/2012 2:14:55 PM][INFO][clChildProgEnrollment][Save][00000000-0000-0000-0000-000000000000] Execute Save Method
[03/15/2012 2:14:55 PM][DEBUG][clChildProgEnrollment][LoadChildFamily][00000000-0000-0000-0000-000000000000] Debug LoadChildFamily Method
[03/15/2012 2:14:55 PM][INFO][clChildProgEnrollment][Save][00000000-0000-0000-0000-000000000000] Execute Save Method
[03/15/2012 2:14:55 PM][DEBUG][clChildProgEnrollment][LoadChildFamily][00000000-0000-0000-0000-000000000000] Debug LoadChildFamily Method
[03/15/2012 2:14:55 PM][INFO][clChildProgEnrollment][Save][00000000-0000-0000-0000-000000000000] Execute Save Method
[03/15/2012 2:14:55 PM][DEBUG][clChildProgEnrollment][LoadChildFamily][00000000-0000-0000-0000-000000000000] Debug LoadChildFamily Method
[03/15/2012 2:14:55 PM][INFO][clChildProgEnrollment][Save][00000000-0000-0000-0000-000000000000] Execute Save Method
[03/15/2012 2:14:55 PM][DEBUG][clChildProgEnrollment][LoadChildFamily][00000000-0000-0000-0000-000000000000] Debug LoadChildFamily Method
[03/15/2012 2:14:55 PM][INFO][clChildProgEnrollment][Save][00000000-0000-0000-0000-000000000000] Execute Save Method
[03/15/2012 2:14:55 PM][DEBUG][clChildProgEnrollment][LoadChildFamily][00000000-0000-0000-0000-000000000000] Debug LoadChildFamily Method
[03/15/2012 2:14:55 PM][INFO][clChildProgEnrollment][Save][00000000-0000-0000-0000-000000000000] Execute Save Method
[03/15/2012 2:14:55 PM][DEBUG][clChildProgEnrollment][LoadChildFamily][00000000-0000-0000-0000-000000000000] Debug LoadChildFamily Method
[03/15/2012 2:14:55 PM][INFO][clChildProgEnrollment][Save][00000000-0000-0000-0000-000000000000] Execute Save Method
[03/15/2012 2:14:55 PM][DEBUG][clChildProgEnrollment][LoadChildFamily][00000000-0000-0000-0000-000000000000] Debug LoadChildFamily Method
[03/15/2012 2:14:55 PM][INFO][clChildProgEnrollment][Save][00000000-0000-0000-0000-000000000000] Execute Save Method
[03/15/2012 2:14:55 PM][DEBUG][clChildProgEnrollment][LoadChildFamily][00000000-0000-0000-0000-000000000000] Debug LoadChildFamily Method
[03/15/2012 2:14:55 PM][INFO][clChildProgEnrollment][Save][00000000-0000-0000-0000-000000000000] Execute Save Method
[03/15/2012 2:14:55 PM][DEBUG][clChildProgEnrollment][LoadChildFamily][00000000-0000-0000-0000-000000000000] Debug LoadChildFamily Method
[03/15/2012 2:14:55 PM][INFO][clChildProgEnrollment][Save][00000000-0000-0000-0000-000000000000] Execute Save Method
[03/15/2012 2:14:55 PM][DEBUG][clChildProgEnrollment][LoadChildFamily][00000000-0000-0000-0000-000000000000] Debug LoadChildFamily Method
[03/15/2012 2:14:55 PM][INFO][clChildProgEnrollment][Save][00000000-0000-0000-0000-000000000000] Execute Save Method
[03/15/2012 2:14:55 PM][DEBUG][clChildProgEnrollment][LoadChildFamily][00000000-0000-0000-0000-000000000000] Debug LoadChildFamily Method
[03/15/2012 2:14:55 PM][INFO][clChildProgEnrollment][Save][00000000-0000-0000-0000-000000000000] Execute Save Method
[03/15/2012 2:14:55 PM][DEBUG][clChildProgEnrollment][LoadChildFamily][00000000-0000-0000-0000-000000000000] Debug LoadChildFamily Method
[03/15/2012 2:14:55 PM][INFO][clChildProgEnrollment][Save][00000000-0000-0000-0000-000000000000] Execute Save Method
[03/15/2012 2:14:55 PM][DEBUG][clChildProgEnrollment][LoadChildFamily][00000000-0000-0000-0000-000000000000] Debug LoadChildFamily Method
[03/15/2012 2:14:55 PM][INFO][clChildProgEnrollment][Save][00000000-0000-0000-0000-000000000000] Execute Save Method
[03/15/2012 2:14:55 PM][DEBUG][clChildProgEnrollment][LoadChildFamily][00000000-0000-0000-0000-000000000000] Debug LoadChildFamily Method
[03/15/2012 2:14:55 PM][INFO][clChildProgEnrollment][Save][00000000-0000-0000-0000-000000000000] Execute Save Method
[03/15/2012 2:14:55 PM][DEBUG][clChildProgEnrollment][LoadChildFamily][00000000-0000-0000-0000-000000000000] Debug LoadChildFamily Method
[03/15/2012 2:14:55 PM][INFO][clChildProgEnrollment][Save][00000000-0000-0000-0000-000000000000] Execute Save Method
[03/15/2012 2:14:55 PM][DEBUG][clChildProgEnrollment][LoadChildFamily][00000000-0000-0000-0000-000000000000] Debug LoadChildFamily Method
[03/15/2012 2:15:00 PM][INFO][clProgClassRoom][LoadProgClassRoom][00000000-0000-0000-0000-000000000000] Execute LoadProgClassRoom Method
[03/15/2012 2:15:00 PM][DEBUG][clProgClassRoom][LoadProgClassRoom][00000000-0000-0000-0000-000000000000] Debug LoadProgClassRoom Method
[03/15/2012 2:15:03 PM][INFO][clProgClassRoom][Save][00000000-0000-0000-0000-000000000000] Execute Save Method
[03/15/2012 2:15:03 PM][DEBUG][clProgClassRoom][Save][00000000-0000-0000-0000-000000000000] Debug Save Method
[03/15/2012 2:15:03 PM][INFO][clProgClassRoom][LoadProgClassRoom][00000000-0000-0000-0000-000000000000] Execute LoadProgClassRoom Method
[03/15/2012 2:15:03 PM][DEBUG][clProgClassRoom][LoadProgClassRoom][00000000-0000-0000-0000-000000000000] Debug LoadProgClassRoom Method
[03/15/2012 2:15:05 PM][INFO][clProgClassRoom][Save][00000000-0000-0000-0000-000000000000] Execute Save Method
[03/15/2012 2:15:05 PM][DEBUG][clProgClassRoom][Save][00000000-0000-0000-0000-000000000000] Debug Save Method
[03/15/2012 2:15:05 PM][INFO][clProgClassRoom][LoadProgClassRoom][00000000-0000-0000-0000-000000000000] Execute LoadProgClassRoom Method
[03/15/2012 2:15:05 PM][DEBUG][clProgClassRoom][LoadProgClassRoom][00000000-0000-0000-0000-000000000000] Debug LoadProgClassRoom Method
[03/15/2012 2:15:08 PM][INFO][clProgClassRoom][Save][00000000-0000-0000-0000-000000000000] Execute Save Method
[03/15/2012 2:15:08 PM][DEBUG][clProgClassRoom][Save][00000000-0000-0000-0000-000000000000] Debug Save Method
[03/15/2012 2:15:08 PM][INFO][clProgClassRoom][LoadProgClassRoom][00000000-0000-0000-0000-000000000000] Execute LoadProgClassRoom Method
[03/15/2012 2:15:08 PM][DEBUG][clProgClassRoom][LoadProgClassRoom][00000000-0000-0000-0000-000000000000] Debug LoadProgClassRoom Method
[03/15/2012 2:15:17 PM][INFO][clSchoolYear][GetCurrentSchoolYear][00000000-0000-0000-0000-000000000000] Execute GetCurrentSchoolYear Method
[03/15/2012 2:15:17 PM][DEBUG][clSchoolYear][GetCurrentSchoolYear][00000000-0000-0000-0000-000000000000] Debug GetCurrentSchoolYear Method
[03/15/2012 2:15:17 PM][INFO][clSchoolProgram][CheckSchoolProgramInChildEnrolledAndLedger][00000000-0000-0000-0000-000000000000] Execute Save Method
[03/15/2012 2:15:17 PM][DEBUG][clSchoolProgram][CheckSchoolProgramInChildEnrolledAndLedger][00000000-0000-0000-0000-000000000000] Debug CheckSchoolProgramInChildEnrolledAndLedger Method
[03/15/2012 2:15:17 PM][INFO][clFamilyPayment][Delete][00000000-0000-0000-0000-000000000000] Delete Method
[03/15/2012 2:15:17 PM][INFO][clSchoolProgram][LoadSchoolProgram][00000000-0000-0000-0000-000000000000] Execute LoadSchoolProgram Method
[03/15/2012 2:15:17 PM][DEBUG][clSchoolProgram][LoadSchoolProgram][00000000-0000-0000-0000-000000000000] Debug LoadSchoolProgram Method
[03/15/2012 2:15:17 PM][INFO][clChildProgEnrollment][Save][00000000-0000-0000-0000-000000000000] Execute Save Method
[03/15/2012 2:15:17 PM][DEBUG][clChildProgEnrollment][LoadChildFamily][00000000-0000-0000-0000-000000000000] Debug LoadChildFamily Method
[03/15/2012 2:15:17 PM][INFO][clChildProgEnrollment][Save][00000000-0000-0000-0000-000000000000] Execute Save Method
[03/15/2012 2:15:17 PM][DEBUG][clChildProgEnrollment][LoadChildFamily][00000000-0000-0000-0000-000000000000] Debug LoadChildFamily Method
[03/15/2012 2:15:17 PM][INFO][clChildProgEnrollment][Save][00000000-0000-0000-0000-000000000000] Execute Save Method
[03/15/2012 2:15:17 PM][DEBUG][clChildProgEnrollment][LoadChildFamily][00000000-0000-0000-0000-000000000000] Debug LoadChildFamily Method
[03/15/2012 2:15:17 PM][INFO][clChildProgEnrollment][Save][00000000-0000-0000-0000-000000000000] Execute Save Method
[03/15/2012 2:15:17 PM][DEBUG][clChildProgEnrollment][LoadChildFamily][00000000-0000-0000-0000-000000000000] Debug LoadChildFamily Method
[03/15/2012 2:15:17 PM][INFO][clChildProgEnrollment][Save][00000000-0000-0000-0000-000000000000] Execute Save Method
[03/15/2012 2:15:17 PM][DEBUG][clChildProgEnrollment][LoadChildFamily][00000000-0000-0000-0000-000000000000] Debug LoadChildFamily Method
[03/15/2012 2:15:17 PM][INFO][clChildProgEnrollment][Save][00000000-0000-0000-0000-000000000000] Execute Save Method
[03/15/2012 2:15:17 PM][DEBUG][clChildProgEnrollment][LoadChildFamily][00000000-0000-0000-0000-000000000000] Debug LoadChildFamily Method
[03/15/2012 2:15:17 PM][INFO][clChildProgEnrollment][Save][00000000-0000-0000-0000-000000000000] Execute Save Method
[03/15/2012 2:15:17 PM][DEBUG][clChildProgEnrollment][LoadChildFamily][00000000-0000-0000-0000-000000000000] Debug LoadChildFamily Method
[03/15/2012 2:15:17 PM][INFO][clChildProgEnrollment][Save][00000000-0000-0000-0000-000000000000] Execute Save Method
[03/15/2012 2:15:17 PM][DEBUG][clChildProgEnrollment][LoadChildFamily][00000000-0000-0000-0000-000000000000] Debug LoadChildFamily Method
[03/15/2012 2:15:17 PM][INFO][clChildProgEnrollment][Save][00000000-0000-0000-0000-000000000000] Execute Save Method
[03/15/2012 2:15:17 PM][DEBUG][clChildProgEnrollment][LoadChildFamily][00000000-0000-0000-0000-000000000000] Debug LoadChildFamily Method
[03/15/2012 2:15:17 PM][INFO][clChildProgEnrollment][Save][00000000-0000-0000-0000-000000000000] Execute Save Method
[03/15/2012 2:15:17 PM][DEBUG][clChildProgEnrollment][LoadChildFamily][00000000-0000-0000-0000-000000000000] Debug LoadChildFamily Method
[03/15/2012 2:15:17 PM][INFO][clChildProgEnrollment][Save][00000000-0000-0000-0000-000000000000] Execute Save Method
[03/15/2012 2:15:17 PM][DEBUG][clChildProgEnrollment][LoadChildFamily][00000000-0000-0000-0000-000000000000] Debug LoadChildFamily Method
[03/15/2012 2:15:17 PM][INFO][clChildProgEnrollment][Save][00000000-0000-0000-0000-000000000000] Execute Save Method
[03/15/2012 2:15:17 PM][DEBUG][clChildProgEnrollment][LoadChildFamily][00000000-0000-0000-0000-000000000000] Debug LoadChildFamily Method
[03/15/2012 2:15:17 PM][INFO][clChildProgEnrollment][Save][00000000-0000-0000-0000-000000000000] Execute Save Method
[03/15/2012 2:15:17 PM][DEBUG][clChildProgEnrollment][LoadChildFamily][00000000-0000-0000-0000-000000000000] Debug LoadChildFamily Method
[03/15/2012 2:15:17 PM][INFO][clChildProgEnrollment][Save][00000000-0000-0000-0000-000000000000] Execute Save Method
[03/15/2012 2:15:17 PM][DEBUG][clChildProgEnrollment][LoadChildFamily][00000000-0000-0000-0000-000000000000] Debug LoadChildFamily Method
[03/15/2012 2:15:17 PM][INFO][clChildProgEnrollment][Save][00000000-0000-0000-0000-000000000000] Execute Save Method
[03/15/2012 2:15:17 PM][DEBUG][clChildProgEnrollment][LoadChildFamily][00000000-0000-0000-0000-000000000000] Debug LoadChildFamily Method
[03/15/2012 2:15:17 PM][INFO][clChildProgEnrollment][Save][00000000-0000-0000-0000-000000000000] Execute Save Method
[03/15/2012 2:15:17 PM][DEBUG][clChildProgEnrollment][LoadChildFamily][00000000-0000-0000-0000-000000000000] Debug LoadChildFamily Method
[03/15/2012 2:15:17 PM][INFO][clChildProgEnrollment][Save][00000000-0000-0000-0000-000000000000] Execute Save Method
[03/15/2012 2:15:17 PM][DEBUG][clChildProgEnrollment][LoadChildFamily][00000000-0000-0000-0000-000000000000] Debug LoadChildFamily Method
[03/15/2012 2:15:17 PM][INFO][clChildProgEnrollment][Save][00000000-0000-0000-0000-000000000000] Execute Save Method
[03/15/2012 2:15:17 PM][DEBUG][clChildProgEnrollment][LoadChildFamily][00000000-0000-0000-0000-000000000000] Debug LoadChildFamily Method
[03/15/2012 2:15:17 PM][INFO][clChildProgEnrollment][Save][00000000-0000-0000-0000-000000000000] Execute Save Method
[03/15/2012 2:15:17 PM][DEBUG][clChildProgEnrollment][LoadChildFamily][00000000-0000-0000-0000-000000000000] Debug LoadChildFamily Method
[03/15/2012 2:15:17 PM][INFO][clChildProgEnrollment][Save][00000000-0000-0000-0000-000000000000] Execute Save Method
[03/15/2012 2:15:17 PM][DEBUG][clChildProgEnrollment][LoadChildFamily][00000000-0000-0000-0000-000000000000] Debug LoadChildFamily Method
[03/15/2012 2:15:17 PM][INFO][clChildProgEnrollment][Save][00000000-0000-0000-0000-000000000000] Execute Save Method
[03/15/2012 2:15:17 PM][DEBUG][clChildProgEnrollment][LoadChildFamily][00000000-0000-0000-0000-000000000000] Debug LoadChildFamily Method
[03/15/2012 2:15:17 PM][INFO][clChildProgEnrollment][Save][00000000-0000-0000-0000-000000000000] Execute Save Method
[03/15/2012 2:15:17 PM][DEBUG][clChildProgEnrollment][LoadChildFamily][00000000-0000-0000-0000-000000000000] Debug LoadChildFamily Method
[03/15/2012 2:15:17 PM][INFO][clChildProgEnrollment][Save][00000000-0000-0000-0000-000000000000] Execute Save Method
[03/15/2012 2:15:17 PM][DEBUG][clChildProgEnrollment][LoadChildFamily][00000000-0000-0000-0000-000000000000] Debug LoadChildFamily Method
[03/15/2012 2:15:17 PM][INFO][clChildProgEnrollment][Save][00000000-0000-0000-0000-000000000000] Execute Save Method
[03/15/2012 2:15:17 PM][DEBUG][clChildProgEnrollment][LoadChildFamily][00000000-0000-0000-0000-000000000000] Debug LoadChildFamily Method
[03/15/2012 2:15:18 PM][INFO][clChildProgEnrollment][Save][00000000-0000-0000-0000-000000000000] Execute Save Method
[03/15/2012 2:15:18 PM][DEBUG][clChildProgEnrollment][LoadChildFamily][00000000-0000-0000-0000-000000000000] Debug LoadChildFamily Method
[03/15/2012 2:15:18 PM][INFO][clChildProgEnrollment][Save][00000000-0000-0000-0000-000000000000] Execute Save Method
[03/15/2012 2:15:18 PM][DEBUG][clChildProgEnrollment][LoadChildFamily][00000000-0000-0000-0000-000000000000] Debug LoadChildFamily Method
[03/15/2012 2:15:18 PM][INFO][clChildProgEnrollment][Save][00000000-0000-0000-0000-000000000000] Execute Save Method
[03/15/2012 2:15:18 PM][DEBUG][clChildProgEnrollment][LoadChildFamily][00000000-0000-0000-0000-000000000000] Debug LoadChildFamily Method
[03/15/2012 2:15:18 PM][INFO][clChildProgEnrollment][Save][00000000-0000-0000-0000-000000000000] Execute Save Method
[03/15/2012 2:15:18 PM][DEBUG][clChildProgEnrollment][LoadChildFamily][00000000-0000-0000-0000-000000000000] Debug LoadChildFamily Method
[03/15/2012 2:15:18 PM][INFO][clChildProgEnrollment][Save][00000000-0000-0000-0000-000000000000] Execute Save Method
[03/15/2012 2:15:18 PM][DEBUG][clChildProgEnrollment][LoadChildFamily][00000000-0000-0000-0000-000000000000] Debug LoadChildFamily Method
[03/15/2012 2:15:18 PM][INFO][clChildProgEnrollment][Save][00000000-0000-0000-0000-000000000000] Execute Save Method
[03/15/2012 2:15:18 PM][DEBUG][clChildProgEnrollment][LoadChildFamily][00000000-0000-0000-0000-000000000000] Debug LoadChildFamily Method
[03/15/2012 2:15:35 PM][INFO][clSchoolYear][LoadAllSchoolYear][00000000-0000-0000-0000-000000000000] Execute LoadAllSchoolYear Method
[03/15/2012 2:15:35 PM][DEBUG][clSchoolYear][LoadAllSchoolYear][00000000-0000-0000-0000-000000000000] Debug LoadAllSchoolYear Method
[03/15/2012 2:15:35 PM][INFO][clClassRoom][LoadClassRoom][00000000-0000-0000-0000-000000000000] Execute LoadClassRoom Method
[03/15/2012 2:15:35 PM][DEBUG][clClassRoom][LoadClassRoom][00000000-0000-0000-0000-000000000000] Debug LoadClassRoom Method
[03/15/2012 2:16:04 PM][INFO][clSchoolYear][LoadAllSchoolYear][00000000-0000-0000-0000-000000000000] Execute LoadAllSchoolYear Method
[03/15/2012 2:16:04 PM][DEBUG][clSchoolYear][LoadAllSchoolYear][00000000-0000-0000-0000-000000000000] Debug LoadAllSchoolYear Method
[03/15/2012 2:16:04 PM][INFO][clSchoolProgram][LoadSchoolProgram][00000000-0000-0000-0000-000000000000] Execute LoadSchoolProgram Method
[03/15/2012 2:16:04 PM][DEBUG][clSchoolProgram][LoadSchoolProgram][00000000-0000-0000-0000-000000000000] Debug LoadSchoolProgram Method
[03/15/2012 2:16:04 PM][INFO][clChildProgEnrollment][Save][00000000-0000-0000-0000-000000000000] Execute Save Method
[03/15/2012 2:16:04 PM][DEBUG][clChildProgEnrollment][LoadChildFamily][00000000-0000-0000-0000-000000000000] Debug LoadChildFamily Method
[03/15/2012 2:16:04 PM][INFO][clChildProgEnrollment][Save][00000000-0000-0000-0000-000000000000] Execute Save Method
[03/15/2012 2:16:04 PM][DEBUG][clChildProgEnrollment][LoadChildFamily][00000000-0000-0000-0000-000000000000] Debug LoadChildFamily Method
[03/15/2012 2:16:04 PM][INFO][clChildProgEnrollment][Save][00000000-0000-0000-0000-000000000000] Execute Save Method
[03/15/2012 2:16:04 PM][DEBUG][clChildProgEnrollment][LoadChildFamily][00000000-0000-0000-0000-000000000000] Debug LoadChildFamily Method
[03/15/2012 2:16:04 PM][INFO][clChildProgEnrollment][Save][00000000-0000-0000-0000-000000000000] Execute Save Method
[03/15/2012 2:16:04 PM][DEBUG][clChildProgEnrollment][LoadChildFamily][00000000-0000-0000-0000-000000000000] Debug LoadChildFamily Method
[03/15/2012 2:16:04 PM][INFO][clChildProgEnrollment][Save][00000000-0000-0000-0000-000000000000] Execute Save Method
[03/15/2012 2:16:04 PM][DEBUG][clChildProgEnrollment][LoadChildFamily][00000000-0000-0000-0000-000000000000] Debug LoadChildFamily Method
[03/15/2012 2:16:04 PM][INFO][clChildProgEnrollment][Save][00000000-0000-0000-0000-000000000000] Execute Save Method
[03/15/2012 2:16:04 PM][DEBUG][clChildProgEnrollment][LoadChildFamily][00000000-0000-0000-0000-000000000000] Debug LoadChildFamily Method
[03/15/2012 2:16:04 PM][INFO][clChildProgEnrollment][Save][00000000-0000-0000-0000-000000000000] Execute Save Method
[03/15/2012 2:16:04 PM][DEBUG][clChildProgEnrollment][LoadChildFamily][00000000-0000-0000-0000-000000000000] Debug LoadChildFamily Method
[03/15/2012 2:16:04 PM][INFO][clChildProgEnrollment][Save][00000000-0000-0000-0000-000000000000] Execute Save Method
[03/15/2012 2:16:04 PM][DEBUG][clChildProgEnrollment][LoadChildFamily][00000000-0000-0000-0000-000000000000] Debug LoadChildFamily Method
[03/15/2012 2:16:04 PM][INFO][clChildProgEnrollment][Save][00000000-0000-0000-0000-000000000000] Execute Save Method
[03/15/2012 2:16:04 PM][DEBUG][clChildProgEnrollment][LoadChildFamily][00000000-0000-0000-0000-000000000000] Debug LoadChildFamily Method
[03/15/2012 2:16:04 PM][INFO][clChildProgEnrollment][Save][00000000-0000-0000-0000-000000000000] Execute Save Method
[03/15/2012 2:16:04 PM][DEBUG][clChildProgEnrollment][LoadChildFamily][00000000-0000-0000-0000-000000000000] Debug LoadChildFamily Method
[03/15/2012 2:16:04 PM][INFO][clChildProgEnrollment][Save][00000000-0000-0000-0000-000000000000] Execute Save Method
[03/15/2012 2:16:04 PM][DEBUG][clChildProgEnrollment][LoadChildFamily][00000000-0000-0000-0000-000000000000] Debug LoadChildFamily Method
[03/15/2012 2:16:04 PM][INFO][clChildProgEnrollment][Save][00000000-0000-0000-0000-000000000000] Execute Save Method
[03/15/2012 2:16:04 PM][DEBUG][clChildProgEnrollment][LoadChildFamily][00000000-0000-0000-0000-000000000000] Debug LoadChildFamily Method
[03/15/2012 2:16:04 PM][INFO][clChildProgEnrollment][Save][00000000-0000-0000-0000-000000000000] Execute Save Method
[03/15/2012 2:16:04 PM][DEBUG][clChildProgEnrollment][LoadChildFamily][00000000-0000-0000-0000-000000000000] Debug LoadChildFamily Method
[03/15/2012 2:16:04 PM][INFO][clChildProgEnrollment][Save][00000000-0000-0000-0000-000000000000] Execute Save Method
[03/15/2012 2:16:04 PM][DEBUG][clChildProgEnrollment][LoadChildFamily][00000000-0000-0000-0000-000000000000] Debug LoadChildFamily Method
[03/15/2012 2:16:04 PM][INFO][clChildProgEnrollment][Save][00000000-0000-0000-0000-000000000000] Execute Save Method
[03/15/2012 2:16:04 PM][DEBUG][clChildProgEnrollment][LoadChildFamily][00000000-0000-0000-0000-000000000000] Debug LoadChildFamily Method
[03/15/2012 2:16:12 PM][INFO][clSchoolYear][LoadAllSchoolYear][00000000-0000-0000-0000-000000000000] Execute LoadAllSchoolYear Method
[03/15/2012 2:16:12 PM][DEBUG][clSchoolYear][LoadAllSchoolYear][00000000-0000-0000-0000-000000000000] Debug LoadAllSchoolYear Method
[03/15/2012 2:16:12 PM][INFO][clClassRoom][LoadClassRoom][00000000-0000-0000-0000-000000000000] Execute LoadClassRoom Method
[03/15/2012 2:16:12 PM][DEBUG][clClassRoom][LoadClassRoom][00000000-0000-0000-0000-000000000000] Debug LoadClassRoom Method
[03/15/2012 2:16:28 PM][INFO][clSchoolYear][GetCurrentSchoolYear][00000000-0000-0000-0000-000000000000] Execute GetCurrentSchoolYear Method
[03/15/2012 2:16:28 PM][DEBUG][clSchoolYear][GetCurrentSchoolYear][00000000-0000-0000-0000-000000000000] Debug GetCurrentSchoolYear Method
[03/15/2012 2:16:28 PM][INFO][clClassRoom][CheckDuplicateClassRoomName][00000000-0000-0000-0000-000000000000] Execute LoadClassRoom Method
[03/15/2012 2:16:28 PM][DEBUG][clClassRoom][CheckDuplicateClassRoomName][00000000-0000-0000-0000-000000000000] Debug CheckDuplicateClassRoomName Method
[03/15/2012 2:16:28 PM][INFO][clClassRoom][LoadClassRoom][00000000-0000-0000-0000-000000000000] Execute LoadClassRoom Method
[03/15/2012 2:16:28 PM][DEBUG][clClassRoom][LoadClassRoom][00000000-0000-0000-0000-000000000000] Debug LoadClassRoom Method
[03/15/2012 2:16:53 PM][INFO][clSchoolYear][LoadAllSchoolYear][00000000-0000-0000-0000-000000000000] Execute LoadAllSchoolYear Method
[03/15/2012 2:16:53 PM][DEBUG][clSchoolYear][LoadAllSchoolYear][00000000-0000-0000-0000-000000000000] Debug LoadAllSchoolYear Method
[03/15/2012 2:16:53 PM][INFO][clChildList][GetAllChildList][00000000-0000-0000-0000-000000000000] GetAllChildList method called
[03/15/2012 2:16:53 PM][DEBUG][clChildList][GetAllChildList][00000000-0000-0000-0000-000000000000] Debug GetAllChildList called
[03/15/2012 2:17:05 PM][INFO][clSchoolYear][GetCurrentSchoolYear][00000000-0000-0000-0000-000000000000] Execute GetCurrentSchoolYear Method
[03/15/2012 2:17:06 PM][DEBUG][clSchoolYear][GetCurrentSchoolYear][00000000-0000-0000-0000-000000000000] Debug GetCurrentSchoolYear Method
[03/15/2012 2:17:06 PM][INFO][clAddEditChild][LoadProgram][00000000-0000-0000-0000-000000000000] Execute LoadProgram Method
[03/15/2012 2:17:06 PM][DEBUG][clAddEditChild][LoadProgram][00000000-0000-0000-0000-000000000000] Debug LoadProgram Method
[03/15/2012 2:17:06 PM][INFO][clEnrollmentStatus][LoadEnrollmentStatus][00000000-0000-0000-0000-000000000000] Execute LoadEnrollmentStatus Method
[03/15/2012 2:17:06 PM][DEBUG][clEnrollmentStatus][LoadEnrollmentStatus][00000000-0000-0000-0000-000000000000] Debug LoadEnrollmentStatus Method
[03/15/2012 2:17:06 PM][INFO][clAddEditChild][LoadChildDataList][00000000-0000-0000-0000-000000000000] Execute LoadChildDataList Method
[03/15/2012 2:17:06 PM][DEBUG][clAddEditChild][LoadChildDataList][00000000-0000-0000-0000-000000000000] Debug LoadChildDataList Method
[03/15/2012 2:17:06 PM][INFO][clEnrollmentStatus][LoadEnrollmentStatus][00000000-0000-0000-0000-000000000000] Execute LoadEnrollmentStatus Method
[03/15/2012 2:17:06 PM][DEBUG][clEnrollmentStatus][LoadEnrollmentStatus][00000000-0000-0000-0000-000000000000] Debug LoadEnrollmentStatus Method
[03/15/2012 2:17:06 PM][INFO][clAddEditChild][GetFessPeriodFromSchoolProgramFeesDetail][00000000-0000-0000-0000-000000000000] Execute GetFessPeriodFromSchoolProgramFeesDetail Method
[03/15/2012 2:17:06 PM][DEBUG][clAddEditChild][GetFessPeriodFromSchoolProgramFeesDetail][00000000-0000-0000-0000-000000000000] Debug GetFessPeriodFromSchoolProgramFeesDetail Method
[03/15/2012 2:17:06 PM][INFO][clAddEditChild][LoadProgClassRoom][00000000-0000-0000-0000-000000000000] Execute LoadProgClassRoom Method
[03/15/2012 2:17:06 PM][DEBUG][clAddEditChild][LoadProgClassRoom][00000000-0000-0000-0000-000000000000] Debug LoadProgClassRoom Method
[03/15/2012 2:17:06 PM][INFO][clAddEditChild][LoadProgClassRoom][00000000-0000-0000-0000-000000000000] Execute LoadProgClassRoom Method
[03/15/2012 2:17:06 PM][DEBUG][clAddEditChild][LoadProgClassRoom][00000000-0000-0000-0000-000000000000] Debug LoadProgClassRoom Method
[03/15/2012 2:17:06 PM][INFO][clAddEditChild][LoadProgClassRoom][00000000-0000-0000-0000-000000000000] Execute LoadProgClassRoom Method
[03/15/2012 2:17:06 PM][DEBUG][clAddEditChild][LoadProgClassRoom][00000000-0000-0000-0000-000000000000] Debug LoadProgClassRoom Method
[03/15/2012 2:17:06 PM][INFO][clAddEditChild][LoadProgClassRoom][00000000-0000-0000-0000-000000000000] Execute LoadProgClassRoom Method
[03/15/2012 2:17:06 PM][DEBUG][clAddEditChild][LoadProgClassRoom][00000000-0000-0000-0000-000000000000] Debug LoadProgClassRoom Method
[03/15/2012 2:17:06 PM][INFO][clAddEditChild][LoadProgClassRoom][00000000-0000-0000-0000-000000000000] Execute LoadProgClassRoom Method
[03/15/2012 2:17:06 PM][DEBUG][clAddEditChild][LoadProgClassRoom][00000000-0000-0000-0000-000000000000] Debug LoadProgClassRoom Method
[03/15/2012 2:17:06 PM][INFO][ChildProgEnrollment][LoadProgEnrollment][00000000-0000-0000-0000-000000000000] LoadProgEnrollment method called
[03/15/2012 2:17:06 PM][DEBUG][ChildProgEnrollment][LoadProgEnrollment][00000000-0000-0000-0000-000000000000] Debug LoadProgEnrollment called
[03/15/2012 2:17:06 PM][INFO][clChildList][GetIsPrimarySchoolProgram][00000000-0000-0000-0000-000000000000] GetIsPrimarySchoolProgram method called
[03/15/2012 2:17:06 PM][DEBUG][clChildList][GetIsPrimarySchoolProgram][00000000-0000-0000-0000-000000000000] Debug GetIsPrimarySchoolProgram called
[03/15/2012 2:17:06 PM][INFO][clSchoolYear][LoadAllSchoolYear][00000000-0000-0000-0000-000000000000] Execute LoadAllSchoolYear Method
[03/15/2012 2:17:06 PM][DEBUG][clSchoolYear][LoadAllSchoolYear][00000000-0000-0000-0000-000000000000] Debug LoadAllSchoolYear Method
[03/15/2012 2:17:06 PM][INFO][clAddEditChild][LoadChildDataList][00000000-0000-0000-0000-000000000000] Execute LoadChildDataList Method
[03/15/2012 2:17:06 PM][DEBUG][clAddEditChild][LoadChildDataList][00000000-0000-0000-0000-000000000000] Debug LoadChildDataList Method
[03/15/2012 2:17:39 PM][INFO][clChildList][GetIsPrimarySchoolProgram][00000000-0000-0000-0000-000000000000] GetIsPrimarySchoolProgram method called
[03/15/2012 2:17:39 PM][DEBUG][clChildList][GetIsPrimarySchoolProgram][00000000-0000-0000-0000-000000000000] Debug GetIsPrimarySchoolProgram called
[03/15/2012 2:17:39 PM][INFO][clAddEditChild][LoadProgram][00000000-0000-0000-0000-000000000000] Execute LoadProgram Method
[03/15/2012 2:17:39 PM][DEBUG][clAddEditChild][LoadProgram][00000000-0000-0000-0000-000000000000] Debug LoadProgram Method
[03/15/2012 2:17:39 PM][INFO][clAddEditChild][LoadChildDataList][00000000-0000-0000-0000-000000000000] Execute LoadChildDataList Method
[03/15/2012 2:17:39 PM][DEBUG][clAddEditChild][LoadChildDataList][00000000-0000-0000-0000-000000000000] Debug LoadChildDataList Method
[03/15/2012 2:17:39 PM][INFO][clEnrollmentStatus][LoadEnrollmentStatus][00000000-0000-0000-0000-000000000000] Execute LoadEnrollmentStatus Method
[03/15/2012 2:17:39 PM][DEBUG][clEnrollmentStatus][LoadEnrollmentStatus][00000000-0000-0000-0000-000000000000] Debug LoadEnrollmentStatus Method
[03/15/2012 2:17:39 PM][INFO][clAddEditChild][GetFessPeriodFromSchoolProgramFeesDetail][00000000-0000-0000-0000-000000000000] Execute GetFessPeriodFromSchoolProgramFeesDetail Method
[03/15/2012 2:17:39 PM][DEBUG][clAddEditChild][GetFessPeriodFromSchoolProgramFeesDetail][00000000-0000-0000-0000-000000000000] Debug GetFessPeriodFromSchoolProgramFeesDetail Method
[03/15/2012 2:17:39 PM][INFO][clAddEditChild][LoadProgClassRoom][00000000-0000-0000-0000-000000000000] Execute LoadProgClassRoom Method
[03/15/2012 2:17:39 PM][DEBUG][clAddEditChild][LoadProgClassRoom][00000000-0000-0000-0000-000000000000] Debug LoadProgClassRoom Method
[03/15/2012 2:17:39 PM][INFO][clAddEditChild][LoadProgClassRoom][00000000-0000-0000-0000-000000000000] Execute LoadProgClassRoom Method
[03/15/2012 2:17:39 PM][DEBUG][clAddEditChild][LoadProgClassRoom][00000000-0000-0000-0000-000000000000] Debug LoadProgClassRoom Method
[03/15/2012 2:17:39 PM][INFO][clAddEditChild][LoadProgClassRoom][00000000-0000-0000-0000-000000000000] Execute LoadProgClassRoom Method
[03/15/2012 2:17:39 PM][DEBUG][clAddEditChild][LoadProgClassRoom][00000000-0000-0000-0000-000000000000] Debug LoadProgClassRoom Method
[03/15/2012 2:17:39 PM][INFO][clAddEditChild][LoadProgClassRoom][00000000-0000-0000-0000-000000000000] Execute LoadProgClassRoom Method
[03/15/2012 2:17:39 PM][DEBUG][clAddEditChild][LoadProgClassRoom][00000000-0000-0000-0000-000000000000] Debug LoadProgClassRoom Method
[03/15/2012 2:17:39 PM][INFO][clAddEditChild][LoadProgClassRoom][00000000-0000-0000-0000-000000000000] Execute LoadProgClassRoom Method
[03/15/2012 2:17:39 PM][DEBUG][clAddEditChild][LoadProgClassRoom][00000000-0000-0000-0000-000000000000] Debug LoadProgClassRoom Method
[03/15/2012 2:17:39 PM][INFO][ChildProgEnrollment][LoadProgEnrollment][00000000-0000-0000-0000-000000000000] LoadProgEnrollment method called
[03/15/2012 2:17:39 PM][DEBUG][ChildProgEnrollment][LoadProgEnrollment][00000000-0000-0000-0000-000000000000] Debug LoadProgEnrollment called
[03/15/2012 2:17:39 PM][INFO][clSchoolYear][LoadAllSchoolYear][00000000-0000-0000-0000-000000000000] Execute LoadAllSchoolYear Method
[03/15/2012 2:17:39 PM][DEBUG][clSchoolYear][LoadAllSchoolYear][00000000-0000-0000-0000-000000000000] Debug LoadAllSchoolYear Method
[03/15/2012 2:17:39 PM][INFO][clAddEditChild][LoadChildDataList][00000000-0000-0000-0000-000000000000] Execute LoadChildDataList Method
[03/15/2012 2:17:39 PM][DEBUG][clAddEditChild][LoadChildDataList][00000000-0000-0000-0000-000000000000] Debug LoadChildDataList Method
[03/15/2012 2:17:47 PM][INFO][Ledger][GetChildProgEnrollmentFeeDetail][00000000-0000-0000-0000-000000000000] GetChildProgEnrollmentFeeDetail method called
[03/15/2012 2:17:47 PM][DEBUG][Ledger][GetChildProgEnrollmentFeeDetail][00000000-0000-0000-0000-000000000000] Debug GetChildProgEnrollmentFeeDetail called
[03/15/2012 2:17:47 PM][INFO][clLedger][GetChildProgEnrollmentFeeDetail][00000000-0000-0000-0000-000000000000] GetChildProgEnrollmentFeeDetail method called
[03/15/2012 2:17:47 PM][DEBUG][clLedger][GetChildProgEnrollmentFeeDetail][00000000-0000-0000-0000-000000000000] Debug GetChildProgEnrollmentFeeDetail called
[03/15/2012 2:17:47 PM][INFO][clLedger][GetLastTransactionDate][00000000-0000-0000-0000-000000000000] GetLastTransactionDate method called
[03/15/2012 2:17:47 PM][DEBUG][clLedger][GetLastTransactionDate][00000000-0000-0000-0000-000000000000] Debug GetLastTransactionDate called
[03/15/2012 2:17:47 PM][INFO][clLedger][GetLastTransactionDate][00000000-0000-0000-0000-000000000000] GetLastTransactionDate method called
[03/15/2012 2:17:47 PM][DEBUG][clLedger][GetLastTransactionDate][00000000-0000-0000-0000-000000000000] Debug GetLastTransactionDate called
[03/15/2012 2:17:47 PM][INFO][clLedger][GetLastTransactionDate][00000000-0000-0000-0000-000000000000] GetLastTransactionDate method called
[03/15/2012 2:17:47 PM][DEBUG][clLedger][GetLastTransactionDate][00000000-0000-0000-0000-000000000000] Debug GetLastTransactionDate called
[03/15/2012 2:17:47 PM][INFO][clLedger][GetLastTransactionDate][00000000-0000-0000-0000-000000000000] GetLastTransactionDate method called
[03/15/2012 2:17:47 PM][DEBUG][clLedger][GetLastTransactionDate][00000000-0000-0000-0000-000000000000] Debug GetLastTransactionDate called
[03/15/2012 2:17:47 PM][INFO][clLedger][GetLastTransactionDate][00000000-0000-0000-0000-000000000000] GetLastTransactionDate method called
[03/15/2012 2:17:47 PM][DEBUG][clLedger][GetLastTransactionDate][00000000-0000-0000-0000-000000000000] Debug GetLastTransactionDate called
[03/15/2012 2:17:47 PM][INFO][clLedger][GetLastTransactionDate][00000000-0000-0000-0000-000000000000] GetLastTransactionDate method called
[03/15/2012 2:17:47 PM][DEBUG][clLedger][GetLastTransactionDate][00000000-0000-0000-0000-000000000000] Debug GetLastTransactionDate called
[03/15/2012 2:17:47 PM][INFO][clLedger][GetLastTransactionDate][00000000-0000-0000-0000-000000000000] GetLastTransactionDate method called
[03/15/2012 2:17:47 PM][DEBUG][clLedger][GetLastTransactionDate][00000000-0000-0000-0000-000000000000] Debug GetLastTransactionDate called
[03/15/2012 2:17:47 PM][INFO][clLedger][GetLastTransactionDate][00000000-0000-0000-0000-000000000000] GetLastTransactionDate method called
[03/15/2012 2:17:47 PM][DEBUG][clLedger][GetLastTransactionDate][00000000-0000-0000-0000-000000000000] Debug GetLastTransactionDate called
[03/15/2012 2:17:47 PM][INFO][clLedger][GetLastTransactionDate][00000000-0000-0000-0000-000000000000] GetLastTransactionDate method called
[03/15/2012 2:17:47 PM][DEBUG][clLedger][GetLastTransactionDate][00000000-0000-0000-0000-000000000000] Debug GetLastTransactionDate called
[03/15/2012 2:17:47 PM][INFO][clLedger][GetLastTransactionDate][00000000-0000-0000-0000-000000000000] GetLastTransactionDate method called
[03/15/2012 2:17:47 PM][DEBUG][clLedger][GetLastTransactionDate][00000000-0000-0000-0000-000000000000] Debug GetLastTransactionDate called
[03/15/2012 2:17:47 PM][INFO][clLedger][GetLastTransactionDate][00000000-0000-0000-0000-000000000000] GetLastTransactionDate method called
[03/15/2012 2:17:47 PM][DEBUG][clLedger][GetLastTransactionDate][00000000-0000-0000-0000-000000000000] Debug GetLastTransactionDate called
[03/15/2012 2:17:47 PM][INFO][clLedger][GetLastTransactionDate][00000000-0000-0000-0000-000000000000] GetLastTransactionDate method called
[03/15/2012 2:17:47 PM][DEBUG][clLedger][GetLastTransactionDate][00000000-0000-0000-0000-000000000000] Debug GetLastTransactionDate called
[03/15/2012 2:17:47 PM][INFO][clLedger][GetLastTransactionDate][00000000-0000-0000-0000-000000000000] GetLastTransactionDate method called
[03/15/2012 2:17:47 PM][DEBUG][clLedger][GetLastTransactionDate][00000000-0000-0000-0000-000000000000] Debug GetLastTransactionDate called
[03/15/2012 2:17:47 PM][INFO][clLedger][GetLastTransactionDate][00000000-0000-0000-0000-000000000000] GetLastTransactionDate method called
[03/15/2012 2:17:47 PM][DEBUG][clLedger][GetLastTransactionDate][00000000-0000-0000-0000-000000000000] Debug GetLastTransactionDate called
[03/15/2012 2:17:48 PM][INFO][clLedger][GetLastTransactionDate][00000000-0000-0000-0000-000000000000] GetLastTransactionDate method called
[03/15/2012 2:17:48 PM][DEBUG][clLedger][GetLastTransactionDate][00000000-0000-0000-0000-000000000000] Debug GetLastTransactionDate called
[03/15/2012 2:17:48 PM][INFO][clLedger][GetLastTransactionDate][00000000-0000-0000-0000-000000000000] GetLastTransactionDate method called
[03/15/2012 2:17:48 PM][DEBUG][clLedger][GetLastTransactionDate][00000000-0000-0000-0000-000000000000] Debug GetLastTransactionDate called
[03/15/2012 2:17:48 PM][INFO][clLedger][GetLastTransactionDate][00000000-0000-0000-0000-000000000000] GetLastTransactionDate method called
[03/15/2012 2:17:48 PM][DEBUG][clLedger][GetLastTransactionDate][00000000-0000-0000-0000-000000000000] Debug GetLastTransactionDate called
[03/15/2012 2:17:48 PM][INFO][clLedger][GetLastTransactionDate][00000000-0000-0000-0000-000000000000] GetLastTransactionDate method called
[03/15/2012 2:17:48 PM][DEBUG][clLedger][GetLastTransactionDate][00000000-0000-0000-0000-000000000000] Debug GetLastTransactionDate called
[03/15/2012 2:17:48 PM][INFO][clLedger][GetLastTransactionDate][00000000-0000-0000-0000-000000000000] GetLastTransactionDate method called
[03/15/2012 2:17:48 PM][DEBUG][clLedger][GetLastTransactionDate][00000000-0000-0000-0000-000000000000] Debug GetLastTransactionDate called
[03/15/2012 2:17:48 PM][INFO][clLedger][GetLastTransactionDate][00000000-0000-0000-0000-000000000000] GetLastTransactionDate method called
[03/15/2012 2:17:48 PM][DEBUG][clLedger][GetLastTransactionDate][00000000-0000-0000-0000-000000000000] Debug GetLastTransactionDate called
[03/15/2012 2:17:48 PM][INFO][clLedger][GetLastTransactionDate][00000000-0000-0000-0000-000000000000] GetLastTransactionDate method called
[03/15/2012 2:17:48 PM][DEBUG][clLedger][GetLastTransactionDate][00000000-0000-0000-0000-000000000000] Debug GetLastTransactionDate called
[03/15/2012 2:17:48 PM][INFO][clLedger][GetLastTransactionDate][00000000-0000-0000-0000-000000000000] GetLastTransactionDate method called
[03/15/2012 2:17:48 PM][DEBUG][clLedger][GetLastTransactionDate][00000000-0000-0000-0000-000000000000] Debug GetLastTransactionDate called
[03/15/2012 2:17:48 PM][INFO][clLedger][GetLastTransactionDate][00000000-0000-0000-0000-000000000000] GetLastTransactionDate method called
[03/15/2012 2:17:48 PM][DEBUG][clLedger][GetLastTransactionDate][00000000-0000-0000-0000-000000000000] Debug GetLastTransactionDate called
[03/15/2012 2:17:48 PM][INFO][clLedger][GetLastTransactionDate][00000000-0000-0000-0000-000000000000] GetLastTransactionDate method called
[03/15/2012 2:17:48 PM][DEBUG][clLedger][GetLastTransactionDate][00000000-0000-0000-0000-000000000000] Debug GetLastTransactionDate called
[03/15/2012 2:17:48 PM][INFO][clLedger][GetLastTransactionDate][00000000-0000-0000-0000-000000000000] GetLastTransactionDate method called
[03/15/2012 2:17:48 PM][DEBUG][clLedger][GetLastTransactionDate][00000000-0000-0000-0000-000000000000] Debug GetLastTransactionDate called
[03/15/2012 2:17:48 PM][INFO][clLedger][GetLastTransactionDate][00000000-0000-0000-0000-000000000000] GetLastTransactionDate method called
[03/15/2012 2:17:48 PM][DEBUG][clLedger][GetLastTransactionDate][00000000-0000-0000-0000-000000000000] Debug GetLastTransactionDate called
[03/15/2012 2:17:48 PM][INFO][clLedger][GetLastTransactionDate][00000000-0000-0000-0000-000000000000] GetLastTransactionDate method called
[03/15/2012 2:17:48 PM][DEBUG][clLedger][GetLastTransactionDate][00000000-0000-0000-0000-000000000000] Debug GetLastTransactionDate called
[03/15/2012 2:17:48 PM][INFO][clLedger][GetLastTransactionDate][00000000-0000-0000-0000-000000000000] GetLastTransactionDate method called
[03/15/2012 2:17:48 PM][DEBUG][clLedger][GetLastTransactionDate][00000000-0000-0000-0000-000000000000] Debug GetLastTransactionDate called
[03/15/2012 2:17:48 PM][INFO][clLedger][GetLastTransactionDate][00000000-0000-0000-0000-000000000000] GetLastTransactionDate method called
[03/15/2012 2:17:48 PM][DEBUG][clLedger][GetLastTransactionDate][00000000-0000-0000-0000-000000000000] Debug GetLastTransactionDate called
[03/15/2012 2:17:48 PM][INFO][clLedger][GetLastTransactionDate][00000000-0000-0000-0000-000000000000] GetLastTransactionDate method called
[03/15/2012 2:17:48 PM][DEBUG][clLedger][GetLastTransactionDate][00000000-0000-0000-0000-000000000000] Debug GetLastTransactionDate called
[03/15/2012 2:17:48 PM][INFO][clLedger][GetLastTransactionDate][00000000-0000-0000-0000-000000000000] GetLastTransactionDate method called
[03/15/2012 2:17:48 PM][DEBUG][clLedger][GetLastTransactionDate][00000000-0000-0000-0000-000000000000] Debug GetLastTransactionDate called
[03/15/2012 2:17:48 PM][INFO][clLedger][GetLastTransactionDate][00000000-0000-0000-0000-000000000000] GetLastTransactionDate method called
[03/15/2012 2:17:48 PM][DEBUG][clLedger][GetLastTransactionDate][00000000-0000-0000-0000-000000000000] Debug GetLastTransactionDate called
[03/15/2012 2:17:48 PM][INFO][clLedger][GetLastTransactionDate][00000000-0000-0000-0000-000000000000] GetLastTransactionDate method called
[03/15/2012 2:17:48 PM][DEBUG][clLedger][GetLastTransactionDate][00000000-0000-0000-0000-000000000000] Debug GetLastTransactionDate called
[03/15/2012 2:17:48 PM][INFO][clLedger][GetLastTransactionDate][00000000-0000-0000-0000-000000000000] GetLastTransactionDate method called
[03/15/2012 2:17:48 PM][DEBUG][clLedger][GetLastTransactionDate][00000000-0000-0000-0000-000000000000] Debug GetLastTransactionDate called
[03/15/2012 2:17:48 PM][INFO][clLedger][GetLastTransactionDate][00000000-0000-0000-0000-000000000000] GetLastTransactionDate method called
[03/15/2012 2:17:48 PM][DEBUG][clLedger][GetLastTransactionDate][00000000-0000-0000-0000-000000000000] Debug GetLastTransactionDate called
[03/15/2012 2:17:48 PM][INFO][clLedger][GetLastTransactionDate][00000000-0000-0000-0000-000000000000] GetLastTransactionDate method called
[03/15/2012 2:17:48 PM][DEBUG][clLedger][GetLastTransactionDate][00000000-0000-0000-0000-000000000000] Debug GetLastTransactionDate called
[03/15/2012 2:17:48 PM][INFO][clLedger][GetLastTransactionDate][00000000-0000-0000-0000-000000000000] GetLastTransactionDate method called
[03/15/2012 2:17:48 PM][DEBUG][clLedger][GetLastTransactionDate][00000000-0000-0000-0000-000000000000] Debug GetLastTransactionDate called
[03/15/2012 2:17:48 PM][INFO][clLedger][GetLastTransactionDate][00000000-0000-0000-0000-000000000000] GetLastTransactionDate method called
[03/15/2012 2:17:48 PM][DEBUG][clLedger][GetLastTransactionDate][00000000-0000-0000-0000-000000000000] Debug GetLastTransactionDate called
[03/15/2012 2:17:48 PM][INFO][clLedger][GetLastTransactionDate][00000000-0000-0000-0000-000000000000] GetLastTransactionDate method called
[03/15/2012 2:17:48 PM][DEBUG][clLedger][GetLastTransactionDate][00000000-0000-0000-0000-000000000000] Debug GetLastTransactionDate called
[03/15/2012 2:17:48 PM][INFO][clLedger][GetLastTransactionDate][00000000-0000-0000-0000-000000000000] GetLastTransactionDate method called
[03/15/2012 2:17:48 PM][DEBUG][clLedger][GetLastTransactionDate][00000000-0000-0000-0000-000000000000] Debug GetLastTransactionDate called
[03/15/2012 2:17:48 PM][INFO][clLedger][GetLastTransactionDate][00000000-0000-0000-0000-000000000000] GetLastTransactionDate method called
[03/15/2012 2:17:48 PM][DEBUG][clLedger][GetLastTransactionDate][00000000-0000-0000-0000-000000000000] Debug GetLastTransactionDate called
[03/15/2012 2:17:48 PM][INFO][clLedger][GetLastTransactionDate][00000000-0000-0000-0000-000000000000] GetLastTransactionDate method called
[03/15/2012 2:17:48 PM][DEBUG][clLedger][GetLastTransactionDate][00000000-0000-0000-0000-000000000000] Debug GetLastTransactionDate called
[03/15/2012 2:17:48 PM][INFO][clLedger][GetLastTransactionDate][00000000-0000-0000-0000-000000000000] GetLastTransactionDate method called
[03/15/2012 2:17:48 PM][DEBUG][clLedger][GetLastTransactionDate][00000000-0000-0000-0000-000000000000] Debug GetLastTransactionDate called
[03/15/2012 2:17:48 PM][INFO][clSchoolYear][LoadAllSchoolYear][00000000-0000-0000-0000-000000000000] Execute LoadAllSchoolYear Method
[03/15/2012 2:17:48 PM][DEBUG][clSchoolYear][LoadAllSchoolYear][00000000-0000-0000-0000-000000000000] Debug LoadAllSchoolYear Method
[03/15/2012 2:17:48 PM][INFO][clSchool][LoadSchoolInfo][00000000-0000-0000-0000-000000000000] LoadSchoolInfo method called
[03/15/2012 2:17:48 PM][DEBUG][clSchool][LoadSchoolInfo][00000000-0000-0000-0000-000000000000] Debug LoadSchoolInfo called
[03/15/2012 2:17:48 PM][INFO][clLedgerOfFamily][LoadChildFamily][00000000-0000-0000-0000-000000000000] Execute LoadChildFamily Method
[03/15/2012 2:17:48 PM][DEBUG][clLedgerOfFamily][LoadChildFamily][00000000-0000-0000-0000-000000000000] Debug LoadChildFamily Method
[03/15/2012 2:17:52 PM][INFO][clLedger][LoadChargeCode][00000000-0000-0000-0000-000000000000] Execute LoadChargeCode Method
[03/15/2012 2:17:52 PM][DEBUG][clLedger][LoadChargeCode][00000000-0000-0000-0000-000000000000] Debug LoadChargeCode Method
[03/15/2012 2:17:52 PM][INFO][clSchoolYear][GetCurrentSchoolYear][00000000-0000-0000-0000-000000000000] Execute GetCurrentSchoolYear Method
[03/15/2012 2:17:52 PM][DEBUG][clSchoolYear][GetCurrentSchoolYear][00000000-0000-0000-0000-000000000000] Debug GetCurrentSchoolYear Method
[03/15/2012 2:17:52 PM][INFO][clSchoolYear][LoadAllSchoolYear][00000000-0000-0000-0000-000000000000] Execute LoadAllSchoolYear Method
[03/15/2012 2:17:52 PM][DEBUG][clSchoolYear][LoadAllSchoolYear][00000000-0000-0000-0000-000000000000] Debug LoadAllSchoolYear Method
[03/15/2012 2:17:52 PM][INFO][clLedger][LoadLedgerDetail][00000000-0000-0000-0000-000000000000] Execute LoadLedgerDetail Method
[03/15/2012 2:17:52 PM][DEBUG][clLedger][LoadLedgerDetail][00000000-0000-0000-0000-000000000000] Debug LoadLedgerDetail Method
[03/15/2012 2:17:54 PM][INFO][clSchoolYear][GetCurrentSchoolYear][00000000-0000-0000-0000-000000000000] Execute GetCurrentSchoolYear Method
[03/15/2012 2:17:54 PM][DEBUG][clSchoolYear][GetCurrentSchoolYear][00000000-0000-0000-0000-000000000000] Debug GetCurrentSchoolYear Method
[03/15/2012 2:18:00 PM][INFO][clSchoolYear][LoadAllSchoolYear][00000000-0000-0000-0000-000000000000] Execute LoadAllSchoolYear Method
[03/15/2012 2:18:00 PM][DEBUG][clSchoolYear][LoadAllSchoolYear][00000000-0000-0000-0000-000000000000] Debug LoadAllSchoolYear Method
