[12/14/2011 11:41:48 AM][INFO][clStaff][LoadStaffDetailsByUserNameAndPassword][00000000-0000-0000-0000-000000000000] Execute LoadStaffDetailsByUserNameAndPassword Method
[12/14/2011 11:41:48 AM][DEBUG][clStaff][LoadStaffDetailsByUserNameAndPassword][00000000-0000-0000-0000-000000000000] Debug LoadStaffDetailsByUserNameAndPassword Method
[12/14/2011 11:41:54 AM][INFO][clSchoolYear][LoadAllSchoolYear][00000000-0000-0000-0000-000000000000] Execute LoadAllSchoolYear Method
[12/14/2011 11:41:54 AM][DEBUG][clSchoolYear][LoadAllSchoolYear][00000000-0000-0000-0000-000000000000] Debug LoadAllSchoolYear Method
[12/14/2011 11:41:58 AM][INFO][clSchoolYear][LoadAllSchoolYear][00000000-0000-0000-0000-000000000000] Execute LoadAllSchoolYear Method
[12/14/2011 11:41:58 AM][DEBUG][clSchoolYear][LoadAllSchoolYear][00000000-0000-0000-0000-000000000000] Debug LoadAllSchoolYear Method
[12/14/2011 11:41:58 AM][INFO][clChildFamily][LoadChildFamily][00000000-0000-0000-0000-000000000000] Execute LoadChildFamily Method
[12/14/2011 11:41:58 AM][DEBUG][clChildFamily][LoadChildFamily][00000000-0000-0000-0000-000000000000] Debug LoadChildFamily Method
[12/14/2011 11:42:02 AM][INFO][clSchoolYear][GetCurrentSchoolYear][00000000-0000-0000-0000-000000000000] Execute GetCurrentSchoolYear Method
[12/14/2011 11:42:02 AM][DEBUG][clSchoolYear][GetCurrentSchoolYear][00000000-0000-0000-0000-000000000000] Debug GetCurrentSchoolYear Method
[12/14/2011 11:42:03 AM][INFO][clRelationship][LoadRelationship][00000000-0000-0000-0000-000000000000] Execute LoadRelationship Method
[12/14/2011 11:42:03 AM][DEBUG][clRelationship][LoadRelationship][00000000-0000-0000-0000-000000000000] Debug LoadRelationship Method
[12/14/2011 11:42:03 AM][INFO][clRelationship][LoadRelationship][00000000-0000-0000-0000-000000000000] Execute LoadRelationship Method
[12/14/2011 11:42:03 AM][DEBUG][clRelationship][LoadRelationship][00000000-0000-0000-0000-000000000000] Debug LoadRelationship Method
[12/14/2011 11:42:03 AM][INFO][clSchool][LoadSchoolInfo][00000000-0000-0000-0000-000000000000] LoadSchoolInfo method called
[12/14/2011 11:42:03 AM][DEBUG][clSchool][LoadSchoolInfo][00000000-0000-0000-0000-000000000000] Debug LoadSchoolInfo called
[12/14/2011 11:42:03 AM][INFO][clSchool][LoadSchoolInfo][00000000-0000-0000-0000-000000000000] LoadSchoolInfo method called
[12/14/2011 11:42:03 AM][DEBUG][clSchool][LoadSchoolInfo][00000000-0000-0000-0000-000000000000] Debug LoadSchoolInfo called
[12/14/2011 11:42:03 AM][INFO][FamilyInfo][LoadFamilyData][00000000-0000-0000-0000-000000000000] LoadFamilyData method called
[12/14/2011 11:42:03 AM][DEBUG][FamilyInfo][LoadFamilyData][00000000-0000-0000-0000-000000000000] Debug LoadFamilyData
[12/14/2011 11:42:03 AM][INFO][clChildFamily][LoadChildFamilyById][00000000-0000-0000-0000-000000000000] Execute LoadChildFamilyById Method
[12/14/2011 11:42:03 AM][DEBUG][clChildFamily][LoadChildFamilyById][00000000-0000-0000-0000-000000000000] Debug LoadChildFamilyById Method
[12/14/2011 11:42:03 AM][INFO][clSchoolYear][GetCurrentSchoolYear][00000000-0000-0000-0000-000000000000] Execute GetCurrentSchoolYear Method
[12/14/2011 11:42:03 AM][DEBUG][clSchoolYear][GetCurrentSchoolYear][00000000-0000-0000-0000-000000000000] Debug GetCurrentSchoolYear Method
[12/14/2011 11:42:03 AM][INFO][clSchoolYear][LoadAllSchoolYear][00000000-0000-0000-0000-000000000000] Execute LoadAllSchoolYear Method
[12/14/2011 11:42:03 AM][DEBUG][clSchoolYear][LoadAllSchoolYear][00000000-0000-0000-0000-000000000000] Debug LoadAllSchoolYear Method
[12/14/2011 11:42:03 AM][INFO][clChildData][LoadChildData][00000000-0000-0000-0000-000000000000] Execute LoadChildData Method
[12/14/2011 11:42:03 AM][DEBUG][clChildData][LoadChildData][00000000-0000-0000-0000-000000000000] Debug LoadChildData Method
[12/14/2011 11:42:26 AM][INFO][clSchoolYear][GetCurrentSchoolYear][00000000-0000-0000-0000-000000000000] Execute GetCurrentSchoolYear Method
[12/14/2011 11:42:26 AM][DEBUG][clSchoolYear][GetCurrentSchoolYear][00000000-0000-0000-0000-000000000000] Debug GetCurrentSchoolYear Method
[12/14/2011 11:42:26 AM][INFO][FamilyInfo][btnSave_Click][00000000-0000-0000-0000-000000000000] Submit btnSave_Click called
[12/14/2011 11:42:26 AM][DEBUG][FamilyInfo][btnSave_Click][00000000-0000-0000-0000-000000000000] Debug btnSave_Click 
[12/14/2011 11:42:26 AM][INFO][clFamilyData][CheckCodeRequire][00000000-0000-0000-0000-000000000000] Execute CheckCodeRequire Method
[12/14/2011 11:42:26 AM][DEBUG][clFamilyData][CheckCodeRequire][00000000-0000-0000-0000-000000000000] Debug CheckCodeRequire Method
[12/14/2011 11:42:26 AM][INFO][clChildFamily][Save][00000000-0000-0000-0000-000000000000] Execute Save Method
[12/14/2011 11:42:26 AM][DEBUG][clChildFamily][Save][00000000-0000-0000-0000-000000000000] Debug Save Method
[12/14/2011 11:42:26 AM][INFO][FamilyInfo][LoadFamilyData][00000000-0000-0000-0000-000000000000] LoadFamilyData method called
[12/14/2011 11:42:26 AM][DEBUG][FamilyInfo][LoadFamilyData][00000000-0000-0000-0000-000000000000] Debug LoadFamilyData
[12/14/2011 11:42:26 AM][INFO][clChildFamily][LoadChildFamilyById][00000000-0000-0000-0000-000000000000] Execute LoadChildFamilyById Method
[12/14/2011 11:42:26 AM][DEBUG][clChildFamily][LoadChildFamilyById][00000000-0000-0000-0000-000000000000] Debug LoadChildFamilyById Method
[12/14/2011 11:42:36 AM][INFO][clSchoolYear][LoadAllSchoolYear][00000000-0000-0000-0000-000000000000] Execute LoadAllSchoolYear Method
[12/14/2011 11:42:36 AM][DEBUG][clSchoolYear][LoadAllSchoolYear][00000000-0000-0000-0000-000000000000] Debug LoadAllSchoolYear Method
[12/14/2011 11:42:36 AM][INFO][clChildFamily][LoadChildFamily][00000000-0000-0000-0000-000000000000] Execute LoadChildFamily Method
[12/14/2011 11:42:36 AM][DEBUG][clChildFamily][LoadChildFamily][00000000-0000-0000-0000-000000000000] Debug LoadChildFamily Method
[12/14/2011 11:42:39 AM][INFO][clSchoolYear][GetCurrentSchoolYear][00000000-0000-0000-0000-000000000000] Execute GetCurrentSchoolYear Method
[12/14/2011 11:42:39 AM][DEBUG][clSchoolYear][GetCurrentSchoolYear][00000000-0000-0000-0000-000000000000] Debug GetCurrentSchoolYear Method
[12/14/2011 11:42:39 AM][INFO][clRelationship][LoadRelationship][00000000-0000-0000-0000-000000000000] Execute LoadRelationship Method
[12/14/2011 11:42:39 AM][DEBUG][clRelationship][LoadRelationship][00000000-0000-0000-0000-000000000000] Debug LoadRelationship Method
[12/14/2011 11:42:39 AM][INFO][clRelationship][LoadRelationship][00000000-0000-0000-0000-000000000000] Execute LoadRelationship Method
[12/14/2011 11:42:39 AM][DEBUG][clRelationship][LoadRelationship][00000000-0000-0000-0000-000000000000] Debug LoadRelationship Method
[12/14/2011 11:42:39 AM][INFO][clSchool][LoadSchoolInfo][00000000-0000-0000-0000-000000000000] LoadSchoolInfo method called
[12/14/2011 11:42:39 AM][DEBUG][clSchool][LoadSchoolInfo][00000000-0000-0000-0000-000000000000] Debug LoadSchoolInfo called
[12/14/2011 11:42:39 AM][INFO][clSchool][LoadSchoolInfo][00000000-0000-0000-0000-000000000000] LoadSchoolInfo method called
[12/14/2011 11:42:39 AM][DEBUG][clSchool][LoadSchoolInfo][00000000-0000-0000-0000-000000000000] Debug LoadSchoolInfo called
[12/14/2011 11:42:39 AM][INFO][FamilyInfo][LoadFamilyData][00000000-0000-0000-0000-000000000000] LoadFamilyData method called
[12/14/2011 11:42:39 AM][DEBUG][FamilyInfo][LoadFamilyData][00000000-0000-0000-0000-000000000000] Debug LoadFamilyData
[12/14/2011 11:42:39 AM][INFO][clChildFamily][LoadChildFamilyById][00000000-0000-0000-0000-000000000000] Execute LoadChildFamilyById Method
[12/14/2011 11:42:39 AM][DEBUG][clChildFamily][LoadChildFamilyById][00000000-0000-0000-0000-000000000000] Debug LoadChildFamilyById Method
[12/14/2011 11:42:40 AM][INFO][clSchoolYear][GetCurrentSchoolYear][00000000-0000-0000-0000-000000000000] Execute GetCurrentSchoolYear Method
[12/14/2011 11:42:40 AM][DEBUG][clSchoolYear][GetCurrentSchoolYear][00000000-0000-0000-0000-000000000000] Debug GetCurrentSchoolYear Method
[12/14/2011 11:42:40 AM][INFO][clSchoolYear][LoadAllSchoolYear][00000000-0000-0000-0000-000000000000] Execute LoadAllSchoolYear Method
[12/14/2011 11:42:40 AM][DEBUG][clSchoolYear][LoadAllSchoolYear][00000000-0000-0000-0000-000000000000] Debug LoadAllSchoolYear Method
[12/14/2011 11:42:40 AM][INFO][clChildData][LoadChildData][00000000-0000-0000-0000-000000000000] Execute LoadChildData Method
[12/14/2011 11:42:40 AM][DEBUG][clChildData][LoadChildData][00000000-0000-0000-0000-000000000000] Debug LoadChildData Method
