[02/14/2012 10:35:12 AM][INFO][clStaff][LoadStaffDetailsByUserNameAndPassword][00000000-0000-0000-0000-000000000000] Execute LoadStaffDetailsByUserNameAndPassword Method
[02/14/2012 10:35:12 AM][DEBUG][clStaff][LoadStaffDetailsByUserNameAndPassword][00000000-0000-0000-0000-000000000000] Debug LoadStaffDetailsByUserNameAndPassword Method
[02/14/2012 10:35:17 AM][INFO][clSchoolYear][LoadAllSchoolYear][00000000-0000-0000-0000-000000000000] Execute LoadAllSchoolYear Method
[02/14/2012 10:35:17 AM][DEBUG][clSchoolYear][LoadAllSchoolYear][00000000-0000-0000-0000-000000000000] Debug LoadAllSchoolYear Method
[02/14/2012 10:35:20 AM][INFO][clChildList][LoadChildAttendanceHistoryList][00000000-0000-0000-0000-000000000000] LoadChildAttendanceHistoryList method called
[02/14/2012 10:35:20 AM][DEBUG][clFamilyPayment][LoadChildAttendanceHistoryList][00000000-0000-0000-0000-000000000000] Debug LoadChildAttendanceHistoryList called
[02/14/2012 10:35:20 AM][INFO][clSchoolYear][LoadAllSchoolYear][00000000-0000-0000-0000-000000000000] Execute LoadAllSchoolYear Method
[02/14/2012 10:35:20 AM][DEBUG][clSchoolYear][LoadAllSchoolYear][00000000-0000-0000-0000-000000000000] Debug LoadAllSchoolYear Method
[02/14/2012 10:37:19 AM][INFO][clChildList][LoadChildAttendanceHistoryList][00000000-0000-0000-0000-000000000000] LoadChildAttendanceHistoryList method called
[02/14/2012 10:37:19 AM][DEBUG][clFamilyPayment][LoadChildAttendanceHistoryList][00000000-0000-0000-0000-000000000000] Debug LoadChildAttendanceHistoryList called
[02/14/2012 4:05:53 PM][INFO][clStaff][LoadStaffDetailsByUserNameAndPassword][00000000-0000-0000-0000-000000000000] Execute LoadStaffDetailsByUserNameAndPassword Method
[02/14/2012 4:05:54 PM][DEBUG][clStaff][LoadStaffDetailsByUserNameAndPassword][00000000-0000-0000-0000-000000000000] Debug LoadStaffDetailsByUserNameAndPassword Method
[02/14/2012 4:05:57 PM][INFO][clSchoolYear][LoadAllSchoolYear][00000000-0000-0000-0000-000000000000] Execute LoadAllSchoolYear Method
[02/14/2012 4:05:57 PM][DEBUG][clSchoolYear][LoadAllSchoolYear][00000000-0000-0000-0000-000000000000] Debug LoadAllSchoolYear Method
[02/14/2012 4:06:00 PM][INFO][clChildList][LoadChildAttendanceHistoryList][00000000-0000-0000-0000-000000000000] LoadChildAttendanceHistoryList method called
[02/14/2012 4:06:00 PM][DEBUG][clFamilyPayment][LoadChildAttendanceHistoryList][00000000-0000-0000-0000-000000000000] Debug LoadChildAttendanceHistoryList called
[02/14/2012 4:06:01 PM][INFO][clSchoolYear][LoadAllSchoolYear][00000000-0000-0000-0000-000000000000] Execute LoadAllSchoolYear Method
[02/14/2012 4:06:01 PM][DEBUG][clSchoolYear][LoadAllSchoolYear][00000000-0000-0000-0000-000000000000] Debug LoadAllSchoolYear Method
[02/14/2012 4:06:05 PM][INFO][clChildList][LoadChildAttendanceHistoryList][00000000-0000-0000-0000-000000000000] LoadChildAttendanceHistoryList method called
[02/14/2012 4:06:05 PM][DEBUG][clFamilyPayment][LoadChildAttendanceHistoryList][00000000-0000-0000-0000-000000000000] Debug LoadChildAttendanceHistoryList called
[02/14/2012 4:46:01 PM][INFO][clStaff][LoadStaffDetailsByUserNameAndPassword][00000000-0000-0000-0000-000000000000] Execute LoadStaffDetailsByUserNameAndPassword Method
[02/14/2012 4:46:01 PM][DEBUG][clStaff][LoadStaffDetailsByUserNameAndPassword][00000000-0000-0000-0000-000000000000] Debug LoadStaffDetailsByUserNameAndPassword Method
[02/14/2012 4:46:01 PM][INFO][clSchoolYear][LoadAllSchoolYear][00000000-0000-0000-0000-000000000000] Execute LoadAllSchoolYear Method
[02/14/2012 4:46:01 PM][DEBUG][clSchoolYear][LoadAllSchoolYear][00000000-0000-0000-0000-000000000000] Debug LoadAllSchoolYear Method
[02/14/2012 4:46:07 PM][INFO][clChildList][LoadChildAttendanceHistoryList][00000000-0000-0000-0000-000000000000] LoadChildAttendanceHistoryList method called
[02/14/2012 4:46:07 PM][DEBUG][clFamilyPayment][LoadChildAttendanceHistoryList][00000000-0000-0000-0000-000000000000] Debug LoadChildAttendanceHistoryList called
[02/14/2012 4:46:07 PM][INFO][clSchoolYear][LoadAllSchoolYear][00000000-0000-0000-0000-000000000000] Execute LoadAllSchoolYear Method
[02/14/2012 4:46:07 PM][DEBUG][clSchoolYear][LoadAllSchoolYear][00000000-0000-0000-0000-000000000000] Debug LoadAllSchoolYear Method
[02/14/2012 4:46:11 PM][INFO][clChildList][LoadChildAttendanceHistoryList][00000000-0000-0000-0000-000000000000] LoadChildAttendanceHistoryList method called
[02/14/2012 4:46:11 PM][DEBUG][clFamilyPayment][LoadChildAttendanceHistoryList][00000000-0000-0000-0000-000000000000] Debug LoadChildAttendanceHistoryList called
[02/14/2012 6:17:57 PM][INFO][clStaff][LoadStaffDetailsByUserNameAndPassword][00000000-0000-0000-0000-000000000000] Execute LoadStaffDetailsByUserNameAndPassword Method
[02/14/2012 6:17:57 PM][DEBUG][clStaff][LoadStaffDetailsByUserNameAndPassword][00000000-0000-0000-0000-000000000000] Debug LoadStaffDetailsByUserNameAndPassword Method
[02/14/2012 6:18:02 PM][INFO][clSchoolYear][LoadAllSchoolYear][00000000-0000-0000-0000-000000000000] Execute LoadAllSchoolYear Method
[02/14/2012 6:18:02 PM][DEBUG][clSchoolYear][LoadAllSchoolYear][00000000-0000-0000-0000-000000000000] Debug LoadAllSchoolYear Method
[02/14/2012 6:24:40 PM][INFO][clChildList][LoadChildAttendanceHistoryList][00000000-0000-0000-0000-000000000000] LoadChildAttendanceHistoryList method called
[02/14/2012 6:24:40 PM][DEBUG][clFamilyPayment][LoadChildAttendanceHistoryList][00000000-0000-0000-0000-000000000000] Debug LoadChildAttendanceHistoryList called
[02/14/2012 6:24:44 PM][INFO][clSchoolYear][LoadAllSchoolYear][00000000-0000-0000-0000-000000000000] Execute LoadAllSchoolYear Method
[02/14/2012 6:24:44 PM][DEBUG][clSchoolYear][LoadAllSchoolYear][00000000-0000-0000-0000-000000000000] Debug LoadAllSchoolYear Method
[02/14/2012 6:24:45 PM][INFO][clChildList][LoadChildAttendanceHistoryList][00000000-0000-0000-0000-000000000000] LoadChildAttendanceHistoryList method called
[02/14/2012 6:24:45 PM][DEBUG][clFamilyPayment][LoadChildAttendanceHistoryList][00000000-0000-0000-0000-000000000000] Debug LoadChildAttendanceHistoryList called
[02/14/2012 6:24:45 PM][INFO][clSchoolYear][LoadAllSchoolYear][00000000-0000-0000-0000-000000000000] Execute LoadAllSchoolYear Method
[02/14/2012 6:24:45 PM][DEBUG][clSchoolYear][LoadAllSchoolYear][00000000-0000-0000-0000-000000000000] Debug LoadAllSchoolYear Method
[02/14/2012 6:24:48 PM][INFO][clChildList][LoadChildAttendanceHistoryList][00000000-0000-0000-0000-000000000000] LoadChildAttendanceHistoryList method called
[02/14/2012 6:24:48 PM][DEBUG][clFamilyPayment][LoadChildAttendanceHistoryList][00000000-0000-0000-0000-000000000000] Debug LoadChildAttendanceHistoryList called
