[9/5/2011 12:43:00 PM][INFO][clStaff][LoadStaffDetailsByUserNameAndPassword][00000000-0000-0000-0000-000000000000] Execute LoadStaffDetailsByUserNameAndPassword Method
[9/5/2011 12:43:00 PM][DEBUG][clStaff][LoadStaffDetailsByUserNameAndPassword][00000000-0000-0000-0000-000000000000] Debug LoadStaffDetailsByUserNameAndPassword Method
[9/5/2011 12:43:06 PM][INFO][clSchoolYear][LoadAllSchoolYear][00000000-0000-0000-0000-000000000000] Execute LoadAllSchoolYear Method
[9/5/2011 12:43:06 PM][DEBUG][clSchoolYear][LoadAllSchoolYear][00000000-0000-0000-0000-000000000000] Debug LoadAllSchoolYear Method
[9/5/2011 12:43:06 PM][INFO][clStaff][LoadStaff][00000000-0000-0000-0000-000000000000] Execute LoadStaff Method
[9/5/2011 12:43:06 PM][DEBUG][clStaff][LoadStaff][00000000-0000-0000-0000-000000000000] Debug LoadStaff Method
[9/5/2011 12:43:06 PM][INFO][clStaff][LoadStaffDetailsByUserNameAndPassword][00000000-0000-0000-0000-000000000000] Execute LoadStaffDetailsByUserNameAndPassword Method
[9/5/2011 12:43:06 PM][INFO][clStaff][ISStaffinCurrentYear][00000000-0000-0000-0000-000000000000] ISStaffinCurrentYear function debug
[9/5/2011 12:43:06 PM][INFO][clStaff][LoadStaffDetailsByUserNameAndPassword][00000000-0000-0000-0000-000000000000] Execute LoadStaffDetailsByUserNameAndPassword Method
[9/5/2011 12:43:06 PM][INFO][clStaff][ISStaffinCurrentYear][00000000-0000-0000-0000-000000000000] ISStaffinCurrentYear function debug
[9/5/2011 12:43:06 PM][INFO][clStaff][LoadStaffDetailsByUserNameAndPassword][00000000-0000-0000-0000-000000000000] Execute LoadStaffDetailsByUserNameAndPassword Method
[9/5/2011 12:43:06 PM][INFO][clStaff][ISStaffinCurrentYear][00000000-0000-0000-0000-000000000000] ISStaffinCurrentYear function debug
[9/5/2011 12:43:06 PM][INFO][clStaff][LoadStaffDetailsByUserNameAndPassword][00000000-0000-0000-0000-000000000000] Execute LoadStaffDetailsByUserNameAndPassword Method
[9/5/2011 12:43:06 PM][INFO][clStaff][ISStaffinCurrentYear][00000000-0000-0000-0000-000000000000] ISStaffinCurrentYear function debug
[9/5/2011 12:43:06 PM][INFO][clStaff][LoadStaffDetailsByUserNameAndPassword][00000000-0000-0000-0000-000000000000] Execute LoadStaffDetailsByUserNameAndPassword Method
[9/5/2011 12:43:06 PM][INFO][clStaff][ISStaffinCurrentYear][00000000-0000-0000-0000-000000000000] ISStaffinCurrentYear function debug
[9/5/2011 12:44:58 PM][INFO][clSchoolYear][LoadAllSchoolYear][00000000-0000-0000-0000-000000000000] Execute LoadAllSchoolYear Method
[9/5/2011 12:44:58 PM][DEBUG][clSchoolYear][LoadAllSchoolYear][00000000-0000-0000-0000-000000000000] Debug LoadAllSchoolYear Method
[9/5/2011 12:44:58 PM][INFO][clChildFamily][LoadChildFamily][00000000-0000-0000-0000-000000000000] Execute LoadChildFamily Method
[9/5/2011 12:44:58 PM][DEBUG][clChildFamily][LoadChildFamily][00000000-0000-0000-0000-000000000000] Debug LoadChildFamily Method
[9/5/2011 12:44:58 PM][INFO][clChildFamily][LoadChildFamily][00000000-0000-0000-0000-000000000000] Execute LoadChildFamily Method
[9/5/2011 12:44:58 PM][DEBUG][clChildFamily][LoadChildFamily][00000000-0000-0000-0000-000000000000] Debug LoadChildFamily Method
[9/5/2011 12:45:01 PM][INFO][clSchoolYear][LoadAllSchoolYear][00000000-0000-0000-0000-000000000000] Execute LoadAllSchoolYear Method
[9/5/2011 12:45:01 PM][DEBUG][clSchoolYear][LoadAllSchoolYear][00000000-0000-0000-0000-000000000000] Debug LoadAllSchoolYear Method
[9/5/2011 12:45:01 PM][INFO][clChildFamily][LoadChildFamily][00000000-0000-0000-0000-000000000000] Execute LoadChildFamily Method
[9/5/2011 12:45:01 PM][DEBUG][clChildFamily][LoadChildFamily][00000000-0000-0000-0000-000000000000] Debug LoadChildFamily Method
[9/5/2011 12:45:01 PM][INFO][clChildFamily][LoadChildFamily][00000000-0000-0000-0000-000000000000] Execute LoadChildFamily Method
[9/5/2011 12:45:01 PM][DEBUG][clChildFamily][LoadChildFamily][00000000-0000-0000-0000-000000000000] Debug LoadChildFamily Method
[9/5/2011 12:45:03 PM][INFO][clSchoolYear][GetCurrentSchoolYear][00000000-0000-0000-0000-000000000000] Execute GetCurrentSchoolYear Method
[9/5/2011 12:45:03 PM][DEBUG][clSchoolYear][GetCurrentSchoolYear][00000000-0000-0000-0000-000000000000] Debug GetCurrentSchoolYear Method
[9/5/2011 12:45:03 PM][INFO][clSchoolYear][GetCurrentSchoolYear][00000000-0000-0000-0000-000000000000] Execute GetCurrentSchoolYear Method
[9/5/2011 12:45:03 PM][DEBUG][clSchoolYear][GetCurrentSchoolYear][00000000-0000-0000-0000-000000000000] Debug GetCurrentSchoolYear Method
[9/5/2011 12:45:03 PM][INFO][clSchoolYear][LoadAllSchoolYear][00000000-0000-0000-0000-000000000000] Execute LoadAllSchoolYear Method
[9/5/2011 12:45:03 PM][DEBUG][clSchoolYear][LoadAllSchoolYear][00000000-0000-0000-0000-000000000000] Debug LoadAllSchoolYear Method
[9/5/2011 12:45:03 PM][INFO][clChildData][LoadChildDataList][00000000-0000-0000-0000-000000000000] Execute LoadChildDataList Method
[9/5/2011 12:45:03 PM][DEBUG][clChildData][LoadChildDataList][00000000-0000-0000-0000-000000000000] Debug LoadChildDataList Method
[9/5/2011 12:45:03 PM][INFO][clChildData][LoadChildDataList][00000000-0000-0000-0000-000000000000] Execute LoadChildDataList Method
[9/5/2011 12:45:03 PM][DEBUG][clChildData][LoadChildDataList][00000000-0000-0000-0000-000000000000] Debug LoadChildDataList Method
[9/5/2011 12:45:14 PM][INFO][clSchoolYear][LoadAllSchoolYear][00000000-0000-0000-0000-000000000000] Execute LoadAllSchoolYear Method
[9/5/2011 12:45:14 PM][DEBUG][clSchoolYear][LoadAllSchoolYear][00000000-0000-0000-0000-000000000000] Debug LoadAllSchoolYear Method
[9/5/2011 12:45:14 PM][INFO][clChildFamily][LoadChildFamily][00000000-0000-0000-0000-000000000000] Execute LoadChildFamily Method
[9/5/2011 12:45:14 PM][DEBUG][clChildFamily][LoadChildFamily][00000000-0000-0000-0000-000000000000] Debug LoadChildFamily Method
[9/5/2011 12:45:14 PM][INFO][clChildFamily][LoadChildFamily][00000000-0000-0000-0000-000000000000] Execute LoadChildFamily Method
[9/5/2011 12:45:14 PM][DEBUG][clChildFamily][LoadChildFamily][00000000-0000-0000-0000-000000000000] Debug LoadChildFamily Method
[9/5/2011 12:45:17 PM][INFO][clSchoolYear][GetCurrentSchoolYear][00000000-0000-0000-0000-000000000000] Execute GetCurrentSchoolYear Method
[9/5/2011 12:45:17 PM][DEBUG][clSchoolYear][GetCurrentSchoolYear][00000000-0000-0000-0000-000000000000] Debug GetCurrentSchoolYear Method
[9/5/2011 12:45:17 PM][INFO][clSchoolYear][GetCurrentSchoolYear][00000000-0000-0000-0000-000000000000] Execute GetCurrentSchoolYear Method
[9/5/2011 12:45:17 PM][DEBUG][clSchoolYear][GetCurrentSchoolYear][00000000-0000-0000-0000-000000000000] Debug GetCurrentSchoolYear Method
[9/5/2011 12:45:17 PM][INFO][clSchoolYear][LoadAllSchoolYear][00000000-0000-0000-0000-000000000000] Execute LoadAllSchoolYear Method
[9/5/2011 12:45:17 PM][DEBUG][clSchoolYear][LoadAllSchoolYear][00000000-0000-0000-0000-000000000000] Debug LoadAllSchoolYear Method
[9/5/2011 12:45:17 PM][INFO][clChildData][LoadChildDataList][00000000-0000-0000-0000-000000000000] Execute LoadChildDataList Method
[9/5/2011 12:45:17 PM][DEBUG][clChildData][LoadChildDataList][00000000-0000-0000-0000-000000000000] Debug LoadChildDataList Method
[9/5/2011 12:45:17 PM][INFO][clChildData][LoadChildDataList][00000000-0000-0000-0000-000000000000] Execute LoadChildDataList Method
[9/5/2011 12:45:17 PM][DEBUG][clChildData][LoadChildDataList][00000000-0000-0000-0000-000000000000] Debug LoadChildDataList Method
[9/5/2011 12:45:21 PM][INFO][clSchoolYear][LoadAllSchoolYear][00000000-0000-0000-0000-000000000000] Execute LoadAllSchoolYear Method
[9/5/2011 12:45:21 PM][DEBUG][clSchoolYear][LoadAllSchoolYear][00000000-0000-0000-0000-000000000000] Debug LoadAllSchoolYear Method
[9/5/2011 12:45:21 PM][INFO][clChildFamily][LoadChildFamily][00000000-0000-0000-0000-000000000000] Execute LoadChildFamily Method
[9/5/2011 12:45:21 PM][DEBUG][clChildFamily][LoadChildFamily][00000000-0000-0000-0000-000000000000] Debug LoadChildFamily Method
[9/5/2011 12:45:21 PM][INFO][clChildFamily][LoadChildFamily][00000000-0000-0000-0000-000000000000] Execute LoadChildFamily Method
[9/5/2011 12:45:21 PM][DEBUG][clChildFamily][LoadChildFamily][00000000-0000-0000-0000-000000000000] Debug LoadChildFamily Method
[9/5/2011 12:45:29 PM][INFO][clSchoolYear][GetCurrentSchoolYear][00000000-0000-0000-0000-000000000000] Execute GetCurrentSchoolYear Method
[9/5/2011 12:45:29 PM][DEBUG][clSchoolYear][GetCurrentSchoolYear][00000000-0000-0000-0000-000000000000] Debug GetCurrentSchoolYear Method
[9/5/2011 12:45:30 PM][INFO][clSchoolYear][GetCurrentSchoolYear][00000000-0000-0000-0000-000000000000] Execute GetCurrentSchoolYear Method
[9/5/2011 12:45:30 PM][DEBUG][clSchoolYear][GetCurrentSchoolYear][00000000-0000-0000-0000-000000000000] Debug GetCurrentSchoolYear Method
[9/5/2011 12:45:30 PM][INFO][clSchoolYear][LoadAllSchoolYear][00000000-0000-0000-0000-000000000000] Execute LoadAllSchoolYear Method
[9/5/2011 12:45:30 PM][DEBUG][clSchoolYear][LoadAllSchoolYear][00000000-0000-0000-0000-000000000000] Debug LoadAllSchoolYear Method
[9/5/2011 12:45:30 PM][INFO][clChildData][LoadChildDataList][00000000-0000-0000-0000-000000000000] Execute LoadChildDataList Method
[9/5/2011 12:45:30 PM][DEBUG][clChildData][LoadChildDataList][00000000-0000-0000-0000-000000000000] Debug LoadChildDataList Method
[9/5/2011 12:45:30 PM][INFO][clChildData][LoadChildDataList][00000000-0000-0000-0000-000000000000] Execute LoadChildDataList Method
[9/5/2011 12:45:30 PM][DEBUG][clChildData][LoadChildDataList][00000000-0000-0000-0000-000000000000] Debug LoadChildDataList Method
[9/5/2011 12:45:37 PM][INFO][clChildProgEnrollment][Save][00000000-0000-0000-0000-000000000000] Execute Save Method
[9/5/2011 12:45:37 PM][DEBUG][clChildProgEnrollment][LoadChildFamily][00000000-0000-0000-0000-000000000000] Debug LoadChildFamily Method
[9/5/2011 12:45:37 PM][INFO][clSchoolYear][LoadAllSchoolYear][00000000-0000-0000-0000-000000000000] Execute LoadAllSchoolYear Method
[9/5/2011 12:45:37 PM][DEBUG][clSchoolYear][LoadAllSchoolYear][00000000-0000-0000-0000-000000000000] Debug LoadAllSchoolYear Method
[9/5/2011 12:46:27 PM][INFO][clChildProgEnrollment][LoadChildProgEnrollment][00000000-0000-0000-0000-000000000000] Execute LoadChildProgEnrollment Method
[9/5/2011 12:46:27 PM][DEBUG][clChildProgEnrollment][Save][00000000-0000-0000-0000-000000000000] Debug Save Method
[9/5/2011 12:46:27 PM][INFO][clChildProgEnrollment][Save][00000000-0000-0000-0000-000000000000] Execute Save Method
[9/5/2011 12:46:27 PM][DEBUG][clChildProgEnrollment][Save][00000000-0000-0000-0000-000000000000] Debug Save Method
[9/5/2011 12:46:27 PM][INFO][clChildProgEnrollment][Save][00000000-0000-0000-0000-000000000000] Execute Save Method
[9/5/2011 12:46:27 PM][DEBUG][clChildProgEnrollment][Save][00000000-0000-0000-0000-000000000000] Debug Save Method
[9/5/2011 12:46:27 PM][INFO][clChildProgEnrollment][Save][00000000-0000-0000-0000-000000000000] Execute Save Method
[9/5/2011 12:46:27 PM][DEBUG][clChildProgEnrollment][Save][00000000-0000-0000-0000-000000000000] Debug Save Method
[9/5/2011 12:46:27 PM][INFO][clChildProgEnrollment][Save][00000000-0000-0000-0000-000000000000] Execute Save Method
[9/5/2011 12:46:27 PM][DEBUG][clChildProgEnrollment][Save][00000000-0000-0000-0000-000000000000] Debug Save Method
[9/5/2011 12:46:27 PM][INFO][clChildProgEnrollment][Save][00000000-0000-0000-0000-000000000000] Execute Save Method
[9/5/2011 12:46:27 PM][DEBUG][clChildProgEnrollment][Save][00000000-0000-0000-0000-000000000000] Debug Save Method
[9/5/2011 12:46:32 PM][INFO][clChildProgEnrollment][LoadChildProgEnrollment][00000000-0000-0000-0000-000000000000] Execute LoadChildProgEnrollment Method
[9/5/2011 12:46:32 PM][DEBUG][clChildProgEnrollment][Save][00000000-0000-0000-0000-000000000000] Debug Save Method
[9/5/2011 12:46:32 PM][INFO][clChildProgEnrollment][Save][00000000-0000-0000-0000-000000000000] Execute Save Method
[9/5/2011 12:46:32 PM][DEBUG][clChildProgEnrollment][Save][00000000-0000-0000-0000-000000000000] Debug Save Method
[9/5/2011 12:46:32 PM][INFO][clChildProgEnrollment][Save][00000000-0000-0000-0000-000000000000] Execute Save Method
[9/5/2011 12:46:32 PM][DEBUG][clChildProgEnrollment][Save][00000000-0000-0000-0000-000000000000] Debug Save Method
[9/5/2011 12:46:32 PM][INFO][clChildProgEnrollment][Save][00000000-0000-0000-0000-000000000000] Execute Save Method
[9/5/2011 12:46:32 PM][DEBUG][clChildProgEnrollment][Save][00000000-0000-0000-0000-000000000000] Debug Save Method
[9/5/2011 12:46:32 PM][INFO][clChildProgEnrollment][Save][00000000-0000-0000-0000-000000000000] Execute Save Method
[9/5/2011 12:46:32 PM][DEBUG][clChildProgEnrollment][Save][00000000-0000-0000-0000-000000000000] Debug Save Method
[9/5/2011 12:46:32 PM][INFO][clChildProgEnrollment][Save][00000000-0000-0000-0000-000000000000] Execute Save Method
[9/5/2011 12:46:32 PM][DEBUG][clChildProgEnrollment][Save][00000000-0000-0000-0000-000000000000] Debug Save Method
[9/5/2011 12:46:32 PM][INFO][clChildProgEnrollment][LoadChildProgEnrollment][00000000-0000-0000-0000-000000000000] Execute LoadChildProgEnrollment Method
[9/5/2011 12:46:32 PM][DEBUG][clChildProgEnrollment][Save][00000000-0000-0000-0000-000000000000] Debug Save Method
[9/5/2011 12:46:32 PM][INFO][clChildProgEnrollment][Save][00000000-0000-0000-0000-000000000000] Execute Save Method
[9/5/2011 12:46:32 PM][DEBUG][clChildProgEnrollment][Save][00000000-0000-0000-0000-000000000000] Debug Save Method
[9/5/2011 12:46:32 PM][INFO][clChildProgEnrollment][Save][00000000-0000-0000-0000-000000000000] Execute Save Method
[9/5/2011 12:46:32 PM][DEBUG][clChildProgEnrollment][Save][00000000-0000-0000-0000-000000000000] Debug Save Method
[9/5/2011 12:46:32 PM][INFO][clChildProgEnrollment][Save][00000000-0000-0000-0000-000000000000] Execute Save Method
[9/5/2011 12:46:32 PM][DEBUG][clChildProgEnrollment][Save][00000000-0000-0000-0000-000000000000] Debug Save Method
[9/5/2011 12:46:32 PM][INFO][clChildProgEnrollment][Save][00000000-0000-0000-0000-000000000000] Execute Save Method
[9/5/2011 12:46:32 PM][DEBUG][clChildProgEnrollment][Save][00000000-0000-0000-0000-000000000000] Debug Save Method
[9/5/2011 12:46:32 PM][INFO][clChildProgEnrollment][Save][00000000-0000-0000-0000-000000000000] Execute Save Method
[9/5/2011 12:46:32 PM][DEBUG][clChildProgEnrollment][Save][00000000-0000-0000-0000-000000000000] Debug Save Method
[9/5/2011 12:46:35 PM][INFO][clChildProgEnrollment][LoadChildProgEnrollment][00000000-0000-0000-0000-000000000000] Execute LoadChildProgEnrollment Method
[9/5/2011 12:46:35 PM][DEBUG][clChildProgEnrollment][Save][00000000-0000-0000-0000-000000000000] Debug Save Method
[9/5/2011 12:46:35 PM][INFO][clChildProgEnrollment][Save][00000000-0000-0000-0000-000000000000] Execute Save Method
[9/5/2011 12:46:35 PM][DEBUG][clChildProgEnrollment][Save][00000000-0000-0000-0000-000000000000] Debug Save Method
[9/5/2011 12:46:35 PM][INFO][clChildProgEnrollment][Save][00000000-0000-0000-0000-000000000000] Execute Save Method
[9/5/2011 12:46:35 PM][DEBUG][clChildProgEnrollment][Save][00000000-0000-0000-0000-000000000000] Debug Save Method
[9/5/2011 12:46:35 PM][INFO][clChildProgEnrollment][Save][00000000-0000-0000-0000-000000000000] Execute Save Method
[9/5/2011 12:46:35 PM][DEBUG][clChildProgEnrollment][Save][00000000-0000-0000-0000-000000000000] Debug Save Method
[9/5/2011 12:46:35 PM][INFO][clChildProgEnrollment][Save][00000000-0000-0000-0000-000000000000] Execute Save Method
[9/5/2011 12:46:35 PM][DEBUG][clChildProgEnrollment][Save][00000000-0000-0000-0000-000000000000] Debug Save Method
[9/5/2011 12:46:36 PM][INFO][clChildProgEnrollment][Save][00000000-0000-0000-0000-000000000000] Execute Save Method
[9/5/2011 12:46:36 PM][DEBUG][clChildProgEnrollment][Save][00000000-0000-0000-0000-000000000000] Debug Save Method
[9/5/2011 12:46:36 PM][INFO][clChildProgEnrollment][LoadChildProgEnrollment][00000000-0000-0000-0000-000000000000] Execute LoadChildProgEnrollment Method
[9/5/2011 12:46:36 PM][DEBUG][clChildProgEnrollment][Save][00000000-0000-0000-0000-000000000000] Debug Save Method
[9/5/2011 12:46:36 PM][INFO][clChildProgEnrollment][Save][00000000-0000-0000-0000-000000000000] Execute Save Method
[9/5/2011 12:46:36 PM][DEBUG][clChildProgEnrollment][Save][00000000-0000-0000-0000-000000000000] Debug Save Method
[9/5/2011 12:46:36 PM][INFO][clChildProgEnrollment][Save][00000000-0000-0000-0000-000000000000] Execute Save Method
[9/5/2011 12:46:36 PM][DEBUG][clChildProgEnrollment][Save][00000000-0000-0000-0000-000000000000] Debug Save Method
[9/5/2011 12:46:36 PM][INFO][clChildProgEnrollment][Save][00000000-0000-0000-0000-000000000000] Execute Save Method
[9/5/2011 12:46:36 PM][DEBUG][clChildProgEnrollment][Save][00000000-0000-0000-0000-000000000000] Debug Save Method
[9/5/2011 12:46:36 PM][INFO][clChildProgEnrollment][Save][00000000-0000-0000-0000-000000000000] Execute Save Method
[9/5/2011 12:46:36 PM][DEBUG][clChildProgEnrollment][Save][00000000-0000-0000-0000-000000000000] Debug Save Method
[9/5/2011 12:46:36 PM][INFO][clChildProgEnrollment][Save][00000000-0000-0000-0000-000000000000] Execute Save Method
[9/5/2011 12:46:36 PM][DEBUG][clChildProgEnrollment][Save][00000000-0000-0000-0000-000000000000] Debug Save Method
[9/5/2011 12:46:39 PM][INFO][clChildProgEnrollment][LoadChildProgEnrollment][00000000-0000-0000-0000-000000000000] Execute LoadChildProgEnrollment Method
[9/5/2011 12:46:39 PM][DEBUG][clChildProgEnrollment][Save][00000000-0000-0000-0000-000000000000] Debug Save Method
[9/5/2011 12:46:39 PM][INFO][clChildProgEnrollment][Save][00000000-0000-0000-0000-000000000000] Execute Save Method
[9/5/2011 12:46:39 PM][DEBUG][clChildProgEnrollment][Save][00000000-0000-0000-0000-000000000000] Debug Save Method
[9/5/2011 12:46:39 PM][INFO][clChildProgEnrollment][Save][00000000-0000-0000-0000-000000000000] Execute Save Method
[9/5/2011 12:46:39 PM][DEBUG][clChildProgEnrollment][Save][00000000-0000-0000-0000-000000000000] Debug Save Method
[9/5/2011 12:46:39 PM][INFO][clChildProgEnrollment][Save][00000000-0000-0000-0000-000000000000] Execute Save Method
[9/5/2011 12:46:39 PM][DEBUG][clChildProgEnrollment][Save][00000000-0000-0000-0000-000000000000] Debug Save Method
[9/5/2011 12:46:39 PM][INFO][clChildProgEnrollment][Save][00000000-0000-0000-0000-000000000000] Execute Save Method
[9/5/2011 12:46:39 PM][DEBUG][clChildProgEnrollment][Save][00000000-0000-0000-0000-000000000000] Debug Save Method
[9/5/2011 12:46:39 PM][INFO][clChildProgEnrollment][Save][00000000-0000-0000-0000-000000000000] Execute Save Method
[9/5/2011 12:46:39 PM][DEBUG][clChildProgEnrollment][Save][00000000-0000-0000-0000-000000000000] Debug Save Method
[9/5/2011 12:53:22 PM][INFO][clSchoolYear][LoadAllSchoolYear][00000000-0000-0000-0000-000000000000] Execute LoadAllSchoolYear Method
[9/5/2011 12:53:22 PM][DEBUG][clSchoolYear][LoadAllSchoolYear][00000000-0000-0000-0000-000000000000] Debug LoadAllSchoolYear Method
[9/5/2011 12:53:22 PM][INFO][clStaff][LoadStaff][00000000-0000-0000-0000-000000000000] Execute LoadStaff Method
[9/5/2011 12:53:22 PM][DEBUG][clStaff][LoadStaff][00000000-0000-0000-0000-000000000000] Debug LoadStaff Method
[9/5/2011 12:53:22 PM][INFO][clStaff][LoadStaffDetailsByUserNameAndPassword][00000000-0000-0000-0000-000000000000] Execute LoadStaffDetailsByUserNameAndPassword Method
[9/5/2011 12:53:22 PM][INFO][clStaff][ISStaffinCurrentYear][00000000-0000-0000-0000-000000000000] ISStaffinCurrentYear function debug
[9/5/2011 12:53:22 PM][INFO][clStaff][LoadStaffDetailsByUserNameAndPassword][00000000-0000-0000-0000-000000000000] Execute LoadStaffDetailsByUserNameAndPassword Method
[9/5/2011 12:53:22 PM][INFO][clStaff][ISStaffinCurrentYear][00000000-0000-0000-0000-000000000000] ISStaffinCurrentYear function debug
[9/5/2011 12:53:22 PM][INFO][clStaff][LoadStaffDetailsByUserNameAndPassword][00000000-0000-0000-0000-000000000000] Execute LoadStaffDetailsByUserNameAndPassword Method
[9/5/2011 12:53:22 PM][INFO][clStaff][ISStaffinCurrentYear][00000000-0000-0000-0000-000000000000] ISStaffinCurrentYear function debug
[9/5/2011 12:53:22 PM][INFO][clStaff][LoadStaffDetailsByUserNameAndPassword][00000000-0000-0000-0000-000000000000] Execute LoadStaffDetailsByUserNameAndPassword Method
[9/5/2011 12:53:22 PM][INFO][clStaff][ISStaffinCurrentYear][00000000-0000-0000-0000-000000000000] ISStaffinCurrentYear function debug
[9/5/2011 12:53:22 PM][INFO][clStaff][LoadStaffDetailsByUserNameAndPassword][00000000-0000-0000-0000-000000000000] Execute LoadStaffDetailsByUserNameAndPassword Method
[9/5/2011 12:53:22 PM][INFO][clStaff][ISStaffinCurrentYear][00000000-0000-0000-0000-000000000000] ISStaffinCurrentYear function debug
[9/5/2011 12:53:25 PM][INFO][clSchoolYear][GetCurrentSchoolYear][00000000-0000-0000-0000-000000000000] Execute GetCurrentSchoolYear Method
[9/5/2011 12:53:25 PM][DEBUG][clSchoolYear][GetCurrentSchoolYear][00000000-0000-0000-0000-000000000000] Debug GetCurrentSchoolYear Method
[9/5/2011 12:53:25 PM][INFO][clUserGroup][LoadUserGroup][00000000-0000-0000-0000-000000000000] Execute LoadUserGroup Method
[9/5/2011 12:53:25 PM][DEBUG][clUserGroup][LoadUserGroup][00000000-0000-0000-0000-000000000000] Debug LoadUserGroup Method
[9/5/2011 12:53:25 PM][INFO][clStaffCategory][loadStaffCategory][00000000-0000-0000-0000-000000000000] Execute loadStaffCategory Method
[9/5/2011 12:53:25 PM][DEBUG][clStaffCategory][Save][00000000-0000-0000-0000-000000000000] Debug Save Method
[9/5/2011 12:53:25 PM][INFO][clSchoolYear][GetCurrentSchoolYear][00000000-0000-0000-0000-000000000000] Execute GetCurrentSchoolYear Method
[9/5/2011 12:53:25 PM][DEBUG][clSchoolYear][GetCurrentSchoolYear][00000000-0000-0000-0000-000000000000] Debug GetCurrentSchoolYear Method
[9/5/2011 12:53:25 PM][INFO][clSchoolYear][LoadAllSchoolYear][00000000-0000-0000-0000-000000000000] Execute LoadAllSchoolYear Method
[9/5/2011 12:53:25 PM][DEBUG][clSchoolYear][LoadAllSchoolYear][00000000-0000-0000-0000-000000000000] Debug LoadAllSchoolYear Method
[9/5/2011 12:53:40 PM][INFO][clSchoolYear][LoadAllSchoolYear][00000000-0000-0000-0000-000000000000] Execute LoadAllSchoolYear Method
[9/5/2011 12:53:40 PM][DEBUG][clSchoolYear][LoadAllSchoolYear][00000000-0000-0000-0000-000000000000] Debug LoadAllSchoolYear Method
[9/5/2011 12:53:40 PM][INFO][clChildFamily][LoadChildFamily][00000000-0000-0000-0000-000000000000] Execute LoadChildFamily Method
[9/5/2011 12:53:40 PM][DEBUG][clChildFamily][LoadChildFamily][00000000-0000-0000-0000-000000000000] Debug LoadChildFamily Method
[9/5/2011 12:53:40 PM][INFO][clChildFamily][LoadChildFamily][00000000-0000-0000-0000-000000000000] Execute LoadChildFamily Method
[9/5/2011 12:53:40 PM][DEBUG][clChildFamily][LoadChildFamily][00000000-0000-0000-0000-000000000000] Debug LoadChildFamily Method
[9/5/2011 12:53:43 PM][INFO][clSchoolYear][GetCurrentSchoolYear][00000000-0000-0000-0000-000000000000] Execute GetCurrentSchoolYear Method
[9/5/2011 12:53:43 PM][DEBUG][clSchoolYear][GetCurrentSchoolYear][00000000-0000-0000-0000-000000000000] Debug GetCurrentSchoolYear Method
[9/5/2011 12:53:43 PM][INFO][clSchoolYear][GetCurrentSchoolYear][00000000-0000-0000-0000-000000000000] Execute GetCurrentSchoolYear Method
[9/5/2011 12:53:43 PM][DEBUG][clSchoolYear][GetCurrentSchoolYear][00000000-0000-0000-0000-000000000000] Debug GetCurrentSchoolYear Method
[9/5/2011 12:53:43 PM][INFO][clSchoolYear][LoadAllSchoolYear][00000000-0000-0000-0000-000000000000] Execute LoadAllSchoolYear Method
[9/5/2011 12:53:43 PM][DEBUG][clSchoolYear][LoadAllSchoolYear][00000000-0000-0000-0000-000000000000] Debug LoadAllSchoolYear Method
[9/5/2011 12:53:43 PM][INFO][clChildData][LoadChildDataList][00000000-0000-0000-0000-000000000000] Execute LoadChildDataList Method
[9/5/2011 12:53:43 PM][DEBUG][clChildData][LoadChildDataList][00000000-0000-0000-0000-000000000000] Debug LoadChildDataList Method
[9/5/2011 12:53:43 PM][INFO][clChildData][LoadChildDataList][00000000-0000-0000-0000-000000000000] Execute LoadChildDataList Method
[9/5/2011 12:53:43 PM][DEBUG][clChildData][LoadChildDataList][00000000-0000-0000-0000-000000000000] Debug LoadChildDataList Method
[9/5/2011 12:53:45 PM][INFO][clChildProgEnrollment][Save][00000000-0000-0000-0000-000000000000] Execute Save Method
[9/5/2011 12:53:45 PM][DEBUG][clChildProgEnrollment][LoadChildFamily][00000000-0000-0000-0000-000000000000] Debug LoadChildFamily Method
[9/5/2011 12:53:45 PM][INFO][clSchoolYear][LoadAllSchoolYear][00000000-0000-0000-0000-000000000000] Execute LoadAllSchoolYear Method
[9/5/2011 12:53:45 PM][DEBUG][clSchoolYear][LoadAllSchoolYear][00000000-0000-0000-0000-000000000000] Debug LoadAllSchoolYear Method
[9/5/2011 1:48:28 PM][INFO][clStaff][LoadStaffDetailsByUserNameAndPassword][00000000-0000-0000-0000-000000000000] Execute LoadStaffDetailsByUserNameAndPassword Method
[9/5/2011 1:48:28 PM][DEBUG][clStaff][LoadStaffDetailsByUserNameAndPassword][00000000-0000-0000-0000-000000000000] Debug LoadStaffDetailsByUserNameAndPassword Method
[9/5/2011 1:48:54 PM][INFO][clStaff][LoadStaffDetailsByUserNameAndPassword][00000000-0000-0000-0000-000000000000] Execute LoadStaffDetailsByUserNameAndPassword Method
[9/5/2011 1:48:54 PM][DEBUG][clStaff][LoadStaffDetailsByUserNameAndPassword][00000000-0000-0000-0000-000000000000] Debug LoadStaffDetailsByUserNameAndPassword Method
[9/5/2011 1:52:09 PM][INFO][clStaff][LoadStaffDetailsByUserNameAndPassword][00000000-0000-0000-0000-000000000000] Execute LoadStaffDetailsByUserNameAndPassword Method
[9/5/2011 1:52:09 PM][DEBUG][clStaff][LoadStaffDetailsByUserNameAndPassword][00000000-0000-0000-0000-000000000000] Debug LoadStaffDetailsByUserNameAndPassword Method
[9/5/2011 1:52:51 PM][INFO][clStaff][LoadStaffDetailsByUserNameAndPassword][00000000-0000-0000-0000-000000000000] Execute LoadStaffDetailsByUserNameAndPassword Method
[9/5/2011 1:53:06 PM][DEBUG][clStaff][LoadStaffDetailsByUserNameAndPassword][00000000-0000-0000-0000-000000000000] Debug LoadStaffDetailsByUserNameAndPassword Method
[9/5/2011 2:01:21 PM][INFO][clStaff][LoadStaffDetailsByUserNameAndPassword][00000000-0000-0000-0000-000000000000] Execute LoadStaffDetailsByUserNameAndPassword Method
[9/5/2011 2:01:21 PM][DEBUG][clStaff][LoadStaffDetailsByUserNameAndPassword][00000000-0000-0000-0000-000000000000] Debug LoadStaffDetailsByUserNameAndPassword Method
[9/5/2011 2:01:22 PM][INFO][clSchoolYear][LoadAllSchoolYear][00000000-0000-0000-0000-000000000000] Execute LoadAllSchoolYear Method
[9/5/2011 2:01:22 PM][DEBUG][clSchoolYear][LoadAllSchoolYear][00000000-0000-0000-0000-000000000000] Debug LoadAllSchoolYear Method
[9/5/2011 2:01:22 PM][INFO][clStaff][LoadStaff][00000000-0000-0000-0000-000000000000] Execute LoadStaff Method
[9/5/2011 2:01:22 PM][DEBUG][clStaff][LoadStaff][00000000-0000-0000-0000-000000000000] Debug LoadStaff Method
[9/5/2011 2:01:22 PM][INFO][clStaff][LoadStaffDetailsByUserNameAndPassword][00000000-0000-0000-0000-000000000000] Execute LoadStaffDetailsByUserNameAndPassword Method
[9/5/2011 2:01:22 PM][INFO][clStaff][ISStaffinCurrentYear][00000000-0000-0000-0000-000000000000] ISStaffinCurrentYear function debug
[9/5/2011 2:01:26 PM][INFO][clSchoolYear][LoadAllSchoolYear][00000000-0000-0000-0000-000000000000] Execute LoadAllSchoolYear Method
[9/5/2011 2:01:26 PM][DEBUG][clSchoolYear][LoadAllSchoolYear][00000000-0000-0000-0000-000000000000] Debug LoadAllSchoolYear Method
[9/5/2011 2:01:26 PM][INFO][clUserGroup][LoadUserGroup][00000000-0000-0000-0000-000000000000] Execute LoadUserGroup Method
[9/5/2011 2:01:26 PM][DEBUG][clUserGroup][LoadUserGroup][00000000-0000-0000-0000-000000000000] Debug LoadUserGroup Method
[9/5/2011 2:01:28 PM][INFO][clSchoolYear][LoadAllSchoolYear][00000000-0000-0000-0000-000000000000] Execute LoadAllSchoolYear Method
[9/5/2011 2:01:28 PM][DEBUG][clSchoolYear][LoadAllSchoolYear][00000000-0000-0000-0000-000000000000] Debug LoadAllSchoolYear Method
[9/5/2011 2:01:28 PM][INFO][clClassCategory][LoadClassCategory][00000000-0000-0000-0000-000000000000] Execute LoadClassCategory Method
[9/5/2011 2:01:28 PM][DEBUG][clClassCategory][Save][00000000-0000-0000-0000-000000000000] Debug Save Method
[9/5/2011 2:01:30 PM][INFO][clSchoolYear][LoadAllSchoolYear][00000000-0000-0000-0000-000000000000] Execute LoadAllSchoolYear Method
[9/5/2011 2:01:30 PM][DEBUG][clSchoolYear][LoadAllSchoolYear][00000000-0000-0000-0000-000000000000] Debug LoadAllSchoolYear Method
[9/5/2011 2:01:30 PM][INFO][clEnrollmentStatus][LoadEnrollmentStatus][00000000-0000-0000-0000-000000000000] Execute LoadEnrollmentStatus Method
[9/5/2011 2:01:30 PM][DEBUG][clEnrollmentStatus][Save][00000000-0000-0000-0000-000000000000] Debug Save Method
[9/5/2011 2:11:49 PM][INFO][clStaff][LoadStaffDetailsByUserNameAndPassword][00000000-0000-0000-0000-000000000000] Execute LoadStaffDetailsByUserNameAndPassword Method
[9/5/2011 2:11:49 PM][DEBUG][clStaff][LoadStaffDetailsByUserNameAndPassword][00000000-0000-0000-0000-000000000000] Debug LoadStaffDetailsByUserNameAndPassword Method
[9/5/2011 2:11:51 PM][INFO][clSchoolYear][LoadAllSchoolYear][00000000-0000-0000-0000-000000000000] Execute LoadAllSchoolYear Method
[9/5/2011 2:11:51 PM][DEBUG][clSchoolYear][LoadAllSchoolYear][00000000-0000-0000-0000-000000000000] Debug LoadAllSchoolYear Method
[9/5/2011 2:11:51 PM][INFO][clStaff][LoadStaff][00000000-0000-0000-0000-000000000000] Execute LoadStaff Method
[9/5/2011 2:11:51 PM][DEBUG][clStaff][LoadStaff][00000000-0000-0000-0000-000000000000] Debug LoadStaff Method
[9/5/2011 2:11:51 PM][INFO][clStaff][LoadStaffDetailsByUserNameAndPassword][00000000-0000-0000-0000-000000000000] Execute LoadStaffDetailsByUserNameAndPassword Method
[9/5/2011 2:11:51 PM][INFO][clStaff][ISStaffinCurrentYear][00000000-0000-0000-0000-000000000000] ISStaffinCurrentYear function debug
[9/5/2011 2:11:51 PM][INFO][clStaff][LoadStaffDetailsByUserNameAndPassword][00000000-0000-0000-0000-000000000000] Execute LoadStaffDetailsByUserNameAndPassword Method
[9/5/2011 2:11:51 PM][INFO][clStaff][ISStaffinCurrentYear][00000000-0000-0000-0000-000000000000] ISStaffinCurrentYear function debug
[9/5/2011 2:11:51 PM][INFO][clStaff][LoadStaffDetailsByUserNameAndPassword][00000000-0000-0000-0000-000000000000] Execute LoadStaffDetailsByUserNameAndPassword Method
[9/5/2011 2:11:51 PM][INFO][clStaff][ISStaffinCurrentYear][00000000-0000-0000-0000-000000000000] ISStaffinCurrentYear function debug
[9/5/2011 2:11:51 PM][INFO][clStaff][LoadStaffDetailsByUserNameAndPassword][00000000-0000-0000-0000-000000000000] Execute LoadStaffDetailsByUserNameAndPassword Method
[9/5/2011 2:11:51 PM][INFO][clStaff][ISStaffinCurrentYear][00000000-0000-0000-0000-000000000000] ISStaffinCurrentYear function debug
[9/5/2011 2:11:51 PM][INFO][clStaff][LoadStaffDetailsByUserNameAndPassword][00000000-0000-0000-0000-000000000000] Execute LoadStaffDetailsByUserNameAndPassword Method
[9/5/2011 2:11:51 PM][INFO][clStaff][ISStaffinCurrentYear][00000000-0000-0000-0000-000000000000] ISStaffinCurrentYear function debug
[9/5/2011 2:12:04 PM][INFO][clSchoolYear][LoadAllSchoolYear][00000000-0000-0000-0000-000000000000] Execute LoadAllSchoolYear Method
[9/5/2011 2:12:04 PM][DEBUG][clSchoolYear][LoadAllSchoolYear][00000000-0000-0000-0000-000000000000] Debug LoadAllSchoolYear Method
[9/5/2011 2:12:04 PM][INFO][clChildFamily][LoadChildFamily][00000000-0000-0000-0000-000000000000] Execute LoadChildFamily Method
[9/5/2011 2:12:04 PM][DEBUG][clChildFamily][LoadChildFamily][00000000-0000-0000-0000-000000000000] Debug LoadChildFamily Method
[9/5/2011 2:12:04 PM][INFO][clChildFamily][LoadChildFamily][00000000-0000-0000-0000-000000000000] Execute LoadChildFamily Method
[9/5/2011 2:12:04 PM][DEBUG][clChildFamily][LoadChildFamily][00000000-0000-0000-0000-000000000000] Debug LoadChildFamily Method
[9/5/2011 2:12:07 PM][INFO][clSchoolYear][GetCurrentSchoolYear][00000000-0000-0000-0000-000000000000] Execute GetCurrentSchoolYear Method
[9/5/2011 2:12:07 PM][DEBUG][clSchoolYear][GetCurrentSchoolYear][00000000-0000-0000-0000-000000000000] Debug GetCurrentSchoolYear Method
[9/5/2011 2:12:07 PM][INFO][clSchoolYear][GetCurrentSchoolYear][00000000-0000-0000-0000-000000000000] Execute GetCurrentSchoolYear Method
[9/5/2011 2:12:07 PM][DEBUG][clSchoolYear][GetCurrentSchoolYear][00000000-0000-0000-0000-000000000000] Debug GetCurrentSchoolYear Method
[9/5/2011 2:12:07 PM][INFO][clSchoolYear][LoadAllSchoolYear][00000000-0000-0000-0000-000000000000] Execute LoadAllSchoolYear Method
[9/5/2011 2:12:07 PM][DEBUG][clSchoolYear][LoadAllSchoolYear][00000000-0000-0000-0000-000000000000] Debug LoadAllSchoolYear Method
[9/5/2011 2:12:07 PM][INFO][clChildData][LoadChildDataList][00000000-0000-0000-0000-000000000000] Execute LoadChildDataList Method
[9/5/2011 2:12:07 PM][DEBUG][clChildData][LoadChildDataList][00000000-0000-0000-0000-000000000000] Debug LoadChildDataList Method
[9/5/2011 2:12:07 PM][INFO][clChildData][LoadChildDataList][00000000-0000-0000-0000-000000000000] Execute LoadChildDataList Method
[9/5/2011 2:12:07 PM][DEBUG][clChildData][LoadChildDataList][00000000-0000-0000-0000-000000000000] Debug LoadChildDataList Method
[9/5/2011 2:12:37 PM][INFO][clChildProgEnrollment][Save][00000000-0000-0000-0000-000000000000] Execute Save Method
[9/5/2011 2:12:37 PM][DEBUG][clChildProgEnrollment][LoadChildFamily][00000000-0000-0000-0000-000000000000] Debug LoadChildFamily Method
[9/5/2011 2:12:37 PM][INFO][clSchoolYear][LoadAllSchoolYear][00000000-0000-0000-0000-000000000000] Execute LoadAllSchoolYear Method
[9/5/2011 2:12:37 PM][DEBUG][clSchoolYear][LoadAllSchoolYear][00000000-0000-0000-0000-000000000000] Debug LoadAllSchoolYear Method
[9/5/2011 2:12:43 PM][INFO][clChildProgEnrollment][LoadChildProgEnrollment][00000000-0000-0000-0000-000000000000] Execute LoadChildProgEnrollment Method
[9/5/2011 2:12:43 PM][DEBUG][clChildProgEnrollment][Save][00000000-0000-0000-0000-000000000000] Debug Save Method
[9/5/2011 2:12:43 PM][INFO][clChildProgEnrollment][Save][00000000-0000-0000-0000-000000000000] Execute Save Method
[9/5/2011 2:12:43 PM][DEBUG][clChildProgEnrollment][Save][00000000-0000-0000-0000-000000000000] Debug Save Method
[9/5/2011 2:12:43 PM][INFO][clChildProgEnrollment][Save][00000000-0000-0000-0000-000000000000] Execute Save Method
[9/5/2011 2:12:43 PM][DEBUG][clChildProgEnrollment][Save][00000000-0000-0000-0000-000000000000] Debug Save Method
[9/5/2011 2:12:43 PM][INFO][clChildProgEnrollment][Save][00000000-0000-0000-0000-000000000000] Execute Save Method
[9/5/2011 2:12:43 PM][DEBUG][clChildProgEnrollment][Save][00000000-0000-0000-0000-000000000000] Debug Save Method
[9/5/2011 2:12:43 PM][INFO][clChildProgEnrollment][Save][00000000-0000-0000-0000-000000000000] Execute Save Method
[9/5/2011 2:12:43 PM][DEBUG][clChildProgEnrollment][Save][00000000-0000-0000-0000-000000000000] Debug Save Method
[9/5/2011 2:12:43 PM][INFO][clChildProgEnrollment][Save][00000000-0000-0000-0000-000000000000] Execute Save Method
[9/5/2011 2:12:43 PM][DEBUG][clChildProgEnrollment][Save][00000000-0000-0000-0000-000000000000] Debug Save Method
[9/5/2011 2:12:48 PM][INFO][clSchoolYear][GetCurrentSchoolYear][00000000-0000-0000-0000-000000000000] Execute GetCurrentSchoolYear Method
[9/5/2011 2:12:48 PM][DEBUG][clSchoolYear][GetCurrentSchoolYear][00000000-0000-0000-0000-000000000000] Debug GetCurrentSchoolYear Method
[9/5/2011 2:12:48 PM][INFO][clChildProgEnrollment][LoadChildProgEnrollment][00000000-0000-0000-0000-000000000000] Execute LoadChildProgEnrollment Method
[9/5/2011 2:12:48 PM][DEBUG][clChildProgEnrollment][Save][00000000-0000-0000-0000-000000000000] Debug Save Method
[9/5/2011 2:12:48 PM][INFO][clChildProgEnrollment][Save][00000000-0000-0000-0000-000000000000] Execute Save Method
[9/5/2011 2:12:48 PM][DEBUG][clChildProgEnrollment][Save][00000000-0000-0000-0000-000000000000] Debug Save Method
[9/5/2011 2:12:48 PM][INFO][clChildProgEnrollment][Save][00000000-0000-0000-0000-000000000000] Execute Save Method
[9/5/2011 2:12:48 PM][DEBUG][clChildProgEnrollment][Save][00000000-0000-0000-0000-000000000000] Debug Save Method
[9/5/2011 2:12:48 PM][INFO][clChildProgEnrollment][Save][00000000-0000-0000-0000-000000000000] Execute Save Method
[9/5/2011 2:12:48 PM][DEBUG][clChildProgEnrollment][Save][00000000-0000-0000-0000-000000000000] Debug Save Method
[9/5/2011 2:12:48 PM][INFO][clChildProgEnrollment][Save][00000000-0000-0000-0000-000000000000] Execute Save Method
[9/5/2011 2:12:48 PM][DEBUG][clChildProgEnrollment][Save][00000000-0000-0000-0000-000000000000] Debug Save Method
[9/5/2011 2:12:48 PM][INFO][clChildProgEnrollment][Save][00000000-0000-0000-0000-000000000000] Execute Save Method
[9/5/2011 2:12:48 PM][DEBUG][clChildProgEnrollment][Save][00000000-0000-0000-0000-000000000000] Debug Save Method
[9/5/2011 2:42:21 PM][INFO][clStaff][LoadStaffDetailsByUserNameAndPassword][00000000-0000-0000-0000-000000000000] Execute LoadStaffDetailsByUserNameAndPassword Method
[9/5/2011 2:42:21 PM][DEBUG][clStaff][LoadStaffDetailsByUserNameAndPassword][00000000-0000-0000-0000-000000000000] Debug LoadStaffDetailsByUserNameAndPassword Method
[9/5/2011 2:42:25 PM][INFO][clSchoolYear][LoadAllSchoolYear][00000000-0000-0000-0000-000000000000] Execute LoadAllSchoolYear Method
[9/5/2011 2:42:25 PM][DEBUG][clSchoolYear][LoadAllSchoolYear][00000000-0000-0000-0000-000000000000] Debug LoadAllSchoolYear Method
[9/5/2011 2:42:25 PM][INFO][clStaff][LoadStaff][00000000-0000-0000-0000-000000000000] Execute LoadStaff Method
[9/5/2011 2:42:26 PM][DEBUG][clStaff][LoadStaff][00000000-0000-0000-0000-000000000000] Debug LoadStaff Method
[9/5/2011 2:42:26 PM][INFO][clStaff][LoadStaffDetailsByUserNameAndPassword][00000000-0000-0000-0000-000000000000] Execute LoadStaffDetailsByUserNameAndPassword Method
[9/5/2011 2:42:26 PM][INFO][clStaff][ISStaffinCurrentYear][00000000-0000-0000-0000-000000000000] ISStaffinCurrentYear function debug
[9/5/2011 2:42:26 PM][INFO][clStaff][LoadStaffDetailsByUserNameAndPassword][00000000-0000-0000-0000-000000000000] Execute LoadStaffDetailsByUserNameAndPassword Method
[9/5/2011 2:42:26 PM][INFO][clStaff][ISStaffinCurrentYear][00000000-0000-0000-0000-000000000000] ISStaffinCurrentYear function debug
[9/5/2011 2:42:26 PM][INFO][clStaff][LoadStaffDetailsByUserNameAndPassword][00000000-0000-0000-0000-000000000000] Execute LoadStaffDetailsByUserNameAndPassword Method
[9/5/2011 2:42:26 PM][INFO][clStaff][ISStaffinCurrentYear][00000000-0000-0000-0000-000000000000] ISStaffinCurrentYear function debug
[9/5/2011 2:42:26 PM][INFO][clStaff][LoadStaffDetailsByUserNameAndPassword][00000000-0000-0000-0000-000000000000] Execute LoadStaffDetailsByUserNameAndPassword Method
[9/5/2011 2:42:26 PM][INFO][clStaff][ISStaffinCurrentYear][00000000-0000-0000-0000-000000000000] ISStaffinCurrentYear function debug
[9/5/2011 2:42:26 PM][INFO][clStaff][LoadStaffDetailsByUserNameAndPassword][00000000-0000-0000-0000-000000000000] Execute LoadStaffDetailsByUserNameAndPassword Method
[9/5/2011 2:42:26 PM][INFO][clStaff][ISStaffinCurrentYear][00000000-0000-0000-0000-000000000000] ISStaffinCurrentYear function debug
[9/5/2011 2:42:31 PM][INFO][clSchoolYear][LoadAllSchoolYear][00000000-0000-0000-0000-000000000000] Execute LoadAllSchoolYear Method
[9/5/2011 2:42:31 PM][DEBUG][clSchoolYear][LoadAllSchoolYear][00000000-0000-0000-0000-000000000000] Debug LoadAllSchoolYear Method
[9/5/2011 2:42:31 PM][INFO][clChildFamily][LoadChildFamily][00000000-0000-0000-0000-000000000000] Execute LoadChildFamily Method
[9/5/2011 2:42:31 PM][DEBUG][clChildFamily][LoadChildFamily][00000000-0000-0000-0000-000000000000] Debug LoadChildFamily Method
[9/5/2011 2:42:31 PM][INFO][clChildFamily][LoadChildFamily][00000000-0000-0000-0000-000000000000] Execute LoadChildFamily Method
[9/5/2011 2:42:31 PM][DEBUG][clChildFamily][LoadChildFamily][00000000-0000-0000-0000-000000000000] Debug LoadChildFamily Method
[9/5/2011 2:42:34 PM][INFO][clSchoolYear][GetCurrentSchoolYear][00000000-0000-0000-0000-000000000000] Execute GetCurrentSchoolYear Method
[9/5/2011 2:42:34 PM][DEBUG][clSchoolYear][GetCurrentSchoolYear][00000000-0000-0000-0000-000000000000] Debug GetCurrentSchoolYear Method
[9/5/2011 2:42:34 PM][INFO][clSchoolYear][GetCurrentSchoolYear][00000000-0000-0000-0000-000000000000] Execute GetCurrentSchoolYear Method
[9/5/2011 2:42:34 PM][DEBUG][clSchoolYear][GetCurrentSchoolYear][00000000-0000-0000-0000-000000000000] Debug GetCurrentSchoolYear Method
[9/5/2011 2:42:34 PM][INFO][clSchoolYear][LoadAllSchoolYear][00000000-0000-0000-0000-000000000000] Execute LoadAllSchoolYear Method
[9/5/2011 2:42:34 PM][DEBUG][clSchoolYear][LoadAllSchoolYear][00000000-0000-0000-0000-000000000000] Debug LoadAllSchoolYear Method
[9/5/2011 2:42:34 PM][INFO][clChildData][LoadChildDataList][00000000-0000-0000-0000-000000000000] Execute LoadChildDataList Method
[9/5/2011 2:42:34 PM][DEBUG][clChildData][LoadChildDataList][00000000-0000-0000-0000-000000000000] Debug LoadChildDataList Method
[9/5/2011 2:42:34 PM][INFO][clChildData][LoadChildDataList][00000000-0000-0000-0000-000000000000] Execute LoadChildDataList Method
[9/5/2011 2:42:34 PM][DEBUG][clChildData][LoadChildDataList][00000000-0000-0000-0000-000000000000] Debug LoadChildDataList Method
[9/5/2011 2:42:37 PM][INFO][clChildProgEnrollment][Save][00000000-0000-0000-0000-000000000000] Execute Save Method
[9/5/2011 2:42:37 PM][DEBUG][clChildProgEnrollment][LoadChildFamily][00000000-0000-0000-0000-000000000000] Debug LoadChildFamily Method
[9/5/2011 2:42:37 PM][INFO][clSchoolYear][LoadAllSchoolYear][00000000-0000-0000-0000-000000000000] Execute LoadAllSchoolYear Method
[9/5/2011 2:42:37 PM][DEBUG][clSchoolYear][LoadAllSchoolYear][00000000-0000-0000-0000-000000000000] Debug LoadAllSchoolYear Method
[9/5/2011 6:58:49 PM][INFO][clStaff][LoadStaffDetailsByUserNameAndPassword][00000000-0000-0000-0000-000000000000] Execute LoadStaffDetailsByUserNameAndPassword Method
[9/5/2011 6:58:49 PM][DEBUG][clStaff][LoadStaffDetailsByUserNameAndPassword][00000000-0000-0000-0000-000000000000] Debug LoadStaffDetailsByUserNameAndPassword Method
[9/5/2011 6:58:56 PM][INFO][clStaff][LoadStaffDetailsByUserNameAndPassword][00000000-0000-0000-0000-000000000000] Execute LoadStaffDetailsByUserNameAndPassword Method
[9/5/2011 6:58:56 PM][DEBUG][clStaff][LoadStaffDetailsByUserNameAndPassword][00000000-0000-0000-0000-000000000000] Debug LoadStaffDetailsByUserNameAndPassword Method
[9/5/2011 6:59:00 PM][INFO][clSchoolYear][LoadAllSchoolYear][00000000-0000-0000-0000-000000000000] Execute LoadAllSchoolYear Method
[9/5/2011 6:59:00 PM][DEBUG][clSchoolYear][LoadAllSchoolYear][00000000-0000-0000-0000-000000000000] Debug LoadAllSchoolYear Method
[9/5/2011 6:59:01 PM][INFO][clStaff][LoadStaff][00000000-0000-0000-0000-000000000000] Execute LoadStaff Method
[9/5/2011 6:59:01 PM][DEBUG][clStaff][LoadStaff][00000000-0000-0000-0000-000000000000] Debug LoadStaff Method
[9/5/2011 6:59:01 PM][INFO][clStaff][LoadStaffDetailsByUserNameAndPassword][00000000-0000-0000-0000-000000000000] Execute LoadStaffDetailsByUserNameAndPassword Method
[9/5/2011 6:59:01 PM][INFO][clStaff][ISStaffinCurrentYear][00000000-0000-0000-0000-000000000000] ISStaffinCurrentYear function debug
[9/5/2011 6:59:01 PM][INFO][clStaff][LoadStaffDetailsByUserNameAndPassword][00000000-0000-0000-0000-000000000000] Execute LoadStaffDetailsByUserNameAndPassword Method
[9/5/2011 6:59:01 PM][INFO][clStaff][ISStaffinCurrentYear][00000000-0000-0000-0000-000000000000] ISStaffinCurrentYear function debug
[9/5/2011 6:59:01 PM][INFO][clStaff][LoadStaffDetailsByUserNameAndPassword][00000000-0000-0000-0000-000000000000] Execute LoadStaffDetailsByUserNameAndPassword Method
[9/5/2011 6:59:01 PM][INFO][clStaff][ISStaffinCurrentYear][00000000-0000-0000-0000-000000000000] ISStaffinCurrentYear function debug
[9/5/2011 6:59:01 PM][INFO][clStaff][LoadStaffDetailsByUserNameAndPassword][00000000-0000-0000-0000-000000000000] Execute LoadStaffDetailsByUserNameAndPassword Method
[9/5/2011 6:59:01 PM][INFO][clStaff][ISStaffinCurrentYear][00000000-0000-0000-0000-000000000000] ISStaffinCurrentYear function debug
[9/5/2011 6:59:01 PM][INFO][clStaff][LoadStaffDetailsByUserNameAndPassword][00000000-0000-0000-0000-000000000000] Execute LoadStaffDetailsByUserNameAndPassword Method
[9/5/2011 6:59:01 PM][INFO][clStaff][ISStaffinCurrentYear][00000000-0000-0000-0000-000000000000] ISStaffinCurrentYear function debug
[9/5/2011 6:59:07 PM][INFO][clSchoolYear][LoadAllSchoolYear][00000000-0000-0000-0000-000000000000] Execute LoadAllSchoolYear Method
[9/5/2011 6:59:07 PM][DEBUG][clSchoolYear][LoadAllSchoolYear][00000000-0000-0000-0000-000000000000] Debug LoadAllSchoolYear Method
[9/5/2011 6:59:07 PM][INFO][clChildFamily][LoadChildFamily][00000000-0000-0000-0000-000000000000] Execute LoadChildFamily Method
[9/5/2011 6:59:07 PM][DEBUG][clChildFamily][LoadChildFamily][00000000-0000-0000-0000-000000000000] Debug LoadChildFamily Method
[9/5/2011 6:59:07 PM][INFO][clChildFamily][LoadChildFamily][00000000-0000-0000-0000-000000000000] Execute LoadChildFamily Method
[9/5/2011 6:59:07 PM][DEBUG][clChildFamily][LoadChildFamily][00000000-0000-0000-0000-000000000000] Debug LoadChildFamily Method
[9/5/2011 6:59:09 PM][INFO][clSchoolYear][GetCurrentSchoolYear][00000000-0000-0000-0000-000000000000] Execute GetCurrentSchoolYear Method
[9/5/2011 6:59:09 PM][DEBUG][clSchoolYear][GetCurrentSchoolYear][00000000-0000-0000-0000-000000000000] Debug GetCurrentSchoolYear Method
[9/5/2011 6:59:09 PM][INFO][clSchoolYear][GetCurrentSchoolYear][00000000-0000-0000-0000-000000000000] Execute GetCurrentSchoolYear Method
[9/5/2011 6:59:09 PM][DEBUG][clSchoolYear][GetCurrentSchoolYear][00000000-0000-0000-0000-000000000000] Debug GetCurrentSchoolYear Method
[9/5/2011 6:59:09 PM][INFO][clSchoolYear][LoadAllSchoolYear][00000000-0000-0000-0000-000000000000] Execute LoadAllSchoolYear Method
[9/5/2011 6:59:09 PM][DEBUG][clSchoolYear][LoadAllSchoolYear][00000000-0000-0000-0000-000000000000] Debug LoadAllSchoolYear Method
[9/5/2011 6:59:09 PM][INFO][clChildData][LoadChildDataList][00000000-0000-0000-0000-000000000000] Execute LoadChildDataList Method
[9/5/2011 6:59:09 PM][DEBUG][clChildData][LoadChildDataList][00000000-0000-0000-0000-000000000000] Debug LoadChildDataList Method
[9/5/2011 6:59:09 PM][INFO][clChildData][LoadChildDataList][00000000-0000-0000-0000-000000000000] Execute LoadChildDataList Method
[9/5/2011 6:59:10 PM][DEBUG][clChildData][LoadChildDataList][00000000-0000-0000-0000-000000000000] Debug LoadChildDataList Method
[9/5/2011 6:59:13 PM][INFO][clChildProgEnrollment][Save][00000000-0000-0000-0000-000000000000] Execute Save Method
[9/5/2011 6:59:13 PM][DEBUG][clChildProgEnrollment][LoadChildFamily][00000000-0000-0000-0000-000000000000] Debug LoadChildFamily Method
[9/5/2011 6:59:13 PM][INFO][clSchoolYear][LoadAllSchoolYear][00000000-0000-0000-0000-000000000000] Execute LoadAllSchoolYear Method
[9/5/2011 6:59:13 PM][DEBUG][clSchoolYear][LoadAllSchoolYear][00000000-0000-0000-0000-000000000000] Debug LoadAllSchoolYear Method
[9/5/2011 6:59:21 PM][INFO][clSchoolYear][GetCurrentSchoolYear][00000000-0000-0000-0000-000000000000] Execute GetCurrentSchoolYear Method
[9/5/2011 6:59:21 PM][DEBUG][clSchoolYear][GetCurrentSchoolYear][00000000-0000-0000-0000-000000000000] Debug GetCurrentSchoolYear Method
[9/5/2011 6:59:21 PM][INFO][clChildProgEnrollment][LoadChildProgEnrollment][00000000-0000-0000-0000-000000000000] Execute LoadChildProgEnrollment Method
[9/5/2011 6:59:21 PM][DEBUG][clChildProgEnrollment][Save][00000000-0000-0000-0000-000000000000] Debug Save Method
[9/5/2011 6:59:21 PM][INFO][clChildProgEnrollment][Save][00000000-0000-0000-0000-000000000000] Execute Save Method
[9/5/2011 6:59:21 PM][DEBUG][clChildProgEnrollment][Save][00000000-0000-0000-0000-000000000000] Debug Save Method
[9/5/2011 6:59:21 PM][INFO][clChildProgEnrollment][Save][00000000-0000-0000-0000-000000000000] Execute Save Method
[9/5/2011 6:59:21 PM][DEBUG][clChildProgEnrollment][Save][00000000-0000-0000-0000-000000000000] Debug Save Method
[9/5/2011 6:59:21 PM][INFO][clChildProgEnrollment][Save][00000000-0000-0000-0000-000000000000] Execute Save Method
[9/5/2011 6:59:21 PM][DEBUG][clChildProgEnrollment][Save][00000000-0000-0000-0000-000000000000] Debug Save Method
[9/5/2011 6:59:21 PM][INFO][clChildProgEnrollment][Save][00000000-0000-0000-0000-000000000000] Execute Save Method
[9/5/2011 6:59:21 PM][DEBUG][clChildProgEnrollment][Save][00000000-0000-0000-0000-000000000000] Debug Save Method
[9/5/2011 6:59:21 PM][INFO][clChildProgEnrollment][Save][00000000-0000-0000-0000-000000000000] Execute Save Method
[9/5/2011 6:59:21 PM][DEBUG][clChildProgEnrollment][Save][00000000-0000-0000-0000-000000000000] Debug Save Method
[9/5/2011 6:59:24 PM][INFO][clSchoolYear][GetCurrentSchoolYear][00000000-0000-0000-0000-000000000000] Execute GetCurrentSchoolYear Method
[9/5/2011 6:59:24 PM][DEBUG][clSchoolYear][GetCurrentSchoolYear][00000000-0000-0000-0000-000000000000] Debug GetCurrentSchoolYear Method
[9/5/2011 6:59:24 PM][INFO][clChildProgEnrollment][LoadChildProgEnrollment][00000000-0000-0000-0000-000000000000] Execute LoadChildProgEnrollment Method
[9/5/2011 6:59:24 PM][DEBUG][clChildProgEnrollment][Save][00000000-0000-0000-0000-000000000000] Debug Save Method
[9/5/2011 6:59:24 PM][INFO][clChildProgEnrollment][Save][00000000-0000-0000-0000-000000000000] Execute Save Method
[9/5/2011 6:59:24 PM][DEBUG][clChildProgEnrollment][Save][00000000-0000-0000-0000-000000000000] Debug Save Method
[9/5/2011 6:59:24 PM][INFO][clChildProgEnrollment][Save][00000000-0000-0000-0000-000000000000] Execute Save Method
[9/5/2011 6:59:24 PM][DEBUG][clChildProgEnrollment][Save][00000000-0000-0000-0000-000000000000] Debug Save Method
[9/5/2011 6:59:24 PM][INFO][clChildProgEnrollment][Save][00000000-0000-0000-0000-000000000000] Execute Save Method
[9/5/2011 6:59:24 PM][DEBUG][clChildProgEnrollment][Save][00000000-0000-0000-0000-000000000000] Debug Save Method
[9/5/2011 6:59:24 PM][INFO][clChildProgEnrollment][Save][00000000-0000-0000-0000-000000000000] Execute Save Method
[9/5/2011 6:59:24 PM][DEBUG][clChildProgEnrollment][Save][00000000-0000-0000-0000-000000000000] Debug Save Method
[9/5/2011 6:59:24 PM][INFO][clChildProgEnrollment][Save][00000000-0000-0000-0000-000000000000] Execute Save Method
[9/5/2011 6:59:24 PM][DEBUG][clChildProgEnrollment][Save][00000000-0000-0000-0000-000000000000] Debug Save Method
[9/5/2011 6:59:29 PM][INFO][ChildProgEnrollment][btnSave_Click][00000000-0000-0000-0000-000000000000] Submit btnSave_Click called
[9/5/2011 6:59:29 PM][DEBUG][ChildProgEnrollment][btnSave_Click][00000000-0000-0000-0000-000000000000] Debug btnSave_Click 
[9/5/2011 6:59:29 PM][INFO][clChildData][Save][00000000-0000-0000-0000-000000000000] Execute Save Method
[9/5/2011 6:59:29 PM][DEBUG][clChildData][Save][00000000-0000-0000-0000-000000000000] Debug Save Method
[9/5/2011 6:59:29 PM][INFO][clChildData][Save][00000000-0000-0000-0000-000000000000] Execute Save Method
[9/5/2011 6:59:29 PM][DEBUG][clChildData][Save][00000000-0000-0000-0000-000000000000] Debug Save Method
[9/5/2011 6:59:29 PM][INFO][clChildData][Save][00000000-0000-0000-0000-000000000000] Execute Save Method
[9/5/2011 6:59:29 PM][DEBUG][clChildData][Save][00000000-0000-0000-0000-000000000000] Debug Save Method
[9/5/2011 6:59:29 PM][INFO][clChildData][Delete][00000000-0000-0000-0000-000000000000] Delete Method
[9/5/2011 6:59:29 PM][DEBUG][clChildData][Delete][00000000-0000-0000-0000-000000000000] Debug Delete Method
[9/5/2011 6:59:32 PM][INFO][clSchoolYear][GetCurrentSchoolYear][00000000-0000-0000-0000-000000000000] Execute GetCurrentSchoolYear Method
[9/5/2011 6:59:32 PM][DEBUG][clSchoolYear][GetCurrentSchoolYear][00000000-0000-0000-0000-000000000000] Debug GetCurrentSchoolYear Method
[9/5/2011 6:59:32 PM][INFO][clChildProgEnrollment][LoadChildProgEnrollment][00000000-0000-0000-0000-000000000000] Execute LoadChildProgEnrollment Method
[9/5/2011 6:59:32 PM][DEBUG][clChildProgEnrollment][Save][00000000-0000-0000-0000-000000000000] Debug Save Method
[9/5/2011 6:59:32 PM][INFO][clChildProgEnrollment][Save][00000000-0000-0000-0000-000000000000] Execute Save Method
[9/5/2011 6:59:32 PM][DEBUG][clChildProgEnrollment][Save][00000000-0000-0000-0000-000000000000] Debug Save Method
[9/5/2011 6:59:32 PM][INFO][clChildProgEnrollment][Save][00000000-0000-0000-0000-000000000000] Execute Save Method
[9/5/2011 6:59:32 PM][DEBUG][clChildProgEnrollment][Save][00000000-0000-0000-0000-000000000000] Debug Save Method
[9/5/2011 6:59:32 PM][INFO][clChildProgEnrollment][Save][00000000-0000-0000-0000-000000000000] Execute Save Method
[9/5/2011 6:59:32 PM][DEBUG][clChildProgEnrollment][Save][00000000-0000-0000-0000-000000000000] Debug Save Method
[9/5/2011 6:59:32 PM][INFO][clChildProgEnrollment][Save][00000000-0000-0000-0000-000000000000] Execute Save Method
[9/5/2011 6:59:32 PM][DEBUG][clChildProgEnrollment][Save][00000000-0000-0000-0000-000000000000] Debug Save Method
[9/5/2011 6:59:32 PM][INFO][clChildProgEnrollment][Save][00000000-0000-0000-0000-000000000000] Execute Save Method
[9/5/2011 6:59:32 PM][DEBUG][clChildProgEnrollment][Save][00000000-0000-0000-0000-000000000000] Debug Save Method
[9/5/2011 6:59:43 PM][INFO][clSchoolYear][GetCurrentSchoolYear][00000000-0000-0000-0000-000000000000] Execute GetCurrentSchoolYear Method
[9/5/2011 6:59:43 PM][DEBUG][clSchoolYear][GetCurrentSchoolYear][00000000-0000-0000-0000-000000000000] Debug GetCurrentSchoolYear Method
[9/5/2011 6:59:43 PM][INFO][clChildProgEnrollment][LoadChildProgEnrollment][00000000-0000-0000-0000-000000000000] Execute LoadChildProgEnrollment Method
[9/5/2011 6:59:43 PM][DEBUG][clChildProgEnrollment][Save][00000000-0000-0000-0000-000000000000] Debug Save Method
[9/5/2011 6:59:43 PM][INFO][clChildProgEnrollment][Save][00000000-0000-0000-0000-000000000000] Execute Save Method
[9/5/2011 6:59:43 PM][DEBUG][clChildProgEnrollment][Save][00000000-0000-0000-0000-000000000000] Debug Save Method
[9/5/2011 6:59:43 PM][INFO][clChildProgEnrollment][Save][00000000-0000-0000-0000-000000000000] Execute Save Method
[9/5/2011 6:59:43 PM][DEBUG][clChildProgEnrollment][Save][00000000-0000-0000-0000-000000000000] Debug Save Method
[9/5/2011 6:59:43 PM][INFO][clChildProgEnrollment][Save][00000000-0000-0000-0000-000000000000] Execute Save Method
[9/5/2011 6:59:43 PM][DEBUG][clChildProgEnrollment][Save][00000000-0000-0000-0000-000000000000] Debug Save Method
[9/5/2011 6:59:43 PM][INFO][clChildProgEnrollment][Save][00000000-0000-0000-0000-000000000000] Execute Save Method
[9/5/2011 6:59:43 PM][DEBUG][clChildProgEnrollment][Save][00000000-0000-0000-0000-000000000000] Debug Save Method
[9/5/2011 6:59:43 PM][INFO][clChildProgEnrollment][Save][00000000-0000-0000-0000-000000000000] Execute Save Method
[9/5/2011 6:59:43 PM][DEBUG][clChildProgEnrollment][Save][00000000-0000-0000-0000-000000000000] Debug Save Method
[9/5/2011 6:59:47 PM][INFO][clSchoolYear][GetCurrentSchoolYear][00000000-0000-0000-0000-000000000000] Execute GetCurrentSchoolYear Method
[9/5/2011 6:59:47 PM][DEBUG][clSchoolYear][GetCurrentSchoolYear][00000000-0000-0000-0000-000000000000] Debug GetCurrentSchoolYear Method
[9/5/2011 6:59:47 PM][INFO][clChildProgEnrollment][LoadChildProgEnrollment][00000000-0000-0000-0000-000000000000] Execute LoadChildProgEnrollment Method
[9/5/2011 6:59:47 PM][DEBUG][clChildProgEnrollment][Save][00000000-0000-0000-0000-000000000000] Debug Save Method
[9/5/2011 6:59:47 PM][INFO][clChildProgEnrollment][Save][00000000-0000-0000-0000-000000000000] Execute Save Method
[9/5/2011 6:59:47 PM][DEBUG][clChildProgEnrollment][Save][00000000-0000-0000-0000-000000000000] Debug Save Method
[9/5/2011 6:59:47 PM][INFO][clChildProgEnrollment][Save][00000000-0000-0000-0000-000000000000] Execute Save Method
[9/5/2011 6:59:47 PM][DEBUG][clChildProgEnrollment][Save][00000000-0000-0000-0000-000000000000] Debug Save Method
[9/5/2011 6:59:47 PM][INFO][clChildProgEnrollment][Save][00000000-0000-0000-0000-000000000000] Execute Save Method
[9/5/2011 6:59:47 PM][DEBUG][clChildProgEnrollment][Save][00000000-0000-0000-0000-000000000000] Debug Save Method
[9/5/2011 6:59:47 PM][INFO][clChildProgEnrollment][Save][00000000-0000-0000-0000-000000000000] Execute Save Method
[9/5/2011 6:59:48 PM][DEBUG][clChildProgEnrollment][Save][00000000-0000-0000-0000-000000000000] Debug Save Method
[9/5/2011 6:59:48 PM][INFO][clChildProgEnrollment][Save][00000000-0000-0000-0000-000000000000] Execute Save Method
[9/5/2011 6:59:48 PM][DEBUG][clChildProgEnrollment][Save][00000000-0000-0000-0000-000000000000] Debug Save Method
[9/5/2011 6:59:52 PM][INFO][clSchoolYear][GetCurrentSchoolYear][00000000-0000-0000-0000-000000000000] Execute GetCurrentSchoolYear Method
[9/5/2011 6:59:52 PM][DEBUG][clSchoolYear][GetCurrentSchoolYear][00000000-0000-0000-0000-000000000000] Debug GetCurrentSchoolYear Method
[9/5/2011 6:59:53 PM][INFO][clChildProgEnrollment][LoadChildProgEnrollment][00000000-0000-0000-0000-000000000000] Execute LoadChildProgEnrollment Method
[9/5/2011 6:59:53 PM][DEBUG][clChildProgEnrollment][Save][00000000-0000-0000-0000-000000000000] Debug Save Method
[9/5/2011 6:59:53 PM][INFO][clChildProgEnrollment][Save][00000000-0000-0000-0000-000000000000] Execute Save Method
[9/5/2011 6:59:53 PM][DEBUG][clChildProgEnrollment][Save][00000000-0000-0000-0000-000000000000] Debug Save Method
[9/5/2011 6:59:53 PM][INFO][clChildProgEnrollment][Save][00000000-0000-0000-0000-000000000000] Execute Save Method
[9/5/2011 6:59:53 PM][DEBUG][clChildProgEnrollment][Save][00000000-0000-0000-0000-000000000000] Debug Save Method
[9/5/2011 6:59:53 PM][INFO][clChildProgEnrollment][Save][00000000-0000-0000-0000-000000000000] Execute Save Method
[9/5/2011 6:59:53 PM][DEBUG][clChildProgEnrollment][Save][00000000-0000-0000-0000-000000000000] Debug Save Method
[9/5/2011 6:59:53 PM][INFO][clChildProgEnrollment][Save][00000000-0000-0000-0000-000000000000] Execute Save Method
[9/5/2011 6:59:53 PM][DEBUG][clChildProgEnrollment][Save][00000000-0000-0000-0000-000000000000] Debug Save Method
[9/5/2011 6:59:53 PM][INFO][clChildProgEnrollment][Save][00000000-0000-0000-0000-000000000000] Execute Save Method
[9/5/2011 6:59:53 PM][DEBUG][clChildProgEnrollment][Save][00000000-0000-0000-0000-000000000000] Debug Save Method
