[9/21/2011 10:55:59 AM][INFO][clStaff][LoadStaffDetailsByUserNameAndPassword][00000000-0000-0000-0000-000000000000] Execute LoadStaffDetailsByUserNameAndPassword Method
[9/21/2011 10:56:00 AM][DEBUG][clStaff][LoadStaffDetailsByUserNameAndPassword][00000000-0000-0000-0000-000000000000] Debug LoadStaffDetailsByUserNameAndPassword Method
[9/21/2011 10:56:07 AM][INFO][clSchoolYear][LoadAllSchoolYear][00000000-0000-0000-0000-000000000000] Execute LoadAllSchoolYear Method
[9/21/2011 10:56:07 AM][DEBUG][clSchoolYear][LoadAllSchoolYear][00000000-0000-0000-0000-000000000000] Debug LoadAllSchoolYear Method
[9/21/2011 10:56:07 AM][INFO][clStaff][LoadStaff][00000000-0000-0000-0000-000000000000] Execute LoadStaff Method
[9/21/2011 10:56:07 AM][DEBUG][clStaff][LoadStaff][00000000-0000-0000-0000-000000000000] Debug LoadStaff Method
[9/21/2011 10:56:07 AM][INFO][clStaff][LoadStaffDetailsByUserNameAndPassword][00000000-0000-0000-0000-000000000000] Execute LoadStaffDetailsByUserNameAndPassword Method
[9/21/2011 10:56:07 AM][INFO][clStaff][ISStaffinCurrentYear][00000000-0000-0000-0000-000000000000] ISStaffinCurrentYear function debug
[9/21/2011 10:56:07 AM][INFO][clStaff][LoadStaffDetailsByUserNameAndPassword][00000000-0000-0000-0000-000000000000] Execute LoadStaffDetailsByUserNameAndPassword Method
[9/21/2011 10:56:07 AM][INFO][clStaff][ISStaffinCurrentYear][00000000-0000-0000-0000-000000000000] ISStaffinCurrentYear function debug
[9/21/2011 10:56:07 AM][INFO][clStaff][LoadStaffDetailsByUserNameAndPassword][00000000-0000-0000-0000-000000000000] Execute LoadStaffDetailsByUserNameAndPassword Method
[9/21/2011 10:56:07 AM][INFO][clStaff][ISStaffinCurrentYear][00000000-0000-0000-0000-000000000000] ISStaffinCurrentYear function debug
[9/21/2011 10:56:07 AM][INFO][clStaff][LoadStaffDetailsByUserNameAndPassword][00000000-0000-0000-0000-000000000000] Execute LoadStaffDetailsByUserNameAndPassword Method
[9/21/2011 10:56:07 AM][INFO][clStaff][ISStaffinCurrentYear][00000000-0000-0000-0000-000000000000] ISStaffinCurrentYear function debug
[9/21/2011 10:56:07 AM][INFO][clStaff][LoadStaffDetailsByUserNameAndPassword][00000000-0000-0000-0000-000000000000] Execute LoadStaffDetailsByUserNameAndPassword Method
[9/21/2011 10:56:07 AM][INFO][clStaff][ISStaffinCurrentYear][00000000-0000-0000-0000-000000000000] ISStaffinCurrentYear function debug
[9/21/2011 10:56:07 AM][INFO][clStaff][LoadStaffDetailsByUserNameAndPassword][00000000-0000-0000-0000-000000000000] Execute LoadStaffDetailsByUserNameAndPassword Method
[9/21/2011 10:56:07 AM][INFO][clStaff][ISStaffinCurrentYear][00000000-0000-0000-0000-000000000000] ISStaffinCurrentYear function debug
[9/21/2011 10:56:18 AM][INFO][clSchoolYear][LoadAllSchoolYear][00000000-0000-0000-0000-000000000000] Execute LoadAllSchoolYear Method
[9/21/2011 10:56:18 AM][DEBUG][clSchoolYear][LoadAllSchoolYear][00000000-0000-0000-0000-000000000000] Debug LoadAllSchoolYear Method
[9/21/2011 11:42:28 AM][INFO][clStaff][LoadStaffDetailsByUserNameAndPassword][00000000-0000-0000-0000-000000000000] Execute LoadStaffDetailsByUserNameAndPassword Method
[9/21/2011 11:42:28 AM][DEBUG][clStaff][LoadStaffDetailsByUserNameAndPassword][00000000-0000-0000-0000-000000000000] Debug LoadStaffDetailsByUserNameAndPassword Method
[9/21/2011 11:42:30 AM][INFO][clSchoolYear][LoadAllSchoolYear][00000000-0000-0000-0000-000000000000] Execute LoadAllSchoolYear Method
[9/21/2011 11:42:30 AM][DEBUG][clSchoolYear][LoadAllSchoolYear][00000000-0000-0000-0000-000000000000] Debug LoadAllSchoolYear Method
[9/21/2011 11:42:30 AM][INFO][clStaff][LoadStaff][00000000-0000-0000-0000-000000000000] Execute LoadStaff Method
[9/21/2011 11:42:30 AM][DEBUG][clStaff][LoadStaff][00000000-0000-0000-0000-000000000000] Debug LoadStaff Method
[9/21/2011 11:42:30 AM][INFO][clStaff][LoadStaffDetailsByUserNameAndPassword][00000000-0000-0000-0000-000000000000] Execute LoadStaffDetailsByUserNameAndPassword Method
[9/21/2011 11:42:30 AM][INFO][clStaff][ISStaffinCurrentYear][00000000-0000-0000-0000-000000000000] ISStaffinCurrentYear function debug
[9/21/2011 11:42:30 AM][INFO][clStaff][LoadStaffDetailsByUserNameAndPassword][00000000-0000-0000-0000-000000000000] Execute LoadStaffDetailsByUserNameAndPassword Method
[9/21/2011 11:42:30 AM][INFO][clStaff][ISStaffinCurrentYear][00000000-0000-0000-0000-000000000000] ISStaffinCurrentYear function debug
[9/21/2011 11:42:30 AM][INFO][clStaff][LoadStaffDetailsByUserNameAndPassword][00000000-0000-0000-0000-000000000000] Execute LoadStaffDetailsByUserNameAndPassword Method
[9/21/2011 11:42:30 AM][INFO][clStaff][ISStaffinCurrentYear][00000000-0000-0000-0000-000000000000] ISStaffinCurrentYear function debug
[9/21/2011 11:42:30 AM][INFO][clStaff][LoadStaffDetailsByUserNameAndPassword][00000000-0000-0000-0000-000000000000] Execute LoadStaffDetailsByUserNameAndPassword Method
[9/21/2011 11:42:30 AM][INFO][clStaff][ISStaffinCurrentYear][00000000-0000-0000-0000-000000000000] ISStaffinCurrentYear function debug
[9/21/2011 11:42:30 AM][INFO][clStaff][LoadStaffDetailsByUserNameAndPassword][00000000-0000-0000-0000-000000000000] Execute LoadStaffDetailsByUserNameAndPassword Method
[9/21/2011 11:42:30 AM][INFO][clStaff][ISStaffinCurrentYear][00000000-0000-0000-0000-000000000000] ISStaffinCurrentYear function debug
[9/21/2011 11:42:30 AM][INFO][clStaff][LoadStaffDetailsByUserNameAndPassword][00000000-0000-0000-0000-000000000000] Execute LoadStaffDetailsByUserNameAndPassword Method
[9/21/2011 11:42:30 AM][INFO][clStaff][ISStaffinCurrentYear][00000000-0000-0000-0000-000000000000] ISStaffinCurrentYear function debug
[9/21/2011 11:42:36 AM][INFO][clClassRoom][LoadClassRoom][00000000-0000-0000-0000-000000000000] Execute LoadClassRoom Method
[9/21/2011 11:42:36 AM][DEBUG][clClassRoom][Save][00000000-0000-0000-0000-000000000000] Debug Save Method
[9/21/2011 11:42:36 AM][INFO][clAddEditChild][Save][00000000-0000-0000-0000-000000000000] Execute Save Method
[9/21/2011 11:42:36 AM][DEBUG][clAddEditChild][LoadChildFamily][00000000-0000-0000-0000-000000000000] Debug LoadChildFamily Method
[9/21/2011 11:42:36 AM][INFO][clSchoolYear][LoadAllSchoolYear][00000000-0000-0000-0000-000000000000] Execute LoadAllSchoolYear Method
[9/21/2011 11:42:36 AM][DEBUG][clSchoolYear][LoadAllSchoolYear][00000000-0000-0000-0000-000000000000] Debug LoadAllSchoolYear Method
[9/21/2011 11:43:03 AM][INFO][clStaff][LoadStaffDetailsByUserNameAndPassword][00000000-0000-0000-0000-000000000000] Execute LoadStaffDetailsByUserNameAndPassword Method
[9/21/2011 11:43:03 AM][DEBUG][clStaff][LoadStaffDetailsByUserNameAndPassword][00000000-0000-0000-0000-000000000000] Debug LoadStaffDetailsByUserNameAndPassword Method
[9/21/2011 11:43:03 AM][INFO][clSchoolYear][LoadAllSchoolYear][00000000-0000-0000-0000-000000000000] Execute LoadAllSchoolYear Method
[9/21/2011 11:43:03 AM][DEBUG][clSchoolYear][LoadAllSchoolYear][00000000-0000-0000-0000-000000000000] Debug LoadAllSchoolYear Method
[9/21/2011 11:43:03 AM][INFO][clStaff][LoadStaff][00000000-0000-0000-0000-000000000000] Execute LoadStaff Method
[9/21/2011 11:43:03 AM][DEBUG][clStaff][LoadStaff][00000000-0000-0000-0000-000000000000] Debug LoadStaff Method
[9/21/2011 11:43:03 AM][INFO][clStaff][LoadStaffDetailsByUserNameAndPassword][00000000-0000-0000-0000-000000000000] Execute LoadStaffDetailsByUserNameAndPassword Method
[9/21/2011 11:43:03 AM][INFO][clStaff][ISStaffinCurrentYear][00000000-0000-0000-0000-000000000000] ISStaffinCurrentYear function debug
[9/21/2011 11:43:03 AM][INFO][clStaff][LoadStaffDetailsByUserNameAndPassword][00000000-0000-0000-0000-000000000000] Execute LoadStaffDetailsByUserNameAndPassword Method
[9/21/2011 11:43:03 AM][INFO][clStaff][ISStaffinCurrentYear][00000000-0000-0000-0000-000000000000] ISStaffinCurrentYear function debug
[9/21/2011 11:43:03 AM][INFO][clStaff][LoadStaffDetailsByUserNameAndPassword][00000000-0000-0000-0000-000000000000] Execute LoadStaffDetailsByUserNameAndPassword Method
[9/21/2011 11:43:03 AM][INFO][clStaff][ISStaffinCurrentYear][00000000-0000-0000-0000-000000000000] ISStaffinCurrentYear function debug
[9/21/2011 11:43:03 AM][INFO][clStaff][LoadStaffDetailsByUserNameAndPassword][00000000-0000-0000-0000-000000000000] Execute LoadStaffDetailsByUserNameAndPassword Method
[9/21/2011 11:43:03 AM][INFO][clStaff][ISStaffinCurrentYear][00000000-0000-0000-0000-000000000000] ISStaffinCurrentYear function debug
[9/21/2011 11:43:03 AM][INFO][clStaff][LoadStaffDetailsByUserNameAndPassword][00000000-0000-0000-0000-000000000000] Execute LoadStaffDetailsByUserNameAndPassword Method
[9/21/2011 11:43:04 AM][INFO][clStaff][ISStaffinCurrentYear][00000000-0000-0000-0000-000000000000] ISStaffinCurrentYear function debug
[9/21/2011 11:43:04 AM][INFO][clStaff][LoadStaffDetailsByUserNameAndPassword][00000000-0000-0000-0000-000000000000] Execute LoadStaffDetailsByUserNameAndPassword Method
[9/21/2011 11:43:04 AM][INFO][clStaff][ISStaffinCurrentYear][00000000-0000-0000-0000-000000000000] ISStaffinCurrentYear function debug
[9/21/2011 11:43:09 AM][INFO][clClassRoom][LoadClassRoom][00000000-0000-0000-0000-000000000000] Execute LoadClassRoom Method
[9/21/2011 11:43:09 AM][DEBUG][clClassRoom][Save][00000000-0000-0000-0000-000000000000] Debug Save Method
[9/21/2011 11:43:09 AM][INFO][clAddEditChild][Save][00000000-0000-0000-0000-000000000000] Execute Save Method
[9/21/2011 11:43:09 AM][DEBUG][clAddEditChild][LoadChildFamily][00000000-0000-0000-0000-000000000000] Debug LoadChildFamily Method
[9/21/2011 11:43:09 AM][INFO][clSchoolYear][LoadAllSchoolYear][00000000-0000-0000-0000-000000000000] Execute LoadAllSchoolYear Method
[9/21/2011 11:43:09 AM][DEBUG][clSchoolYear][LoadAllSchoolYear][00000000-0000-0000-0000-000000000000] Debug LoadAllSchoolYear Method
