[9/29/2011 11:44:17 AM][INFO][clStaff][LoadStaffDetailsByUserNameAndPassword][00000000-0000-0000-0000-000000000000] Execute LoadStaffDetailsByUserNameAndPassword Method
[9/29/2011 11:44:17 AM][DEBUG][clStaff][LoadStaffDetailsByUserNameAndPassword][00000000-0000-0000-0000-000000000000] Debug LoadStaffDetailsByUserNameAndPassword Method
[9/29/2011 11:44:17 AM][EXCEPTION][clStaff][LoadStaffDetailsByUserNameAndPassword][00000000-0000-0000-0000-000000000000] Login failed for user ''. The user is not associated with a trusted SQL Server connection.
[9/29/2011 11:49:29 AM][INFO][clStaff][LoadStaffDetailsByUserNameAndPassword][00000000-0000-0000-0000-000000000000] Execute LoadStaffDetailsByUserNameAndPassword Method
[9/29/2011 11:49:29 AM][DEBUG][clStaff][LoadStaffDetailsByUserNameAndPassword][00000000-0000-0000-0000-000000000000] Debug LoadStaffDetailsByUserNameAndPassword Method
[9/29/2011 11:49:34 AM][INFO][clSchoolYear][LoadAllSchoolYear][00000000-0000-0000-0000-000000000000] Execute LoadAllSchoolYear Method
[9/29/2011 11:49:34 AM][DEBUG][clSchoolYear][LoadAllSchoolYear][00000000-0000-0000-0000-000000000000] Debug LoadAllSchoolYear Method
[9/29/2011 11:49:34 AM][INFO][clStaff][LoadStaff][00000000-0000-0000-0000-000000000000] Execute LoadStaff Method
[9/29/2011 11:49:34 AM][DEBUG][clStaff][LoadStaff][00000000-0000-0000-0000-000000000000] Debug LoadStaff Method
[9/29/2011 11:49:34 AM][INFO][clStaff][LoadStaffDetailsByUserNameAndPassword][00000000-0000-0000-0000-000000000000] Execute LoadStaffDetailsByUserNameAndPassword Method
[9/29/2011 11:49:34 AM][INFO][clStaff][ISStaffinCurrentYear][00000000-0000-0000-0000-000000000000] ISStaffinCurrentYear function debug
[9/29/2011 11:49:34 AM][INFO][clStaff][LoadStaffDetailsByUserNameAndPassword][00000000-0000-0000-0000-000000000000] Execute LoadStaffDetailsByUserNameAndPassword Method
[9/29/2011 11:49:34 AM][INFO][clStaff][ISStaffinCurrentYear][00000000-0000-0000-0000-000000000000] ISStaffinCurrentYear function debug
[9/29/2011 11:49:34 AM][INFO][clStaff][LoadStaffDetailsByUserNameAndPassword][00000000-0000-0000-0000-000000000000] Execute LoadStaffDetailsByUserNameAndPassword Method
[9/29/2011 11:49:34 AM][INFO][clStaff][ISStaffinCurrentYear][00000000-0000-0000-0000-000000000000] ISStaffinCurrentYear function debug
[9/29/2011 11:49:34 AM][INFO][clStaff][LoadStaffDetailsByUserNameAndPassword][00000000-0000-0000-0000-000000000000] Execute LoadStaffDetailsByUserNameAndPassword Method
[9/29/2011 11:49:34 AM][INFO][clStaff][ISStaffinCurrentYear][00000000-0000-0000-0000-000000000000] ISStaffinCurrentYear function debug
[9/29/2011 11:49:34 AM][INFO][clStaff][LoadStaffDetailsByUserNameAndPassword][00000000-0000-0000-0000-000000000000] Execute LoadStaffDetailsByUserNameAndPassword Method
[9/29/2011 11:49:34 AM][INFO][clStaff][ISStaffinCurrentYear][00000000-0000-0000-0000-000000000000] ISStaffinCurrentYear function debug
[9/29/2011 11:49:34 AM][INFO][clStaff][LoadStaffDetailsByUserNameAndPassword][00000000-0000-0000-0000-000000000000] Execute LoadStaffDetailsByUserNameAndPassword Method
[9/29/2011 11:49:34 AM][INFO][clStaff][ISStaffinCurrentYear][00000000-0000-0000-0000-000000000000] ISStaffinCurrentYear function debug
[9/29/2011 11:49:34 AM][INFO][clStaff][LoadStaffDetailsByUserNameAndPassword][00000000-0000-0000-0000-000000000000] Execute LoadStaffDetailsByUserNameAndPassword Method
[9/29/2011 11:49:34 AM][INFO][clStaff][ISStaffinCurrentYear][00000000-0000-0000-0000-000000000000] ISStaffinCurrentYear function debug
[9/29/2011 11:49:34 AM][INFO][clStaff][LoadStaffDetailsByUserNameAndPassword][00000000-0000-0000-0000-000000000000] Execute LoadStaffDetailsByUserNameAndPassword Method
[9/29/2011 11:49:34 AM][INFO][clStaff][ISStaffinCurrentYear][00000000-0000-0000-0000-000000000000] ISStaffinCurrentYear function debug
[9/29/2011 11:49:34 AM][INFO][clStaff][LoadStaffDetailsByUserNameAndPassword][00000000-0000-0000-0000-000000000000] Execute LoadStaffDetailsByUserNameAndPassword Method
[9/29/2011 11:49:34 AM][INFO][clStaff][ISStaffinCurrentYear][00000000-0000-0000-0000-000000000000] ISStaffinCurrentYear function debug
[9/29/2011 11:49:34 AM][INFO][clStaff][LoadStaffDetailsByUserNameAndPassword][00000000-0000-0000-0000-000000000000] Execute LoadStaffDetailsByUserNameAndPassword Method
[9/29/2011 11:49:34 AM][INFO][clStaff][ISStaffinCurrentYear][00000000-0000-0000-0000-000000000000] ISStaffinCurrentYear function debug
[9/29/2011 11:49:34 AM][INFO][clStaff][LoadStaffDetailsByUserNameAndPassword][00000000-0000-0000-0000-000000000000] Execute LoadStaffDetailsByUserNameAndPassword Method
[9/29/2011 11:49:34 AM][INFO][clStaff][ISStaffinCurrentYear][00000000-0000-0000-0000-000000000000] ISStaffinCurrentYear function debug
[9/29/2011 11:49:34 AM][INFO][clStaff][LoadStaffDetailsByUserNameAndPassword][00000000-0000-0000-0000-000000000000] Execute LoadStaffDetailsByUserNameAndPassword Method
[9/29/2011 11:49:34 AM][INFO][clStaff][ISStaffinCurrentYear][00000000-0000-0000-0000-000000000000] ISStaffinCurrentYear function debug
[9/29/2011 12:22:32 PM][INFO][clStaff][LoadStaffDetailsByUserNameAndPassword][00000000-0000-0000-0000-000000000000] Execute LoadStaffDetailsByUserNameAndPassword Method
[9/29/2011 12:22:32 PM][DEBUG][clStaff][LoadStaffDetailsByUserNameAndPassword][00000000-0000-0000-0000-000000000000] Debug LoadStaffDetailsByUserNameAndPassword Method
[9/29/2011 12:22:37 PM][INFO][clSchoolYear][LoadAllSchoolYear][00000000-0000-0000-0000-000000000000] Execute LoadAllSchoolYear Method
[9/29/2011 12:22:37 PM][DEBUG][clSchoolYear][LoadAllSchoolYear][00000000-0000-0000-0000-000000000000] Debug LoadAllSchoolYear Method
[9/29/2011 12:22:37 PM][INFO][clStaff][LoadStaff][00000000-0000-0000-0000-000000000000] Execute LoadStaff Method
[9/29/2011 12:22:37 PM][DEBUG][clStaff][LoadStaff][00000000-0000-0000-0000-000000000000] Debug LoadStaff Method
[9/29/2011 12:22:37 PM][INFO][clStaff][LoadStaffDetailsByUserNameAndPassword][00000000-0000-0000-0000-000000000000] Execute LoadStaffDetailsByUserNameAndPassword Method
[9/29/2011 12:22:37 PM][INFO][clStaff][ISStaffinCurrentYear][00000000-0000-0000-0000-000000000000] ISStaffinCurrentYear function debug
[9/29/2011 12:22:37 PM][INFO][clStaff][LoadStaffDetailsByUserNameAndPassword][00000000-0000-0000-0000-000000000000] Execute LoadStaffDetailsByUserNameAndPassword Method
[9/29/2011 12:22:37 PM][INFO][clStaff][ISStaffinCurrentYear][00000000-0000-0000-0000-000000000000] ISStaffinCurrentYear function debug
[9/29/2011 12:22:37 PM][INFO][clStaff][LoadStaffDetailsByUserNameAndPassword][00000000-0000-0000-0000-000000000000] Execute LoadStaffDetailsByUserNameAndPassword Method
[9/29/2011 12:22:37 PM][INFO][clStaff][ISStaffinCurrentYear][00000000-0000-0000-0000-000000000000] ISStaffinCurrentYear function debug
[9/29/2011 12:22:37 PM][INFO][clStaff][LoadStaffDetailsByUserNameAndPassword][00000000-0000-0000-0000-000000000000] Execute LoadStaffDetailsByUserNameAndPassword Method
[9/29/2011 12:22:37 PM][INFO][clStaff][ISStaffinCurrentYear][00000000-0000-0000-0000-000000000000] ISStaffinCurrentYear function debug
[9/29/2011 12:22:37 PM][INFO][clStaff][LoadStaffDetailsByUserNameAndPassword][00000000-0000-0000-0000-000000000000] Execute LoadStaffDetailsByUserNameAndPassword Method
[9/29/2011 12:22:37 PM][INFO][clStaff][ISStaffinCurrentYear][00000000-0000-0000-0000-000000000000] ISStaffinCurrentYear function debug
[9/29/2011 12:22:37 PM][INFO][clStaff][LoadStaffDetailsByUserNameAndPassword][00000000-0000-0000-0000-000000000000] Execute LoadStaffDetailsByUserNameAndPassword Method
[9/29/2011 12:22:37 PM][INFO][clStaff][ISStaffinCurrentYear][00000000-0000-0000-0000-000000000000] ISStaffinCurrentYear function debug
[9/29/2011 12:22:37 PM][INFO][clStaff][LoadStaffDetailsByUserNameAndPassword][00000000-0000-0000-0000-000000000000] Execute LoadStaffDetailsByUserNameAndPassword Method
[9/29/2011 12:22:37 PM][INFO][clStaff][ISStaffinCurrentYear][00000000-0000-0000-0000-000000000000] ISStaffinCurrentYear function debug
[9/29/2011 12:22:37 PM][INFO][clStaff][LoadStaffDetailsByUserNameAndPassword][00000000-0000-0000-0000-000000000000] Execute LoadStaffDetailsByUserNameAndPassword Method
[9/29/2011 12:22:37 PM][INFO][clStaff][ISStaffinCurrentYear][00000000-0000-0000-0000-000000000000] ISStaffinCurrentYear function debug
[9/29/2011 12:22:37 PM][INFO][clStaff][LoadStaffDetailsByUserNameAndPassword][00000000-0000-0000-0000-000000000000] Execute LoadStaffDetailsByUserNameAndPassword Method
[9/29/2011 12:22:37 PM][INFO][clStaff][ISStaffinCurrentYear][00000000-0000-0000-0000-000000000000] ISStaffinCurrentYear function debug
[9/29/2011 12:22:37 PM][INFO][clStaff][LoadStaffDetailsByUserNameAndPassword][00000000-0000-0000-0000-000000000000] Execute LoadStaffDetailsByUserNameAndPassword Method
[9/29/2011 12:22:37 PM][INFO][clStaff][ISStaffinCurrentYear][00000000-0000-0000-0000-000000000000] ISStaffinCurrentYear function debug
[9/29/2011 12:22:37 PM][INFO][clStaff][LoadStaffDetailsByUserNameAndPassword][00000000-0000-0000-0000-000000000000] Execute LoadStaffDetailsByUserNameAndPassword Method
[9/29/2011 12:22:37 PM][INFO][clStaff][ISStaffinCurrentYear][00000000-0000-0000-0000-000000000000] ISStaffinCurrentYear function debug
[9/29/2011 12:22:37 PM][INFO][clStaff][LoadStaffDetailsByUserNameAndPassword][00000000-0000-0000-0000-000000000000] Execute LoadStaffDetailsByUserNameAndPassword Method
[9/29/2011 12:22:37 PM][INFO][clStaff][ISStaffinCurrentYear][00000000-0000-0000-0000-000000000000] ISStaffinCurrentYear function debug
[9/29/2011 12:36:14 PM][INFO][clStaff][LoadStaffDetailsByUserNameAndPassword][00000000-0000-0000-0000-000000000000] Execute LoadStaffDetailsByUserNameAndPassword Method
[9/29/2011 12:36:14 PM][DEBUG][clStaff][LoadStaffDetailsByUserNameAndPassword][00000000-0000-0000-0000-000000000000] Debug LoadStaffDetailsByUserNameAndPassword Method
[9/29/2011 12:36:15 PM][INFO][clSchoolYear][LoadAllSchoolYear][00000000-0000-0000-0000-000000000000] Execute LoadAllSchoolYear Method
[9/29/2011 12:36:15 PM][DEBUG][clSchoolYear][LoadAllSchoolYear][00000000-0000-0000-0000-000000000000] Debug LoadAllSchoolYear Method
[9/29/2011 12:36:15 PM][INFO][clStaff][LoadStaff][00000000-0000-0000-0000-000000000000] Execute LoadStaff Method
[9/29/2011 12:36:15 PM][DEBUG][clStaff][LoadStaff][00000000-0000-0000-0000-000000000000] Debug LoadStaff Method
[9/29/2011 12:36:15 PM][INFO][clStaff][LoadStaffDetailsByUserNameAndPassword][00000000-0000-0000-0000-000000000000] Execute LoadStaffDetailsByUserNameAndPassword Method
[9/29/2011 12:36:15 PM][INFO][clStaff][ISStaffinCurrentYear][00000000-0000-0000-0000-000000000000] ISStaffinCurrentYear function debug
[9/29/2011 12:36:15 PM][INFO][clStaff][LoadStaffDetailsByUserNameAndPassword][00000000-0000-0000-0000-000000000000] Execute LoadStaffDetailsByUserNameAndPassword Method
[9/29/2011 12:36:15 PM][INFO][clStaff][ISStaffinCurrentYear][00000000-0000-0000-0000-000000000000] ISStaffinCurrentYear function debug
[9/29/2011 12:36:15 PM][INFO][clStaff][LoadStaffDetailsByUserNameAndPassword][00000000-0000-0000-0000-000000000000] Execute LoadStaffDetailsByUserNameAndPassword Method
[9/29/2011 12:36:15 PM][INFO][clStaff][ISStaffinCurrentYear][00000000-0000-0000-0000-000000000000] ISStaffinCurrentYear function debug
[9/29/2011 12:36:15 PM][INFO][clStaff][LoadStaffDetailsByUserNameAndPassword][00000000-0000-0000-0000-000000000000] Execute LoadStaffDetailsByUserNameAndPassword Method
[9/29/2011 12:36:15 PM][INFO][clStaff][ISStaffinCurrentYear][00000000-0000-0000-0000-000000000000] ISStaffinCurrentYear function debug
[9/29/2011 12:36:15 PM][INFO][clStaff][LoadStaffDetailsByUserNameAndPassword][00000000-0000-0000-0000-000000000000] Execute LoadStaffDetailsByUserNameAndPassword Method
[9/29/2011 12:36:15 PM][INFO][clStaff][ISStaffinCurrentYear][00000000-0000-0000-0000-000000000000] ISStaffinCurrentYear function debug
[9/29/2011 12:36:15 PM][INFO][clStaff][LoadStaffDetailsByUserNameAndPassword][00000000-0000-0000-0000-000000000000] Execute LoadStaffDetailsByUserNameAndPassword Method
[9/29/2011 12:36:15 PM][INFO][clStaff][ISStaffinCurrentYear][00000000-0000-0000-0000-000000000000] ISStaffinCurrentYear function debug
[9/29/2011 12:36:15 PM][INFO][clStaff][LoadStaffDetailsByUserNameAndPassword][00000000-0000-0000-0000-000000000000] Execute LoadStaffDetailsByUserNameAndPassword Method
[9/29/2011 12:36:15 PM][INFO][clStaff][ISStaffinCurrentYear][00000000-0000-0000-0000-000000000000] ISStaffinCurrentYear function debug
[9/29/2011 12:36:15 PM][INFO][clStaff][LoadStaffDetailsByUserNameAndPassword][00000000-0000-0000-0000-000000000000] Execute LoadStaffDetailsByUserNameAndPassword Method
[9/29/2011 12:36:15 PM][INFO][clStaff][ISStaffinCurrentYear][00000000-0000-0000-0000-000000000000] ISStaffinCurrentYear function debug
[9/29/2011 12:36:15 PM][INFO][clStaff][LoadStaffDetailsByUserNameAndPassword][00000000-0000-0000-0000-000000000000] Execute LoadStaffDetailsByUserNameAndPassword Method
[9/29/2011 12:36:15 PM][INFO][clStaff][ISStaffinCurrentYear][00000000-0000-0000-0000-000000000000] ISStaffinCurrentYear function debug
[9/29/2011 12:36:15 PM][INFO][clStaff][LoadStaffDetailsByUserNameAndPassword][00000000-0000-0000-0000-000000000000] Execute LoadStaffDetailsByUserNameAndPassword Method
[9/29/2011 12:36:15 PM][INFO][clStaff][ISStaffinCurrentYear][00000000-0000-0000-0000-000000000000] ISStaffinCurrentYear function debug
[9/29/2011 12:36:16 PM][INFO][clStaff][LoadStaffDetailsByUserNameAndPassword][00000000-0000-0000-0000-000000000000] Execute LoadStaffDetailsByUserNameAndPassword Method
[9/29/2011 12:36:16 PM][INFO][clStaff][ISStaffinCurrentYear][00000000-0000-0000-0000-000000000000] ISStaffinCurrentYear function debug
[9/29/2011 12:36:16 PM][INFO][clStaff][LoadStaffDetailsByUserNameAndPassword][00000000-0000-0000-0000-000000000000] Execute LoadStaffDetailsByUserNameAndPassword Method
[9/29/2011 12:36:16 PM][INFO][clStaff][ISStaffinCurrentYear][00000000-0000-0000-0000-000000000000] ISStaffinCurrentYear function debug
[9/29/2011 12:36:23 PM][INFO][clSchoolYear][LoadAllSchoolYear][00000000-0000-0000-0000-000000000000] Execute LoadAllSchoolYear Method
[9/29/2011 12:36:23 PM][DEBUG][clSchoolYear][LoadAllSchoolYear][00000000-0000-0000-0000-000000000000] Debug LoadAllSchoolYear Method
[9/29/2011 12:37:06 PM][INFO][clClassRoom][LoadClassRoom][00000000-0000-0000-0000-000000000000] Execute LoadClassRoom Method
[9/29/2011 12:37:06 PM][DEBUG][clClassRoom][LoadClassRoom][00000000-0000-0000-0000-000000000000] Debug LoadClassRoom Method
[9/29/2011 12:37:06 PM][INFO][clAddEditChild][Save][00000000-0000-0000-0000-000000000000] Execute Save Method
[9/29/2011 12:37:06 PM][DEBUG][clAddEditChild][LoadChildFamily][00000000-0000-0000-0000-000000000000] Debug LoadChildFamily Method
[9/29/2011 12:37:06 PM][INFO][clSchoolYear][LoadAllSchoolYear][00000000-0000-0000-0000-000000000000] Execute LoadAllSchoolYear Method
[9/29/2011 12:37:06 PM][DEBUG][clSchoolYear][LoadAllSchoolYear][00000000-0000-0000-0000-000000000000] Debug LoadAllSchoolYear Method
[9/29/2011 12:40:15 PM][INFO][clClassRoom][GetClassroomWiseStudentWeeklySchedule][00000000-0000-0000-0000-000000000000] Execute GetClassroomWiseStudentWeeklySchedule Method
[9/29/2011 12:40:15 PM][DEBUG][clClassRoom][GetClassroomWiseStudentWeeklySchedule][00000000-0000-0000-0000-000000000000] Debug GetClassroomWiseStudentWeeklySchedule Method
[9/29/2011 12:42:04 PM][INFO][clClassRoom][GetClassroomWiseStudentWeeklySchedule][00000000-0000-0000-0000-000000000000] Execute GetClassroomWiseStudentWeeklySchedule Method
[9/29/2011 12:42:04 PM][DEBUG][clClassRoom][GetClassroomWiseStudentWeeklySchedule][00000000-0000-0000-0000-000000000000] Debug GetClassroomWiseStudentWeeklySchedule Method
[9/29/2011 12:50:59 PM][INFO][clClassRoom][GetClassroomWiseStudentWeeklySchedule][00000000-0000-0000-0000-000000000000] Execute GetClassroomWiseStudentWeeklySchedule Method
[9/29/2011 12:50:59 PM][DEBUG][clClassRoom][GetClassroomWiseStudentWeeklySchedule][00000000-0000-0000-0000-000000000000] Debug GetClassroomWiseStudentWeeklySchedule Method
[9/29/2011 12:54:23 PM][INFO][clClassRoom][LoadClassRoom][00000000-0000-0000-0000-000000000000] Execute LoadClassRoom Method
[9/29/2011 12:54:23 PM][DEBUG][clClassRoom][LoadClassRoom][00000000-0000-0000-0000-000000000000] Debug LoadClassRoom Method
[9/29/2011 12:54:23 PM][INFO][clAddEditChild][Save][00000000-0000-0000-0000-000000000000] Execute Save Method
[9/29/2011 12:54:23 PM][DEBUG][clAddEditChild][LoadChildFamily][00000000-0000-0000-0000-000000000000] Debug LoadChildFamily Method
[9/29/2011 12:54:23 PM][INFO][clSchoolYear][LoadAllSchoolYear][00000000-0000-0000-0000-000000000000] Execute LoadAllSchoolYear Method
[9/29/2011 12:54:23 PM][DEBUG][clSchoolYear][LoadAllSchoolYear][00000000-0000-0000-0000-000000000000] Debug LoadAllSchoolYear Method
[9/29/2011 12:54:42 PM][INFO][clClassRoom][GetClassroomWiseStudentWeeklySchedule][00000000-0000-0000-0000-000000000000] Execute GetClassroomWiseStudentWeeklySchedule Method
[9/29/2011 12:54:42 PM][DEBUG][clClassRoom][GetClassroomWiseStudentWeeklySchedule][00000000-0000-0000-0000-000000000000] Debug GetClassroomWiseStudentWeeklySchedule Method
[9/29/2011 1:02:31 PM][INFO][clSchoolYear][LoadAllSchoolYear][00000000-0000-0000-0000-000000000000] Execute LoadAllSchoolYear Method
[9/29/2011 1:02:31 PM][DEBUG][clSchoolYear][LoadAllSchoolYear][00000000-0000-0000-0000-000000000000] Debug LoadAllSchoolYear Method
[9/29/2011 1:02:31 PM][INFO][clChildFamily][LoadChildFamily][00000000-0000-0000-0000-000000000000] Execute LoadChildFamily Method
[9/29/2011 1:02:31 PM][DEBUG][clChildFamily][LoadChildFamily][00000000-0000-0000-0000-000000000000] Debug LoadChildFamily Method
[9/29/2011 1:02:31 PM][INFO][clChildFamily][LoadChildFamily][00000000-0000-0000-0000-000000000000] Execute LoadChildFamily Method
[9/29/2011 1:02:31 PM][DEBUG][clChildFamily][LoadChildFamily][00000000-0000-0000-0000-000000000000] Debug LoadChildFamily Method
[9/29/2011 1:02:35 PM][INFO][clSchoolYear][GetCurrentSchoolYear][00000000-0000-0000-0000-000000000000] Execute GetCurrentSchoolYear Method
[9/29/2011 1:02:35 PM][DEBUG][clSchoolYear][GetCurrentSchoolYear][00000000-0000-0000-0000-000000000000] Debug GetCurrentSchoolYear Method
[9/29/2011 1:02:36 PM][INFO][clRelationship][LoadRelationship][00000000-0000-0000-0000-000000000000] Execute LoadRelationship Method
[9/29/2011 1:02:36 PM][DEBUG][clRelationship][LoadRelationship][00000000-0000-0000-0000-000000000000] Debug LoadRelationship Method
[9/29/2011 1:02:36 PM][INFO][clRelationship][LoadRelationship][00000000-0000-0000-0000-000000000000] Execute LoadRelationship Method
[9/29/2011 1:02:36 PM][DEBUG][clRelationship][LoadRelationship][00000000-0000-0000-0000-000000000000] Debug LoadRelationship Method
[9/29/2011 1:02:36 PM][INFO][clSchool][LoadSchoolInfo][00000000-0000-0000-0000-000000000000] LoadSchoolInfo method called
[9/29/2011 1:02:36 PM][DEBUG][clSchool][LoadSchoolInfo][00000000-0000-0000-0000-000000000000] Debug LoadSchoolInfo called
[9/29/2011 1:02:36 PM][INFO][clSchool][LoadSchoolInfo][00000000-0000-0000-0000-000000000000] LoadSchoolInfo method called
[9/29/2011 1:02:36 PM][DEBUG][clSchool][LoadSchoolInfo][00000000-0000-0000-0000-000000000000] Debug LoadSchoolInfo called
[9/29/2011 1:02:36 PM][INFO][FamilyInfo][LoadFamilyData][00000000-0000-0000-0000-000000000000] LoadFamilyData method called
[9/29/2011 1:02:36 PM][DEBUG][FamilyInfo][LoadFamilyData][00000000-0000-0000-0000-000000000000] Debug LoadFamilyData
[9/29/2011 1:02:36 PM][INFO][clChildFamily][LoadChildFamilyById][00000000-0000-0000-0000-000000000000] Execute LoadChildFamilyById Method
[9/29/2011 1:02:36 PM][DEBUG][clChildFamily][LoadChildFamilyById][00000000-0000-0000-0000-000000000000] Debug LoadChildFamilyById Method
[9/29/2011 1:02:36 PM][INFO][clSchoolYear][GetCurrentSchoolYear][00000000-0000-0000-0000-000000000000] Execute GetCurrentSchoolYear Method
[9/29/2011 1:02:36 PM][DEBUG][clSchoolYear][GetCurrentSchoolYear][00000000-0000-0000-0000-000000000000] Debug GetCurrentSchoolYear Method
[9/29/2011 1:02:36 PM][INFO][clSchoolYear][LoadAllSchoolYear][00000000-0000-0000-0000-000000000000] Execute LoadAllSchoolYear Method
[9/29/2011 1:02:36 PM][DEBUG][clSchoolYear][LoadAllSchoolYear][00000000-0000-0000-0000-000000000000] Debug LoadAllSchoolYear Method
[9/29/2011 1:02:36 PM][INFO][clChildData][LoadChildData][00000000-0000-0000-0000-000000000000] Execute LoadChildData Method
[9/29/2011 1:02:36 PM][DEBUG][clChildData][LoadChildData][00000000-0000-0000-0000-000000000000] Debug LoadChildData Method
[9/29/2011 1:02:36 PM][INFO][clChildData][LoadChildData][00000000-0000-0000-0000-000000000000] Execute LoadChildData Method
[9/29/2011 1:02:36 PM][DEBUG][clChildData][LoadChildData][00000000-0000-0000-0000-000000000000] Debug LoadChildData Method
[9/29/2011 1:02:43 PM][INFO][clSchoolYear][GetCurrentSchoolYear][00000000-0000-0000-0000-000000000000] Execute GetCurrentSchoolYear Method
[9/29/2011 1:02:43 PM][DEBUG][clSchoolYear][GetCurrentSchoolYear][00000000-0000-0000-0000-000000000000] Debug GetCurrentSchoolYear Method
[9/29/2011 1:02:43 PM][INFO][Staff][btnSave_Click][00000000-0000-0000-0000-000000000000] Submit btnSave_Click called
[9/29/2011 1:02:43 PM][DEBUG][Role][btnSave_Click][00000000-0000-0000-0000-000000000000] Debug btnSave_Click 
[9/29/2011 1:02:43 PM][INFO][clFamilyData][CheckCodeRequire][00000000-0000-0000-0000-000000000000] Execute CheckCodeRequire Method
[9/29/2011 1:02:43 PM][DEBUG][clFamilyData][CheckCodeRequire][00000000-0000-0000-0000-000000000000] Debug CheckCodeRequire Method
[9/29/2011 1:02:43 PM][INFO][clChildFamily][Save][00000000-0000-0000-0000-000000000000] Execute Save Method
[9/29/2011 1:02:43 PM][DEBUG][clChildFamily][Save][00000000-0000-0000-0000-000000000000] Debug Save Method
