[9/22/2011 11:26:05 AM][INFO][clStaff][LoadStaffDetailsByUserNameAndPassword][00000000-0000-0000-0000-000000000000] Execute LoadStaffDetailsByUserNameAndPassword Method
[9/22/2011 11:26:05 AM][DEBUG][clStaff][LoadStaffDetailsByUserNameAndPassword][00000000-0000-0000-0000-000000000000] Debug LoadStaffDetailsByUserNameAndPassword Method
[9/22/2011 11:26:06 AM][INFO][clSchoolYear][LoadAllSchoolYear][00000000-0000-0000-0000-000000000000] Execute LoadAllSchoolYear Method
[9/22/2011 11:26:06 AM][DEBUG][clSchoolYear][LoadAllSchoolYear][00000000-0000-0000-0000-000000000000] Debug LoadAllSchoolYear Method
[9/22/2011 11:26:06 AM][INFO][clStaff][LoadStaff][00000000-0000-0000-0000-000000000000] Execute LoadStaff Method
[9/22/2011 11:26:06 AM][DEBUG][clStaff][LoadStaff][00000000-0000-0000-0000-000000000000] Debug LoadStaff Method
[9/22/2011 11:26:06 AM][INFO][clStaff][LoadStaffDetailsByUserNameAndPassword][00000000-0000-0000-0000-000000000000] Execute LoadStaffDetailsByUserNameAndPassword Method
[9/22/2011 11:26:06 AM][INFO][clStaff][ISStaffinCurrentYear][00000000-0000-0000-0000-000000000000] ISStaffinCurrentYear function debug
[9/22/2011 11:26:06 AM][INFO][clStaff][LoadStaffDetailsByUserNameAndPassword][00000000-0000-0000-0000-000000000000] Execute LoadStaffDetailsByUserNameAndPassword Method
[9/22/2011 11:26:06 AM][INFO][clStaff][ISStaffinCurrentYear][00000000-0000-0000-0000-000000000000] ISStaffinCurrentYear function debug
[9/22/2011 11:26:06 AM][INFO][clStaff][LoadStaffDetailsByUserNameAndPassword][00000000-0000-0000-0000-000000000000] Execute LoadStaffDetailsByUserNameAndPassword Method
[9/22/2011 11:26:06 AM][INFO][clStaff][ISStaffinCurrentYear][00000000-0000-0000-0000-000000000000] ISStaffinCurrentYear function debug
[9/22/2011 11:26:06 AM][INFO][clStaff][LoadStaffDetailsByUserNameAndPassword][00000000-0000-0000-0000-000000000000] Execute LoadStaffDetailsByUserNameAndPassword Method
[9/22/2011 11:26:06 AM][INFO][clStaff][ISStaffinCurrentYear][00000000-0000-0000-0000-000000000000] ISStaffinCurrentYear function debug
[9/22/2011 11:26:06 AM][INFO][clStaff][LoadStaffDetailsByUserNameAndPassword][00000000-0000-0000-0000-000000000000] Execute LoadStaffDetailsByUserNameAndPassword Method
[9/22/2011 11:26:06 AM][INFO][clStaff][ISStaffinCurrentYear][00000000-0000-0000-0000-000000000000] ISStaffinCurrentYear function debug
[9/22/2011 11:26:06 AM][INFO][clStaff][LoadStaffDetailsByUserNameAndPassword][00000000-0000-0000-0000-000000000000] Execute LoadStaffDetailsByUserNameAndPassword Method
[9/22/2011 11:26:06 AM][INFO][clStaff][ISStaffinCurrentYear][00000000-0000-0000-0000-000000000000] ISStaffinCurrentYear function debug
[9/22/2011 11:26:30 AM][INFO][Ledger][GetChildProgEnrollmentFeeDetail][00000000-0000-0000-0000-000000000000] GetChildProgEnrollmentFeeDetail method called
[9/22/2011 11:26:30 AM][DEBUG][Ledger][GetChildProgEnrollmentFeeDetail][00000000-0000-0000-0000-000000000000] Debug GetChildProgEnrollmentFeeDetail called
[9/22/2011 11:26:30 AM][INFO][clLedger][GetChildProgEnrollmentFeeDetail][00000000-0000-0000-0000-000000000000] GetChildProgEnrollmentFeeDetail method called
[9/22/2011 11:26:30 AM][DEBUG][clLedger][GetChildProgEnrollmentFeeDetail][00000000-0000-0000-0000-000000000000] Debug GetChildProgEnrollmentFeeDetail called
[9/22/2011 11:26:30 AM][INFO][clLedger][GetLastTransactionDate][00000000-0000-0000-0000-000000000000] GetLastTransactionDate method called
[9/22/2011 11:26:30 AM][DEBUG][clLedger][GetLastTransactionDate][00000000-0000-0000-0000-000000000000] Debug GetLastTransactionDate called
[9/22/2011 11:26:30 AM][INFO][clLedger][GetLastTransactionDate][00000000-0000-0000-0000-000000000000] GetLastTransactionDate method called
[9/22/2011 11:26:30 AM][DEBUG][clLedger][GetLastTransactionDate][00000000-0000-0000-0000-000000000000] Debug GetLastTransactionDate called
[9/22/2011 11:26:30 AM][INFO][clLedger][GetLastTransactionDate][00000000-0000-0000-0000-000000000000] GetLastTransactionDate method called
[9/22/2011 11:26:30 AM][DEBUG][clLedger][GetLastTransactionDate][00000000-0000-0000-0000-000000000000] Debug GetLastTransactionDate called
[9/22/2011 11:26:30 AM][INFO][clLedger][GetLastTransactionDate][00000000-0000-0000-0000-000000000000] GetLastTransactionDate method called
[9/22/2011 11:26:30 AM][DEBUG][clLedger][GetLastTransactionDate][00000000-0000-0000-0000-000000000000] Debug GetLastTransactionDate called
[9/22/2011 11:26:30 AM][INFO][clLedger][GetLastTransactionDate][00000000-0000-0000-0000-000000000000] GetLastTransactionDate method called
[9/22/2011 11:26:30 AM][DEBUG][clLedger][GetLastTransactionDate][00000000-0000-0000-0000-000000000000] Debug GetLastTransactionDate called
[9/22/2011 11:26:30 AM][INFO][clAddEditChild][Save][00000000-0000-0000-0000-000000000000] Execute Save Method
[9/22/2011 11:26:30 AM][DEBUG][clAddEditChild][LoadChildFamily][00000000-0000-0000-0000-000000000000] Debug LoadChildFamily Method
[9/22/2011 11:26:30 AM][INFO][clSchoolYear][LoadAllSchoolYear][00000000-0000-0000-0000-000000000000] Execute LoadAllSchoolYear Method
[9/22/2011 11:26:30 AM][DEBUG][clSchoolYear][LoadAllSchoolYear][00000000-0000-0000-0000-000000000000] Debug LoadAllSchoolYear Method
[9/22/2011 11:26:30 AM][INFO][clChildProgEnrollment][Save][00000000-0000-0000-0000-000000000000] Execute Save Method
[9/22/2011 11:26:30 AM][DEBUG][clChildProgEnrollment][LoadChildFamily][00000000-0000-0000-0000-000000000000] Debug LoadChildFamily Method
[9/22/2011 11:36:19 AM][INFO][clSchoolYear][LoadAllSchoolYear][00000000-0000-0000-0000-000000000000] Execute LoadAllSchoolYear Method
[9/22/2011 11:36:19 AM][DEBUG][clSchoolYear][LoadAllSchoolYear][00000000-0000-0000-0000-000000000000] Debug LoadAllSchoolYear Method
[9/22/2011 11:36:20 AM][INFO][clChildFamily][LoadChildFamily][00000000-0000-0000-0000-000000000000] Execute LoadChildFamily Method
[9/22/2011 11:36:20 AM][DEBUG][clChildFamily][LoadChildFamily][00000000-0000-0000-0000-000000000000] Debug LoadChildFamily Method
[9/22/2011 11:36:20 AM][INFO][clChildFamily][LoadChildFamily][00000000-0000-0000-0000-000000000000] Execute LoadChildFamily Method
[9/22/2011 11:36:20 AM][DEBUG][clChildFamily][LoadChildFamily][00000000-0000-0000-0000-000000000000] Debug LoadChildFamily Method
[9/22/2011 11:39:31 AM][INFO][clSchoolYear][GetCurrentSchoolYear][00000000-0000-0000-0000-000000000000] Execute GetCurrentSchoolYear Method
[9/22/2011 11:39:31 AM][DEBUG][clSchoolYear][GetCurrentSchoolYear][00000000-0000-0000-0000-000000000000] Debug GetCurrentSchoolYear Method
[9/22/2011 11:39:31 AM][INFO][clAddEditChild][LoadProgram][00000000-0000-0000-0000-000000000000] Execute LoadProgram Method
[9/22/2011 11:39:31 AM][DEBUG][clAddEditChild][LoadProgram][00000000-0000-0000-0000-000000000000] Debug LoadProgram Method
[9/22/2011 11:39:31 AM][INFO][clEnrollmentStatus][LoadEnrollmentStatus][00000000-0000-0000-0000-000000000000] Execute LoadEnrollmentStatus Method
[9/22/2011 11:39:31 AM][DEBUG][clEnrollmentStatus][Save][00000000-0000-0000-0000-000000000000] Debug Save Method
[9/22/2011 11:39:31 AM][INFO][clSchoolYear][LoadAllSchoolYear][00000000-0000-0000-0000-000000000000] Execute LoadAllSchoolYear Method
[9/22/2011 11:39:31 AM][DEBUG][clSchoolYear][LoadAllSchoolYear][00000000-0000-0000-0000-000000000000] Debug LoadAllSchoolYear Method
[9/22/2011 11:39:31 AM][INFO][clAddEditChild][LoadChildDataList][00000000-0000-0000-0000-000000000000] Execute LoadChildDataList Method
[9/22/2011 11:39:31 AM][DEBUG][clAddEditChild][LoadChildDataList][00000000-0000-0000-0000-000000000000] Debug LoadChildDataList Method
[9/22/2011 11:39:36 AM][INFO][Ledger][GetChildProgEnrollmentFeeDetail][00000000-0000-0000-0000-000000000000] GetChildProgEnrollmentFeeDetail method called
[9/22/2011 11:39:36 AM][DEBUG][Ledger][GetChildProgEnrollmentFeeDetail][00000000-0000-0000-0000-000000000000] Debug GetChildProgEnrollmentFeeDetail called
[9/22/2011 11:39:36 AM][INFO][clLedger][GetChildProgEnrollmentFeeDetail][00000000-0000-0000-0000-000000000000] GetChildProgEnrollmentFeeDetail method called
[9/22/2011 11:39:36 AM][DEBUG][clLedger][GetChildProgEnrollmentFeeDetail][00000000-0000-0000-0000-000000000000] Debug GetChildProgEnrollmentFeeDetail called
[9/22/2011 11:39:36 AM][INFO][clLedger][GetLastTransactionDate][00000000-0000-0000-0000-000000000000] GetLastTransactionDate method called
[9/22/2011 11:39:36 AM][DEBUG][clLedger][GetLastTransactionDate][00000000-0000-0000-0000-000000000000] Debug GetLastTransactionDate called
[9/22/2011 11:39:36 AM][INFO][clLedger][GetLastTransactionDate][00000000-0000-0000-0000-000000000000] GetLastTransactionDate method called
[9/22/2011 11:39:36 AM][DEBUG][clLedger][GetLastTransactionDate][00000000-0000-0000-0000-000000000000] Debug GetLastTransactionDate called
[9/22/2011 11:39:36 AM][INFO][clLedger][GetLastTransactionDate][00000000-0000-0000-0000-000000000000] GetLastTransactionDate method called
[9/22/2011 11:39:36 AM][DEBUG][clLedger][GetLastTransactionDate][00000000-0000-0000-0000-000000000000] Debug GetLastTransactionDate called
[9/22/2011 11:39:36 AM][INFO][clLedger][GetLastTransactionDate][00000000-0000-0000-0000-000000000000] GetLastTransactionDate method called
[9/22/2011 11:39:36 AM][DEBUG][clLedger][GetLastTransactionDate][00000000-0000-0000-0000-000000000000] Debug GetLastTransactionDate called
[9/22/2011 11:39:36 AM][INFO][clLedger][GetLastTransactionDate][00000000-0000-0000-0000-000000000000] GetLastTransactionDate method called
[9/22/2011 11:39:36 AM][DEBUG][clLedger][GetLastTransactionDate][00000000-0000-0000-0000-000000000000] Debug GetLastTransactionDate called
[9/22/2011 11:39:36 AM][INFO][clAddEditChild][Save][00000000-0000-0000-0000-000000000000] Execute Save Method
[9/22/2011 11:39:36 AM][DEBUG][clAddEditChild][LoadChildFamily][00000000-0000-0000-0000-000000000000] Debug LoadChildFamily Method
[9/22/2011 11:39:36 AM][INFO][clSchoolYear][LoadAllSchoolYear][00000000-0000-0000-0000-000000000000] Execute LoadAllSchoolYear Method
[9/22/2011 11:39:36 AM][DEBUG][clSchoolYear][LoadAllSchoolYear][00000000-0000-0000-0000-000000000000] Debug LoadAllSchoolYear Method
[9/22/2011 11:39:36 AM][INFO][clChildProgEnrollment][Save][00000000-0000-0000-0000-000000000000] Execute Save Method
[9/22/2011 11:39:36 AM][DEBUG][clChildProgEnrollment][LoadChildFamily][00000000-0000-0000-0000-000000000000] Debug LoadChildFamily Method
[9/22/2011 11:44:05 AM][INFO][Ledger][GetChildProgEnrollmentFeeDetail][00000000-0000-0000-0000-000000000000] GetChildProgEnrollmentFeeDetail method called
[9/22/2011 11:44:05 AM][DEBUG][Ledger][GetChildProgEnrollmentFeeDetail][00000000-0000-0000-0000-000000000000] Debug GetChildProgEnrollmentFeeDetail called
[9/22/2011 11:44:05 AM][INFO][clLedger][GetChildProgEnrollmentFeeDetail][00000000-0000-0000-0000-000000000000] GetChildProgEnrollmentFeeDetail method called
[9/22/2011 11:44:05 AM][DEBUG][clLedger][GetChildProgEnrollmentFeeDetail][00000000-0000-0000-0000-000000000000] Debug GetChildProgEnrollmentFeeDetail called
[9/22/2011 11:44:05 AM][INFO][clLedger][GetLastTransactionDate][00000000-0000-0000-0000-000000000000] GetLastTransactionDate method called
[9/22/2011 11:44:05 AM][DEBUG][clLedger][GetLastTransactionDate][00000000-0000-0000-0000-000000000000] Debug GetLastTransactionDate called
[9/22/2011 11:44:05 AM][INFO][clLedger][GetLastTransactionDate][00000000-0000-0000-0000-000000000000] GetLastTransactionDate method called
[9/22/2011 11:44:05 AM][DEBUG][clLedger][GetLastTransactionDate][00000000-0000-0000-0000-000000000000] Debug GetLastTransactionDate called
[9/22/2011 11:44:05 AM][INFO][clLedger][GetLastTransactionDate][00000000-0000-0000-0000-000000000000] GetLastTransactionDate method called
[9/22/2011 11:44:05 AM][DEBUG][clLedger][GetLastTransactionDate][00000000-0000-0000-0000-000000000000] Debug GetLastTransactionDate called
[9/22/2011 11:44:05 AM][INFO][clLedger][GetLastTransactionDate][00000000-0000-0000-0000-000000000000] GetLastTransactionDate method called
[9/22/2011 11:44:05 AM][DEBUG][clLedger][GetLastTransactionDate][00000000-0000-0000-0000-000000000000] Debug GetLastTransactionDate called
[9/22/2011 11:44:05 AM][INFO][clLedger][GetLastTransactionDate][00000000-0000-0000-0000-000000000000] GetLastTransactionDate method called
[9/22/2011 11:44:05 AM][DEBUG][clLedger][GetLastTransactionDate][00000000-0000-0000-0000-000000000000] Debug GetLastTransactionDate called
[9/22/2011 11:44:05 AM][INFO][clAddEditChild][Save][00000000-0000-0000-0000-000000000000] Execute Save Method
[9/22/2011 11:44:05 AM][DEBUG][clAddEditChild][LoadChildFamily][00000000-0000-0000-0000-000000000000] Debug LoadChildFamily Method
[9/22/2011 11:44:05 AM][INFO][clSchoolYear][LoadAllSchoolYear][00000000-0000-0000-0000-000000000000] Execute LoadAllSchoolYear Method
[9/22/2011 11:44:05 AM][DEBUG][clSchoolYear][LoadAllSchoolYear][00000000-0000-0000-0000-000000000000] Debug LoadAllSchoolYear Method
[9/22/2011 11:44:05 AM][INFO][clChildProgEnrollment][Save][00000000-0000-0000-0000-000000000000] Execute Save Method
[9/22/2011 11:44:05 AM][DEBUG][clChildProgEnrollment][LoadChildFamily][00000000-0000-0000-0000-000000000000] Debug LoadChildFamily Method
[9/22/2011 11:45:14 AM][INFO][clSchoolYear][LoadAllSchoolYear][00000000-0000-0000-0000-000000000000] Execute LoadAllSchoolYear Method
[9/22/2011 11:45:14 AM][DEBUG][clSchoolYear][LoadAllSchoolYear][00000000-0000-0000-0000-000000000000] Debug LoadAllSchoolYear Method
[9/22/2011 11:45:14 AM][INFO][clChildFamily][LoadChildFamily][00000000-0000-0000-0000-000000000000] Execute LoadChildFamily Method
[9/22/2011 11:45:14 AM][DEBUG][clChildFamily][LoadChildFamily][00000000-0000-0000-0000-000000000000] Debug LoadChildFamily Method
[9/22/2011 11:45:14 AM][INFO][clFamilyPayment][GetFamilyWisePayment][00000000-0000-0000-0000-000000000000] GetFamilyWisePayment method called
[9/22/2011 11:45:14 AM][DEBUG][clFamilyPayment][GetFamilyWisePayment][00000000-0000-0000-0000-000000000000] Debug GetFamilyWisePayment called
[9/22/2011 11:45:14 AM][INFO][clFamilyPayment][GetFamilyWisePayment][00000000-0000-0000-0000-000000000000] GetFamilyWisePayment method called
[9/22/2011 11:45:14 AM][DEBUG][clFamilyPayment][GetFamilyWisePayment][00000000-0000-0000-0000-000000000000] Debug GetFamilyWisePayment called
[9/22/2011 11:45:14 AM][INFO][clFamilyPayment][GetFamilyWisePayment][00000000-0000-0000-0000-000000000000] GetFamilyWisePayment method called
[9/22/2011 11:45:14 AM][DEBUG][clFamilyPayment][GetFamilyWisePayment][00000000-0000-0000-0000-000000000000] Debug GetFamilyWisePayment called
[9/22/2011 11:45:14 AM][INFO][clFamilyPayment][GetFamilyWisePayment][00000000-0000-0000-0000-000000000000] GetFamilyWisePayment method called
[9/22/2011 11:45:14 AM][DEBUG][clFamilyPayment][GetFamilyWisePayment][00000000-0000-0000-0000-000000000000] Debug GetFamilyWisePayment called
[9/22/2011 11:45:14 AM][INFO][clFamilyPayment][GetFamilyWisePayment][00000000-0000-0000-0000-000000000000] GetFamilyWisePayment method called
[9/22/2011 11:45:14 AM][DEBUG][clFamilyPayment][GetFamilyWisePayment][00000000-0000-0000-0000-000000000000] Debug GetFamilyWisePayment called
[9/22/2011 11:45:14 AM][INFO][clFamilyPayment][GetFamilyWisePayment][00000000-0000-0000-0000-000000000000] GetFamilyWisePayment method called
[9/22/2011 11:45:14 AM][DEBUG][clFamilyPayment][GetFamilyWisePayment][00000000-0000-0000-0000-000000000000] Debug GetFamilyWisePayment called
[9/22/2011 11:45:14 AM][INFO][clFamilyPayment][GetFamilyWisePayment][00000000-0000-0000-0000-000000000000] GetFamilyWisePayment method called
[9/22/2011 11:45:14 AM][DEBUG][clFamilyPayment][GetFamilyWisePayment][00000000-0000-0000-0000-000000000000] Debug GetFamilyWisePayment called
[9/22/2011 11:45:14 AM][INFO][clFamilyPayment][GetFamilyWisePayment][00000000-0000-0000-0000-000000000000] GetFamilyWisePayment method called
[9/22/2011 11:45:14 AM][DEBUG][clFamilyPayment][GetFamilyWisePayment][00000000-0000-0000-0000-000000000000] Debug GetFamilyWisePayment called
[9/22/2011 11:45:14 AM][INFO][clFamilyPayment][GetFamilyWisePayment][00000000-0000-0000-0000-000000000000] GetFamilyWisePayment method called
[9/22/2011 11:45:14 AM][DEBUG][clFamilyPayment][GetFamilyWisePayment][00000000-0000-0000-0000-000000000000] Debug GetFamilyWisePayment called
[9/22/2011 11:45:14 AM][INFO][clFamilyPayment][GetFamilyWisePayment][00000000-0000-0000-0000-000000000000] GetFamilyWisePayment method called
[9/22/2011 11:45:14 AM][DEBUG][clFamilyPayment][GetFamilyWisePayment][00000000-0000-0000-0000-000000000000] Debug GetFamilyWisePayment called
[9/22/2011 11:45:19 AM][INFO][clSchoolYear][GetCurrentSchoolYear][00000000-0000-0000-0000-000000000000] Execute GetCurrentSchoolYear Method
[9/22/2011 11:45:19 AM][DEBUG][clSchoolYear][GetCurrentSchoolYear][00000000-0000-0000-0000-000000000000] Debug GetCurrentSchoolYear Method
[9/22/2011 11:45:19 AM][INFO][clFamilyPayment][GetFamilyWisePayment][00000000-0000-0000-0000-000000000000] GetFamilyWisePayment method called
[9/22/2011 11:45:19 AM][DEBUG][clFamilyPayment][GetFamilyWisePayment][00000000-0000-0000-0000-000000000000] Debug GetFamilyWisePayment called
[9/22/2011 11:45:49 AM][INFO][clSchoolYear][GetCurrentSchoolYear][00000000-0000-0000-0000-000000000000] Execute GetCurrentSchoolYear Method
[9/22/2011 11:45:49 AM][DEBUG][clSchoolYear][GetCurrentSchoolYear][00000000-0000-0000-0000-000000000000] Debug GetCurrentSchoolYear Method
[9/22/2011 11:45:49 AM][INFO][clFamilyPayment][GetFamilyWisePayment][00000000-0000-0000-0000-000000000000] GetFamilyWisePayment method called
[9/22/2011 11:45:49 AM][DEBUG][clFamilyPayment][GetFamilyWisePayment][00000000-0000-0000-0000-000000000000] Debug GetFamilyWisePayment called
[9/22/2011 11:45:51 AM][INFO][Ledger][GetChildProgEnrollmentFeeDetail][00000000-0000-0000-0000-000000000000] GetChildProgEnrollmentFeeDetail method called
[9/22/2011 11:45:51 AM][DEBUG][Ledger][GetChildProgEnrollmentFeeDetail][00000000-0000-0000-0000-000000000000] Debug GetChildProgEnrollmentFeeDetail called
[9/22/2011 11:45:51 AM][INFO][clLedger][GetChildProgEnrollmentFeeDetail][00000000-0000-0000-0000-000000000000] GetChildProgEnrollmentFeeDetail method called
[9/22/2011 11:45:51 AM][DEBUG][clLedger][GetChildProgEnrollmentFeeDetail][00000000-0000-0000-0000-000000000000] Debug GetChildProgEnrollmentFeeDetail called
[9/22/2011 11:45:51 AM][INFO][clLedger][GetLastTransactionDate][00000000-0000-0000-0000-000000000000] GetLastTransactionDate method called
[9/22/2011 11:45:51 AM][DEBUG][clLedger][GetLastTransactionDate][00000000-0000-0000-0000-000000000000] Debug GetLastTransactionDate called
[9/22/2011 11:45:51 AM][INFO][clLedger][GetLastTransactionDate][00000000-0000-0000-0000-000000000000] GetLastTransactionDate method called
[9/22/2011 11:45:51 AM][DEBUG][clLedger][GetLastTransactionDate][00000000-0000-0000-0000-000000000000] Debug GetLastTransactionDate called
[9/22/2011 11:45:51 AM][INFO][clLedger][GetLastTransactionDate][00000000-0000-0000-0000-000000000000] GetLastTransactionDate method called
[9/22/2011 11:45:51 AM][DEBUG][clLedger][GetLastTransactionDate][00000000-0000-0000-0000-000000000000] Debug GetLastTransactionDate called
[9/22/2011 11:45:51 AM][INFO][clLedger][GetLastTransactionDate][00000000-0000-0000-0000-000000000000] GetLastTransactionDate method called
[9/22/2011 11:45:51 AM][DEBUG][clLedger][GetLastTransactionDate][00000000-0000-0000-0000-000000000000] Debug GetLastTransactionDate called
[9/22/2011 11:45:51 AM][INFO][clLedger][GetLastTransactionDate][00000000-0000-0000-0000-000000000000] GetLastTransactionDate method called
[9/22/2011 11:45:51 AM][DEBUG][clLedger][GetLastTransactionDate][00000000-0000-0000-0000-000000000000] Debug GetLastTransactionDate called
[9/22/2011 11:45:51 AM][INFO][clAddEditChild][Save][00000000-0000-0000-0000-000000000000] Execute Save Method
[9/22/2011 11:45:51 AM][DEBUG][clAddEditChild][LoadChildFamily][00000000-0000-0000-0000-000000000000] Debug LoadChildFamily Method
[9/22/2011 11:45:51 AM][INFO][clSchoolYear][LoadAllSchoolYear][00000000-0000-0000-0000-000000000000] Execute LoadAllSchoolYear Method
[9/22/2011 11:45:51 AM][DEBUG][clSchoolYear][LoadAllSchoolYear][00000000-0000-0000-0000-000000000000] Debug LoadAllSchoolYear Method
[9/22/2011 11:45:51 AM][INFO][clChildProgEnrollment][Save][00000000-0000-0000-0000-000000000000] Execute Save Method
[9/22/2011 11:45:51 AM][DEBUG][clChildProgEnrollment][LoadChildFamily][00000000-0000-0000-0000-000000000000] Debug LoadChildFamily Method
[9/22/2011 11:46:03 AM][INFO][clSchoolYear][LoadAllSchoolYear][00000000-0000-0000-0000-000000000000] Execute LoadAllSchoolYear Method
[9/22/2011 11:46:03 AM][DEBUG][clSchoolYear][LoadAllSchoolYear][00000000-0000-0000-0000-000000000000] Debug LoadAllSchoolYear Method
[9/22/2011 11:46:03 AM][INFO][clChildFamily][LoadChildFamily][00000000-0000-0000-0000-000000000000] Execute LoadChildFamily Method
[9/22/2011 11:46:03 AM][DEBUG][clChildFamily][LoadChildFamily][00000000-0000-0000-0000-000000000000] Debug LoadChildFamily Method
[9/22/2011 11:46:03 AM][INFO][clFamilyPayment][GetFamilyWisePayment][00000000-0000-0000-0000-000000000000] GetFamilyWisePayment method called
[9/22/2011 11:46:03 AM][DEBUG][clFamilyPayment][GetFamilyWisePayment][00000000-0000-0000-0000-000000000000] Debug GetFamilyWisePayment called
[9/22/2011 11:46:04 AM][INFO][clFamilyPayment][GetFamilyWisePayment][00000000-0000-0000-0000-000000000000] GetFamilyWisePayment method called
[9/22/2011 11:46:04 AM][DEBUG][clFamilyPayment][GetFamilyWisePayment][00000000-0000-0000-0000-000000000000] Debug GetFamilyWisePayment called
[9/22/2011 11:46:04 AM][INFO][clFamilyPayment][GetFamilyWisePayment][00000000-0000-0000-0000-000000000000] GetFamilyWisePayment method called
[9/22/2011 11:46:04 AM][DEBUG][clFamilyPayment][GetFamilyWisePayment][00000000-0000-0000-0000-000000000000] Debug GetFamilyWisePayment called
[9/22/2011 11:46:04 AM][INFO][clFamilyPayment][GetFamilyWisePayment][00000000-0000-0000-0000-000000000000] GetFamilyWisePayment method called
[9/22/2011 11:46:04 AM][DEBUG][clFamilyPayment][GetFamilyWisePayment][00000000-0000-0000-0000-000000000000] Debug GetFamilyWisePayment called
[9/22/2011 11:46:04 AM][INFO][clFamilyPayment][GetFamilyWisePayment][00000000-0000-0000-0000-000000000000] GetFamilyWisePayment method called
[9/22/2011 11:46:04 AM][DEBUG][clFamilyPayment][GetFamilyWisePayment][00000000-0000-0000-0000-000000000000] Debug GetFamilyWisePayment called
[9/22/2011 11:46:04 AM][INFO][clFamilyPayment][GetFamilyWisePayment][00000000-0000-0000-0000-000000000000] GetFamilyWisePayment method called
[9/22/2011 11:46:04 AM][DEBUG][clFamilyPayment][GetFamilyWisePayment][00000000-0000-0000-0000-000000000000] Debug GetFamilyWisePayment called
[9/22/2011 11:46:04 AM][INFO][clFamilyPayment][GetFamilyWisePayment][00000000-0000-0000-0000-000000000000] GetFamilyWisePayment method called
[9/22/2011 11:46:04 AM][DEBUG][clFamilyPayment][GetFamilyWisePayment][00000000-0000-0000-0000-000000000000] Debug GetFamilyWisePayment called
[9/22/2011 11:46:04 AM][INFO][clFamilyPayment][GetFamilyWisePayment][00000000-0000-0000-0000-000000000000] GetFamilyWisePayment method called
[9/22/2011 11:46:04 AM][DEBUG][clFamilyPayment][GetFamilyWisePayment][00000000-0000-0000-0000-000000000000] Debug GetFamilyWisePayment called
[9/22/2011 11:46:04 AM][INFO][clFamilyPayment][GetFamilyWisePayment][00000000-0000-0000-0000-000000000000] GetFamilyWisePayment method called
[9/22/2011 11:46:04 AM][DEBUG][clFamilyPayment][GetFamilyWisePayment][00000000-0000-0000-0000-000000000000] Debug GetFamilyWisePayment called
[9/22/2011 11:46:04 AM][INFO][clFamilyPayment][GetFamilyWisePayment][00000000-0000-0000-0000-000000000000] GetFamilyWisePayment method called
[9/22/2011 11:46:04 AM][DEBUG][clFamilyPayment][GetFamilyWisePayment][00000000-0000-0000-0000-000000000000] Debug GetFamilyWisePayment called
[9/22/2011 11:46:07 AM][INFO][clSchoolYear][GetCurrentSchoolYear][00000000-0000-0000-0000-000000000000] Execute GetCurrentSchoolYear Method
[9/22/2011 11:46:07 AM][DEBUG][clSchoolYear][GetCurrentSchoolYear][00000000-0000-0000-0000-000000000000] Debug GetCurrentSchoolYear Method
[9/22/2011 11:46:07 AM][INFO][clFamilyPayment][GetFamilyWisePayment][00000000-0000-0000-0000-000000000000] GetFamilyWisePayment method called
[9/22/2011 11:46:07 AM][DEBUG][clFamilyPayment][GetFamilyWisePayment][00000000-0000-0000-0000-000000000000] Debug GetFamilyWisePayment called
[9/22/2011 11:46:38 AM][INFO][clSchoolYear][GetCurrentSchoolYear][00000000-0000-0000-0000-000000000000] Execute GetCurrentSchoolYear Method
[9/22/2011 11:46:38 AM][DEBUG][clSchoolYear][GetCurrentSchoolYear][00000000-0000-0000-0000-000000000000] Debug GetCurrentSchoolYear Method
[9/22/2011 11:46:38 AM][INFO][clFamilyPayment][GetFamilyWisePayment][00000000-0000-0000-0000-000000000000] GetFamilyWisePayment method called
[9/22/2011 11:46:38 AM][DEBUG][clFamilyPayment][GetFamilyWisePayment][00000000-0000-0000-0000-000000000000] Debug GetFamilyWisePayment called
[9/22/2011 11:46:39 AM][INFO][Ledger][GetChildProgEnrollmentFeeDetail][00000000-0000-0000-0000-000000000000] GetChildProgEnrollmentFeeDetail method called
[9/22/2011 11:46:39 AM][DEBUG][Ledger][GetChildProgEnrollmentFeeDetail][00000000-0000-0000-0000-000000000000] Debug GetChildProgEnrollmentFeeDetail called
[9/22/2011 11:46:39 AM][INFO][clLedger][GetChildProgEnrollmentFeeDetail][00000000-0000-0000-0000-000000000000] GetChildProgEnrollmentFeeDetail method called
[9/22/2011 11:46:39 AM][DEBUG][clLedger][GetChildProgEnrollmentFeeDetail][00000000-0000-0000-0000-000000000000] Debug GetChildProgEnrollmentFeeDetail called
[9/22/2011 11:46:39 AM][INFO][clLedger][GetLastTransactionDate][00000000-0000-0000-0000-000000000000] GetLastTransactionDate method called
[9/22/2011 11:46:39 AM][DEBUG][clLedger][GetLastTransactionDate][00000000-0000-0000-0000-000000000000] Debug GetLastTransactionDate called
[9/22/2011 11:46:39 AM][INFO][clLedger][GetLastTransactionDate][00000000-0000-0000-0000-000000000000] GetLastTransactionDate method called
[9/22/2011 11:46:39 AM][DEBUG][clLedger][GetLastTransactionDate][00000000-0000-0000-0000-000000000000] Debug GetLastTransactionDate called
[9/22/2011 11:46:39 AM][INFO][clLedger][GetLastTransactionDate][00000000-0000-0000-0000-000000000000] GetLastTransactionDate method called
[9/22/2011 11:46:39 AM][DEBUG][clLedger][GetLastTransactionDate][00000000-0000-0000-0000-000000000000] Debug GetLastTransactionDate called
[9/22/2011 11:46:39 AM][INFO][clLedger][GetLastTransactionDate][00000000-0000-0000-0000-000000000000] GetLastTransactionDate method called
[9/22/2011 11:46:39 AM][DEBUG][clLedger][GetLastTransactionDate][00000000-0000-0000-0000-000000000000] Debug GetLastTransactionDate called
[9/22/2011 11:46:39 AM][INFO][clLedger][GetLastTransactionDate][00000000-0000-0000-0000-000000000000] GetLastTransactionDate method called
[9/22/2011 11:46:39 AM][DEBUG][clLedger][GetLastTransactionDate][00000000-0000-0000-0000-000000000000] Debug GetLastTransactionDate called
[9/22/2011 11:46:39 AM][INFO][clAddEditChild][Save][00000000-0000-0000-0000-000000000000] Execute Save Method
[9/22/2011 11:46:39 AM][DEBUG][clAddEditChild][LoadChildFamily][00000000-0000-0000-0000-000000000000] Debug LoadChildFamily Method
[9/22/2011 11:46:39 AM][INFO][clSchoolYear][LoadAllSchoolYear][00000000-0000-0000-0000-000000000000] Execute LoadAllSchoolYear Method
[9/22/2011 11:46:39 AM][DEBUG][clSchoolYear][LoadAllSchoolYear][00000000-0000-0000-0000-000000000000] Debug LoadAllSchoolYear Method
[9/22/2011 11:46:39 AM][INFO][clChildProgEnrollment][Save][00000000-0000-0000-0000-000000000000] Execute Save Method
[9/22/2011 11:46:40 AM][DEBUG][clChildProgEnrollment][LoadChildFamily][00000000-0000-0000-0000-000000000000] Debug LoadChildFamily Method
[9/22/2011 11:46:59 AM][INFO][clChildProgEnrollment][Save][00000000-0000-0000-0000-000000000000] Execute Save Method
[9/22/2011 11:46:59 AM][DEBUG][clChildProgEnrollment][LoadChildFamily][00000000-0000-0000-0000-000000000000] Debug LoadChildFamily Method
[9/22/2011 11:55:56 AM][INFO][clStaff][LoadStaffDetailsByUserNameAndPassword][00000000-0000-0000-0000-000000000000] Execute LoadStaffDetailsByUserNameAndPassword Method
[9/22/2011 11:55:56 AM][DEBUG][clStaff][LoadStaffDetailsByUserNameAndPassword][00000000-0000-0000-0000-000000000000] Debug LoadStaffDetailsByUserNameAndPassword Method
[9/22/2011 11:56:01 AM][INFO][clSchoolYear][LoadAllSchoolYear][00000000-0000-0000-0000-000000000000] Execute LoadAllSchoolYear Method
[9/22/2011 11:56:01 AM][DEBUG][clSchoolYear][LoadAllSchoolYear][00000000-0000-0000-0000-000000000000] Debug LoadAllSchoolYear Method
[9/22/2011 11:56:01 AM][INFO][clStaff][LoadStaff][00000000-0000-0000-0000-000000000000] Execute LoadStaff Method
[9/22/2011 11:56:01 AM][DEBUG][clStaff][LoadStaff][00000000-0000-0000-0000-000000000000] Debug LoadStaff Method
[9/22/2011 11:56:01 AM][INFO][clStaff][LoadStaffDetailsByUserNameAndPassword][00000000-0000-0000-0000-000000000000] Execute LoadStaffDetailsByUserNameAndPassword Method
[9/22/2011 11:56:01 AM][INFO][clStaff][ISStaffinCurrentYear][00000000-0000-0000-0000-000000000000] ISStaffinCurrentYear function debug
[9/22/2011 11:56:01 AM][INFO][clStaff][LoadStaffDetailsByUserNameAndPassword][00000000-0000-0000-0000-000000000000] Execute LoadStaffDetailsByUserNameAndPassword Method
[9/22/2011 11:56:01 AM][INFO][clStaff][ISStaffinCurrentYear][00000000-0000-0000-0000-000000000000] ISStaffinCurrentYear function debug
[9/22/2011 11:56:01 AM][INFO][clStaff][LoadStaffDetailsByUserNameAndPassword][00000000-0000-0000-0000-000000000000] Execute LoadStaffDetailsByUserNameAndPassword Method
[9/22/2011 11:56:01 AM][INFO][clStaff][ISStaffinCurrentYear][00000000-0000-0000-0000-000000000000] ISStaffinCurrentYear function debug
[9/22/2011 11:56:01 AM][INFO][clStaff][LoadStaffDetailsByUserNameAndPassword][00000000-0000-0000-0000-000000000000] Execute LoadStaffDetailsByUserNameAndPassword Method
[9/22/2011 11:56:01 AM][INFO][clStaff][ISStaffinCurrentYear][00000000-0000-0000-0000-000000000000] ISStaffinCurrentYear function debug
[9/22/2011 11:56:01 AM][INFO][clStaff][LoadStaffDetailsByUserNameAndPassword][00000000-0000-0000-0000-000000000000] Execute LoadStaffDetailsByUserNameAndPassword Method
[9/22/2011 11:56:01 AM][INFO][clStaff][ISStaffinCurrentYear][00000000-0000-0000-0000-000000000000] ISStaffinCurrentYear function debug
[9/22/2011 11:56:01 AM][INFO][clStaff][LoadStaffDetailsByUserNameAndPassword][00000000-0000-0000-0000-000000000000] Execute LoadStaffDetailsByUserNameAndPassword Method
[9/22/2011 11:56:01 AM][INFO][clStaff][ISStaffinCurrentYear][00000000-0000-0000-0000-000000000000] ISStaffinCurrentYear function debug
[9/22/2011 11:56:07 AM][INFO][clSchoolYear][LoadAllSchoolYear][00000000-0000-0000-0000-000000000000] Execute LoadAllSchoolYear Method
[9/22/2011 11:56:07 AM][DEBUG][clSchoolYear][LoadAllSchoolYear][00000000-0000-0000-0000-000000000000] Debug LoadAllSchoolYear Method
[9/22/2011 11:56:07 AM][INFO][clChildFamily][LoadChildFamily][00000000-0000-0000-0000-000000000000] Execute LoadChildFamily Method
[9/22/2011 11:56:07 AM][DEBUG][clChildFamily][LoadChildFamily][00000000-0000-0000-0000-000000000000] Debug LoadChildFamily Method
[9/22/2011 11:56:07 AM][INFO][clChildFamily][LoadChildFamily][00000000-0000-0000-0000-000000000000] Execute LoadChildFamily Method
[9/22/2011 11:56:07 AM][DEBUG][clChildFamily][LoadChildFamily][00000000-0000-0000-0000-000000000000] Debug LoadChildFamily Method
[9/22/2011 11:56:12 AM][INFO][Ledger][GetChildProgEnrollmentFeeDetail][00000000-0000-0000-0000-000000000000] GetChildProgEnrollmentFeeDetail method called
[9/22/2011 11:56:12 AM][DEBUG][Ledger][GetChildProgEnrollmentFeeDetail][00000000-0000-0000-0000-000000000000] Debug GetChildProgEnrollmentFeeDetail called
[9/22/2011 11:56:12 AM][INFO][clLedger][GetChildProgEnrollmentFeeDetail][00000000-0000-0000-0000-000000000000] GetChildProgEnrollmentFeeDetail method called
[9/22/2011 11:56:12 AM][DEBUG][clLedger][GetChildProgEnrollmentFeeDetail][00000000-0000-0000-0000-000000000000] Debug GetChildProgEnrollmentFeeDetail called
[9/22/2011 11:56:12 AM][INFO][clLedger][GetLastTransactionDate][00000000-0000-0000-0000-000000000000] GetLastTransactionDate method called
[9/22/2011 11:56:12 AM][DEBUG][clLedger][GetLastTransactionDate][00000000-0000-0000-0000-000000000000] Debug GetLastTransactionDate called
[9/22/2011 11:56:12 AM][INFO][clLedger][GetLastTransactionDate][00000000-0000-0000-0000-000000000000] GetLastTransactionDate method called
[9/22/2011 11:56:12 AM][DEBUG][clLedger][GetLastTransactionDate][00000000-0000-0000-0000-000000000000] Debug GetLastTransactionDate called
[9/22/2011 11:56:12 AM][INFO][clLedger][GetLastTransactionDate][00000000-0000-0000-0000-000000000000] GetLastTransactionDate method called
[9/22/2011 11:56:12 AM][DEBUG][clLedger][GetLastTransactionDate][00000000-0000-0000-0000-000000000000] Debug GetLastTransactionDate called
[9/22/2011 11:56:12 AM][INFO][clLedger][GetLastTransactionDate][00000000-0000-0000-0000-000000000000] GetLastTransactionDate method called
[9/22/2011 11:56:12 AM][DEBUG][clLedger][GetLastTransactionDate][00000000-0000-0000-0000-000000000000] Debug GetLastTransactionDate called
[9/22/2011 11:56:12 AM][INFO][clLedger][GetLastTransactionDate][00000000-0000-0000-0000-000000000000] GetLastTransactionDate method called
[9/22/2011 11:56:12 AM][DEBUG][clLedger][GetLastTransactionDate][00000000-0000-0000-0000-000000000000] Debug GetLastTransactionDate called
[9/22/2011 11:56:13 AM][INFO][clAddEditChild][Save][00000000-0000-0000-0000-000000000000] Execute Save Method
[9/22/2011 11:56:13 AM][DEBUG][clAddEditChild][LoadChildFamily][00000000-0000-0000-0000-000000000000] Debug LoadChildFamily Method
[9/22/2011 11:56:13 AM][INFO][clSchoolYear][LoadAllSchoolYear][00000000-0000-0000-0000-000000000000] Execute LoadAllSchoolYear Method
[9/22/2011 11:56:13 AM][DEBUG][clSchoolYear][LoadAllSchoolYear][00000000-0000-0000-0000-000000000000] Debug LoadAllSchoolYear Method
[9/22/2011 11:56:13 AM][INFO][clChildProgEnrollment][Save][00000000-0000-0000-0000-000000000000] Execute Save Method
[9/22/2011 11:56:13 AM][DEBUG][clChildProgEnrollment][LoadChildFamily][00000000-0000-0000-0000-000000000000] Debug LoadChildFamily Method
[9/22/2011 11:56:18 AM][INFO][clChildProgEnrollment][Save][00000000-0000-0000-0000-000000000000] Execute Save Method
[9/22/2011 11:56:18 AM][DEBUG][clChildProgEnrollment][LoadChildFamily][00000000-0000-0000-0000-000000000000] Debug LoadChildFamily Method
[9/22/2011 11:56:32 AM][INFO][clChildProgEnrollment][Save][00000000-0000-0000-0000-000000000000] Execute Save Method
[9/22/2011 11:56:32 AM][DEBUG][clChildProgEnrollment][LoadChildFamily][00000000-0000-0000-0000-000000000000] Debug LoadChildFamily Method
[9/22/2011 11:56:43 AM][INFO][clChildProgEnrollment][Save][00000000-0000-0000-0000-000000000000] Execute Save Method
[9/22/2011 11:56:43 AM][DEBUG][clChildProgEnrollment][LoadChildFamily][00000000-0000-0000-0000-000000000000] Debug LoadChildFamily Method
[9/22/2011 12:03:35 PM][INFO][clStaff][LoadStaffDetailsByUserNameAndPassword][00000000-0000-0000-0000-000000000000] Execute LoadStaffDetailsByUserNameAndPassword Method
[9/22/2011 12:03:35 PM][DEBUG][clStaff][LoadStaffDetailsByUserNameAndPassword][00000000-0000-0000-0000-000000000000] Debug LoadStaffDetailsByUserNameAndPassword Method
[9/22/2011 12:03:39 PM][INFO][clSchoolYear][LoadAllSchoolYear][00000000-0000-0000-0000-000000000000] Execute LoadAllSchoolYear Method
[9/22/2011 12:03:39 PM][DEBUG][clSchoolYear][LoadAllSchoolYear][00000000-0000-0000-0000-000000000000] Debug LoadAllSchoolYear Method
[9/22/2011 12:03:39 PM][INFO][clStaff][LoadStaff][00000000-0000-0000-0000-000000000000] Execute LoadStaff Method
[9/22/2011 12:03:39 PM][DEBUG][clStaff][LoadStaff][00000000-0000-0000-0000-000000000000] Debug LoadStaff Method
[9/22/2011 12:03:39 PM][INFO][clStaff][LoadStaffDetailsByUserNameAndPassword][00000000-0000-0000-0000-000000000000] Execute LoadStaffDetailsByUserNameAndPassword Method
[9/22/2011 12:03:39 PM][INFO][clStaff][ISStaffinCurrentYear][00000000-0000-0000-0000-000000000000] ISStaffinCurrentYear function debug
[9/22/2011 12:03:39 PM][INFO][clStaff][LoadStaffDetailsByUserNameAndPassword][00000000-0000-0000-0000-000000000000] Execute LoadStaffDetailsByUserNameAndPassword Method
[9/22/2011 12:03:39 PM][INFO][clStaff][ISStaffinCurrentYear][00000000-0000-0000-0000-000000000000] ISStaffinCurrentYear function debug
[9/22/2011 12:03:39 PM][INFO][clStaff][LoadStaffDetailsByUserNameAndPassword][00000000-0000-0000-0000-000000000000] Execute LoadStaffDetailsByUserNameAndPassword Method
[9/22/2011 12:03:39 PM][INFO][clStaff][ISStaffinCurrentYear][00000000-0000-0000-0000-000000000000] ISStaffinCurrentYear function debug
[9/22/2011 12:03:39 PM][INFO][clStaff][LoadStaffDetailsByUserNameAndPassword][00000000-0000-0000-0000-000000000000] Execute LoadStaffDetailsByUserNameAndPassword Method
[9/22/2011 12:03:39 PM][INFO][clStaff][ISStaffinCurrentYear][00000000-0000-0000-0000-000000000000] ISStaffinCurrentYear function debug
[9/22/2011 12:03:39 PM][INFO][clStaff][LoadStaffDetailsByUserNameAndPassword][00000000-0000-0000-0000-000000000000] Execute LoadStaffDetailsByUserNameAndPassword Method
[9/22/2011 12:03:39 PM][INFO][clStaff][ISStaffinCurrentYear][00000000-0000-0000-0000-000000000000] ISStaffinCurrentYear function debug
[9/22/2011 12:03:39 PM][INFO][clStaff][LoadStaffDetailsByUserNameAndPassword][00000000-0000-0000-0000-000000000000] Execute LoadStaffDetailsByUserNameAndPassword Method
[9/22/2011 12:03:39 PM][INFO][clStaff][ISStaffinCurrentYear][00000000-0000-0000-0000-000000000000] ISStaffinCurrentYear function debug
[9/22/2011 12:03:46 PM][INFO][Ledger][GetChildProgEnrollmentFeeDetail][00000000-0000-0000-0000-000000000000] GetChildProgEnrollmentFeeDetail method called
[9/22/2011 12:03:46 PM][DEBUG][Ledger][GetChildProgEnrollmentFeeDetail][00000000-0000-0000-0000-000000000000] Debug GetChildProgEnrollmentFeeDetail called
[9/22/2011 12:03:46 PM][INFO][clLedger][GetChildProgEnrollmentFeeDetail][00000000-0000-0000-0000-000000000000] GetChildProgEnrollmentFeeDetail method called
[9/22/2011 12:03:46 PM][DEBUG][clLedger][GetChildProgEnrollmentFeeDetail][00000000-0000-0000-0000-000000000000] Debug GetChildProgEnrollmentFeeDetail called
[9/22/2011 12:03:46 PM][INFO][clLedger][GetLastTransactionDate][00000000-0000-0000-0000-000000000000] GetLastTransactionDate method called
[9/22/2011 12:03:46 PM][DEBUG][clLedger][GetLastTransactionDate][00000000-0000-0000-0000-000000000000] Debug GetLastTransactionDate called
[9/22/2011 12:03:46 PM][INFO][clLedger][GetLastTransactionDate][00000000-0000-0000-0000-000000000000] GetLastTransactionDate method called
[9/22/2011 12:03:46 PM][DEBUG][clLedger][GetLastTransactionDate][00000000-0000-0000-0000-000000000000] Debug GetLastTransactionDate called
[9/22/2011 12:03:46 PM][INFO][clLedger][GetLastTransactionDate][00000000-0000-0000-0000-000000000000] GetLastTransactionDate method called
[9/22/2011 12:03:46 PM][DEBUG][clLedger][GetLastTransactionDate][00000000-0000-0000-0000-000000000000] Debug GetLastTransactionDate called
[9/22/2011 12:03:47 PM][INFO][clLedger][GetLastTransactionDate][00000000-0000-0000-0000-000000000000] GetLastTransactionDate method called
[9/22/2011 12:03:47 PM][DEBUG][clLedger][GetLastTransactionDate][00000000-0000-0000-0000-000000000000] Debug GetLastTransactionDate called
[9/22/2011 12:03:47 PM][INFO][clLedger][GetLastTransactionDate][00000000-0000-0000-0000-000000000000] GetLastTransactionDate method called
[9/22/2011 12:03:47 PM][DEBUG][clLedger][GetLastTransactionDate][00000000-0000-0000-0000-000000000000] Debug GetLastTransactionDate called
[9/22/2011 12:03:47 PM][INFO][clAddEditChild][Save][00000000-0000-0000-0000-000000000000] Execute Save Method
[9/22/2011 12:03:47 PM][DEBUG][clAddEditChild][LoadChildFamily][00000000-0000-0000-0000-000000000000] Debug LoadChildFamily Method
[9/22/2011 12:03:47 PM][INFO][clSchoolYear][LoadAllSchoolYear][00000000-0000-0000-0000-000000000000] Execute LoadAllSchoolYear Method
[9/22/2011 12:03:47 PM][DEBUG][clSchoolYear][LoadAllSchoolYear][00000000-0000-0000-0000-000000000000] Debug LoadAllSchoolYear Method
[9/22/2011 12:03:47 PM][INFO][clChildProgEnrollment][Save][00000000-0000-0000-0000-000000000000] Execute Save Method
[9/22/2011 12:03:47 PM][DEBUG][clChildProgEnrollment][LoadChildFamily][00000000-0000-0000-0000-000000000000] Debug LoadChildFamily Method
