[09/03/2012 11:01:02 AM][INFO][clSchool][LoadAllSchool][00000000-0000-0000-0000-000000000000] LoadAllSchool method called
[09/03/2012 11:01:03 AM][DEBUG][clSchool][LoadAllSchool][00000000-0000-0000-0000-000000000000] Debug LoadAllSchool called
[09/03/2012 11:01:21 AM][INFO][clStaff][LoadStaffDetailsByUserNameAndPassword][00000000-0000-0000-0000-000000000000] Execute LoadStaffDetailsByUserNameAndPassword Method
[09/03/2012 11:01:21 AM][DEBUG][clStaff][LoadStaffDetailsByUserNameAndPassword][00000000-0000-0000-0000-000000000000] Debug LoadStaffDetailsByUserNameAndPassword Method
[09/03/2012 11:01:26 AM][INFO][clStaff][LoadStaffDetailsByUserNameAndPassword][00000000-0000-0000-0000-000000000000] Execute LoadStaffDetailsByUserNameAndPassword Method
[09/03/2012 11:01:26 AM][DEBUG][clStaff][LoadStaffDetailsByUserNameAndPassword][00000000-0000-0000-0000-000000000000] Debug LoadStaffDetailsByUserNameAndPassword Method
[09/03/2012 11:01:31 AM][INFO][clStaff][LoadStaffDetailsByUserNameAndPassword][00000000-0000-0000-0000-000000000000] Execute LoadStaffDetailsByUserNameAndPassword Method
[09/03/2012 11:01:31 AM][DEBUG][clStaff][LoadStaffDetailsByUserNameAndPassword][00000000-0000-0000-0000-000000000000] Debug LoadStaffDetailsByUserNameAndPassword Method
[09/03/2012 11:01:38 AM][INFO][clSchoolYear][LoadAllSchoolYear][00000000-0000-0000-0000-000000000000] Execute LoadAllSchoolYear Method
[09/03/2012 11:01:38 AM][DEBUG][clSchoolYear][LoadAllSchoolYear][00000000-0000-0000-0000-000000000000] Debug LoadAllSchoolYear Method
[09/03/2012 11:01:42 AM][INFO][clChildList][LoadChildAttendanceHistoryList][00000000-0000-0000-0000-000000000000] LoadChildAttendanceHistoryList method called
[09/03/2012 11:01:42 AM][DEBUG][clFamilyPayment][LoadChildAttendanceHistoryList][00000000-0000-0000-0000-000000000000] Debug LoadChildAttendanceHistoryList called
[09/03/2012 11:01:43 AM][INFO][clSchoolYear][LoadAllSchoolYear][00000000-0000-0000-0000-000000000000] Execute LoadAllSchoolYear Method
[09/03/2012 11:01:43 AM][DEBUG][clSchoolYear][LoadAllSchoolYear][00000000-0000-0000-0000-000000000000] Debug LoadAllSchoolYear Method
[09/03/2012 11:09:18 AM][INFO][clSchool][LoadAllSchool][00000000-0000-0000-0000-000000000000] LoadAllSchool method called
[09/03/2012 11:09:18 AM][DEBUG][clSchool][LoadAllSchool][00000000-0000-0000-0000-000000000000] Debug LoadAllSchool called
[09/03/2012 11:09:31 AM][INFO][clStaff][LoadStaffDetailsByUserNameAndPassword][00000000-0000-0000-0000-000000000000] Execute LoadStaffDetailsByUserNameAndPassword Method
[09/03/2012 11:09:31 AM][DEBUG][clStaff][LoadStaffDetailsByUserNameAndPassword][00000000-0000-0000-0000-000000000000] Debug LoadStaffDetailsByUserNameAndPassword Method
[09/03/2012 11:09:37 AM][INFO][clStaff][LoadStaffDetailsByUserNameAndPassword][00000000-0000-0000-0000-000000000000] Execute LoadStaffDetailsByUserNameAndPassword Method
[09/03/2012 11:09:37 AM][DEBUG][clStaff][LoadStaffDetailsByUserNameAndPassword][00000000-0000-0000-0000-000000000000] Debug LoadStaffDetailsByUserNameAndPassword Method
[09/03/2012 11:09:38 AM][INFO][clSchoolYear][LoadAllSchoolYear][00000000-0000-0000-0000-000000000000] Execute LoadAllSchoolYear Method
[09/03/2012 11:09:38 AM][DEBUG][clSchoolYear][LoadAllSchoolYear][00000000-0000-0000-0000-000000000000] Debug LoadAllSchoolYear Method
[09/03/2012 11:09:44 AM][INFO][clChildList][LoadChildAttendanceHistoryList][00000000-0000-0000-0000-000000000000] LoadChildAttendanceHistoryList method called
[09/03/2012 11:09:44 AM][DEBUG][clFamilyPayment][LoadChildAttendanceHistoryList][00000000-0000-0000-0000-000000000000] Debug LoadChildAttendanceHistoryList called
[09/03/2012 11:09:45 AM][INFO][clSchoolYear][LoadAllSchoolYear][00000000-0000-0000-0000-000000000000] Execute LoadAllSchoolYear Method
[09/03/2012 11:09:45 AM][DEBUG][clSchoolYear][LoadAllSchoolYear][00000000-0000-0000-0000-000000000000] Debug LoadAllSchoolYear Method
[09/03/2012 11:11:24 AM][INFO][clSchool][LoadAllSchool][00000000-0000-0000-0000-000000000000] LoadAllSchool method called
[09/03/2012 11:11:24 AM][DEBUG][clSchool][LoadAllSchool][00000000-0000-0000-0000-000000000000] Debug LoadAllSchool called
[09/03/2012 11:11:32 AM][INFO][clStaff][LoadStaffDetailsByUserNameAndPassword][00000000-0000-0000-0000-000000000000] Execute LoadStaffDetailsByUserNameAndPassword Method
[09/03/2012 11:11:32 AM][DEBUG][clStaff][LoadStaffDetailsByUserNameAndPassword][00000000-0000-0000-0000-000000000000] Debug LoadStaffDetailsByUserNameAndPassword Method
[09/03/2012 11:11:47 AM][INFO][clStaff][LoadStaffDetailsByUserNameAndPassword][00000000-0000-0000-0000-000000000000] Execute LoadStaffDetailsByUserNameAndPassword Method
[09/03/2012 11:11:47 AM][DEBUG][clStaff][LoadStaffDetailsByUserNameAndPassword][00000000-0000-0000-0000-000000000000] Debug LoadStaffDetailsByUserNameAndPassword Method
[09/03/2012 11:11:48 AM][INFO][clSchoolYear][LoadAllSchoolYear][00000000-0000-0000-0000-000000000000] Execute LoadAllSchoolYear Method
[09/03/2012 11:11:48 AM][DEBUG][clSchoolYear][LoadAllSchoolYear][00000000-0000-0000-0000-000000000000] Debug LoadAllSchoolYear Method
[09/03/2012 11:11:50 AM][INFO][clChildList][LoadChildAttendanceHistoryList][00000000-0000-0000-0000-000000000000] LoadChildAttendanceHistoryList method called
[09/03/2012 11:11:50 AM][DEBUG][clFamilyPayment][LoadChildAttendanceHistoryList][00000000-0000-0000-0000-000000000000] Debug LoadChildAttendanceHistoryList called
[09/03/2012 11:11:51 AM][INFO][clSchoolYear][LoadAllSchoolYear][00000000-0000-0000-0000-000000000000] Execute LoadAllSchoolYear Method
[09/03/2012 11:11:51 AM][DEBUG][clSchoolYear][LoadAllSchoolYear][00000000-0000-0000-0000-000000000000] Debug LoadAllSchoolYear Method
[09/03/2012 2:43:09 PM][INFO][clSchool][LoadAllSchool][00000000-0000-0000-0000-000000000000] LoadAllSchool method called
[09/03/2012 2:43:09 PM][DEBUG][clSchool][LoadAllSchool][00000000-0000-0000-0000-000000000000] Debug LoadAllSchool called
[09/03/2012 2:47:00 PM][INFO][clStaff][LoadStaffDetailsByUserNameAndPassword][00000000-0000-0000-0000-000000000000] Execute LoadStaffDetailsByUserNameAndPassword Method
[09/03/2012 2:47:00 PM][DEBUG][clStaff][LoadStaffDetailsByUserNameAndPassword][00000000-0000-0000-0000-000000000000] Debug LoadStaffDetailsByUserNameAndPassword Method
[09/03/2012 2:47:01 PM][INFO][clSchoolYear][LoadAllSchoolYear][00000000-0000-0000-0000-000000000000] Execute LoadAllSchoolYear Method
[09/03/2012 2:47:01 PM][DEBUG][clSchoolYear][LoadAllSchoolYear][00000000-0000-0000-0000-000000000000] Debug LoadAllSchoolYear Method
[09/03/2012 2:47:10 PM][INFO][clChildList][LoadChildAttendanceHistoryList][00000000-0000-0000-0000-000000000000] LoadChildAttendanceHistoryList method called
[09/03/2012 2:47:10 PM][DEBUG][clFamilyPayment][LoadChildAttendanceHistoryList][00000000-0000-0000-0000-000000000000] Debug LoadChildAttendanceHistoryList called
[09/03/2012 2:47:11 PM][INFO][clSchoolYear][LoadAllSchoolYear][00000000-0000-0000-0000-000000000000] Execute LoadAllSchoolYear Method
[09/03/2012 2:47:11 PM][DEBUG][clSchoolYear][LoadAllSchoolYear][00000000-0000-0000-0000-000000000000] Debug LoadAllSchoolYear Method
[09/03/2012 2:47:19 PM][INFO][StaffList][LoadStaffAttendanceHistoryList][00000000-0000-0000-0000-000000000000] LoadStaffAttendanceHistoryList method called
[09/03/2012 2:47:19 PM][DEBUG][clFamilyPayment][LoadStaffAttendanceHistoryList][00000000-0000-0000-0000-000000000000] Debug LoadStaffAttendanceHistoryList called
[09/03/2012 2:47:54 PM][INFO][clChildList][LoadChildAttendanceHistoryList][00000000-0000-0000-0000-000000000000] LoadChildAttendanceHistoryList method called
[09/03/2012 2:47:54 PM][DEBUG][clFamilyPayment][LoadChildAttendanceHistoryList][00000000-0000-0000-0000-000000000000] Debug LoadChildAttendanceHistoryList called
[09/03/2012 2:48:22 PM][INFO][StaffList][LoadStaffAttendanceHistoryList][00000000-0000-0000-0000-000000000000] LoadStaffAttendanceHistoryList method called
[09/03/2012 2:48:22 PM][DEBUG][clFamilyPayment][LoadStaffAttendanceHistoryList][00000000-0000-0000-0000-000000000000] Debug LoadStaffAttendanceHistoryList called
[09/03/2012 2:53:11 PM][INFO][clSchool][LoadAllSchool][00000000-0000-0000-0000-000000000000] LoadAllSchool method called
[09/03/2012 2:53:11 PM][DEBUG][clSchool][LoadAllSchool][00000000-0000-0000-0000-000000000000] Debug LoadAllSchool called
[09/03/2012 2:53:19 PM][INFO][clStaff][LoadStaffDetailsByUserNameAndPassword][00000000-0000-0000-0000-000000000000] Execute LoadStaffDetailsByUserNameAndPassword Method
[09/03/2012 2:53:19 PM][DEBUG][clStaff][LoadStaffDetailsByUserNameAndPassword][00000000-0000-0000-0000-000000000000] Debug LoadStaffDetailsByUserNameAndPassword Method
[09/03/2012 2:53:27 PM][INFO][clStaff][LoadStaffDetailsByUserNameAndPassword][00000000-0000-0000-0000-000000000000] Execute LoadStaffDetailsByUserNameAndPassword Method
[09/03/2012 2:53:27 PM][DEBUG][clStaff][LoadStaffDetailsByUserNameAndPassword][00000000-0000-0000-0000-000000000000] Debug LoadStaffDetailsByUserNameAndPassword Method
[09/03/2012 2:53:32 PM][INFO][clStaff][LoadStaffDetailsByUserNameAndPassword][00000000-0000-0000-0000-000000000000] Execute LoadStaffDetailsByUserNameAndPassword Method
[09/03/2012 2:53:32 PM][DEBUG][clStaff][LoadStaffDetailsByUserNameAndPassword][00000000-0000-0000-0000-000000000000] Debug LoadStaffDetailsByUserNameAndPassword Method
[09/03/2012 2:53:33 PM][INFO][clSchoolYear][LoadAllSchoolYear][00000000-0000-0000-0000-000000000000] Execute LoadAllSchoolYear Method
[09/03/2012 2:53:33 PM][DEBUG][clSchoolYear][LoadAllSchoolYear][00000000-0000-0000-0000-000000000000] Debug LoadAllSchoolYear Method
[09/03/2012 2:54:38 PM][INFO][clChildList][LoadChildAttendanceHistoryList][00000000-0000-0000-0000-000000000000] LoadChildAttendanceHistoryList method called
[09/03/2012 2:54:38 PM][DEBUG][clFamilyPayment][LoadChildAttendanceHistoryList][00000000-0000-0000-0000-000000000000] Debug LoadChildAttendanceHistoryList called
[09/03/2012 2:54:39 PM][INFO][clSchoolYear][LoadAllSchoolYear][00000000-0000-0000-0000-000000000000] Execute LoadAllSchoolYear Method
[09/03/2012 2:54:39 PM][DEBUG][clSchoolYear][LoadAllSchoolYear][00000000-0000-0000-0000-000000000000] Debug LoadAllSchoolYear Method
[09/03/2012 2:54:43 PM][INFO][clChildList][LoadChildAttendanceHistoryList][00000000-0000-0000-0000-000000000000] LoadChildAttendanceHistoryList method called
[09/03/2012 2:54:43 PM][DEBUG][clFamilyPayment][LoadChildAttendanceHistoryList][00000000-0000-0000-0000-000000000000] Debug LoadChildAttendanceHistoryList called
[09/03/2012 3:00:03 PM][INFO][clSchool][LoadAllSchool][00000000-0000-0000-0000-000000000000] LoadAllSchool method called
[09/03/2012 3:00:03 PM][DEBUG][clSchool][LoadAllSchool][00000000-0000-0000-0000-000000000000] Debug LoadAllSchool called
[09/03/2012 3:00:16 PM][INFO][clStaff][LoadStaffDetailsByUserNameAndPassword][00000000-0000-0000-0000-000000000000] Execute LoadStaffDetailsByUserNameAndPassword Method
[09/03/2012 3:00:16 PM][DEBUG][clStaff][LoadStaffDetailsByUserNameAndPassword][00000000-0000-0000-0000-000000000000] Debug LoadStaffDetailsByUserNameAndPassword Method
[09/03/2012 3:00:32 PM][INFO][clStaff][LoadStaffDetailsByUserNameAndPassword][00000000-0000-0000-0000-000000000000] Execute LoadStaffDetailsByUserNameAndPassword Method
[09/03/2012 3:00:32 PM][DEBUG][clStaff][LoadStaffDetailsByUserNameAndPassword][00000000-0000-0000-0000-000000000000] Debug LoadStaffDetailsByUserNameAndPassword Method
[09/03/2012 3:00:36 PM][INFO][clSchoolYear][LoadAllSchoolYear][00000000-0000-0000-0000-000000000000] Execute LoadAllSchoolYear Method
[09/03/2012 3:00:36 PM][DEBUG][clSchoolYear][LoadAllSchoolYear][00000000-0000-0000-0000-000000000000] Debug LoadAllSchoolYear Method
[09/03/2012 3:00:40 PM][INFO][clChildList][LoadChildAttendanceHistoryList][00000000-0000-0000-0000-000000000000] LoadChildAttendanceHistoryList method called
[09/03/2012 3:00:40 PM][DEBUG][clFamilyPayment][LoadChildAttendanceHistoryList][00000000-0000-0000-0000-000000000000] Debug LoadChildAttendanceHistoryList called
[09/03/2012 3:00:40 PM][INFO][clSchoolYear][LoadAllSchoolYear][00000000-0000-0000-0000-000000000000] Execute LoadAllSchoolYear Method
[09/03/2012 3:00:40 PM][DEBUG][clSchoolYear][LoadAllSchoolYear][00000000-0000-0000-0000-000000000000] Debug LoadAllSchoolYear Method
[09/03/2012 3:01:57 PM][INFO][clChildList][LoadChildAttendanceHistoryList][00000000-0000-0000-0000-000000000000] LoadChildAttendanceHistoryList method called
[09/03/2012 3:01:57 PM][DEBUG][clFamilyPayment][LoadChildAttendanceHistoryList][00000000-0000-0000-0000-000000000000] Debug LoadChildAttendanceHistoryList called
[09/03/2012 3:38:21 PM][INFO][clSchool][LoadAllSchool][00000000-0000-0000-0000-000000000000] LoadAllSchool method called
[09/03/2012 3:38:21 PM][DEBUG][clSchool][LoadAllSchool][00000000-0000-0000-0000-000000000000] Debug LoadAllSchool called
[09/03/2012 3:41:38 PM][INFO][clStaff][LoadStaffDetailsByUserNameAndPassword][00000000-0000-0000-0000-000000000000] Execute LoadStaffDetailsByUserNameAndPassword Method
[09/03/2012 3:41:38 PM][DEBUG][clStaff][LoadStaffDetailsByUserNameAndPassword][00000000-0000-0000-0000-000000000000] Debug LoadStaffDetailsByUserNameAndPassword Method
[09/03/2012 3:41:47 PM][INFO][clStaff][LoadStaffDetailsByUserNameAndPassword][00000000-0000-0000-0000-000000000000] Execute LoadStaffDetailsByUserNameAndPassword Method
[09/03/2012 3:41:47 PM][DEBUG][clStaff][LoadStaffDetailsByUserNameAndPassword][00000000-0000-0000-0000-000000000000] Debug LoadStaffDetailsByUserNameAndPassword Method
[09/03/2012 3:41:55 PM][INFO][clStaff][LoadStaffDetailsByUserNameAndPassword][00000000-0000-0000-0000-000000000000] Execute LoadStaffDetailsByUserNameAndPassword Method
[09/03/2012 3:41:55 PM][DEBUG][clStaff][LoadStaffDetailsByUserNameAndPassword][00000000-0000-0000-0000-000000000000] Debug LoadStaffDetailsByUserNameAndPassword Method
[09/03/2012 3:42:02 PM][INFO][clStaff][LoadStaffDetailsByUserNameAndPassword][00000000-0000-0000-0000-000000000000] Execute LoadStaffDetailsByUserNameAndPassword Method
[09/03/2012 3:42:02 PM][DEBUG][clStaff][LoadStaffDetailsByUserNameAndPassword][00000000-0000-0000-0000-000000000000] Debug LoadStaffDetailsByUserNameAndPassword Method
[09/03/2012 3:42:09 PM][INFO][clStaff][LoadStaffDetailsByUserNameAndPassword][00000000-0000-0000-0000-000000000000] Execute LoadStaffDetailsByUserNameAndPassword Method
[09/03/2012 3:42:09 PM][DEBUG][clStaff][LoadStaffDetailsByUserNameAndPassword][00000000-0000-0000-0000-000000000000] Debug LoadStaffDetailsByUserNameAndPassword Method
[09/03/2012 3:42:14 PM][INFO][clSchoolYear][LoadAllSchoolYear][00000000-0000-0000-0000-000000000000] Execute LoadAllSchoolYear Method
[09/03/2012 3:42:14 PM][DEBUG][clSchoolYear][LoadAllSchoolYear][00000000-0000-0000-0000-000000000000] Debug LoadAllSchoolYear Method
[09/03/2012 3:42:18 PM][INFO][clChildList][LoadChildAttendanceHistoryList][00000000-0000-0000-0000-000000000000] LoadChildAttendanceHistoryList method called
[09/03/2012 3:42:18 PM][DEBUG][clFamilyPayment][LoadChildAttendanceHistoryList][00000000-0000-0000-0000-000000000000] Debug LoadChildAttendanceHistoryList called
[09/03/2012 3:42:18 PM][INFO][clSchoolYear][LoadAllSchoolYear][00000000-0000-0000-0000-000000000000] Execute LoadAllSchoolYear Method
[09/03/2012 3:42:18 PM][DEBUG][clSchoolYear][LoadAllSchoolYear][00000000-0000-0000-0000-000000000000] Debug LoadAllSchoolYear Method
[09/03/2012 3:42:26 PM][INFO][clChildList][LoadChildAttendanceHistoryList][00000000-0000-0000-0000-000000000000] LoadChildAttendanceHistoryList method called
[09/03/2012 3:42:26 PM][DEBUG][clFamilyPayment][LoadChildAttendanceHistoryList][00000000-0000-0000-0000-000000000000] Debug LoadChildAttendanceHistoryList called
[09/03/2012 5:48:25 PM][INFO][clSchool][LoadAllSchool][00000000-0000-0000-0000-000000000000] LoadAllSchool method called
[09/03/2012 5:48:25 PM][DEBUG][clSchool][LoadAllSchool][00000000-0000-0000-0000-000000000000] Debug LoadAllSchool called
[09/03/2012 5:48:42 PM][INFO][clStaff][LoadStaffDetailsByUserNameAndPassword][00000000-0000-0000-0000-000000000000] Execute LoadStaffDetailsByUserNameAndPassword Method
[09/03/2012 5:48:42 PM][DEBUG][clStaff][LoadStaffDetailsByUserNameAndPassword][00000000-0000-0000-0000-000000000000] Debug LoadStaffDetailsByUserNameAndPassword Method
[09/03/2012 5:48:49 PM][INFO][clSchoolYear][LoadAllSchoolYear][00000000-0000-0000-0000-000000000000] Execute LoadAllSchoolYear Method
[09/03/2012 5:48:49 PM][DEBUG][clSchoolYear][LoadAllSchoolYear][00000000-0000-0000-0000-000000000000] Debug LoadAllSchoolYear Method
[09/03/2012 5:48:54 PM][INFO][clChildList][LoadChildAttendanceHistoryList][00000000-0000-0000-0000-000000000000] LoadChildAttendanceHistoryList method called
[09/03/2012 5:48:54 PM][DEBUG][clFamilyPayment][LoadChildAttendanceHistoryList][00000000-0000-0000-0000-000000000000] Debug LoadChildAttendanceHistoryList called
[09/03/2012 5:48:57 PM][INFO][clSchoolYear][LoadAllSchoolYear][00000000-0000-0000-0000-000000000000] Execute LoadAllSchoolYear Method
[09/03/2012 5:48:57 PM][DEBUG][clSchoolYear][LoadAllSchoolYear][00000000-0000-0000-0000-000000000000] Debug LoadAllSchoolYear Method
[09/03/2012 5:49:04 PM][INFO][clChildList][LoadChildAttendanceHistoryList][00000000-0000-0000-0000-000000000000] LoadChildAttendanceHistoryList method called
[09/03/2012 5:49:04 PM][DEBUG][clFamilyPayment][LoadChildAttendanceHistoryList][00000000-0000-0000-0000-000000000000] Debug LoadChildAttendanceHistoryList called
[09/03/2012 6:14:24 PM][INFO][clSchool][LoadAllSchool][00000000-0000-0000-0000-000000000000] LoadAllSchool method called
[09/03/2012 6:14:24 PM][DEBUG][clSchool][LoadAllSchool][00000000-0000-0000-0000-000000000000] Debug LoadAllSchool called
