[09/11/2012 2:45:20 PM][INFO][clSchool][LoadAllSchool][00000000-0000-0000-0000-000000000000] LoadAllSchool method called
[09/11/2012 2:45:21 PM][DEBUG][clSchool][LoadAllSchool][00000000-0000-0000-0000-000000000000] Debug LoadAllSchool called
[09/11/2012 2:45:42 PM][INFO][clStaff][LoadStaffDetailsByUserNameAndPassword][00000000-0000-0000-0000-000000000000] Execute LoadStaffDetailsByUserNameAndPassword Method
[09/11/2012 2:45:42 PM][DEBUG][clStaff][LoadStaffDetailsByUserNameAndPassword][00000000-0000-0000-0000-000000000000] Debug LoadStaffDetailsByUserNameAndPassword Method
[09/11/2012 2:45:46 PM][INFO][clSchoolYear][LoadAllSchoolYear][00000000-0000-0000-0000-000000000000] Execute LoadAllSchoolYear Method
[09/11/2012 2:45:46 PM][DEBUG][clSchoolYear][LoadAllSchoolYear][00000000-0000-0000-0000-000000000000] Debug LoadAllSchoolYear Method
[09/11/2012 2:45:53 PM][INFO][clSchoolYear][LoadAllSchoolYear][00000000-0000-0000-0000-000000000000] Execute LoadAllSchoolYear Method
[09/11/2012 2:45:53 PM][DEBUG][clSchoolYear][LoadAllSchoolYear][00000000-0000-0000-0000-000000000000] Debug LoadAllSchoolYear Method
[09/11/2012 2:47:01 PM][INFO][clSchool][LoadAllSchool][00000000-0000-0000-0000-000000000000] LoadAllSchool method called
[09/11/2012 2:47:01 PM][DEBUG][clSchool][LoadAllSchool][00000000-0000-0000-0000-000000000000] Debug LoadAllSchool called
[09/11/2012 2:47:09 PM][INFO][clStaff][LoadStaffDetailsByUserNameAndPassword][00000000-0000-0000-0000-000000000000] Execute LoadStaffDetailsByUserNameAndPassword Method
[09/11/2012 2:47:09 PM][DEBUG][clStaff][LoadStaffDetailsByUserNameAndPassword][00000000-0000-0000-0000-000000000000] Debug LoadStaffDetailsByUserNameAndPassword Method
[09/11/2012 2:47:09 PM][INFO][clSchoolYear][LoadAllSchoolYear][00000000-0000-0000-0000-000000000000] Execute LoadAllSchoolYear Method
[09/11/2012 2:47:09 PM][DEBUG][clSchoolYear][LoadAllSchoolYear][00000000-0000-0000-0000-000000000000] Debug LoadAllSchoolYear Method
[09/11/2012 2:47:16 PM][INFO][clSchoolYear][LoadAllSchoolYear][00000000-0000-0000-0000-000000000000] Execute LoadAllSchoolYear Method
[09/11/2012 2:47:16 PM][DEBUG][clSchoolYear][LoadAllSchoolYear][00000000-0000-0000-0000-000000000000] Debug LoadAllSchoolYear Method
[09/11/2012 2:47:30 PM][INFO][clSchoolYear][LoadAllSchoolYear][00000000-0000-0000-0000-000000000000] Execute LoadAllSchoolYear Method
[09/11/2012 2:47:30 PM][DEBUG][clSchoolYear][LoadAllSchoolYear][00000000-0000-0000-0000-000000000000] Debug LoadAllSchoolYear Method
[09/11/2012 2:47:39 PM][INFO][Ledger][GetChildProgEnrollmentFeeDetail][00000000-0000-0000-0000-000000000000] GetChildProgEnrollmentFeeDetail method called
[09/11/2012 2:47:39 PM][DEBUG][Ledger][GetChildProgEnrollmentFeeDetail][00000000-0000-0000-0000-000000000000] Debug GetChildProgEnrollmentFeeDetail called
[09/11/2012 2:47:40 PM][INFO][clLedger][GetChildProgEnrollmentFeeDetail][00000000-0000-0000-0000-000000000000] GetChildProgEnrollmentFeeDetail method called
[09/11/2012 2:47:40 PM][DEBUG][clLedger][GetChildProgEnrollmentFeeDetail][00000000-0000-0000-0000-000000000000] Debug GetChildProgEnrollmentFeeDetail called
[09/11/2012 2:47:40 PM][INFO][clLedger][GetLastTransactionDate][00000000-0000-0000-0000-000000000000] GetLastTransactionDate method called
[09/11/2012 2:47:40 PM][DEBUG][clLedger][GetLastTransactionDate][00000000-0000-0000-0000-000000000000] Debug GetLastTransactionDate called
[09/11/2012 2:47:40 PM][INFO][clLedger][GetLastTransactionDate][00000000-0000-0000-0000-000000000000] GetLastTransactionDate method called
[09/11/2012 2:47:40 PM][DEBUG][clLedger][GetLastTransactionDate][00000000-0000-0000-0000-000000000000] Debug GetLastTransactionDate called
[09/11/2012 2:47:40 PM][INFO][clLedger][GetLastTransactionDate][00000000-0000-0000-0000-000000000000] GetLastTransactionDate method called
[09/11/2012 2:47:40 PM][DEBUG][clLedger][GetLastTransactionDate][00000000-0000-0000-0000-000000000000] Debug GetLastTransactionDate called
[09/11/2012 2:47:40 PM][INFO][clLedger][GetLastTransactionDate][00000000-0000-0000-0000-000000000000] GetLastTransactionDate method called
[09/11/2012 2:47:40 PM][DEBUG][clLedger][GetLastTransactionDate][00000000-0000-0000-0000-000000000000] Debug GetLastTransactionDate called
[09/11/2012 2:47:40 PM][INFO][clLedger][GetLastTransactionDate][00000000-0000-0000-0000-000000000000] GetLastTransactionDate method called
[09/11/2012 2:47:40 PM][DEBUG][clLedger][GetLastTransactionDate][00000000-0000-0000-0000-000000000000] Debug GetLastTransactionDate called
[09/11/2012 2:47:40 PM][INFO][clLedger][GetLastTransactionDate][00000000-0000-0000-0000-000000000000] GetLastTransactionDate method called
[09/11/2012 2:47:40 PM][DEBUG][clLedger][GetLastTransactionDate][00000000-0000-0000-0000-000000000000] Debug GetLastTransactionDate called
[09/11/2012 2:47:40 PM][INFO][clLedger][GetLastTransactionDate][00000000-0000-0000-0000-000000000000] GetLastTransactionDate method called
[09/11/2012 2:47:40 PM][DEBUG][clLedger][GetLastTransactionDate][00000000-0000-0000-0000-000000000000] Debug GetLastTransactionDate called
[09/11/2012 2:47:40 PM][INFO][clLedger][GetLastTransactionDate][00000000-0000-0000-0000-000000000000] GetLastTransactionDate method called
[09/11/2012 2:47:40 PM][DEBUG][clLedger][GetLastTransactionDate][00000000-0000-0000-0000-000000000000] Debug GetLastTransactionDate called
[09/11/2012 2:47:40 PM][INFO][clLedger][GetLastTransactionDate][00000000-0000-0000-0000-000000000000] GetLastTransactionDate method called
[09/11/2012 2:47:40 PM][DEBUG][clLedger][GetLastTransactionDate][00000000-0000-0000-0000-000000000000] Debug GetLastTransactionDate called
[09/11/2012 2:47:40 PM][INFO][clLedger][GetLastTransactionDate][00000000-0000-0000-0000-000000000000] GetLastTransactionDate method called
[09/11/2012 2:47:40 PM][DEBUG][clLedger][GetLastTransactionDate][00000000-0000-0000-0000-000000000000] Debug GetLastTransactionDate called
[09/11/2012 2:47:40 PM][INFO][clLedger][GetLastTransactionDate][00000000-0000-0000-0000-000000000000] GetLastTransactionDate method called
[09/11/2012 2:47:40 PM][DEBUG][clLedger][GetLastTransactionDate][00000000-0000-0000-0000-000000000000] Debug GetLastTransactionDate called
[09/11/2012 2:47:40 PM][INFO][clLedger][GetLastTransactionDate][00000000-0000-0000-0000-000000000000] GetLastTransactionDate method called
[09/11/2012 2:47:40 PM][DEBUG][clLedger][GetLastTransactionDate][00000000-0000-0000-0000-000000000000] Debug GetLastTransactionDate called
[09/11/2012 2:47:40 PM][INFO][clLedger][GetLastTransactionDate][00000000-0000-0000-0000-000000000000] GetLastTransactionDate method called
[09/11/2012 2:47:40 PM][DEBUG][clLedger][GetLastTransactionDate][00000000-0000-0000-0000-000000000000] Debug GetLastTransactionDate called
[09/11/2012 2:47:40 PM][INFO][clLedger][GetLastTransactionDate][00000000-0000-0000-0000-000000000000] GetLastTransactionDate method called
[09/11/2012 2:47:40 PM][DEBUG][clLedger][GetLastTransactionDate][00000000-0000-0000-0000-000000000000] Debug GetLastTransactionDate called
[09/11/2012 2:47:40 PM][INFO][clLedger][GetLastTransactionDate][00000000-0000-0000-0000-000000000000] GetLastTransactionDate method called
[09/11/2012 2:47:40 PM][DEBUG][clLedger][GetLastTransactionDate][00000000-0000-0000-0000-000000000000] Debug GetLastTransactionDate called
[09/11/2012 2:47:40 PM][INFO][clLedger][GetLastTransactionDate][00000000-0000-0000-0000-000000000000] GetLastTransactionDate method called
[09/11/2012 2:47:40 PM][DEBUG][clLedger][GetLastTransactionDate][00000000-0000-0000-0000-000000000000] Debug GetLastTransactionDate called
[09/11/2012 2:47:40 PM][INFO][clLedger][GetLastTransactionDate][00000000-0000-0000-0000-000000000000] GetLastTransactionDate method called
[09/11/2012 2:47:40 PM][DEBUG][clLedger][GetLastTransactionDate][00000000-0000-0000-0000-000000000000] Debug GetLastTransactionDate called
[09/11/2012 2:47:40 PM][INFO][clLedger][GetLastTransactionDate][00000000-0000-0000-0000-000000000000] GetLastTransactionDate method called
[09/11/2012 2:47:40 PM][DEBUG][clLedger][GetLastTransactionDate][00000000-0000-0000-0000-000000000000] Debug GetLastTransactionDate called
[09/11/2012 2:47:40 PM][INFO][clLedger][GetLastTransactionDate][00000000-0000-0000-0000-000000000000] GetLastTransactionDate method called
[09/11/2012 2:47:40 PM][DEBUG][clLedger][GetLastTransactionDate][00000000-0000-0000-0000-000000000000] Debug GetLastTransactionDate called
[09/11/2012 2:47:40 PM][INFO][clLedger][GetLastTransactionDate][00000000-0000-0000-0000-000000000000] GetLastTransactionDate method called
[09/11/2012 2:47:40 PM][DEBUG][clLedger][GetLastTransactionDate][00000000-0000-0000-0000-000000000000] Debug GetLastTransactionDate called
[09/11/2012 2:47:40 PM][INFO][clLedger][GetLastTransactionDate][00000000-0000-0000-0000-000000000000] GetLastTransactionDate method called
[09/11/2012 2:47:40 PM][DEBUG][clLedger][GetLastTransactionDate][00000000-0000-0000-0000-000000000000] Debug GetLastTransactionDate called
[09/11/2012 2:47:40 PM][INFO][clLedger][GetLastTransactionDate][00000000-0000-0000-0000-000000000000] GetLastTransactionDate method called
[09/11/2012 2:47:40 PM][DEBUG][clLedger][GetLastTransactionDate][00000000-0000-0000-0000-000000000000] Debug GetLastTransactionDate called
[09/11/2012 2:47:40 PM][INFO][clLedger][GetLastTransactionDate][00000000-0000-0000-0000-000000000000] GetLastTransactionDate method called
[09/11/2012 2:47:40 PM][DEBUG][clLedger][GetLastTransactionDate][00000000-0000-0000-0000-000000000000] Debug GetLastTransactionDate called
[09/11/2012 2:47:40 PM][INFO][clLedger][GetLastTransactionDate][00000000-0000-0000-0000-000000000000] GetLastTransactionDate method called
[09/11/2012 2:47:40 PM][DEBUG][clLedger][GetLastTransactionDate][00000000-0000-0000-0000-000000000000] Debug GetLastTransactionDate called
[09/11/2012 2:47:40 PM][INFO][clLedger][GetLastTransactionDate][00000000-0000-0000-0000-000000000000] GetLastTransactionDate method called
[09/11/2012 2:47:40 PM][DEBUG][clLedger][GetLastTransactionDate][00000000-0000-0000-0000-000000000000] Debug GetLastTransactionDate called
[09/11/2012 2:47:40 PM][INFO][clLedger][GetLastTransactionDate][00000000-0000-0000-0000-000000000000] GetLastTransactionDate method called
[09/11/2012 2:47:40 PM][DEBUG][clLedger][GetLastTransactionDate][00000000-0000-0000-0000-000000000000] Debug GetLastTransactionDate called
[09/11/2012 2:47:40 PM][INFO][clLedger][GetLastTransactionDate][00000000-0000-0000-0000-000000000000] GetLastTransactionDate method called
[09/11/2012 2:47:40 PM][DEBUG][clLedger][GetLastTransactionDate][00000000-0000-0000-0000-000000000000] Debug GetLastTransactionDate called
[09/11/2012 2:47:40 PM][INFO][clLedger][GetLastTransactionDate][00000000-0000-0000-0000-000000000000] GetLastTransactionDate method called
[09/11/2012 2:47:40 PM][DEBUG][clLedger][GetLastTransactionDate][00000000-0000-0000-0000-000000000000] Debug GetLastTransactionDate called
[09/11/2012 2:47:40 PM][INFO][clLedger][GetLastTransactionDate][00000000-0000-0000-0000-000000000000] GetLastTransactionDate method called
[09/11/2012 2:47:40 PM][DEBUG][clLedger][GetLastTransactionDate][00000000-0000-0000-0000-000000000000] Debug GetLastTransactionDate called
[09/11/2012 2:47:40 PM][INFO][clLedger][GetLastTransactionDate][00000000-0000-0000-0000-000000000000] GetLastTransactionDate method called
[09/11/2012 2:47:40 PM][DEBUG][clLedger][GetLastTransactionDate][00000000-0000-0000-0000-000000000000] Debug GetLastTransactionDate called
[09/11/2012 2:47:40 PM][INFO][clLedger][GetLastTransactionDate][00000000-0000-0000-0000-000000000000] GetLastTransactionDate method called
[09/11/2012 2:47:40 PM][DEBUG][clLedger][GetLastTransactionDate][00000000-0000-0000-0000-000000000000] Debug GetLastTransactionDate called
[09/11/2012 2:47:40 PM][INFO][clLedger][GetLastTransactionDate][00000000-0000-0000-0000-000000000000] GetLastTransactionDate method called
[09/11/2012 2:47:40 PM][DEBUG][clLedger][GetLastTransactionDate][00000000-0000-0000-0000-000000000000] Debug GetLastTransactionDate called
[09/11/2012 2:47:40 PM][INFO][clLedger][GetLastTransactionDate][00000000-0000-0000-0000-000000000000] GetLastTransactionDate method called
[09/11/2012 2:47:41 PM][DEBUG][clLedger][GetLastTransactionDate][00000000-0000-0000-0000-000000000000] Debug GetLastTransactionDate called
[09/11/2012 2:47:41 PM][INFO][clLedger][GetLastTransactionDate][00000000-0000-0000-0000-000000000000] GetLastTransactionDate method called
[09/11/2012 2:47:41 PM][DEBUG][clLedger][GetLastTransactionDate][00000000-0000-0000-0000-000000000000] Debug GetLastTransactionDate called
[09/11/2012 2:47:41 PM][INFO][clLedger][GetLastTransactionDate][00000000-0000-0000-0000-000000000000] GetLastTransactionDate method called
[09/11/2012 2:47:41 PM][DEBUG][clLedger][GetLastTransactionDate][00000000-0000-0000-0000-000000000000] Debug GetLastTransactionDate called
[09/11/2012 2:47:41 PM][INFO][clLedger][GetLastTransactionDate][00000000-0000-0000-0000-000000000000] GetLastTransactionDate method called
[09/11/2012 2:47:41 PM][DEBUG][clLedger][GetLastTransactionDate][00000000-0000-0000-0000-000000000000] Debug GetLastTransactionDate called
[09/11/2012 2:47:41 PM][INFO][clLedger][GetLastTransactionDate][00000000-0000-0000-0000-000000000000] GetLastTransactionDate method called
[09/11/2012 2:47:41 PM][DEBUG][clLedger][GetLastTransactionDate][00000000-0000-0000-0000-000000000000] Debug GetLastTransactionDate called
[09/11/2012 2:47:41 PM][INFO][clLedger][GetLastTransactionDate][00000000-0000-0000-0000-000000000000] GetLastTransactionDate method called
[09/11/2012 2:47:41 PM][DEBUG][clLedger][GetLastTransactionDate][00000000-0000-0000-0000-000000000000] Debug GetLastTransactionDate called
[09/11/2012 2:47:41 PM][INFO][clLedger][GetLastTransactionDate][00000000-0000-0000-0000-000000000000] GetLastTransactionDate method called
[09/11/2012 2:47:41 PM][DEBUG][clLedger][GetLastTransactionDate][00000000-0000-0000-0000-000000000000] Debug GetLastTransactionDate called
[09/11/2012 2:47:41 PM][INFO][clLedger][GetLastTransactionDate][00000000-0000-0000-0000-000000000000] GetLastTransactionDate method called
[09/11/2012 2:47:41 PM][DEBUG][clLedger][GetLastTransactionDate][00000000-0000-0000-0000-000000000000] Debug GetLastTransactionDate called
[09/11/2012 2:47:41 PM][INFO][clLedger][GetLastTransactionDate][00000000-0000-0000-0000-000000000000] GetLastTransactionDate method called
[09/11/2012 2:47:41 PM][DEBUG][clLedger][GetLastTransactionDate][00000000-0000-0000-0000-000000000000] Debug GetLastTransactionDate called
[09/11/2012 2:47:41 PM][INFO][clLedger][GetLastTransactionDate][00000000-0000-0000-0000-000000000000] GetLastTransactionDate method called
[09/11/2012 2:47:41 PM][DEBUG][clLedger][GetLastTransactionDate][00000000-0000-0000-0000-000000000000] Debug GetLastTransactionDate called
[09/11/2012 2:47:41 PM][INFO][clLedger][GetLastTransactionDate][00000000-0000-0000-0000-000000000000] GetLastTransactionDate method called
[09/11/2012 2:47:41 PM][DEBUG][clLedger][GetLastTransactionDate][00000000-0000-0000-0000-000000000000] Debug GetLastTransactionDate called
[09/11/2012 2:47:41 PM][INFO][clLedger][GetLastTransactionDate][00000000-0000-0000-0000-000000000000] GetLastTransactionDate method called
[09/11/2012 2:47:41 PM][DEBUG][clLedger][GetLastTransactionDate][00000000-0000-0000-0000-000000000000] Debug GetLastTransactionDate called
[09/11/2012 2:47:41 PM][INFO][clLedger][GetLastTransactionDate][00000000-0000-0000-0000-000000000000] GetLastTransactionDate method called
[09/11/2012 2:47:41 PM][DEBUG][clLedger][GetLastTransactionDate][00000000-0000-0000-0000-000000000000] Debug GetLastTransactionDate called
[09/11/2012 2:47:41 PM][INFO][clLedger][GetLastTransactionDate][00000000-0000-0000-0000-000000000000] GetLastTransactionDate method called
[09/11/2012 2:47:41 PM][DEBUG][clLedger][GetLastTransactionDate][00000000-0000-0000-0000-000000000000] Debug GetLastTransactionDate called
[09/11/2012 2:47:41 PM][INFO][clLedger][GetLastTransactionDate][00000000-0000-0000-0000-000000000000] GetLastTransactionDate method called
[09/11/2012 2:47:41 PM][DEBUG][clLedger][GetLastTransactionDate][00000000-0000-0000-0000-000000000000] Debug GetLastTransactionDate called
[09/11/2012 2:47:41 PM][INFO][clLedger][GetLastTransactionDate][00000000-0000-0000-0000-000000000000] GetLastTransactionDate method called
[09/11/2012 2:47:41 PM][DEBUG][clLedger][GetLastTransactionDate][00000000-0000-0000-0000-000000000000] Debug GetLastTransactionDate called
[09/11/2012 2:47:41 PM][INFO][clLedger][GetLastTransactionDate][00000000-0000-0000-0000-000000000000] GetLastTransactionDate method called
[09/11/2012 2:47:41 PM][DEBUG][clLedger][GetLastTransactionDate][00000000-0000-0000-0000-000000000000] Debug GetLastTransactionDate called
[09/11/2012 2:47:41 PM][INFO][clLedger][GetLastTransactionDate][00000000-0000-0000-0000-000000000000] GetLastTransactionDate method called
[09/11/2012 2:47:41 PM][DEBUG][clLedger][GetLastTransactionDate][00000000-0000-0000-0000-000000000000] Debug GetLastTransactionDate called
[09/11/2012 2:47:41 PM][INFO][clLedger][GetLastTransactionDate][00000000-0000-0000-0000-000000000000] GetLastTransactionDate method called
[09/11/2012 2:47:41 PM][DEBUG][clLedger][GetLastTransactionDate][00000000-0000-0000-0000-000000000000] Debug GetLastTransactionDate called
[09/11/2012 2:47:41 PM][INFO][clLedger][GetLastTransactionDate][00000000-0000-0000-0000-000000000000] GetLastTransactionDate method called
[09/11/2012 2:47:41 PM][DEBUG][clLedger][GetLastTransactionDate][00000000-0000-0000-0000-000000000000] Debug GetLastTransactionDate called
[09/11/2012 2:47:41 PM][INFO][clLedger][GetLastTransactionDate][00000000-0000-0000-0000-000000000000] GetLastTransactionDate method called
[09/11/2012 2:47:41 PM][DEBUG][clLedger][GetLastTransactionDate][00000000-0000-0000-0000-000000000000] Debug GetLastTransactionDate called
[09/11/2012 2:47:41 PM][INFO][clLedger][GetLastTransactionDate][00000000-0000-0000-0000-000000000000] GetLastTransactionDate method called
[09/11/2012 2:47:41 PM][DEBUG][clLedger][GetLastTransactionDate][00000000-0000-0000-0000-000000000000] Debug GetLastTransactionDate called
[09/11/2012 2:47:41 PM][INFO][clLedger][GetLastTransactionDate][00000000-0000-0000-0000-000000000000] GetLastTransactionDate method called
[09/11/2012 2:47:41 PM][DEBUG][clLedger][GetLastTransactionDate][00000000-0000-0000-0000-000000000000] Debug GetLastTransactionDate called
[09/11/2012 2:47:41 PM][INFO][clLedger][GetLastTransactionDate][00000000-0000-0000-0000-000000000000] GetLastTransactionDate method called
[09/11/2012 2:47:41 PM][DEBUG][clLedger][GetLastTransactionDate][00000000-0000-0000-0000-000000000000] Debug GetLastTransactionDate called
[09/11/2012 2:47:41 PM][INFO][clLedger][GetLastTransactionDate][00000000-0000-0000-0000-000000000000] GetLastTransactionDate method called
[09/11/2012 2:47:41 PM][DEBUG][clLedger][GetLastTransactionDate][00000000-0000-0000-0000-000000000000] Debug GetLastTransactionDate called
[09/11/2012 2:47:41 PM][INFO][clSchoolYear][LoadAllSchoolYear][00000000-0000-0000-0000-000000000000] Execute LoadAllSchoolYear Method
[09/11/2012 2:47:41 PM][DEBUG][clSchoolYear][LoadAllSchoolYear][00000000-0000-0000-0000-000000000000] Debug LoadAllSchoolYear Method
[09/11/2012 2:47:41 PM][INFO][clSchool][LoadSchoolInfo][00000000-0000-0000-0000-000000000000] LoadSchoolInfo method called
[09/11/2012 2:47:41 PM][DEBUG][clSchool][LoadSchoolInfo][00000000-0000-0000-0000-000000000000] Debug LoadSchoolInfo called
[09/11/2012 2:47:41 PM][INFO][clLedgerOfFamily][LoadChildFamily][00000000-0000-0000-0000-000000000000] Execute LoadChildFamily Method
[09/11/2012 2:47:41 PM][DEBUG][clLedgerOfFamily][LoadChildFamily][00000000-0000-0000-0000-000000000000] Debug LoadChildFamily Method
[09/11/2012 2:47:48 PM][INFO][clSchoolYear][LoadAllSchoolYear][00000000-0000-0000-0000-000000000000] Execute LoadAllSchoolYear Method
[09/11/2012 2:47:48 PM][DEBUG][clSchoolYear][LoadAllSchoolYear][00000000-0000-0000-0000-000000000000] Debug LoadAllSchoolYear Method
