[09/07/2012 10:28:50 AM][INFO][clSchool][LoadAllSchool][00000000-0000-0000-0000-000000000000] LoadAllSchool method called
[09/07/2012 10:28:50 AM][DEBUG][clSchool][LoadAllSchool][00000000-0000-0000-0000-000000000000] Debug LoadAllSchool called
[09/07/2012 10:29:59 AM][INFO][clStaff][LoadStaffDetailsByUserNameAndPassword][00000000-0000-0000-0000-000000000000] Execute LoadStaffDetailsByUserNameAndPassword Method
[09/07/2012 10:29:59 AM][DEBUG][clStaff][LoadStaffDetailsByUserNameAndPassword][00000000-0000-0000-0000-000000000000] Debug LoadStaffDetailsByUserNameAndPassword Method
[09/07/2012 10:30:06 AM][INFO][clStaff][LoadStaffDetailsByUserNameAndPassword][00000000-0000-0000-0000-000000000000] Execute LoadStaffDetailsByUserNameAndPassword Method
[09/07/2012 10:30:06 AM][DEBUG][clStaff][LoadStaffDetailsByUserNameAndPassword][00000000-0000-0000-0000-000000000000] Debug LoadStaffDetailsByUserNameAndPassword Method
[09/07/2012 10:30:11 AM][INFO][clSchoolYear][LoadAllSchoolYear][00000000-0000-0000-0000-000000000000] Execute LoadAllSchoolYear Method
[09/07/2012 10:30:11 AM][DEBUG][clSchoolYear][LoadAllSchoolYear][00000000-0000-0000-0000-000000000000] Debug LoadAllSchoolYear Method
[09/07/2012 10:30:51 AM][INFO][clSchoolYear][LoadAllSchoolYear][00000000-0000-0000-0000-000000000000] Execute LoadAllSchoolYear Method
[09/07/2012 10:30:51 AM][DEBUG][clSchoolYear][LoadAllSchoolYear][00000000-0000-0000-0000-000000000000] Debug LoadAllSchoolYear Method
[09/07/2012 10:30:52 AM][INFO][clSchoolProgram][LoadSchoolProgram][00000000-0000-0000-0000-000000000000] Execute LoadSchoolProgram Method
[09/07/2012 10:30:53 AM][DEBUG][clSchoolProgram][LoadSchoolProgram][00000000-0000-0000-0000-000000000000] Debug LoadSchoolProgram Method
[09/07/2012 10:30:54 AM][INFO][clChildProgEnrollment][Save][00000000-0000-0000-0000-000000000000] Execute Save Method
[09/07/2012 10:30:54 AM][DEBUG][clChildProgEnrollment][LoadChildFamily][00000000-0000-0000-0000-000000000000] Debug LoadChildFamily Method
[09/07/2012 10:30:54 AM][INFO][clChildProgEnrollment][Save][00000000-0000-0000-0000-000000000000] Execute Save Method
[09/07/2012 10:30:54 AM][DEBUG][clChildProgEnrollment][LoadChildFamily][00000000-0000-0000-0000-000000000000] Debug LoadChildFamily Method
[09/07/2012 10:30:54 AM][INFO][clChildProgEnrollment][Save][00000000-0000-0000-0000-000000000000] Execute Save Method
[09/07/2012 10:30:54 AM][DEBUG][clChildProgEnrollment][LoadChildFamily][00000000-0000-0000-0000-000000000000] Debug LoadChildFamily Method
[09/07/2012 10:30:55 AM][INFO][clChildProgEnrollment][Save][00000000-0000-0000-0000-000000000000] Execute Save Method
[09/07/2012 10:30:55 AM][DEBUG][clChildProgEnrollment][LoadChildFamily][00000000-0000-0000-0000-000000000000] Debug LoadChildFamily Method
[09/07/2012 10:30:56 AM][INFO][clChildProgEnrollment][Save][00000000-0000-0000-0000-000000000000] Execute Save Method
[09/07/2012 10:30:56 AM][DEBUG][clChildProgEnrollment][LoadChildFamily][00000000-0000-0000-0000-000000000000] Debug LoadChildFamily Method
[09/07/2012 10:30:56 AM][INFO][clChildProgEnrollment][Save][00000000-0000-0000-0000-000000000000] Execute Save Method
[09/07/2012 10:30:56 AM][DEBUG][clChildProgEnrollment][LoadChildFamily][00000000-0000-0000-0000-000000000000] Debug LoadChildFamily Method
[09/07/2012 10:30:57 AM][INFO][clChildProgEnrollment][Save][00000000-0000-0000-0000-000000000000] Execute Save Method
[09/07/2012 10:30:57 AM][DEBUG][clChildProgEnrollment][LoadChildFamily][00000000-0000-0000-0000-000000000000] Debug LoadChildFamily Method
[09/07/2012 10:30:57 AM][INFO][clChildProgEnrollment][Save][00000000-0000-0000-0000-000000000000] Execute Save Method
[09/07/2012 10:30:57 AM][DEBUG][clChildProgEnrollment][LoadChildFamily][00000000-0000-0000-0000-000000000000] Debug LoadChildFamily Method
[09/07/2012 10:30:57 AM][INFO][clChildProgEnrollment][Save][00000000-0000-0000-0000-000000000000] Execute Save Method
[09/07/2012 10:30:57 AM][DEBUG][clChildProgEnrollment][LoadChildFamily][00000000-0000-0000-0000-000000000000] Debug LoadChildFamily Method
[09/07/2012 10:30:57 AM][INFO][clChildProgEnrollment][Save][00000000-0000-0000-0000-000000000000] Execute Save Method
[09/07/2012 10:30:58 AM][DEBUG][clChildProgEnrollment][LoadChildFamily][00000000-0000-0000-0000-000000000000] Debug LoadChildFamily Method
[09/07/2012 10:30:58 AM][INFO][clChildProgEnrollment][Save][00000000-0000-0000-0000-000000000000] Execute Save Method
[09/07/2012 10:30:58 AM][DEBUG][clChildProgEnrollment][LoadChildFamily][00000000-0000-0000-0000-000000000000] Debug LoadChildFamily Method
[09/07/2012 10:30:58 AM][INFO][clChildProgEnrollment][Save][00000000-0000-0000-0000-000000000000] Execute Save Method
[09/07/2012 10:30:58 AM][DEBUG][clChildProgEnrollment][LoadChildFamily][00000000-0000-0000-0000-000000000000] Debug LoadChildFamily Method
[09/07/2012 10:30:58 AM][INFO][clChildProgEnrollment][Save][00000000-0000-0000-0000-000000000000] Execute Save Method
[09/07/2012 10:30:58 AM][DEBUG][clChildProgEnrollment][LoadChildFamily][00000000-0000-0000-0000-000000000000] Debug LoadChildFamily Method
[09/07/2012 10:30:59 AM][INFO][clChildProgEnrollment][Save][00000000-0000-0000-0000-000000000000] Execute Save Method
[09/07/2012 10:30:59 AM][DEBUG][clChildProgEnrollment][LoadChildFamily][00000000-0000-0000-0000-000000000000] Debug LoadChildFamily Method
[09/07/2012 10:30:59 AM][INFO][clChildProgEnrollment][Save][00000000-0000-0000-0000-000000000000] Execute Save Method
[09/07/2012 10:30:59 AM][DEBUG][clChildProgEnrollment][LoadChildFamily][00000000-0000-0000-0000-000000000000] Debug LoadChildFamily Method
[09/07/2012 10:31:00 AM][INFO][clChildProgEnrollment][Save][00000000-0000-0000-0000-000000000000] Execute Save Method
[09/07/2012 10:31:00 AM][DEBUG][clChildProgEnrollment][LoadChildFamily][00000000-0000-0000-0000-000000000000] Debug LoadChildFamily Method
[09/07/2012 10:31:00 AM][INFO][clChildProgEnrollment][Save][00000000-0000-0000-0000-000000000000] Execute Save Method
[09/07/2012 10:31:00 AM][DEBUG][clChildProgEnrollment][LoadChildFamily][00000000-0000-0000-0000-000000000000] Debug LoadChildFamily Method
[09/07/2012 10:31:00 AM][INFO][clChildProgEnrollment][Save][00000000-0000-0000-0000-000000000000] Execute Save Method
[09/07/2012 10:31:00 AM][DEBUG][clChildProgEnrollment][LoadChildFamily][00000000-0000-0000-0000-000000000000] Debug LoadChildFamily Method
[09/07/2012 10:31:01 AM][INFO][clChildProgEnrollment][Save][00000000-0000-0000-0000-000000000000] Execute Save Method
[09/07/2012 10:31:01 AM][DEBUG][clChildProgEnrollment][LoadChildFamily][00000000-0000-0000-0000-000000000000] Debug LoadChildFamily Method
[09/07/2012 10:31:01 AM][INFO][clChildProgEnrollment][Save][00000000-0000-0000-0000-000000000000] Execute Save Method
[09/07/2012 10:31:01 AM][DEBUG][clChildProgEnrollment][LoadChildFamily][00000000-0000-0000-0000-000000000000] Debug LoadChildFamily Method
[09/07/2012 10:31:02 AM][INFO][clChildProgEnrollment][Save][00000000-0000-0000-0000-000000000000] Execute Save Method
[09/07/2012 10:31:02 AM][DEBUG][clChildProgEnrollment][LoadChildFamily][00000000-0000-0000-0000-000000000000] Debug LoadChildFamily Method
[09/07/2012 10:31:02 AM][INFO][clChildProgEnrollment][Save][00000000-0000-0000-0000-000000000000] Execute Save Method
[09/07/2012 10:31:02 AM][DEBUG][clChildProgEnrollment][LoadChildFamily][00000000-0000-0000-0000-000000000000] Debug LoadChildFamily Method
[09/07/2012 10:31:03 AM][INFO][clChildProgEnrollment][Save][00000000-0000-0000-0000-000000000000] Execute Save Method
[09/07/2012 10:31:03 AM][DEBUG][clChildProgEnrollment][LoadChildFamily][00000000-0000-0000-0000-000000000000] Debug LoadChildFamily Method
[09/07/2012 10:31:03 AM][INFO][clChildProgEnrollment][Save][00000000-0000-0000-0000-000000000000] Execute Save Method
[09/07/2012 10:31:03 AM][DEBUG][clChildProgEnrollment][LoadChildFamily][00000000-0000-0000-0000-000000000000] Debug LoadChildFamily Method
[09/07/2012 10:31:03 AM][INFO][clChildProgEnrollment][Save][00000000-0000-0000-0000-000000000000] Execute Save Method
[09/07/2012 10:31:03 AM][DEBUG][clChildProgEnrollment][LoadChildFamily][00000000-0000-0000-0000-000000000000] Debug LoadChildFamily Method
[09/07/2012 10:31:09 AM][INFO][clSchoolYear][GetCurrentSchoolYear][00000000-0000-0000-0000-000000000000] Execute GetCurrentSchoolYear Method
[09/07/2012 10:31:09 AM][DEBUG][clSchoolYear][GetCurrentSchoolYear][00000000-0000-0000-0000-000000000000] Debug GetCurrentSchoolYear Method
[09/07/2012 10:31:09 AM][INFO][clSchoolYear][LoadAllSchoolYear][00000000-0000-0000-0000-000000000000] Execute LoadAllSchoolYear Method
[09/07/2012 10:31:09 AM][DEBUG][clSchoolYear][LoadAllSchoolYear][00000000-0000-0000-0000-000000000000] Debug LoadAllSchoolYear Method
[09/07/2012 10:31:09 AM][INFO][clChildFamily][LoadChildFamily][00000000-0000-0000-0000-000000000000] Execute LoadChildFamily Method
[09/07/2012 10:31:09 AM][DEBUG][clChildFamily][LoadChildFamily][00000000-0000-0000-0000-000000000000] Debug LoadChildFamily Method
[09/07/2012 10:32:01 AM][INFO][clSchoolYear][LoadAllSchoolYear][00000000-0000-0000-0000-000000000000] Execute LoadAllSchoolYear Method
[09/07/2012 10:32:01 AM][DEBUG][clSchoolYear][LoadAllSchoolYear][00000000-0000-0000-0000-000000000000] Debug LoadAllSchoolYear Method
[09/07/2012 10:32:01 AM][INFO][clUserGroup][LoadUserGroup][00000000-0000-0000-0000-000000000000] Execute LoadUserGroup Method
[09/07/2012 10:32:01 AM][DEBUG][clUserGroup][LoadUserGroup][00000000-0000-0000-0000-000000000000] Debug LoadUserGroup Method
[09/07/2012 10:32:09 AM][INFO][clUserGroup][LoadUserGroup][00000000-0000-0000-0000-000000000000] Execute LoadUserGroup Method
[09/07/2012 10:32:09 AM][DEBUG][clUserGroup][LoadUserGroup][00000000-0000-0000-0000-000000000000] Debug LoadUserGroup Method
[09/07/2012 10:32:10 AM][INFO][clRole][LoadRoles][00000000-0000-0000-0000-000000000000] Execute LoadRoles Method
[09/07/2012 10:32:10 AM][DEBUG][clRole][LoadRoles][00000000-0000-0000-0000-000000000000] Debug LoadRoles Method
[09/07/2012 10:32:18 AM][INFO][clUserGroup][SubmitRecord][00000000-0000-0000-0000-000000000000] Submit record method called
[09/07/2012 10:32:18 AM][INFO][clUserGroup][SubmitRecord][00000000-0000-0000-0000-000000000000] Debug Submit record method called of UserGroup
[09/07/2012 10:32:18 AM][INFO][clUserGroup][CheckDuplicateUserGroupTitle][00000000-0000-0000-0000-000000000000] Execute CheckDuplicateUserGroupTitle Method
[09/07/2012 10:32:18 AM][DEBUG][UserGroup][CheckDuplicateUserGroupTitle][00000000-0000-0000-0000-000000000000] Debug CheckDuplicateUserGroupTitle Method
[09/07/2012 10:32:18 AM][INFO][clUserGroup][Save][00000000-0000-0000-0000-000000000000] Execute Save Method
[09/07/2012 10:32:18 AM][DEBUG][clUserGroup][Save][00000000-0000-0000-0000-000000000000] Debug Save Method
[09/07/2012 10:32:27 AM][INFO][clUserGroup][LoadUserGroup][00000000-0000-0000-0000-000000000000] Execute LoadUserGroup Method
[09/07/2012 10:32:27 AM][DEBUG][clUserGroup][LoadUserGroup][00000000-0000-0000-0000-000000000000] Debug LoadUserGroup Method
[09/07/2012 10:32:28 AM][INFO][clRole][LoadRoles][00000000-0000-0000-0000-000000000000] Execute LoadRoles Method
[09/07/2012 10:32:28 AM][DEBUG][clRole][LoadRoles][00000000-0000-0000-0000-000000000000] Debug LoadRoles Method
[09/07/2012 10:32:38 AM][INFO][clUserGroup][LoadUserGroup][00000000-0000-0000-0000-000000000000] Execute LoadUserGroup Method
[09/07/2012 10:32:38 AM][DEBUG][clUserGroup][LoadUserGroup][00000000-0000-0000-0000-000000000000] Debug LoadUserGroup Method
[09/07/2012 10:32:40 AM][INFO][clRole][LoadRoles][00000000-0000-0000-0000-000000000000] Execute LoadRoles Method
[09/07/2012 10:32:40 AM][DEBUG][clRole][LoadRoles][00000000-0000-0000-0000-000000000000] Debug LoadRoles Method
[09/07/2012 10:32:43 AM][INFO][clUserGroup][SubmitRecord][00000000-0000-0000-0000-000000000000] Submit record method called
[09/07/2012 10:32:43 AM][INFO][clUserGroup][SubmitRecord][00000000-0000-0000-0000-000000000000] Debug Submit record method called of UserGroup
[09/07/2012 10:32:43 AM][INFO][clUserGroup][CheckDuplicateUserGroupTitle][00000000-0000-0000-0000-000000000000] Execute CheckDuplicateUserGroupTitle Method
[09/07/2012 10:32:43 AM][DEBUG][UserGroup][CheckDuplicateUserGroupTitle][00000000-0000-0000-0000-000000000000] Debug CheckDuplicateUserGroupTitle Method
[09/07/2012 10:32:44 AM][INFO][clUserGroup][Save][00000000-0000-0000-0000-000000000000] Execute Save Method
[09/07/2012 10:32:44 AM][DEBUG][clUserGroup][Save][00000000-0000-0000-0000-000000000000] Debug Save Method
[09/07/2012 10:32:45 AM][INFO][clUserGroup][LoadUserGroup][00000000-0000-0000-0000-000000000000] Execute LoadUserGroup Method
[09/07/2012 10:32:45 AM][DEBUG][clUserGroup][LoadUserGroup][00000000-0000-0000-0000-000000000000] Debug LoadUserGroup Method
[09/07/2012 10:32:46 AM][INFO][clRole][LoadRoles][00000000-0000-0000-0000-000000000000] Execute LoadRoles Method
[09/07/2012 10:32:46 AM][DEBUG][clRole][LoadRoles][00000000-0000-0000-0000-000000000000] Debug LoadRoles Method
[09/07/2012 10:43:02 AM][INFO][clSchool][LoadAllSchool][00000000-0000-0000-0000-000000000000] LoadAllSchool method called
[09/07/2012 10:43:02 AM][DEBUG][clSchool][LoadAllSchool][00000000-0000-0000-0000-000000000000] Debug LoadAllSchool called
[09/07/2012 10:43:12 AM][INFO][clStaff][LoadStaffDetailsByUserNameAndPassword][00000000-0000-0000-0000-000000000000] Execute LoadStaffDetailsByUserNameAndPassword Method
[09/07/2012 10:43:12 AM][DEBUG][clStaff][LoadStaffDetailsByUserNameAndPassword][00000000-0000-0000-0000-000000000000] Debug LoadStaffDetailsByUserNameAndPassword Method
[09/07/2012 10:43:13 AM][INFO][clSchoolYear][LoadAllSchoolYear][00000000-0000-0000-0000-000000000000] Execute LoadAllSchoolYear Method
[09/07/2012 10:43:13 AM][DEBUG][clSchoolYear][LoadAllSchoolYear][00000000-0000-0000-0000-000000000000] Debug LoadAllSchoolYear Method
[09/07/2012 10:43:16 AM][INFO][clSchoolYear][LoadAllSchoolYear][00000000-0000-0000-0000-000000000000] Execute LoadAllSchoolYear Method
[09/07/2012 10:43:16 AM][DEBUG][clSchoolYear][LoadAllSchoolYear][00000000-0000-0000-0000-000000000000] Debug LoadAllSchoolYear Method
[09/07/2012 10:43:17 AM][INFO][clUserGroup][LoadUserGroup][00000000-0000-0000-0000-000000000000] Execute LoadUserGroup Method
[09/07/2012 10:43:17 AM][DEBUG][clUserGroup][LoadUserGroup][00000000-0000-0000-0000-000000000000] Debug LoadUserGroup Method
[09/07/2012 10:43:34 AM][INFO][clUserGroup][LoadUserGroup][00000000-0000-0000-0000-000000000000] Execute LoadUserGroup Method
[09/07/2012 10:43:34 AM][DEBUG][clUserGroup][LoadUserGroup][00000000-0000-0000-0000-000000000000] Debug LoadUserGroup Method
[09/07/2012 10:43:36 AM][INFO][clRole][LoadRoles][00000000-0000-0000-0000-000000000000] Execute LoadRoles Method
[09/07/2012 10:43:36 AM][DEBUG][clRole][LoadRoles][00000000-0000-0000-0000-000000000000] Debug LoadRoles Method
[09/07/2012 10:49:08 AM][INFO][clSchool][LoadAllSchool][00000000-0000-0000-0000-000000000000] LoadAllSchool method called
[09/07/2012 10:49:08 AM][DEBUG][clSchool][LoadAllSchool][00000000-0000-0000-0000-000000000000] Debug LoadAllSchool called
[09/07/2012 10:57:50 AM][INFO][clSchool][LoadAllSchool][00000000-0000-0000-0000-000000000000] LoadAllSchool method called
[09/07/2012 10:57:50 AM][INFO][clSchool][LoadAllSchool][00000000-0000-0000-0000-000000000000] LoadAllSchool method called
[09/07/2012 10:57:50 AM][DEBUG][clSchool][LoadAllSchool][00000000-0000-0000-0000-000000000000] Debug LoadAllSchool called
[09/07/2012 10:57:50 AM][DEBUG][clSchool][LoadAllSchool][00000000-0000-0000-0000-000000000000] Debug LoadAllSchool called
[09/07/2012 10:57:59 AM][INFO][clStaff][LoadStaffDetailsByUserNameAndPassword][00000000-0000-0000-0000-000000000000] Execute LoadStaffDetailsByUserNameAndPassword Method
[09/07/2012 10:57:59 AM][DEBUG][clStaff][LoadStaffDetailsByUserNameAndPassword][00000000-0000-0000-0000-000000000000] Debug LoadStaffDetailsByUserNameAndPassword Method
[09/07/2012 10:58:05 AM][INFO][clSchoolYear][LoadAllSchoolYear][00000000-0000-0000-0000-000000000000] Execute LoadAllSchoolYear Method
[09/07/2012 10:58:05 AM][DEBUG][clSchoolYear][LoadAllSchoolYear][00000000-0000-0000-0000-000000000000] Debug LoadAllSchoolYear Method
[09/07/2012 10:58:16 AM][INFO][clSchoolYear][LoadAllSchoolYear][00000000-0000-0000-0000-000000000000] Execute LoadAllSchoolYear Method
[09/07/2012 10:58:16 AM][DEBUG][clSchoolYear][LoadAllSchoolYear][00000000-0000-0000-0000-000000000000] Debug LoadAllSchoolYear Method
[09/07/2012 10:58:17 AM][INFO][clUserGroup][LoadUserGroup][00000000-0000-0000-0000-000000000000] Execute LoadUserGroup Method
[09/07/2012 10:58:17 AM][DEBUG][clUserGroup][LoadUserGroup][00000000-0000-0000-0000-000000000000] Debug LoadUserGroup Method
[09/07/2012 10:58:21 AM][INFO][clUserGroup][LoadUserGroup][00000000-0000-0000-0000-000000000000] Execute LoadUserGroup Method
[09/07/2012 10:58:21 AM][DEBUG][clUserGroup][LoadUserGroup][00000000-0000-0000-0000-000000000000] Debug LoadUserGroup Method
[09/07/2012 10:58:22 AM][INFO][clRole][LoadRoles][00000000-0000-0000-0000-000000000000] Execute LoadRoles Method
[09/07/2012 10:58:22 AM][DEBUG][clRole][LoadRoles][00000000-0000-0000-0000-000000000000] Debug LoadRoles Method
[09/07/2012 10:58:37 AM][INFO][clUserGroup][LoadUserGroup][00000000-0000-0000-0000-000000000000] Execute LoadUserGroup Method
[09/07/2012 10:58:37 AM][DEBUG][clUserGroup][LoadUserGroup][00000000-0000-0000-0000-000000000000] Debug LoadUserGroup Method
