[5/24/2013 09:50:02 AM][INFO][clSchool][LoadAllSchool][00000000-0000-0000-0000-000000000000] LoadAllSchool method called
[5/24/2013 09:50:02 AM][DEBUG][clSchool][LoadAllSchool][00000000-0000-0000-0000-000000000000] Debug LoadAllSchool called
[5/24/2013 09:53:42 AM][INFO][clSchool][LoadAllSchool][00000000-0000-0000-0000-000000000000] LoadAllSchool method called
[5/24/2013 09:53:42 AM][DEBUG][clSchool][LoadAllSchool][00000000-0000-0000-0000-000000000000] Debug LoadAllSchool called
[5/24/2013 10:29:19 AM][INFO][clStaff][LoadStaffDetailsByUserNameAndPassword][00000000-0000-0000-0000-000000000000] Execute LoadStaffDetailsByUserNameAndPassword Method
[5/24/2013 10:29:19 AM][DEBUG][clStaff][LoadStaffDetailsByUserNameAndPassword][00000000-0000-0000-0000-000000000000] Debug LoadStaffDetailsByUserNameAndPassword Method
[5/24/2013 10:29:27 AM][INFO][clSchoolYear][LoadAllSchoolYear][00000000-0000-0000-0000-000000000000] Execute LoadAllSchoolYear Method
[5/24/2013 10:29:27 AM][DEBUG][clSchoolYear][LoadAllSchoolYear][00000000-0000-0000-0000-000000000000] Debug LoadAllSchoolYear Method
[5/24/2013 10:31:49 AM][INFO][clSchoolYear][LoadAllSchoolYear][00000000-0000-0000-0000-000000000000] Execute LoadAllSchoolYear Method
[5/24/2013 10:31:49 AM][DEBUG][clSchoolYear][LoadAllSchoolYear][00000000-0000-0000-0000-000000000000] Debug LoadAllSchoolYear Method
[5/24/2013 10:31:49 AM][INFO][clClassRoom][LoadClassRoom][00000000-0000-0000-0000-000000000000] Execute LoadClassRoom Method
[5/24/2013 10:31:49 AM][DEBUG][clClassRoom][LoadClassRoom][00000000-0000-0000-0000-000000000000] Debug LoadClassRoom Method
[5/24/2013 10:34:35 AM][INFO][clSchool][LoadAllSchool][00000000-0000-0000-0000-000000000000] LoadAllSchool method called
[5/24/2013 10:34:36 AM][DEBUG][clSchool][LoadAllSchool][00000000-0000-0000-0000-000000000000] Debug LoadAllSchool called
[5/24/2013 10:36:06 AM][INFO][clStaff][LoadStaffDetailsByUserNameAndPassword][00000000-0000-0000-0000-000000000000] Execute LoadStaffDetailsByUserNameAndPassword Method
[5/24/2013 10:36:06 AM][DEBUG][clStaff][LoadStaffDetailsByUserNameAndPassword][00000000-0000-0000-0000-000000000000] Debug LoadStaffDetailsByUserNameAndPassword Method
[5/24/2013 10:36:11 AM][INFO][clSchoolYear][LoadAllSchoolYear][00000000-0000-0000-0000-000000000000] Execute LoadAllSchoolYear Method
[5/24/2013 10:36:11 AM][DEBUG][clSchoolYear][LoadAllSchoolYear][00000000-0000-0000-0000-000000000000] Debug LoadAllSchoolYear Method
[5/24/2013 01:59:23 PM][INFO][clSchool][LoadAllSchool][00000000-0000-0000-0000-000000000000] LoadAllSchool method called
[5/24/2013 01:59:23 PM][DEBUG][clSchool][LoadAllSchool][00000000-0000-0000-0000-000000000000] Debug LoadAllSchool called
[5/24/2013 02:01:25 PM][INFO][clStaff][LoadStaffDetailsByUserNameAndPassword][00000000-0000-0000-0000-000000000000] Execute LoadStaffDetailsByUserNameAndPassword Method
[5/24/2013 02:01:25 PM][DEBUG][clStaff][LoadStaffDetailsByUserNameAndPassword][00000000-0000-0000-0000-000000000000] Debug LoadStaffDetailsByUserNameAndPassword Method
[5/24/2013 02:01:32 PM][INFO][clSchoolYear][LoadAllSchoolYear][00000000-0000-0000-0000-000000000000] Execute LoadAllSchoolYear Method
[5/24/2013 02:01:32 PM][DEBUG][clSchoolYear][LoadAllSchoolYear][00000000-0000-0000-0000-000000000000] Debug LoadAllSchoolYear Method
[5/24/2013 02:01:36 PM][INFO][clSchoolYear][LoadAllSchoolYear][00000000-0000-0000-0000-000000000000] Execute LoadAllSchoolYear Method
[5/24/2013 02:01:36 PM][DEBUG][clSchoolYear][LoadAllSchoolYear][00000000-0000-0000-0000-000000000000] Debug LoadAllSchoolYear Method
[5/24/2013 02:01:36 PM][INFO][clClassRoom][LoadClassRoom][00000000-0000-0000-0000-000000000000] Execute LoadClassRoom Method
[5/24/2013 02:01:36 PM][DEBUG][clClassRoom][LoadClassRoom][00000000-0000-0000-0000-000000000000] Debug LoadClassRoom Method
[5/24/2013 02:02:00 PM][INFO][clSchoolYear][LoadAllSchoolYear][00000000-0000-0000-0000-000000000000] Execute LoadAllSchoolYear Method
[5/24/2013 02:02:00 PM][DEBUG][clSchoolYear][LoadAllSchoolYear][00000000-0000-0000-0000-000000000000] Debug LoadAllSchoolYear Method
[5/24/2013 02:02:00 PM][INFO][clStaff][LoadStaff][00000000-0000-0000-0000-000000000000] Execute LoadStaff Method
[5/24/2013 02:02:00 PM][DEBUG][clStaff][LoadStaff][00000000-0000-0000-0000-000000000000] Debug LoadStaff Method
[5/24/2013 02:02:00 PM][INFO][clStaff][LoadStaffDetailsByUserNameAndPassword][00000000-0000-0000-0000-000000000000] Execute LoadStaffDetailsByUserNameAndPassword Method
[5/24/2013 02:02:00 PM][INFO][clStaff][ISStaffinCurrentYear][00000000-0000-0000-0000-000000000000] ISStaffinCurrentYear function debug
[5/24/2013 02:02:00 PM][INFO][clStaff][LoadStaffDetailsByUserNameAndPassword][00000000-0000-0000-0000-000000000000] Execute LoadStaffDetailsByUserNameAndPassword Method
[5/24/2013 02:02:00 PM][INFO][clStaff][ISStaffinCurrentYear][00000000-0000-0000-0000-000000000000] ISStaffinCurrentYear function debug
[5/24/2013 02:02:00 PM][INFO][clStaff][LoadStaffDetailsByUserNameAndPassword][00000000-0000-0000-0000-000000000000] Execute LoadStaffDetailsByUserNameAndPassword Method
[5/24/2013 02:02:00 PM][INFO][clStaff][ISStaffinCurrentYear][00000000-0000-0000-0000-000000000000] ISStaffinCurrentYear function debug
[5/24/2013 02:02:00 PM][INFO][clStaff][LoadStaffDetailsByUserNameAndPassword][00000000-0000-0000-0000-000000000000] Execute LoadStaffDetailsByUserNameAndPassword Method
[5/24/2013 02:02:00 PM][INFO][clStaff][ISStaffinCurrentYear][00000000-0000-0000-0000-000000000000] ISStaffinCurrentYear function debug
[5/24/2013 02:02:00 PM][INFO][clStaff][LoadStaffDetailsByUserNameAndPassword][00000000-0000-0000-0000-000000000000] Execute LoadStaffDetailsByUserNameAndPassword Method
[5/24/2013 02:02:00 PM][INFO][clStaff][ISStaffinCurrentYear][00000000-0000-0000-0000-000000000000] ISStaffinCurrentYear function debug
[5/24/2013 02:02:00 PM][INFO][clStaff][LoadStaffDetailsByUserNameAndPassword][00000000-0000-0000-0000-000000000000] Execute LoadStaffDetailsByUserNameAndPassword Method
[5/24/2013 02:02:01 PM][INFO][clStaff][ISStaffinCurrentYear][00000000-0000-0000-0000-000000000000] ISStaffinCurrentYear function debug
[5/24/2013 02:02:01 PM][INFO][clStaff][LoadStaffDetailsByUserNameAndPassword][00000000-0000-0000-0000-000000000000] Execute LoadStaffDetailsByUserNameAndPassword Method
[5/24/2013 02:02:01 PM][INFO][clStaff][ISStaffinCurrentYear][00000000-0000-0000-0000-000000000000] ISStaffinCurrentYear function debug
[5/24/2013 02:02:01 PM][INFO][clStaff][LoadStaffDetailsByUserNameAndPassword][00000000-0000-0000-0000-000000000000] Execute LoadStaffDetailsByUserNameAndPassword Method
[5/24/2013 02:02:01 PM][INFO][clStaff][ISStaffinCurrentYear][00000000-0000-0000-0000-000000000000] ISStaffinCurrentYear function debug
[5/24/2013 02:02:01 PM][INFO][clStaff][LoadStaffDetailsByUserNameAndPassword][00000000-0000-0000-0000-000000000000] Execute LoadStaffDetailsByUserNameAndPassword Method
[5/24/2013 02:02:01 PM][INFO][clStaff][ISStaffinCurrentYear][00000000-0000-0000-0000-000000000000] ISStaffinCurrentYear function debug
[5/24/2013 02:02:01 PM][INFO][clStaff][LoadStaffDetailsByUserNameAndPassword][00000000-0000-0000-0000-000000000000] Execute LoadStaffDetailsByUserNameAndPassword Method
[5/24/2013 02:02:01 PM][INFO][clStaff][ISStaffinCurrentYear][00000000-0000-0000-0000-000000000000] ISStaffinCurrentYear function debug
[5/24/2013 02:02:01 PM][INFO][clStaff][LoadStaffDetailsByUserNameAndPassword][00000000-0000-0000-0000-000000000000] Execute LoadStaffDetailsByUserNameAndPassword Method
[5/24/2013 02:02:01 PM][INFO][clStaff][ISStaffinCurrentYear][00000000-0000-0000-0000-000000000000] ISStaffinCurrentYear function debug
[5/24/2013 02:02:01 PM][INFO][clStaff][LoadStaffDetailsByUserNameAndPassword][00000000-0000-0000-0000-000000000000] Execute LoadStaffDetailsByUserNameAndPassword Method
[5/24/2013 02:02:01 PM][INFO][clStaff][ISStaffinCurrentYear][00000000-0000-0000-0000-000000000000] ISStaffinCurrentYear function debug
[5/24/2013 02:02:01 PM][INFO][clStaff][LoadStaffDetailsByUserNameAndPassword][00000000-0000-0000-0000-000000000000] Execute LoadStaffDetailsByUserNameAndPassword Method
[5/24/2013 02:02:01 PM][INFO][clStaff][ISStaffinCurrentYear][00000000-0000-0000-0000-000000000000] ISStaffinCurrentYear function debug
[5/24/2013 02:02:01 PM][INFO][clStaff][LoadStaffDetailsByUserNameAndPassword][00000000-0000-0000-0000-000000000000] Execute LoadStaffDetailsByUserNameAndPassword Method
[5/24/2013 02:02:01 PM][INFO][clStaff][ISStaffinCurrentYear][00000000-0000-0000-0000-000000000000] ISStaffinCurrentYear function debug
[5/24/2013 02:02:01 PM][INFO][clStaff][LoadStaffDetailsByUserNameAndPassword][00000000-0000-0000-0000-000000000000] Execute LoadStaffDetailsByUserNameAndPassword Method
[5/24/2013 02:02:01 PM][INFO][clStaff][ISStaffinCurrentYear][00000000-0000-0000-0000-000000000000] ISStaffinCurrentYear function debug
[5/24/2013 02:02:01 PM][INFO][clStaff][LoadStaffDetailsByUserNameAndPassword][00000000-0000-0000-0000-000000000000] Execute LoadStaffDetailsByUserNameAndPassword Method
[5/24/2013 02:02:01 PM][INFO][clStaff][ISStaffinCurrentYear][00000000-0000-0000-0000-000000000000] ISStaffinCurrentYear function debug
[5/24/2013 02:02:01 PM][INFO][clStaff][LoadStaffDetailsByUserNameAndPassword][00000000-0000-0000-0000-000000000000] Execute LoadStaffDetailsByUserNameAndPassword Method
[5/24/2013 02:02:01 PM][INFO][clStaff][ISStaffinCurrentYear][00000000-0000-0000-0000-000000000000] ISStaffinCurrentYear function debug
[5/24/2013 02:02:04 PM][INFO][clSchoolYear][LoadAllSchoolYear][00000000-0000-0000-0000-000000000000] Execute LoadAllSchoolYear Method
[5/24/2013 02:02:04 PM][DEBUG][clSchoolYear][LoadAllSchoolYear][00000000-0000-0000-0000-000000000000] Debug LoadAllSchoolYear Method
[5/24/2013 02:02:04 PM][INFO][clClassRoom][LoadClassRoom][00000000-0000-0000-0000-000000000000] Execute LoadClassRoom Method
[5/24/2013 02:02:04 PM][DEBUG][clClassRoom][LoadClassRoom][00000000-0000-0000-0000-000000000000] Debug LoadClassRoom Method
[5/24/2013 03:12:38 PM][INFO][clSchool][LoadAllSchool][00000000-0000-0000-0000-000000000000] LoadAllSchool method called
[5/24/2013 03:12:38 PM][DEBUG][clSchool][LoadAllSchool][00000000-0000-0000-0000-000000000000] Debug LoadAllSchool called
[5/24/2013 03:12:54 PM][INFO][clStaff][LoadStaffDetailsByUserNameAndPassword][00000000-0000-0000-0000-000000000000] Execute LoadStaffDetailsByUserNameAndPassword Method
[5/24/2013 03:12:54 PM][DEBUG][clStaff][LoadStaffDetailsByUserNameAndPassword][00000000-0000-0000-0000-000000000000] Debug LoadStaffDetailsByUserNameAndPassword Method
[5/24/2013 03:12:58 PM][INFO][clSchoolYear][LoadAllSchoolYear][00000000-0000-0000-0000-000000000000] Execute LoadAllSchoolYear Method
[5/24/2013 03:12:58 PM][DEBUG][clSchoolYear][LoadAllSchoolYear][00000000-0000-0000-0000-000000000000] Debug LoadAllSchoolYear Method
[5/24/2013 03:16:31 PM][INFO][clSchoolYear][LoadAllSchoolYear][00000000-0000-0000-0000-000000000000] Execute LoadAllSchoolYear Method
[5/24/2013 03:16:31 PM][DEBUG][clSchoolYear][LoadAllSchoolYear][00000000-0000-0000-0000-000000000000] Debug LoadAllSchoolYear Method
[5/24/2013 03:16:32 PM][INFO][clSchoolProgram][LoadSchoolProgram][00000000-0000-0000-0000-000000000000] Execute LoadSchoolProgram Method
[5/24/2013 03:16:32 PM][DEBUG][clSchoolProgram][LoadSchoolProgram][00000000-0000-0000-0000-000000000000] Debug LoadSchoolProgram Method
[5/24/2013 03:16:32 PM][INFO][clChildProgEnrollment][Save][00000000-0000-0000-0000-000000000000] Execute Save Method
[5/24/2013 03:16:32 PM][DEBUG][clChildProgEnrollment][LoadChildFamily][00000000-0000-0000-0000-000000000000] Debug LoadChildFamily Method
[5/24/2013 03:16:32 PM][INFO][clChildProgEnrollment][Save][00000000-0000-0000-0000-000000000000] Execute Save Method
[5/24/2013 03:16:32 PM][DEBUG][clChildProgEnrollment][LoadChildFamily][00000000-0000-0000-0000-000000000000] Debug LoadChildFamily Method
[5/24/2013 03:16:32 PM][INFO][clChildProgEnrollment][Save][00000000-0000-0000-0000-000000000000] Execute Save Method
[5/24/2013 03:16:32 PM][DEBUG][clChildProgEnrollment][LoadChildFamily][00000000-0000-0000-0000-000000000000] Debug LoadChildFamily Method
[5/24/2013 03:16:32 PM][INFO][clChildProgEnrollment][Save][00000000-0000-0000-0000-000000000000] Execute Save Method
[5/24/2013 03:16:32 PM][DEBUG][clChildProgEnrollment][LoadChildFamily][00000000-0000-0000-0000-000000000000] Debug LoadChildFamily Method
[5/24/2013 03:16:32 PM][INFO][clChildProgEnrollment][Save][00000000-0000-0000-0000-000000000000] Execute Save Method
[5/24/2013 03:16:32 PM][DEBUG][clChildProgEnrollment][LoadChildFamily][00000000-0000-0000-0000-000000000000] Debug LoadChildFamily Method
[5/24/2013 03:16:32 PM][INFO][clChildProgEnrollment][Save][00000000-0000-0000-0000-000000000000] Execute Save Method
[5/24/2013 03:16:32 PM][DEBUG][clChildProgEnrollment][LoadChildFamily][00000000-0000-0000-0000-000000000000] Debug LoadChildFamily Method
[5/24/2013 03:16:32 PM][INFO][clChildProgEnrollment][Save][00000000-0000-0000-0000-000000000000] Execute Save Method
[5/24/2013 03:16:32 PM][DEBUG][clChildProgEnrollment][LoadChildFamily][00000000-0000-0000-0000-000000000000] Debug LoadChildFamily Method
[5/24/2013 03:16:32 PM][INFO][clChildProgEnrollment][Save][00000000-0000-0000-0000-000000000000] Execute Save Method
[5/24/2013 03:16:32 PM][DEBUG][clChildProgEnrollment][LoadChildFamily][00000000-0000-0000-0000-000000000000] Debug LoadChildFamily Method
[5/24/2013 03:16:32 PM][INFO][clChildProgEnrollment][Save][00000000-0000-0000-0000-000000000000] Execute Save Method
[5/24/2013 03:16:32 PM][DEBUG][clChildProgEnrollment][LoadChildFamily][00000000-0000-0000-0000-000000000000] Debug LoadChildFamily Method
[5/24/2013 03:16:32 PM][INFO][clChildProgEnrollment][Save][00000000-0000-0000-0000-000000000000] Execute Save Method
[5/24/2013 03:16:32 PM][DEBUG][clChildProgEnrollment][LoadChildFamily][00000000-0000-0000-0000-000000000000] Debug LoadChildFamily Method
[5/24/2013 03:16:32 PM][INFO][clChildProgEnrollment][Save][00000000-0000-0000-0000-000000000000] Execute Save Method
[5/24/2013 03:16:32 PM][DEBUG][clChildProgEnrollment][LoadChildFamily][00000000-0000-0000-0000-000000000000] Debug LoadChildFamily Method
[5/24/2013 03:16:32 PM][INFO][clChildProgEnrollment][Save][00000000-0000-0000-0000-000000000000] Execute Save Method
[5/24/2013 03:16:32 PM][DEBUG][clChildProgEnrollment][LoadChildFamily][00000000-0000-0000-0000-000000000000] Debug LoadChildFamily Method
[5/24/2013 03:16:32 PM][INFO][clChildProgEnrollment][Save][00000000-0000-0000-0000-000000000000] Execute Save Method
[5/24/2013 03:16:32 PM][DEBUG][clChildProgEnrollment][LoadChildFamily][00000000-0000-0000-0000-000000000000] Debug LoadChildFamily Method
[5/24/2013 03:16:32 PM][INFO][clChildProgEnrollment][Save][00000000-0000-0000-0000-000000000000] Execute Save Method
[5/24/2013 03:16:32 PM][DEBUG][clChildProgEnrollment][LoadChildFamily][00000000-0000-0000-0000-000000000000] Debug LoadChildFamily Method
[5/24/2013 03:16:32 PM][INFO][clChildProgEnrollment][Save][00000000-0000-0000-0000-000000000000] Execute Save Method
[5/24/2013 03:16:32 PM][DEBUG][clChildProgEnrollment][LoadChildFamily][00000000-0000-0000-0000-000000000000] Debug LoadChildFamily Method
[5/24/2013 03:16:32 PM][INFO][clChildProgEnrollment][Save][00000000-0000-0000-0000-000000000000] Execute Save Method
[5/24/2013 03:16:32 PM][DEBUG][clChildProgEnrollment][LoadChildFamily][00000000-0000-0000-0000-000000000000] Debug LoadChildFamily Method
[5/24/2013 03:16:32 PM][INFO][clChildProgEnrollment][Save][00000000-0000-0000-0000-000000000000] Execute Save Method
[5/24/2013 03:16:32 PM][DEBUG][clChildProgEnrollment][LoadChildFamily][00000000-0000-0000-0000-000000000000] Debug LoadChildFamily Method
[5/24/2013 03:16:32 PM][INFO][clChildProgEnrollment][Save][00000000-0000-0000-0000-000000000000] Execute Save Method
[5/24/2013 03:16:32 PM][DEBUG][clChildProgEnrollment][LoadChildFamily][00000000-0000-0000-0000-000000000000] Debug LoadChildFamily Method
[5/24/2013 03:16:32 PM][INFO][clChildProgEnrollment][Save][00000000-0000-0000-0000-000000000000] Execute Save Method
[5/24/2013 03:16:32 PM][DEBUG][clChildProgEnrollment][LoadChildFamily][00000000-0000-0000-0000-000000000000] Debug LoadChildFamily Method
[5/24/2013 03:16:32 PM][INFO][clChildProgEnrollment][Save][00000000-0000-0000-0000-000000000000] Execute Save Method
[5/24/2013 03:16:32 PM][DEBUG][clChildProgEnrollment][LoadChildFamily][00000000-0000-0000-0000-000000000000] Debug LoadChildFamily Method
[5/24/2013 03:16:32 PM][INFO][clChildProgEnrollment][Save][00000000-0000-0000-0000-000000000000] Execute Save Method
[5/24/2013 03:16:32 PM][DEBUG][clChildProgEnrollment][LoadChildFamily][00000000-0000-0000-0000-000000000000] Debug LoadChildFamily Method
[5/24/2013 03:16:32 PM][INFO][clChildProgEnrollment][Save][00000000-0000-0000-0000-000000000000] Execute Save Method
[5/24/2013 03:16:32 PM][DEBUG][clChildProgEnrollment][LoadChildFamily][00000000-0000-0000-0000-000000000000] Debug LoadChildFamily Method
[5/24/2013 03:16:32 PM][INFO][clChildProgEnrollment][Save][00000000-0000-0000-0000-000000000000] Execute Save Method
[5/24/2013 03:16:32 PM][DEBUG][clChildProgEnrollment][LoadChildFamily][00000000-0000-0000-0000-000000000000] Debug LoadChildFamily Method
[5/24/2013 03:16:32 PM][INFO][clChildProgEnrollment][Save][00000000-0000-0000-0000-000000000000] Execute Save Method
[5/24/2013 03:16:32 PM][DEBUG][clChildProgEnrollment][LoadChildFamily][00000000-0000-0000-0000-000000000000] Debug LoadChildFamily Method
[5/24/2013 03:16:32 PM][INFO][clChildProgEnrollment][Save][00000000-0000-0000-0000-000000000000] Execute Save Method
[5/24/2013 03:16:32 PM][DEBUG][clChildProgEnrollment][LoadChildFamily][00000000-0000-0000-0000-000000000000] Debug LoadChildFamily Method
[5/24/2013 03:16:32 PM][INFO][clChildProgEnrollment][Save][00000000-0000-0000-0000-000000000000] Execute Save Method
[5/24/2013 03:16:32 PM][DEBUG][clChildProgEnrollment][LoadChildFamily][00000000-0000-0000-0000-000000000000] Debug LoadChildFamily Method
[5/24/2013 03:16:32 PM][INFO][clChildProgEnrollment][Save][00000000-0000-0000-0000-000000000000] Execute Save Method
[5/24/2013 03:16:32 PM][DEBUG][clChildProgEnrollment][LoadChildFamily][00000000-0000-0000-0000-000000000000] Debug LoadChildFamily Method
[5/24/2013 03:16:32 PM][INFO][clChildProgEnrollment][Save][00000000-0000-0000-0000-000000000000] Execute Save Method
[5/24/2013 03:16:32 PM][DEBUG][clChildProgEnrollment][LoadChildFamily][00000000-0000-0000-0000-000000000000] Debug LoadChildFamily Method
[5/24/2013 03:16:32 PM][INFO][clChildProgEnrollment][Save][00000000-0000-0000-0000-000000000000] Execute Save Method
[5/24/2013 03:16:33 PM][DEBUG][clChildProgEnrollment][LoadChildFamily][00000000-0000-0000-0000-000000000000] Debug LoadChildFamily Method
[5/24/2013 03:16:39 PM][INFO][clSchoolYear][LoadAllSchoolYear][00000000-0000-0000-0000-000000000000] Execute LoadAllSchoolYear Method
[5/24/2013 03:16:39 PM][DEBUG][clSchoolYear][LoadAllSchoolYear][00000000-0000-0000-0000-000000000000] Debug LoadAllSchoolYear Method
[5/24/2013 03:16:39 PM][INFO][clClassRoom][LoadClassRoom][00000000-0000-0000-0000-000000000000] Execute LoadClassRoom Method
[5/24/2013 03:16:39 PM][DEBUG][clClassRoom][LoadClassRoom][00000000-0000-0000-0000-000000000000] Debug LoadClassRoom Method
[5/24/2013 03:17:34 PM][INFO][clSchoolYear][LoadAllSchoolYear][00000000-0000-0000-0000-000000000000] Execute LoadAllSchoolYear Method
[5/24/2013 03:17:34 PM][DEBUG][clSchoolYear][LoadAllSchoolYear][00000000-0000-0000-0000-000000000000] Debug LoadAllSchoolYear Method
[5/24/2013 03:17:34 PM][INFO][clClassRoom][LoadClassRoom][00000000-0000-0000-0000-000000000000] Execute LoadClassRoom Method
[5/24/2013 03:17:34 PM][DEBUG][clClassRoom][LoadClassRoom][00000000-0000-0000-0000-000000000000] Debug LoadClassRoom Method
[5/24/2013 03:17:38 PM][INFO][clSchoolYear][GetCurrentSchoolYear][00000000-0000-0000-0000-000000000000] Execute GetCurrentSchoolYear Method
[5/24/2013 03:17:38 PM][DEBUG][clSchoolYear][GetCurrentSchoolYear][00000000-0000-0000-0000-000000000000] Debug GetCurrentSchoolYear Method
[5/24/2013 03:17:38 PM][INFO][clClassRoom][LoadClassRoom][00000000-0000-0000-0000-000000000000] Execute LoadClassRoom Method
[5/24/2013 03:17:38 PM][DEBUG][clClassRoom][LoadClassRoom][00000000-0000-0000-0000-000000000000] Debug LoadClassRoom Method
[5/24/2013 03:17:42 PM][INFO][clSchoolYear][GetCurrentSchoolYear][00000000-0000-0000-0000-000000000000] Execute GetCurrentSchoolYear Method
[5/24/2013 03:17:42 PM][DEBUG][clSchoolYear][GetCurrentSchoolYear][00000000-0000-0000-0000-000000000000] Debug GetCurrentSchoolYear Method
[5/24/2013 03:17:42 PM][INFO][clClassRoom][LoadClassRoom][00000000-0000-0000-0000-000000000000] Execute LoadClassRoom Method
[5/24/2013 03:17:42 PM][DEBUG][clClassRoom][LoadClassRoom][00000000-0000-0000-0000-000000000000] Debug LoadClassRoom Method
[5/24/2013 03:17:47 PM][INFO][clSchoolYear][GetCurrentSchoolYear][00000000-0000-0000-0000-000000000000] Execute GetCurrentSchoolYear Method
[5/24/2013 03:17:47 PM][DEBUG][clSchoolYear][GetCurrentSchoolYear][00000000-0000-0000-0000-000000000000] Debug GetCurrentSchoolYear Method
[5/24/2013 03:17:47 PM][INFO][clClassRoom][LoadClassRoom][00000000-0000-0000-0000-000000000000] Execute LoadClassRoom Method
[5/24/2013 03:17:47 PM][DEBUG][clClassRoom][LoadClassRoom][00000000-0000-0000-0000-000000000000] Debug LoadClassRoom Method
[5/24/2013 03:22:10 PM][INFO][clSchoolYear][LoadAllSchoolYear][00000000-0000-0000-0000-000000000000] Execute LoadAllSchoolYear Method
[5/24/2013 03:22:10 PM][DEBUG][clSchoolYear][LoadAllSchoolYear][00000000-0000-0000-0000-000000000000] Debug LoadAllSchoolYear Method
[5/24/2013 03:22:10 PM][INFO][clSchoolProgram][LoadSchoolProgram][00000000-0000-0000-0000-000000000000] Execute LoadSchoolProgram Method
[5/24/2013 03:22:10 PM][DEBUG][clSchoolProgram][LoadSchoolProgram][00000000-0000-0000-0000-000000000000] Debug LoadSchoolProgram Method
[5/24/2013 03:22:10 PM][INFO][clChildProgEnrollment][Save][00000000-0000-0000-0000-000000000000] Execute Save Method
[5/24/2013 03:22:10 PM][DEBUG][clChildProgEnrollment][LoadChildFamily][00000000-0000-0000-0000-000000000000] Debug LoadChildFamily Method
[5/24/2013 03:22:10 PM][INFO][clChildProgEnrollment][Save][00000000-0000-0000-0000-000000000000] Execute Save Method
[5/24/2013 03:22:10 PM][DEBUG][clChildProgEnrollment][LoadChildFamily][00000000-0000-0000-0000-000000000000] Debug LoadChildFamily Method
[5/24/2013 03:22:10 PM][INFO][clChildProgEnrollment][Save][00000000-0000-0000-0000-000000000000] Execute Save Method
[5/24/2013 03:22:10 PM][DEBUG][clChildProgEnrollment][LoadChildFamily][00000000-0000-0000-0000-000000000000] Debug LoadChildFamily Method
[5/24/2013 03:22:10 PM][INFO][clChildProgEnrollment][Save][00000000-0000-0000-0000-000000000000] Execute Save Method
[5/24/2013 03:22:10 PM][DEBUG][clChildProgEnrollment][LoadChildFamily][00000000-0000-0000-0000-000000000000] Debug LoadChildFamily Method
[5/24/2013 03:22:10 PM][INFO][clChildProgEnrollment][Save][00000000-0000-0000-0000-000000000000] Execute Save Method
[5/24/2013 03:22:10 PM][DEBUG][clChildProgEnrollment][LoadChildFamily][00000000-0000-0000-0000-000000000000] Debug LoadChildFamily Method
[5/24/2013 03:22:10 PM][INFO][clChildProgEnrollment][Save][00000000-0000-0000-0000-000000000000] Execute Save Method
[5/24/2013 03:22:10 PM][DEBUG][clChildProgEnrollment][LoadChildFamily][00000000-0000-0000-0000-000000000000] Debug LoadChildFamily Method
[5/24/2013 03:22:10 PM][INFO][clChildProgEnrollment][Save][00000000-0000-0000-0000-000000000000] Execute Save Method
[5/24/2013 03:22:10 PM][DEBUG][clChildProgEnrollment][LoadChildFamily][00000000-0000-0000-0000-000000000000] Debug LoadChildFamily Method
[5/24/2013 03:22:10 PM][INFO][clChildProgEnrollment][Save][00000000-0000-0000-0000-000000000000] Execute Save Method
[5/24/2013 03:22:10 PM][DEBUG][clChildProgEnrollment][LoadChildFamily][00000000-0000-0000-0000-000000000000] Debug LoadChildFamily Method
[5/24/2013 03:22:10 PM][INFO][clChildProgEnrollment][Save][00000000-0000-0000-0000-000000000000] Execute Save Method
[5/24/2013 03:22:10 PM][DEBUG][clChildProgEnrollment][LoadChildFamily][00000000-0000-0000-0000-000000000000] Debug LoadChildFamily Method
[5/24/2013 03:22:10 PM][INFO][clChildProgEnrollment][Save][00000000-0000-0000-0000-000000000000] Execute Save Method
[5/24/2013 03:22:10 PM][DEBUG][clChildProgEnrollment][LoadChildFamily][00000000-0000-0000-0000-000000000000] Debug LoadChildFamily Method
[5/24/2013 03:22:10 PM][INFO][clChildProgEnrollment][Save][00000000-0000-0000-0000-000000000000] Execute Save Method
[5/24/2013 03:22:10 PM][DEBUG][clChildProgEnrollment][LoadChildFamily][00000000-0000-0000-0000-000000000000] Debug LoadChildFamily Method
[5/24/2013 03:22:10 PM][INFO][clChildProgEnrollment][Save][00000000-0000-0000-0000-000000000000] Execute Save Method
[5/24/2013 03:22:10 PM][DEBUG][clChildProgEnrollment][LoadChildFamily][00000000-0000-0000-0000-000000000000] Debug LoadChildFamily Method
[5/24/2013 03:22:10 PM][INFO][clChildProgEnrollment][Save][00000000-0000-0000-0000-000000000000] Execute Save Method
[5/24/2013 03:22:10 PM][DEBUG][clChildProgEnrollment][LoadChildFamily][00000000-0000-0000-0000-000000000000] Debug LoadChildFamily Method
[5/24/2013 03:22:10 PM][INFO][clChildProgEnrollment][Save][00000000-0000-0000-0000-000000000000] Execute Save Method
[5/24/2013 03:22:10 PM][DEBUG][clChildProgEnrollment][LoadChildFamily][00000000-0000-0000-0000-000000000000] Debug LoadChildFamily Method
[5/24/2013 03:22:10 PM][INFO][clChildProgEnrollment][Save][00000000-0000-0000-0000-000000000000] Execute Save Method
[5/24/2013 03:22:10 PM][DEBUG][clChildProgEnrollment][LoadChildFamily][00000000-0000-0000-0000-000000000000] Debug LoadChildFamily Method
[5/24/2013 03:22:10 PM][INFO][clChildProgEnrollment][Save][00000000-0000-0000-0000-000000000000] Execute Save Method
[5/24/2013 03:22:10 PM][DEBUG][clChildProgEnrollment][LoadChildFamily][00000000-0000-0000-0000-000000000000] Debug LoadChildFamily Method
[5/24/2013 03:22:10 PM][INFO][clChildProgEnrollment][Save][00000000-0000-0000-0000-000000000000] Execute Save Method
[5/24/2013 03:22:10 PM][DEBUG][clChildProgEnrollment][LoadChildFamily][00000000-0000-0000-0000-000000000000] Debug LoadChildFamily Method
[5/24/2013 03:22:10 PM][INFO][clChildProgEnrollment][Save][00000000-0000-0000-0000-000000000000] Execute Save Method
[5/24/2013 03:22:10 PM][DEBUG][clChildProgEnrollment][LoadChildFamily][00000000-0000-0000-0000-000000000000] Debug LoadChildFamily Method
[5/24/2013 03:22:10 PM][INFO][clChildProgEnrollment][Save][00000000-0000-0000-0000-000000000000] Execute Save Method
[5/24/2013 03:22:10 PM][DEBUG][clChildProgEnrollment][LoadChildFamily][00000000-0000-0000-0000-000000000000] Debug LoadChildFamily Method
[5/24/2013 03:22:11 PM][INFO][clChildProgEnrollment][Save][00000000-0000-0000-0000-000000000000] Execute Save Method
[5/24/2013 03:22:11 PM][DEBUG][clChildProgEnrollment][LoadChildFamily][00000000-0000-0000-0000-000000000000] Debug LoadChildFamily Method
[5/24/2013 03:22:11 PM][INFO][clChildProgEnrollment][Save][00000000-0000-0000-0000-000000000000] Execute Save Method
[5/24/2013 03:22:11 PM][DEBUG][clChildProgEnrollment][LoadChildFamily][00000000-0000-0000-0000-000000000000] Debug LoadChildFamily Method
[5/24/2013 03:22:11 PM][INFO][clChildProgEnrollment][Save][00000000-0000-0000-0000-000000000000] Execute Save Method
[5/24/2013 03:22:11 PM][DEBUG][clChildProgEnrollment][LoadChildFamily][00000000-0000-0000-0000-000000000000] Debug LoadChildFamily Method
[5/24/2013 03:22:11 PM][INFO][clChildProgEnrollment][Save][00000000-0000-0000-0000-000000000000] Execute Save Method
[5/24/2013 03:22:11 PM][DEBUG][clChildProgEnrollment][LoadChildFamily][00000000-0000-0000-0000-000000000000] Debug LoadChildFamily Method
[5/24/2013 03:22:11 PM][INFO][clChildProgEnrollment][Save][00000000-0000-0000-0000-000000000000] Execute Save Method
[5/24/2013 03:22:11 PM][DEBUG][clChildProgEnrollment][LoadChildFamily][00000000-0000-0000-0000-000000000000] Debug LoadChildFamily Method
[5/24/2013 03:22:11 PM][INFO][clChildProgEnrollment][Save][00000000-0000-0000-0000-000000000000] Execute Save Method
[5/24/2013 03:22:11 PM][DEBUG][clChildProgEnrollment][LoadChildFamily][00000000-0000-0000-0000-000000000000] Debug LoadChildFamily Method
[5/24/2013 03:22:11 PM][INFO][clChildProgEnrollment][Save][00000000-0000-0000-0000-000000000000] Execute Save Method
[5/24/2013 03:22:11 PM][DEBUG][clChildProgEnrollment][LoadChildFamily][00000000-0000-0000-0000-000000000000] Debug LoadChildFamily Method
[5/24/2013 03:22:11 PM][INFO][clChildProgEnrollment][Save][00000000-0000-0000-0000-000000000000] Execute Save Method
[5/24/2013 03:22:11 PM][DEBUG][clChildProgEnrollment][LoadChildFamily][00000000-0000-0000-0000-000000000000] Debug LoadChildFamily Method
[5/24/2013 03:22:11 PM][INFO][clChildProgEnrollment][Save][00000000-0000-0000-0000-000000000000] Execute Save Method
[5/24/2013 03:22:11 PM][DEBUG][clChildProgEnrollment][LoadChildFamily][00000000-0000-0000-0000-000000000000] Debug LoadChildFamily Method
[5/24/2013 03:22:11 PM][INFO][clChildProgEnrollment][Save][00000000-0000-0000-0000-000000000000] Execute Save Method
[5/24/2013 03:22:11 PM][DEBUG][clChildProgEnrollment][LoadChildFamily][00000000-0000-0000-0000-000000000000] Debug LoadChildFamily Method
[5/24/2013 03:22:14 PM][INFO][clProgClassRoom][LoadProgClassRoom][00000000-0000-0000-0000-000000000000] Execute LoadProgClassRoom Method
[5/24/2013 03:22:14 PM][DEBUG][clProgClassRoom][LoadProgClassRoom][00000000-0000-0000-0000-000000000000] Debug LoadProgClassRoom Method
[5/24/2013 03:24:15 PM][INFO][clProgClassRoom][LoadProgClassRoom][00000000-0000-0000-0000-000000000000] Execute LoadProgClassRoom Method
[5/24/2013 03:24:15 PM][DEBUG][clProgClassRoom][LoadProgClassRoom][00000000-0000-0000-0000-000000000000] Debug LoadProgClassRoom Method
[5/24/2013 03:24:45 PM][EXCEPTION][clProgClassRoom][LoadProgClassRoom][00000000-0000-0000-0000-000000000000] Timeout expired.  The timeout period elapsed prior to completion of the operation or the server is not responding.
