[5/17/2013 12:10:31 PM][INFO][clSchool][LoadAllSchool][00000000-0000-0000-0000-000000000000] LoadAllSchool method called
[5/17/2013 12:10:31 PM][DEBUG][clSchool][LoadAllSchool][00000000-0000-0000-0000-000000000000] Debug LoadAllSchool called
[5/17/2013 12:12:57 PM][INFO][clStaff][LoadStaffDetailsByUserNameAndPassword][00000000-0000-0000-0000-000000000000] Execute LoadStaffDetailsByUserNameAndPassword Method
[5/17/2013 12:12:57 PM][DEBUG][clStaff][LoadStaffDetailsByUserNameAndPassword][00000000-0000-0000-0000-000000000000] Debug LoadStaffDetailsByUserNameAndPassword Method
[5/17/2013 12:13:02 PM][INFO][clSchoolYear][LoadAllSchoolYear][00000000-0000-0000-0000-000000000000] Execute LoadAllSchoolYear Method
[5/17/2013 12:13:02 PM][DEBUG][clSchoolYear][LoadAllSchoolYear][00000000-0000-0000-0000-000000000000] Debug LoadAllSchoolYear Method
[5/17/2013 12:13:21 PM][INFO][clSchoolYear][LoadAllSchoolYear][00000000-0000-0000-0000-000000000000] Execute LoadAllSchoolYear Method
[5/17/2013 12:13:21 PM][DEBUG][clSchoolYear][LoadAllSchoolYear][00000000-0000-0000-0000-000000000000] Debug LoadAllSchoolYear Method
[5/17/2013 12:13:21 PM][INFO][clClassRoom][LoadClassRoom][00000000-0000-0000-0000-000000000000] Execute LoadClassRoom Method
[5/17/2013 12:13:21 PM][DEBUG][clClassRoom][LoadClassRoom][00000000-0000-0000-0000-000000000000] Debug LoadClassRoom Method
[5/17/2013 12:13:44 PM][INFO][clSchoolYear][GetCurrentSchoolYear][00000000-0000-0000-0000-000000000000] Execute GetCurrentSchoolYear Method
[5/17/2013 12:13:44 PM][DEBUG][clSchoolYear][GetCurrentSchoolYear][00000000-0000-0000-0000-000000000000] Debug GetCurrentSchoolYear Method
[5/17/2013 12:13:44 PM][INFO][clClassRoom][LoadClassRoom][00000000-0000-0000-0000-000000000000] Execute LoadClassRoom Method
[5/17/2013 12:13:44 PM][DEBUG][clClassRoom][LoadClassRoom][00000000-0000-0000-0000-000000000000] Debug LoadClassRoom Method
[5/17/2013 12:13:52 PM][INFO][clSchoolYear][GetCurrentSchoolYear][00000000-0000-0000-0000-000000000000] Execute GetCurrentSchoolYear Method
[5/17/2013 12:13:52 PM][DEBUG][clSchoolYear][GetCurrentSchoolYear][00000000-0000-0000-0000-000000000000] Debug GetCurrentSchoolYear Method
[5/17/2013 12:13:52 PM][INFO][clClassRoom][LoadClassRoom][00000000-0000-0000-0000-000000000000] Execute LoadClassRoom Method
[5/17/2013 12:13:52 PM][DEBUG][clClassRoom][LoadClassRoom][00000000-0000-0000-0000-000000000000] Debug LoadClassRoom Method
[5/17/2013 12:14:00 PM][INFO][clSchoolYear][LoadAllSchoolYear][00000000-0000-0000-0000-000000000000] Execute LoadAllSchoolYear Method
[5/17/2013 12:14:00 PM][DEBUG][clSchoolYear][LoadAllSchoolYear][00000000-0000-0000-0000-000000000000] Debug LoadAllSchoolYear Method
[5/17/2013 12:14:00 PM][INFO][clSchoolProgram][LoadSchoolProgram][00000000-0000-0000-0000-000000000000] Execute LoadSchoolProgram Method
[5/17/2013 12:14:00 PM][DEBUG][clSchoolProgram][LoadSchoolProgram][00000000-0000-0000-0000-000000000000] Debug LoadSchoolProgram Method
[5/17/2013 12:14:00 PM][INFO][clChildProgEnrollment][Save][00000000-0000-0000-0000-000000000000] Execute Save Method
[5/17/2013 12:14:00 PM][DEBUG][clChildProgEnrollment][LoadChildFamily][00000000-0000-0000-0000-000000000000] Debug LoadChildFamily Method
[5/17/2013 12:14:00 PM][INFO][clChildProgEnrollment][Save][00000000-0000-0000-0000-000000000000] Execute Save Method
[5/17/2013 12:14:00 PM][DEBUG][clChildProgEnrollment][LoadChildFamily][00000000-0000-0000-0000-000000000000] Debug LoadChildFamily Method
[5/17/2013 12:14:00 PM][INFO][clChildProgEnrollment][Save][00000000-0000-0000-0000-000000000000] Execute Save Method
[5/17/2013 12:14:00 PM][DEBUG][clChildProgEnrollment][LoadChildFamily][00000000-0000-0000-0000-000000000000] Debug LoadChildFamily Method
[5/17/2013 12:14:00 PM][INFO][clChildProgEnrollment][Save][00000000-0000-0000-0000-000000000000] Execute Save Method
[5/17/2013 12:14:00 PM][DEBUG][clChildProgEnrollment][LoadChildFamily][00000000-0000-0000-0000-000000000000] Debug LoadChildFamily Method
[5/17/2013 12:14:00 PM][INFO][clChildProgEnrollment][Save][00000000-0000-0000-0000-000000000000] Execute Save Method
[5/17/2013 12:14:00 PM][DEBUG][clChildProgEnrollment][LoadChildFamily][00000000-0000-0000-0000-000000000000] Debug LoadChildFamily Method
[5/17/2013 12:14:00 PM][INFO][clChildProgEnrollment][Save][00000000-0000-0000-0000-000000000000] Execute Save Method
[5/17/2013 12:14:00 PM][DEBUG][clChildProgEnrollment][LoadChildFamily][00000000-0000-0000-0000-000000000000] Debug LoadChildFamily Method
[5/17/2013 12:14:00 PM][INFO][clChildProgEnrollment][Save][00000000-0000-0000-0000-000000000000] Execute Save Method
[5/17/2013 12:14:00 PM][DEBUG][clChildProgEnrollment][LoadChildFamily][00000000-0000-0000-0000-000000000000] Debug LoadChildFamily Method
[5/17/2013 12:14:00 PM][INFO][clChildProgEnrollment][Save][00000000-0000-0000-0000-000000000000] Execute Save Method
[5/17/2013 12:14:00 PM][DEBUG][clChildProgEnrollment][LoadChildFamily][00000000-0000-0000-0000-000000000000] Debug LoadChildFamily Method
[5/17/2013 12:14:00 PM][INFO][clChildProgEnrollment][Save][00000000-0000-0000-0000-000000000000] Execute Save Method
[5/17/2013 12:14:00 PM][DEBUG][clChildProgEnrollment][LoadChildFamily][00000000-0000-0000-0000-000000000000] Debug LoadChildFamily Method
[5/17/2013 12:14:00 PM][INFO][clChildProgEnrollment][Save][00000000-0000-0000-0000-000000000000] Execute Save Method
[5/17/2013 12:14:00 PM][DEBUG][clChildProgEnrollment][LoadChildFamily][00000000-0000-0000-0000-000000000000] Debug LoadChildFamily Method
[5/17/2013 12:14:00 PM][INFO][clChildProgEnrollment][Save][00000000-0000-0000-0000-000000000000] Execute Save Method
[5/17/2013 12:14:00 PM][DEBUG][clChildProgEnrollment][LoadChildFamily][00000000-0000-0000-0000-000000000000] Debug LoadChildFamily Method
[5/17/2013 12:14:00 PM][INFO][clChildProgEnrollment][Save][00000000-0000-0000-0000-000000000000] Execute Save Method
[5/17/2013 12:14:00 PM][DEBUG][clChildProgEnrollment][LoadChildFamily][00000000-0000-0000-0000-000000000000] Debug LoadChildFamily Method
[5/17/2013 12:14:00 PM][INFO][clChildProgEnrollment][Save][00000000-0000-0000-0000-000000000000] Execute Save Method
[5/17/2013 12:14:00 PM][DEBUG][clChildProgEnrollment][LoadChildFamily][00000000-0000-0000-0000-000000000000] Debug LoadChildFamily Method
[5/17/2013 12:14:00 PM][INFO][clChildProgEnrollment][Save][00000000-0000-0000-0000-000000000000] Execute Save Method
[5/17/2013 12:14:00 PM][DEBUG][clChildProgEnrollment][LoadChildFamily][00000000-0000-0000-0000-000000000000] Debug LoadChildFamily Method
[5/17/2013 12:14:00 PM][INFO][clChildProgEnrollment][Save][00000000-0000-0000-0000-000000000000] Execute Save Method
[5/17/2013 12:14:00 PM][DEBUG][clChildProgEnrollment][LoadChildFamily][00000000-0000-0000-0000-000000000000] Debug LoadChildFamily Method
[5/17/2013 12:14:00 PM][INFO][clChildProgEnrollment][Save][00000000-0000-0000-0000-000000000000] Execute Save Method
[5/17/2013 12:14:00 PM][DEBUG][clChildProgEnrollment][LoadChildFamily][00000000-0000-0000-0000-000000000000] Debug LoadChildFamily Method
[5/17/2013 12:14:00 PM][INFO][clChildProgEnrollment][Save][00000000-0000-0000-0000-000000000000] Execute Save Method
[5/17/2013 12:14:00 PM][DEBUG][clChildProgEnrollment][LoadChildFamily][00000000-0000-0000-0000-000000000000] Debug LoadChildFamily Method
[5/17/2013 12:14:00 PM][INFO][clChildProgEnrollment][Save][00000000-0000-0000-0000-000000000000] Execute Save Method
[5/17/2013 12:14:00 PM][DEBUG][clChildProgEnrollment][LoadChildFamily][00000000-0000-0000-0000-000000000000] Debug LoadChildFamily Method
[5/17/2013 12:14:00 PM][INFO][clChildProgEnrollment][Save][00000000-0000-0000-0000-000000000000] Execute Save Method
[5/17/2013 12:14:00 PM][DEBUG][clChildProgEnrollment][LoadChildFamily][00000000-0000-0000-0000-000000000000] Debug LoadChildFamily Method
[5/17/2013 12:14:00 PM][INFO][clChildProgEnrollment][Save][00000000-0000-0000-0000-000000000000] Execute Save Method
[5/17/2013 12:14:00 PM][DEBUG][clChildProgEnrollment][LoadChildFamily][00000000-0000-0000-0000-000000000000] Debug LoadChildFamily Method
[5/17/2013 12:14:00 PM][INFO][clChildProgEnrollment][Save][00000000-0000-0000-0000-000000000000] Execute Save Method
[5/17/2013 12:14:00 PM][DEBUG][clChildProgEnrollment][LoadChildFamily][00000000-0000-0000-0000-000000000000] Debug LoadChildFamily Method
[5/17/2013 12:14:00 PM][INFO][clChildProgEnrollment][Save][00000000-0000-0000-0000-000000000000] Execute Save Method
[5/17/2013 12:14:00 PM][DEBUG][clChildProgEnrollment][LoadChildFamily][00000000-0000-0000-0000-000000000000] Debug LoadChildFamily Method
[5/17/2013 12:14:00 PM][INFO][clChildProgEnrollment][Save][00000000-0000-0000-0000-000000000000] Execute Save Method
[5/17/2013 12:14:00 PM][DEBUG][clChildProgEnrollment][LoadChildFamily][00000000-0000-0000-0000-000000000000] Debug LoadChildFamily Method
[5/17/2013 12:14:00 PM][INFO][clChildProgEnrollment][Save][00000000-0000-0000-0000-000000000000] Execute Save Method
[5/17/2013 12:14:00 PM][DEBUG][clChildProgEnrollment][LoadChildFamily][00000000-0000-0000-0000-000000000000] Debug LoadChildFamily Method
[5/17/2013 12:14:00 PM][INFO][clChildProgEnrollment][Save][00000000-0000-0000-0000-000000000000] Execute Save Method
[5/17/2013 12:14:00 PM][DEBUG][clChildProgEnrollment][LoadChildFamily][00000000-0000-0000-0000-000000000000] Debug LoadChildFamily Method
[5/17/2013 12:14:00 PM][INFO][clChildProgEnrollment][Save][00000000-0000-0000-0000-000000000000] Execute Save Method
[5/17/2013 12:14:00 PM][DEBUG][clChildProgEnrollment][LoadChildFamily][00000000-0000-0000-0000-000000000000] Debug LoadChildFamily Method
[5/17/2013 12:14:00 PM][INFO][clChildProgEnrollment][Save][00000000-0000-0000-0000-000000000000] Execute Save Method
[5/17/2013 12:14:00 PM][DEBUG][clChildProgEnrollment][LoadChildFamily][00000000-0000-0000-0000-000000000000] Debug LoadChildFamily Method
[5/17/2013 12:14:00 PM][INFO][clChildProgEnrollment][Save][00000000-0000-0000-0000-000000000000] Execute Save Method
[5/17/2013 12:14:00 PM][DEBUG][clChildProgEnrollment][LoadChildFamily][00000000-0000-0000-0000-000000000000] Debug LoadChildFamily Method
[5/17/2013 12:14:00 PM][INFO][clChildProgEnrollment][Save][00000000-0000-0000-0000-000000000000] Execute Save Method
[5/17/2013 12:14:00 PM][DEBUG][clChildProgEnrollment][LoadChildFamily][00000000-0000-0000-0000-000000000000] Debug LoadChildFamily Method
[5/17/2013 12:14:00 PM][INFO][clChildProgEnrollment][Save][00000000-0000-0000-0000-000000000000] Execute Save Method
[5/17/2013 12:14:00 PM][DEBUG][clChildProgEnrollment][LoadChildFamily][00000000-0000-0000-0000-000000000000] Debug LoadChildFamily Method
[5/17/2013 12:14:07 PM][INFO][clProgClassRoom][LoadProgClassRoom][00000000-0000-0000-0000-000000000000] Execute LoadProgClassRoom Method
[5/17/2013 12:14:07 PM][DEBUG][clProgClassRoom][LoadProgClassRoom][00000000-0000-0000-0000-000000000000] Debug LoadProgClassRoom Method
[5/17/2013 04:19:44 PM][INFO][clSchool][LoadAllSchool][00000000-0000-0000-0000-000000000000] LoadAllSchool method called
[5/17/2013 04:19:44 PM][DEBUG][clSchool][LoadAllSchool][00000000-0000-0000-0000-000000000000] Debug LoadAllSchool called
[5/17/2013 04:19:55 PM][INFO][clStaff][LoadStaffDetailsByUserNameAndPassword][00000000-0000-0000-0000-000000000000] Execute LoadStaffDetailsByUserNameAndPassword Method
[5/17/2013 04:19:55 PM][DEBUG][clStaff][LoadStaffDetailsByUserNameAndPassword][00000000-0000-0000-0000-000000000000] Debug LoadStaffDetailsByUserNameAndPassword Method
[5/17/2013 04:20:02 PM][INFO][clSchoolYear][LoadAllSchoolYear][00000000-0000-0000-0000-000000000000] Execute LoadAllSchoolYear Method
[5/17/2013 04:20:02 PM][DEBUG][clSchoolYear][LoadAllSchoolYear][00000000-0000-0000-0000-000000000000] Debug LoadAllSchoolYear Method
[5/17/2013 04:20:58 PM][INFO][clSchoolYear][LoadAllSchoolYear][00000000-0000-0000-0000-000000000000] Execute LoadAllSchoolYear Method
[5/17/2013 04:20:58 PM][DEBUG][clSchoolYear][LoadAllSchoolYear][00000000-0000-0000-0000-000000000000] Debug LoadAllSchoolYear Method
[5/17/2013 04:20:58 PM][INFO][clSchoolProgram][LoadSchoolProgram][00000000-0000-0000-0000-000000000000] Execute LoadSchoolProgram Method
[5/17/2013 04:20:58 PM][DEBUG][clSchoolProgram][LoadSchoolProgram][00000000-0000-0000-0000-000000000000] Debug LoadSchoolProgram Method
[5/17/2013 04:20:59 PM][INFO][clChildProgEnrollment][Save][00000000-0000-0000-0000-000000000000] Execute Save Method
[5/17/2013 04:20:59 PM][DEBUG][clChildProgEnrollment][LoadChildFamily][00000000-0000-0000-0000-000000000000] Debug LoadChildFamily Method
[5/17/2013 04:20:59 PM][INFO][clChildProgEnrollment][Save][00000000-0000-0000-0000-000000000000] Execute Save Method
[5/17/2013 04:20:59 PM][DEBUG][clChildProgEnrollment][LoadChildFamily][00000000-0000-0000-0000-000000000000] Debug LoadChildFamily Method
[5/17/2013 04:20:59 PM][INFO][clChildProgEnrollment][Save][00000000-0000-0000-0000-000000000000] Execute Save Method
[5/17/2013 04:20:59 PM][DEBUG][clChildProgEnrollment][LoadChildFamily][00000000-0000-0000-0000-000000000000] Debug LoadChildFamily Method
[5/17/2013 04:20:59 PM][INFO][clChildProgEnrollment][Save][00000000-0000-0000-0000-000000000000] Execute Save Method
[5/17/2013 04:20:59 PM][DEBUG][clChildProgEnrollment][LoadChildFamily][00000000-0000-0000-0000-000000000000] Debug LoadChildFamily Method
[5/17/2013 04:20:59 PM][INFO][clChildProgEnrollment][Save][00000000-0000-0000-0000-000000000000] Execute Save Method
[5/17/2013 04:20:59 PM][DEBUG][clChildProgEnrollment][LoadChildFamily][00000000-0000-0000-0000-000000000000] Debug LoadChildFamily Method
[5/17/2013 04:20:59 PM][INFO][clChildProgEnrollment][Save][00000000-0000-0000-0000-000000000000] Execute Save Method
[5/17/2013 04:20:59 PM][DEBUG][clChildProgEnrollment][LoadChildFamily][00000000-0000-0000-0000-000000000000] Debug LoadChildFamily Method
[5/17/2013 04:20:59 PM][INFO][clChildProgEnrollment][Save][00000000-0000-0000-0000-000000000000] Execute Save Method
[5/17/2013 04:20:59 PM][DEBUG][clChildProgEnrollment][LoadChildFamily][00000000-0000-0000-0000-000000000000] Debug LoadChildFamily Method
[5/17/2013 04:20:59 PM][INFO][clChildProgEnrollment][Save][00000000-0000-0000-0000-000000000000] Execute Save Method
[5/17/2013 04:20:59 PM][DEBUG][clChildProgEnrollment][LoadChildFamily][00000000-0000-0000-0000-000000000000] Debug LoadChildFamily Method
[5/17/2013 04:20:59 PM][INFO][clChildProgEnrollment][Save][00000000-0000-0000-0000-000000000000] Execute Save Method
[5/17/2013 04:20:59 PM][DEBUG][clChildProgEnrollment][LoadChildFamily][00000000-0000-0000-0000-000000000000] Debug LoadChildFamily Method
[5/17/2013 04:20:59 PM][INFO][clChildProgEnrollment][Save][00000000-0000-0000-0000-000000000000] Execute Save Method
[5/17/2013 04:20:59 PM][DEBUG][clChildProgEnrollment][LoadChildFamily][00000000-0000-0000-0000-000000000000] Debug LoadChildFamily Method
[5/17/2013 04:20:59 PM][INFO][clChildProgEnrollment][Save][00000000-0000-0000-0000-000000000000] Execute Save Method
[5/17/2013 04:20:59 PM][DEBUG][clChildProgEnrollment][LoadChildFamily][00000000-0000-0000-0000-000000000000] Debug LoadChildFamily Method
[5/17/2013 04:20:59 PM][INFO][clChildProgEnrollment][Save][00000000-0000-0000-0000-000000000000] Execute Save Method
[5/17/2013 04:20:59 PM][DEBUG][clChildProgEnrollment][LoadChildFamily][00000000-0000-0000-0000-000000000000] Debug LoadChildFamily Method
[5/17/2013 04:20:59 PM][INFO][clChildProgEnrollment][Save][00000000-0000-0000-0000-000000000000] Execute Save Method
[5/17/2013 04:20:59 PM][DEBUG][clChildProgEnrollment][LoadChildFamily][00000000-0000-0000-0000-000000000000] Debug LoadChildFamily Method
[5/17/2013 04:20:59 PM][INFO][clChildProgEnrollment][Save][00000000-0000-0000-0000-000000000000] Execute Save Method
[5/17/2013 04:20:59 PM][DEBUG][clChildProgEnrollment][LoadChildFamily][00000000-0000-0000-0000-000000000000] Debug LoadChildFamily Method
[5/17/2013 04:20:59 PM][INFO][clChildProgEnrollment][Save][00000000-0000-0000-0000-000000000000] Execute Save Method
[5/17/2013 04:20:59 PM][DEBUG][clChildProgEnrollment][LoadChildFamily][00000000-0000-0000-0000-000000000000] Debug LoadChildFamily Method
[5/17/2013 04:20:59 PM][INFO][clChildProgEnrollment][Save][00000000-0000-0000-0000-000000000000] Execute Save Method
[5/17/2013 04:20:59 PM][DEBUG][clChildProgEnrollment][LoadChildFamily][00000000-0000-0000-0000-000000000000] Debug LoadChildFamily Method
[5/17/2013 04:20:59 PM][INFO][clChildProgEnrollment][Save][00000000-0000-0000-0000-000000000000] Execute Save Method
[5/17/2013 04:20:59 PM][DEBUG][clChildProgEnrollment][LoadChildFamily][00000000-0000-0000-0000-000000000000] Debug LoadChildFamily Method
[5/17/2013 04:20:59 PM][INFO][clChildProgEnrollment][Save][00000000-0000-0000-0000-000000000000] Execute Save Method
[5/17/2013 04:20:59 PM][DEBUG][clChildProgEnrollment][LoadChildFamily][00000000-0000-0000-0000-000000000000] Debug LoadChildFamily Method
[5/17/2013 04:20:59 PM][INFO][clChildProgEnrollment][Save][00000000-0000-0000-0000-000000000000] Execute Save Method
[5/17/2013 04:20:59 PM][DEBUG][clChildProgEnrollment][LoadChildFamily][00000000-0000-0000-0000-000000000000] Debug LoadChildFamily Method
[5/17/2013 04:20:59 PM][INFO][clChildProgEnrollment][Save][00000000-0000-0000-0000-000000000000] Execute Save Method
[5/17/2013 04:20:59 PM][DEBUG][clChildProgEnrollment][LoadChildFamily][00000000-0000-0000-0000-000000000000] Debug LoadChildFamily Method
[5/17/2013 04:20:59 PM][INFO][clChildProgEnrollment][Save][00000000-0000-0000-0000-000000000000] Execute Save Method
[5/17/2013 04:20:59 PM][DEBUG][clChildProgEnrollment][LoadChildFamily][00000000-0000-0000-0000-000000000000] Debug LoadChildFamily Method
[5/17/2013 04:20:59 PM][INFO][clChildProgEnrollment][Save][00000000-0000-0000-0000-000000000000] Execute Save Method
[5/17/2013 04:20:59 PM][DEBUG][clChildProgEnrollment][LoadChildFamily][00000000-0000-0000-0000-000000000000] Debug LoadChildFamily Method
[5/17/2013 04:20:59 PM][INFO][clChildProgEnrollment][Save][00000000-0000-0000-0000-000000000000] Execute Save Method
[5/17/2013 04:20:59 PM][DEBUG][clChildProgEnrollment][LoadChildFamily][00000000-0000-0000-0000-000000000000] Debug LoadChildFamily Method
[5/17/2013 04:20:59 PM][INFO][clChildProgEnrollment][Save][00000000-0000-0000-0000-000000000000] Execute Save Method
[5/17/2013 04:20:59 PM][DEBUG][clChildProgEnrollment][LoadChildFamily][00000000-0000-0000-0000-000000000000] Debug LoadChildFamily Method
[5/17/2013 04:20:59 PM][INFO][clChildProgEnrollment][Save][00000000-0000-0000-0000-000000000000] Execute Save Method
[5/17/2013 04:20:59 PM][DEBUG][clChildProgEnrollment][LoadChildFamily][00000000-0000-0000-0000-000000000000] Debug LoadChildFamily Method
[5/17/2013 04:20:59 PM][INFO][clChildProgEnrollment][Save][00000000-0000-0000-0000-000000000000] Execute Save Method
[5/17/2013 04:20:59 PM][DEBUG][clChildProgEnrollment][LoadChildFamily][00000000-0000-0000-0000-000000000000] Debug LoadChildFamily Method
[5/17/2013 04:20:59 PM][INFO][clChildProgEnrollment][Save][00000000-0000-0000-0000-000000000000] Execute Save Method
[5/17/2013 04:20:59 PM][DEBUG][clChildProgEnrollment][LoadChildFamily][00000000-0000-0000-0000-000000000000] Debug LoadChildFamily Method
[5/17/2013 04:20:59 PM][INFO][clChildProgEnrollment][Save][00000000-0000-0000-0000-000000000000] Execute Save Method
[5/17/2013 04:20:59 PM][DEBUG][clChildProgEnrollment][LoadChildFamily][00000000-0000-0000-0000-000000000000] Debug LoadChildFamily Method
[5/17/2013 04:20:59 PM][INFO][clChildProgEnrollment][Save][00000000-0000-0000-0000-000000000000] Execute Save Method
[5/17/2013 04:20:59 PM][DEBUG][clChildProgEnrollment][LoadChildFamily][00000000-0000-0000-0000-000000000000] Debug LoadChildFamily Method
[5/17/2013 04:20:59 PM][INFO][clChildProgEnrollment][Save][00000000-0000-0000-0000-000000000000] Execute Save Method
[5/17/2013 04:20:59 PM][DEBUG][clChildProgEnrollment][LoadChildFamily][00000000-0000-0000-0000-000000000000] Debug LoadChildFamily Method
[5/17/2013 04:21:07 PM][INFO][clProgClassRoom][LoadProgClassRoom][00000000-0000-0000-0000-000000000000] Execute LoadProgClassRoom Method
[5/17/2013 04:21:07 PM][DEBUG][clProgClassRoom][LoadProgClassRoom][00000000-0000-0000-0000-000000000000] Debug LoadProgClassRoom Method
[5/17/2013 04:21:20 PM][INFO][clProgClassRoom][Save][00000000-0000-0000-0000-000000000000] Execute Save Method
[5/17/2013 04:21:20 PM][DEBUG][clProgClassRoom][Save][00000000-0000-0000-0000-000000000000] Debug Save Method
[5/17/2013 04:21:20 PM][INFO][clProgClassRoom][LoadProgClassRoom][00000000-0000-0000-0000-000000000000] Execute LoadProgClassRoom Method
[5/17/2013 04:21:20 PM][DEBUG][clProgClassRoom][LoadProgClassRoom][00000000-0000-0000-0000-000000000000] Debug LoadProgClassRoom Method
[5/17/2013 04:21:46 PM][INFO][clProgClassRoom][Save][00000000-0000-0000-0000-000000000000] Execute Save Method
[5/17/2013 04:21:46 PM][DEBUG][clProgClassRoom][Save][00000000-0000-0000-0000-000000000000] Debug Save Method
[5/17/2013 04:21:46 PM][INFO][clProgClassRoom][LoadProgClassRoom][00000000-0000-0000-0000-000000000000] Execute LoadProgClassRoom Method
[5/17/2013 04:21:46 PM][DEBUG][clProgClassRoom][LoadProgClassRoom][00000000-0000-0000-0000-000000000000] Debug LoadProgClassRoom Method
[5/17/2013 04:23:58 PM][INFO][clProgClassRoom][Save][00000000-0000-0000-0000-000000000000] Execute Save Method
[5/17/2013 04:24:00 PM][DEBUG][clProgClassRoom][Save][00000000-0000-0000-0000-000000000000] Debug Save Method
[5/17/2013 04:25:25 PM][INFO][clProgClassRoom][LoadProgClassRoom][00000000-0000-0000-0000-000000000000] Execute LoadProgClassRoom Method
[5/17/2013 04:25:25 PM][DEBUG][clProgClassRoom][LoadProgClassRoom][00000000-0000-0000-0000-000000000000] Debug LoadProgClassRoom Method
[5/17/2013 04:25:53 PM][INFO][clProgClassRoom][Save][00000000-0000-0000-0000-000000000000] Execute Save Method
[5/17/2013 04:25:53 PM][DEBUG][clProgClassRoom][Save][00000000-0000-0000-0000-000000000000] Debug Save Method
[5/17/2013 04:25:53 PM][INFO][clProgClassRoom][LoadProgClassRoom][00000000-0000-0000-0000-000000000000] Execute LoadProgClassRoom Method
[5/17/2013 04:25:53 PM][DEBUG][clProgClassRoom][LoadProgClassRoom][00000000-0000-0000-0000-000000000000] Debug LoadProgClassRoom Method
[5/17/2013 04:26:01 PM][INFO][clProgClassRoom][Save][00000000-0000-0000-0000-000000000000] Execute Save Method
[5/17/2013 04:26:01 PM][DEBUG][clProgClassRoom][Save][00000000-0000-0000-0000-000000000000] Debug Save Method
[5/17/2013 04:26:01 PM][INFO][clProgClassRoom][LoadProgClassRoom][00000000-0000-0000-0000-000000000000] Execute LoadProgClassRoom Method
[5/17/2013 04:26:01 PM][DEBUG][clProgClassRoom][LoadProgClassRoom][00000000-0000-0000-0000-000000000000] Debug LoadProgClassRoom Method
[5/17/2013 04:40:17 PM][INFO][clSchoolYear][LoadAllSchoolYear][00000000-0000-0000-0000-000000000000] Execute LoadAllSchoolYear Method
[5/17/2013 04:40:17 PM][DEBUG][clSchoolYear][LoadAllSchoolYear][00000000-0000-0000-0000-000000000000] Debug LoadAllSchoolYear Method
[5/17/2013 04:40:18 PM][INFO][clClassRoom][LoadClassRoom][00000000-0000-0000-0000-000000000000] Execute LoadClassRoom Method
[5/17/2013 04:40:18 PM][DEBUG][clClassRoom][LoadClassRoom][00000000-0000-0000-0000-000000000000] Debug LoadClassRoom Method
[5/17/2013 04:40:30 PM][INFO][clSchoolYear][LoadAllSchoolYear][00000000-0000-0000-0000-000000000000] Execute LoadAllSchoolYear Method
[5/17/2013 04:40:31 PM][DEBUG][clSchoolYear][LoadAllSchoolYear][00000000-0000-0000-0000-000000000000] Debug LoadAllSchoolYear Method
[5/17/2013 04:40:31 PM][INFO][clStaff][LoadStaff][00000000-0000-0000-0000-000000000000] Execute LoadStaff Method
[5/17/2013 04:40:31 PM][DEBUG][clStaff][LoadStaff][00000000-0000-0000-0000-000000000000] Debug LoadStaff Method
[5/17/2013 04:40:31 PM][INFO][clStaff][LoadStaffDetailsByUserNameAndPassword][00000000-0000-0000-0000-000000000000] Execute LoadStaffDetailsByUserNameAndPassword Method
[5/17/2013 04:40:31 PM][INFO][clStaff][ISStaffinCurrentYear][00000000-0000-0000-0000-000000000000] ISStaffinCurrentYear function debug
[5/17/2013 04:40:31 PM][INFO][clStaff][LoadStaffDetailsByUserNameAndPassword][00000000-0000-0000-0000-000000000000] Execute LoadStaffDetailsByUserNameAndPassword Method
[5/17/2013 04:40:31 PM][INFO][clStaff][ISStaffinCurrentYear][00000000-0000-0000-0000-000000000000] ISStaffinCurrentYear function debug
[5/17/2013 04:40:31 PM][INFO][clStaff][LoadStaffDetailsByUserNameAndPassword][00000000-0000-0000-0000-000000000000] Execute LoadStaffDetailsByUserNameAndPassword Method
[5/17/2013 04:40:31 PM][INFO][clStaff][ISStaffinCurrentYear][00000000-0000-0000-0000-000000000000] ISStaffinCurrentYear function debug
[5/17/2013 04:40:31 PM][INFO][clStaff][LoadStaffDetailsByUserNameAndPassword][00000000-0000-0000-0000-000000000000] Execute LoadStaffDetailsByUserNameAndPassword Method
[5/17/2013 04:40:31 PM][INFO][clStaff][ISStaffinCurrentYear][00000000-0000-0000-0000-000000000000] ISStaffinCurrentYear function debug
[5/17/2013 04:40:31 PM][INFO][clStaff][LoadStaffDetailsByUserNameAndPassword][00000000-0000-0000-0000-000000000000] Execute LoadStaffDetailsByUserNameAndPassword Method
[5/17/2013 04:40:31 PM][INFO][clStaff][ISStaffinCurrentYear][00000000-0000-0000-0000-000000000000] ISStaffinCurrentYear function debug
[5/17/2013 04:40:31 PM][INFO][clStaff][LoadStaffDetailsByUserNameAndPassword][00000000-0000-0000-0000-000000000000] Execute LoadStaffDetailsByUserNameAndPassword Method
[5/17/2013 04:40:31 PM][INFO][clStaff][ISStaffinCurrentYear][00000000-0000-0000-0000-000000000000] ISStaffinCurrentYear function debug
[5/17/2013 04:40:31 PM][INFO][clStaff][LoadStaffDetailsByUserNameAndPassword][00000000-0000-0000-0000-000000000000] Execute LoadStaffDetailsByUserNameAndPassword Method
[5/17/2013 04:40:31 PM][INFO][clStaff][ISStaffinCurrentYear][00000000-0000-0000-0000-000000000000] ISStaffinCurrentYear function debug
[5/17/2013 04:40:31 PM][INFO][clStaff][LoadStaffDetailsByUserNameAndPassword][00000000-0000-0000-0000-000000000000] Execute LoadStaffDetailsByUserNameAndPassword Method
[5/17/2013 04:40:31 PM][INFO][clStaff][ISStaffinCurrentYear][00000000-0000-0000-0000-000000000000] ISStaffinCurrentYear function debug
[5/17/2013 04:40:31 PM][INFO][clStaff][LoadStaffDetailsByUserNameAndPassword][00000000-0000-0000-0000-000000000000] Execute LoadStaffDetailsByUserNameAndPassword Method
[5/17/2013 04:40:31 PM][INFO][clStaff][ISStaffinCurrentYear][00000000-0000-0000-0000-000000000000] ISStaffinCurrentYear function debug
[5/17/2013 04:40:31 PM][INFO][clStaff][LoadStaffDetailsByUserNameAndPassword][00000000-0000-0000-0000-000000000000] Execute LoadStaffDetailsByUserNameAndPassword Method
[5/17/2013 04:40:31 PM][INFO][clStaff][ISStaffinCurrentYear][00000000-0000-0000-0000-000000000000] ISStaffinCurrentYear function debug
[5/17/2013 04:40:31 PM][INFO][clStaff][LoadStaffDetailsByUserNameAndPassword][00000000-0000-0000-0000-000000000000] Execute LoadStaffDetailsByUserNameAndPassword Method
[5/17/2013 04:40:31 PM][INFO][clStaff][ISStaffinCurrentYear][00000000-0000-0000-0000-000000000000] ISStaffinCurrentYear function debug
[5/17/2013 04:40:31 PM][INFO][clStaff][LoadStaffDetailsByUserNameAndPassword][00000000-0000-0000-0000-000000000000] Execute LoadStaffDetailsByUserNameAndPassword Method
[5/17/2013 04:40:31 PM][INFO][clStaff][ISStaffinCurrentYear][00000000-0000-0000-0000-000000000000] ISStaffinCurrentYear function debug
[5/17/2013 04:40:31 PM][INFO][clStaff][LoadStaffDetailsByUserNameAndPassword][00000000-0000-0000-0000-000000000000] Execute LoadStaffDetailsByUserNameAndPassword Method
[5/17/2013 04:40:31 PM][INFO][clStaff][ISStaffinCurrentYear][00000000-0000-0000-0000-000000000000] ISStaffinCurrentYear function debug
[5/17/2013 04:40:31 PM][INFO][clStaff][LoadStaffDetailsByUserNameAndPassword][00000000-0000-0000-0000-000000000000] Execute LoadStaffDetailsByUserNameAndPassword Method
[5/17/2013 04:40:31 PM][INFO][clStaff][ISStaffinCurrentYear][00000000-0000-0000-0000-000000000000] ISStaffinCurrentYear function debug
[5/17/2013 04:40:31 PM][INFO][clStaff][LoadStaffDetailsByUserNameAndPassword][00000000-0000-0000-0000-000000000000] Execute LoadStaffDetailsByUserNameAndPassword Method
[5/17/2013 04:40:31 PM][INFO][clStaff][ISStaffinCurrentYear][00000000-0000-0000-0000-000000000000] ISStaffinCurrentYear function debug
[5/17/2013 04:40:31 PM][INFO][clStaff][LoadStaffDetailsByUserNameAndPassword][00000000-0000-0000-0000-000000000000] Execute LoadStaffDetailsByUserNameAndPassword Method
[5/17/2013 04:40:31 PM][INFO][clStaff][ISStaffinCurrentYear][00000000-0000-0000-0000-000000000000] ISStaffinCurrentYear function debug
[5/17/2013 04:40:31 PM][INFO][clStaff][LoadStaffDetailsByUserNameAndPassword][00000000-0000-0000-0000-000000000000] Execute LoadStaffDetailsByUserNameAndPassword Method
[5/17/2013 04:40:31 PM][INFO][clStaff][ISStaffinCurrentYear][00000000-0000-0000-0000-000000000000] ISStaffinCurrentYear function debug
[5/17/2013 04:40:31 PM][INFO][clStaff][LoadStaffDetailsByUserNameAndPassword][00000000-0000-0000-0000-000000000000] Execute LoadStaffDetailsByUserNameAndPassword Method
[5/17/2013 04:40:31 PM][INFO][clStaff][ISStaffinCurrentYear][00000000-0000-0000-0000-000000000000] ISStaffinCurrentYear function debug
[5/17/2013 04:40:31 PM][INFO][clStaff][LoadStaffDetailsByUserNameAndPassword][00000000-0000-0000-0000-000000000000] Execute LoadStaffDetailsByUserNameAndPassword Method
[5/17/2013 04:40:31 PM][INFO][clStaff][ISStaffinCurrentYear][00000000-0000-0000-0000-000000000000] ISStaffinCurrentYear function debug
[5/17/2013 04:40:31 PM][INFO][clStaff][LoadStaffDetailsByUserNameAndPassword][00000000-0000-0000-0000-000000000000] Execute LoadStaffDetailsByUserNameAndPassword Method
[5/17/2013 04:40:31 PM][INFO][clStaff][ISStaffinCurrentYear][00000000-0000-0000-0000-000000000000] ISStaffinCurrentYear function debug
[5/17/2013 04:40:31 PM][INFO][clStaff][LoadStaffDetailsByUserNameAndPassword][00000000-0000-0000-0000-000000000000] Execute LoadStaffDetailsByUserNameAndPassword Method
[5/17/2013 04:40:31 PM][INFO][clStaff][ISStaffinCurrentYear][00000000-0000-0000-0000-000000000000] ISStaffinCurrentYear function debug
[5/17/2013 04:40:31 PM][INFO][clStaff][LoadStaffDetailsByUserNameAndPassword][00000000-0000-0000-0000-000000000000] Execute LoadStaffDetailsByUserNameAndPassword Method
[5/17/2013 04:40:32 PM][INFO][clStaff][ISStaffinCurrentYear][00000000-0000-0000-0000-000000000000] ISStaffinCurrentYear function debug
[5/17/2013 04:40:32 PM][INFO][clStaff][LoadStaffDetailsByUserNameAndPassword][00000000-0000-0000-0000-000000000000] Execute LoadStaffDetailsByUserNameAndPassword Method
[5/17/2013 04:40:32 PM][INFO][clStaff][ISStaffinCurrentYear][00000000-0000-0000-0000-000000000000] ISStaffinCurrentYear function debug
[5/17/2013 04:40:35 PM][INFO][clSchoolYear][LoadAllSchoolYear][00000000-0000-0000-0000-000000000000] Execute LoadAllSchoolYear Method
[5/17/2013 04:40:35 PM][DEBUG][clSchoolYear][LoadAllSchoolYear][00000000-0000-0000-0000-000000000000] Debug LoadAllSchoolYear Method
[5/17/2013 04:40:35 PM][INFO][clClassRoom][LoadClassRoom][00000000-0000-0000-0000-000000000000] Execute LoadClassRoom Method
[5/17/2013 04:40:35 PM][DEBUG][clClassRoom][LoadClassRoom][00000000-0000-0000-0000-000000000000] Debug LoadClassRoom Method
[5/17/2013 04:40:56 PM][INFO][clSchoolYear][LoadAllSchoolYear][00000000-0000-0000-0000-000000000000] Execute LoadAllSchoolYear Method
[5/17/2013 04:40:56 PM][DEBUG][clSchoolYear][LoadAllSchoolYear][00000000-0000-0000-0000-000000000000] Debug LoadAllSchoolYear Method
[5/17/2013 04:40:56 PM][INFO][clStaff][LoadStaff][00000000-0000-0000-0000-000000000000] Execute LoadStaff Method
[5/17/2013 04:40:56 PM][DEBUG][clStaff][LoadStaff][00000000-0000-0000-0000-000000000000] Debug LoadStaff Method
[5/17/2013 04:40:56 PM][INFO][clStaff][LoadStaffDetailsByUserNameAndPassword][00000000-0000-0000-0000-000000000000] Execute LoadStaffDetailsByUserNameAndPassword Method
[5/17/2013 04:40:56 PM][INFO][clStaff][ISStaffinCurrentYear][00000000-0000-0000-0000-000000000000] ISStaffinCurrentYear function debug
[5/17/2013 04:40:56 PM][INFO][clStaff][LoadStaffDetailsByUserNameAndPassword][00000000-0000-0000-0000-000000000000] Execute LoadStaffDetailsByUserNameAndPassword Method
[5/17/2013 04:40:56 PM][INFO][clStaff][ISStaffinCurrentYear][00000000-0000-0000-0000-000000000000] ISStaffinCurrentYear function debug
[5/17/2013 04:40:56 PM][INFO][clStaff][LoadStaffDetailsByUserNameAndPassword][00000000-0000-0000-0000-000000000000] Execute LoadStaffDetailsByUserNameAndPassword Method
[5/17/2013 04:40:56 PM][INFO][clStaff][ISStaffinCurrentYear][00000000-0000-0000-0000-000000000000] ISStaffinCurrentYear function debug
[5/17/2013 04:40:56 PM][INFO][clStaff][LoadStaffDetailsByUserNameAndPassword][00000000-0000-0000-0000-000000000000] Execute LoadStaffDetailsByUserNameAndPassword Method
[5/17/2013 04:40:56 PM][INFO][clStaff][ISStaffinCurrentYear][00000000-0000-0000-0000-000000000000] ISStaffinCurrentYear function debug
[5/17/2013 04:40:56 PM][INFO][clStaff][LoadStaffDetailsByUserNameAndPassword][00000000-0000-0000-0000-000000000000] Execute LoadStaffDetailsByUserNameAndPassword Method
[5/17/2013 04:40:56 PM][INFO][clStaff][ISStaffinCurrentYear][00000000-0000-0000-0000-000000000000] ISStaffinCurrentYear function debug
[5/17/2013 04:40:56 PM][INFO][clStaff][LoadStaffDetailsByUserNameAndPassword][00000000-0000-0000-0000-000000000000] Execute LoadStaffDetailsByUserNameAndPassword Method
[5/17/2013 04:40:56 PM][INFO][clStaff][ISStaffinCurrentYear][00000000-0000-0000-0000-000000000000] ISStaffinCurrentYear function debug
[5/17/2013 04:40:56 PM][INFO][clStaff][LoadStaffDetailsByUserNameAndPassword][00000000-0000-0000-0000-000000000000] Execute LoadStaffDetailsByUserNameAndPassword Method
[5/17/2013 04:40:56 PM][INFO][clStaff][ISStaffinCurrentYear][00000000-0000-0000-0000-000000000000] ISStaffinCurrentYear function debug
[5/17/2013 04:40:56 PM][INFO][clStaff][LoadStaffDetailsByUserNameAndPassword][00000000-0000-0000-0000-000000000000] Execute LoadStaffDetailsByUserNameAndPassword Method
[5/17/2013 04:40:56 PM][INFO][clStaff][ISStaffinCurrentYear][00000000-0000-0000-0000-000000000000] ISStaffinCurrentYear function debug
[5/17/2013 04:40:56 PM][INFO][clStaff][LoadStaffDetailsByUserNameAndPassword][00000000-0000-0000-0000-000000000000] Execute LoadStaffDetailsByUserNameAndPassword Method
[5/17/2013 04:40:56 PM][INFO][clStaff][ISStaffinCurrentYear][00000000-0000-0000-0000-000000000000] ISStaffinCurrentYear function debug
[5/17/2013 04:40:56 PM][INFO][clStaff][LoadStaffDetailsByUserNameAndPassword][00000000-0000-0000-0000-000000000000] Execute LoadStaffDetailsByUserNameAndPassword Method
[5/17/2013 04:40:56 PM][INFO][clStaff][ISStaffinCurrentYear][00000000-0000-0000-0000-000000000000] ISStaffinCurrentYear function debug
[5/17/2013 04:40:56 PM][INFO][clStaff][LoadStaffDetailsByUserNameAndPassword][00000000-0000-0000-0000-000000000000] Execute LoadStaffDetailsByUserNameAndPassword Method
[5/17/2013 04:40:56 PM][INFO][clStaff][ISStaffinCurrentYear][00000000-0000-0000-0000-000000000000] ISStaffinCurrentYear function debug
[5/17/2013 04:40:56 PM][INFO][clStaff][LoadStaffDetailsByUserNameAndPassword][00000000-0000-0000-0000-000000000000] Execute LoadStaffDetailsByUserNameAndPassword Method
[5/17/2013 04:40:56 PM][INFO][clStaff][ISStaffinCurrentYear][00000000-0000-0000-0000-000000000000] ISStaffinCurrentYear function debug
[5/17/2013 04:40:56 PM][INFO][clStaff][LoadStaffDetailsByUserNameAndPassword][00000000-0000-0000-0000-000000000000] Execute LoadStaffDetailsByUserNameAndPassword Method
[5/17/2013 04:40:56 PM][INFO][clStaff][ISStaffinCurrentYear][00000000-0000-0000-0000-000000000000] ISStaffinCurrentYear function debug
[5/17/2013 04:40:56 PM][INFO][clStaff][LoadStaffDetailsByUserNameAndPassword][00000000-0000-0000-0000-000000000000] Execute LoadStaffDetailsByUserNameAndPassword Method
[5/17/2013 04:40:57 PM][INFO][clStaff][ISStaffinCurrentYear][00000000-0000-0000-0000-000000000000] ISStaffinCurrentYear function debug
[5/17/2013 04:40:57 PM][INFO][clStaff][LoadStaffDetailsByUserNameAndPassword][00000000-0000-0000-0000-000000000000] Execute LoadStaffDetailsByUserNameAndPassword Method
[5/17/2013 04:40:57 PM][INFO][clStaff][ISStaffinCurrentYear][00000000-0000-0000-0000-000000000000] ISStaffinCurrentYear function debug
[5/17/2013 04:40:57 PM][INFO][clStaff][LoadStaffDetailsByUserNameAndPassword][00000000-0000-0000-0000-000000000000] Execute LoadStaffDetailsByUserNameAndPassword Method
[5/17/2013 04:40:57 PM][INFO][clStaff][ISStaffinCurrentYear][00000000-0000-0000-0000-000000000000] ISStaffinCurrentYear function debug
[5/17/2013 04:40:57 PM][INFO][clStaff][LoadStaffDetailsByUserNameAndPassword][00000000-0000-0000-0000-000000000000] Execute LoadStaffDetailsByUserNameAndPassword Method
[5/17/2013 04:40:57 PM][INFO][clStaff][ISStaffinCurrentYear][00000000-0000-0000-0000-000000000000] ISStaffinCurrentYear function debug
[5/17/2013 04:40:57 PM][INFO][clStaff][LoadStaffDetailsByUserNameAndPassword][00000000-0000-0000-0000-000000000000] Execute LoadStaffDetailsByUserNameAndPassword Method
[5/17/2013 04:40:57 PM][INFO][clStaff][ISStaffinCurrentYear][00000000-0000-0000-0000-000000000000] ISStaffinCurrentYear function debug
[5/17/2013 04:40:57 PM][INFO][clStaff][LoadStaffDetailsByUserNameAndPassword][00000000-0000-0000-0000-000000000000] Execute LoadStaffDetailsByUserNameAndPassword Method
[5/17/2013 04:40:57 PM][INFO][clStaff][ISStaffinCurrentYear][00000000-0000-0000-0000-000000000000] ISStaffinCurrentYear function debug
[5/17/2013 04:41:01 PM][INFO][clSchoolYear][LoadAllSchoolYear][00000000-0000-0000-0000-000000000000] Execute LoadAllSchoolYear Method
[5/17/2013 04:41:01 PM][DEBUG][clSchoolYear][LoadAllSchoolYear][00000000-0000-0000-0000-000000000000] Debug LoadAllSchoolYear Method
[5/17/2013 04:41:01 PM][INFO][clClassRoom][LoadClassRoom][00000000-0000-0000-0000-000000000000] Execute LoadClassRoom Method
[5/17/2013 04:41:01 PM][DEBUG][clClassRoom][LoadClassRoom][00000000-0000-0000-0000-000000000000] Debug LoadClassRoom Method
[5/17/2013 04:50:48 PM][INFO][clSchoolYear][LoadAllSchoolYear][00000000-0000-0000-0000-000000000000] Execute LoadAllSchoolYear Method
[5/17/2013 04:50:48 PM][DEBUG][clSchoolYear][LoadAllSchoolYear][00000000-0000-0000-0000-000000000000] Debug LoadAllSchoolYear Method
[5/17/2013 04:50:53 PM][INFO][clSchoolProgram][LoadSchoolProgram][00000000-0000-0000-0000-000000000000] Execute LoadSchoolProgram Method
[5/17/2013 04:50:53 PM][DEBUG][clSchoolProgram][LoadSchoolProgram][00000000-0000-0000-0000-000000000000] Debug LoadSchoolProgram Method
[5/17/2013 04:50:53 PM][INFO][clChildProgEnrollment][Save][00000000-0000-0000-0000-000000000000] Execute Save Method
[5/17/2013 04:50:53 PM][DEBUG][clChildProgEnrollment][LoadChildFamily][00000000-0000-0000-0000-000000000000] Debug LoadChildFamily Method
[5/17/2013 04:50:53 PM][INFO][clChildProgEnrollment][Save][00000000-0000-0000-0000-000000000000] Execute Save Method
[5/17/2013 04:50:53 PM][DEBUG][clChildProgEnrollment][LoadChildFamily][00000000-0000-0000-0000-000000000000] Debug LoadChildFamily Method
[5/17/2013 04:50:53 PM][INFO][clChildProgEnrollment][Save][00000000-0000-0000-0000-000000000000] Execute Save Method
[5/17/2013 04:50:53 PM][DEBUG][clChildProgEnrollment][LoadChildFamily][00000000-0000-0000-0000-000000000000] Debug LoadChildFamily Method
[5/17/2013 04:50:53 PM][INFO][clChildProgEnrollment][Save][00000000-0000-0000-0000-000000000000] Execute Save Method
[5/17/2013 04:50:53 PM][DEBUG][clChildProgEnrollment][LoadChildFamily][00000000-0000-0000-0000-000000000000] Debug LoadChildFamily Method
[5/17/2013 04:50:53 PM][INFO][clChildProgEnrollment][Save][00000000-0000-0000-0000-000000000000] Execute Save Method
[5/17/2013 04:50:53 PM][DEBUG][clChildProgEnrollment][LoadChildFamily][00000000-0000-0000-0000-000000000000] Debug LoadChildFamily Method
[5/17/2013 04:50:53 PM][INFO][clChildProgEnrollment][Save][00000000-0000-0000-0000-000000000000] Execute Save Method
[5/17/2013 04:50:53 PM][DEBUG][clChildProgEnrollment][LoadChildFamily][00000000-0000-0000-0000-000000000000] Debug LoadChildFamily Method
[5/17/2013 04:50:53 PM][INFO][clChildProgEnrollment][Save][00000000-0000-0000-0000-000000000000] Execute Save Method
[5/17/2013 04:50:53 PM][DEBUG][clChildProgEnrollment][LoadChildFamily][00000000-0000-0000-0000-000000000000] Debug LoadChildFamily Method
[5/17/2013 04:50:53 PM][INFO][clChildProgEnrollment][Save][00000000-0000-0000-0000-000000000000] Execute Save Method
[5/17/2013 04:50:53 PM][DEBUG][clChildProgEnrollment][LoadChildFamily][00000000-0000-0000-0000-000000000000] Debug LoadChildFamily Method
[5/17/2013 04:50:53 PM][INFO][clChildProgEnrollment][Save][00000000-0000-0000-0000-000000000000] Execute Save Method
[5/17/2013 04:50:53 PM][DEBUG][clChildProgEnrollment][LoadChildFamily][00000000-0000-0000-0000-000000000000] Debug LoadChildFamily Method
[5/17/2013 04:50:53 PM][INFO][clChildProgEnrollment][Save][00000000-0000-0000-0000-000000000000] Execute Save Method
[5/17/2013 04:50:53 PM][DEBUG][clChildProgEnrollment][LoadChildFamily][00000000-0000-0000-0000-000000000000] Debug LoadChildFamily Method
[5/17/2013 04:50:53 PM][INFO][clChildProgEnrollment][Save][00000000-0000-0000-0000-000000000000] Execute Save Method
[5/17/2013 04:50:53 PM][DEBUG][clChildProgEnrollment][LoadChildFamily][00000000-0000-0000-0000-000000000000] Debug LoadChildFamily Method
[5/17/2013 04:50:53 PM][INFO][clChildProgEnrollment][Save][00000000-0000-0000-0000-000000000000] Execute Save Method
[5/17/2013 04:50:53 PM][DEBUG][clChildProgEnrollment][LoadChildFamily][00000000-0000-0000-0000-000000000000] Debug LoadChildFamily Method
[5/17/2013 04:50:53 PM][INFO][clChildProgEnrollment][Save][00000000-0000-0000-0000-000000000000] Execute Save Method
[5/17/2013 04:50:53 PM][DEBUG][clChildProgEnrollment][LoadChildFamily][00000000-0000-0000-0000-000000000000] Debug LoadChildFamily Method
[5/17/2013 04:50:53 PM][INFO][clChildProgEnrollment][Save][00000000-0000-0000-0000-000000000000] Execute Save Method
[5/17/2013 04:50:53 PM][DEBUG][clChildProgEnrollment][LoadChildFamily][00000000-0000-0000-0000-000000000000] Debug LoadChildFamily Method
[5/17/2013 04:50:53 PM][INFO][clChildProgEnrollment][Save][00000000-0000-0000-0000-000000000000] Execute Save Method
[5/17/2013 04:50:53 PM][DEBUG][clChildProgEnrollment][LoadChildFamily][00000000-0000-0000-0000-000000000000] Debug LoadChildFamily Method
[5/17/2013 04:50:53 PM][INFO][clChildProgEnrollment][Save][00000000-0000-0000-0000-000000000000] Execute Save Method
[5/17/2013 04:50:53 PM][DEBUG][clChildProgEnrollment][LoadChildFamily][00000000-0000-0000-0000-000000000000] Debug LoadChildFamily Method
[5/17/2013 04:50:53 PM][INFO][clChildProgEnrollment][Save][00000000-0000-0000-0000-000000000000] Execute Save Method
[5/17/2013 04:50:53 PM][DEBUG][clChildProgEnrollment][LoadChildFamily][00000000-0000-0000-0000-000000000000] Debug LoadChildFamily Method
[5/17/2013 04:50:53 PM][INFO][clChildProgEnrollment][Save][00000000-0000-0000-0000-000000000000] Execute Save Method
[5/17/2013 04:50:53 PM][DEBUG][clChildProgEnrollment][LoadChildFamily][00000000-0000-0000-0000-000000000000] Debug LoadChildFamily Method
[5/17/2013 04:50:53 PM][INFO][clChildProgEnrollment][Save][00000000-0000-0000-0000-000000000000] Execute Save Method
[5/17/2013 04:50:53 PM][DEBUG][clChildProgEnrollment][LoadChildFamily][00000000-0000-0000-0000-000000000000] Debug LoadChildFamily Method
[5/17/2013 04:50:53 PM][INFO][clChildProgEnrollment][Save][00000000-0000-0000-0000-000000000000] Execute Save Method
[5/17/2013 04:50:53 PM][DEBUG][clChildProgEnrollment][LoadChildFamily][00000000-0000-0000-0000-000000000000] Debug LoadChildFamily Method
[5/17/2013 04:50:53 PM][INFO][clChildProgEnrollment][Save][00000000-0000-0000-0000-000000000000] Execute Save Method
[5/17/2013 04:50:53 PM][DEBUG][clChildProgEnrollment][LoadChildFamily][00000000-0000-0000-0000-000000000000] Debug LoadChildFamily Method
[5/17/2013 04:50:53 PM][INFO][clChildProgEnrollment][Save][00000000-0000-0000-0000-000000000000] Execute Save Method
[5/17/2013 04:50:53 PM][DEBUG][clChildProgEnrollment][LoadChildFamily][00000000-0000-0000-0000-000000000000] Debug LoadChildFamily Method
[5/17/2013 04:50:53 PM][INFO][clChildProgEnrollment][Save][00000000-0000-0000-0000-000000000000] Execute Save Method
[5/17/2013 04:50:53 PM][DEBUG][clChildProgEnrollment][LoadChildFamily][00000000-0000-0000-0000-000000000000] Debug LoadChildFamily Method
[5/17/2013 04:50:53 PM][INFO][clChildProgEnrollment][Save][00000000-0000-0000-0000-000000000000] Execute Save Method
[5/17/2013 04:50:53 PM][DEBUG][clChildProgEnrollment][LoadChildFamily][00000000-0000-0000-0000-000000000000] Debug LoadChildFamily Method
[5/17/2013 04:50:53 PM][INFO][clChildProgEnrollment][Save][00000000-0000-0000-0000-000000000000] Execute Save Method
[5/17/2013 04:50:53 PM][DEBUG][clChildProgEnrollment][LoadChildFamily][00000000-0000-0000-0000-000000000000] Debug LoadChildFamily Method
[5/17/2013 04:50:53 PM][INFO][clChildProgEnrollment][Save][00000000-0000-0000-0000-000000000000] Execute Save Method
[5/17/2013 04:50:53 PM][DEBUG][clChildProgEnrollment][LoadChildFamily][00000000-0000-0000-0000-000000000000] Debug LoadChildFamily Method
[5/17/2013 04:50:53 PM][INFO][clChildProgEnrollment][Save][00000000-0000-0000-0000-000000000000] Execute Save Method
[5/17/2013 04:50:53 PM][DEBUG][clChildProgEnrollment][LoadChildFamily][00000000-0000-0000-0000-000000000000] Debug LoadChildFamily Method
[5/17/2013 04:50:53 PM][INFO][clChildProgEnrollment][Save][00000000-0000-0000-0000-000000000000] Execute Save Method
[5/17/2013 04:50:53 PM][DEBUG][clChildProgEnrollment][LoadChildFamily][00000000-0000-0000-0000-000000000000] Debug LoadChildFamily Method
[5/17/2013 04:50:53 PM][INFO][clChildProgEnrollment][Save][00000000-0000-0000-0000-000000000000] Execute Save Method
[5/17/2013 04:50:53 PM][DEBUG][clChildProgEnrollment][LoadChildFamily][00000000-0000-0000-0000-000000000000] Debug LoadChildFamily Method
[5/17/2013 04:50:53 PM][INFO][clChildProgEnrollment][Save][00000000-0000-0000-0000-000000000000] Execute Save Method
[5/17/2013 04:50:53 PM][DEBUG][clChildProgEnrollment][LoadChildFamily][00000000-0000-0000-0000-000000000000] Debug LoadChildFamily Method
[5/17/2013 04:51:03 PM][INFO][clProgClassRoom][LoadProgClassRoom][00000000-0000-0000-0000-000000000000] Execute LoadProgClassRoom Method
[5/17/2013 04:51:03 PM][DEBUG][clProgClassRoom][LoadProgClassRoom][00000000-0000-0000-0000-000000000000] Debug LoadProgClassRoom Method
[5/17/2013 04:52:01 PM][INFO][clProgClassRoom][Save][00000000-0000-0000-0000-000000000000] Execute Save Method
[5/17/2013 04:52:02 PM][DEBUG][clProgClassRoom][Save][00000000-0000-0000-0000-000000000000] Debug Save Method
[5/17/2013 04:52:02 PM][INFO][clProgClassRoom][LoadProgClassRoom][00000000-0000-0000-0000-000000000000] Execute LoadProgClassRoom Method
[5/17/2013 04:52:02 PM][DEBUG][clProgClassRoom][LoadProgClassRoom][00000000-0000-0000-0000-000000000000] Debug LoadProgClassRoom Method
[5/17/2013 04:52:17 PM][INFO][clProgClassRoom][Save][00000000-0000-0000-0000-000000000000] Execute Save Method
[5/17/2013 04:52:17 PM][DEBUG][clProgClassRoom][Save][00000000-0000-0000-0000-000000000000] Debug Save Method
[5/17/2013 04:52:17 PM][INFO][clProgClassRoom][LoadProgClassRoom][00000000-0000-0000-0000-000000000000] Execute LoadProgClassRoom Method
[5/17/2013 04:52:17 PM][DEBUG][clProgClassRoom][LoadProgClassRoom][00000000-0000-0000-0000-000000000000] Debug LoadProgClassRoom Method
[5/17/2013 04:55:27 PM][INFO][clSchoolYear][LoadAllSchoolYear][00000000-0000-0000-0000-000000000000] Execute LoadAllSchoolYear Method
[5/17/2013 04:55:27 PM][DEBUG][clSchoolYear][LoadAllSchoolYear][00000000-0000-0000-0000-000000000000] Debug LoadAllSchoolYear Method
[5/17/2013 04:55:27 PM][INFO][clStaff][LoadStaff][00000000-0000-0000-0000-000000000000] Execute LoadStaff Method
[5/17/2013 04:55:27 PM][DEBUG][clStaff][LoadStaff][00000000-0000-0000-0000-000000000000] Debug LoadStaff Method
[5/17/2013 04:55:27 PM][INFO][clStaff][LoadStaffDetailsByUserNameAndPassword][00000000-0000-0000-0000-000000000000] Execute LoadStaffDetailsByUserNameAndPassword Method
[5/17/2013 04:55:27 PM][INFO][clStaff][ISStaffinCurrentYear][00000000-0000-0000-0000-000000000000] ISStaffinCurrentYear function debug
[5/17/2013 04:55:27 PM][INFO][clStaff][LoadStaffDetailsByUserNameAndPassword][00000000-0000-0000-0000-000000000000] Execute LoadStaffDetailsByUserNameAndPassword Method
[5/17/2013 04:55:27 PM][INFO][clStaff][ISStaffinCurrentYear][00000000-0000-0000-0000-000000000000] ISStaffinCurrentYear function debug
[5/17/2013 04:55:27 PM][INFO][clStaff][LoadStaffDetailsByUserNameAndPassword][00000000-0000-0000-0000-000000000000] Execute LoadStaffDetailsByUserNameAndPassword Method
[5/17/2013 04:55:27 PM][INFO][clStaff][ISStaffinCurrentYear][00000000-0000-0000-0000-000000000000] ISStaffinCurrentYear function debug
[5/17/2013 04:55:27 PM][INFO][clStaff][LoadStaffDetailsByUserNameAndPassword][00000000-0000-0000-0000-000000000000] Execute LoadStaffDetailsByUserNameAndPassword Method
[5/17/2013 04:55:27 PM][INFO][clStaff][ISStaffinCurrentYear][00000000-0000-0000-0000-000000000000] ISStaffinCurrentYear function debug
[5/17/2013 04:55:27 PM][INFO][clStaff][LoadStaffDetailsByUserNameAndPassword][00000000-0000-0000-0000-000000000000] Execute LoadStaffDetailsByUserNameAndPassword Method
[5/17/2013 04:55:27 PM][INFO][clStaff][ISStaffinCurrentYear][00000000-0000-0000-0000-000000000000] ISStaffinCurrentYear function debug
[5/17/2013 04:55:27 PM][INFO][clStaff][LoadStaffDetailsByUserNameAndPassword][00000000-0000-0000-0000-000000000000] Execute LoadStaffDetailsByUserNameAndPassword Method
[5/17/2013 04:55:27 PM][INFO][clStaff][ISStaffinCurrentYear][00000000-0000-0000-0000-000000000000] ISStaffinCurrentYear function debug
[5/17/2013 04:55:27 PM][INFO][clStaff][LoadStaffDetailsByUserNameAndPassword][00000000-0000-0000-0000-000000000000] Execute LoadStaffDetailsByUserNameAndPassword Method
[5/17/2013 04:55:27 PM][INFO][clStaff][ISStaffinCurrentYear][00000000-0000-0000-0000-000000000000] ISStaffinCurrentYear function debug
[5/17/2013 04:55:27 PM][INFO][clStaff][LoadStaffDetailsByUserNameAndPassword][00000000-0000-0000-0000-000000000000] Execute LoadStaffDetailsByUserNameAndPassword Method
[5/17/2013 04:55:27 PM][INFO][clStaff][ISStaffinCurrentYear][00000000-0000-0000-0000-000000000000] ISStaffinCurrentYear function debug
[5/17/2013 04:55:27 PM][INFO][clStaff][LoadStaffDetailsByUserNameAndPassword][00000000-0000-0000-0000-000000000000] Execute LoadStaffDetailsByUserNameAndPassword Method
[5/17/2013 04:55:27 PM][INFO][clStaff][ISStaffinCurrentYear][00000000-0000-0000-0000-000000000000] ISStaffinCurrentYear function debug
[5/17/2013 04:55:27 PM][INFO][clStaff][LoadStaffDetailsByUserNameAndPassword][00000000-0000-0000-0000-000000000000] Execute LoadStaffDetailsByUserNameAndPassword Method
[5/17/2013 04:55:27 PM][INFO][clStaff][ISStaffinCurrentYear][00000000-0000-0000-0000-000000000000] ISStaffinCurrentYear function debug
[5/17/2013 04:55:27 PM][INFO][clStaff][LoadStaffDetailsByUserNameAndPassword][00000000-0000-0000-0000-000000000000] Execute LoadStaffDetailsByUserNameAndPassword Method
[5/17/2013 04:55:27 PM][INFO][clStaff][ISStaffinCurrentYear][00000000-0000-0000-0000-000000000000] ISStaffinCurrentYear function debug
[5/17/2013 04:55:27 PM][INFO][clStaff][LoadStaffDetailsByUserNameAndPassword][00000000-0000-0000-0000-000000000000] Execute LoadStaffDetailsByUserNameAndPassword Method
[5/17/2013 04:55:27 PM][INFO][clStaff][ISStaffinCurrentYear][00000000-0000-0000-0000-000000000000] ISStaffinCurrentYear function debug
[5/17/2013 04:55:27 PM][INFO][clStaff][LoadStaffDetailsByUserNameAndPassword][00000000-0000-0000-0000-000000000000] Execute LoadStaffDetailsByUserNameAndPassword Method
[5/17/2013 04:55:27 PM][INFO][clStaff][ISStaffinCurrentYear][00000000-0000-0000-0000-000000000000] ISStaffinCurrentYear function debug
[5/17/2013 04:55:27 PM][INFO][clStaff][LoadStaffDetailsByUserNameAndPassword][00000000-0000-0000-0000-000000000000] Execute LoadStaffDetailsByUserNameAndPassword Method
[5/17/2013 04:55:27 PM][INFO][clStaff][ISStaffinCurrentYear][00000000-0000-0000-0000-000000000000] ISStaffinCurrentYear function debug
[5/17/2013 04:55:27 PM][INFO][clStaff][LoadStaffDetailsByUserNameAndPassword][00000000-0000-0000-0000-000000000000] Execute LoadStaffDetailsByUserNameAndPassword Method
[5/17/2013 04:55:28 PM][INFO][clStaff][ISStaffinCurrentYear][00000000-0000-0000-0000-000000000000] ISStaffinCurrentYear function debug
[5/17/2013 04:55:28 PM][INFO][clStaff][LoadStaffDetailsByUserNameAndPassword][00000000-0000-0000-0000-000000000000] Execute LoadStaffDetailsByUserNameAndPassword Method
[5/17/2013 04:55:28 PM][INFO][clStaff][ISStaffinCurrentYear][00000000-0000-0000-0000-000000000000] ISStaffinCurrentYear function debug
[5/17/2013 04:55:28 PM][INFO][clStaff][LoadStaffDetailsByUserNameAndPassword][00000000-0000-0000-0000-000000000000] Execute LoadStaffDetailsByUserNameAndPassword Method
[5/17/2013 04:55:28 PM][INFO][clStaff][ISStaffinCurrentYear][00000000-0000-0000-0000-000000000000] ISStaffinCurrentYear function debug
[5/17/2013 04:55:28 PM][INFO][clStaff][LoadStaffDetailsByUserNameAndPassword][00000000-0000-0000-0000-000000000000] Execute LoadStaffDetailsByUserNameAndPassword Method
[5/17/2013 04:55:28 PM][INFO][clStaff][ISStaffinCurrentYear][00000000-0000-0000-0000-000000000000] ISStaffinCurrentYear function debug
[5/17/2013 04:55:28 PM][INFO][clStaff][LoadStaffDetailsByUserNameAndPassword][00000000-0000-0000-0000-000000000000] Execute LoadStaffDetailsByUserNameAndPassword Method
[5/17/2013 04:55:28 PM][INFO][clStaff][ISStaffinCurrentYear][00000000-0000-0000-0000-000000000000] ISStaffinCurrentYear function debug
[5/17/2013 04:55:28 PM][INFO][clStaff][LoadStaffDetailsByUserNameAndPassword][00000000-0000-0000-0000-000000000000] Execute LoadStaffDetailsByUserNameAndPassword Method
[5/17/2013 04:55:28 PM][INFO][clStaff][ISStaffinCurrentYear][00000000-0000-0000-0000-000000000000] ISStaffinCurrentYear function debug
[5/17/2013 04:55:28 PM][INFO][clStaff][LoadStaffDetailsByUserNameAndPassword][00000000-0000-0000-0000-000000000000] Execute LoadStaffDetailsByUserNameAndPassword Method
[5/17/2013 04:55:28 PM][INFO][clStaff][ISStaffinCurrentYear][00000000-0000-0000-0000-000000000000] ISStaffinCurrentYear function debug
[5/17/2013 04:55:28 PM][INFO][clStaff][LoadStaffDetailsByUserNameAndPassword][00000000-0000-0000-0000-000000000000] Execute LoadStaffDetailsByUserNameAndPassword Method
[5/17/2013 04:55:28 PM][INFO][clStaff][ISStaffinCurrentYear][00000000-0000-0000-0000-000000000000] ISStaffinCurrentYear function debug
[5/17/2013 04:55:28 PM][INFO][clStaff][LoadStaffDetailsByUserNameAndPassword][00000000-0000-0000-0000-000000000000] Execute LoadStaffDetailsByUserNameAndPassword Method
[5/17/2013 04:55:28 PM][INFO][clStaff][ISStaffinCurrentYear][00000000-0000-0000-0000-000000000000] ISStaffinCurrentYear function debug
[5/17/2013 04:55:59 PM][INFO][clSchoolYear][LoadAllSchoolYear][00000000-0000-0000-0000-000000000000] Execute LoadAllSchoolYear Method
[5/17/2013 04:55:59 PM][DEBUG][clSchoolYear][LoadAllSchoolYear][00000000-0000-0000-0000-000000000000] Debug LoadAllSchoolYear Method
[5/17/2013 04:55:59 PM][INFO][clSchoolProgram][LoadSchoolProgram][00000000-0000-0000-0000-000000000000] Execute LoadSchoolProgram Method
[5/17/2013 04:55:59 PM][DEBUG][clSchoolProgram][LoadSchoolProgram][00000000-0000-0000-0000-000000000000] Debug LoadSchoolProgram Method
[5/17/2013 04:55:59 PM][INFO][clChildProgEnrollment][Save][00000000-0000-0000-0000-000000000000] Execute Save Method
[5/17/2013 04:55:59 PM][DEBUG][clChildProgEnrollment][LoadChildFamily][00000000-0000-0000-0000-000000000000] Debug LoadChildFamily Method
[5/17/2013 04:55:59 PM][INFO][clChildProgEnrollment][Save][00000000-0000-0000-0000-000000000000] Execute Save Method
[5/17/2013 04:55:59 PM][DEBUG][clChildProgEnrollment][LoadChildFamily][00000000-0000-0000-0000-000000000000] Debug LoadChildFamily Method
[5/17/2013 04:55:59 PM][INFO][clChildProgEnrollment][Save][00000000-0000-0000-0000-000000000000] Execute Save Method
[5/17/2013 04:55:59 PM][DEBUG][clChildProgEnrollment][LoadChildFamily][00000000-0000-0000-0000-000000000000] Debug LoadChildFamily Method
[5/17/2013 04:55:59 PM][INFO][clChildProgEnrollment][Save][00000000-0000-0000-0000-000000000000] Execute Save Method
[5/17/2013 04:55:59 PM][DEBUG][clChildProgEnrollment][LoadChildFamily][00000000-0000-0000-0000-000000000000] Debug LoadChildFamily Method
[5/17/2013 04:55:59 PM][INFO][clChildProgEnrollment][Save][00000000-0000-0000-0000-000000000000] Execute Save Method
[5/17/2013 04:55:59 PM][DEBUG][clChildProgEnrollment][LoadChildFamily][00000000-0000-0000-0000-000000000000] Debug LoadChildFamily Method
[5/17/2013 04:55:59 PM][INFO][clChildProgEnrollment][Save][00000000-0000-0000-0000-000000000000] Execute Save Method
[5/17/2013 04:55:59 PM][DEBUG][clChildProgEnrollment][LoadChildFamily][00000000-0000-0000-0000-000000000000] Debug LoadChildFamily Method
[5/17/2013 04:55:59 PM][INFO][clChildProgEnrollment][Save][00000000-0000-0000-0000-000000000000] Execute Save Method
[5/17/2013 04:55:59 PM][DEBUG][clChildProgEnrollment][LoadChildFamily][00000000-0000-0000-0000-000000000000] Debug LoadChildFamily Method
[5/17/2013 04:55:59 PM][INFO][clChildProgEnrollment][Save][00000000-0000-0000-0000-000000000000] Execute Save Method
[5/17/2013 04:55:59 PM][DEBUG][clChildProgEnrollment][LoadChildFamily][00000000-0000-0000-0000-000000000000] Debug LoadChildFamily Method
[5/17/2013 04:55:59 PM][INFO][clChildProgEnrollment][Save][00000000-0000-0000-0000-000000000000] Execute Save Method
[5/17/2013 04:55:59 PM][DEBUG][clChildProgEnrollment][LoadChildFamily][00000000-0000-0000-0000-000000000000] Debug LoadChildFamily Method
[5/17/2013 04:55:59 PM][INFO][clChildProgEnrollment][Save][00000000-0000-0000-0000-000000000000] Execute Save Method
[5/17/2013 04:55:59 PM][DEBUG][clChildProgEnrollment][LoadChildFamily][00000000-0000-0000-0000-000000000000] Debug LoadChildFamily Method
[5/17/2013 04:55:59 PM][INFO][clChildProgEnrollment][Save][00000000-0000-0000-0000-000000000000] Execute Save Method
[5/17/2013 04:55:59 PM][DEBUG][clChildProgEnrollment][LoadChildFamily][00000000-0000-0000-0000-000000000000] Debug LoadChildFamily Method
[5/17/2013 04:55:59 PM][INFO][clChildProgEnrollment][Save][00000000-0000-0000-0000-000000000000] Execute Save Method
[5/17/2013 04:55:59 PM][DEBUG][clChildProgEnrollment][LoadChildFamily][00000000-0000-0000-0000-000000000000] Debug LoadChildFamily Method
[5/17/2013 04:55:59 PM][INFO][clChildProgEnrollment][Save][00000000-0000-0000-0000-000000000000] Execute Save Method
[5/17/2013 04:55:59 PM][DEBUG][clChildProgEnrollment][LoadChildFamily][00000000-0000-0000-0000-000000000000] Debug LoadChildFamily Method
[5/17/2013 04:55:59 PM][INFO][clChildProgEnrollment][Save][00000000-0000-0000-0000-000000000000] Execute Save Method
[5/17/2013 04:55:59 PM][DEBUG][clChildProgEnrollment][LoadChildFamily][00000000-0000-0000-0000-000000000000] Debug LoadChildFamily Method
[5/17/2013 04:55:59 PM][INFO][clChildProgEnrollment][Save][00000000-0000-0000-0000-000000000000] Execute Save Method
[5/17/2013 04:55:59 PM][DEBUG][clChildProgEnrollment][LoadChildFamily][00000000-0000-0000-0000-000000000000] Debug LoadChildFamily Method
[5/17/2013 04:55:59 PM][INFO][clChildProgEnrollment][Save][00000000-0000-0000-0000-000000000000] Execute Save Method
[5/17/2013 04:55:59 PM][DEBUG][clChildProgEnrollment][LoadChildFamily][00000000-0000-0000-0000-000000000000] Debug LoadChildFamily Method
[5/17/2013 04:55:59 PM][INFO][clChildProgEnrollment][Save][00000000-0000-0000-0000-000000000000] Execute Save Method
[5/17/2013 04:55:59 PM][DEBUG][clChildProgEnrollment][LoadChildFamily][00000000-0000-0000-0000-000000000000] Debug LoadChildFamily Method
[5/17/2013 04:55:59 PM][INFO][clChildProgEnrollment][Save][00000000-0000-0000-0000-000000000000] Execute Save Method
[5/17/2013 04:55:59 PM][DEBUG][clChildProgEnrollment][LoadChildFamily][00000000-0000-0000-0000-000000000000] Debug LoadChildFamily Method
[5/17/2013 04:55:59 PM][INFO][clChildProgEnrollment][Save][00000000-0000-0000-0000-000000000000] Execute Save Method
[5/17/2013 04:55:59 PM][DEBUG][clChildProgEnrollment][LoadChildFamily][00000000-0000-0000-0000-000000000000] Debug LoadChildFamily Method
[5/17/2013 04:55:59 PM][INFO][clChildProgEnrollment][Save][00000000-0000-0000-0000-000000000000] Execute Save Method
[5/17/2013 04:55:59 PM][DEBUG][clChildProgEnrollment][LoadChildFamily][00000000-0000-0000-0000-000000000000] Debug LoadChildFamily Method
[5/17/2013 04:55:59 PM][INFO][clChildProgEnrollment][Save][00000000-0000-0000-0000-000000000000] Execute Save Method
[5/17/2013 04:55:59 PM][DEBUG][clChildProgEnrollment][LoadChildFamily][00000000-0000-0000-0000-000000000000] Debug LoadChildFamily Method
[5/17/2013 04:55:59 PM][INFO][clChildProgEnrollment][Save][00000000-0000-0000-0000-000000000000] Execute Save Method
[5/17/2013 04:55:59 PM][DEBUG][clChildProgEnrollment][LoadChildFamily][00000000-0000-0000-0000-000000000000] Debug LoadChildFamily Method
[5/17/2013 04:55:59 PM][INFO][clChildProgEnrollment][Save][00000000-0000-0000-0000-000000000000] Execute Save Method
[5/17/2013 04:55:59 PM][DEBUG][clChildProgEnrollment][LoadChildFamily][00000000-0000-0000-0000-000000000000] Debug LoadChildFamily Method
[5/17/2013 04:55:59 PM][INFO][clChildProgEnrollment][Save][00000000-0000-0000-0000-000000000000] Execute Save Method
[5/17/2013 04:55:59 PM][DEBUG][clChildProgEnrollment][LoadChildFamily][00000000-0000-0000-0000-000000000000] Debug LoadChildFamily Method
[5/17/2013 04:55:59 PM][INFO][clChildProgEnrollment][Save][00000000-0000-0000-0000-000000000000] Execute Save Method
[5/17/2013 04:55:59 PM][DEBUG][clChildProgEnrollment][LoadChildFamily][00000000-0000-0000-0000-000000000000] Debug LoadChildFamily Method
[5/17/2013 04:55:59 PM][INFO][clChildProgEnrollment][Save][00000000-0000-0000-0000-000000000000] Execute Save Method
[5/17/2013 04:55:59 PM][DEBUG][clChildProgEnrollment][LoadChildFamily][00000000-0000-0000-0000-000000000000] Debug LoadChildFamily Method
[5/17/2013 04:56:03 PM][INFO][clProgClassRoom][LoadProgClassRoom][00000000-0000-0000-0000-000000000000] Execute LoadProgClassRoom Method
[5/17/2013 04:56:03 PM][DEBUG][clProgClassRoom][LoadProgClassRoom][00000000-0000-0000-0000-000000000000] Debug LoadProgClassRoom Method
[5/17/2013 05:48:22 PM][INFO][clSchool][LoadAllSchool][00000000-0000-0000-0000-000000000000] LoadAllSchool method called
[5/17/2013 05:48:22 PM][DEBUG][clSchool][LoadAllSchool][00000000-0000-0000-0000-000000000000] Debug LoadAllSchool called
[5/17/2013 05:48:29 PM][INFO][clStaff][LoadStaffDetailsByUserNameAndPassword][00000000-0000-0000-0000-000000000000] Execute LoadStaffDetailsByUserNameAndPassword Method
[5/17/2013 05:48:29 PM][DEBUG][clStaff][LoadStaffDetailsByUserNameAndPassword][00000000-0000-0000-0000-000000000000] Debug LoadStaffDetailsByUserNameAndPassword Method
[5/17/2013 05:48:29 PM][INFO][clSchoolYear][LoadAllSchoolYear][00000000-0000-0000-0000-000000000000] Execute LoadAllSchoolYear Method
[5/17/2013 05:48:29 PM][DEBUG][clSchoolYear][LoadAllSchoolYear][00000000-0000-0000-0000-000000000000] Debug LoadAllSchoolYear Method
[5/17/2013 05:51:54 PM][INFO][clSchoolYear][LoadAllSchoolYear][00000000-0000-0000-0000-000000000000] Execute LoadAllSchoolYear Method
[5/17/2013 05:51:54 PM][DEBUG][clSchoolYear][LoadAllSchoolYear][00000000-0000-0000-0000-000000000000] Debug LoadAllSchoolYear Method
[5/17/2013 05:51:54 PM][INFO][clStaff][LoadStaff][00000000-0000-0000-0000-000000000000] Execute LoadStaff Method
[5/17/2013 05:51:54 PM][DEBUG][clStaff][LoadStaff][00000000-0000-0000-0000-000000000000] Debug LoadStaff Method
[5/17/2013 05:51:54 PM][INFO][clStaff][LoadStaffDetailsByUserNameAndPassword][00000000-0000-0000-0000-000000000000] Execute LoadStaffDetailsByUserNameAndPassword Method
[5/17/2013 05:51:54 PM][INFO][clStaff][ISStaffinCurrentYear][00000000-0000-0000-0000-000000000000] ISStaffinCurrentYear function debug
[5/17/2013 05:51:54 PM][INFO][clStaff][LoadStaffDetailsByUserNameAndPassword][00000000-0000-0000-0000-000000000000] Execute LoadStaffDetailsByUserNameAndPassword Method
[5/17/2013 05:51:54 PM][INFO][clStaff][ISStaffinCurrentYear][00000000-0000-0000-0000-000000000000] ISStaffinCurrentYear function debug
[5/17/2013 05:51:54 PM][INFO][clStaff][LoadStaffDetailsByUserNameAndPassword][00000000-0000-0000-0000-000000000000] Execute LoadStaffDetailsByUserNameAndPassword Method
[5/17/2013 05:51:54 PM][INFO][clStaff][ISStaffinCurrentYear][00000000-0000-0000-0000-000000000000] ISStaffinCurrentYear function debug
[5/17/2013 05:51:54 PM][INFO][clStaff][LoadStaffDetailsByUserNameAndPassword][00000000-0000-0000-0000-000000000000] Execute LoadStaffDetailsByUserNameAndPassword Method
[5/17/2013 05:51:54 PM][INFO][clStaff][ISStaffinCurrentYear][00000000-0000-0000-0000-000000000000] ISStaffinCurrentYear function debug
[5/17/2013 05:51:54 PM][INFO][clStaff][LoadStaffDetailsByUserNameAndPassword][00000000-0000-0000-0000-000000000000] Execute LoadStaffDetailsByUserNameAndPassword Method
[5/17/2013 05:51:54 PM][INFO][clStaff][ISStaffinCurrentYear][00000000-0000-0000-0000-000000000000] ISStaffinCurrentYear function debug
[5/17/2013 05:51:54 PM][INFO][clStaff][LoadStaffDetailsByUserNameAndPassword][00000000-0000-0000-0000-000000000000] Execute LoadStaffDetailsByUserNameAndPassword Method
[5/17/2013 05:51:54 PM][INFO][clStaff][ISStaffinCurrentYear][00000000-0000-0000-0000-000000000000] ISStaffinCurrentYear function debug
[5/17/2013 05:51:54 PM][INFO][clStaff][LoadStaffDetailsByUserNameAndPassword][00000000-0000-0000-0000-000000000000] Execute LoadStaffDetailsByUserNameAndPassword Method
[5/17/2013 05:51:54 PM][INFO][clStaff][ISStaffinCurrentYear][00000000-0000-0000-0000-000000000000] ISStaffinCurrentYear function debug
[5/17/2013 05:51:54 PM][INFO][clStaff][LoadStaffDetailsByUserNameAndPassword][00000000-0000-0000-0000-000000000000] Execute LoadStaffDetailsByUserNameAndPassword Method
[5/17/2013 05:51:54 PM][INFO][clStaff][ISStaffinCurrentYear][00000000-0000-0000-0000-000000000000] ISStaffinCurrentYear function debug
[5/17/2013 05:51:54 PM][INFO][clStaff][LoadStaffDetailsByUserNameAndPassword][00000000-0000-0000-0000-000000000000] Execute LoadStaffDetailsByUserNameAndPassword Method
[5/17/2013 05:51:54 PM][INFO][clStaff][ISStaffinCurrentYear][00000000-0000-0000-0000-000000000000] ISStaffinCurrentYear function debug
[5/17/2013 05:51:54 PM][INFO][clStaff][LoadStaffDetailsByUserNameAndPassword][00000000-0000-0000-0000-000000000000] Execute LoadStaffDetailsByUserNameAndPassword Method
[5/17/2013 05:51:54 PM][INFO][clStaff][ISStaffinCurrentYear][00000000-0000-0000-0000-000000000000] ISStaffinCurrentYear function debug
[5/17/2013 05:51:54 PM][INFO][clStaff][LoadStaffDetailsByUserNameAndPassword][00000000-0000-0000-0000-000000000000] Execute LoadStaffDetailsByUserNameAndPassword Method
[5/17/2013 05:51:54 PM][INFO][clStaff][ISStaffinCurrentYear][00000000-0000-0000-0000-000000000000] ISStaffinCurrentYear function debug
[5/17/2013 05:51:54 PM][INFO][clStaff][LoadStaffDetailsByUserNameAndPassword][00000000-0000-0000-0000-000000000000] Execute LoadStaffDetailsByUserNameAndPassword Method
[5/17/2013 05:51:54 PM][INFO][clStaff][ISStaffinCurrentYear][00000000-0000-0000-0000-000000000000] ISStaffinCurrentYear function debug
[5/17/2013 05:51:54 PM][INFO][clStaff][LoadStaffDetailsByUserNameAndPassword][00000000-0000-0000-0000-000000000000] Execute LoadStaffDetailsByUserNameAndPassword Method
[5/17/2013 05:51:54 PM][INFO][clStaff][ISStaffinCurrentYear][00000000-0000-0000-0000-000000000000] ISStaffinCurrentYear function debug
[5/17/2013 05:51:54 PM][INFO][clStaff][LoadStaffDetailsByUserNameAndPassword][00000000-0000-0000-0000-000000000000] Execute LoadStaffDetailsByUserNameAndPassword Method
[5/17/2013 05:51:54 PM][INFO][clStaff][ISStaffinCurrentYear][00000000-0000-0000-0000-000000000000] ISStaffinCurrentYear function debug
[5/17/2013 05:51:54 PM][INFO][clStaff][LoadStaffDetailsByUserNameAndPassword][00000000-0000-0000-0000-000000000000] Execute LoadStaffDetailsByUserNameAndPassword Method
[5/17/2013 05:51:54 PM][INFO][clStaff][ISStaffinCurrentYear][00000000-0000-0000-0000-000000000000] ISStaffinCurrentYear function debug
[5/17/2013 05:51:54 PM][INFO][clStaff][LoadStaffDetailsByUserNameAndPassword][00000000-0000-0000-0000-000000000000] Execute LoadStaffDetailsByUserNameAndPassword Method
[5/17/2013 05:51:54 PM][INFO][clStaff][ISStaffinCurrentYear][00000000-0000-0000-0000-000000000000] ISStaffinCurrentYear function debug
[5/17/2013 05:51:54 PM][INFO][clStaff][LoadStaffDetailsByUserNameAndPassword][00000000-0000-0000-0000-000000000000] Execute LoadStaffDetailsByUserNameAndPassword Method
[5/17/2013 05:51:54 PM][INFO][clStaff][ISStaffinCurrentYear][00000000-0000-0000-0000-000000000000] ISStaffinCurrentYear function debug
[5/17/2013 05:51:54 PM][INFO][clStaff][LoadStaffDetailsByUserNameAndPassword][00000000-0000-0000-0000-000000000000] Execute LoadStaffDetailsByUserNameAndPassword Method
[5/17/2013 05:51:54 PM][INFO][clStaff][ISStaffinCurrentYear][00000000-0000-0000-0000-000000000000] ISStaffinCurrentYear function debug
[5/17/2013 05:51:54 PM][INFO][clStaff][LoadStaffDetailsByUserNameAndPassword][00000000-0000-0000-0000-000000000000] Execute LoadStaffDetailsByUserNameAndPassword Method
[5/17/2013 05:51:54 PM][INFO][clStaff][ISStaffinCurrentYear][00000000-0000-0000-0000-000000000000] ISStaffinCurrentYear function debug
[5/17/2013 05:51:56 PM][INFO][clSchoolYear][LoadAllSchoolYear][00000000-0000-0000-0000-000000000000] Execute LoadAllSchoolYear Method
[5/17/2013 05:51:56 PM][DEBUG][clSchoolYear][LoadAllSchoolYear][00000000-0000-0000-0000-000000000000] Debug LoadAllSchoolYear Method
[5/17/2013 05:51:56 PM][INFO][clClassRoom][LoadClassRoom][00000000-0000-0000-0000-000000000000] Execute LoadClassRoom Method
[5/17/2013 05:51:56 PM][DEBUG][clClassRoom][LoadClassRoom][00000000-0000-0000-0000-000000000000] Debug LoadClassRoom Method
[5/17/2013 05:52:01 PM][INFO][clSchoolYear][GetCurrentSchoolYear][00000000-0000-0000-0000-000000000000] Execute GetCurrentSchoolYear Method
[5/17/2013 05:52:01 PM][DEBUG][clSchoolYear][GetCurrentSchoolYear][00000000-0000-0000-0000-000000000000] Debug GetCurrentSchoolYear Method
[5/17/2013 05:52:01 PM][INFO][clClassRoom][LoadClassRoom][00000000-0000-0000-0000-000000000000] Execute LoadClassRoom Method
[5/17/2013 05:52:01 PM][DEBUG][clClassRoom][LoadClassRoom][00000000-0000-0000-0000-000000000000] Debug LoadClassRoom Method
[5/17/2013 05:52:01 PM][INFO][clStaff][LoadStaff][00000000-0000-0000-0000-000000000000] Execute LoadStaff Method
[5/17/2013 05:52:01 PM][DEBUG][clStaff][LoadStaff][00000000-0000-0000-0000-000000000000] Debug LoadStaff Method
[5/17/2013 05:52:01 PM][INFO][clStaff][LoadStaffDetailsByUserNameAndPassword][00000000-0000-0000-0000-000000000000] Execute LoadStaffDetailsByUserNameAndPassword Method
[5/17/2013 05:52:01 PM][INFO][clStaff][ISStaffinCurrentYear][00000000-0000-0000-0000-000000000000] ISStaffinCurrentYear function debug
[5/17/2013 05:52:01 PM][INFO][clStaff][LoadStaffDetailsByUserNameAndPassword][00000000-0000-0000-0000-000000000000] Execute LoadStaffDetailsByUserNameAndPassword Method
[5/17/2013 05:52:01 PM][INFO][clStaff][ISStaffinCurrentYear][00000000-0000-0000-0000-000000000000] ISStaffinCurrentYear function debug
[5/17/2013 05:52:01 PM][INFO][clStaff][LoadStaffDetailsByUserNameAndPassword][00000000-0000-0000-0000-000000000000] Execute LoadStaffDetailsByUserNameAndPassword Method
[5/17/2013 05:52:01 PM][INFO][clStaff][ISStaffinCurrentYear][00000000-0000-0000-0000-000000000000] ISStaffinCurrentYear function debug
[5/17/2013 05:52:01 PM][INFO][clStaff][LoadStaffDetailsByUserNameAndPassword][00000000-0000-0000-0000-000000000000] Execute LoadStaffDetailsByUserNameAndPassword Method
[5/17/2013 05:52:01 PM][INFO][clStaff][ISStaffinCurrentYear][00000000-0000-0000-0000-000000000000] ISStaffinCurrentYear function debug
[5/17/2013 05:52:01 PM][INFO][clStaff][LoadStaffDetailsByUserNameAndPassword][00000000-0000-0000-0000-000000000000] Execute LoadStaffDetailsByUserNameAndPassword Method
[5/17/2013 05:52:01 PM][INFO][clStaff][ISStaffinCurrentYear][00000000-0000-0000-0000-000000000000] ISStaffinCurrentYear function debug
[5/17/2013 05:52:01 PM][INFO][clStaff][LoadStaffDetailsByUserNameAndPassword][00000000-0000-0000-0000-000000000000] Execute LoadStaffDetailsByUserNameAndPassword Method
[5/17/2013 05:52:01 PM][INFO][clStaff][ISStaffinCurrentYear][00000000-0000-0000-0000-000000000000] ISStaffinCurrentYear function debug
[5/17/2013 05:52:01 PM][INFO][clStaff][LoadStaffDetailsByUserNameAndPassword][00000000-0000-0000-0000-000000000000] Execute LoadStaffDetailsByUserNameAndPassword Method
[5/17/2013 05:52:01 PM][INFO][clStaff][ISStaffinCurrentYear][00000000-0000-0000-0000-000000000000] ISStaffinCurrentYear function debug
[5/17/2013 05:52:01 PM][INFO][clStaff][LoadStaffDetailsByUserNameAndPassword][00000000-0000-0000-0000-000000000000] Execute LoadStaffDetailsByUserNameAndPassword Method
[5/17/2013 05:52:01 PM][INFO][clStaff][ISStaffinCurrentYear][00000000-0000-0000-0000-000000000000] ISStaffinCurrentYear function debug
[5/17/2013 05:52:01 PM][INFO][clStaff][LoadStaffDetailsByUserNameAndPassword][00000000-0000-0000-0000-000000000000] Execute LoadStaffDetailsByUserNameAndPassword Method
[5/17/2013 05:52:01 PM][INFO][clStaff][ISStaffinCurrentYear][00000000-0000-0000-0000-000000000000] ISStaffinCurrentYear function debug
[5/17/2013 05:52:01 PM][INFO][clStaff][LoadStaffDetailsByUserNameAndPassword][00000000-0000-0000-0000-000000000000] Execute LoadStaffDetailsByUserNameAndPassword Method
[5/17/2013 05:52:01 PM][INFO][clStaff][ISStaffinCurrentYear][00000000-0000-0000-0000-000000000000] ISStaffinCurrentYear function debug
[5/17/2013 05:52:01 PM][INFO][clStaff][LoadStaffDetailsByUserNameAndPassword][00000000-0000-0000-0000-000000000000] Execute LoadStaffDetailsByUserNameAndPassword Method
[5/17/2013 05:52:01 PM][INFO][clStaff][ISStaffinCurrentYear][00000000-0000-0000-0000-000000000000] ISStaffinCurrentYear function debug
[5/17/2013 05:52:01 PM][INFO][clStaff][LoadStaffDetailsByUserNameAndPassword][00000000-0000-0000-0000-000000000000] Execute LoadStaffDetailsByUserNameAndPassword Method
[5/17/2013 05:52:01 PM][INFO][clStaff][ISStaffinCurrentYear][00000000-0000-0000-0000-000000000000] ISStaffinCurrentYear function debug
[5/17/2013 05:52:01 PM][INFO][clStaff][LoadStaffDetailsByUserNameAndPassword][00000000-0000-0000-0000-000000000000] Execute LoadStaffDetailsByUserNameAndPassword Method
[5/17/2013 05:52:01 PM][INFO][clStaff][ISStaffinCurrentYear][00000000-0000-0000-0000-000000000000] ISStaffinCurrentYear function debug
[5/17/2013 05:52:01 PM][INFO][clStaff][LoadStaffDetailsByUserNameAndPassword][00000000-0000-0000-0000-000000000000] Execute LoadStaffDetailsByUserNameAndPassword Method
[5/17/2013 05:52:01 PM][INFO][clStaff][ISStaffinCurrentYear][00000000-0000-0000-0000-000000000000] ISStaffinCurrentYear function debug
[5/17/2013 05:52:02 PM][INFO][clStaff][LoadStaffDetailsByUserNameAndPassword][00000000-0000-0000-0000-000000000000] Execute LoadStaffDetailsByUserNameAndPassword Method
[5/17/2013 05:52:02 PM][INFO][clStaff][ISStaffinCurrentYear][00000000-0000-0000-0000-000000000000] ISStaffinCurrentYear function debug
[5/17/2013 05:52:02 PM][INFO][clStaff][LoadStaffDetailsByUserNameAndPassword][00000000-0000-0000-0000-000000000000] Execute LoadStaffDetailsByUserNameAndPassword Method
[5/17/2013 05:52:02 PM][INFO][clStaff][ISStaffinCurrentYear][00000000-0000-0000-0000-000000000000] ISStaffinCurrentYear function debug
[5/17/2013 05:52:02 PM][INFO][clStaff][LoadStaffDetailsByUserNameAndPassword][00000000-0000-0000-0000-000000000000] Execute LoadStaffDetailsByUserNameAndPassword Method
[5/17/2013 05:52:02 PM][INFO][clStaff][ISStaffinCurrentYear][00000000-0000-0000-0000-000000000000] ISStaffinCurrentYear function debug
[5/17/2013 05:52:02 PM][INFO][clStaff][LoadStaffDetailsByUserNameAndPassword][00000000-0000-0000-0000-000000000000] Execute LoadStaffDetailsByUserNameAndPassword Method
[5/17/2013 05:52:02 PM][INFO][clStaff][ISStaffinCurrentYear][00000000-0000-0000-0000-000000000000] ISStaffinCurrentYear function debug
[5/17/2013 05:52:02 PM][INFO][clStaff][LoadStaffDetailsByUserNameAndPassword][00000000-0000-0000-0000-000000000000] Execute LoadStaffDetailsByUserNameAndPassword Method
[5/17/2013 05:52:02 PM][INFO][clStaff][ISStaffinCurrentYear][00000000-0000-0000-0000-000000000000] ISStaffinCurrentYear function debug
[5/17/2013 05:52:11 PM][INFO][clSchoolYear][GetCurrentSchoolYear][00000000-0000-0000-0000-000000000000] Execute GetCurrentSchoolYear Method
[5/17/2013 05:52:11 PM][DEBUG][clSchoolYear][GetCurrentSchoolYear][00000000-0000-0000-0000-000000000000] Debug GetCurrentSchoolYear Method
[5/17/2013 05:52:11 PM][INFO][ClassRoom][SubmitRecord][00000000-0000-0000-0000-000000000000] Submit record method called
[5/17/2013 05:52:11 PM][DEBUG][ClassRoom][SubmitRecord][00000000-0000-0000-0000-000000000000]  Debug Submit record method called of ClassRoom
[5/17/2013 05:52:11 PM][INFO][clClassRoom][CheckDuplicateClassRoomName][00000000-0000-0000-0000-000000000000] Execute LoadClassRoom Method
[5/17/2013 05:52:11 PM][DEBUG][clClassRoom][CheckDuplicateClassRoomName][00000000-0000-0000-0000-000000000000] Debug CheckDuplicateClassRoomName Method
[5/17/2013 05:52:11 PM][INFO][clClassRoom][Save][00000000-0000-0000-0000-000000000000] Execute Save Method
[5/17/2013 05:52:11 PM][DEBUG][clClassRoom][Save][00000000-0000-0000-0000-000000000000] Debug Save Method
[5/17/2013 05:52:11 PM][INFO][clClassRoom][LoadClassRoom][00000000-0000-0000-0000-000000000000] Execute LoadClassRoom Method
[5/17/2013 05:52:11 PM][DEBUG][clClassRoom][LoadClassRoom][00000000-0000-0000-0000-000000000000] Debug LoadClassRoom Method
[5/17/2013 05:52:15 PM][INFO][clSchoolYear][GetCurrentSchoolYear][00000000-0000-0000-0000-000000000000] Execute GetCurrentSchoolYear Method
[5/17/2013 05:52:15 PM][DEBUG][clSchoolYear][GetCurrentSchoolYear][00000000-0000-0000-0000-000000000000] Debug GetCurrentSchoolYear Method
[5/17/2013 05:52:15 PM][INFO][clClassRoom][LoadClassRoom][00000000-0000-0000-0000-000000000000] Execute LoadClassRoom Method
[5/17/2013 05:52:15 PM][DEBUG][clClassRoom][LoadClassRoom][00000000-0000-0000-0000-000000000000] Debug LoadClassRoom Method
[5/17/2013 05:52:31 PM][INFO][clSchoolYear][GetCurrentSchoolYear][00000000-0000-0000-0000-000000000000] Execute GetCurrentSchoolYear Method
[5/17/2013 05:52:31 PM][DEBUG][clSchoolYear][GetCurrentSchoolYear][00000000-0000-0000-0000-000000000000] Debug GetCurrentSchoolYear Method
[5/17/2013 05:52:31 PM][INFO][clClassRoom][CheckDuplicateClassRoomName][00000000-0000-0000-0000-000000000000] Execute LoadClassRoom Method
[5/17/2013 05:52:31 PM][DEBUG][clClassRoom][CheckDuplicateClassRoomName][00000000-0000-0000-0000-000000000000] Debug CheckDuplicateClassRoomName Method
[5/17/2013 05:52:31 PM][INFO][clClassRoom][Delete][00000000-0000-0000-0000-000000000000] Delete Method
[5/17/2013 05:52:31 PM][DEBUG][clClassRoom][Delete][00000000-0000-0000-0000-000000000000] Debug Delete Method
[5/17/2013 05:52:31 PM][INFO][clClassRoom][LoadClassRoom][00000000-0000-0000-0000-000000000000] Execute LoadClassRoom Method
[5/17/2013 05:52:31 PM][DEBUG][clClassRoom][LoadClassRoom][00000000-0000-0000-0000-000000000000] Debug LoadClassRoom Method
[5/17/2013 06:10:56 PM][INFO][clSchoolYear][LoadAllSchoolYear][00000000-0000-0000-0000-000000000000] Execute LoadAllSchoolYear Method
[5/17/2013 06:10:56 PM][DEBUG][clSchoolYear][LoadAllSchoolYear][00000000-0000-0000-0000-000000000000] Debug LoadAllSchoolYear Method
[5/17/2013 06:11:01 PM][INFO][clSchoolProgram][LoadSchoolProgram][00000000-0000-0000-0000-000000000000] Execute LoadSchoolProgram Method
[5/17/2013 06:11:01 PM][DEBUG][clSchoolProgram][LoadSchoolProgram][00000000-0000-0000-0000-000000000000] Debug LoadSchoolProgram Method
[5/17/2013 06:11:01 PM][INFO][clChildProgEnrollment][Save][00000000-0000-0000-0000-000000000000] Execute Save Method
[5/17/2013 06:11:01 PM][DEBUG][clChildProgEnrollment][LoadChildFamily][00000000-0000-0000-0000-000000000000] Debug LoadChildFamily Method
[5/17/2013 06:11:01 PM][INFO][clChildProgEnrollment][Save][00000000-0000-0000-0000-000000000000] Execute Save Method
[5/17/2013 06:11:01 PM][DEBUG][clChildProgEnrollment][LoadChildFamily][00000000-0000-0000-0000-000000000000] Debug LoadChildFamily Method
[5/17/2013 06:11:02 PM][INFO][clChildProgEnrollment][Save][00000000-0000-0000-0000-000000000000] Execute Save Method
[5/17/2013 06:11:02 PM][DEBUG][clChildProgEnrollment][LoadChildFamily][00000000-0000-0000-0000-000000000000] Debug LoadChildFamily Method
[5/17/2013 06:11:02 PM][INFO][clChildProgEnrollment][Save][00000000-0000-0000-0000-000000000000] Execute Save Method
[5/17/2013 06:11:02 PM][DEBUG][clChildProgEnrollment][LoadChildFamily][00000000-0000-0000-0000-000000000000] Debug LoadChildFamily Method
[5/17/2013 06:11:02 PM][INFO][clChildProgEnrollment][Save][00000000-0000-0000-0000-000000000000] Execute Save Method
[5/17/2013 06:11:02 PM][DEBUG][clChildProgEnrollment][LoadChildFamily][00000000-0000-0000-0000-000000000000] Debug LoadChildFamily Method
[5/17/2013 06:11:02 PM][INFO][clChildProgEnrollment][Save][00000000-0000-0000-0000-000000000000] Execute Save Method
[5/17/2013 06:11:02 PM][DEBUG][clChildProgEnrollment][LoadChildFamily][00000000-0000-0000-0000-000000000000] Debug LoadChildFamily Method
[5/17/2013 06:11:02 PM][INFO][clChildProgEnrollment][Save][00000000-0000-0000-0000-000000000000] Execute Save Method
[5/17/2013 06:11:02 PM][DEBUG][clChildProgEnrollment][LoadChildFamily][00000000-0000-0000-0000-000000000000] Debug LoadChildFamily Method
[5/17/2013 06:11:02 PM][INFO][clChildProgEnrollment][Save][00000000-0000-0000-0000-000000000000] Execute Save Method
[5/17/2013 06:11:02 PM][DEBUG][clChildProgEnrollment][LoadChildFamily][00000000-0000-0000-0000-000000000000] Debug LoadChildFamily Method
[5/17/2013 06:11:02 PM][INFO][clChildProgEnrollment][Save][00000000-0000-0000-0000-000000000000] Execute Save Method
[5/17/2013 06:11:02 PM][DEBUG][clChildProgEnrollment][LoadChildFamily][00000000-0000-0000-0000-000000000000] Debug LoadChildFamily Method
[5/17/2013 06:11:02 PM][INFO][clChildProgEnrollment][Save][00000000-0000-0000-0000-000000000000] Execute Save Method
[5/17/2013 06:11:02 PM][DEBUG][clChildProgEnrollment][LoadChildFamily][00000000-0000-0000-0000-000000000000] Debug LoadChildFamily Method
[5/17/2013 06:11:02 PM][INFO][clChildProgEnrollment][Save][00000000-0000-0000-0000-000000000000] Execute Save Method
[5/17/2013 06:11:02 PM][DEBUG][clChildProgEnrollment][LoadChildFamily][00000000-0000-0000-0000-000000000000] Debug LoadChildFamily Method
[5/17/2013 06:11:02 PM][INFO][clChildProgEnrollment][Save][00000000-0000-0000-0000-000000000000] Execute Save Method
[5/17/2013 06:11:02 PM][DEBUG][clChildProgEnrollment][LoadChildFamily][00000000-0000-0000-0000-000000000000] Debug LoadChildFamily Method
[5/17/2013 06:11:02 PM][INFO][clChildProgEnrollment][Save][00000000-0000-0000-0000-000000000000] Execute Save Method
[5/17/2013 06:11:02 PM][DEBUG][clChildProgEnrollment][LoadChildFamily][00000000-0000-0000-0000-000000000000] Debug LoadChildFamily Method
[5/17/2013 06:11:02 PM][INFO][clChildProgEnrollment][Save][00000000-0000-0000-0000-000000000000] Execute Save Method
[5/17/2013 06:11:02 PM][DEBUG][clChildProgEnrollment][LoadChildFamily][00000000-0000-0000-0000-000000000000] Debug LoadChildFamily Method
[5/17/2013 06:11:02 PM][INFO][clChildProgEnrollment][Save][00000000-0000-0000-0000-000000000000] Execute Save Method
[5/17/2013 06:11:02 PM][DEBUG][clChildProgEnrollment][LoadChildFamily][00000000-0000-0000-0000-000000000000] Debug LoadChildFamily Method
[5/17/2013 06:11:02 PM][INFO][clChildProgEnrollment][Save][00000000-0000-0000-0000-000000000000] Execute Save Method
[5/17/2013 06:11:02 PM][DEBUG][clChildProgEnrollment][LoadChildFamily][00000000-0000-0000-0000-000000000000] Debug LoadChildFamily Method
[5/17/2013 06:11:02 PM][INFO][clChildProgEnrollment][Save][00000000-0000-0000-0000-000000000000] Execute Save Method
[5/17/2013 06:11:02 PM][DEBUG][clChildProgEnrollment][LoadChildFamily][00000000-0000-0000-0000-000000000000] Debug LoadChildFamily Method
[5/17/2013 06:11:02 PM][INFO][clChildProgEnrollment][Save][00000000-0000-0000-0000-000000000000] Execute Save Method
[5/17/2013 06:11:02 PM][DEBUG][clChildProgEnrollment][LoadChildFamily][00000000-0000-0000-0000-000000000000] Debug LoadChildFamily Method
[5/17/2013 06:11:02 PM][INFO][clChildProgEnrollment][Save][00000000-0000-0000-0000-000000000000] Execute Save Method
[5/17/2013 06:11:02 PM][DEBUG][clChildProgEnrollment][LoadChildFamily][00000000-0000-0000-0000-000000000000] Debug LoadChildFamily Method
[5/17/2013 06:11:02 PM][INFO][clChildProgEnrollment][Save][00000000-0000-0000-0000-000000000000] Execute Save Method
[5/17/2013 06:11:02 PM][DEBUG][clChildProgEnrollment][LoadChildFamily][00000000-0000-0000-0000-000000000000] Debug LoadChildFamily Method
[5/17/2013 06:11:02 PM][INFO][clChildProgEnrollment][Save][00000000-0000-0000-0000-000000000000] Execute Save Method
[5/17/2013 06:11:02 PM][DEBUG][clChildProgEnrollment][LoadChildFamily][00000000-0000-0000-0000-000000000000] Debug LoadChildFamily Method
[5/17/2013 06:11:02 PM][INFO][clChildProgEnrollment][Save][00000000-0000-0000-0000-000000000000] Execute Save Method
[5/17/2013 06:11:02 PM][DEBUG][clChildProgEnrollment][LoadChildFamily][00000000-0000-0000-0000-000000000000] Debug LoadChildFamily Method
[5/17/2013 06:11:02 PM][INFO][clChildProgEnrollment][Save][00000000-0000-0000-0000-000000000000] Execute Save Method
[5/17/2013 06:11:02 PM][DEBUG][clChildProgEnrollment][LoadChildFamily][00000000-0000-0000-0000-000000000000] Debug LoadChildFamily Method
[5/17/2013 06:11:02 PM][INFO][clChildProgEnrollment][Save][00000000-0000-0000-0000-000000000000] Execute Save Method
[5/17/2013 06:11:02 PM][DEBUG][clChildProgEnrollment][LoadChildFamily][00000000-0000-0000-0000-000000000000] Debug LoadChildFamily Method
[5/17/2013 06:11:02 PM][INFO][clChildProgEnrollment][Save][00000000-0000-0000-0000-000000000000] Execute Save Method
[5/17/2013 06:11:02 PM][DEBUG][clChildProgEnrollment][LoadChildFamily][00000000-0000-0000-0000-000000000000] Debug LoadChildFamily Method
[5/17/2013 06:11:02 PM][INFO][clChildProgEnrollment][Save][00000000-0000-0000-0000-000000000000] Execute Save Method
[5/17/2013 06:11:02 PM][DEBUG][clChildProgEnrollment][LoadChildFamily][00000000-0000-0000-0000-000000000000] Debug LoadChildFamily Method
[5/17/2013 06:11:02 PM][INFO][clChildProgEnrollment][Save][00000000-0000-0000-0000-000000000000] Execute Save Method
[5/17/2013 06:11:02 PM][DEBUG][clChildProgEnrollment][LoadChildFamily][00000000-0000-0000-0000-000000000000] Debug LoadChildFamily Method
[5/17/2013 06:11:02 PM][INFO][clChildProgEnrollment][Save][00000000-0000-0000-0000-000000000000] Execute Save Method
[5/17/2013 06:11:02 PM][DEBUG][clChildProgEnrollment][LoadChildFamily][00000000-0000-0000-0000-000000000000] Debug LoadChildFamily Method
[5/17/2013 06:11:02 PM][INFO][clChildProgEnrollment][Save][00000000-0000-0000-0000-000000000000] Execute Save Method
[5/17/2013 06:11:02 PM][DEBUG][clChildProgEnrollment][LoadChildFamily][00000000-0000-0000-0000-000000000000] Debug LoadChildFamily Method
[5/17/2013 06:11:02 PM][INFO][clChildProgEnrollment][Save][00000000-0000-0000-0000-000000000000] Execute Save Method
[5/17/2013 06:11:02 PM][DEBUG][clChildProgEnrollment][LoadChildFamily][00000000-0000-0000-0000-000000000000] Debug LoadChildFamily Method
