[10/3/2011 3:07:44 PM][INFO][clStaff][LoadStaffDetailsByUserNameAndPassword][00000000-0000-0000-0000-000000000000] Execute LoadStaffDetailsByUserNameAndPassword Method
[10/3/2011 3:07:44 PM][DEBUG][clStaff][LoadStaffDetailsByUserNameAndPassword][00000000-0000-0000-0000-000000000000] Debug LoadStaffDetailsByUserNameAndPassword Method
[10/3/2011 3:07:49 PM][INFO][clSchoolYear][LoadAllSchoolYear][00000000-0000-0000-0000-000000000000] Execute LoadAllSchoolYear Method
[10/3/2011 3:07:49 PM][DEBUG][clSchoolYear][LoadAllSchoolYear][00000000-0000-0000-0000-000000000000] Debug LoadAllSchoolYear Method
[10/3/2011 3:07:58 PM][INFO][clSchoolYear][LoadAllSchoolYear][00000000-0000-0000-0000-000000000000] Execute LoadAllSchoolYear Method
[10/3/2011 3:07:58 PM][DEBUG][clSchoolYear][LoadAllSchoolYear][00000000-0000-0000-0000-000000000000] Debug LoadAllSchoolYear Method
[10/3/2011 3:08:31 PM][INFO][clClassRoom][LoadClassRoom][00000000-0000-0000-0000-000000000000] Execute LoadClassRoom Method
[10/3/2011 3:08:31 PM][DEBUG][clClassRoom][LoadClassRoom][00000000-0000-0000-0000-000000000000] Debug LoadClassRoom Method
[10/3/2011 3:08:32 PM][INFO][clAddEditChild][Save][00000000-0000-0000-0000-000000000000] Execute Save Method
[10/3/2011 3:08:32 PM][DEBUG][clAddEditChild][LoadChildFamily][00000000-0000-0000-0000-000000000000] Debug LoadChildFamily Method
[10/3/2011 3:08:32 PM][INFO][clSchoolYear][LoadAllSchoolYear][00000000-0000-0000-0000-000000000000] Execute LoadAllSchoolYear Method
[10/3/2011 3:08:32 PM][DEBUG][clSchoolYear][LoadAllSchoolYear][00000000-0000-0000-0000-000000000000] Debug LoadAllSchoolYear Method
[10/3/2011 3:08:37 PM][INFO][clClassRoom][GetClassroomWiseStudentWeeklySchedule][00000000-0000-0000-0000-000000000000] Execute GetClassroomWiseStudentWeeklySchedule Method
[10/3/2011 3:08:37 PM][DEBUG][clClassRoom][GetClassroomWiseStudentWeeklySchedule][00000000-0000-0000-0000-000000000000] Debug GetClassroomWiseStudentWeeklySchedule Method
[10/3/2011 3:08:58 PM][INFO][clClassRoom][GetClassroomWiseStudentWeeklySchedule][00000000-0000-0000-0000-000000000000] Execute GetClassroomWiseStudentWeeklySchedule Method
[10/3/2011 3:08:58 PM][DEBUG][clClassRoom][GetClassroomWiseStudentWeeklySchedule][00000000-0000-0000-0000-000000000000] Debug GetClassroomWiseStudentWeeklySchedule Method
[10/3/2011 3:09:12 PM][INFO][clSchoolYear][LoadAllSchoolYear][00000000-0000-0000-0000-000000000000] Execute LoadAllSchoolYear Method
[10/3/2011 3:09:12 PM][DEBUG][clSchoolYear][LoadAllSchoolYear][00000000-0000-0000-0000-000000000000] Debug LoadAllSchoolYear Method
[10/3/2011 3:12:50 PM][INFO][clStaff][LoadStaffDetailsByUserNameAndPassword][00000000-0000-0000-0000-000000000000] Execute LoadStaffDetailsByUserNameAndPassword Method
[10/3/2011 3:12:50 PM][DEBUG][clStaff][LoadStaffDetailsByUserNameAndPassword][00000000-0000-0000-0000-000000000000] Debug LoadStaffDetailsByUserNameAndPassword Method
[10/3/2011 3:12:55 PM][INFO][clSchoolYear][LoadAllSchoolYear][00000000-0000-0000-0000-000000000000] Execute LoadAllSchoolYear Method
[10/3/2011 3:12:55 PM][DEBUG][clSchoolYear][LoadAllSchoolYear][00000000-0000-0000-0000-000000000000] Debug LoadAllSchoolYear Method
[10/3/2011 3:12:59 PM][INFO][clSchoolYear][LoadAllSchoolYear][00000000-0000-0000-0000-000000000000] Execute LoadAllSchoolYear Method
[10/3/2011 3:12:59 PM][DEBUG][clSchoolYear][LoadAllSchoolYear][00000000-0000-0000-0000-000000000000] Debug LoadAllSchoolYear Method
[10/3/2011 3:32:56 PM][INFO][clStaff][LoadStaffDetailsByUserNameAndPassword][00000000-0000-0000-0000-000000000000] Execute LoadStaffDetailsByUserNameAndPassword Method
[10/3/2011 3:32:56 PM][DEBUG][clStaff][LoadStaffDetailsByUserNameAndPassword][00000000-0000-0000-0000-000000000000] Debug LoadStaffDetailsByUserNameAndPassword Method
[10/3/2011 3:33:01 PM][INFO][clSchoolYear][LoadAllSchoolYear][00000000-0000-0000-0000-000000000000] Execute LoadAllSchoolYear Method
[10/3/2011 3:33:01 PM][DEBUG][clSchoolYear][LoadAllSchoolYear][00000000-0000-0000-0000-000000000000] Debug LoadAllSchoolYear Method
[10/3/2011 3:33:05 PM][INFO][clSchoolYear][LoadAllSchoolYear][00000000-0000-0000-0000-000000000000] Execute LoadAllSchoolYear Method
[10/3/2011 3:33:05 PM][DEBUG][clSchoolYear][LoadAllSchoolYear][00000000-0000-0000-0000-000000000000] Debug LoadAllSchoolYear Method
[10/3/2011 3:36:11 PM][INFO][clStaff][LoadStaffDetailsByUserNameAndPassword][00000000-0000-0000-0000-000000000000] Execute LoadStaffDetailsByUserNameAndPassword Method
[10/3/2011 3:36:11 PM][DEBUG][clStaff][LoadStaffDetailsByUserNameAndPassword][00000000-0000-0000-0000-000000000000] Debug LoadStaffDetailsByUserNameAndPassword Method
[10/3/2011 3:36:14 PM][INFO][clSchoolYear][LoadAllSchoolYear][00000000-0000-0000-0000-000000000000] Execute LoadAllSchoolYear Method
[10/3/2011 3:36:14 PM][DEBUG][clSchoolYear][LoadAllSchoolYear][00000000-0000-0000-0000-000000000000] Debug LoadAllSchoolYear Method
[10/3/2011 3:36:19 PM][INFO][clSchoolYear][LoadAllSchoolYear][00000000-0000-0000-0000-000000000000] Execute LoadAllSchoolYear Method
[10/3/2011 3:36:19 PM][DEBUG][clSchoolYear][LoadAllSchoolYear][00000000-0000-0000-0000-000000000000] Debug LoadAllSchoolYear Method
[10/3/2011 3:39:15 PM][INFO][clStaff][LoadStaffDetailsByUserNameAndPassword][00000000-0000-0000-0000-000000000000] Execute LoadStaffDetailsByUserNameAndPassword Method
[10/3/2011 3:39:15 PM][DEBUG][clStaff][LoadStaffDetailsByUserNameAndPassword][00000000-0000-0000-0000-000000000000] Debug LoadStaffDetailsByUserNameAndPassword Method
[10/3/2011 3:39:20 PM][INFO][clSchoolYear][LoadAllSchoolYear][00000000-0000-0000-0000-000000000000] Execute LoadAllSchoolYear Method
[10/3/2011 3:39:20 PM][DEBUG][clSchoolYear][LoadAllSchoolYear][00000000-0000-0000-0000-000000000000] Debug LoadAllSchoolYear Method
[10/3/2011 3:39:25 PM][INFO][clSchoolYear][LoadAllSchoolYear][00000000-0000-0000-0000-000000000000] Execute LoadAllSchoolYear Method
[10/3/2011 3:39:25 PM][DEBUG][clSchoolYear][LoadAllSchoolYear][00000000-0000-0000-0000-000000000000] Debug LoadAllSchoolYear Method
[10/3/2011 4:23:30 PM][INFO][clStaff][LoadStaffDetailsByUserNameAndPassword][00000000-0000-0000-0000-000000000000] Execute LoadStaffDetailsByUserNameAndPassword Method
[10/3/2011 4:23:30 PM][DEBUG][clStaff][LoadStaffDetailsByUserNameAndPassword][00000000-0000-0000-0000-000000000000] Debug LoadStaffDetailsByUserNameAndPassword Method
[10/3/2011 4:23:34 PM][INFO][clSchoolYear][LoadAllSchoolYear][00000000-0000-0000-0000-000000000000] Execute LoadAllSchoolYear Method
[10/3/2011 4:23:34 PM][DEBUG][clSchoolYear][LoadAllSchoolYear][00000000-0000-0000-0000-000000000000] Debug LoadAllSchoolYear Method
[10/3/2011 4:23:40 PM][INFO][clSchoolYear][LoadAllSchoolYear][00000000-0000-0000-0000-000000000000] Execute LoadAllSchoolYear Method
[10/3/2011 4:23:40 PM][DEBUG][clSchoolYear][LoadAllSchoolYear][00000000-0000-0000-0000-000000000000] Debug LoadAllSchoolYear Method
[10/3/2011 4:25:52 PM][INFO][clStaff][LoadStaffDetailsByUserNameAndPassword][00000000-0000-0000-0000-000000000000] Execute LoadStaffDetailsByUserNameAndPassword Method
[10/3/2011 4:25:52 PM][DEBUG][clStaff][LoadStaffDetailsByUserNameAndPassword][00000000-0000-0000-0000-000000000000] Debug LoadStaffDetailsByUserNameAndPassword Method
[10/3/2011 4:25:56 PM][INFO][clSchoolYear][LoadAllSchoolYear][00000000-0000-0000-0000-000000000000] Execute LoadAllSchoolYear Method
[10/3/2011 4:25:56 PM][DEBUG][clSchoolYear][LoadAllSchoolYear][00000000-0000-0000-0000-000000000000] Debug LoadAllSchoolYear Method
[10/3/2011 4:26:01 PM][INFO][clSchoolYear][LoadAllSchoolYear][00000000-0000-0000-0000-000000000000] Execute LoadAllSchoolYear Method
[10/3/2011 4:26:01 PM][DEBUG][clSchoolYear][LoadAllSchoolYear][00000000-0000-0000-0000-000000000000] Debug LoadAllSchoolYear Method
[10/3/2011 4:27:36 PM][INFO][clStaff][LoadStaffDetailsByUserNameAndPassword][00000000-0000-0000-0000-000000000000] Execute LoadStaffDetailsByUserNameAndPassword Method
[10/3/2011 4:27:36 PM][DEBUG][clStaff][LoadStaffDetailsByUserNameAndPassword][00000000-0000-0000-0000-000000000000] Debug LoadStaffDetailsByUserNameAndPassword Method
[10/3/2011 4:27:37 PM][INFO][clSchoolYear][LoadAllSchoolYear][00000000-0000-0000-0000-000000000000] Execute LoadAllSchoolYear Method
[10/3/2011 4:27:37 PM][DEBUG][clSchoolYear][LoadAllSchoolYear][00000000-0000-0000-0000-000000000000] Debug LoadAllSchoolYear Method
[10/3/2011 4:27:39 PM][INFO][clSchoolYear][LoadAllSchoolYear][00000000-0000-0000-0000-000000000000] Execute LoadAllSchoolYear Method
[10/3/2011 4:27:39 PM][DEBUG][clSchoolYear][LoadAllSchoolYear][00000000-0000-0000-0000-000000000000] Debug LoadAllSchoolYear Method
[10/3/2011 4:35:44 PM][INFO][clStaff][LoadStaffDetailsByUserNameAndPassword][00000000-0000-0000-0000-000000000000] Execute LoadStaffDetailsByUserNameAndPassword Method
[10/3/2011 4:35:44 PM][DEBUG][clStaff][LoadStaffDetailsByUserNameAndPassword][00000000-0000-0000-0000-000000000000] Debug LoadStaffDetailsByUserNameAndPassword Method
[10/3/2011 4:35:48 PM][INFO][clSchoolYear][LoadAllSchoolYear][00000000-0000-0000-0000-000000000000] Execute LoadAllSchoolYear Method
[10/3/2011 4:35:48 PM][DEBUG][clSchoolYear][LoadAllSchoolYear][00000000-0000-0000-0000-000000000000] Debug LoadAllSchoolYear Method
[10/3/2011 4:35:52 PM][INFO][clSchoolYear][LoadAllSchoolYear][00000000-0000-0000-0000-000000000000] Execute LoadAllSchoolYear Method
[10/3/2011 4:35:52 PM][DEBUG][clSchoolYear][LoadAllSchoolYear][00000000-0000-0000-0000-000000000000] Debug LoadAllSchoolYear Method
[10/3/2011 5:48:28 PM][INFO][clStaff][LoadStaffDetailsByUserNameAndPassword][00000000-0000-0000-0000-000000000000] Execute LoadStaffDetailsByUserNameAndPassword Method
[10/3/2011 5:48:28 PM][DEBUG][clStaff][LoadStaffDetailsByUserNameAndPassword][00000000-0000-0000-0000-000000000000] Debug LoadStaffDetailsByUserNameAndPassword Method
[10/3/2011 5:48:31 PM][INFO][clSchoolYear][LoadAllSchoolYear][00000000-0000-0000-0000-000000000000] Execute LoadAllSchoolYear Method
[10/3/2011 5:48:31 PM][DEBUG][clSchoolYear][LoadAllSchoolYear][00000000-0000-0000-0000-000000000000] Debug LoadAllSchoolYear Method
[10/3/2011 5:48:37 PM][INFO][Ledger][GetChildProgEnrollmentFeeDetail][00000000-0000-0000-0000-000000000000] GetChildProgEnrollmentFeeDetail method called
[10/3/2011 5:48:37 PM][DEBUG][Ledger][GetChildProgEnrollmentFeeDetail][00000000-0000-0000-0000-000000000000] Debug GetChildProgEnrollmentFeeDetail called
[10/3/2011 5:48:37 PM][INFO][clLedger][GetChildProgEnrollmentFeeDetail][00000000-0000-0000-0000-000000000000] GetChildProgEnrollmentFeeDetail method called
[10/3/2011 5:48:37 PM][DEBUG][clLedger][GetChildProgEnrollmentFeeDetail][00000000-0000-0000-0000-000000000000] Debug GetChildProgEnrollmentFeeDetail called
[10/3/2011 5:48:37 PM][INFO][clLedger][GetLastTransactionDate][00000000-0000-0000-0000-000000000000] GetLastTransactionDate method called
[10/3/2011 5:48:37 PM][DEBUG][clLedger][GetLastTransactionDate][00000000-0000-0000-0000-000000000000] Debug GetLastTransactionDate called
[10/3/2011 5:48:37 PM][INFO][clLedger][GetLastTransactionDate][00000000-0000-0000-0000-000000000000] GetLastTransactionDate method called
[10/3/2011 5:48:37 PM][DEBUG][clLedger][GetLastTransactionDate][00000000-0000-0000-0000-000000000000] Debug GetLastTransactionDate called
[10/3/2011 5:48:37 PM][INFO][clLedger][GetLastTransactionDate][00000000-0000-0000-0000-000000000000] GetLastTransactionDate method called
[10/3/2011 5:48:37 PM][DEBUG][clLedger][GetLastTransactionDate][00000000-0000-0000-0000-000000000000] Debug GetLastTransactionDate called
[10/3/2011 5:48:37 PM][INFO][clSchoolYear][LoadAllSchoolYear][00000000-0000-0000-0000-000000000000] Execute LoadAllSchoolYear Method
[10/3/2011 5:48:37 PM][DEBUG][clSchoolYear][LoadAllSchoolYear][00000000-0000-0000-0000-000000000000] Debug LoadAllSchoolYear Method
[10/3/2011 5:48:37 PM][INFO][clLedgerOfFamily][LoadChildFamily][00000000-0000-0000-0000-000000000000] Execute LoadChildFamily Method
[10/3/2011 5:48:37 PM][DEBUG][clLedgerOfFamily][LoadChildFamily][00000000-0000-0000-0000-000000000000] Debug LoadChildFamily Method
[10/3/2011 5:48:41 PM][INFO][clSchoolYear][GetCurrentSchoolYear][00000000-0000-0000-0000-000000000000] Execute GetCurrentSchoolYear Method
[10/3/2011 5:48:41 PM][DEBUG][clSchoolYear][GetCurrentSchoolYear][00000000-0000-0000-0000-000000000000] Debug GetCurrentSchoolYear Method
[10/3/2011 5:48:41 PM][INFO][clLedger][LoadChargeCode][00000000-0000-0000-0000-000000000000] Execute LoadChargeCode Method
[10/3/2011 5:48:41 PM][DEBUG][clLedger][LoadChargeCode][00000000-0000-0000-0000-000000000000] Debug LoadChargeCode Method
[10/3/2011 5:48:41 PM][INFO][clSchoolYear][LoadAllSchoolYear][00000000-0000-0000-0000-000000000000] Execute LoadAllSchoolYear Method
[10/3/2011 5:48:41 PM][DEBUG][clSchoolYear][LoadAllSchoolYear][00000000-0000-0000-0000-000000000000] Debug LoadAllSchoolYear Method
[10/3/2011 5:48:42 PM][INFO][clLedger][LoadLedgerDetail][00000000-0000-0000-0000-000000000000] Execute LoadLedgerDetail Method
[10/3/2011 5:48:42 PM][DEBUG][clLedger][LoadLedgerDetail][00000000-0000-0000-0000-000000000000] Debug LoadLedgerDetail Method
[10/3/2011 5:48:45 PM][INFO][Ledger][GetChildProgEnrollmentFeeDetail][00000000-0000-0000-0000-000000000000] GetChildProgEnrollmentFeeDetail method called
[10/3/2011 5:48:45 PM][DEBUG][Ledger][GetChildProgEnrollmentFeeDetail][00000000-0000-0000-0000-000000000000] Debug GetChildProgEnrollmentFeeDetail called
[10/3/2011 5:48:45 PM][INFO][clLedger][GetChildProgEnrollmentFeeDetail][00000000-0000-0000-0000-000000000000] GetChildProgEnrollmentFeeDetail method called
[10/3/2011 5:48:45 PM][DEBUG][clLedger][GetChildProgEnrollmentFeeDetail][00000000-0000-0000-0000-000000000000] Debug GetChildProgEnrollmentFeeDetail called
[10/3/2011 5:48:45 PM][INFO][clLedger][GetLastTransactionDate][00000000-0000-0000-0000-000000000000] GetLastTransactionDate method called
[10/3/2011 5:48:45 PM][DEBUG][clLedger][GetLastTransactionDate][00000000-0000-0000-0000-000000000000] Debug GetLastTransactionDate called
[10/3/2011 5:48:45 PM][INFO][clLedger][GetLastTransactionDate][00000000-0000-0000-0000-000000000000] GetLastTransactionDate method called
[10/3/2011 5:48:45 PM][DEBUG][clLedger][GetLastTransactionDate][00000000-0000-0000-0000-000000000000] Debug GetLastTransactionDate called
[10/3/2011 5:48:45 PM][INFO][clLedger][GetLastTransactionDate][00000000-0000-0000-0000-000000000000] GetLastTransactionDate method called
[10/3/2011 5:48:45 PM][DEBUG][clLedger][GetLastTransactionDate][00000000-0000-0000-0000-000000000000] Debug GetLastTransactionDate called
[10/3/2011 5:48:45 PM][INFO][clSchoolYear][LoadAllSchoolYear][00000000-0000-0000-0000-000000000000] Execute LoadAllSchoolYear Method
[10/3/2011 5:48:45 PM][DEBUG][clSchoolYear][LoadAllSchoolYear][00000000-0000-0000-0000-000000000000] Debug LoadAllSchoolYear Method
[10/3/2011 5:48:45 PM][INFO][clLedgerOfFamily][LoadChildFamily][00000000-0000-0000-0000-000000000000] Execute LoadChildFamily Method
[10/3/2011 5:48:45 PM][DEBUG][clLedgerOfFamily][LoadChildFamily][00000000-0000-0000-0000-000000000000] Debug LoadChildFamily Method
[10/3/2011 5:48:48 PM][INFO][clSchoolYear][GetCurrentSchoolYear][00000000-0000-0000-0000-000000000000] Execute GetCurrentSchoolYear Method
[10/3/2011 5:48:48 PM][DEBUG][clSchoolYear][GetCurrentSchoolYear][00000000-0000-0000-0000-000000000000] Debug GetCurrentSchoolYear Method
[10/3/2011 5:48:48 PM][INFO][clLedger][LoadChargeCode][00000000-0000-0000-0000-000000000000] Execute LoadChargeCode Method
[10/3/2011 5:48:48 PM][DEBUG][clLedger][LoadChargeCode][00000000-0000-0000-0000-000000000000] Debug LoadChargeCode Method
[10/3/2011 5:48:48 PM][INFO][clSchoolYear][LoadAllSchoolYear][00000000-0000-0000-0000-000000000000] Execute LoadAllSchoolYear Method
[10/3/2011 5:48:48 PM][DEBUG][clSchoolYear][LoadAllSchoolYear][00000000-0000-0000-0000-000000000000] Debug LoadAllSchoolYear Method
[10/3/2011 5:48:48 PM][INFO][clLedger][LoadLedgerDetail][00000000-0000-0000-0000-000000000000] Execute LoadLedgerDetail Method
[10/3/2011 5:48:48 PM][DEBUG][clLedger][LoadLedgerDetail][00000000-0000-0000-0000-000000000000] Debug LoadLedgerDetail Method
[10/3/2011 5:48:50 PM][INFO][clLedger][LoadLedgerDetail][00000000-0000-0000-0000-000000000000] Execute LoadLedgerDetail Method
[10/3/2011 5:48:50 PM][DEBUG][clLedger][LoadLedgerDetail][00000000-0000-0000-0000-000000000000] Debug LoadLedgerDetail Method
[10/3/2011 5:48:50 PM][INFO][clLedger][LoadChargeCode][00000000-0000-0000-0000-000000000000] Execute LoadChargeCode Method
[10/3/2011 5:48:50 PM][DEBUG][clLedger][LoadChargeCode][00000000-0000-0000-0000-000000000000] Debug LoadChargeCode Method
[10/3/2011 5:48:54 PM][INFO][clLedger][LoadLedgerDetail][00000000-0000-0000-0000-000000000000] Execute LoadLedgerDetail Method
[10/3/2011 5:48:54 PM][DEBUG][clLedger][LoadLedgerDetail][00000000-0000-0000-0000-000000000000] Debug LoadLedgerDetail Method
[10/3/2011 5:48:54 PM][INFO][clLedger][LoadChargeCode][00000000-0000-0000-0000-000000000000] Execute LoadChargeCode Method
[10/3/2011 5:48:54 PM][DEBUG][clLedger][LoadChargeCode][00000000-0000-0000-0000-000000000000] Debug LoadChargeCode Method
[10/3/2011 5:48:54 PM][INFO][clLedger][LoadChargeCode][00000000-0000-0000-0000-000000000000] Execute LoadChargeCode Method
[10/3/2011 5:48:54 PM][DEBUG][clLedger][LoadChargeCode][00000000-0000-0000-0000-000000000000] Debug LoadChargeCode Method
[10/3/2011 5:48:59 PM][INFO][clLedger][LoadLedgerDetail][00000000-0000-0000-0000-000000000000] Execute LoadLedgerDetail Method
[10/3/2011 5:48:59 PM][DEBUG][clLedger][LoadLedgerDetail][00000000-0000-0000-0000-000000000000] Debug LoadLedgerDetail Method
[10/3/2011 5:48:59 PM][INFO][clLedger][LoadChargeCode][00000000-0000-0000-0000-000000000000] Execute LoadChargeCode Method
[10/3/2011 5:48:59 PM][DEBUG][clLedger][LoadChargeCode][00000000-0000-0000-0000-000000000000] Debug LoadChargeCode Method
[10/3/2011 5:49:51 PM][INFO][clLedger][LoadLedgerDetail][00000000-0000-0000-0000-000000000000] Execute LoadLedgerDetail Method
[10/3/2011 5:49:51 PM][DEBUG][clLedger][LoadLedgerDetail][00000000-0000-0000-0000-000000000000] Debug LoadLedgerDetail Method
[10/3/2011 5:49:56 PM][INFO][clLedger][LoadLedgerDetail][00000000-0000-0000-0000-000000000000] Execute LoadLedgerDetail Method
[10/3/2011 5:49:56 PM][DEBUG][clLedger][LoadLedgerDetail][00000000-0000-0000-0000-000000000000] Debug LoadLedgerDetail Method
[10/3/2011 5:49:56 PM][INFO][clLedger][LoadChargeCode][00000000-0000-0000-0000-000000000000] Execute LoadChargeCode Method
[10/3/2011 5:49:56 PM][DEBUG][clLedger][LoadChargeCode][00000000-0000-0000-0000-000000000000] Debug LoadChargeCode Method
[10/3/2011 5:49:58 PM][INFO][clLedger][LoadLedgerDetail][00000000-0000-0000-0000-000000000000] Execute LoadLedgerDetail Method
[10/3/2011 5:49:58 PM][DEBUG][clLedger][LoadLedgerDetail][00000000-0000-0000-0000-000000000000] Debug LoadLedgerDetail Method
[10/3/2011 5:49:59 PM][INFO][clLedger][LoadLedgerDetail][00000000-0000-0000-0000-000000000000] Execute LoadLedgerDetail Method
[10/3/2011 5:49:59 PM][DEBUG][clLedger][LoadLedgerDetail][00000000-0000-0000-0000-000000000000] Debug LoadLedgerDetail Method
[10/3/2011 5:49:59 PM][INFO][clLedger][LoadChargeCode][00000000-0000-0000-0000-000000000000] Execute LoadChargeCode Method
[10/3/2011 5:49:59 PM][DEBUG][clLedger][LoadChargeCode][00000000-0000-0000-0000-000000000000] Debug LoadChargeCode Method
[10/3/2011 5:53:51 PM][INFO][clLedger][LoadLedgerDetail][00000000-0000-0000-0000-000000000000] Execute LoadLedgerDetail Method
[10/3/2011 5:53:51 PM][DEBUG][clLedger][LoadLedgerDetail][00000000-0000-0000-0000-000000000000] Debug LoadLedgerDetail Method
[10/3/2011 5:53:51 PM][INFO][clLedger][LoadChargeCode][00000000-0000-0000-0000-000000000000] Execute LoadChargeCode Method
[10/3/2011 5:53:51 PM][DEBUG][clLedger][LoadChargeCode][00000000-0000-0000-0000-000000000000] Debug LoadChargeCode Method
[10/3/2011 5:53:59 PM][INFO][clLedger][LoadLedgerDetail][00000000-0000-0000-0000-000000000000] Execute LoadLedgerDetail Method
[10/3/2011 5:53:59 PM][DEBUG][clLedger][LoadLedgerDetail][00000000-0000-0000-0000-000000000000] Debug LoadLedgerDetail Method
[10/3/2011 5:53:59 PM][INFO][clLedger][LoadChargeCode][00000000-0000-0000-0000-000000000000] Execute LoadChargeCode Method
[10/3/2011 5:53:59 PM][DEBUG][clLedger][LoadChargeCode][00000000-0000-0000-0000-000000000000] Debug LoadChargeCode Method
[10/3/2011 5:56:56 PM][INFO][clLedger][LoadLedgerDetail][00000000-0000-0000-0000-000000000000] Execute LoadLedgerDetail Method
[10/3/2011 5:56:56 PM][DEBUG][clLedger][LoadLedgerDetail][00000000-0000-0000-0000-000000000000] Debug LoadLedgerDetail Method
[10/3/2011 5:56:56 PM][INFO][clLedger][LoadChargeCode][00000000-0000-0000-0000-000000000000] Execute LoadChargeCode Method
[10/3/2011 5:56:56 PM][DEBUG][clLedger][LoadChargeCode][00000000-0000-0000-0000-000000000000] Debug LoadChargeCode Method
[10/3/2011 5:56:58 PM][INFO][clLedger][LoadLedgerDetail][00000000-0000-0000-0000-000000000000] Execute LoadLedgerDetail Method
[10/3/2011 5:56:58 PM][DEBUG][clLedger][LoadLedgerDetail][00000000-0000-0000-0000-000000000000] Debug LoadLedgerDetail Method
[10/3/2011 5:57:09 PM][INFO][clStaff][LoadStaffDetailsByUserNameAndPassword][00000000-0000-0000-0000-000000000000] Execute LoadStaffDetailsByUserNameAndPassword Method
[10/3/2011 5:57:09 PM][DEBUG][clStaff][LoadStaffDetailsByUserNameAndPassword][00000000-0000-0000-0000-000000000000] Debug LoadStaffDetailsByUserNameAndPassword Method
[10/3/2011 5:57:09 PM][INFO][clSchoolYear][LoadAllSchoolYear][00000000-0000-0000-0000-000000000000] Execute LoadAllSchoolYear Method
[10/3/2011 5:57:09 PM][DEBUG][clSchoolYear][LoadAllSchoolYear][00000000-0000-0000-0000-000000000000] Debug LoadAllSchoolYear Method
[10/3/2011 5:57:12 PM][INFO][Ledger][GetChildProgEnrollmentFeeDetail][00000000-0000-0000-0000-000000000000] GetChildProgEnrollmentFeeDetail method called
[10/3/2011 5:57:12 PM][DEBUG][Ledger][GetChildProgEnrollmentFeeDetail][00000000-0000-0000-0000-000000000000] Debug GetChildProgEnrollmentFeeDetail called
[10/3/2011 5:57:12 PM][INFO][clLedger][GetChildProgEnrollmentFeeDetail][00000000-0000-0000-0000-000000000000] GetChildProgEnrollmentFeeDetail method called
[10/3/2011 5:57:12 PM][DEBUG][clLedger][GetChildProgEnrollmentFeeDetail][00000000-0000-0000-0000-000000000000] Debug GetChildProgEnrollmentFeeDetail called
[10/3/2011 5:57:12 PM][INFO][clLedger][GetLastTransactionDate][00000000-0000-0000-0000-000000000000] GetLastTransactionDate method called
[10/3/2011 5:57:12 PM][DEBUG][clLedger][GetLastTransactionDate][00000000-0000-0000-0000-000000000000] Debug GetLastTransactionDate called
[10/3/2011 5:57:12 PM][INFO][clLedger][GetLastTransactionDate][00000000-0000-0000-0000-000000000000] GetLastTransactionDate method called
[10/3/2011 5:57:12 PM][DEBUG][clLedger][GetLastTransactionDate][00000000-0000-0000-0000-000000000000] Debug GetLastTransactionDate called
[10/3/2011 5:57:12 PM][INFO][clLedger][GetLastTransactionDate][00000000-0000-0000-0000-000000000000] GetLastTransactionDate method called
[10/3/2011 5:57:12 PM][DEBUG][clLedger][GetLastTransactionDate][00000000-0000-0000-0000-000000000000] Debug GetLastTransactionDate called
[10/3/2011 5:57:12 PM][INFO][clSchoolYear][LoadAllSchoolYear][00000000-0000-0000-0000-000000000000] Execute LoadAllSchoolYear Method
[10/3/2011 5:57:12 PM][DEBUG][clSchoolYear][LoadAllSchoolYear][00000000-0000-0000-0000-000000000000] Debug LoadAllSchoolYear Method
[10/3/2011 5:57:12 PM][INFO][clLedgerOfFamily][LoadChildFamily][00000000-0000-0000-0000-000000000000] Execute LoadChildFamily Method
[10/3/2011 5:57:12 PM][DEBUG][clLedgerOfFamily][LoadChildFamily][00000000-0000-0000-0000-000000000000] Debug LoadChildFamily Method
[10/3/2011 5:57:16 PM][INFO][clSchoolYear][GetCurrentSchoolYear][00000000-0000-0000-0000-000000000000] Execute GetCurrentSchoolYear Method
[10/3/2011 5:57:16 PM][DEBUG][clSchoolYear][GetCurrentSchoolYear][00000000-0000-0000-0000-000000000000] Debug GetCurrentSchoolYear Method
[10/3/2011 5:57:16 PM][INFO][clLedger][LoadChargeCode][00000000-0000-0000-0000-000000000000] Execute LoadChargeCode Method
[10/3/2011 5:57:16 PM][DEBUG][clLedger][LoadChargeCode][00000000-0000-0000-0000-000000000000] Debug LoadChargeCode Method
[10/3/2011 5:57:16 PM][INFO][clSchoolYear][LoadAllSchoolYear][00000000-0000-0000-0000-000000000000] Execute LoadAllSchoolYear Method
[10/3/2011 5:57:16 PM][DEBUG][clSchoolYear][LoadAllSchoolYear][00000000-0000-0000-0000-000000000000] Debug LoadAllSchoolYear Method
[10/3/2011 5:57:16 PM][INFO][clLedger][LoadLedgerDetail][00000000-0000-0000-0000-000000000000] Execute LoadLedgerDetail Method
[10/3/2011 5:57:16 PM][DEBUG][clLedger][LoadLedgerDetail][00000000-0000-0000-0000-000000000000] Debug LoadLedgerDetail Method
[10/3/2011 5:57:22 PM][INFO][clLedger][LoadLedgerDetail][00000000-0000-0000-0000-000000000000] Execute LoadLedgerDetail Method
[10/3/2011 5:57:22 PM][DEBUG][clLedger][LoadLedgerDetail][00000000-0000-0000-0000-000000000000] Debug LoadLedgerDetail Method
[10/3/2011 5:57:22 PM][INFO][clLedger][LoadChargeCode][00000000-0000-0000-0000-000000000000] Execute LoadChargeCode Method
[10/3/2011 5:57:22 PM][DEBUG][clLedger][LoadChargeCode][00000000-0000-0000-0000-000000000000] Debug LoadChargeCode Method
[10/3/2011 5:58:13 PM][INFO][clLedger][LoadLedgerDetail][00000000-0000-0000-0000-000000000000] Execute LoadLedgerDetail Method
[10/3/2011 5:58:13 PM][DEBUG][clLedger][LoadLedgerDetail][00000000-0000-0000-0000-000000000000] Debug LoadLedgerDetail Method
[10/3/2011 5:58:18 PM][INFO][clLedger][LoadLedgerDetail][00000000-0000-0000-0000-000000000000] Execute LoadLedgerDetail Method
[10/3/2011 5:58:18 PM][DEBUG][clLedger][LoadLedgerDetail][00000000-0000-0000-0000-000000000000] Debug LoadLedgerDetail Method
[10/3/2011 5:58:26 PM][INFO][clLedger][LoadLedgerDetail][00000000-0000-0000-0000-000000000000] Execute LoadLedgerDetail Method
[10/3/2011 5:58:26 PM][DEBUG][clLedger][LoadLedgerDetail][00000000-0000-0000-0000-000000000000] Debug LoadLedgerDetail Method
[10/3/2011 5:58:26 PM][INFO][clLedger][LoadChargeCode][00000000-0000-0000-0000-000000000000] Execute LoadChargeCode Method
[10/3/2011 5:58:26 PM][DEBUG][clLedger][LoadChargeCode][00000000-0000-0000-0000-000000000000] Debug LoadChargeCode Method
[10/3/2011 5:58:32 PM][INFO][clLedger][LoadLedgerDetail][00000000-0000-0000-0000-000000000000] Execute LoadLedgerDetail Method
[10/3/2011 5:58:32 PM][DEBUG][clLedger][LoadLedgerDetail][00000000-0000-0000-0000-000000000000] Debug LoadLedgerDetail Method
[10/3/2011 5:58:34 PM][INFO][clLedger][LoadLedgerDetail][00000000-0000-0000-0000-000000000000] Execute LoadLedgerDetail Method
[10/3/2011 5:58:34 PM][DEBUG][clLedger][LoadLedgerDetail][00000000-0000-0000-0000-000000000000] Debug LoadLedgerDetail Method
[10/3/2011 5:58:34 PM][INFO][clLedger][LoadChargeCode][00000000-0000-0000-0000-000000000000] Execute LoadChargeCode Method
[10/3/2011 5:58:34 PM][DEBUG][clLedger][LoadChargeCode][00000000-0000-0000-0000-000000000000] Debug LoadChargeCode Method
[10/3/2011 6:02:50 PM][INFO][clLedger][LoadLedgerDetail][00000000-0000-0000-0000-000000000000] Execute LoadLedgerDetail Method
[10/3/2011 6:02:50 PM][DEBUG][clLedger][LoadLedgerDetail][00000000-0000-0000-0000-000000000000] Debug LoadLedgerDetail Method
[10/3/2011 6:02:50 PM][INFO][clLedger][LoadChargeCode][00000000-0000-0000-0000-000000000000] Execute LoadChargeCode Method
[10/3/2011 6:02:50 PM][DEBUG][clLedger][LoadChargeCode][00000000-0000-0000-0000-000000000000] Debug LoadChargeCode Method
[10/3/2011 6:04:07 PM][INFO][clLedger][LoadLedgerDetail][00000000-0000-0000-0000-000000000000] Execute LoadLedgerDetail Method
[10/3/2011 6:04:07 PM][DEBUG][clLedger][LoadLedgerDetail][00000000-0000-0000-0000-000000000000] Debug LoadLedgerDetail Method
[10/3/2011 6:04:11 PM][INFO][clLedger][LoadLedgerDetail][00000000-0000-0000-0000-000000000000] Execute LoadLedgerDetail Method
[10/3/2011 6:04:11 PM][DEBUG][clLedger][LoadLedgerDetail][00000000-0000-0000-0000-000000000000] Debug LoadLedgerDetail Method
[10/3/2011 6:04:11 PM][INFO][clLedger][LoadChargeCode][00000000-0000-0000-0000-000000000000] Execute LoadChargeCode Method
[10/3/2011 6:04:11 PM][DEBUG][clLedger][LoadChargeCode][00000000-0000-0000-0000-000000000000] Debug LoadChargeCode Method
[10/3/2011 6:04:42 PM][INFO][clLedger][LoadLedgerDetail][00000000-0000-0000-0000-000000000000] Execute LoadLedgerDetail Method
[10/3/2011 6:04:42 PM][DEBUG][clLedger][LoadLedgerDetail][00000000-0000-0000-0000-000000000000] Debug LoadLedgerDetail Method
[10/3/2011 6:04:42 PM][INFO][clLedger][LoadChargeCode][00000000-0000-0000-0000-000000000000] Execute LoadChargeCode Method
[10/3/2011 6:04:42 PM][DEBUG][clLedger][LoadChargeCode][00000000-0000-0000-0000-000000000000] Debug LoadChargeCode Method
[10/3/2011 6:05:08 PM][INFO][clLedger][LoadLedgerDetail][00000000-0000-0000-0000-000000000000] Execute LoadLedgerDetail Method
[10/3/2011 6:05:08 PM][DEBUG][clLedger][LoadLedgerDetail][00000000-0000-0000-0000-000000000000] Debug LoadLedgerDetail Method
[10/3/2011 6:05:08 PM][INFO][clLedger][LoadChargeCode][00000000-0000-0000-0000-000000000000] Execute LoadChargeCode Method
[10/3/2011 6:05:08 PM][DEBUG][clLedger][LoadChargeCode][00000000-0000-0000-0000-000000000000] Debug LoadChargeCode Method
[10/3/2011 6:05:19 PM][INFO][clLedger][LoadLedgerDetail][00000000-0000-0000-0000-000000000000] Execute LoadLedgerDetail Method
[10/3/2011 6:05:19 PM][DEBUG][clLedger][LoadLedgerDetail][00000000-0000-0000-0000-000000000000] Debug LoadLedgerDetail Method
[10/3/2011 6:05:19 PM][INFO][clLedger][LoadChargeCode][00000000-0000-0000-0000-000000000000] Execute LoadChargeCode Method
[10/3/2011 6:05:19 PM][DEBUG][clLedger][LoadChargeCode][00000000-0000-0000-0000-000000000000] Debug LoadChargeCode Method
[10/3/2011 6:05:30 PM][INFO][clLedger][LoadLedgerDetail][00000000-0000-0000-0000-000000000000] Execute LoadLedgerDetail Method
[10/3/2011 6:05:30 PM][DEBUG][clLedger][LoadLedgerDetail][00000000-0000-0000-0000-000000000000] Debug LoadLedgerDetail Method
[10/3/2011 6:05:30 PM][INFO][clLedger][LoadChargeCode][00000000-0000-0000-0000-000000000000] Execute LoadChargeCode Method
[10/3/2011 6:05:30 PM][DEBUG][clLedger][LoadChargeCode][00000000-0000-0000-0000-000000000000] Debug LoadChargeCode Method
[10/3/2011 6:05:41 PM][INFO][clLedger][LoadLedgerDetail][00000000-0000-0000-0000-000000000000] Execute LoadLedgerDetail Method
[10/3/2011 6:05:41 PM][DEBUG][clLedger][LoadLedgerDetail][00000000-0000-0000-0000-000000000000] Debug LoadLedgerDetail Method
[10/3/2011 6:05:41 PM][INFO][clLedger][LoadChargeCode][00000000-0000-0000-0000-000000000000] Execute LoadChargeCode Method
[10/3/2011 6:05:41 PM][DEBUG][clLedger][LoadChargeCode][00000000-0000-0000-0000-000000000000] Debug LoadChargeCode Method
[10/3/2011 6:05:52 PM][INFO][clLedger][LoadLedgerDetail][00000000-0000-0000-0000-000000000000] Execute LoadLedgerDetail Method
[10/3/2011 6:05:52 PM][DEBUG][clLedger][LoadLedgerDetail][00000000-0000-0000-0000-000000000000] Debug LoadLedgerDetail Method
[10/3/2011 6:05:52 PM][INFO][clLedger][LoadChargeCode][00000000-0000-0000-0000-000000000000] Execute LoadChargeCode Method
[10/3/2011 6:05:52 PM][DEBUG][clLedger][LoadChargeCode][00000000-0000-0000-0000-000000000000] Debug LoadChargeCode Method
[10/3/2011 6:06:09 PM][INFO][clLedger][LoadLedgerDetail][00000000-0000-0000-0000-000000000000] Execute LoadLedgerDetail Method
[10/3/2011 6:06:09 PM][DEBUG][clLedger][LoadLedgerDetail][00000000-0000-0000-0000-000000000000] Debug LoadLedgerDetail Method
[10/3/2011 6:06:09 PM][INFO][clLedger][LoadChargeCode][00000000-0000-0000-0000-000000000000] Execute LoadChargeCode Method
[10/3/2011 6:06:09 PM][DEBUG][clLedger][LoadChargeCode][00000000-0000-0000-0000-000000000000] Debug LoadChargeCode Method
[10/3/2011 6:06:24 PM][INFO][clLedger][LoadLedgerDetail][00000000-0000-0000-0000-000000000000] Execute LoadLedgerDetail Method
[10/3/2011 6:06:24 PM][DEBUG][clLedger][LoadLedgerDetail][00000000-0000-0000-0000-000000000000] Debug LoadLedgerDetail Method
[10/3/2011 6:06:24 PM][INFO][clLedger][LoadChargeCode][00000000-0000-0000-0000-000000000000] Execute LoadChargeCode Method
[10/3/2011 6:06:24 PM][DEBUG][clLedger][LoadChargeCode][00000000-0000-0000-0000-000000000000] Debug LoadChargeCode Method
[10/3/2011 6:07:14 PM][INFO][clLedger][LoadLedgerDetail][00000000-0000-0000-0000-000000000000] Execute LoadLedgerDetail Method
[10/3/2011 6:07:14 PM][DEBUG][clLedger][LoadLedgerDetail][00000000-0000-0000-0000-000000000000] Debug LoadLedgerDetail Method
[10/3/2011 6:07:14 PM][INFO][clLedger][LoadChargeCode][00000000-0000-0000-0000-000000000000] Execute LoadChargeCode Method
[10/3/2011 6:07:14 PM][DEBUG][clLedger][LoadChargeCode][00000000-0000-0000-0000-000000000000] Debug LoadChargeCode Method
[10/3/2011 6:07:32 PM][INFO][clStaff][LoadStaffDetailsByUserNameAndPassword][00000000-0000-0000-0000-000000000000] Execute LoadStaffDetailsByUserNameAndPassword Method
[10/3/2011 6:07:32 PM][DEBUG][clStaff][LoadStaffDetailsByUserNameAndPassword][00000000-0000-0000-0000-000000000000] Debug LoadStaffDetailsByUserNameAndPassword Method
[10/3/2011 6:07:32 PM][INFO][clSchoolYear][LoadAllSchoolYear][00000000-0000-0000-0000-000000000000] Execute LoadAllSchoolYear Method
[10/3/2011 6:07:32 PM][DEBUG][clSchoolYear][LoadAllSchoolYear][00000000-0000-0000-0000-000000000000] Debug LoadAllSchoolYear Method
[10/3/2011 6:07:34 PM][INFO][Ledger][GetChildProgEnrollmentFeeDetail][00000000-0000-0000-0000-000000000000] GetChildProgEnrollmentFeeDetail method called
[10/3/2011 6:07:34 PM][DEBUG][Ledger][GetChildProgEnrollmentFeeDetail][00000000-0000-0000-0000-000000000000] Debug GetChildProgEnrollmentFeeDetail called
[10/3/2011 6:07:35 PM][INFO][clLedger][GetChildProgEnrollmentFeeDetail][00000000-0000-0000-0000-000000000000] GetChildProgEnrollmentFeeDetail method called
[10/3/2011 6:07:35 PM][DEBUG][clLedger][GetChildProgEnrollmentFeeDetail][00000000-0000-0000-0000-000000000000] Debug GetChildProgEnrollmentFeeDetail called
[10/3/2011 6:07:35 PM][INFO][clLedger][GetLastTransactionDate][00000000-0000-0000-0000-000000000000] GetLastTransactionDate method called
[10/3/2011 6:07:35 PM][DEBUG][clLedger][GetLastTransactionDate][00000000-0000-0000-0000-000000000000] Debug GetLastTransactionDate called
[10/3/2011 6:07:35 PM][INFO][clLedger][GetLastTransactionDate][00000000-0000-0000-0000-000000000000] GetLastTransactionDate method called
[10/3/2011 6:07:35 PM][DEBUG][clLedger][GetLastTransactionDate][00000000-0000-0000-0000-000000000000] Debug GetLastTransactionDate called
[10/3/2011 6:07:35 PM][INFO][clLedger][GetLastTransactionDate][00000000-0000-0000-0000-000000000000] GetLastTransactionDate method called
[10/3/2011 6:07:35 PM][DEBUG][clLedger][GetLastTransactionDate][00000000-0000-0000-0000-000000000000] Debug GetLastTransactionDate called
[10/3/2011 6:07:35 PM][INFO][clSchoolYear][LoadAllSchoolYear][00000000-0000-0000-0000-000000000000] Execute LoadAllSchoolYear Method
[10/3/2011 6:07:35 PM][DEBUG][clSchoolYear][LoadAllSchoolYear][00000000-0000-0000-0000-000000000000] Debug LoadAllSchoolYear Method
[10/3/2011 6:07:35 PM][INFO][clLedgerOfFamily][LoadChildFamily][00000000-0000-0000-0000-000000000000] Execute LoadChildFamily Method
[10/3/2011 6:07:35 PM][DEBUG][clLedgerOfFamily][LoadChildFamily][00000000-0000-0000-0000-000000000000] Debug LoadChildFamily Method
[10/3/2011 6:07:37 PM][INFO][clSchoolYear][GetCurrentSchoolYear][00000000-0000-0000-0000-000000000000] Execute GetCurrentSchoolYear Method
[10/3/2011 6:07:37 PM][DEBUG][clSchoolYear][GetCurrentSchoolYear][00000000-0000-0000-0000-000000000000] Debug GetCurrentSchoolYear Method
[10/3/2011 6:07:38 PM][INFO][clLedger][LoadChargeCode][00000000-0000-0000-0000-000000000000] Execute LoadChargeCode Method
[10/3/2011 6:07:38 PM][DEBUG][clLedger][LoadChargeCode][00000000-0000-0000-0000-000000000000] Debug LoadChargeCode Method
[10/3/2011 6:07:38 PM][INFO][clSchoolYear][LoadAllSchoolYear][00000000-0000-0000-0000-000000000000] Execute LoadAllSchoolYear Method
[10/3/2011 6:07:38 PM][DEBUG][clSchoolYear][LoadAllSchoolYear][00000000-0000-0000-0000-000000000000] Debug LoadAllSchoolYear Method
[10/3/2011 6:07:38 PM][INFO][clLedger][LoadLedgerDetail][00000000-0000-0000-0000-000000000000] Execute LoadLedgerDetail Method
[10/3/2011 6:07:38 PM][DEBUG][clLedger][LoadLedgerDetail][00000000-0000-0000-0000-000000000000] Debug LoadLedgerDetail Method
[10/3/2011 6:07:40 PM][INFO][clLedger][LoadLedgerDetail][00000000-0000-0000-0000-000000000000] Execute LoadLedgerDetail Method
[10/3/2011 6:07:40 PM][DEBUG][clLedger][LoadLedgerDetail][00000000-0000-0000-0000-000000000000] Debug LoadLedgerDetail Method
[10/3/2011 6:07:40 PM][INFO][clLedger][LoadChargeCode][00000000-0000-0000-0000-000000000000] Execute LoadChargeCode Method
[10/3/2011 6:07:40 PM][DEBUG][clLedger][LoadChargeCode][00000000-0000-0000-0000-000000000000] Debug LoadChargeCode Method
[10/3/2011 6:07:57 PM][INFO][clLedger][LoadLedgerDetail][00000000-0000-0000-0000-000000000000] Execute LoadLedgerDetail Method
[10/3/2011 6:07:57 PM][DEBUG][clLedger][LoadLedgerDetail][00000000-0000-0000-0000-000000000000] Debug LoadLedgerDetail Method
[10/3/2011 6:07:57 PM][INFO][clLedger][LoadChargeCode][00000000-0000-0000-0000-000000000000] Execute LoadChargeCode Method
[10/3/2011 6:07:57 PM][DEBUG][clLedger][LoadChargeCode][00000000-0000-0000-0000-000000000000] Debug LoadChargeCode Method
[10/3/2011 6:08:34 PM][INFO][clLedger][LoadLedgerDetail][00000000-0000-0000-0000-000000000000] Execute LoadLedgerDetail Method
[10/3/2011 6:08:34 PM][DEBUG][clLedger][LoadLedgerDetail][00000000-0000-0000-0000-000000000000] Debug LoadLedgerDetail Method
[10/3/2011 6:08:34 PM][INFO][clLedger][LoadChargeCode][00000000-0000-0000-0000-000000000000] Execute LoadChargeCode Method
[10/3/2011 6:08:34 PM][DEBUG][clLedger][LoadChargeCode][00000000-0000-0000-0000-000000000000] Debug LoadChargeCode Method
[10/3/2011 6:11:52 PM][INFO][clLedger][LoadChargeCode][00000000-0000-0000-0000-000000000000] Execute LoadChargeCode Method
[10/3/2011 6:11:52 PM][DEBUG][clLedger][LoadChargeCode][00000000-0000-0000-0000-000000000000] Debug LoadChargeCode Method
[10/3/2011 6:11:52 PM][INFO][clSchoolYear][LoadAllSchoolYear][00000000-0000-0000-0000-000000000000] Execute LoadAllSchoolYear Method
[10/3/2011 6:11:52 PM][DEBUG][clSchoolYear][LoadAllSchoolYear][00000000-0000-0000-0000-000000000000] Debug LoadAllSchoolYear Method
[10/3/2011 6:11:52 PM][INFO][clLedger][LoadLedgerDetail][00000000-0000-0000-0000-000000000000] Execute LoadLedgerDetail Method
[10/3/2011 6:11:52 PM][DEBUG][clLedger][LoadLedgerDetail][00000000-0000-0000-0000-000000000000] Debug LoadLedgerDetail Method
[10/3/2011 6:12:03 PM][INFO][clLedger][LoadLedgerDetail][00000000-0000-0000-0000-000000000000] Execute LoadLedgerDetail Method
[10/3/2011 6:12:03 PM][DEBUG][clLedger][LoadLedgerDetail][00000000-0000-0000-0000-000000000000] Debug LoadLedgerDetail Method
[10/3/2011 6:12:03 PM][INFO][clLedger][LoadChargeCode][00000000-0000-0000-0000-000000000000] Execute LoadChargeCode Method
[10/3/2011 6:12:03 PM][DEBUG][clLedger][LoadChargeCode][00000000-0000-0000-0000-000000000000] Debug LoadChargeCode Method
[10/3/2011 6:12:09 PM][INFO][clLedger][LoadLedgerDetail][00000000-0000-0000-0000-000000000000] Execute LoadLedgerDetail Method
[10/3/2011 6:12:09 PM][DEBUG][clLedger][LoadLedgerDetail][00000000-0000-0000-0000-000000000000] Debug LoadLedgerDetail Method
[10/3/2011 6:17:57 PM][INFO][clStaff][LoadStaffDetailsByUserNameAndPassword][00000000-0000-0000-0000-000000000000] Execute LoadStaffDetailsByUserNameAndPassword Method
[10/3/2011 6:17:57 PM][DEBUG][clStaff][LoadStaffDetailsByUserNameAndPassword][00000000-0000-0000-0000-000000000000] Debug LoadStaffDetailsByUserNameAndPassword Method
[10/3/2011 6:18:02 PM][INFO][clSchoolYear][LoadAllSchoolYear][00000000-0000-0000-0000-000000000000] Execute LoadAllSchoolYear Method
[10/3/2011 6:18:02 PM][DEBUG][clSchoolYear][LoadAllSchoolYear][00000000-0000-0000-0000-000000000000] Debug LoadAllSchoolYear Method
[10/3/2011 6:18:05 PM][INFO][Ledger][GetChildProgEnrollmentFeeDetail][00000000-0000-0000-0000-000000000000] GetChildProgEnrollmentFeeDetail method called
[10/3/2011 6:18:05 PM][DEBUG][Ledger][GetChildProgEnrollmentFeeDetail][00000000-0000-0000-0000-000000000000] Debug GetChildProgEnrollmentFeeDetail called
[10/3/2011 6:18:05 PM][INFO][clLedger][GetChildProgEnrollmentFeeDetail][00000000-0000-0000-0000-000000000000] GetChildProgEnrollmentFeeDetail method called
[10/3/2011 6:18:05 PM][DEBUG][clLedger][GetChildProgEnrollmentFeeDetail][00000000-0000-0000-0000-000000000000] Debug GetChildProgEnrollmentFeeDetail called
[10/3/2011 6:18:05 PM][INFO][clLedger][GetLastTransactionDate][00000000-0000-0000-0000-000000000000] GetLastTransactionDate method called
[10/3/2011 6:18:05 PM][DEBUG][clLedger][GetLastTransactionDate][00000000-0000-0000-0000-000000000000] Debug GetLastTransactionDate called
[10/3/2011 6:18:05 PM][INFO][clLedger][GetLastTransactionDate][00000000-0000-0000-0000-000000000000] GetLastTransactionDate method called
[10/3/2011 6:18:05 PM][DEBUG][clLedger][GetLastTransactionDate][00000000-0000-0000-0000-000000000000] Debug GetLastTransactionDate called
[10/3/2011 6:18:05 PM][INFO][clLedger][GetLastTransactionDate][00000000-0000-0000-0000-000000000000] GetLastTransactionDate method called
[10/3/2011 6:18:05 PM][DEBUG][clLedger][GetLastTransactionDate][00000000-0000-0000-0000-000000000000] Debug GetLastTransactionDate called
[10/3/2011 6:18:05 PM][INFO][clSchoolYear][LoadAllSchoolYear][00000000-0000-0000-0000-000000000000] Execute LoadAllSchoolYear Method
[10/3/2011 6:18:05 PM][DEBUG][clSchoolYear][LoadAllSchoolYear][00000000-0000-0000-0000-000000000000] Debug LoadAllSchoolYear Method
[10/3/2011 6:18:05 PM][INFO][clLedgerOfFamily][LoadChildFamily][00000000-0000-0000-0000-000000000000] Execute LoadChildFamily Method
[10/3/2011 6:18:05 PM][DEBUG][clLedgerOfFamily][LoadChildFamily][00000000-0000-0000-0000-000000000000] Debug LoadChildFamily Method
[10/3/2011 6:18:09 PM][INFO][clSchoolYear][GetCurrentSchoolYear][00000000-0000-0000-0000-000000000000] Execute GetCurrentSchoolYear Method
[10/3/2011 6:18:09 PM][DEBUG][clSchoolYear][GetCurrentSchoolYear][00000000-0000-0000-0000-000000000000] Debug GetCurrentSchoolYear Method
[10/3/2011 6:18:09 PM][INFO][clLedger][LoadChargeCode][00000000-0000-0000-0000-000000000000] Execute LoadChargeCode Method
[10/3/2011 6:18:09 PM][DEBUG][clLedger][LoadChargeCode][00000000-0000-0000-0000-000000000000] Debug LoadChargeCode Method
[10/3/2011 6:18:09 PM][INFO][clSchoolYear][LoadAllSchoolYear][00000000-0000-0000-0000-000000000000] Execute LoadAllSchoolYear Method
[10/3/2011 6:18:09 PM][DEBUG][clSchoolYear][LoadAllSchoolYear][00000000-0000-0000-0000-000000000000] Debug LoadAllSchoolYear Method
[10/3/2011 6:18:09 PM][INFO][clLedger][LoadLedgerDetail][00000000-0000-0000-0000-000000000000] Execute LoadLedgerDetail Method
[10/3/2011 6:18:09 PM][DEBUG][clLedger][LoadLedgerDetail][00000000-0000-0000-0000-000000000000] Debug LoadLedgerDetail Method
[10/3/2011 6:19:00 PM][INFO][clLedger][LoadLedgerDetail][00000000-0000-0000-0000-000000000000] Execute LoadLedgerDetail Method
[10/3/2011 6:19:00 PM][DEBUG][clLedger][LoadLedgerDetail][00000000-0000-0000-0000-000000000000] Debug LoadLedgerDetail Method
[10/3/2011 6:19:00 PM][INFO][clLedger][LoadChargeCode][00000000-0000-0000-0000-000000000000] Execute LoadChargeCode Method
[10/3/2011 6:19:00 PM][DEBUG][clLedger][LoadChargeCode][00000000-0000-0000-0000-000000000000] Debug LoadChargeCode Method
[10/3/2011 6:19:26 PM][INFO][clLedger][LoadLedgerDetail][00000000-0000-0000-0000-000000000000] Execute LoadLedgerDetail Method
[10/3/2011 6:19:26 PM][DEBUG][clLedger][LoadLedgerDetail][00000000-0000-0000-0000-000000000000] Debug LoadLedgerDetail Method
[10/3/2011 6:19:31 PM][INFO][clLedger][LoadLedgerDetail][00000000-0000-0000-0000-000000000000] Execute LoadLedgerDetail Method
[10/3/2011 6:19:31 PM][DEBUG][clLedger][LoadLedgerDetail][00000000-0000-0000-0000-000000000000] Debug LoadLedgerDetail Method
[10/3/2011 6:19:32 PM][INFO][clLedger][LoadChargeCode][00000000-0000-0000-0000-000000000000] Execute LoadChargeCode Method
[10/3/2011 6:19:32 PM][DEBUG][clLedger][LoadChargeCode][00000000-0000-0000-0000-000000000000] Debug LoadChargeCode Method
[10/3/2011 6:19:37 PM][INFO][clLedger][LoadLedgerDetail][00000000-0000-0000-0000-000000000000] Execute LoadLedgerDetail Method
[10/3/2011 6:19:37 PM][DEBUG][clLedger][LoadLedgerDetail][00000000-0000-0000-0000-000000000000] Debug LoadLedgerDetail Method
[10/3/2011 6:19:44 PM][INFO][clLedger][LoadLedgerDetail][00000000-0000-0000-0000-000000000000] Execute LoadLedgerDetail Method
[10/3/2011 6:19:44 PM][DEBUG][clLedger][LoadLedgerDetail][00000000-0000-0000-0000-000000000000] Debug LoadLedgerDetail Method
[10/3/2011 6:19:44 PM][INFO][clLedger][LoadChargeCode][00000000-0000-0000-0000-000000000000] Execute LoadChargeCode Method
[10/3/2011 6:19:44 PM][DEBUG][clLedger][LoadChargeCode][00000000-0000-0000-0000-000000000000] Debug LoadChargeCode Method
[10/3/2011 6:19:49 PM][INFO][clLedger][LoadLedgerDetail][00000000-0000-0000-0000-000000000000] Execute LoadLedgerDetail Method
[10/3/2011 6:19:49 PM][DEBUG][clLedger][LoadLedgerDetail][00000000-0000-0000-0000-000000000000] Debug LoadLedgerDetail Method
[10/3/2011 6:19:53 PM][INFO][clLedger][LoadLedgerDetail][00000000-0000-0000-0000-000000000000] Execute LoadLedgerDetail Method
[10/3/2011 6:19:54 PM][DEBUG][clLedger][LoadLedgerDetail][00000000-0000-0000-0000-000000000000] Debug LoadLedgerDetail Method
[10/3/2011 6:19:54 PM][INFO][clLedger][LoadChargeCode][00000000-0000-0000-0000-000000000000] Execute LoadChargeCode Method
[10/3/2011 6:19:54 PM][DEBUG][clLedger][LoadChargeCode][00000000-0000-0000-0000-000000000000] Debug LoadChargeCode Method
[10/3/2011 6:20:10 PM][INFO][clAbsentReason][SubmitRecord][00000000-0000-0000-0000-000000000000] Submit record method called
[10/3/2011 6:20:10 PM][INFO][clAbsentReason][SubmitRecord][00000000-0000-0000-0000-000000000000] Debug Submit record method called of AbsentReason
[10/3/2011 6:20:10 PM][INFO][clLedger][SaveLedger][00000000-0000-0000-0000-000000000000] Execute SaveLedger Method
[10/3/2011 6:20:10 PM][DEBUG][clLedger][SaveLedger][00000000-0000-0000-0000-000000000000] Debug SaveLedger Method
[10/3/2011 6:20:10 PM][INFO][clLedger][LoadLedgerDetail][00000000-0000-0000-0000-000000000000] Execute LoadLedgerDetail Method
[10/3/2011 6:20:10 PM][DEBUG][clLedger][LoadLedgerDetail][00000000-0000-0000-0000-000000000000] Debug LoadLedgerDetail Method
[10/3/2011 6:20:10 PM][INFO][clLedger][LoadChargeCode][00000000-0000-0000-0000-000000000000] Execute LoadChargeCode Method
[10/3/2011 6:20:10 PM][DEBUG][clLedger][LoadChargeCode][00000000-0000-0000-0000-000000000000] Debug LoadChargeCode Method
[10/3/2011 6:20:31 PM][INFO][clLedger][LoadLedgerDetail][00000000-0000-0000-0000-000000000000] Execute LoadLedgerDetail Method
[10/3/2011 6:20:31 PM][DEBUG][clLedger][LoadLedgerDetail][00000000-0000-0000-0000-000000000000] Debug LoadLedgerDetail Method
[10/3/2011 6:20:31 PM][INFO][clLedger][LoadChargeCode][00000000-0000-0000-0000-000000000000] Execute LoadChargeCode Method
[10/3/2011 6:20:31 PM][DEBUG][clLedger][LoadChargeCode][00000000-0000-0000-0000-000000000000] Debug LoadChargeCode Method
[10/3/2011 6:21:52 PM][INFO][Ledger][GetChildProgEnrollmentFeeDetail][00000000-0000-0000-0000-000000000000] GetChildProgEnrollmentFeeDetail method called
[10/3/2011 6:21:52 PM][DEBUG][Ledger][GetChildProgEnrollmentFeeDetail][00000000-0000-0000-0000-000000000000] Debug GetChildProgEnrollmentFeeDetail called
[10/3/2011 6:21:52 PM][INFO][clLedger][GetChildProgEnrollmentFeeDetail][00000000-0000-0000-0000-000000000000] GetChildProgEnrollmentFeeDetail method called
[10/3/2011 6:21:52 PM][DEBUG][clLedger][GetChildProgEnrollmentFeeDetail][00000000-0000-0000-0000-000000000000] Debug GetChildProgEnrollmentFeeDetail called
[10/3/2011 6:21:52 PM][INFO][clLedger][GetLastTransactionDate][00000000-0000-0000-0000-000000000000] GetLastTransactionDate method called
[10/3/2011 6:21:52 PM][DEBUG][clLedger][GetLastTransactionDate][00000000-0000-0000-0000-000000000000] Debug GetLastTransactionDate called
[10/3/2011 6:21:52 PM][INFO][clLedger][GetLastTransactionDate][00000000-0000-0000-0000-000000000000] GetLastTransactionDate method called
[10/3/2011 6:21:52 PM][DEBUG][clLedger][GetLastTransactionDate][00000000-0000-0000-0000-000000000000] Debug GetLastTransactionDate called
[10/3/2011 6:21:52 PM][INFO][clLedger][GetLastTransactionDate][00000000-0000-0000-0000-000000000000] GetLastTransactionDate method called
[10/3/2011 6:21:52 PM][DEBUG][clLedger][GetLastTransactionDate][00000000-0000-0000-0000-000000000000] Debug GetLastTransactionDate called
[10/3/2011 6:21:52 PM][INFO][clSchoolYear][LoadAllSchoolYear][00000000-0000-0000-0000-000000000000] Execute LoadAllSchoolYear Method
[10/3/2011 6:21:52 PM][DEBUG][clSchoolYear][LoadAllSchoolYear][00000000-0000-0000-0000-000000000000] Debug LoadAllSchoolYear Method
[10/3/2011 6:21:52 PM][INFO][clLedgerOfFamily][LoadChildFamily][00000000-0000-0000-0000-000000000000] Execute LoadChildFamily Method
[10/3/2011 6:21:52 PM][DEBUG][clLedgerOfFamily][LoadChildFamily][00000000-0000-0000-0000-000000000000] Debug LoadChildFamily Method
[10/3/2011 6:21:55 PM][INFO][clSchoolYear][GetCurrentSchoolYear][00000000-0000-0000-0000-000000000000] Execute GetCurrentSchoolYear Method
[10/3/2011 6:21:55 PM][DEBUG][clSchoolYear][GetCurrentSchoolYear][00000000-0000-0000-0000-000000000000] Debug GetCurrentSchoolYear Method
[10/3/2011 6:21:55 PM][INFO][clLedger][LoadChargeCode][00000000-0000-0000-0000-000000000000] Execute LoadChargeCode Method
[10/3/2011 6:21:55 PM][DEBUG][clLedger][LoadChargeCode][00000000-0000-0000-0000-000000000000] Debug LoadChargeCode Method
[10/3/2011 6:21:55 PM][INFO][clSchoolYear][LoadAllSchoolYear][00000000-0000-0000-0000-000000000000] Execute LoadAllSchoolYear Method
[10/3/2011 6:21:55 PM][DEBUG][clSchoolYear][LoadAllSchoolYear][00000000-0000-0000-0000-000000000000] Debug LoadAllSchoolYear Method
[10/3/2011 6:21:55 PM][INFO][clLedger][LoadLedgerDetail][00000000-0000-0000-0000-000000000000] Execute LoadLedgerDetail Method
[10/3/2011 6:21:55 PM][DEBUG][clLedger][LoadLedgerDetail][00000000-0000-0000-0000-000000000000] Debug LoadLedgerDetail Method
[10/3/2011 6:22:02 PM][INFO][clLedger][LoadLedgerDetail][00000000-0000-0000-0000-000000000000] Execute LoadLedgerDetail Method
[10/3/2011 6:22:02 PM][DEBUG][clLedger][LoadLedgerDetail][00000000-0000-0000-0000-000000000000] Debug LoadLedgerDetail Method
[10/3/2011 6:22:02 PM][INFO][clLedger][LoadChargeCode][00000000-0000-0000-0000-000000000000] Execute LoadChargeCode Method
[10/3/2011 6:22:02 PM][DEBUG][clLedger][LoadChargeCode][00000000-0000-0000-0000-000000000000] Debug LoadChargeCode Method
[10/3/2011 6:22:15 PM][INFO][clLedger][LoadLedgerDetail][00000000-0000-0000-0000-000000000000] Execute LoadLedgerDetail Method
[10/3/2011 6:22:15 PM][DEBUG][clLedger][LoadLedgerDetail][00000000-0000-0000-0000-000000000000] Debug LoadLedgerDetail Method
[10/3/2011 6:22:53 PM][INFO][Ledger][GetChildProgEnrollmentFeeDetail][00000000-0000-0000-0000-000000000000] GetChildProgEnrollmentFeeDetail method called
[10/3/2011 6:22:53 PM][DEBUG][Ledger][GetChildProgEnrollmentFeeDetail][00000000-0000-0000-0000-000000000000] Debug GetChildProgEnrollmentFeeDetail called
[10/3/2011 6:22:53 PM][INFO][clLedger][GetChildProgEnrollmentFeeDetail][00000000-0000-0000-0000-000000000000] GetChildProgEnrollmentFeeDetail method called
[10/3/2011 6:22:53 PM][DEBUG][clLedger][GetChildProgEnrollmentFeeDetail][00000000-0000-0000-0000-000000000000] Debug GetChildProgEnrollmentFeeDetail called
[10/3/2011 6:22:53 PM][INFO][clLedger][GetLastTransactionDate][00000000-0000-0000-0000-000000000000] GetLastTransactionDate method called
[10/3/2011 6:22:53 PM][DEBUG][clLedger][GetLastTransactionDate][00000000-0000-0000-0000-000000000000] Debug GetLastTransactionDate called
[10/3/2011 6:22:53 PM][INFO][clLedger][GetLastTransactionDate][00000000-0000-0000-0000-000000000000] GetLastTransactionDate method called
[10/3/2011 6:22:53 PM][DEBUG][clLedger][GetLastTransactionDate][00000000-0000-0000-0000-000000000000] Debug GetLastTransactionDate called
[10/3/2011 6:22:53 PM][INFO][clLedger][GetLastTransactionDate][00000000-0000-0000-0000-000000000000] GetLastTransactionDate method called
[10/3/2011 6:22:53 PM][DEBUG][clLedger][GetLastTransactionDate][00000000-0000-0000-0000-000000000000] Debug GetLastTransactionDate called
[10/3/2011 6:22:53 PM][INFO][clSchoolYear][LoadAllSchoolYear][00000000-0000-0000-0000-000000000000] Execute LoadAllSchoolYear Method
[10/3/2011 6:22:53 PM][DEBUG][clSchoolYear][LoadAllSchoolYear][00000000-0000-0000-0000-000000000000] Debug LoadAllSchoolYear Method
[10/3/2011 6:22:53 PM][INFO][clLedgerOfFamily][LoadChildFamily][00000000-0000-0000-0000-000000000000] Execute LoadChildFamily Method
[10/3/2011 6:22:53 PM][DEBUG][clLedgerOfFamily][LoadChildFamily][00000000-0000-0000-0000-000000000000] Debug LoadChildFamily Method
[10/3/2011 6:22:54 PM][INFO][clSchoolYear][GetCurrentSchoolYear][00000000-0000-0000-0000-000000000000] Execute GetCurrentSchoolYear Method
[10/3/2011 6:22:55 PM][DEBUG][clSchoolYear][GetCurrentSchoolYear][00000000-0000-0000-0000-000000000000] Debug GetCurrentSchoolYear Method
[10/3/2011 6:22:55 PM][INFO][clLedger][LoadChargeCode][00000000-0000-0000-0000-000000000000] Execute LoadChargeCode Method
[10/3/2011 6:22:55 PM][DEBUG][clLedger][LoadChargeCode][00000000-0000-0000-0000-000000000000] Debug LoadChargeCode Method
[10/3/2011 6:22:55 PM][INFO][clSchoolYear][LoadAllSchoolYear][00000000-0000-0000-0000-000000000000] Execute LoadAllSchoolYear Method
[10/3/2011 6:22:55 PM][DEBUG][clSchoolYear][LoadAllSchoolYear][00000000-0000-0000-0000-000000000000] Debug LoadAllSchoolYear Method
[10/3/2011 6:22:55 PM][INFO][clLedger][LoadLedgerDetail][00000000-0000-0000-0000-000000000000] Execute LoadLedgerDetail Method
[10/3/2011 6:22:55 PM][DEBUG][clLedger][LoadLedgerDetail][00000000-0000-0000-0000-000000000000] Debug LoadLedgerDetail Method
[10/3/2011 6:23:00 PM][INFO][clLedger][LoadLedgerDetail][00000000-0000-0000-0000-000000000000] Execute LoadLedgerDetail Method
[10/3/2011 6:23:00 PM][DEBUG][clLedger][LoadLedgerDetail][00000000-0000-0000-0000-000000000000] Debug LoadLedgerDetail Method
[10/3/2011 6:23:00 PM][INFO][clLedger][LoadChargeCode][00000000-0000-0000-0000-000000000000] Execute LoadChargeCode Method
[10/3/2011 6:23:00 PM][DEBUG][clLedger][LoadChargeCode][00000000-0000-0000-0000-000000000000] Debug LoadChargeCode Method
[10/3/2011 6:23:18 PM][INFO][clAbsentReason][SubmitRecord][00000000-0000-0000-0000-000000000000] Submit record method called
[10/3/2011 6:23:18 PM][INFO][clAbsentReason][SubmitRecord][00000000-0000-0000-0000-000000000000] Debug Submit record method called of AbsentReason
[10/3/2011 6:23:18 PM][INFO][clLedger][SaveLedger][00000000-0000-0000-0000-000000000000] Execute SaveLedger Method
[10/3/2011 6:23:18 PM][DEBUG][clLedger][SaveLedger][00000000-0000-0000-0000-000000000000] Debug SaveLedger Method
[10/3/2011 6:23:19 PM][INFO][clLedger][LoadLedgerDetail][00000000-0000-0000-0000-000000000000] Execute LoadLedgerDetail Method
[10/3/2011 6:23:19 PM][DEBUG][clLedger][LoadLedgerDetail][00000000-0000-0000-0000-000000000000] Debug LoadLedgerDetail Method
[10/3/2011 6:23:19 PM][INFO][clLedger][LoadChargeCode][00000000-0000-0000-0000-000000000000] Execute LoadChargeCode Method
[10/3/2011 6:23:19 PM][DEBUG][clLedger][LoadChargeCode][00000000-0000-0000-0000-000000000000] Debug LoadChargeCode Method
[10/3/2011 6:23:19 PM][INFO][clLedger][LoadChargeCode][00000000-0000-0000-0000-000000000000] Execute LoadChargeCode Method
[10/3/2011 6:23:19 PM][DEBUG][clLedger][LoadChargeCode][00000000-0000-0000-0000-000000000000] Debug LoadChargeCode Method
[10/3/2011 6:23:28 PM][INFO][clLedger][LoadLedgerDetail][00000000-0000-0000-0000-000000000000] Execute LoadLedgerDetail Method
[10/3/2011 6:23:28 PM][DEBUG][clLedger][LoadLedgerDetail][00000000-0000-0000-0000-000000000000] Debug LoadLedgerDetail Method
[10/3/2011 6:23:28 PM][INFO][clLedger][LoadChargeCode][00000000-0000-0000-0000-000000000000] Execute LoadChargeCode Method
[10/3/2011 6:23:28 PM][DEBUG][clLedger][LoadChargeCode][00000000-0000-0000-0000-000000000000] Debug LoadChargeCode Method
[10/3/2011 6:23:48 PM][INFO][clAbsentReason][SubmitRecord][00000000-0000-0000-0000-000000000000] Submit record method called
[10/3/2011 6:23:48 PM][INFO][clAbsentReason][SubmitRecord][00000000-0000-0000-0000-000000000000] Debug Submit record method called of AbsentReason
[10/3/2011 6:23:48 PM][INFO][clLedger][SaveLedger][00000000-0000-0000-0000-000000000000] Execute SaveLedger Method
[10/3/2011 6:23:48 PM][DEBUG][clLedger][SaveLedger][00000000-0000-0000-0000-000000000000] Debug SaveLedger Method
[10/3/2011 6:23:48 PM][INFO][clLedger][LoadLedgerDetail][00000000-0000-0000-0000-000000000000] Execute LoadLedgerDetail Method
[10/3/2011 6:23:48 PM][DEBUG][clLedger][LoadLedgerDetail][00000000-0000-0000-0000-000000000000] Debug LoadLedgerDetail Method
[10/3/2011 6:23:48 PM][INFO][clLedger][LoadChargeCode][00000000-0000-0000-0000-000000000000] Execute LoadChargeCode Method
[10/3/2011 6:23:48 PM][DEBUG][clLedger][LoadChargeCode][00000000-0000-0000-0000-000000000000] Debug LoadChargeCode Method
[10/3/2011 6:23:57 PM][INFO][clLedger][LoadLedgerDetail][00000000-0000-0000-0000-000000000000] Execute LoadLedgerDetail Method
[10/3/2011 6:23:57 PM][DEBUG][clLedger][LoadLedgerDetail][00000000-0000-0000-0000-000000000000] Debug LoadLedgerDetail Method
[10/3/2011 6:23:57 PM][INFO][clLedger][LoadChargeCode][00000000-0000-0000-0000-000000000000] Execute LoadChargeCode Method
[10/3/2011 6:23:57 PM][DEBUG][clLedger][LoadChargeCode][00000000-0000-0000-0000-000000000000] Debug LoadChargeCode Method
[10/3/2011 6:23:59 PM][INFO][clAbsentReason][SubmitRecord][00000000-0000-0000-0000-000000000000] Submit record method called
[10/3/2011 6:23:59 PM][INFO][clAbsentReason][SubmitRecord][00000000-0000-0000-0000-000000000000] Debug Submit record method called of AbsentReason
[10/3/2011 6:23:59 PM][INFO][clLedger][SaveLedger][00000000-0000-0000-0000-000000000000] Execute SaveLedger Method
[10/3/2011 6:23:59 PM][DEBUG][clLedger][SaveLedger][00000000-0000-0000-0000-000000000000] Debug SaveLedger Method
[10/3/2011 6:24:00 PM][INFO][clLedger][LoadLedgerDetail][00000000-0000-0000-0000-000000000000] Execute LoadLedgerDetail Method
[10/3/2011 6:24:00 PM][DEBUG][clLedger][LoadLedgerDetail][00000000-0000-0000-0000-000000000000] Debug LoadLedgerDetail Method
[10/3/2011 6:24:00 PM][INFO][clLedger][LoadChargeCode][00000000-0000-0000-0000-000000000000] Execute LoadChargeCode Method
[10/3/2011 6:24:00 PM][DEBUG][clLedger][LoadChargeCode][00000000-0000-0000-0000-000000000000] Debug LoadChargeCode Method
[10/3/2011 6:24:00 PM][INFO][clLedger][LoadChargeCode][00000000-0000-0000-0000-000000000000] Execute LoadChargeCode Method
[10/3/2011 6:24:00 PM][DEBUG][clLedger][LoadChargeCode][00000000-0000-0000-0000-000000000000] Debug LoadChargeCode Method
[10/3/2011 6:24:03 PM][INFO][clLedger][LoadLedgerDetail][00000000-0000-0000-0000-000000000000] Execute LoadLedgerDetail Method
[10/3/2011 6:24:03 PM][DEBUG][clLedger][LoadLedgerDetail][00000000-0000-0000-0000-000000000000] Debug LoadLedgerDetail Method
[10/3/2011 6:24:03 PM][INFO][clLedger][LoadChargeCode][00000000-0000-0000-0000-000000000000] Execute LoadChargeCode Method
[10/3/2011 6:24:03 PM][DEBUG][clLedger][LoadChargeCode][00000000-0000-0000-0000-000000000000] Debug LoadChargeCode Method
[10/3/2011 6:24:08 PM][INFO][clAbsentReason][SubmitRecord][00000000-0000-0000-0000-000000000000] Submit record method called
[10/3/2011 6:24:08 PM][INFO][clAbsentReason][SubmitRecord][00000000-0000-0000-0000-000000000000] Debug Submit record method called of AbsentReason
[10/3/2011 6:24:08 PM][INFO][clLedger][SaveLedger][00000000-0000-0000-0000-000000000000] Execute SaveLedger Method
[10/3/2011 6:24:08 PM][DEBUG][clLedger][SaveLedger][00000000-0000-0000-0000-000000000000] Debug SaveLedger Method
[10/3/2011 6:24:08 PM][INFO][clLedger][LoadLedgerDetail][00000000-0000-0000-0000-000000000000] Execute LoadLedgerDetail Method
[10/3/2011 6:24:08 PM][DEBUG][clLedger][LoadLedgerDetail][00000000-0000-0000-0000-000000000000] Debug LoadLedgerDetail Method
[10/3/2011 6:24:08 PM][INFO][clLedger][LoadChargeCode][00000000-0000-0000-0000-000000000000] Execute LoadChargeCode Method
[10/3/2011 6:24:08 PM][DEBUG][clLedger][LoadChargeCode][00000000-0000-0000-0000-000000000000] Debug LoadChargeCode Method
[10/3/2011 6:24:08 PM][INFO][clLedger][LoadChargeCode][00000000-0000-0000-0000-000000000000] Execute LoadChargeCode Method
[10/3/2011 6:24:08 PM][DEBUG][clLedger][LoadChargeCode][00000000-0000-0000-0000-000000000000] Debug LoadChargeCode Method
[10/3/2011 6:24:15 PM][INFO][clLedger][LoadLedgerDetail][00000000-0000-0000-0000-000000000000] Execute LoadLedgerDetail Method
[10/3/2011 6:24:15 PM][DEBUG][clLedger][LoadLedgerDetail][00000000-0000-0000-0000-000000000000] Debug LoadLedgerDetail Method
[10/3/2011 6:24:15 PM][INFO][clLedger][LoadChargeCode][00000000-0000-0000-0000-000000000000] Execute LoadChargeCode Method
[10/3/2011 6:24:15 PM][DEBUG][clLedger][LoadChargeCode][00000000-0000-0000-0000-000000000000] Debug LoadChargeCode Method
[10/3/2011 6:24:24 PM][INFO][clAbsentReason][SubmitRecord][00000000-0000-0000-0000-000000000000] Submit record method called
[10/3/2011 6:24:24 PM][INFO][clAbsentReason][SubmitRecord][00000000-0000-0000-0000-000000000000] Debug Submit record method called of AbsentReason
[10/3/2011 6:24:24 PM][INFO][clLedger][SaveLedger][00000000-0000-0000-0000-000000000000] Execute SaveLedger Method
[10/3/2011 6:24:24 PM][DEBUG][clLedger][SaveLedger][00000000-0000-0000-0000-000000000000] Debug SaveLedger Method
[10/3/2011 6:24:24 PM][INFO][clLedger][LoadLedgerDetail][00000000-0000-0000-0000-000000000000] Execute LoadLedgerDetail Method
[10/3/2011 6:24:24 PM][DEBUG][clLedger][LoadLedgerDetail][00000000-0000-0000-0000-000000000000] Debug LoadLedgerDetail Method
[10/3/2011 6:24:24 PM][INFO][clLedger][LoadChargeCode][00000000-0000-0000-0000-000000000000] Execute LoadChargeCode Method
[10/3/2011 6:24:24 PM][DEBUG][clLedger][LoadChargeCode][00000000-0000-0000-0000-000000000000] Debug LoadChargeCode Method
[10/3/2011 6:24:24 PM][INFO][clLedger][LoadChargeCode][00000000-0000-0000-0000-000000000000] Execute LoadChargeCode Method
[10/3/2011 6:24:24 PM][DEBUG][clLedger][LoadChargeCode][00000000-0000-0000-0000-000000000000] Debug LoadChargeCode Method
[10/3/2011 6:25:08 PM][INFO][clLedger][LoadLedgerDetail][00000000-0000-0000-0000-000000000000] Execute LoadLedgerDetail Method
[10/3/2011 6:25:08 PM][DEBUG][clLedger][LoadLedgerDetail][00000000-0000-0000-0000-000000000000] Debug LoadLedgerDetail Method
[10/3/2011 6:25:08 PM][INFO][clLedger][LoadChargeCode][00000000-0000-0000-0000-000000000000] Execute LoadChargeCode Method
[10/3/2011 6:25:08 PM][DEBUG][clLedger][LoadChargeCode][00000000-0000-0000-0000-000000000000] Debug LoadChargeCode Method
[10/3/2011 6:25:10 PM][INFO][clAbsentReason][SubmitRecord][00000000-0000-0000-0000-000000000000] Submit record method called
[10/3/2011 6:25:10 PM][INFO][clAbsentReason][SubmitRecord][00000000-0000-0000-0000-000000000000] Debug Submit record method called of AbsentReason
[10/3/2011 6:25:10 PM][INFO][clLedger][SaveLedger][00000000-0000-0000-0000-000000000000] Execute SaveLedger Method
[10/3/2011 6:25:10 PM][DEBUG][clLedger][SaveLedger][00000000-0000-0000-0000-000000000000] Debug SaveLedger Method
[10/3/2011 6:25:10 PM][INFO][clLedger][LoadLedgerDetail][00000000-0000-0000-0000-000000000000] Execute LoadLedgerDetail Method
[10/3/2011 6:25:10 PM][DEBUG][clLedger][LoadLedgerDetail][00000000-0000-0000-0000-000000000000] Debug LoadLedgerDetail Method
[10/3/2011 6:25:10 PM][INFO][clLedger][LoadChargeCode][00000000-0000-0000-0000-000000000000] Execute LoadChargeCode Method
[10/3/2011 6:25:10 PM][DEBUG][clLedger][LoadChargeCode][00000000-0000-0000-0000-000000000000] Debug LoadChargeCode Method
[10/3/2011 6:25:13 PM][INFO][clLedger][LoadChargeCode][00000000-0000-0000-0000-000000000000] Execute LoadChargeCode Method
[10/3/2011 6:25:13 PM][DEBUG][clLedger][LoadChargeCode][00000000-0000-0000-0000-000000000000] Debug LoadChargeCode Method
[10/3/2011 6:26:37 PM][INFO][clLedger][LoadLedgerDetail][00000000-0000-0000-0000-000000000000] Execute LoadLedgerDetail Method
[10/3/2011 6:26:37 PM][DEBUG][clLedger][LoadLedgerDetail][00000000-0000-0000-0000-000000000000] Debug LoadLedgerDetail Method
[10/3/2011 6:26:37 PM][INFO][clLedger][LoadChargeCode][00000000-0000-0000-0000-000000000000] Execute LoadChargeCode Method
[10/3/2011 6:26:37 PM][DEBUG][clLedger][LoadChargeCode][00000000-0000-0000-0000-000000000000] Debug LoadChargeCode Method
[10/3/2011 6:26:39 PM][INFO][clAbsentReason][SubmitRecord][00000000-0000-0000-0000-000000000000] Submit record method called
[10/3/2011 6:26:39 PM][INFO][clAbsentReason][SubmitRecord][00000000-0000-0000-0000-000000000000] Debug Submit record method called of AbsentReason
[10/3/2011 6:26:39 PM][INFO][clLedger][SaveLedger][00000000-0000-0000-0000-000000000000] Execute SaveLedger Method
[10/3/2011 6:26:39 PM][DEBUG][clLedger][SaveLedger][00000000-0000-0000-0000-000000000000] Debug SaveLedger Method
[10/3/2011 6:26:39 PM][INFO][clLedger][LoadLedgerDetail][00000000-0000-0000-0000-000000000000] Execute LoadLedgerDetail Method
[10/3/2011 6:26:39 PM][DEBUG][clLedger][LoadLedgerDetail][00000000-0000-0000-0000-000000000000] Debug LoadLedgerDetail Method
[10/3/2011 6:26:39 PM][INFO][clLedger][LoadChargeCode][00000000-0000-0000-0000-000000000000] Execute LoadChargeCode Method
[10/3/2011 6:26:39 PM][DEBUG][clLedger][LoadChargeCode][00000000-0000-0000-0000-000000000000] Debug LoadChargeCode Method
[10/3/2011 6:26:42 PM][INFO][clLedger][LoadChargeCode][00000000-0000-0000-0000-000000000000] Execute LoadChargeCode Method
[10/3/2011 6:26:42 PM][DEBUG][clLedger][LoadChargeCode][00000000-0000-0000-0000-000000000000] Debug LoadChargeCode Method
[10/3/2011 6:26:47 PM][INFO][clLedger][LoadLedgerDetail][00000000-0000-0000-0000-000000000000] Execute LoadLedgerDetail Method
[10/3/2011 6:26:47 PM][DEBUG][clLedger][LoadLedgerDetail][00000000-0000-0000-0000-000000000000] Debug LoadLedgerDetail Method
[10/3/2011 6:26:49 PM][INFO][clLedger][LoadLedgerDetail][00000000-0000-0000-0000-000000000000] Execute LoadLedgerDetail Method
[10/3/2011 6:26:49 PM][DEBUG][clLedger][LoadLedgerDetail][00000000-0000-0000-0000-000000000000] Debug LoadLedgerDetail Method
[10/3/2011 6:26:49 PM][INFO][clLedger][LoadChargeCode][00000000-0000-0000-0000-000000000000] Execute LoadChargeCode Method
[10/3/2011 6:26:49 PM][DEBUG][clLedger][LoadChargeCode][00000000-0000-0000-0000-000000000000] Debug LoadChargeCode Method
[10/3/2011 6:26:51 PM][INFO][clAbsentReason][SubmitRecord][00000000-0000-0000-0000-000000000000] Submit record method called
[10/3/2011 6:26:51 PM][INFO][clAbsentReason][SubmitRecord][00000000-0000-0000-0000-000000000000] Debug Submit record method called of AbsentReason
[10/3/2011 6:26:51 PM][INFO][clLedger][SaveLedger][00000000-0000-0000-0000-000000000000] Execute SaveLedger Method
[10/3/2011 6:26:51 PM][DEBUG][clLedger][SaveLedger][00000000-0000-0000-0000-000000000000] Debug SaveLedger Method
[10/3/2011 6:26:51 PM][INFO][clLedger][LoadLedgerDetail][00000000-0000-0000-0000-000000000000] Execute LoadLedgerDetail Method
[10/3/2011 6:26:51 PM][DEBUG][clLedger][LoadLedgerDetail][00000000-0000-0000-0000-000000000000] Debug LoadLedgerDetail Method
[10/3/2011 6:26:51 PM][INFO][clLedger][LoadChargeCode][00000000-0000-0000-0000-000000000000] Execute LoadChargeCode Method
[10/3/2011 6:26:51 PM][DEBUG][clLedger][LoadChargeCode][00000000-0000-0000-0000-000000000000] Debug LoadChargeCode Method
[10/3/2011 6:26:52 PM][INFO][clLedger][LoadChargeCode][00000000-0000-0000-0000-000000000000] Execute LoadChargeCode Method
[10/3/2011 6:26:52 PM][DEBUG][clLedger][LoadChargeCode][00000000-0000-0000-0000-000000000000] Debug LoadChargeCode Method
[10/3/2011 7:07:45 PM][INFO][clStaff][LoadStaffDetailsByUserNameAndPassword][00000000-0000-0000-0000-000000000000] Execute LoadStaffDetailsByUserNameAndPassword Method
[10/3/2011 7:07:45 PM][DEBUG][clStaff][LoadStaffDetailsByUserNameAndPassword][00000000-0000-0000-0000-000000000000] Debug LoadStaffDetailsByUserNameAndPassword Method
[10/3/2011 7:07:48 PM][INFO][clSchoolYear][LoadAllSchoolYear][00000000-0000-0000-0000-000000000000] Execute LoadAllSchoolYear Method
[10/3/2011 7:07:48 PM][DEBUG][clSchoolYear][LoadAllSchoolYear][00000000-0000-0000-0000-000000000000] Debug LoadAllSchoolYear Method
[10/3/2011 7:07:56 PM][INFO][clSchoolYear][LoadAllSchoolYear][00000000-0000-0000-0000-000000000000] Execute LoadAllSchoolYear Method
[10/3/2011 7:07:56 PM][DEBUG][clSchoolYear][LoadAllSchoolYear][00000000-0000-0000-0000-000000000000] Debug LoadAllSchoolYear Method
[10/3/2011 7:07:56 PM][INFO][clChildList][GetAllChildList][00000000-0000-0000-0000-000000000000] GetAllChildList method called
[10/3/2011 7:07:56 PM][DEBUG][clChildList][GetAllChildList][00000000-0000-0000-0000-000000000000] Debug GetAllChildList called
