[10/7/2011 10:49:42 AM][INFO][clStaff][LoadStaffDetailsByUserNameAndPassword][00000000-0000-0000-0000-000000000000] Execute LoadStaffDetailsByUserNameAndPassword Method
[10/7/2011 10:49:42 AM][DEBUG][clStaff][LoadStaffDetailsByUserNameAndPassword][00000000-0000-0000-0000-000000000000] Debug LoadStaffDetailsByUserNameAndPassword Method
[10/7/2011 10:49:47 AM][INFO][clStaff][LoadStaffDetailsByUserNameAndPassword][00000000-0000-0000-0000-000000000000] Execute LoadStaffDetailsByUserNameAndPassword Method
[10/7/2011 10:49:47 AM][DEBUG][clStaff][LoadStaffDetailsByUserNameAndPassword][00000000-0000-0000-0000-000000000000] Debug LoadStaffDetailsByUserNameAndPassword Method
[10/7/2011 10:49:51 AM][INFO][clSchoolYear][LoadAllSchoolYear][00000000-0000-0000-0000-000000000000] Execute LoadAllSchoolYear Method
[10/7/2011 10:49:51 AM][DEBUG][clSchoolYear][LoadAllSchoolYear][00000000-0000-0000-0000-000000000000] Debug LoadAllSchoolYear Method
[10/7/2011 10:50:03 AM][INFO][Ledger][GetChildProgEnrollmentFeeDetail][00000000-0000-0000-0000-000000000000] GetChildProgEnrollmentFeeDetail method called
[10/7/2011 10:50:03 AM][DEBUG][Ledger][GetChildProgEnrollmentFeeDetail][00000000-0000-0000-0000-000000000000] Debug GetChildProgEnrollmentFeeDetail called
[10/7/2011 10:50:03 AM][INFO][clLedger][GetChildProgEnrollmentFeeDetail][00000000-0000-0000-0000-000000000000] GetChildProgEnrollmentFeeDetail method called
[10/7/2011 10:50:03 AM][DEBUG][clLedger][GetChildProgEnrollmentFeeDetail][00000000-0000-0000-0000-000000000000] Debug GetChildProgEnrollmentFeeDetail called
[10/7/2011 10:50:03 AM][INFO][clLedger][GetLastTransactionDate][00000000-0000-0000-0000-000000000000] GetLastTransactionDate method called
[10/7/2011 10:50:03 AM][DEBUG][clLedger][GetLastTransactionDate][00000000-0000-0000-0000-000000000000] Debug GetLastTransactionDate called
[10/7/2011 10:50:03 AM][INFO][clLedger][GetLastTransactionDate][00000000-0000-0000-0000-000000000000] GetLastTransactionDate method called
[10/7/2011 10:50:03 AM][DEBUG][clLedger][GetLastTransactionDate][00000000-0000-0000-0000-000000000000] Debug GetLastTransactionDate called
[10/7/2011 10:50:03 AM][INFO][clLedger][GetLastTransactionDate][00000000-0000-0000-0000-000000000000] GetLastTransactionDate method called
[10/7/2011 10:50:03 AM][DEBUG][clLedger][GetLastTransactionDate][00000000-0000-0000-0000-000000000000] Debug GetLastTransactionDate called
[10/7/2011 10:50:03 AM][INFO][clSchoolYear][LoadAllSchoolYear][00000000-0000-0000-0000-000000000000] Execute LoadAllSchoolYear Method
[10/7/2011 10:50:03 AM][DEBUG][clSchoolYear][LoadAllSchoolYear][00000000-0000-0000-0000-000000000000] Debug LoadAllSchoolYear Method
[10/7/2011 10:50:03 AM][INFO][clLedgerOfFamily][LoadChildFamily][00000000-0000-0000-0000-000000000000] Execute LoadChildFamily Method
[10/7/2011 10:50:03 AM][DEBUG][clLedgerOfFamily][LoadChildFamily][00000000-0000-0000-0000-000000000000] Debug LoadChildFamily Method
[10/7/2011 10:50:12 AM][INFO][clSchoolYear][GetCurrentSchoolYear][00000000-0000-0000-0000-000000000000] Execute GetCurrentSchoolYear Method
[10/7/2011 10:50:12 AM][DEBUG][clSchoolYear][GetCurrentSchoolYear][00000000-0000-0000-0000-000000000000] Debug GetCurrentSchoolYear Method
[10/7/2011 10:50:13 AM][INFO][clLedger][LoadChargeCode][00000000-0000-0000-0000-000000000000] Execute LoadChargeCode Method
[10/7/2011 10:50:13 AM][DEBUG][clLedger][LoadChargeCode][00000000-0000-0000-0000-000000000000] Debug LoadChargeCode Method
[10/7/2011 10:50:13 AM][INFO][clSchoolYear][LoadAllSchoolYear][00000000-0000-0000-0000-000000000000] Execute LoadAllSchoolYear Method
[10/7/2011 10:50:13 AM][DEBUG][clSchoolYear][LoadAllSchoolYear][00000000-0000-0000-0000-000000000000] Debug LoadAllSchoolYear Method
[10/7/2011 10:50:13 AM][INFO][clLedger][LoadLedgerDetail][00000000-0000-0000-0000-000000000000] Execute LoadLedgerDetail Method
[10/7/2011 10:50:13 AM][DEBUG][clLedger][LoadLedgerDetail][00000000-0000-0000-0000-000000000000] Debug LoadLedgerDetail Method
[10/7/2011 10:50:16 AM][INFO][clLedger][LoadLedgerDetail][00000000-0000-0000-0000-000000000000] Execute LoadLedgerDetail Method
[10/7/2011 10:50:16 AM][DEBUG][clLedger][LoadLedgerDetail][00000000-0000-0000-0000-000000000000] Debug LoadLedgerDetail Method
[10/7/2011 10:50:16 AM][INFO][clLedger][LoadChargeCode][00000000-0000-0000-0000-000000000000] Execute LoadChargeCode Method
[10/7/2011 10:50:16 AM][DEBUG][clLedger][LoadChargeCode][00000000-0000-0000-0000-000000000000] Debug LoadChargeCode Method
[10/7/2011 10:50:43 AM][INFO][clAbsentReason][SubmitRecord][00000000-0000-0000-0000-000000000000] Submit record method called
[10/7/2011 10:50:43 AM][INFO][clAbsentReason][SubmitRecord][00000000-0000-0000-0000-000000000000] Debug Submit record method called of AbsentReason
[10/7/2011 10:50:43 AM][INFO][clLedger][SaveLedger][00000000-0000-0000-0000-000000000000] Execute SaveLedger Method
[10/7/2011 10:50:43 AM][DEBUG][clLedger][SaveLedger][00000000-0000-0000-0000-000000000000] Debug SaveLedger Method
[10/7/2011 10:50:43 AM][INFO][clLedger][LoadLedgerDetail][00000000-0000-0000-0000-000000000000] Execute LoadLedgerDetail Method
[10/7/2011 10:50:43 AM][DEBUG][clLedger][LoadLedgerDetail][00000000-0000-0000-0000-000000000000] Debug LoadLedgerDetail Method
[10/7/2011 10:50:43 AM][INFO][clLedger][LoadChargeCode][00000000-0000-0000-0000-000000000000] Execute LoadChargeCode Method
[10/7/2011 10:50:43 AM][DEBUG][clLedger][LoadChargeCode][00000000-0000-0000-0000-000000000000] Debug LoadChargeCode Method
[10/7/2011 10:51:09 AM][INFO][clLedger][LoadLedgerDetail][00000000-0000-0000-0000-000000000000] Execute LoadLedgerDetail Method
[10/7/2011 10:51:09 AM][DEBUG][clLedger][LoadLedgerDetail][00000000-0000-0000-0000-000000000000] Debug LoadLedgerDetail Method
[10/7/2011 10:51:10 AM][INFO][clLedger][LoadChargeCode][00000000-0000-0000-0000-000000000000] Execute LoadChargeCode Method
[10/7/2011 10:51:10 AM][DEBUG][clLedger][LoadChargeCode][00000000-0000-0000-0000-000000000000] Debug LoadChargeCode Method
[10/7/2011 10:51:54 AM][INFO][clAbsentReason][SubmitRecord][00000000-0000-0000-0000-000000000000] Submit record method called
[10/7/2011 10:51:54 AM][INFO][clAbsentReason][SubmitRecord][00000000-0000-0000-0000-000000000000] Debug Submit record method called of AbsentReason
[10/7/2011 10:51:54 AM][INFO][clLedger][SaveLedger][00000000-0000-0000-0000-000000000000] Execute SaveLedger Method
[10/7/2011 10:51:54 AM][DEBUG][clLedger][SaveLedger][00000000-0000-0000-0000-000000000000] Debug SaveLedger Method
[10/7/2011 10:51:54 AM][INFO][clLedger][LoadLedgerDetail][00000000-0000-0000-0000-000000000000] Execute LoadLedgerDetail Method
[10/7/2011 10:51:54 AM][DEBUG][clLedger][LoadLedgerDetail][00000000-0000-0000-0000-000000000000] Debug LoadLedgerDetail Method
[10/7/2011 10:51:54 AM][INFO][clLedger][LoadChargeCode][00000000-0000-0000-0000-000000000000] Execute LoadChargeCode Method
[10/7/2011 10:51:54 AM][DEBUG][clLedger][LoadChargeCode][00000000-0000-0000-0000-000000000000] Debug LoadChargeCode Method
[10/7/2011 10:55:00 AM][INFO][clSchoolYear][LoadAllSchoolYear][00000000-0000-0000-0000-000000000000] Execute LoadAllSchoolYear Method
[10/7/2011 10:55:00 AM][DEBUG][clSchoolYear][LoadAllSchoolYear][00000000-0000-0000-0000-000000000000] Debug LoadAllSchoolYear Method
[10/7/2011 10:55:00 AM][INFO][clChildFamily][LoadChildFamily][00000000-0000-0000-0000-000000000000] Execute LoadChildFamily Method
[10/7/2011 10:55:00 AM][DEBUG][clChildFamily][LoadChildFamily][00000000-0000-0000-0000-000000000000] Debug LoadChildFamily Method
[10/7/2011 2:49:08 PM][INFO][clStaff][LoadStaffDetailsByUserNameAndPassword][00000000-0000-0000-0000-000000000000] Execute LoadStaffDetailsByUserNameAndPassword Method
[10/7/2011 2:49:08 PM][DEBUG][clStaff][LoadStaffDetailsByUserNameAndPassword][00000000-0000-0000-0000-000000000000] Debug LoadStaffDetailsByUserNameAndPassword Method
[10/7/2011 2:49:11 PM][INFO][clSchoolYear][LoadAllSchoolYear][00000000-0000-0000-0000-000000000000] Execute LoadAllSchoolYear Method
[10/7/2011 2:49:11 PM][DEBUG][clSchoolYear][LoadAllSchoolYear][00000000-0000-0000-0000-000000000000] Debug LoadAllSchoolYear Method
[10/7/2011 2:49:21 PM][INFO][clSchoolYear][LoadAllSchoolYear][00000000-0000-0000-0000-000000000000] Execute LoadAllSchoolYear Method
[10/7/2011 2:49:21 PM][DEBUG][clSchoolYear][LoadAllSchoolYear][00000000-0000-0000-0000-000000000000] Debug LoadAllSchoolYear Method
[10/7/2011 2:50:59 PM][INFO][clStaff][LoadStaffDetailsByUserNameAndPassword][00000000-0000-0000-0000-000000000000] Execute LoadStaffDetailsByUserNameAndPassword Method
[10/7/2011 2:50:59 PM][DEBUG][clStaff][LoadStaffDetailsByUserNameAndPassword][00000000-0000-0000-0000-000000000000] Debug LoadStaffDetailsByUserNameAndPassword Method
[10/7/2011 2:51:00 PM][INFO][clSchoolYear][LoadAllSchoolYear][00000000-0000-0000-0000-000000000000] Execute LoadAllSchoolYear Method
[10/7/2011 2:51:00 PM][DEBUG][clSchoolYear][LoadAllSchoolYear][00000000-0000-0000-0000-000000000000] Debug LoadAllSchoolYear Method
[10/7/2011 2:51:04 PM][INFO][clSchoolYear][LoadAllSchoolYear][00000000-0000-0000-0000-000000000000] Execute LoadAllSchoolYear Method
[10/7/2011 2:51:04 PM][DEBUG][clSchoolYear][LoadAllSchoolYear][00000000-0000-0000-0000-000000000000] Debug LoadAllSchoolYear Method
[10/7/2011 3:08:32 PM][INFO][clStaff][LoadStaffDetailsByUserNameAndPassword][00000000-0000-0000-0000-000000000000] Execute LoadStaffDetailsByUserNameAndPassword Method
[10/7/2011 3:08:32 PM][DEBUG][clStaff][LoadStaffDetailsByUserNameAndPassword][00000000-0000-0000-0000-000000000000] Debug LoadStaffDetailsByUserNameAndPassword Method
[10/7/2011 3:08:37 PM][INFO][clSchoolYear][LoadAllSchoolYear][00000000-0000-0000-0000-000000000000] Execute LoadAllSchoolYear Method
[10/7/2011 3:08:37 PM][DEBUG][clSchoolYear][LoadAllSchoolYear][00000000-0000-0000-0000-000000000000] Debug LoadAllSchoolYear Method
[10/7/2011 3:08:42 PM][INFO][clSchoolYear][LoadAllSchoolYear][00000000-0000-0000-0000-000000000000] Execute LoadAllSchoolYear Method
[10/7/2011 3:08:42 PM][DEBUG][clSchoolYear][LoadAllSchoolYear][00000000-0000-0000-0000-000000000000] Debug LoadAllSchoolYear Method
[10/7/2011 3:39:06 PM][INFO][clStaff][LoadStaffDetailsByUserNameAndPassword][00000000-0000-0000-0000-000000000000] Execute LoadStaffDetailsByUserNameAndPassword Method
[10/7/2011 3:39:06 PM][DEBUG][clStaff][LoadStaffDetailsByUserNameAndPassword][00000000-0000-0000-0000-000000000000] Debug LoadStaffDetailsByUserNameAndPassword Method
[10/7/2011 3:39:13 PM][INFO][clSchoolYear][LoadAllSchoolYear][00000000-0000-0000-0000-000000000000] Execute LoadAllSchoolYear Method
[10/7/2011 3:39:13 PM][DEBUG][clSchoolYear][LoadAllSchoolYear][00000000-0000-0000-0000-000000000000] Debug LoadAllSchoolYear Method
[10/7/2011 3:39:17 PM][INFO][clSchoolYear][LoadAllSchoolYear][00000000-0000-0000-0000-000000000000] Execute LoadAllSchoolYear Method
[10/7/2011 3:39:17 PM][DEBUG][clSchoolYear][LoadAllSchoolYear][00000000-0000-0000-0000-000000000000] Debug LoadAllSchoolYear Method
[10/7/2011 4:03:49 PM][INFO][clStaff][LoadStaffDetailsByUserNameAndPassword][00000000-0000-0000-0000-000000000000] Execute LoadStaffDetailsByUserNameAndPassword Method
[10/7/2011 4:03:49 PM][DEBUG][clStaff][LoadStaffDetailsByUserNameAndPassword][00000000-0000-0000-0000-000000000000] Debug LoadStaffDetailsByUserNameAndPassword Method
[10/7/2011 4:03:49 PM][INFO][clSchoolYear][LoadAllSchoolYear][00000000-0000-0000-0000-000000000000] Execute LoadAllSchoolYear Method
[10/7/2011 4:03:49 PM][DEBUG][clSchoolYear][LoadAllSchoolYear][00000000-0000-0000-0000-000000000000] Debug LoadAllSchoolYear Method
[10/7/2011 4:03:54 PM][INFO][clSchoolYear][LoadAllSchoolYear][00000000-0000-0000-0000-000000000000] Execute LoadAllSchoolYear Method
[10/7/2011 4:03:54 PM][DEBUG][clSchoolYear][LoadAllSchoolYear][00000000-0000-0000-0000-000000000000] Debug LoadAllSchoolYear Method
[10/7/2011 4:20:32 PM][INFO][clStaff][LoadStaffDetailsByUserNameAndPassword][00000000-0000-0000-0000-000000000000] Execute LoadStaffDetailsByUserNameAndPassword Method
[10/7/2011 4:20:32 PM][DEBUG][clStaff][LoadStaffDetailsByUserNameAndPassword][00000000-0000-0000-0000-000000000000] Debug LoadStaffDetailsByUserNameAndPassword Method
[10/7/2011 4:20:37 PM][INFO][clSchoolYear][LoadAllSchoolYear][00000000-0000-0000-0000-000000000000] Execute LoadAllSchoolYear Method
[10/7/2011 4:20:37 PM][DEBUG][clSchoolYear][LoadAllSchoolYear][00000000-0000-0000-0000-000000000000] Debug LoadAllSchoolYear Method
[10/7/2011 4:20:42 PM][INFO][clSchoolYear][LoadAllSchoolYear][00000000-0000-0000-0000-000000000000] Execute LoadAllSchoolYear Method
[10/7/2011 4:20:42 PM][DEBUG][clSchoolYear][LoadAllSchoolYear][00000000-0000-0000-0000-000000000000] Debug LoadAllSchoolYear Method
[10/7/2011 4:30:44 PM][INFO][clStaff][LoadStaffDetailsByUserNameAndPassword][00000000-0000-0000-0000-000000000000] Execute LoadStaffDetailsByUserNameAndPassword Method
[10/7/2011 4:30:44 PM][DEBUG][clStaff][LoadStaffDetailsByUserNameAndPassword][00000000-0000-0000-0000-000000000000] Debug LoadStaffDetailsByUserNameAndPassword Method
[10/7/2011 4:30:47 PM][INFO][clSchoolYear][LoadAllSchoolYear][00000000-0000-0000-0000-000000000000] Execute LoadAllSchoolYear Method
[10/7/2011 4:30:47 PM][DEBUG][clSchoolYear][LoadAllSchoolYear][00000000-0000-0000-0000-000000000000] Debug LoadAllSchoolYear Method
[10/7/2011 4:30:50 PM][INFO][clSchoolYear][LoadAllSchoolYear][00000000-0000-0000-0000-000000000000] Execute LoadAllSchoolYear Method
[10/7/2011 4:30:50 PM][DEBUG][clSchoolYear][LoadAllSchoolYear][00000000-0000-0000-0000-000000000000] Debug LoadAllSchoolYear Method
[10/7/2011 4:56:26 PM][INFO][clStaff][LoadStaffDetailsByUserNameAndPassword][00000000-0000-0000-0000-000000000000] Execute LoadStaffDetailsByUserNameAndPassword Method
[10/7/2011 4:56:26 PM][DEBUG][clStaff][LoadStaffDetailsByUserNameAndPassword][00000000-0000-0000-0000-000000000000] Debug LoadStaffDetailsByUserNameAndPassword Method
[10/7/2011 4:56:31 PM][INFO][clSchoolYear][LoadAllSchoolYear][00000000-0000-0000-0000-000000000000] Execute LoadAllSchoolYear Method
[10/7/2011 4:56:31 PM][DEBUG][clSchoolYear][LoadAllSchoolYear][00000000-0000-0000-0000-000000000000] Debug LoadAllSchoolYear Method
[10/7/2011 4:56:35 PM][INFO][clSchoolYear][LoadAllSchoolYear][00000000-0000-0000-0000-000000000000] Execute LoadAllSchoolYear Method
[10/7/2011 4:56:35 PM][DEBUG][clSchoolYear][LoadAllSchoolYear][00000000-0000-0000-0000-000000000000] Debug LoadAllSchoolYear Method
[10/7/2011 4:56:50 PM][INFO][clClassRoom][LoadClassRoom][00000000-0000-0000-0000-000000000000] Execute LoadClassRoom Method
[10/7/2011 4:56:50 PM][DEBUG][clClassRoom][LoadClassRoom][00000000-0000-0000-0000-000000000000] Debug LoadClassRoom Method
[10/7/2011 4:56:50 PM][INFO][clAddEditChild][Save][00000000-0000-0000-0000-000000000000] Execute Save Method
[10/7/2011 4:56:50 PM][DEBUG][clAddEditChild][LoadChildFamily][00000000-0000-0000-0000-000000000000] Debug LoadChildFamily Method
[10/7/2011 4:56:50 PM][INFO][clSchoolYear][LoadAllSchoolYear][00000000-0000-0000-0000-000000000000] Execute LoadAllSchoolYear Method
[10/7/2011 4:56:50 PM][DEBUG][clSchoolYear][LoadAllSchoolYear][00000000-0000-0000-0000-000000000000] Debug LoadAllSchoolYear Method
[10/7/2011 5:46:18 PM][INFO][clStaff][LoadStaffDetailsByUserNameAndPassword][00000000-0000-0000-0000-000000000000] Execute LoadStaffDetailsByUserNameAndPassword Method
[10/7/2011 5:46:18 PM][DEBUG][clStaff][LoadStaffDetailsByUserNameAndPassword][00000000-0000-0000-0000-000000000000] Debug LoadStaffDetailsByUserNameAndPassword Method
[10/7/2011 5:46:23 PM][INFO][clSchoolYear][LoadAllSchoolYear][00000000-0000-0000-0000-000000000000] Execute LoadAllSchoolYear Method
[10/7/2011 5:46:23 PM][DEBUG][clSchoolYear][LoadAllSchoolYear][00000000-0000-0000-0000-000000000000] Debug LoadAllSchoolYear Method
[10/7/2011 5:46:27 PM][INFO][clSchoolYear][LoadAllSchoolYear][00000000-0000-0000-0000-000000000000] Execute LoadAllSchoolYear Method
[10/7/2011 5:46:27 PM][DEBUG][clSchoolYear][LoadAllSchoolYear][00000000-0000-0000-0000-000000000000] Debug LoadAllSchoolYear Method
[10/7/2011 5:49:14 PM][INFO][clSchoolYear][LoadAllSchoolYear][00000000-0000-0000-0000-000000000000] Execute LoadAllSchoolYear Method
[10/7/2011 5:49:14 PM][DEBUG][clSchoolYear][LoadAllSchoolYear][00000000-0000-0000-0000-000000000000] Debug LoadAllSchoolYear Method
[10/7/2011 5:50:59 PM][INFO][clStaff][LoadStaffDetailsByUserNameAndPassword][00000000-0000-0000-0000-000000000000] Execute LoadStaffDetailsByUserNameAndPassword Method
[10/7/2011 5:51:00 PM][DEBUG][clStaff][LoadStaffDetailsByUserNameAndPassword][00000000-0000-0000-0000-000000000000] Debug LoadStaffDetailsByUserNameAndPassword Method
[10/7/2011 5:51:03 PM][INFO][clSchoolYear][LoadAllSchoolYear][00000000-0000-0000-0000-000000000000] Execute LoadAllSchoolYear Method
[10/7/2011 5:51:03 PM][DEBUG][clSchoolYear][LoadAllSchoolYear][00000000-0000-0000-0000-000000000000] Debug LoadAllSchoolYear Method
[10/7/2011 5:51:08 PM][INFO][clSchoolYear][LoadAllSchoolYear][00000000-0000-0000-0000-000000000000] Execute LoadAllSchoolYear Method
[10/7/2011 5:51:08 PM][DEBUG][clSchoolYear][LoadAllSchoolYear][00000000-0000-0000-0000-000000000000] Debug LoadAllSchoolYear Method
