[11/1/2011 2:33:30 PM][INFO][clStaff][LoadStaffDetailsByUserNameAndPassword][00000000-0000-0000-0000-000000000000] Execute LoadStaffDetailsByUserNameAndPassword Method
[11/1/2011 2:33:30 PM][DEBUG][clStaff][LoadStaffDetailsByUserNameAndPassword][00000000-0000-0000-0000-000000000000] Debug LoadStaffDetailsByUserNameAndPassword Method
[11/1/2011 2:33:35 PM][INFO][clSchoolYear][LoadAllSchoolYear][00000000-0000-0000-0000-000000000000] Execute LoadAllSchoolYear Method
[11/1/2011 2:33:35 PM][DEBUG][clSchoolYear][LoadAllSchoolYear][00000000-0000-0000-0000-000000000000] Debug LoadAllSchoolYear Method
[11/1/2011 2:33:42 PM][INFO][clChildList][LoadChildAttendanceHistoryList][00000000-0000-0000-0000-000000000000] LoadChildAttendanceHistoryList method called
[11/1/2011 2:33:42 PM][DEBUG][clFamilyPayment][LoadChildAttendanceHistoryList][00000000-0000-0000-0000-000000000000] Debug LoadChildAttendanceHistoryList called
[11/1/2011 2:33:42 PM][INFO][clSchoolYear][LoadAllSchoolYear][00000000-0000-0000-0000-000000000000] Execute LoadAllSchoolYear Method
[11/1/2011 2:33:42 PM][DEBUG][clSchoolYear][LoadAllSchoolYear][00000000-0000-0000-0000-000000000000] Debug LoadAllSchoolYear Method
[11/1/2011 2:41:37 PM][INFO][clStaff][LoadStaffDetailsByUserNameAndPassword][00000000-0000-0000-0000-000000000000] Execute LoadStaffDetailsByUserNameAndPassword Method
[11/1/2011 2:41:37 PM][DEBUG][clStaff][LoadStaffDetailsByUserNameAndPassword][00000000-0000-0000-0000-000000000000] Debug LoadStaffDetailsByUserNameAndPassword Method
[11/1/2011 2:41:39 PM][INFO][clSchoolYear][LoadAllSchoolYear][00000000-0000-0000-0000-000000000000] Execute LoadAllSchoolYear Method
[11/1/2011 2:41:39 PM][DEBUG][clSchoolYear][LoadAllSchoolYear][00000000-0000-0000-0000-000000000000] Debug LoadAllSchoolYear Method
[11/1/2011 2:41:43 PM][INFO][clChildList][LoadChildAttendanceHistoryList][00000000-0000-0000-0000-000000000000] LoadChildAttendanceHistoryList method called
[11/1/2011 2:41:43 PM][DEBUG][clFamilyPayment][LoadChildAttendanceHistoryList][00000000-0000-0000-0000-000000000000] Debug LoadChildAttendanceHistoryList called
[11/1/2011 2:41:43 PM][INFO][clSchoolYear][LoadAllSchoolYear][00000000-0000-0000-0000-000000000000] Execute LoadAllSchoolYear Method
[11/1/2011 2:41:43 PM][DEBUG][clSchoolYear][LoadAllSchoolYear][00000000-0000-0000-0000-000000000000] Debug LoadAllSchoolYear Method
[11/1/2011 5:03:05 PM][INFO][clStaff][LoadStaffDetailsByUserNameAndPassword][00000000-0000-0000-0000-000000000000] Execute LoadStaffDetailsByUserNameAndPassword Method
[11/1/2011 5:03:05 PM][DEBUG][clStaff][LoadStaffDetailsByUserNameAndPassword][00000000-0000-0000-0000-000000000000] Debug LoadStaffDetailsByUserNameAndPassword Method
[11/1/2011 5:03:13 PM][INFO][clSchoolYear][LoadAllSchoolYear][00000000-0000-0000-0000-000000000000] Execute LoadAllSchoolYear Method
[11/1/2011 5:03:13 PM][DEBUG][clSchoolYear][LoadAllSchoolYear][00000000-0000-0000-0000-000000000000] Debug LoadAllSchoolYear Method
[11/1/2011 5:03:18 PM][INFO][clChildList][LoadChildAttendanceHistoryList][00000000-0000-0000-0000-000000000000] LoadChildAttendanceHistoryList method called
[11/1/2011 5:03:18 PM][DEBUG][clFamilyPayment][LoadChildAttendanceHistoryList][00000000-0000-0000-0000-000000000000] Debug LoadChildAttendanceHistoryList called
[11/1/2011 5:03:18 PM][INFO][clSchoolYear][LoadAllSchoolYear][00000000-0000-0000-0000-000000000000] Execute LoadAllSchoolYear Method
[11/1/2011 5:03:18 PM][DEBUG][clSchoolYear][LoadAllSchoolYear][00000000-0000-0000-0000-000000000000] Debug LoadAllSchoolYear Method
[11/1/2011 5:59:40 PM][INFO][clStaff][LoadStaffDetailsByUserNameAndPassword][00000000-0000-0000-0000-000000000000] Execute LoadStaffDetailsByUserNameAndPassword Method
[11/1/2011 5:59:40 PM][DEBUG][clStaff][LoadStaffDetailsByUserNameAndPassword][00000000-0000-0000-0000-000000000000] Debug LoadStaffDetailsByUserNameAndPassword Method
[11/1/2011 5:59:41 PM][INFO][clSchoolYear][LoadAllSchoolYear][00000000-0000-0000-0000-000000000000] Execute LoadAllSchoolYear Method
[11/1/2011 5:59:41 PM][DEBUG][clSchoolYear][LoadAllSchoolYear][00000000-0000-0000-0000-000000000000] Debug LoadAllSchoolYear Method
[11/1/2011 6:00:04 PM][INFO][clSchoolYear][LoadAllSchoolYear][00000000-0000-0000-0000-000000000000] Execute LoadAllSchoolYear Method
[11/1/2011 6:00:04 PM][DEBUG][clSchoolYear][LoadAllSchoolYear][00000000-0000-0000-0000-000000000000] Debug LoadAllSchoolYear Method
[11/1/2011 6:00:11 PM][INFO][clStaff][LoadStaffDetailsByUserNameAndPassword][00000000-0000-0000-0000-000000000000] Execute LoadStaffDetailsByUserNameAndPassword Method
[11/1/2011 6:00:11 PM][DEBUG][clStaff][LoadStaffDetailsByUserNameAndPassword][00000000-0000-0000-0000-000000000000] Debug LoadStaffDetailsByUserNameAndPassword Method
[11/1/2011 6:00:11 PM][INFO][clSchoolYear][LoadAllSchoolYear][00000000-0000-0000-0000-000000000000] Execute LoadAllSchoolYear Method
[11/1/2011 6:00:11 PM][DEBUG][clSchoolYear][LoadAllSchoolYear][00000000-0000-0000-0000-000000000000] Debug LoadAllSchoolYear Method
[11/1/2011 6:00:14 PM][INFO][clChildList][LoadChildAttendanceHistoryList][00000000-0000-0000-0000-000000000000] LoadChildAttendanceHistoryList method called
[11/1/2011 6:00:14 PM][DEBUG][clFamilyPayment][LoadChildAttendanceHistoryList][00000000-0000-0000-0000-000000000000] Debug LoadChildAttendanceHistoryList called
[11/1/2011 6:00:14 PM][INFO][clSchoolYear][LoadAllSchoolYear][00000000-0000-0000-0000-000000000000] Execute LoadAllSchoolYear Method
[11/1/2011 6:00:14 PM][DEBUG][clSchoolYear][LoadAllSchoolYear][00000000-0000-0000-0000-000000000000] Debug LoadAllSchoolYear Method
[11/1/2011 6:07:37 PM][INFO][clStaff][LoadStaffDetailsByUserNameAndPassword][00000000-0000-0000-0000-000000000000] Execute LoadStaffDetailsByUserNameAndPassword Method
[11/1/2011 6:07:37 PM][DEBUG][clStaff][LoadStaffDetailsByUserNameAndPassword][00000000-0000-0000-0000-000000000000] Debug LoadStaffDetailsByUserNameAndPassword Method
[11/1/2011 6:07:41 PM][INFO][clSchoolYear][LoadAllSchoolYear][00000000-0000-0000-0000-000000000000] Execute LoadAllSchoolYear Method
[11/1/2011 6:07:41 PM][DEBUG][clSchoolYear][LoadAllSchoolYear][00000000-0000-0000-0000-000000000000] Debug LoadAllSchoolYear Method
[11/1/2011 6:08:03 PM][INFO][clChildList][LoadChildAttendanceHistoryList][00000000-0000-0000-0000-000000000000] LoadChildAttendanceHistoryList method called
[11/1/2011 6:08:03 PM][DEBUG][clFamilyPayment][LoadChildAttendanceHistoryList][00000000-0000-0000-0000-000000000000] Debug LoadChildAttendanceHistoryList called
[11/1/2011 6:08:03 PM][INFO][clSchoolYear][LoadAllSchoolYear][00000000-0000-0000-0000-000000000000] Execute LoadAllSchoolYear Method
[11/1/2011 6:08:03 PM][DEBUG][clSchoolYear][LoadAllSchoolYear][00000000-0000-0000-0000-000000000000] Debug LoadAllSchoolYear Method
[11/1/2011 6:08:09 PM][INFO][clChildList][LoadChildAttendanceHistoryList][00000000-0000-0000-0000-000000000000] LoadChildAttendanceHistoryList method called
[11/1/2011 6:08:09 PM][DEBUG][clFamilyPayment][LoadChildAttendanceHistoryList][00000000-0000-0000-0000-000000000000] Debug LoadChildAttendanceHistoryList called
[11/1/2011 6:09:17 PM][INFO][clChildList][LoadChildAttendanceHistoryList][00000000-0000-0000-0000-000000000000] LoadChildAttendanceHistoryList method called
[11/1/2011 6:09:17 PM][DEBUG][clFamilyPayment][LoadChildAttendanceHistoryList][00000000-0000-0000-0000-000000000000] Debug LoadChildAttendanceHistoryList called
[11/1/2011 6:09:17 PM][INFO][clSchoolYear][LoadAllSchoolYear][00000000-0000-0000-0000-000000000000] Execute LoadAllSchoolYear Method
[11/1/2011 6:09:17 PM][DEBUG][clSchoolYear][LoadAllSchoolYear][00000000-0000-0000-0000-000000000000] Debug LoadAllSchoolYear Method
[11/1/2011 6:09:23 PM][INFO][StaffList][LoadStaffAttendanceHistoryList][00000000-0000-0000-0000-000000000000] LoadStaffAttendanceHistoryList method called
[11/1/2011 6:09:23 PM][DEBUG][clFamilyPayment][LoadStaffAttendanceHistoryList][00000000-0000-0000-0000-000000000000] Debug LoadStaffAttendanceHistoryList called
[11/1/2011 6:09:27 PM][INFO][clChildList][LoadChildAttendanceHistoryList][00000000-0000-0000-0000-000000000000] LoadChildAttendanceHistoryList method called
[11/1/2011 6:09:27 PM][DEBUG][clFamilyPayment][LoadChildAttendanceHistoryList][00000000-0000-0000-0000-000000000000] Debug LoadChildAttendanceHistoryList called
[11/1/2011 6:09:56 PM][INFO][clStaff][LoadStaffDetailsByUserNameAndPassword][00000000-0000-0000-0000-000000000000] Execute LoadStaffDetailsByUserNameAndPassword Method
[11/1/2011 6:09:56 PM][DEBUG][clStaff][LoadStaffDetailsByUserNameAndPassword][00000000-0000-0000-0000-000000000000] Debug LoadStaffDetailsByUserNameAndPassword Method
[11/1/2011 6:09:57 PM][INFO][clSchoolYear][LoadAllSchoolYear][00000000-0000-0000-0000-000000000000] Execute LoadAllSchoolYear Method
[11/1/2011 6:09:57 PM][DEBUG][clSchoolYear][LoadAllSchoolYear][00000000-0000-0000-0000-000000000000] Debug LoadAllSchoolYear Method
[11/1/2011 6:10:10 PM][INFO][clChildList][LoadChildAttendanceHistoryList][00000000-0000-0000-0000-000000000000] LoadChildAttendanceHistoryList method called
[11/1/2011 6:10:10 PM][DEBUG][clFamilyPayment][LoadChildAttendanceHistoryList][00000000-0000-0000-0000-000000000000] Debug LoadChildAttendanceHistoryList called
[11/1/2011 6:10:10 PM][INFO][clSchoolYear][LoadAllSchoolYear][00000000-0000-0000-0000-000000000000] Execute LoadAllSchoolYear Method
[11/1/2011 6:10:10 PM][DEBUG][clSchoolYear][LoadAllSchoolYear][00000000-0000-0000-0000-000000000000] Debug LoadAllSchoolYear Method
[11/1/2011 6:10:15 PM][INFO][clChildList][LoadChildAttendanceHistoryList][00000000-0000-0000-0000-000000000000] LoadChildAttendanceHistoryList method called
[11/1/2011 6:10:15 PM][DEBUG][clFamilyPayment][LoadChildAttendanceHistoryList][00000000-0000-0000-0000-000000000000] Debug LoadChildAttendanceHistoryList called
[11/1/2011 6:10:48 PM][INFO][clStaff][LoadStaffDetailsByUserNameAndPassword][00000000-0000-0000-0000-000000000000] Execute LoadStaffDetailsByUserNameAndPassword Method
[11/1/2011 6:10:48 PM][DEBUG][clStaff][LoadStaffDetailsByUserNameAndPassword][00000000-0000-0000-0000-000000000000] Debug LoadStaffDetailsByUserNameAndPassword Method
[11/1/2011 6:10:49 PM][INFO][clSchoolYear][LoadAllSchoolYear][00000000-0000-0000-0000-000000000000] Execute LoadAllSchoolYear Method
[11/1/2011 6:10:49 PM][DEBUG][clSchoolYear][LoadAllSchoolYear][00000000-0000-0000-0000-000000000000] Debug LoadAllSchoolYear Method
