[11/15/2011 10:28:33 AM][DEBUG][clStaff][ValidateUser][00000000-0000-0000-0000-000000000000] ValidateUser function debug
[11/15/2011 10:29:00 AM][DEBUG][clStaff][ValidateUser][00000000-0000-0000-0000-000000000000] ValidateUser function debug
[11/15/2011 10:30:59 AM][DEBUG][clStaff][ValidateUser][00000000-0000-0000-0000-000000000000] ValidateUser function debug
[11/15/2011 11:59:39 AM][INFO][clStaff][LoadStaffDetailsByUserNameAndPassword][00000000-0000-0000-0000-000000000000] Execute LoadStaffDetailsByUserNameAndPassword Method
[11/15/2011 11:59:39 AM][DEBUG][clStaff][LoadStaffDetailsByUserNameAndPassword][00000000-0000-0000-0000-000000000000] Debug LoadStaffDetailsByUserNameAndPassword Method
[11/15/2011 11:59:44 AM][INFO][clSchoolYear][LoadAllSchoolYear][00000000-0000-0000-0000-000000000000] Execute LoadAllSchoolYear Method
[11/15/2011 11:59:44 AM][DEBUG][clSchoolYear][LoadAllSchoolYear][00000000-0000-0000-0000-000000000000] Debug LoadAllSchoolYear Method
[11/15/2011 11:59:53 AM][INFO][clSchoolYear][LoadAllSchoolYear][00000000-0000-0000-0000-000000000000] Execute LoadAllSchoolYear Method
[11/15/2011 11:59:53 AM][DEBUG][clSchoolYear][LoadAllSchoolYear][00000000-0000-0000-0000-000000000000] Debug LoadAllSchoolYear Method
[11/15/2011 11:59:53 AM][INFO][clStaff][LoadStaff][00000000-0000-0000-0000-000000000000] Execute LoadStaff Method
[11/15/2011 11:59:53 AM][DEBUG][clStaff][LoadStaff][00000000-0000-0000-0000-000000000000] Debug LoadStaff Method
[11/15/2011 11:59:53 AM][INFO][clStaff][LoadStaffDetailsByUserNameAndPassword][00000000-0000-0000-0000-000000000000] Execute LoadStaffDetailsByUserNameAndPassword Method
[11/15/2011 11:59:53 AM][INFO][clStaff][ISStaffinCurrentYear][00000000-0000-0000-0000-000000000000] ISStaffinCurrentYear function debug
[11/15/2011 11:59:53 AM][INFO][clStaff][LoadStaffDetailsByUserNameAndPassword][00000000-0000-0000-0000-000000000000] Execute LoadStaffDetailsByUserNameAndPassword Method
[11/15/2011 11:59:53 AM][INFO][clStaff][ISStaffinCurrentYear][00000000-0000-0000-0000-000000000000] ISStaffinCurrentYear function debug
[11/15/2011 11:59:53 AM][INFO][clStaff][LoadStaffDetailsByUserNameAndPassword][00000000-0000-0000-0000-000000000000] Execute LoadStaffDetailsByUserNameAndPassword Method
[11/15/2011 11:59:53 AM][INFO][clStaff][ISStaffinCurrentYear][00000000-0000-0000-0000-000000000000] ISStaffinCurrentYear function debug
[11/15/2011 11:59:53 AM][INFO][clStaff][LoadStaffDetailsByUserNameAndPassword][00000000-0000-0000-0000-000000000000] Execute LoadStaffDetailsByUserNameAndPassword Method
[11/15/2011 11:59:53 AM][INFO][clStaff][ISStaffinCurrentYear][00000000-0000-0000-0000-000000000000] ISStaffinCurrentYear function debug
[11/15/2011 11:59:53 AM][INFO][clStaff][LoadStaffDetailsByUserNameAndPassword][00000000-0000-0000-0000-000000000000] Execute LoadStaffDetailsByUserNameAndPassword Method
[11/15/2011 11:59:53 AM][INFO][clStaff][ISStaffinCurrentYear][00000000-0000-0000-0000-000000000000] ISStaffinCurrentYear function debug
[11/15/2011 11:59:53 AM][INFO][clStaff][LoadStaffDetailsByUserNameAndPassword][00000000-0000-0000-0000-000000000000] Execute LoadStaffDetailsByUserNameAndPassword Method
[11/15/2011 11:59:53 AM][INFO][clStaff][ISStaffinCurrentYear][00000000-0000-0000-0000-000000000000] ISStaffinCurrentYear function debug
[11/15/2011 12:00:00 PM][INFO][clSchoolYear][GetCurrentSchoolYear][00000000-0000-0000-0000-000000000000] Execute GetCurrentSchoolYear Method
[11/15/2011 12:00:00 PM][DEBUG][clSchoolYear][GetCurrentSchoolYear][00000000-0000-0000-0000-000000000000] Debug GetCurrentSchoolYear Method
[11/15/2011 12:00:00 PM][INFO][clUserGroup][LoadUserGroup][00000000-0000-0000-0000-000000000000] Execute LoadUserGroup Method
[11/15/2011 12:00:00 PM][DEBUG][clUserGroup][LoadUserGroup][00000000-0000-0000-0000-000000000000] Debug LoadUserGroup Method
[11/15/2011 12:00:00 PM][INFO][clStaffCategory][loadStaffCategory][00000000-0000-0000-0000-000000000000] Execute loadStaffCategory Method
[11/15/2011 12:00:00 PM][DEBUG][clStaffCategory][loadStaffCategory][00000000-0000-0000-0000-000000000000] Debug loadStaffCategory Method
[11/15/2011 12:00:00 PM][INFO][Staff][SubmitRecord][00000000-0000-0000-0000-000000000000] Submit record method called
[11/15/2011 12:00:00 PM][DEBUG][Staff][SubmitRecord][00000000-0000-0000-0000-000000000000] Debug Submit Record Of Role
[11/15/2011 12:00:00 PM][INFO][clStaff][LoadStaffBystaffId][00000000-0000-0000-0000-000000000000] Execute LoadStaffBystaffId Method
[11/15/2011 12:00:00 PM][DEBUG][clStaff][LoadStaffBystaffId][00000000-0000-0000-0000-000000000000] Debug LoadStaffBystaffId Method
[11/15/2011 12:00:00 PM][INFO][clSchoolYear][GetCurrentSchoolYear][00000000-0000-0000-0000-000000000000] Execute GetCurrentSchoolYear Method
[11/15/2011 12:00:00 PM][DEBUG][clSchoolYear][GetCurrentSchoolYear][00000000-0000-0000-0000-000000000000] Debug GetCurrentSchoolYear Method
[11/15/2011 12:00:00 PM][INFO][clSchoolYear][LoadAllSchoolYear][00000000-0000-0000-0000-000000000000] Execute LoadAllSchoolYear Method
[11/15/2011 12:00:00 PM][DEBUG][clSchoolYear][LoadAllSchoolYear][00000000-0000-0000-0000-000000000000] Debug LoadAllSchoolYear Method
[11/15/2011 12:04:02 PM][INFO][clStaff][LoadStaffDetailsByUserNameAndPassword][00000000-0000-0000-0000-000000000000] Execute LoadStaffDetailsByUserNameAndPassword Method
[11/15/2011 12:04:02 PM][DEBUG][clStaff][LoadStaffDetailsByUserNameAndPassword][00000000-0000-0000-0000-000000000000] Debug LoadStaffDetailsByUserNameAndPassword Method
[11/15/2011 12:04:07 PM][INFO][clSchoolYear][LoadAllSchoolYear][00000000-0000-0000-0000-000000000000] Execute LoadAllSchoolYear Method
[11/15/2011 12:04:07 PM][DEBUG][clSchoolYear][LoadAllSchoolYear][00000000-0000-0000-0000-000000000000] Debug LoadAllSchoolYear Method
[11/15/2011 12:04:10 PM][INFO][clSchoolYear][LoadAllSchoolYear][00000000-0000-0000-0000-000000000000] Execute LoadAllSchoolYear Method
[11/15/2011 12:04:10 PM][DEBUG][clSchoolYear][LoadAllSchoolYear][00000000-0000-0000-0000-000000000000] Debug LoadAllSchoolYear Method
[11/15/2011 12:04:10 PM][INFO][clStaff][LoadStaff][00000000-0000-0000-0000-000000000000] Execute LoadStaff Method
[11/15/2011 12:04:10 PM][DEBUG][clStaff][LoadStaff][00000000-0000-0000-0000-000000000000] Debug LoadStaff Method
[11/15/2011 12:04:10 PM][INFO][clStaff][LoadStaffDetailsByUserNameAndPassword][00000000-0000-0000-0000-000000000000] Execute LoadStaffDetailsByUserNameAndPassword Method
[11/15/2011 12:04:10 PM][INFO][clStaff][ISStaffinCurrentYear][00000000-0000-0000-0000-000000000000] ISStaffinCurrentYear function debug
[11/15/2011 12:04:10 PM][INFO][clStaff][LoadStaffDetailsByUserNameAndPassword][00000000-0000-0000-0000-000000000000] Execute LoadStaffDetailsByUserNameAndPassword Method
[11/15/2011 12:04:10 PM][INFO][clStaff][ISStaffinCurrentYear][00000000-0000-0000-0000-000000000000] ISStaffinCurrentYear function debug
[11/15/2011 12:04:10 PM][INFO][clStaff][LoadStaffDetailsByUserNameAndPassword][00000000-0000-0000-0000-000000000000] Execute LoadStaffDetailsByUserNameAndPassword Method
[11/15/2011 12:04:10 PM][INFO][clStaff][ISStaffinCurrentYear][00000000-0000-0000-0000-000000000000] ISStaffinCurrentYear function debug
[11/15/2011 12:04:10 PM][INFO][clStaff][LoadStaffDetailsByUserNameAndPassword][00000000-0000-0000-0000-000000000000] Execute LoadStaffDetailsByUserNameAndPassword Method
[11/15/2011 12:04:10 PM][INFO][clStaff][ISStaffinCurrentYear][00000000-0000-0000-0000-000000000000] ISStaffinCurrentYear function debug
[11/15/2011 12:04:10 PM][INFO][clStaff][LoadStaffDetailsByUserNameAndPassword][00000000-0000-0000-0000-000000000000] Execute LoadStaffDetailsByUserNameAndPassword Method
[11/15/2011 12:04:10 PM][INFO][clStaff][ISStaffinCurrentYear][00000000-0000-0000-0000-000000000000] ISStaffinCurrentYear function debug
[11/15/2011 12:04:10 PM][INFO][clStaff][LoadStaffDetailsByUserNameAndPassword][00000000-0000-0000-0000-000000000000] Execute LoadStaffDetailsByUserNameAndPassword Method
[11/15/2011 12:04:10 PM][INFO][clStaff][ISStaffinCurrentYear][00000000-0000-0000-0000-000000000000] ISStaffinCurrentYear function debug
[11/15/2011 12:04:15 PM][INFO][clSchoolYear][GetCurrentSchoolYear][00000000-0000-0000-0000-000000000000] Execute GetCurrentSchoolYear Method
[11/15/2011 12:04:15 PM][DEBUG][clSchoolYear][GetCurrentSchoolYear][00000000-0000-0000-0000-000000000000] Debug GetCurrentSchoolYear Method
[11/15/2011 12:04:17 PM][INFO][clUserGroup][LoadUserGroup][00000000-0000-0000-0000-000000000000] Execute LoadUserGroup Method
[11/15/2011 12:04:17 PM][DEBUG][clUserGroup][LoadUserGroup][00000000-0000-0000-0000-000000000000] Debug LoadUserGroup Method
[11/15/2011 12:04:17 PM][INFO][clStaffCategory][loadStaffCategory][00000000-0000-0000-0000-000000000000] Execute loadStaffCategory Method
[11/15/2011 12:04:17 PM][DEBUG][clStaffCategory][loadStaffCategory][00000000-0000-0000-0000-000000000000] Debug loadStaffCategory Method
[11/15/2011 12:04:17 PM][INFO][Staff][SubmitRecord][00000000-0000-0000-0000-000000000000] Submit record method called
[11/15/2011 12:04:17 PM][DEBUG][Staff][SubmitRecord][00000000-0000-0000-0000-000000000000] Debug Submit Record Of Role
[11/15/2011 12:04:17 PM][INFO][clStaff][LoadStaffBystaffId][00000000-0000-0000-0000-000000000000] Execute LoadStaffBystaffId Method
[11/15/2011 12:04:17 PM][DEBUG][clStaff][LoadStaffBystaffId][00000000-0000-0000-0000-000000000000] Debug LoadStaffBystaffId Method
[11/15/2011 12:04:17 PM][INFO][clSchoolYear][GetCurrentSchoolYear][00000000-0000-0000-0000-000000000000] Execute GetCurrentSchoolYear Method
[11/15/2011 12:04:17 PM][DEBUG][clSchoolYear][GetCurrentSchoolYear][00000000-0000-0000-0000-000000000000] Debug GetCurrentSchoolYear Method
[11/15/2011 12:04:17 PM][INFO][clSchoolYear][LoadAllSchoolYear][00000000-0000-0000-0000-000000000000] Execute LoadAllSchoolYear Method
[11/15/2011 12:04:17 PM][DEBUG][clSchoolYear][LoadAllSchoolYear][00000000-0000-0000-0000-000000000000] Debug LoadAllSchoolYear Method
[11/15/2011 12:04:38 PM][INFO][clSchoolYear][GetCurrentSchoolYear][00000000-0000-0000-0000-000000000000] Execute GetCurrentSchoolYear Method
[11/15/2011 12:04:38 PM][DEBUG][clSchoolYear][GetCurrentSchoolYear][00000000-0000-0000-0000-000000000000] Debug GetCurrentSchoolYear Method
[11/15/2011 12:04:38 PM][INFO][Staff][btnSave_Click][00000000-0000-0000-0000-000000000000] Submit btnSave_Click called
[11/15/2011 12:04:38 PM][DEBUG][Role][btnSave_Click][00000000-0000-0000-0000-000000000000] Debug btnSave_Click 
[11/15/2011 12:04:38 PM][INFO][clStaff][CheckDuplicateUserName][00000000-0000-0000-0000-000000000000] Execute CheckDuplicateUserName Method
[11/15/2011 12:04:38 PM][DEBUG][clStaff][CheckDuplicateUserName][00000000-0000-0000-0000-000000000000] Debug CheckDuplicateUserName Method
[11/15/2011 12:04:38 PM][INFO][clStaff][CheckCodeRequire][00000000-0000-0000-0000-000000000000] Execute CheckCodeRequire Method
[11/15/2011 12:04:38 PM][DEBUG][clStaff][CheckCodeRequire][00000000-0000-0000-0000-000000000000] Debug CheckCodeRequire Method
[11/15/2011 12:04:38 PM][INFO][clStaff][Save][00000000-0000-0000-0000-000000000000] Execute Save Method
[11/15/2011 12:04:38 PM][DEBUG][clStaff][Save][00000000-0000-0000-0000-000000000000] Debug Save Method
[11/15/2011 12:04:39 PM][INFO][clStaffSchoolYear][ExportStafftoStaffSchoolYear][00000000-0000-0000-0000-000000000000] Execute ExportStafftoStaffSchoolYear Method
[11/15/2011 12:04:39 PM][DEBUG][clStaffSchoolYear][ExportStafftoStaffSchoolYear][00000000-0000-0000-0000-000000000000] Debug ExportStafftoStaffSchoolYear Method
[11/15/2011 12:04:40 PM][INFO][clSchoolYear][LoadAllSchoolYear][00000000-0000-0000-0000-000000000000] Execute LoadAllSchoolYear Method
[11/15/2011 12:04:40 PM][DEBUG][clSchoolYear][LoadAllSchoolYear][00000000-0000-0000-0000-000000000000] Debug LoadAllSchoolYear Method
[11/15/2011 12:04:40 PM][INFO][clStaff][LoadStaff][00000000-0000-0000-0000-000000000000] Execute LoadStaff Method
[11/15/2011 12:04:40 PM][DEBUG][clStaff][LoadStaff][00000000-0000-0000-0000-000000000000] Debug LoadStaff Method
[11/15/2011 12:04:40 PM][INFO][clStaff][LoadStaffDetailsByUserNameAndPassword][00000000-0000-0000-0000-000000000000] Execute LoadStaffDetailsByUserNameAndPassword Method
[11/15/2011 12:04:40 PM][INFO][clStaff][ISStaffinCurrentYear][00000000-0000-0000-0000-000000000000] ISStaffinCurrentYear function debug
[11/15/2011 12:04:40 PM][INFO][clStaff][LoadStaffDetailsByUserNameAndPassword][00000000-0000-0000-0000-000000000000] Execute LoadStaffDetailsByUserNameAndPassword Method
[11/15/2011 12:04:40 PM][INFO][clStaff][ISStaffinCurrentYear][00000000-0000-0000-0000-000000000000] ISStaffinCurrentYear function debug
[11/15/2011 12:04:40 PM][INFO][clStaff][LoadStaffDetailsByUserNameAndPassword][00000000-0000-0000-0000-000000000000] Execute LoadStaffDetailsByUserNameAndPassword Method
[11/15/2011 12:04:40 PM][INFO][clStaff][ISStaffinCurrentYear][00000000-0000-0000-0000-000000000000] ISStaffinCurrentYear function debug
[11/15/2011 12:04:40 PM][INFO][clStaff][LoadStaffDetailsByUserNameAndPassword][00000000-0000-0000-0000-000000000000] Execute LoadStaffDetailsByUserNameAndPassword Method
[11/15/2011 12:04:40 PM][INFO][clStaff][ISStaffinCurrentYear][00000000-0000-0000-0000-000000000000] ISStaffinCurrentYear function debug
[11/15/2011 12:04:40 PM][INFO][clStaff][LoadStaffDetailsByUserNameAndPassword][00000000-0000-0000-0000-000000000000] Execute LoadStaffDetailsByUserNameAndPassword Method
[11/15/2011 12:04:40 PM][INFO][clStaff][ISStaffinCurrentYear][00000000-0000-0000-0000-000000000000] ISStaffinCurrentYear function debug
[11/15/2011 12:04:40 PM][INFO][clStaff][LoadStaffDetailsByUserNameAndPassword][00000000-0000-0000-0000-000000000000] Execute LoadStaffDetailsByUserNameAndPassword Method
[11/15/2011 12:04:40 PM][INFO][clStaff][ISStaffinCurrentYear][00000000-0000-0000-0000-000000000000] ISStaffinCurrentYear function debug
[11/15/2011 12:05:00 PM][INFO][clSchoolYear][GetCurrentSchoolYear][00000000-0000-0000-0000-000000000000] Execute GetCurrentSchoolYear Method
[11/15/2011 12:05:00 PM][DEBUG][clSchoolYear][GetCurrentSchoolYear][00000000-0000-0000-0000-000000000000] Debug GetCurrentSchoolYear Method
[11/15/2011 12:05:00 PM][INFO][clUserGroup][LoadUserGroup][00000000-0000-0000-0000-000000000000] Execute LoadUserGroup Method
[11/15/2011 12:05:00 PM][DEBUG][clUserGroup][LoadUserGroup][00000000-0000-0000-0000-000000000000] Debug LoadUserGroup Method
[11/15/2011 12:05:00 PM][INFO][clStaffCategory][loadStaffCategory][00000000-0000-0000-0000-000000000000] Execute loadStaffCategory Method
[11/15/2011 12:05:00 PM][DEBUG][clStaffCategory][loadStaffCategory][00000000-0000-0000-0000-000000000000] Debug loadStaffCategory Method
[11/15/2011 12:05:00 PM][INFO][Staff][SubmitRecord][00000000-0000-0000-0000-000000000000] Submit record method called
[11/15/2011 12:05:00 PM][DEBUG][Staff][SubmitRecord][00000000-0000-0000-0000-000000000000] Debug Submit Record Of Role
[11/15/2011 12:05:00 PM][INFO][clStaff][LoadStaffBystaffId][00000000-0000-0000-0000-000000000000] Execute LoadStaffBystaffId Method
[11/15/2011 12:05:00 PM][DEBUG][clStaff][LoadStaffBystaffId][00000000-0000-0000-0000-000000000000] Debug LoadStaffBystaffId Method
[11/15/2011 12:05:01 PM][INFO][clSchoolYear][GetCurrentSchoolYear][00000000-0000-0000-0000-000000000000] Execute GetCurrentSchoolYear Method
[11/15/2011 12:05:01 PM][DEBUG][clSchoolYear][GetCurrentSchoolYear][00000000-0000-0000-0000-000000000000] Debug GetCurrentSchoolYear Method
[11/15/2011 12:05:01 PM][INFO][clSchoolYear][LoadAllSchoolYear][00000000-0000-0000-0000-000000000000] Execute LoadAllSchoolYear Method
[11/15/2011 12:05:01 PM][DEBUG][clSchoolYear][LoadAllSchoolYear][00000000-0000-0000-0000-000000000000] Debug LoadAllSchoolYear Method
[11/15/2011 12:06:07 PM][INFO][clStaff][LoadStaffDetailsByUserNameAndPassword][00000000-0000-0000-0000-000000000000] Execute LoadStaffDetailsByUserNameAndPassword Method
[11/15/2011 12:06:07 PM][DEBUG][clStaff][LoadStaffDetailsByUserNameAndPassword][00000000-0000-0000-0000-000000000000] Debug LoadStaffDetailsByUserNameAndPassword Method
[11/15/2011 12:06:10 PM][INFO][clSchoolYear][LoadAllSchoolYear][00000000-0000-0000-0000-000000000000] Execute LoadAllSchoolYear Method
[11/15/2011 12:06:10 PM][DEBUG][clSchoolYear][LoadAllSchoolYear][00000000-0000-0000-0000-000000000000] Debug LoadAllSchoolYear Method
[11/15/2011 12:06:19 PM][INFO][clSchoolYear][LoadAllSchoolYear][00000000-0000-0000-0000-000000000000] Execute LoadAllSchoolYear Method
[11/15/2011 12:06:19 PM][DEBUG][clSchoolYear][LoadAllSchoolYear][00000000-0000-0000-0000-000000000000] Debug LoadAllSchoolYear Method
[11/15/2011 12:06:19 PM][INFO][clStaff][LoadStaff][00000000-0000-0000-0000-000000000000] Execute LoadStaff Method
[11/15/2011 12:06:19 PM][DEBUG][clStaff][LoadStaff][00000000-0000-0000-0000-000000000000] Debug LoadStaff Method
[11/15/2011 12:06:19 PM][INFO][clStaff][LoadStaffDetailsByUserNameAndPassword][00000000-0000-0000-0000-000000000000] Execute LoadStaffDetailsByUserNameAndPassword Method
[11/15/2011 12:06:19 PM][INFO][clStaff][ISStaffinCurrentYear][00000000-0000-0000-0000-000000000000] ISStaffinCurrentYear function debug
[11/15/2011 12:06:19 PM][INFO][clStaff][LoadStaffDetailsByUserNameAndPassword][00000000-0000-0000-0000-000000000000] Execute LoadStaffDetailsByUserNameAndPassword Method
[11/15/2011 12:06:19 PM][INFO][clStaff][ISStaffinCurrentYear][00000000-0000-0000-0000-000000000000] ISStaffinCurrentYear function debug
[11/15/2011 12:06:19 PM][INFO][clStaff][LoadStaffDetailsByUserNameAndPassword][00000000-0000-0000-0000-000000000000] Execute LoadStaffDetailsByUserNameAndPassword Method
[11/15/2011 12:06:19 PM][INFO][clStaff][ISStaffinCurrentYear][00000000-0000-0000-0000-000000000000] ISStaffinCurrentYear function debug
[11/15/2011 12:06:19 PM][INFO][clStaff][LoadStaffDetailsByUserNameAndPassword][00000000-0000-0000-0000-000000000000] Execute LoadStaffDetailsByUserNameAndPassword Method
[11/15/2011 12:06:19 PM][INFO][clStaff][ISStaffinCurrentYear][00000000-0000-0000-0000-000000000000] ISStaffinCurrentYear function debug
[11/15/2011 12:06:19 PM][INFO][clStaff][LoadStaffDetailsByUserNameAndPassword][00000000-0000-0000-0000-000000000000] Execute LoadStaffDetailsByUserNameAndPassword Method
[11/15/2011 12:06:19 PM][INFO][clStaff][ISStaffinCurrentYear][00000000-0000-0000-0000-000000000000] ISStaffinCurrentYear function debug
[11/15/2011 12:06:19 PM][INFO][clStaff][LoadStaffDetailsByUserNameAndPassword][00000000-0000-0000-0000-000000000000] Execute LoadStaffDetailsByUserNameAndPassword Method
[11/15/2011 12:06:19 PM][INFO][clStaff][ISStaffinCurrentYear][00000000-0000-0000-0000-000000000000] ISStaffinCurrentYear function debug
[11/15/2011 12:06:24 PM][INFO][clSchoolYear][GetCurrentSchoolYear][00000000-0000-0000-0000-000000000000] Execute GetCurrentSchoolYear Method
[11/15/2011 12:06:24 PM][DEBUG][clSchoolYear][GetCurrentSchoolYear][00000000-0000-0000-0000-000000000000] Debug GetCurrentSchoolYear Method
[11/15/2011 12:06:24 PM][INFO][clUserGroup][LoadUserGroup][00000000-0000-0000-0000-000000000000] Execute LoadUserGroup Method
[11/15/2011 12:06:24 PM][DEBUG][clUserGroup][LoadUserGroup][00000000-0000-0000-0000-000000000000] Debug LoadUserGroup Method
[11/15/2011 12:06:24 PM][INFO][clStaffCategory][loadStaffCategory][00000000-0000-0000-0000-000000000000] Execute loadStaffCategory Method
[11/15/2011 12:06:24 PM][DEBUG][clStaffCategory][loadStaffCategory][00000000-0000-0000-0000-000000000000] Debug loadStaffCategory Method
[11/15/2011 12:06:24 PM][INFO][Staff][SubmitRecord][00000000-0000-0000-0000-000000000000] Submit record method called
[11/15/2011 12:06:24 PM][DEBUG][Staff][SubmitRecord][00000000-0000-0000-0000-000000000000] Debug Submit Record Of Role
[11/15/2011 12:06:24 PM][INFO][clStaff][LoadStaffBystaffId][00000000-0000-0000-0000-000000000000] Execute LoadStaffBystaffId Method
[11/15/2011 12:06:24 PM][DEBUG][clStaff][LoadStaffBystaffId][00000000-0000-0000-0000-000000000000] Debug LoadStaffBystaffId Method
[11/15/2011 12:06:24 PM][INFO][clSchoolYear][GetCurrentSchoolYear][00000000-0000-0000-0000-000000000000] Execute GetCurrentSchoolYear Method
[11/15/2011 12:06:24 PM][DEBUG][clSchoolYear][GetCurrentSchoolYear][00000000-0000-0000-0000-000000000000] Debug GetCurrentSchoolYear Method
[11/15/2011 12:06:24 PM][INFO][clSchoolYear][LoadAllSchoolYear][00000000-0000-0000-0000-000000000000] Execute LoadAllSchoolYear Method
[11/15/2011 12:06:24 PM][DEBUG][clSchoolYear][LoadAllSchoolYear][00000000-0000-0000-0000-000000000000] Debug LoadAllSchoolYear Method
[11/15/2011 12:06:32 PM][INFO][clSchoolYear][GetCurrentSchoolYear][00000000-0000-0000-0000-000000000000] Execute GetCurrentSchoolYear Method
[11/15/2011 12:06:32 PM][DEBUG][clSchoolYear][GetCurrentSchoolYear][00000000-0000-0000-0000-000000000000] Debug GetCurrentSchoolYear Method
[11/15/2011 12:06:32 PM][INFO][Staff][btnSave_Click][00000000-0000-0000-0000-000000000000] Submit btnSave_Click called
[11/15/2011 12:06:32 PM][DEBUG][Role][btnSave_Click][00000000-0000-0000-0000-000000000000] Debug btnSave_Click 
[11/15/2011 12:06:32 PM][INFO][clStaff][CheckDuplicateUserName][00000000-0000-0000-0000-000000000000] Execute CheckDuplicateUserName Method
[11/15/2011 12:06:32 PM][DEBUG][clStaff][CheckDuplicateUserName][00000000-0000-0000-0000-000000000000] Debug CheckDuplicateUserName Method
[11/15/2011 12:06:32 PM][INFO][clStaff][CheckCodeRequire][00000000-0000-0000-0000-000000000000] Execute CheckCodeRequire Method
[11/15/2011 12:06:32 PM][DEBUG][clStaff][CheckCodeRequire][00000000-0000-0000-0000-000000000000] Debug CheckCodeRequire Method
[11/15/2011 12:06:32 PM][INFO][clStaff][Save][00000000-0000-0000-0000-000000000000] Execute Save Method
[11/15/2011 12:06:32 PM][DEBUG][clStaff][Save][00000000-0000-0000-0000-000000000000] Debug Save Method
[11/15/2011 12:06:32 PM][INFO][clStaffSchoolYear][ExportStafftoStaffSchoolYear][00000000-0000-0000-0000-000000000000] Execute ExportStafftoStaffSchoolYear Method
[11/15/2011 12:06:32 PM][DEBUG][clStaffSchoolYear][ExportStafftoStaffSchoolYear][00000000-0000-0000-0000-000000000000] Debug ExportStafftoStaffSchoolYear Method
[11/15/2011 12:06:33 PM][INFO][clSchoolYear][LoadAllSchoolYear][00000000-0000-0000-0000-000000000000] Execute LoadAllSchoolYear Method
[11/15/2011 12:06:33 PM][DEBUG][clSchoolYear][LoadAllSchoolYear][00000000-0000-0000-0000-000000000000] Debug LoadAllSchoolYear Method
[11/15/2011 12:06:33 PM][INFO][clStaff][LoadStaff][00000000-0000-0000-0000-000000000000] Execute LoadStaff Method
[11/15/2011 12:06:33 PM][DEBUG][clStaff][LoadStaff][00000000-0000-0000-0000-000000000000] Debug LoadStaff Method
[11/15/2011 12:06:33 PM][INFO][clStaff][LoadStaffDetailsByUserNameAndPassword][00000000-0000-0000-0000-000000000000] Execute LoadStaffDetailsByUserNameAndPassword Method
[11/15/2011 12:06:33 PM][INFO][clStaff][ISStaffinCurrentYear][00000000-0000-0000-0000-000000000000] ISStaffinCurrentYear function debug
[11/15/2011 12:06:33 PM][INFO][clStaff][LoadStaffDetailsByUserNameAndPassword][00000000-0000-0000-0000-000000000000] Execute LoadStaffDetailsByUserNameAndPassword Method
[11/15/2011 12:06:33 PM][INFO][clStaff][ISStaffinCurrentYear][00000000-0000-0000-0000-000000000000] ISStaffinCurrentYear function debug
[11/15/2011 12:06:33 PM][INFO][clStaff][LoadStaffDetailsByUserNameAndPassword][00000000-0000-0000-0000-000000000000] Execute LoadStaffDetailsByUserNameAndPassword Method
[11/15/2011 12:06:33 PM][INFO][clStaff][ISStaffinCurrentYear][00000000-0000-0000-0000-000000000000] ISStaffinCurrentYear function debug
[11/15/2011 12:06:33 PM][INFO][clStaff][LoadStaffDetailsByUserNameAndPassword][00000000-0000-0000-0000-000000000000] Execute LoadStaffDetailsByUserNameAndPassword Method
[11/15/2011 12:06:33 PM][INFO][clStaff][ISStaffinCurrentYear][00000000-0000-0000-0000-000000000000] ISStaffinCurrentYear function debug
[11/15/2011 12:06:33 PM][INFO][clStaff][LoadStaffDetailsByUserNameAndPassword][00000000-0000-0000-0000-000000000000] Execute LoadStaffDetailsByUserNameAndPassword Method
[11/15/2011 12:06:33 PM][INFO][clStaff][ISStaffinCurrentYear][00000000-0000-0000-0000-000000000000] ISStaffinCurrentYear function debug
[11/15/2011 12:06:33 PM][INFO][clStaff][LoadStaffDetailsByUserNameAndPassword][00000000-0000-0000-0000-000000000000] Execute LoadStaffDetailsByUserNameAndPassword Method
[11/15/2011 12:06:33 PM][INFO][clStaff][ISStaffinCurrentYear][00000000-0000-0000-0000-000000000000] ISStaffinCurrentYear function debug
[11/15/2011 12:06:46 PM][INFO][clSchoolYear][GetCurrentSchoolYear][00000000-0000-0000-0000-000000000000] Execute GetCurrentSchoolYear Method
[11/15/2011 12:06:46 PM][DEBUG][clSchoolYear][GetCurrentSchoolYear][00000000-0000-0000-0000-000000000000] Debug GetCurrentSchoolYear Method
[11/15/2011 12:06:46 PM][INFO][clUserGroup][LoadUserGroup][00000000-0000-0000-0000-000000000000] Execute LoadUserGroup Method
[11/15/2011 12:06:46 PM][DEBUG][clUserGroup][LoadUserGroup][00000000-0000-0000-0000-000000000000] Debug LoadUserGroup Method
[11/15/2011 12:06:46 PM][INFO][clStaffCategory][loadStaffCategory][00000000-0000-0000-0000-000000000000] Execute loadStaffCategory Method
[11/15/2011 12:06:46 PM][DEBUG][clStaffCategory][loadStaffCategory][00000000-0000-0000-0000-000000000000] Debug loadStaffCategory Method
[11/15/2011 12:06:47 PM][INFO][Staff][SubmitRecord][00000000-0000-0000-0000-000000000000] Submit record method called
[11/15/2011 12:06:47 PM][DEBUG][Staff][SubmitRecord][00000000-0000-0000-0000-000000000000] Debug Submit Record Of Role
[11/15/2011 12:06:47 PM][INFO][clStaff][LoadStaffBystaffId][00000000-0000-0000-0000-000000000000] Execute LoadStaffBystaffId Method
[11/15/2011 12:06:47 PM][DEBUG][clStaff][LoadStaffBystaffId][00000000-0000-0000-0000-000000000000] Debug LoadStaffBystaffId Method
[11/15/2011 12:06:47 PM][INFO][clSchoolYear][GetCurrentSchoolYear][00000000-0000-0000-0000-000000000000] Execute GetCurrentSchoolYear Method
[11/15/2011 12:06:47 PM][DEBUG][clSchoolYear][GetCurrentSchoolYear][00000000-0000-0000-0000-000000000000] Debug GetCurrentSchoolYear Method
[11/15/2011 12:06:47 PM][INFO][clSchoolYear][LoadAllSchoolYear][00000000-0000-0000-0000-000000000000] Execute LoadAllSchoolYear Method
[11/15/2011 12:06:47 PM][DEBUG][clSchoolYear][LoadAllSchoolYear][00000000-0000-0000-0000-000000000000] Debug LoadAllSchoolYear Method
[11/15/2011 1:59:32 PM][INFO][clStaff][LoadStaffDetailsByUserNameAndPassword][00000000-0000-0000-0000-000000000000] Execute LoadStaffDetailsByUserNameAndPassword Method
[11/15/2011 1:59:32 PM][DEBUG][clStaff][LoadStaffDetailsByUserNameAndPassword][00000000-0000-0000-0000-000000000000] Debug LoadStaffDetailsByUserNameAndPassword Method
[11/15/2011 1:59:38 PM][INFO][clSchoolYear][LoadAllSchoolYear][00000000-0000-0000-0000-000000000000] Execute LoadAllSchoolYear Method
[11/15/2011 1:59:38 PM][DEBUG][clSchoolYear][LoadAllSchoolYear][00000000-0000-0000-0000-000000000000] Debug LoadAllSchoolYear Method
[11/15/2011 1:59:45 PM][INFO][clSchoolYear][LoadAllSchoolYear][00000000-0000-0000-0000-000000000000] Execute LoadAllSchoolYear Method
[11/15/2011 1:59:45 PM][DEBUG][clSchoolYear][LoadAllSchoolYear][00000000-0000-0000-0000-000000000000] Debug LoadAllSchoolYear Method
[11/15/2011 1:59:45 PM][INFO][clStaff][LoadStaff][00000000-0000-0000-0000-000000000000] Execute LoadStaff Method
[11/15/2011 1:59:45 PM][DEBUG][clStaff][LoadStaff][00000000-0000-0000-0000-000000000000] Debug LoadStaff Method
[11/15/2011 1:59:45 PM][INFO][clStaff][LoadStaffDetailsByUserNameAndPassword][00000000-0000-0000-0000-000000000000] Execute LoadStaffDetailsByUserNameAndPassword Method
[11/15/2011 1:59:45 PM][INFO][clStaff][ISStaffinCurrentYear][00000000-0000-0000-0000-000000000000] ISStaffinCurrentYear function debug
[11/15/2011 1:59:45 PM][INFO][clStaff][LoadStaffDetailsByUserNameAndPassword][00000000-0000-0000-0000-000000000000] Execute LoadStaffDetailsByUserNameAndPassword Method
[11/15/2011 1:59:45 PM][INFO][clStaff][ISStaffinCurrentYear][00000000-0000-0000-0000-000000000000] ISStaffinCurrentYear function debug
[11/15/2011 1:59:45 PM][INFO][clStaff][LoadStaffDetailsByUserNameAndPassword][00000000-0000-0000-0000-000000000000] Execute LoadStaffDetailsByUserNameAndPassword Method
[11/15/2011 1:59:45 PM][INFO][clStaff][ISStaffinCurrentYear][00000000-0000-0000-0000-000000000000] ISStaffinCurrentYear function debug
[11/15/2011 1:59:45 PM][INFO][clStaff][LoadStaffDetailsByUserNameAndPassword][00000000-0000-0000-0000-000000000000] Execute LoadStaffDetailsByUserNameAndPassword Method
[11/15/2011 1:59:45 PM][INFO][clStaff][ISStaffinCurrentYear][00000000-0000-0000-0000-000000000000] ISStaffinCurrentYear function debug
[11/15/2011 1:59:46 PM][INFO][clStaff][LoadStaffDetailsByUserNameAndPassword][00000000-0000-0000-0000-000000000000] Execute LoadStaffDetailsByUserNameAndPassword Method
[11/15/2011 1:59:46 PM][INFO][clStaff][ISStaffinCurrentYear][00000000-0000-0000-0000-000000000000] ISStaffinCurrentYear function debug
[11/15/2011 1:59:46 PM][INFO][clStaff][LoadStaffDetailsByUserNameAndPassword][00000000-0000-0000-0000-000000000000] Execute LoadStaffDetailsByUserNameAndPassword Method
[11/15/2011 1:59:46 PM][INFO][clStaff][ISStaffinCurrentYear][00000000-0000-0000-0000-000000000000] ISStaffinCurrentYear function debug
[11/15/2011 1:59:46 PM][INFO][clStaff][LoadStaffDetailsByUserNameAndPassword][00000000-0000-0000-0000-000000000000] Execute LoadStaffDetailsByUserNameAndPassword Method
[11/15/2011 1:59:46 PM][INFO][clStaff][ISStaffinCurrentYear][00000000-0000-0000-0000-000000000000] ISStaffinCurrentYear function debug
[11/15/2011 1:59:46 PM][INFO][clStaff][LoadStaffDetailsByUserNameAndPassword][00000000-0000-0000-0000-000000000000] Execute LoadStaffDetailsByUserNameAndPassword Method
[11/15/2011 1:59:46 PM][INFO][clStaff][ISStaffinCurrentYear][00000000-0000-0000-0000-000000000000] ISStaffinCurrentYear function debug
[11/15/2011 1:59:46 PM][INFO][clStaff][LoadStaffDetailsByUserNameAndPassword][00000000-0000-0000-0000-000000000000] Execute LoadStaffDetailsByUserNameAndPassword Method
[11/15/2011 1:59:46 PM][INFO][clStaff][ISStaffinCurrentYear][00000000-0000-0000-0000-000000000000] ISStaffinCurrentYear function debug
[11/15/2011 1:59:46 PM][INFO][clStaff][LoadStaffDetailsByUserNameAndPassword][00000000-0000-0000-0000-000000000000] Execute LoadStaffDetailsByUserNameAndPassword Method
[11/15/2011 1:59:46 PM][INFO][clStaff][ISStaffinCurrentYear][00000000-0000-0000-0000-000000000000] ISStaffinCurrentYear function debug
[11/15/2011 1:59:46 PM][INFO][clStaff][LoadStaffDetailsByUserNameAndPassword][00000000-0000-0000-0000-000000000000] Execute LoadStaffDetailsByUserNameAndPassword Method
[11/15/2011 1:59:46 PM][INFO][clStaff][ISStaffinCurrentYear][00000000-0000-0000-0000-000000000000] ISStaffinCurrentYear function debug
[11/15/2011 1:59:46 PM][INFO][clStaff][LoadStaffDetailsByUserNameAndPassword][00000000-0000-0000-0000-000000000000] Execute LoadStaffDetailsByUserNameAndPassword Method
[11/15/2011 1:59:46 PM][INFO][clStaff][ISStaffinCurrentYear][00000000-0000-0000-0000-000000000000] ISStaffinCurrentYear function debug
[11/15/2011 1:59:47 PM][INFO][clSchoolYear][LoadAllSchoolYear][00000000-0000-0000-0000-000000000000] Execute LoadAllSchoolYear Method
[11/15/2011 1:59:47 PM][DEBUG][clSchoolYear][LoadAllSchoolYear][00000000-0000-0000-0000-000000000000] Debug LoadAllSchoolYear Method
[11/15/2011 1:59:47 PM][INFO][clStaff][LoadStaff][00000000-0000-0000-0000-000000000000] Execute LoadStaff Method
[11/15/2011 1:59:47 PM][DEBUG][clStaff][LoadStaff][00000000-0000-0000-0000-000000000000] Debug LoadStaff Method
[11/15/2011 1:59:47 PM][INFO][clStaff][LoadStaffDetailsByUserNameAndPassword][00000000-0000-0000-0000-000000000000] Execute LoadStaffDetailsByUserNameAndPassword Method
[11/15/2011 1:59:47 PM][INFO][clStaff][ISStaffinCurrentYear][00000000-0000-0000-0000-000000000000] ISStaffinCurrentYear function debug
[11/15/2011 1:59:47 PM][INFO][clStaff][LoadStaffDetailsByUserNameAndPassword][00000000-0000-0000-0000-000000000000] Execute LoadStaffDetailsByUserNameAndPassword Method
[11/15/2011 1:59:47 PM][INFO][clStaff][ISStaffinCurrentYear][00000000-0000-0000-0000-000000000000] ISStaffinCurrentYear function debug
[11/15/2011 1:59:47 PM][INFO][clStaff][LoadStaffDetailsByUserNameAndPassword][00000000-0000-0000-0000-000000000000] Execute LoadStaffDetailsByUserNameAndPassword Method
[11/15/2011 1:59:47 PM][INFO][clStaff][ISStaffinCurrentYear][00000000-0000-0000-0000-000000000000] ISStaffinCurrentYear function debug
[11/15/2011 1:59:47 PM][INFO][clStaff][LoadStaffDetailsByUserNameAndPassword][00000000-0000-0000-0000-000000000000] Execute LoadStaffDetailsByUserNameAndPassword Method
[11/15/2011 1:59:47 PM][INFO][clStaff][ISStaffinCurrentYear][00000000-0000-0000-0000-000000000000] ISStaffinCurrentYear function debug
[11/15/2011 1:59:47 PM][INFO][clStaff][LoadStaffDetailsByUserNameAndPassword][00000000-0000-0000-0000-000000000000] Execute LoadStaffDetailsByUserNameAndPassword Method
[11/15/2011 1:59:47 PM][INFO][clStaff][ISStaffinCurrentYear][00000000-0000-0000-0000-000000000000] ISStaffinCurrentYear function debug
[11/15/2011 1:59:47 PM][INFO][clStaff][LoadStaffDetailsByUserNameAndPassword][00000000-0000-0000-0000-000000000000] Execute LoadStaffDetailsByUserNameAndPassword Method
[11/15/2011 1:59:47 PM][INFO][clStaff][ISStaffinCurrentYear][00000000-0000-0000-0000-000000000000] ISStaffinCurrentYear function debug
[11/15/2011 1:59:47 PM][INFO][clStaff][LoadStaffDetailsByUserNameAndPassword][00000000-0000-0000-0000-000000000000] Execute LoadStaffDetailsByUserNameAndPassword Method
[11/15/2011 1:59:47 PM][INFO][clStaff][ISStaffinCurrentYear][00000000-0000-0000-0000-000000000000] ISStaffinCurrentYear function debug
[11/15/2011 1:59:47 PM][INFO][clStaff][LoadStaffDetailsByUserNameAndPassword][00000000-0000-0000-0000-000000000000] Execute LoadStaffDetailsByUserNameAndPassword Method
[11/15/2011 1:59:47 PM][INFO][clStaff][ISStaffinCurrentYear][00000000-0000-0000-0000-000000000000] ISStaffinCurrentYear function debug
[11/15/2011 1:59:47 PM][INFO][clStaff][LoadStaffDetailsByUserNameAndPassword][00000000-0000-0000-0000-000000000000] Execute LoadStaffDetailsByUserNameAndPassword Method
[11/15/2011 1:59:47 PM][INFO][clStaff][ISStaffinCurrentYear][00000000-0000-0000-0000-000000000000] ISStaffinCurrentYear function debug
[11/15/2011 1:59:47 PM][INFO][clStaff][LoadStaffDetailsByUserNameAndPassword][00000000-0000-0000-0000-000000000000] Execute LoadStaffDetailsByUserNameAndPassword Method
[11/15/2011 1:59:47 PM][INFO][clStaff][ISStaffinCurrentYear][00000000-0000-0000-0000-000000000000] ISStaffinCurrentYear function debug
[11/15/2011 1:59:47 PM][INFO][clStaff][LoadStaffDetailsByUserNameAndPassword][00000000-0000-0000-0000-000000000000] Execute LoadStaffDetailsByUserNameAndPassword Method
[11/15/2011 1:59:47 PM][INFO][clStaff][ISStaffinCurrentYear][00000000-0000-0000-0000-000000000000] ISStaffinCurrentYear function debug
[11/15/2011 1:59:47 PM][INFO][clStaff][LoadStaffDetailsByUserNameAndPassword][00000000-0000-0000-0000-000000000000] Execute LoadStaffDetailsByUserNameAndPassword Method
[11/15/2011 1:59:47 PM][INFO][clStaff][ISStaffinCurrentYear][00000000-0000-0000-0000-000000000000] ISStaffinCurrentYear function debug
[11/15/2011 1:59:53 PM][INFO][clSchoolYear][GetCurrentSchoolYear][00000000-0000-0000-0000-000000000000] Execute GetCurrentSchoolYear Method
[11/15/2011 1:59:53 PM][DEBUG][clSchoolYear][GetCurrentSchoolYear][00000000-0000-0000-0000-000000000000] Debug GetCurrentSchoolYear Method
[11/15/2011 1:59:53 PM][INFO][clUserGroup][LoadUserGroup][00000000-0000-0000-0000-000000000000] Execute LoadUserGroup Method
[11/15/2011 1:59:53 PM][DEBUG][clUserGroup][LoadUserGroup][00000000-0000-0000-0000-000000000000] Debug LoadUserGroup Method
[11/15/2011 1:59:53 PM][INFO][clStaffCategory][loadStaffCategory][00000000-0000-0000-0000-000000000000] Execute loadStaffCategory Method
[11/15/2011 1:59:53 PM][DEBUG][clStaffCategory][loadStaffCategory][00000000-0000-0000-0000-000000000000] Debug loadStaffCategory Method
[11/15/2011 1:59:54 PM][INFO][Staff][SubmitRecord][00000000-0000-0000-0000-000000000000] Submit record method called
[11/15/2011 1:59:54 PM][DEBUG][Staff][SubmitRecord][00000000-0000-0000-0000-000000000000] Debug Submit Record Of Role
[11/15/2011 1:59:54 PM][INFO][clStaff][LoadStaffBystaffId][00000000-0000-0000-0000-000000000000] Execute LoadStaffBystaffId Method
[11/15/2011 1:59:54 PM][DEBUG][clStaff][LoadStaffBystaffId][00000000-0000-0000-0000-000000000000] Debug LoadStaffBystaffId Method
[11/15/2011 1:59:54 PM][INFO][clSchoolYear][GetCurrentSchoolYear][00000000-0000-0000-0000-000000000000] Execute GetCurrentSchoolYear Method
[11/15/2011 1:59:54 PM][DEBUG][clSchoolYear][GetCurrentSchoolYear][00000000-0000-0000-0000-000000000000] Debug GetCurrentSchoolYear Method
[11/15/2011 1:59:54 PM][INFO][clSchoolYear][LoadAllSchoolYear][00000000-0000-0000-0000-000000000000] Execute LoadAllSchoolYear Method
[11/15/2011 1:59:54 PM][DEBUG][clSchoolYear][LoadAllSchoolYear][00000000-0000-0000-0000-000000000000] Debug LoadAllSchoolYear Method
[11/15/2011 2:00:17 PM][INFO][clSchoolYear][GetCurrentSchoolYear][00000000-0000-0000-0000-000000000000] Execute GetCurrentSchoolYear Method
[11/15/2011 2:00:17 PM][DEBUG][clSchoolYear][GetCurrentSchoolYear][00000000-0000-0000-0000-000000000000] Debug GetCurrentSchoolYear Method
[11/15/2011 2:00:17 PM][INFO][Staff][btnSave_Click][00000000-0000-0000-0000-000000000000] Submit btnSave_Click called
[11/15/2011 2:00:17 PM][DEBUG][Role][btnSave_Click][00000000-0000-0000-0000-000000000000] Debug btnSave_Click 
[11/15/2011 2:00:17 PM][INFO][clStaff][CheckCodeRequire][00000000-0000-0000-0000-000000000000] Execute CheckCodeRequire Method
[11/15/2011 2:00:17 PM][DEBUG][clStaff][CheckCodeRequire][00000000-0000-0000-0000-000000000000] Debug CheckCodeRequire Method
[11/15/2011 2:00:17 PM][INFO][clStaff][Save][00000000-0000-0000-0000-000000000000] Execute Save Method
[11/15/2011 2:00:17 PM][DEBUG][clStaff][Save][00000000-0000-0000-0000-000000000000] Debug Save Method
[11/15/2011 2:00:18 PM][INFO][clStaffSchoolYear][ExportStafftoStaffSchoolYear][00000000-0000-0000-0000-000000000000] Execute ExportStafftoStaffSchoolYear Method
[11/15/2011 2:00:18 PM][DEBUG][clStaffSchoolYear][ExportStafftoStaffSchoolYear][00000000-0000-0000-0000-000000000000] Debug ExportStafftoStaffSchoolYear Method
[11/15/2011 2:00:18 PM][EXCEPTION][Staff][btnSave_Click][00000000-0000-0000-0000-000000000000] Attempted to divide by zero.
[11/15/2011 2:00:50 PM][INFO][clSchoolYear][GetCurrentSchoolYear][00000000-0000-0000-0000-000000000000] Execute GetCurrentSchoolYear Method
[11/15/2011 2:00:50 PM][DEBUG][clSchoolYear][GetCurrentSchoolYear][00000000-0000-0000-0000-000000000000] Debug GetCurrentSchoolYear Method
[11/15/2011 2:00:50 PM][INFO][Staff][btnSave_Click][00000000-0000-0000-0000-000000000000] Submit btnSave_Click called
[11/15/2011 2:00:50 PM][DEBUG][Role][btnSave_Click][00000000-0000-0000-0000-000000000000] Debug btnSave_Click 
[11/15/2011 2:00:50 PM][INFO][clStaff][CheckCodeRequire][00000000-0000-0000-0000-000000000000] Execute CheckCodeRequire Method
[11/15/2011 2:00:50 PM][DEBUG][clStaff][CheckCodeRequire][00000000-0000-0000-0000-000000000000] Debug CheckCodeRequire Method
[11/15/2011 2:00:50 PM][INFO][clStaff][Save][00000000-0000-0000-0000-000000000000] Execute Save Method
[11/15/2011 2:00:50 PM][DEBUG][clStaff][Save][00000000-0000-0000-0000-000000000000] Debug Save Method
[11/15/2011 2:00:50 PM][INFO][clStaffSchoolYear][ExportStafftoStaffSchoolYear][00000000-0000-0000-0000-000000000000] Execute ExportStafftoStaffSchoolYear Method
[11/15/2011 2:00:50 PM][DEBUG][clStaffSchoolYear][ExportStafftoStaffSchoolYear][00000000-0000-0000-0000-000000000000] Debug ExportStafftoStaffSchoolYear Method
[11/15/2011 2:01:26 PM][EXCEPTION][Staff][btnSave_Click][00000000-0000-0000-0000-000000000000] Attempted to divide by zero.
[11/15/2011 2:01:32 PM][INFO][clSchoolYear][GetCurrentSchoolYear][00000000-0000-0000-0000-000000000000] Execute GetCurrentSchoolYear Method
[11/15/2011 2:01:32 PM][DEBUG][clSchoolYear][GetCurrentSchoolYear][00000000-0000-0000-0000-000000000000] Debug GetCurrentSchoolYear Method
[11/15/2011 2:01:32 PM][INFO][Staff][btnSave_Click][00000000-0000-0000-0000-000000000000] Submit btnSave_Click called
[11/15/2011 2:01:32 PM][DEBUG][Role][btnSave_Click][00000000-0000-0000-0000-000000000000] Debug btnSave_Click 
[11/15/2011 2:01:32 PM][INFO][clStaff][CheckCodeRequire][00000000-0000-0000-0000-000000000000] Execute CheckCodeRequire Method
[11/15/2011 2:01:32 PM][DEBUG][clStaff][CheckCodeRequire][00000000-0000-0000-0000-000000000000] Debug CheckCodeRequire Method
[11/15/2011 2:01:32 PM][INFO][clStaff][Save][00000000-0000-0000-0000-000000000000] Execute Save Method
[11/15/2011 2:01:32 PM][DEBUG][clStaff][Save][00000000-0000-0000-0000-000000000000] Debug Save Method
[11/15/2011 2:01:32 PM][INFO][clStaffSchoolYear][ExportStafftoStaffSchoolYear][00000000-0000-0000-0000-000000000000] Execute ExportStafftoStaffSchoolYear Method
[11/15/2011 2:01:32 PM][DEBUG][clStaffSchoolYear][ExportStafftoStaffSchoolYear][00000000-0000-0000-0000-000000000000] Debug ExportStafftoStaffSchoolYear Method
[11/15/2011 2:04:04 PM][INFO][clStaff][LoadStaffDetailsByUserNameAndPassword][00000000-0000-0000-0000-000000000000] Execute LoadStaffDetailsByUserNameAndPassword Method
[11/15/2011 2:04:04 PM][DEBUG][clStaff][LoadStaffDetailsByUserNameAndPassword][00000000-0000-0000-0000-000000000000] Debug LoadStaffDetailsByUserNameAndPassword Method
[11/15/2011 2:04:08 PM][INFO][clSchoolYear][LoadAllSchoolYear][00000000-0000-0000-0000-000000000000] Execute LoadAllSchoolYear Method
[11/15/2011 2:04:08 PM][DEBUG][clSchoolYear][LoadAllSchoolYear][00000000-0000-0000-0000-000000000000] Debug LoadAllSchoolYear Method
[11/15/2011 2:04:14 PM][INFO][clSchoolYear][LoadAllSchoolYear][00000000-0000-0000-0000-000000000000] Execute LoadAllSchoolYear Method
[11/15/2011 2:04:14 PM][DEBUG][clSchoolYear][LoadAllSchoolYear][00000000-0000-0000-0000-000000000000] Debug LoadAllSchoolYear Method
[11/15/2011 2:04:14 PM][INFO][clStaff][LoadStaff][00000000-0000-0000-0000-000000000000] Execute LoadStaff Method
[11/15/2011 2:04:14 PM][DEBUG][clStaff][LoadStaff][00000000-0000-0000-0000-000000000000] Debug LoadStaff Method
[11/15/2011 2:04:14 PM][INFO][clStaff][LoadStaffDetailsByUserNameAndPassword][00000000-0000-0000-0000-000000000000] Execute LoadStaffDetailsByUserNameAndPassword Method
[11/15/2011 2:04:14 PM][INFO][clStaff][ISStaffinCurrentYear][00000000-0000-0000-0000-000000000000] ISStaffinCurrentYear function debug
[11/15/2011 2:04:14 PM][INFO][clStaff][LoadStaffDetailsByUserNameAndPassword][00000000-0000-0000-0000-000000000000] Execute LoadStaffDetailsByUserNameAndPassword Method
[11/15/2011 2:04:14 PM][INFO][clStaff][ISStaffinCurrentYear][00000000-0000-0000-0000-000000000000] ISStaffinCurrentYear function debug
[11/15/2011 2:04:14 PM][INFO][clStaff][LoadStaffDetailsByUserNameAndPassword][00000000-0000-0000-0000-000000000000] Execute LoadStaffDetailsByUserNameAndPassword Method
[11/15/2011 2:04:14 PM][INFO][clStaff][ISStaffinCurrentYear][00000000-0000-0000-0000-000000000000] ISStaffinCurrentYear function debug
[11/15/2011 2:04:14 PM][INFO][clStaff][LoadStaffDetailsByUserNameAndPassword][00000000-0000-0000-0000-000000000000] Execute LoadStaffDetailsByUserNameAndPassword Method
[11/15/2011 2:04:14 PM][INFO][clStaff][ISStaffinCurrentYear][00000000-0000-0000-0000-000000000000] ISStaffinCurrentYear function debug
[11/15/2011 2:04:14 PM][INFO][clStaff][LoadStaffDetailsByUserNameAndPassword][00000000-0000-0000-0000-000000000000] Execute LoadStaffDetailsByUserNameAndPassword Method
[11/15/2011 2:04:14 PM][INFO][clStaff][ISStaffinCurrentYear][00000000-0000-0000-0000-000000000000] ISStaffinCurrentYear function debug
[11/15/2011 2:04:14 PM][INFO][clStaff][LoadStaffDetailsByUserNameAndPassword][00000000-0000-0000-0000-000000000000] Execute LoadStaffDetailsByUserNameAndPassword Method
[11/15/2011 2:04:15 PM][INFO][clStaff][ISStaffinCurrentYear][00000000-0000-0000-0000-000000000000] ISStaffinCurrentYear function debug
[11/15/2011 2:04:15 PM][INFO][clStaff][LoadStaffDetailsByUserNameAndPassword][00000000-0000-0000-0000-000000000000] Execute LoadStaffDetailsByUserNameAndPassword Method
[11/15/2011 2:04:15 PM][INFO][clStaff][ISStaffinCurrentYear][00000000-0000-0000-0000-000000000000] ISStaffinCurrentYear function debug
[11/15/2011 2:04:15 PM][INFO][clStaff][LoadStaffDetailsByUserNameAndPassword][00000000-0000-0000-0000-000000000000] Execute LoadStaffDetailsByUserNameAndPassword Method
[11/15/2011 2:04:15 PM][INFO][clStaff][ISStaffinCurrentYear][00000000-0000-0000-0000-000000000000] ISStaffinCurrentYear function debug
[11/15/2011 2:04:15 PM][INFO][clStaff][LoadStaffDetailsByUserNameAndPassword][00000000-0000-0000-0000-000000000000] Execute LoadStaffDetailsByUserNameAndPassword Method
[11/15/2011 2:04:15 PM][INFO][clStaff][ISStaffinCurrentYear][00000000-0000-0000-0000-000000000000] ISStaffinCurrentYear function debug
[11/15/2011 2:04:15 PM][INFO][clStaff][LoadStaffDetailsByUserNameAndPassword][00000000-0000-0000-0000-000000000000] Execute LoadStaffDetailsByUserNameAndPassword Method
[11/15/2011 2:04:15 PM][INFO][clStaff][ISStaffinCurrentYear][00000000-0000-0000-0000-000000000000] ISStaffinCurrentYear function debug
[11/15/2011 2:04:15 PM][INFO][clStaff][LoadStaffDetailsByUserNameAndPassword][00000000-0000-0000-0000-000000000000] Execute LoadStaffDetailsByUserNameAndPassword Method
[11/15/2011 2:04:15 PM][INFO][clStaff][ISStaffinCurrentYear][00000000-0000-0000-0000-000000000000] ISStaffinCurrentYear function debug
[11/15/2011 2:04:15 PM][INFO][clStaff][LoadStaffDetailsByUserNameAndPassword][00000000-0000-0000-0000-000000000000] Execute LoadStaffDetailsByUserNameAndPassword Method
[11/15/2011 2:04:15 PM][INFO][clStaff][ISStaffinCurrentYear][00000000-0000-0000-0000-000000000000] ISStaffinCurrentYear function debug
[11/15/2011 2:04:18 PM][INFO][clSchoolYear][GetCurrentSchoolYear][00000000-0000-0000-0000-000000000000] Execute GetCurrentSchoolYear Method
[11/15/2011 2:04:18 PM][DEBUG][clSchoolYear][GetCurrentSchoolYear][00000000-0000-0000-0000-000000000000] Debug GetCurrentSchoolYear Method
[11/15/2011 2:04:18 PM][INFO][clUserGroup][LoadUserGroup][00000000-0000-0000-0000-000000000000] Execute LoadUserGroup Method
[11/15/2011 2:04:18 PM][DEBUG][clUserGroup][LoadUserGroup][00000000-0000-0000-0000-000000000000] Debug LoadUserGroup Method
[11/15/2011 2:04:18 PM][INFO][clStaffCategory][loadStaffCategory][00000000-0000-0000-0000-000000000000] Execute loadStaffCategory Method
[11/15/2011 2:04:18 PM][DEBUG][clStaffCategory][loadStaffCategory][00000000-0000-0000-0000-000000000000] Debug loadStaffCategory Method
[11/15/2011 2:04:19 PM][INFO][Staff][SubmitRecord][00000000-0000-0000-0000-000000000000] Submit record method called
[11/15/2011 2:04:19 PM][DEBUG][Staff][SubmitRecord][00000000-0000-0000-0000-000000000000] Debug Submit Record Of Role
[11/15/2011 2:04:19 PM][INFO][clStaff][LoadStaffBystaffId][00000000-0000-0000-0000-000000000000] Execute LoadStaffBystaffId Method
[11/15/2011 2:04:19 PM][DEBUG][clStaff][LoadStaffBystaffId][00000000-0000-0000-0000-000000000000] Debug LoadStaffBystaffId Method
[11/15/2011 2:04:19 PM][INFO][clSchoolYear][GetCurrentSchoolYear][00000000-0000-0000-0000-000000000000] Execute GetCurrentSchoolYear Method
[11/15/2011 2:04:19 PM][DEBUG][clSchoolYear][GetCurrentSchoolYear][00000000-0000-0000-0000-000000000000] Debug GetCurrentSchoolYear Method
[11/15/2011 2:04:19 PM][INFO][clSchoolYear][LoadAllSchoolYear][00000000-0000-0000-0000-000000000000] Execute LoadAllSchoolYear Method
[11/15/2011 2:04:19 PM][DEBUG][clSchoolYear][LoadAllSchoolYear][00000000-0000-0000-0000-000000000000] Debug LoadAllSchoolYear Method
[11/15/2011 2:04:28 PM][INFO][clSchoolYear][GetCurrentSchoolYear][00000000-0000-0000-0000-000000000000] Execute GetCurrentSchoolYear Method
[11/15/2011 2:04:28 PM][DEBUG][clSchoolYear][GetCurrentSchoolYear][00000000-0000-0000-0000-000000000000] Debug GetCurrentSchoolYear Method
[11/15/2011 2:04:28 PM][INFO][Staff][btnSave_Click][00000000-0000-0000-0000-000000000000] Submit btnSave_Click called
[11/15/2011 2:04:28 PM][DEBUG][Role][btnSave_Click][00000000-0000-0000-0000-000000000000] Debug btnSave_Click 
[11/15/2011 2:04:28 PM][INFO][clStaff][CheckCodeRequire][00000000-0000-0000-0000-000000000000] Execute CheckCodeRequire Method
[11/15/2011 2:04:28 PM][DEBUG][clStaff][CheckCodeRequire][00000000-0000-0000-0000-000000000000] Debug CheckCodeRequire Method
[11/15/2011 2:04:28 PM][INFO][clStaff][Save][00000000-0000-0000-0000-000000000000] Execute Save Method
[11/15/2011 2:04:28 PM][DEBUG][clStaff][Save][00000000-0000-0000-0000-000000000000] Debug Save Method
[11/15/2011 2:04:28 PM][INFO][clStaffSchoolYear][ExportStafftoStaffSchoolYear][00000000-0000-0000-0000-000000000000] Execute ExportStafftoStaffSchoolYear Method
[11/15/2011 2:04:28 PM][DEBUG][clStaffSchoolYear][ExportStafftoStaffSchoolYear][00000000-0000-0000-0000-000000000000] Debug ExportStafftoStaffSchoolYear Method
[11/15/2011 2:04:30 PM][INFO][clSchoolYear][LoadAllSchoolYear][00000000-0000-0000-0000-000000000000] Execute LoadAllSchoolYear Method
[11/15/2011 2:04:30 PM][DEBUG][clSchoolYear][LoadAllSchoolYear][00000000-0000-0000-0000-000000000000] Debug LoadAllSchoolYear Method
[11/15/2011 2:04:30 PM][INFO][clStaff][LoadStaff][00000000-0000-0000-0000-000000000000] Execute LoadStaff Method
[11/15/2011 2:04:30 PM][DEBUG][clStaff][LoadStaff][00000000-0000-0000-0000-000000000000] Debug LoadStaff Method
[11/15/2011 2:04:30 PM][INFO][clStaff][LoadStaffDetailsByUserNameAndPassword][00000000-0000-0000-0000-000000000000] Execute LoadStaffDetailsByUserNameAndPassword Method
[11/15/2011 2:04:30 PM][INFO][clStaff][ISStaffinCurrentYear][00000000-0000-0000-0000-000000000000] ISStaffinCurrentYear function debug
[11/15/2011 2:04:30 PM][INFO][clStaff][LoadStaffDetailsByUserNameAndPassword][00000000-0000-0000-0000-000000000000] Execute LoadStaffDetailsByUserNameAndPassword Method
[11/15/2011 2:04:30 PM][INFO][clStaff][ISStaffinCurrentYear][00000000-0000-0000-0000-000000000000] ISStaffinCurrentYear function debug
[11/15/2011 2:04:30 PM][INFO][clStaff][LoadStaffDetailsByUserNameAndPassword][00000000-0000-0000-0000-000000000000] Execute LoadStaffDetailsByUserNameAndPassword Method
[11/15/2011 2:04:30 PM][INFO][clStaff][ISStaffinCurrentYear][00000000-0000-0000-0000-000000000000] ISStaffinCurrentYear function debug
[11/15/2011 2:04:30 PM][INFO][clStaff][LoadStaffDetailsByUserNameAndPassword][00000000-0000-0000-0000-000000000000] Execute LoadStaffDetailsByUserNameAndPassword Method
[11/15/2011 2:04:30 PM][INFO][clStaff][ISStaffinCurrentYear][00000000-0000-0000-0000-000000000000] ISStaffinCurrentYear function debug
[11/15/2011 2:04:30 PM][INFO][clStaff][LoadStaffDetailsByUserNameAndPassword][00000000-0000-0000-0000-000000000000] Execute LoadStaffDetailsByUserNameAndPassword Method
[11/15/2011 2:04:30 PM][INFO][clStaff][ISStaffinCurrentYear][00000000-0000-0000-0000-000000000000] ISStaffinCurrentYear function debug
[11/15/2011 2:04:30 PM][INFO][clStaff][LoadStaffDetailsByUserNameAndPassword][00000000-0000-0000-0000-000000000000] Execute LoadStaffDetailsByUserNameAndPassword Method
[11/15/2011 2:04:30 PM][INFO][clStaff][ISStaffinCurrentYear][00000000-0000-0000-0000-000000000000] ISStaffinCurrentYear function debug
[11/15/2011 2:04:30 PM][INFO][clStaff][LoadStaffDetailsByUserNameAndPassword][00000000-0000-0000-0000-000000000000] Execute LoadStaffDetailsByUserNameAndPassword Method
[11/15/2011 2:04:30 PM][INFO][clStaff][ISStaffinCurrentYear][00000000-0000-0000-0000-000000000000] ISStaffinCurrentYear function debug
[11/15/2011 2:04:30 PM][INFO][clStaff][LoadStaffDetailsByUserNameAndPassword][00000000-0000-0000-0000-000000000000] Execute LoadStaffDetailsByUserNameAndPassword Method
[11/15/2011 2:04:30 PM][INFO][clStaff][ISStaffinCurrentYear][00000000-0000-0000-0000-000000000000] ISStaffinCurrentYear function debug
[11/15/2011 2:04:30 PM][INFO][clStaff][LoadStaffDetailsByUserNameAndPassword][00000000-0000-0000-0000-000000000000] Execute LoadStaffDetailsByUserNameAndPassword Method
[11/15/2011 2:04:30 PM][INFO][clStaff][ISStaffinCurrentYear][00000000-0000-0000-0000-000000000000] ISStaffinCurrentYear function debug
[11/15/2011 2:04:30 PM][INFO][clStaff][LoadStaffDetailsByUserNameAndPassword][00000000-0000-0000-0000-000000000000] Execute LoadStaffDetailsByUserNameAndPassword Method
[11/15/2011 2:04:30 PM][INFO][clStaff][ISStaffinCurrentYear][00000000-0000-0000-0000-000000000000] ISStaffinCurrentYear function debug
[11/15/2011 2:04:30 PM][INFO][clStaff][LoadStaffDetailsByUserNameAndPassword][00000000-0000-0000-0000-000000000000] Execute LoadStaffDetailsByUserNameAndPassword Method
[11/15/2011 2:04:30 PM][INFO][clStaff][ISStaffinCurrentYear][00000000-0000-0000-0000-000000000000] ISStaffinCurrentYear function debug
[11/15/2011 2:04:30 PM][INFO][clStaff][LoadStaffDetailsByUserNameAndPassword][00000000-0000-0000-0000-000000000000] Execute LoadStaffDetailsByUserNameAndPassword Method
[11/15/2011 2:04:30 PM][INFO][clStaff][ISStaffinCurrentYear][00000000-0000-0000-0000-000000000000] ISStaffinCurrentYear function debug
[11/15/2011 2:05:05 PM][INFO][clSchoolYear][GetCurrentSchoolYear][00000000-0000-0000-0000-000000000000] Execute GetCurrentSchoolYear Method
[11/15/2011 2:05:05 PM][DEBUG][clSchoolYear][GetCurrentSchoolYear][00000000-0000-0000-0000-000000000000] Debug GetCurrentSchoolYear Method
[11/15/2011 2:05:05 PM][INFO][clUserGroup][LoadUserGroup][00000000-0000-0000-0000-000000000000] Execute LoadUserGroup Method
[11/15/2011 2:05:05 PM][DEBUG][clUserGroup][LoadUserGroup][00000000-0000-0000-0000-000000000000] Debug LoadUserGroup Method
[11/15/2011 2:05:05 PM][INFO][clStaffCategory][loadStaffCategory][00000000-0000-0000-0000-000000000000] Execute loadStaffCategory Method
[11/15/2011 2:05:05 PM][DEBUG][clStaffCategory][loadStaffCategory][00000000-0000-0000-0000-000000000000] Debug loadStaffCategory Method
[11/15/2011 2:05:05 PM][INFO][Staff][SubmitRecord][00000000-0000-0000-0000-000000000000] Submit record method called
[11/15/2011 2:05:05 PM][DEBUG][Staff][SubmitRecord][00000000-0000-0000-0000-000000000000] Debug Submit Record Of Role
[11/15/2011 2:05:05 PM][INFO][clStaff][LoadStaffBystaffId][00000000-0000-0000-0000-000000000000] Execute LoadStaffBystaffId Method
[11/15/2011 2:05:05 PM][DEBUG][clStaff][LoadStaffBystaffId][00000000-0000-0000-0000-000000000000] Debug LoadStaffBystaffId Method
[11/15/2011 2:05:05 PM][INFO][clSchoolYear][GetCurrentSchoolYear][00000000-0000-0000-0000-000000000000] Execute GetCurrentSchoolYear Method
[11/15/2011 2:05:05 PM][DEBUG][clSchoolYear][GetCurrentSchoolYear][00000000-0000-0000-0000-000000000000] Debug GetCurrentSchoolYear Method
[11/15/2011 2:05:05 PM][INFO][clSchoolYear][LoadAllSchoolYear][00000000-0000-0000-0000-000000000000] Execute LoadAllSchoolYear Method
[11/15/2011 2:05:05 PM][DEBUG][clSchoolYear][LoadAllSchoolYear][00000000-0000-0000-0000-000000000000] Debug LoadAllSchoolYear Method
