[01/24/2012 10:30:54 AM][INFO][clStaff][LoadStaffDetailsByUserNameAndPassword][00000000-0000-0000-0000-000000000000] Execute LoadStaffDetailsByUserNameAndPassword Method
[01/24/2012 10:30:54 AM][DEBUG][clStaff][LoadStaffDetailsByUserNameAndPassword][00000000-0000-0000-0000-000000000000] Debug LoadStaffDetailsByUserNameAndPassword Method
[01/24/2012 10:30:59 AM][INFO][clSchoolYear][LoadAllSchoolYear][00000000-0000-0000-0000-000000000000] Execute LoadAllSchoolYear Method
[01/24/2012 10:30:59 AM][DEBUG][clSchoolYear][LoadAllSchoolYear][00000000-0000-0000-0000-000000000000] Debug LoadAllSchoolYear Method
[01/24/2012 10:31:07 AM][INFO][clSchoolYear][LoadAllSchoolYear][00000000-0000-0000-0000-000000000000] Execute LoadAllSchoolYear Method
[01/24/2012 10:31:07 AM][DEBUG][clSchoolYear][LoadAllSchoolYear][00000000-0000-0000-0000-000000000000] Debug LoadAllSchoolYear Method
[01/24/2012 10:31:07 AM][INFO][clSchoolProgram][LoadSchoolProgram][00000000-0000-0000-0000-000000000000] Execute LoadSchoolProgram Method
[01/24/2012 10:31:07 AM][DEBUG][clSchoolProgram][LoadSchoolProgram][00000000-0000-0000-0000-000000000000] Debug LoadSchoolProgram Method
[01/24/2012 10:31:07 AM][INFO][clChildProgEnrollment][Save][00000000-0000-0000-0000-000000000000] Execute Save Method
[01/24/2012 10:31:07 AM][DEBUG][clChildProgEnrollment][LoadChildFamily][00000000-0000-0000-0000-000000000000] Debug LoadChildFamily Method
[01/24/2012 10:31:07 AM][INFO][clChildProgEnrollment][Save][00000000-0000-0000-0000-000000000000] Execute Save Method
[01/24/2012 10:31:07 AM][DEBUG][clChildProgEnrollment][LoadChildFamily][00000000-0000-0000-0000-000000000000] Debug LoadChildFamily Method
[01/24/2012 10:31:07 AM][INFO][clChildProgEnrollment][Save][00000000-0000-0000-0000-000000000000] Execute Save Method
[01/24/2012 10:31:07 AM][DEBUG][clChildProgEnrollment][LoadChildFamily][00000000-0000-0000-0000-000000000000] Debug LoadChildFamily Method
[01/24/2012 10:31:07 AM][INFO][clChildProgEnrollment][Save][00000000-0000-0000-0000-000000000000] Execute Save Method
[01/24/2012 10:31:07 AM][DEBUG][clChildProgEnrollment][LoadChildFamily][00000000-0000-0000-0000-000000000000] Debug LoadChildFamily Method
[01/24/2012 10:31:07 AM][INFO][clChildProgEnrollment][Save][00000000-0000-0000-0000-000000000000] Execute Save Method
[01/24/2012 10:31:07 AM][DEBUG][clChildProgEnrollment][LoadChildFamily][00000000-0000-0000-0000-000000000000] Debug LoadChildFamily Method
[01/24/2012 10:31:07 AM][INFO][clChildProgEnrollment][Save][00000000-0000-0000-0000-000000000000] Execute Save Method
[01/24/2012 10:31:07 AM][DEBUG][clChildProgEnrollment][LoadChildFamily][00000000-0000-0000-0000-000000000000] Debug LoadChildFamily Method
[01/24/2012 10:31:07 AM][INFO][clChildProgEnrollment][Save][00000000-0000-0000-0000-000000000000] Execute Save Method
[01/24/2012 10:31:07 AM][DEBUG][clChildProgEnrollment][LoadChildFamily][00000000-0000-0000-0000-000000000000] Debug LoadChildFamily Method
[01/24/2012 10:31:07 AM][INFO][clChildProgEnrollment][Save][00000000-0000-0000-0000-000000000000] Execute Save Method
[01/24/2012 10:31:07 AM][DEBUG][clChildProgEnrollment][LoadChildFamily][00000000-0000-0000-0000-000000000000] Debug LoadChildFamily Method
[01/24/2012 10:31:07 AM][INFO][clChildProgEnrollment][Save][00000000-0000-0000-0000-000000000000] Execute Save Method
[01/24/2012 10:31:07 AM][DEBUG][clChildProgEnrollment][LoadChildFamily][00000000-0000-0000-0000-000000000000] Debug LoadChildFamily Method
[01/24/2012 10:31:07 AM][INFO][clChildProgEnrollment][Save][00000000-0000-0000-0000-000000000000] Execute Save Method
[01/24/2012 10:31:07 AM][DEBUG][clChildProgEnrollment][LoadChildFamily][00000000-0000-0000-0000-000000000000] Debug LoadChildFamily Method
[01/24/2012 10:31:07 AM][INFO][clChildProgEnrollment][Save][00000000-0000-0000-0000-000000000000] Execute Save Method
[01/24/2012 10:31:07 AM][DEBUG][clChildProgEnrollment][LoadChildFamily][00000000-0000-0000-0000-000000000000] Debug LoadChildFamily Method
[01/24/2012 10:31:07 AM][INFO][clChildProgEnrollment][Save][00000000-0000-0000-0000-000000000000] Execute Save Method
[01/24/2012 10:31:07 AM][DEBUG][clChildProgEnrollment][LoadChildFamily][00000000-0000-0000-0000-000000000000] Debug LoadChildFamily Method
[01/24/2012 10:31:07 AM][INFO][clChildProgEnrollment][Save][00000000-0000-0000-0000-000000000000] Execute Save Method
[01/24/2012 10:31:07 AM][DEBUG][clChildProgEnrollment][LoadChildFamily][00000000-0000-0000-0000-000000000000] Debug LoadChildFamily Method
[01/24/2012 10:31:07 AM][INFO][clChildProgEnrollment][Save][00000000-0000-0000-0000-000000000000] Execute Save Method
[01/24/2012 10:31:07 AM][DEBUG][clChildProgEnrollment][LoadChildFamily][00000000-0000-0000-0000-000000000000] Debug LoadChildFamily Method
[01/24/2012 10:31:07 AM][INFO][clChildProgEnrollment][Save][00000000-0000-0000-0000-000000000000] Execute Save Method
[01/24/2012 10:31:07 AM][DEBUG][clChildProgEnrollment][LoadChildFamily][00000000-0000-0000-0000-000000000000] Debug LoadChildFamily Method
[01/24/2012 10:31:07 AM][INFO][clChildProgEnrollment][Save][00000000-0000-0000-0000-000000000000] Execute Save Method
[01/24/2012 10:31:07 AM][DEBUG][clChildProgEnrollment][LoadChildFamily][00000000-0000-0000-0000-000000000000] Debug LoadChildFamily Method
[01/24/2012 10:31:07 AM][INFO][clChildProgEnrollment][Save][00000000-0000-0000-0000-000000000000] Execute Save Method
[01/24/2012 10:31:07 AM][DEBUG][clChildProgEnrollment][LoadChildFamily][00000000-0000-0000-0000-000000000000] Debug LoadChildFamily Method
[01/24/2012 10:31:07 AM][INFO][clChildProgEnrollment][Save][00000000-0000-0000-0000-000000000000] Execute Save Method
[01/24/2012 10:31:07 AM][DEBUG][clChildProgEnrollment][LoadChildFamily][00000000-0000-0000-0000-000000000000] Debug LoadChildFamily Method
[01/24/2012 10:31:07 AM][INFO][clChildProgEnrollment][Save][00000000-0000-0000-0000-000000000000] Execute Save Method
[01/24/2012 10:31:07 AM][DEBUG][clChildProgEnrollment][LoadChildFamily][00000000-0000-0000-0000-000000000000] Debug LoadChildFamily Method
[01/24/2012 10:31:07 AM][INFO][clChildProgEnrollment][Save][00000000-0000-0000-0000-000000000000] Execute Save Method
[01/24/2012 10:31:07 AM][DEBUG][clChildProgEnrollment][LoadChildFamily][00000000-0000-0000-0000-000000000000] Debug LoadChildFamily Method
[01/24/2012 10:31:07 AM][INFO][clChildProgEnrollment][Save][00000000-0000-0000-0000-000000000000] Execute Save Method
[01/24/2012 10:31:07 AM][DEBUG][clChildProgEnrollment][LoadChildFamily][00000000-0000-0000-0000-000000000000] Debug LoadChildFamily Method
[01/24/2012 10:31:07 AM][INFO][clChildProgEnrollment][Save][00000000-0000-0000-0000-000000000000] Execute Save Method
[01/24/2012 10:31:07 AM][DEBUG][clChildProgEnrollment][LoadChildFamily][00000000-0000-0000-0000-000000000000] Debug LoadChildFamily Method
[01/24/2012 10:31:08 AM][INFO][clChildProgEnrollment][Save][00000000-0000-0000-0000-000000000000] Execute Save Method
[01/24/2012 10:31:08 AM][DEBUG][clChildProgEnrollment][LoadChildFamily][00000000-0000-0000-0000-000000000000] Debug LoadChildFamily Method
[01/24/2012 10:31:08 AM][INFO][clChildProgEnrollment][Save][00000000-0000-0000-0000-000000000000] Execute Save Method
[01/24/2012 10:31:08 AM][DEBUG][clChildProgEnrollment][LoadChildFamily][00000000-0000-0000-0000-000000000000] Debug LoadChildFamily Method
[01/24/2012 10:31:08 AM][INFO][clChildProgEnrollment][Save][00000000-0000-0000-0000-000000000000] Execute Save Method
[01/24/2012 10:31:08 AM][DEBUG][clChildProgEnrollment][LoadChildFamily][00000000-0000-0000-0000-000000000000] Debug LoadChildFamily Method
[01/24/2012 10:31:13 AM][INFO][clProgClassRoom][LoadProgClassRoom][00000000-0000-0000-0000-000000000000] Execute LoadProgClassRoom Method
[01/24/2012 10:31:13 AM][DEBUG][clProgClassRoom][LoadProgClassRoom][00000000-0000-0000-0000-000000000000] Debug LoadProgClassRoom Method
[01/24/2012 10:31:21 AM][INFO][clProgClassRoom][LoadProgClassRoom][00000000-0000-0000-0000-000000000000] Execute LoadProgClassRoom Method
[01/24/2012 10:31:21 AM][DEBUG][clProgClassRoom][LoadProgClassRoom][00000000-0000-0000-0000-000000000000] Debug LoadProgClassRoom Method
