[05/29/2012 10:58:47 AM][INFO][clSchool][LoadAllSchool][00000000-0000-0000-0000-000000000000] LoadAllSchool method called
[05/29/2012 10:58:47 AM][DEBUG][clSchool][LoadAllSchool][00000000-0000-0000-0000-000000000000] Debug LoadAllSchool called
[05/29/2012 10:58:55 AM][INFO][clStaff][LoadStaffDetailsByUserNameAndPassword][00000000-0000-0000-0000-000000000000] Execute LoadStaffDetailsByUserNameAndPassword Method
[05/29/2012 10:58:55 AM][DEBUG][clStaff][LoadStaffDetailsByUserNameAndPassword][00000000-0000-0000-0000-000000000000] Debug LoadStaffDetailsByUserNameAndPassword Method
[05/29/2012 10:59:00 AM][INFO][clSchoolYear][LoadAllSchoolYear][00000000-0000-0000-0000-000000000000] Execute LoadAllSchoolYear Method
[05/29/2012 10:59:00 AM][DEBUG][clSchoolYear][LoadAllSchoolYear][00000000-0000-0000-0000-000000000000] Debug LoadAllSchoolYear Method
[05/29/2012 10:59:08 AM][INFO][clSchoolYear][LoadAllSchoolYear][00000000-0000-0000-0000-000000000000] Execute LoadAllSchoolYear Method
[05/29/2012 10:59:08 AM][DEBUG][clSchoolYear][LoadAllSchoolYear][00000000-0000-0000-0000-000000000000] Debug LoadAllSchoolYear Method
[05/29/2012 10:59:08 AM][INFO][clStaff][LoadStaff][00000000-0000-0000-0000-000000000000] Execute LoadStaff Method
[05/29/2012 10:59:08 AM][DEBUG][clStaff][LoadStaff][00000000-0000-0000-0000-000000000000] Debug LoadStaff Method
[05/29/2012 10:59:08 AM][INFO][clStaff][LoadStaffDetailsByUserNameAndPassword][00000000-0000-0000-0000-000000000000] Execute LoadStaffDetailsByUserNameAndPassword Method
[05/29/2012 10:59:08 AM][INFO][clStaff][ISStaffinCurrentYear][00000000-0000-0000-0000-000000000000] ISStaffinCurrentYear function debug
[05/29/2012 10:59:08 AM][INFO][clStaff][LoadStaffDetailsByUserNameAndPassword][00000000-0000-0000-0000-000000000000] Execute LoadStaffDetailsByUserNameAndPassword Method
[05/29/2012 10:59:08 AM][INFO][clStaff][ISStaffinCurrentYear][00000000-0000-0000-0000-000000000000] ISStaffinCurrentYear function debug
[05/29/2012 10:59:08 AM][INFO][clStaff][LoadStaffDetailsByUserNameAndPassword][00000000-0000-0000-0000-000000000000] Execute LoadStaffDetailsByUserNameAndPassword Method
[05/29/2012 10:59:08 AM][INFO][clStaff][ISStaffinCurrentYear][00000000-0000-0000-0000-000000000000] ISStaffinCurrentYear function debug
[05/29/2012 10:59:22 AM][INFO][clSchoolYear][GetCurrentSchoolYear][00000000-0000-0000-0000-000000000000] Execute GetCurrentSchoolYear Method
[05/29/2012 10:59:22 AM][DEBUG][clSchoolYear][GetCurrentSchoolYear][00000000-0000-0000-0000-000000000000] Debug GetCurrentSchoolYear Method
[05/29/2012 10:59:22 AM][INFO][clUserGroup][LoadUserGroup][00000000-0000-0000-0000-000000000000] Execute LoadUserGroup Method
[05/29/2012 10:59:22 AM][DEBUG][clUserGroup][LoadUserGroup][00000000-0000-0000-0000-000000000000] Debug LoadUserGroup Method
[05/29/2012 10:59:22 AM][INFO][clStaffCategory][loadStaffCategory][00000000-0000-0000-0000-000000000000] Execute loadStaffCategory Method
[05/29/2012 10:59:22 AM][DEBUG][clStaffCategory][loadStaffCategory][00000000-0000-0000-0000-000000000000] Debug loadStaffCategory Method
[05/29/2012 10:59:22 AM][INFO][clSchool][LoadSchoolInfo][00000000-0000-0000-0000-000000000000] LoadSchoolInfo method called
[05/29/2012 10:59:22 AM][DEBUG][clSchool][LoadSchoolInfo][00000000-0000-0000-0000-000000000000] Debug LoadSchoolInfo called
[05/29/2012 10:59:22 AM][INFO][clSchoolYear][GetCurrentSchoolYear][00000000-0000-0000-0000-000000000000] Execute GetCurrentSchoolYear Method
[05/29/2012 10:59:22 AM][DEBUG][clSchoolYear][GetCurrentSchoolYear][00000000-0000-0000-0000-000000000000] Debug GetCurrentSchoolYear Method
[05/29/2012 10:59:22 AM][INFO][clSchoolYear][LoadAllSchoolYear][00000000-0000-0000-0000-000000000000] Execute LoadAllSchoolYear Method
[05/29/2012 10:59:22 AM][DEBUG][clSchoolYear][LoadAllSchoolYear][00000000-0000-0000-0000-000000000000] Debug LoadAllSchoolYear Method
[05/29/2012 11:01:47 AM][INFO][clSchool][LoadAllSchool][00000000-0000-0000-0000-000000000000] LoadAllSchool method called
[05/29/2012 11:01:47 AM][DEBUG][clSchool][LoadAllSchool][00000000-0000-0000-0000-000000000000] Debug LoadAllSchool called
[05/29/2012 11:01:53 AM][INFO][clStaff][LoadStaffDetailsByUserNameAndPassword][00000000-0000-0000-0000-000000000000] Execute LoadStaffDetailsByUserNameAndPassword Method
[05/29/2012 11:01:53 AM][DEBUG][clStaff][LoadStaffDetailsByUserNameAndPassword][00000000-0000-0000-0000-000000000000] Debug LoadStaffDetailsByUserNameAndPassword Method
[05/29/2012 11:01:58 AM][INFO][clSchoolYear][LoadAllSchoolYear][00000000-0000-0000-0000-000000000000] Execute LoadAllSchoolYear Method
[05/29/2012 11:01:58 AM][DEBUG][clSchoolYear][LoadAllSchoolYear][00000000-0000-0000-0000-000000000000] Debug LoadAllSchoolYear Method
[05/29/2012 11:02:01 AM][INFO][clSchoolYear][LoadAllSchoolYear][00000000-0000-0000-0000-000000000000] Execute LoadAllSchoolYear Method
[05/29/2012 11:02:01 AM][DEBUG][clSchoolYear][LoadAllSchoolYear][00000000-0000-0000-0000-000000000000] Debug LoadAllSchoolYear Method
[05/29/2012 11:02:01 AM][INFO][clStaff][LoadStaff][00000000-0000-0000-0000-000000000000] Execute LoadStaff Method
[05/29/2012 11:02:01 AM][DEBUG][clStaff][LoadStaff][00000000-0000-0000-0000-000000000000] Debug LoadStaff Method
[05/29/2012 11:02:01 AM][INFO][clStaff][LoadStaffDetailsByUserNameAndPassword][00000000-0000-0000-0000-000000000000] Execute LoadStaffDetailsByUserNameAndPassword Method
[05/29/2012 11:02:01 AM][INFO][clStaff][ISStaffinCurrentYear][00000000-0000-0000-0000-000000000000] ISStaffinCurrentYear function debug
[05/29/2012 11:02:01 AM][INFO][clStaff][LoadStaffDetailsByUserNameAndPassword][00000000-0000-0000-0000-000000000000] Execute LoadStaffDetailsByUserNameAndPassword Method
[05/29/2012 11:02:01 AM][INFO][clStaff][ISStaffinCurrentYear][00000000-0000-0000-0000-000000000000] ISStaffinCurrentYear function debug
[05/29/2012 11:02:01 AM][INFO][clStaff][LoadStaffDetailsByUserNameAndPassword][00000000-0000-0000-0000-000000000000] Execute LoadStaffDetailsByUserNameAndPassword Method
[05/29/2012 11:02:01 AM][INFO][clStaff][ISStaffinCurrentYear][00000000-0000-0000-0000-000000000000] ISStaffinCurrentYear function debug
[05/29/2012 11:02:05 AM][INFO][clSchoolYear][GetCurrentSchoolYear][00000000-0000-0000-0000-000000000000] Execute GetCurrentSchoolYear Method
[05/29/2012 11:02:05 AM][DEBUG][clSchoolYear][GetCurrentSchoolYear][00000000-0000-0000-0000-000000000000] Debug GetCurrentSchoolYear Method
[05/29/2012 11:02:07 AM][INFO][clUserGroup][LoadUserGroup][00000000-0000-0000-0000-000000000000] Execute LoadUserGroup Method
[05/29/2012 11:02:07 AM][DEBUG][clUserGroup][LoadUserGroup][00000000-0000-0000-0000-000000000000] Debug LoadUserGroup Method
[05/29/2012 11:02:07 AM][INFO][clStaffCategory][loadStaffCategory][00000000-0000-0000-0000-000000000000] Execute loadStaffCategory Method
[05/29/2012 11:02:07 AM][DEBUG][clStaffCategory][loadStaffCategory][00000000-0000-0000-0000-000000000000] Debug loadStaffCategory Method
[05/29/2012 11:02:07 AM][INFO][Staff][SubmitRecord][00000000-0000-0000-0000-000000000000] Submit record method called
[05/29/2012 11:02:07 AM][DEBUG][Staff][SubmitRecord][00000000-0000-0000-0000-000000000000] Debug Submit Record Of Role
[05/29/2012 11:02:07 AM][INFO][clStaff][LoadStaffBystaffId][00000000-0000-0000-0000-000000000000] Execute LoadStaffBystaffId Method
[05/29/2012 11:02:07 AM][DEBUG][clStaff][LoadStaffBystaffId][00000000-0000-0000-0000-000000000000] Debug LoadStaffBystaffId Method
[05/29/2012 11:02:07 AM][INFO][clSchoolYear][GetCurrentSchoolYear][00000000-0000-0000-0000-000000000000] Execute GetCurrentSchoolYear Method
[05/29/2012 11:02:07 AM][DEBUG][clSchoolYear][GetCurrentSchoolYear][00000000-0000-0000-0000-000000000000] Debug GetCurrentSchoolYear Method
[05/29/2012 11:02:07 AM][INFO][clSchoolYear][LoadAllSchoolYear][00000000-0000-0000-0000-000000000000] Execute LoadAllSchoolYear Method
[05/29/2012 11:02:07 AM][DEBUG][clSchoolYear][LoadAllSchoolYear][00000000-0000-0000-0000-000000000000] Debug LoadAllSchoolYear Method
[05/29/2012 11:02:20 AM][INFO][clSchoolYear][GetCurrentSchoolYear][00000000-0000-0000-0000-000000000000] Execute GetCurrentSchoolYear Method
[05/29/2012 11:02:20 AM][DEBUG][clSchoolYear][GetCurrentSchoolYear][00000000-0000-0000-0000-000000000000] Debug GetCurrentSchoolYear Method
[05/29/2012 11:02:20 AM][INFO][Staff][btnSave_Click][00000000-0000-0000-0000-000000000000] Submit btnSave_Click called
[05/29/2012 11:02:20 AM][DEBUG][Role][btnSave_Click][00000000-0000-0000-0000-000000000000] Debug btnSave_Click 
[05/29/2012 11:02:20 AM][INFO][clStaff][CheckCodeRequire][00000000-0000-0000-0000-000000000000] Execute CheckCodeRequire Method
[05/29/2012 11:02:21 AM][DEBUG][clStaff][CheckCodeRequire][00000000-0000-0000-0000-000000000000] Debug CheckCodeRequire Method
[05/29/2012 11:02:21 AM][INFO][clStaff][Save][00000000-0000-0000-0000-000000000000] Execute Save Method
[05/29/2012 11:02:21 AM][DEBUG][clStaff][Save][00000000-0000-0000-0000-000000000000] Debug Save Method
[05/29/2012 11:02:21 AM][INFO][clStaffSchoolYear][ExportStafftoStaffSchoolYear][00000000-0000-0000-0000-000000000000] Execute ExportStafftoStaffSchoolYear Method
[05/29/2012 11:02:21 AM][DEBUG][clStaffSchoolYear][ExportStafftoStaffSchoolYear][00000000-0000-0000-0000-000000000000] Debug ExportStafftoStaffSchoolYear Method
[05/29/2012 11:02:21 AM][EXCEPTION][Staff][btnSave_Click][00000000-0000-0000-0000-000000000000] Attempted to divide by zero.
[05/29/2012 11:02:26 AM][INFO][clSchoolYear][GetCurrentSchoolYear][00000000-0000-0000-0000-000000000000] Execute GetCurrentSchoolYear Method
[05/29/2012 11:02:26 AM][DEBUG][clSchoolYear][GetCurrentSchoolYear][00000000-0000-0000-0000-000000000000] Debug GetCurrentSchoolYear Method
[05/29/2012 11:02:26 AM][INFO][Staff][btnSave_Click][00000000-0000-0000-0000-000000000000] Submit btnSave_Click called
[05/29/2012 11:02:27 AM][DEBUG][Role][btnSave_Click][00000000-0000-0000-0000-000000000000] Debug btnSave_Click 
[05/29/2012 11:02:27 AM][INFO][clStaff][CheckCodeRequire][00000000-0000-0000-0000-000000000000] Execute CheckCodeRequire Method
[05/29/2012 11:02:27 AM][DEBUG][clStaff][CheckCodeRequire][00000000-0000-0000-0000-000000000000] Debug CheckCodeRequire Method
[05/29/2012 11:02:27 AM][INFO][clStaff][Save][00000000-0000-0000-0000-000000000000] Execute Save Method
[05/29/2012 11:02:27 AM][DEBUG][clStaff][Save][00000000-0000-0000-0000-000000000000] Debug Save Method
[05/29/2012 11:02:27 AM][INFO][clStaffSchoolYear][ExportStafftoStaffSchoolYear][00000000-0000-0000-0000-000000000000] Execute ExportStafftoStaffSchoolYear Method
[05/29/2012 11:02:27 AM][DEBUG][clStaffSchoolYear][ExportStafftoStaffSchoolYear][00000000-0000-0000-0000-000000000000] Debug ExportStafftoStaffSchoolYear Method
[05/29/2012 11:02:27 AM][EXCEPTION][Staff][btnSave_Click][00000000-0000-0000-0000-000000000000] Attempted to divide by zero.
[05/29/2012 11:02:46 AM][INFO][clSchoolYear][GetCurrentSchoolYear][00000000-0000-0000-0000-000000000000] Execute GetCurrentSchoolYear Method
[05/29/2012 11:02:46 AM][DEBUG][clSchoolYear][GetCurrentSchoolYear][00000000-0000-0000-0000-000000000000] Debug GetCurrentSchoolYear Method
[05/29/2012 11:02:49 AM][INFO][Staff][btnSave_Click][00000000-0000-0000-0000-000000000000] Submit btnSave_Click called
[05/29/2012 11:02:49 AM][DEBUG][Role][btnSave_Click][00000000-0000-0000-0000-000000000000] Debug btnSave_Click 
[05/29/2012 11:02:56 AM][INFO][clStaff][CheckCodeRequire][00000000-0000-0000-0000-000000000000] Execute CheckCodeRequire Method
[05/29/2012 11:02:56 AM][DEBUG][clStaff][CheckCodeRequire][00000000-0000-0000-0000-000000000000] Debug CheckCodeRequire Method
[05/29/2012 11:03:10 AM][INFO][clStaff][Save][00000000-0000-0000-0000-000000000000] Execute Save Method
[05/29/2012 11:03:10 AM][DEBUG][clStaff][Save][00000000-0000-0000-0000-000000000000] Debug Save Method
[05/29/2012 11:03:10 AM][INFO][clStaffSchoolYear][ExportStafftoStaffSchoolYear][00000000-0000-0000-0000-000000000000] Execute ExportStafftoStaffSchoolYear Method
[05/29/2012 11:03:10 AM][DEBUG][clStaffSchoolYear][ExportStafftoStaffSchoolYear][00000000-0000-0000-0000-000000000000] Debug ExportStafftoStaffSchoolYear Method
[05/29/2012 11:05:06 AM][INFO][clSchool][LoadAllSchool][00000000-0000-0000-0000-000000000000] LoadAllSchool method called
[05/29/2012 11:05:06 AM][DEBUG][clSchool][LoadAllSchool][00000000-0000-0000-0000-000000000000] Debug LoadAllSchool called
[05/29/2012 11:05:15 AM][INFO][clStaff][LoadStaffDetailsByUserNameAndPassword][00000000-0000-0000-0000-000000000000] Execute LoadStaffDetailsByUserNameAndPassword Method
[05/29/2012 11:05:15 AM][DEBUG][clStaff][LoadStaffDetailsByUserNameAndPassword][00000000-0000-0000-0000-000000000000] Debug LoadStaffDetailsByUserNameAndPassword Method
[05/29/2012 11:05:19 AM][INFO][clSchoolYear][LoadAllSchoolYear][00000000-0000-0000-0000-000000000000] Execute LoadAllSchoolYear Method
[05/29/2012 11:05:19 AM][DEBUG][clSchoolYear][LoadAllSchoolYear][00000000-0000-0000-0000-000000000000] Debug LoadAllSchoolYear Method
[05/29/2012 11:05:23 AM][INFO][clSchoolYear][LoadAllSchoolYear][00000000-0000-0000-0000-000000000000] Execute LoadAllSchoolYear Method
[05/29/2012 11:05:23 AM][DEBUG][clSchoolYear][LoadAllSchoolYear][00000000-0000-0000-0000-000000000000] Debug LoadAllSchoolYear Method
[05/29/2012 11:05:23 AM][INFO][clStaff][LoadStaff][00000000-0000-0000-0000-000000000000] Execute LoadStaff Method
[05/29/2012 11:05:23 AM][DEBUG][clStaff][LoadStaff][00000000-0000-0000-0000-000000000000] Debug LoadStaff Method
[05/29/2012 11:05:23 AM][INFO][clStaff][LoadStaffDetailsByUserNameAndPassword][00000000-0000-0000-0000-000000000000] Execute LoadStaffDetailsByUserNameAndPassword Method
[05/29/2012 11:05:23 AM][INFO][clStaff][ISStaffinCurrentYear][00000000-0000-0000-0000-000000000000] ISStaffinCurrentYear function debug
[05/29/2012 11:05:23 AM][INFO][clStaff][LoadStaffDetailsByUserNameAndPassword][00000000-0000-0000-0000-000000000000] Execute LoadStaffDetailsByUserNameAndPassword Method
[05/29/2012 11:05:23 AM][INFO][clStaff][ISStaffinCurrentYear][00000000-0000-0000-0000-000000000000] ISStaffinCurrentYear function debug
[05/29/2012 11:05:23 AM][INFO][clStaff][LoadStaffDetailsByUserNameAndPassword][00000000-0000-0000-0000-000000000000] Execute LoadStaffDetailsByUserNameAndPassword Method
[05/29/2012 11:05:23 AM][INFO][clStaff][ISStaffinCurrentYear][00000000-0000-0000-0000-000000000000] ISStaffinCurrentYear function debug
[05/29/2012 11:05:30 AM][INFO][clSchoolYear][GetCurrentSchoolYear][00000000-0000-0000-0000-000000000000] Execute GetCurrentSchoolYear Method
[05/29/2012 11:05:31 AM][DEBUG][clSchoolYear][GetCurrentSchoolYear][00000000-0000-0000-0000-000000000000] Debug GetCurrentSchoolYear Method
[05/29/2012 11:05:31 AM][INFO][clUserGroup][LoadUserGroup][00000000-0000-0000-0000-000000000000] Execute LoadUserGroup Method
[05/29/2012 11:05:31 AM][DEBUG][clUserGroup][LoadUserGroup][00000000-0000-0000-0000-000000000000] Debug LoadUserGroup Method
[05/29/2012 11:05:31 AM][INFO][clStaffCategory][loadStaffCategory][00000000-0000-0000-0000-000000000000] Execute loadStaffCategory Method
[05/29/2012 11:05:31 AM][DEBUG][clStaffCategory][loadStaffCategory][00000000-0000-0000-0000-000000000000] Debug loadStaffCategory Method
[05/29/2012 11:05:31 AM][INFO][Staff][SubmitRecord][00000000-0000-0000-0000-000000000000] Submit record method called
[05/29/2012 11:05:31 AM][DEBUG][Staff][SubmitRecord][00000000-0000-0000-0000-000000000000] Debug Submit Record Of Role
[05/29/2012 11:05:31 AM][INFO][clStaff][LoadStaffBystaffId][00000000-0000-0000-0000-000000000000] Execute LoadStaffBystaffId Method
[05/29/2012 11:05:31 AM][DEBUG][clStaff][LoadStaffBystaffId][00000000-0000-0000-0000-000000000000] Debug LoadStaffBystaffId Method
[05/29/2012 11:05:31 AM][INFO][clSchoolYear][GetCurrentSchoolYear][00000000-0000-0000-0000-000000000000] Execute GetCurrentSchoolYear Method
[05/29/2012 11:05:31 AM][DEBUG][clSchoolYear][GetCurrentSchoolYear][00000000-0000-0000-0000-000000000000] Debug GetCurrentSchoolYear Method
[05/29/2012 11:05:31 AM][INFO][clSchoolYear][LoadAllSchoolYear][00000000-0000-0000-0000-000000000000] Execute LoadAllSchoolYear Method
[05/29/2012 11:05:31 AM][DEBUG][clSchoolYear][LoadAllSchoolYear][00000000-0000-0000-0000-000000000000] Debug LoadAllSchoolYear Method
[05/29/2012 11:05:43 AM][INFO][clSchoolYear][GetCurrentSchoolYear][00000000-0000-0000-0000-000000000000] Execute GetCurrentSchoolYear Method
[05/29/2012 11:05:43 AM][DEBUG][clSchoolYear][GetCurrentSchoolYear][00000000-0000-0000-0000-000000000000] Debug GetCurrentSchoolYear Method
[05/29/2012 11:05:52 AM][INFO][Staff][btnSave_Click][00000000-0000-0000-0000-000000000000] Submit btnSave_Click called
[05/29/2012 11:05:52 AM][DEBUG][Role][btnSave_Click][00000000-0000-0000-0000-000000000000] Debug btnSave_Click 
[05/29/2012 11:05:52 AM][INFO][clStaff][CheckCodeRequire][00000000-0000-0000-0000-000000000000] Execute CheckCodeRequire Method
[05/29/2012 11:05:52 AM][DEBUG][clStaff][CheckCodeRequire][00000000-0000-0000-0000-000000000000] Debug CheckCodeRequire Method
[05/29/2012 11:05:52 AM][INFO][clStaff][Save][00000000-0000-0000-0000-000000000000] Execute Save Method
[05/29/2012 11:05:52 AM][DEBUG][clStaff][Save][00000000-0000-0000-0000-000000000000] Debug Save Method
[05/29/2012 11:05:52 AM][INFO][clStaffSchoolYear][ExportStafftoStaffSchoolYear][00000000-0000-0000-0000-000000000000] Execute ExportStafftoStaffSchoolYear Method
[05/29/2012 11:05:52 AM][DEBUG][clStaffSchoolYear][ExportStafftoStaffSchoolYear][00000000-0000-0000-0000-000000000000] Debug ExportStafftoStaffSchoolYear Method
[05/29/2012 11:06:02 AM][INFO][clSchoolYear][LoadAllSchoolYear][00000000-0000-0000-0000-000000000000] Execute LoadAllSchoolYear Method
[05/29/2012 11:06:02 AM][DEBUG][clSchoolYear][LoadAllSchoolYear][00000000-0000-0000-0000-000000000000] Debug LoadAllSchoolYear Method
[05/29/2012 11:06:02 AM][INFO][clStaff][LoadStaff][00000000-0000-0000-0000-000000000000] Execute LoadStaff Method
[05/29/2012 11:06:02 AM][DEBUG][clStaff][LoadStaff][00000000-0000-0000-0000-000000000000] Debug LoadStaff Method
[05/29/2012 11:06:02 AM][INFO][clStaff][LoadStaffDetailsByUserNameAndPassword][00000000-0000-0000-0000-000000000000] Execute LoadStaffDetailsByUserNameAndPassword Method
[05/29/2012 11:06:02 AM][INFO][clStaff][ISStaffinCurrentYear][00000000-0000-0000-0000-000000000000] ISStaffinCurrentYear function debug
[05/29/2012 11:06:02 AM][INFO][clStaff][LoadStaffDetailsByUserNameAndPassword][00000000-0000-0000-0000-000000000000] Execute LoadStaffDetailsByUserNameAndPassword Method
[05/29/2012 11:06:02 AM][INFO][clStaff][ISStaffinCurrentYear][00000000-0000-0000-0000-000000000000] ISStaffinCurrentYear function debug
[05/29/2012 11:06:02 AM][INFO][clStaff][LoadStaffDetailsByUserNameAndPassword][00000000-0000-0000-0000-000000000000] Execute LoadStaffDetailsByUserNameAndPassword Method
[05/29/2012 11:06:02 AM][INFO][clStaff][ISStaffinCurrentYear][00000000-0000-0000-0000-000000000000] ISStaffinCurrentYear function debug
