[05/15/2012 11:19:00 AM][INFO][clSchool][LoadAllSchool][00000000-0000-0000-0000-000000000000] LoadAllSchool method called
[05/15/2012 11:19:00 AM][DEBUG][clSchool][LoadAllSchool][00000000-0000-0000-0000-000000000000] Debug LoadAllSchool called
[05/15/2012 11:19:19 AM][INFO][clStaff][LoadStaffDetailsByUserNameAndPassword][00000000-0000-0000-0000-000000000000] Execute LoadStaffDetailsByUserNameAndPassword Method
[05/15/2012 11:19:19 AM][DEBUG][clStaff][LoadStaffDetailsByUserNameAndPassword][00000000-0000-0000-0000-000000000000] Debug LoadStaffDetailsByUserNameAndPassword Method
[05/15/2012 11:19:23 AM][INFO][clSchoolYear][LoadAllSchoolYear][00000000-0000-0000-0000-000000000000] Execute LoadAllSchoolYear Method
[05/15/2012 11:19:23 AM][DEBUG][clSchoolYear][LoadAllSchoolYear][00000000-0000-0000-0000-000000000000] Debug LoadAllSchoolYear Method
[05/15/2012 11:19:27 AM][INFO][clRelationship][LoadRelationship][00000000-0000-0000-0000-000000000000] Execute LoadRelationship Method
[05/15/2012 11:19:27 AM][DEBUG][clRelationship][LoadRelationship][00000000-0000-0000-0000-000000000000] Debug LoadRelationship Method
[05/15/2012 11:19:27 AM][INFO][clRelationship][LoadRelationship][00000000-0000-0000-0000-000000000000] Execute LoadRelationship Method
[05/15/2012 11:19:27 AM][DEBUG][clRelationship][LoadRelationship][00000000-0000-0000-0000-000000000000] Debug LoadRelationship Method
[05/15/2012 11:19:27 AM][INFO][clSchool][LoadSchoolInfo][00000000-0000-0000-0000-000000000000] LoadSchoolInfo method called
[05/15/2012 11:19:27 AM][DEBUG][clSchool][LoadSchoolInfo][00000000-0000-0000-0000-000000000000] Debug LoadSchoolInfo called
[05/15/2012 11:19:28 AM][INFO][clSchool][LoadSchoolInfo][00000000-0000-0000-0000-000000000000] LoadSchoolInfo method called
[05/15/2012 11:19:28 AM][DEBUG][clSchool][LoadSchoolInfo][00000000-0000-0000-0000-000000000000] Debug LoadSchoolInfo called
[05/15/2012 11:19:28 AM][INFO][clSchoolYear][GetCurrentSchoolYear][00000000-0000-0000-0000-000000000000] Execute GetCurrentSchoolYear Method
[05/15/2012 11:19:28 AM][DEBUG][clSchoolYear][GetCurrentSchoolYear][00000000-0000-0000-0000-000000000000] Debug GetCurrentSchoolYear Method
[05/15/2012 11:19:28 AM][INFO][clSchoolYear][LoadAllSchoolYear][00000000-0000-0000-0000-000000000000] Execute LoadAllSchoolYear Method
[05/15/2012 11:19:28 AM][DEBUG][clSchoolYear][LoadAllSchoolYear][00000000-0000-0000-0000-000000000000] Debug LoadAllSchoolYear Method
[05/15/2012 11:19:41 AM][INFO][clSchoolYear][GetCurrentSchoolYear][00000000-0000-0000-0000-000000000000] Execute GetCurrentSchoolYear Method
[05/15/2012 11:19:41 AM][DEBUG][clSchoolYear][GetCurrentSchoolYear][00000000-0000-0000-0000-000000000000] Debug GetCurrentSchoolYear Method
[05/15/2012 11:19:41 AM][INFO][FamilyInfo][btnSave_Click][00000000-0000-0000-0000-000000000000] Submit btnSave_Click called
[05/15/2012 11:19:41 AM][DEBUG][FamilyInfo][btnSave_Click][00000000-0000-0000-0000-000000000000] Debug btnSave_Click 
[05/15/2012 11:19:41 AM][INFO][clFamilyData][CheckCodeRequire][00000000-0000-0000-0000-000000000000] Execute CheckCodeRequire Method
[05/15/2012 11:19:41 AM][DEBUG][clFamilyData][CheckCodeRequire][00000000-0000-0000-0000-000000000000] Debug CheckCodeRequire Method
[05/15/2012 11:19:41 AM][INFO][clChildFamily][Save][00000000-0000-0000-0000-000000000000] Execute Save Method
[05/15/2012 11:19:41 AM][DEBUG][clChildFamily][Save][00000000-0000-0000-0000-000000000000] Debug Save Method
[05/15/2012 11:19:42 AM][INFO][clRelationship][LoadRelationship][00000000-0000-0000-0000-000000000000] Execute LoadRelationship Method
[05/15/2012 11:19:42 AM][DEBUG][clRelationship][LoadRelationship][00000000-0000-0000-0000-000000000000] Debug LoadRelationship Method
[05/15/2012 11:19:42 AM][INFO][clRelationship][LoadRelationship][00000000-0000-0000-0000-000000000000] Execute LoadRelationship Method
[05/15/2012 11:19:42 AM][DEBUG][clRelationship][LoadRelationship][00000000-0000-0000-0000-000000000000] Debug LoadRelationship Method
[05/15/2012 11:19:42 AM][INFO][clSchool][LoadSchoolInfo][00000000-0000-0000-0000-000000000000] LoadSchoolInfo method called
[05/15/2012 11:19:42 AM][DEBUG][clSchool][LoadSchoolInfo][00000000-0000-0000-0000-000000000000] Debug LoadSchoolInfo called
[05/15/2012 11:19:42 AM][INFO][clSchool][LoadSchoolInfo][00000000-0000-0000-0000-000000000000] LoadSchoolInfo method called
[05/15/2012 11:19:42 AM][DEBUG][clSchool][LoadSchoolInfo][00000000-0000-0000-0000-000000000000] Debug LoadSchoolInfo called
[05/15/2012 11:19:42 AM][INFO][FamilyInfo][LoadFamilyData][00000000-0000-0000-0000-000000000000] LoadFamilyData method called
[05/15/2012 11:19:42 AM][DEBUG][FamilyInfo][LoadFamilyData][00000000-0000-0000-0000-000000000000] Debug LoadFamilyData
[05/15/2012 11:19:42 AM][INFO][clChildFamily][LoadChildFamilyById][00000000-0000-0000-0000-000000000000] Execute LoadChildFamilyById Method
[05/15/2012 11:19:42 AM][DEBUG][clChildFamily][LoadChildFamilyById][00000000-0000-0000-0000-000000000000] Debug LoadChildFamilyById Method
[05/15/2012 11:19:42 AM][INFO][clSchoolYear][GetCurrentSchoolYear][00000000-0000-0000-0000-000000000000] Execute GetCurrentSchoolYear Method
[05/15/2012 11:19:42 AM][DEBUG][clSchoolYear][GetCurrentSchoolYear][00000000-0000-0000-0000-000000000000] Debug GetCurrentSchoolYear Method
[05/15/2012 11:19:42 AM][INFO][clSchoolYear][LoadAllSchoolYear][00000000-0000-0000-0000-000000000000] Execute LoadAllSchoolYear Method
[05/15/2012 11:19:42 AM][DEBUG][clSchoolYear][LoadAllSchoolYear][00000000-0000-0000-0000-000000000000] Debug LoadAllSchoolYear Method
[05/15/2012 11:19:42 AM][INFO][clChildData][LoadChildData][00000000-0000-0000-0000-000000000000] Execute LoadChildData Method
[05/15/2012 11:19:42 AM][DEBUG][clChildData][LoadChildData][00000000-0000-0000-0000-000000000000] Debug LoadChildData Method
[05/15/2012 2:03:02 PM][INFO][clSchool][LoadAllSchool][00000000-0000-0000-0000-000000000000] LoadAllSchool method called
[05/15/2012 2:03:02 PM][DEBUG][clSchool][LoadAllSchool][00000000-0000-0000-0000-000000000000] Debug LoadAllSchool called
[05/15/2012 2:03:26 PM][EXCEPTION][clSchool][LoadAllSchool][00000000-0000-0000-0000-000000000000] A network-related or instance-specific error occurred while establishing a connection to SQL Server. The server was not found or was not accessible. Verify that the instance name is correct and that SQL Server is configured to allow remote connections. (provider: Named Pipes Provider, error: 40 - Could not open a connection to SQL Server)
[05/15/2012 2:03:26 PM][EXCEPTION][clSchool][LoadSchoolList][00000000-0000-0000-0000-000000000000] Cannot find table 0.
