[05/03/2012 9:41:42 AM][INFO][clSchool][LoadAllSchool][00000000-0000-0000-0000-000000000000] LoadAllSchool method called
[05/03/2012 9:41:42 AM][DEBUG][clSchool][LoadAllSchool][00000000-0000-0000-0000-000000000000] Debug LoadAllSchool called
[05/03/2012 9:43:50 AM][INFO][clStaff][LoadStaffDetailsByUserNameAndPassword][00000000-0000-0000-0000-000000000000] Execute LoadStaffDetailsByUserNameAndPassword Method
[05/03/2012 9:43:50 AM][DEBUG][clStaff][LoadStaffDetailsByUserNameAndPassword][00000000-0000-0000-0000-000000000000] Debug LoadStaffDetailsByUserNameAndPassword Method
[05/03/2012 9:43:54 AM][INFO][clSchoolYear][LoadAllSchoolYear][00000000-0000-0000-0000-000000000000] Execute LoadAllSchoolYear Method
[05/03/2012 9:43:54 AM][DEBUG][clSchoolYear][LoadAllSchoolYear][00000000-0000-0000-0000-000000000000] Debug LoadAllSchoolYear Method
[05/03/2012 9:44:01 AM][INFO][Ledger][GetChildProgEnrollmentFeeDetail][00000000-0000-0000-0000-000000000000] GetChildProgEnrollmentFeeDetail method called
[05/03/2012 9:44:01 AM][DEBUG][Ledger][GetChildProgEnrollmentFeeDetail][00000000-0000-0000-0000-000000000000] Debug GetChildProgEnrollmentFeeDetail called
[05/03/2012 9:44:01 AM][INFO][clLedger][GetChildProgEnrollmentFeeDetail][00000000-0000-0000-0000-000000000000] GetChildProgEnrollmentFeeDetail method called
[05/03/2012 9:44:01 AM][DEBUG][clLedger][GetChildProgEnrollmentFeeDetail][00000000-0000-0000-0000-000000000000] Debug GetChildProgEnrollmentFeeDetail called
[05/03/2012 9:44:01 AM][INFO][clLedger][GetLastTransactionDate][00000000-0000-0000-0000-000000000000] GetLastTransactionDate method called
[05/03/2012 9:44:01 AM][DEBUG][clLedger][GetLastTransactionDate][00000000-0000-0000-0000-000000000000] Debug GetLastTransactionDate called
[05/03/2012 9:44:01 AM][INFO][clLedger][GetLastTransactionDate][00000000-0000-0000-0000-000000000000] GetLastTransactionDate method called
[05/03/2012 9:44:01 AM][DEBUG][clLedger][GetLastTransactionDate][00000000-0000-0000-0000-000000000000] Debug GetLastTransactionDate called
[05/03/2012 9:44:01 AM][INFO][clLedger][GetLastTransactionDate][00000000-0000-0000-0000-000000000000] GetLastTransactionDate method called
[05/03/2012 9:44:01 AM][DEBUG][clLedger][GetLastTransactionDate][00000000-0000-0000-0000-000000000000] Debug GetLastTransactionDate called
[05/03/2012 9:44:01 AM][INFO][clLedger][GetLastTransactionDate][00000000-0000-0000-0000-000000000000] GetLastTransactionDate method called
[05/03/2012 9:44:01 AM][DEBUG][clLedger][GetLastTransactionDate][00000000-0000-0000-0000-000000000000] Debug GetLastTransactionDate called
[05/03/2012 9:44:01 AM][INFO][clLedger][GetLastTransactionDate][00000000-0000-0000-0000-000000000000] GetLastTransactionDate method called
[05/03/2012 9:44:01 AM][DEBUG][clLedger][GetLastTransactionDate][00000000-0000-0000-0000-000000000000] Debug GetLastTransactionDate called
[05/03/2012 9:44:01 AM][INFO][clLedger][GetLastTransactionDate][00000000-0000-0000-0000-000000000000] GetLastTransactionDate method called
[05/03/2012 9:44:01 AM][DEBUG][clLedger][GetLastTransactionDate][00000000-0000-0000-0000-000000000000] Debug GetLastTransactionDate called
[05/03/2012 9:44:01 AM][INFO][clLedger][GetLastTransactionDate][00000000-0000-0000-0000-000000000000] GetLastTransactionDate method called
[05/03/2012 9:44:01 AM][DEBUG][clLedger][GetLastTransactionDate][00000000-0000-0000-0000-000000000000] Debug GetLastTransactionDate called
[05/03/2012 9:44:01 AM][INFO][clLedger][GetLastTransactionDate][00000000-0000-0000-0000-000000000000] GetLastTransactionDate method called
[05/03/2012 9:44:01 AM][DEBUG][clLedger][GetLastTransactionDate][00000000-0000-0000-0000-000000000000] Debug GetLastTransactionDate called
[05/03/2012 9:44:01 AM][INFO][clLedger][GetLastTransactionDate][00000000-0000-0000-0000-000000000000] GetLastTransactionDate method called
[05/03/2012 9:44:01 AM][DEBUG][clLedger][GetLastTransactionDate][00000000-0000-0000-0000-000000000000] Debug GetLastTransactionDate called
[05/03/2012 9:44:01 AM][INFO][clLedger][GetLastTransactionDate][00000000-0000-0000-0000-000000000000] GetLastTransactionDate method called
[05/03/2012 9:44:01 AM][DEBUG][clLedger][GetLastTransactionDate][00000000-0000-0000-0000-000000000000] Debug GetLastTransactionDate called
[05/03/2012 9:44:01 AM][INFO][clLedger][GetLastTransactionDate][00000000-0000-0000-0000-000000000000] GetLastTransactionDate method called
[05/03/2012 9:44:01 AM][DEBUG][clLedger][GetLastTransactionDate][00000000-0000-0000-0000-000000000000] Debug GetLastTransactionDate called
[05/03/2012 9:44:01 AM][INFO][clLedger][GetLastTransactionDate][00000000-0000-0000-0000-000000000000] GetLastTransactionDate method called
[05/03/2012 9:44:01 AM][DEBUG][clLedger][GetLastTransactionDate][00000000-0000-0000-0000-000000000000] Debug GetLastTransactionDate called
[05/03/2012 9:44:01 AM][INFO][clLedger][GetLastTransactionDate][00000000-0000-0000-0000-000000000000] GetLastTransactionDate method called
[05/03/2012 9:44:01 AM][DEBUG][clLedger][GetLastTransactionDate][00000000-0000-0000-0000-000000000000] Debug GetLastTransactionDate called
[05/03/2012 9:44:01 AM][INFO][clLedger][GetLastTransactionDate][00000000-0000-0000-0000-000000000000] GetLastTransactionDate method called
[05/03/2012 9:44:01 AM][DEBUG][clLedger][GetLastTransactionDate][00000000-0000-0000-0000-000000000000] Debug GetLastTransactionDate called
[05/03/2012 9:44:01 AM][INFO][clLedger][GetLastTransactionDate][00000000-0000-0000-0000-000000000000] GetLastTransactionDate method called
[05/03/2012 9:44:01 AM][DEBUG][clLedger][GetLastTransactionDate][00000000-0000-0000-0000-000000000000] Debug GetLastTransactionDate called
[05/03/2012 9:44:01 AM][INFO][clLedger][GetLastTransactionDate][00000000-0000-0000-0000-000000000000] GetLastTransactionDate method called
[05/03/2012 9:44:01 AM][DEBUG][clLedger][GetLastTransactionDate][00000000-0000-0000-0000-000000000000] Debug GetLastTransactionDate called
[05/03/2012 9:44:01 AM][INFO][clLedger][GetLastTransactionDate][00000000-0000-0000-0000-000000000000] GetLastTransactionDate method called
[05/03/2012 9:44:01 AM][DEBUG][clLedger][GetLastTransactionDate][00000000-0000-0000-0000-000000000000] Debug GetLastTransactionDate called
[05/03/2012 9:44:01 AM][INFO][clLedger][GetLastTransactionDate][00000000-0000-0000-0000-000000000000] GetLastTransactionDate method called
[05/03/2012 9:44:01 AM][DEBUG][clLedger][GetLastTransactionDate][00000000-0000-0000-0000-000000000000] Debug GetLastTransactionDate called
[05/03/2012 9:44:01 AM][INFO][clLedger][GetLastTransactionDate][00000000-0000-0000-0000-000000000000] GetLastTransactionDate method called
[05/03/2012 9:44:01 AM][DEBUG][clLedger][GetLastTransactionDate][00000000-0000-0000-0000-000000000000] Debug GetLastTransactionDate called
[05/03/2012 9:44:01 AM][INFO][clLedger][GetLastTransactionDate][00000000-0000-0000-0000-000000000000] GetLastTransactionDate method called
[05/03/2012 9:44:01 AM][DEBUG][clLedger][GetLastTransactionDate][00000000-0000-0000-0000-000000000000] Debug GetLastTransactionDate called
[05/03/2012 9:44:01 AM][INFO][clLedger][GetLastTransactionDate][00000000-0000-0000-0000-000000000000] GetLastTransactionDate method called
[05/03/2012 9:44:01 AM][DEBUG][clLedger][GetLastTransactionDate][00000000-0000-0000-0000-000000000000] Debug GetLastTransactionDate called
[05/03/2012 9:44:01 AM][INFO][clLedger][GetLastTransactionDate][00000000-0000-0000-0000-000000000000] GetLastTransactionDate method called
[05/03/2012 9:44:01 AM][DEBUG][clLedger][GetLastTransactionDate][00000000-0000-0000-0000-000000000000] Debug GetLastTransactionDate called
[05/03/2012 9:44:01 AM][INFO][clLedger][GetLastTransactionDate][00000000-0000-0000-0000-000000000000] GetLastTransactionDate method called
[05/03/2012 9:44:01 AM][DEBUG][clLedger][GetLastTransactionDate][00000000-0000-0000-0000-000000000000] Debug GetLastTransactionDate called
[05/03/2012 9:44:01 AM][INFO][clLedger][GetLastTransactionDate][00000000-0000-0000-0000-000000000000] GetLastTransactionDate method called
[05/03/2012 9:44:01 AM][DEBUG][clLedger][GetLastTransactionDate][00000000-0000-0000-0000-000000000000] Debug GetLastTransactionDate called
[05/03/2012 9:44:01 AM][INFO][clLedger][GetLastTransactionDate][00000000-0000-0000-0000-000000000000] GetLastTransactionDate method called
[05/03/2012 9:44:01 AM][DEBUG][clLedger][GetLastTransactionDate][00000000-0000-0000-0000-000000000000] Debug GetLastTransactionDate called
[05/03/2012 9:44:01 AM][INFO][clLedger][GetLastTransactionDate][00000000-0000-0000-0000-000000000000] GetLastTransactionDate method called
[05/03/2012 9:44:01 AM][DEBUG][clLedger][GetLastTransactionDate][00000000-0000-0000-0000-000000000000] Debug GetLastTransactionDate called
[05/03/2012 9:44:01 AM][INFO][clLedger][GetLastTransactionDate][00000000-0000-0000-0000-000000000000] GetLastTransactionDate method called
[05/03/2012 9:44:01 AM][DEBUG][clLedger][GetLastTransactionDate][00000000-0000-0000-0000-000000000000] Debug GetLastTransactionDate called
[05/03/2012 9:44:02 AM][INFO][clLedger][GetLastTransactionDate][00000000-0000-0000-0000-000000000000] GetLastTransactionDate method called
[05/03/2012 9:44:02 AM][DEBUG][clLedger][GetLastTransactionDate][00000000-0000-0000-0000-000000000000] Debug GetLastTransactionDate called
[05/03/2012 9:44:02 AM][INFO][clLedger][GetLastTransactionDate][00000000-0000-0000-0000-000000000000] GetLastTransactionDate method called
[05/03/2012 9:44:02 AM][DEBUG][clLedger][GetLastTransactionDate][00000000-0000-0000-0000-000000000000] Debug GetLastTransactionDate called
[05/03/2012 9:44:02 AM][INFO][clLedger][GetLastTransactionDate][00000000-0000-0000-0000-000000000000] GetLastTransactionDate method called
[05/03/2012 9:44:02 AM][DEBUG][clLedger][GetLastTransactionDate][00000000-0000-0000-0000-000000000000] Debug GetLastTransactionDate called
[05/03/2012 9:44:02 AM][INFO][clLedger][GetLastTransactionDate][00000000-0000-0000-0000-000000000000] GetLastTransactionDate method called
[05/03/2012 9:44:02 AM][DEBUG][clLedger][GetLastTransactionDate][00000000-0000-0000-0000-000000000000] Debug GetLastTransactionDate called
[05/03/2012 9:44:02 AM][INFO][clLedger][GetLastTransactionDate][00000000-0000-0000-0000-000000000000] GetLastTransactionDate method called
[05/03/2012 9:44:02 AM][DEBUG][clLedger][GetLastTransactionDate][00000000-0000-0000-0000-000000000000] Debug GetLastTransactionDate called
[05/03/2012 9:44:02 AM][INFO][clLedger][GetLastTransactionDate][00000000-0000-0000-0000-000000000000] GetLastTransactionDate method called
[05/03/2012 9:44:02 AM][DEBUG][clLedger][GetLastTransactionDate][00000000-0000-0000-0000-000000000000] Debug GetLastTransactionDate called
[05/03/2012 9:44:02 AM][INFO][clLedger][GetLastTransactionDate][00000000-0000-0000-0000-000000000000] GetLastTransactionDate method called
[05/03/2012 9:44:02 AM][DEBUG][clLedger][GetLastTransactionDate][00000000-0000-0000-0000-000000000000] Debug GetLastTransactionDate called
[05/03/2012 9:44:02 AM][INFO][clLedger][GetLastTransactionDate][00000000-0000-0000-0000-000000000000] GetLastTransactionDate method called
[05/03/2012 9:44:02 AM][DEBUG][clLedger][GetLastTransactionDate][00000000-0000-0000-0000-000000000000] Debug GetLastTransactionDate called
[05/03/2012 9:44:02 AM][INFO][clLedger][GetLastTransactionDate][00000000-0000-0000-0000-000000000000] GetLastTransactionDate method called
[05/03/2012 9:44:02 AM][DEBUG][clLedger][GetLastTransactionDate][00000000-0000-0000-0000-000000000000] Debug GetLastTransactionDate called
[05/03/2012 9:44:02 AM][INFO][clLedger][GetLastTransactionDate][00000000-0000-0000-0000-000000000000] GetLastTransactionDate method called
[05/03/2012 9:44:02 AM][DEBUG][clLedger][GetLastTransactionDate][00000000-0000-0000-0000-000000000000] Debug GetLastTransactionDate called
[05/03/2012 9:44:02 AM][INFO][clLedger][GetLastTransactionDate][00000000-0000-0000-0000-000000000000] GetLastTransactionDate method called
[05/03/2012 9:44:02 AM][DEBUG][clLedger][GetLastTransactionDate][00000000-0000-0000-0000-000000000000] Debug GetLastTransactionDate called
[05/03/2012 9:44:02 AM][INFO][clLedger][GetLastTransactionDate][00000000-0000-0000-0000-000000000000] GetLastTransactionDate method called
[05/03/2012 9:44:02 AM][DEBUG][clLedger][GetLastTransactionDate][00000000-0000-0000-0000-000000000000] Debug GetLastTransactionDate called
[05/03/2012 9:44:02 AM][INFO][clLedger][GetLastTransactionDate][00000000-0000-0000-0000-000000000000] GetLastTransactionDate method called
[05/03/2012 9:44:02 AM][DEBUG][clLedger][GetLastTransactionDate][00000000-0000-0000-0000-000000000000] Debug GetLastTransactionDate called
[05/03/2012 9:44:02 AM][INFO][clLedger][GetLastTransactionDate][00000000-0000-0000-0000-000000000000] GetLastTransactionDate method called
[05/03/2012 9:44:02 AM][DEBUG][clLedger][GetLastTransactionDate][00000000-0000-0000-0000-000000000000] Debug GetLastTransactionDate called
[05/03/2012 9:44:02 AM][INFO][clLedger][GetLastTransactionDate][00000000-0000-0000-0000-000000000000] GetLastTransactionDate method called
[05/03/2012 9:44:02 AM][DEBUG][clLedger][GetLastTransactionDate][00000000-0000-0000-0000-000000000000] Debug GetLastTransactionDate called
[05/03/2012 9:44:02 AM][INFO][clSchoolYear][LoadAllSchoolYear][00000000-0000-0000-0000-000000000000] Execute LoadAllSchoolYear Method
[05/03/2012 9:44:02 AM][DEBUG][clSchoolYear][LoadAllSchoolYear][00000000-0000-0000-0000-000000000000] Debug LoadAllSchoolYear Method
[05/03/2012 9:44:02 AM][INFO][clSchool][LoadSchoolInfo][00000000-0000-0000-0000-000000000000] LoadSchoolInfo method called
[05/03/2012 9:44:02 AM][DEBUG][clSchool][LoadSchoolInfo][00000000-0000-0000-0000-000000000000] Debug LoadSchoolInfo called
[05/03/2012 9:44:02 AM][INFO][clLedgerOfFamily][LoadChildFamily][00000000-0000-0000-0000-000000000000] Execute LoadChildFamily Method
[05/03/2012 9:44:02 AM][DEBUG][clLedgerOfFamily][LoadChildFamily][00000000-0000-0000-0000-000000000000] Debug LoadChildFamily Method
[05/03/2012 9:44:06 AM][INFO][clLedger][LoadChargeCode][00000000-0000-0000-0000-000000000000] Execute LoadChargeCode Method
[05/03/2012 9:44:06 AM][DEBUG][clLedger][LoadChargeCode][00000000-0000-0000-0000-000000000000] Debug LoadChargeCode Method
[05/03/2012 9:44:06 AM][INFO][clSchoolYear][GetCurrentSchoolYear][00000000-0000-0000-0000-000000000000] Execute GetCurrentSchoolYear Method
[05/03/2012 9:44:07 AM][DEBUG][clSchoolYear][GetCurrentSchoolYear][00000000-0000-0000-0000-000000000000] Debug GetCurrentSchoolYear Method
[05/03/2012 9:44:07 AM][INFO][clSchoolYear][LoadAllSchoolYear][00000000-0000-0000-0000-000000000000] Execute LoadAllSchoolYear Method
[05/03/2012 9:44:07 AM][DEBUG][clSchoolYear][LoadAllSchoolYear][00000000-0000-0000-0000-000000000000] Debug LoadAllSchoolYear Method
[05/03/2012 9:44:07 AM][INFO][clLedger][LoadLedgerDetail][00000000-0000-0000-0000-000000000000] Execute LoadLedgerDetail Method
[05/03/2012 9:44:07 AM][DEBUG][clLedger][LoadLedgerDetail][00000000-0000-0000-0000-000000000000] Debug LoadLedgerDetail Method
[05/03/2012 9:44:12 AM][INFO][clSchoolYear][GetCurrentSchoolYear][00000000-0000-0000-0000-000000000000] Execute GetCurrentSchoolYear Method
[05/03/2012 9:44:12 AM][DEBUG][clSchoolYear][GetCurrentSchoolYear][00000000-0000-0000-0000-000000000000] Debug GetCurrentSchoolYear Method
[05/03/2012 9:44:12 AM][INFO][clSchoolYear][GetCurrentSchoolYear][00000000-0000-0000-0000-000000000000] Execute GetCurrentSchoolYear Method
[05/03/2012 9:44:12 AM][DEBUG][clSchoolYear][GetCurrentSchoolYear][00000000-0000-0000-0000-000000000000] Debug GetCurrentSchoolYear Method
[05/03/2012 9:44:12 AM][INFO][clLedger][LoadLedgerDetail][00000000-0000-0000-0000-000000000000] Execute LoadLedgerDetail Method
[05/03/2012 9:44:12 AM][DEBUG][clLedger][LoadLedgerDetail][00000000-0000-0000-0000-000000000000] Debug LoadLedgerDetail Method
[05/03/2012 9:44:12 AM][INFO][clLedger][LoadChargeCode][00000000-0000-0000-0000-000000000000] Execute LoadChargeCode Method
[05/03/2012 9:44:12 AM][DEBUG][clLedger][LoadChargeCode][00000000-0000-0000-0000-000000000000] Debug LoadChargeCode Method
[05/03/2012 9:44:26 AM][INFO][clSchoolYear][GetCurrentSchoolYear][00000000-0000-0000-0000-000000000000] Execute GetCurrentSchoolYear Method
[05/03/2012 9:44:26 AM][DEBUG][clSchoolYear][GetCurrentSchoolYear][00000000-0000-0000-0000-000000000000] Debug GetCurrentSchoolYear Method
[05/03/2012 9:44:26 AM][INFO][clSchoolYear][GetCurrentSchoolYear][00000000-0000-0000-0000-000000000000] Execute GetCurrentSchoolYear Method
[05/03/2012 9:44:26 AM][DEBUG][clSchoolYear][GetCurrentSchoolYear][00000000-0000-0000-0000-000000000000] Debug GetCurrentSchoolYear Method
[05/03/2012 9:44:26 AM][INFO][clAbsentReason][SubmitRecord][00000000-0000-0000-0000-000000000000] Submit record method called
[05/03/2012 9:44:26 AM][INFO][clAbsentReason][SubmitRecord][00000000-0000-0000-0000-000000000000] Debug Submit record method called of AbsentReason
[05/03/2012 9:44:26 AM][INFO][clLedger][SaveLedger][00000000-0000-0000-0000-000000000000] Execute SaveLedger Method
[05/03/2012 9:44:26 AM][DEBUG][clLedger][SaveLedger][00000000-0000-0000-0000-000000000000] Debug SaveLedger Method
[05/03/2012 9:44:26 AM][INFO][clLedger][LoadLedgerDetail][00000000-0000-0000-0000-000000000000] Execute LoadLedgerDetail Method
[05/03/2012 9:44:26 AM][DEBUG][clLedger][LoadLedgerDetail][00000000-0000-0000-0000-000000000000] Debug LoadLedgerDetail Method
[05/03/2012 9:44:26 AM][INFO][clLedger][LoadChargeCode][00000000-0000-0000-0000-000000000000] Execute LoadChargeCode Method
[05/03/2012 9:44:27 AM][DEBUG][clLedger][LoadChargeCode][00000000-0000-0000-0000-000000000000] Debug LoadChargeCode Method
[05/03/2012 9:44:27 AM][INFO][clLedger][LoadChargeCode][00000000-0000-0000-0000-000000000000] Execute LoadChargeCode Method
[05/03/2012 9:44:27 AM][DEBUG][clLedger][LoadChargeCode][00000000-0000-0000-0000-000000000000] Debug LoadChargeCode Method
[05/03/2012 9:44:36 AM][INFO][clSchoolYear][GetCurrentSchoolYear][00000000-0000-0000-0000-000000000000] Execute GetCurrentSchoolYear Method
[05/03/2012 9:44:36 AM][DEBUG][clSchoolYear][GetCurrentSchoolYear][00000000-0000-0000-0000-000000000000] Debug GetCurrentSchoolYear Method
[05/03/2012 9:44:36 AM][INFO][clSchoolYear][GetCurrentSchoolYear][00000000-0000-0000-0000-000000000000] Execute GetCurrentSchoolYear Method
[05/03/2012 9:44:36 AM][DEBUG][clSchoolYear][GetCurrentSchoolYear][00000000-0000-0000-0000-000000000000] Debug GetCurrentSchoolYear Method
[05/03/2012 9:44:36 AM][INFO][clLedger][LoadLedgerDetail][00000000-0000-0000-0000-000000000000] Execute LoadLedgerDetail Method
[05/03/2012 9:44:36 AM][DEBUG][clLedger][LoadLedgerDetail][00000000-0000-0000-0000-000000000000] Debug LoadLedgerDetail Method
[05/03/2012 9:44:36 AM][INFO][clLedger][LoadChargeCode][00000000-0000-0000-0000-000000000000] Execute LoadChargeCode Method
[05/03/2012 9:44:36 AM][DEBUG][clLedger][LoadChargeCode][00000000-0000-0000-0000-000000000000] Debug LoadChargeCode Method
[05/03/2012 9:44:41 AM][INFO][clSchoolYear][GetCurrentSchoolYear][00000000-0000-0000-0000-000000000000] Execute GetCurrentSchoolYear Method
[05/03/2012 9:44:41 AM][DEBUG][clSchoolYear][GetCurrentSchoolYear][00000000-0000-0000-0000-000000000000] Debug GetCurrentSchoolYear Method
[05/03/2012 9:44:41 AM][INFO][clSchoolYear][GetCurrentSchoolYear][00000000-0000-0000-0000-000000000000] Execute GetCurrentSchoolYear Method
[05/03/2012 9:44:41 AM][DEBUG][clSchoolYear][GetCurrentSchoolYear][00000000-0000-0000-0000-000000000000] Debug GetCurrentSchoolYear Method
[05/03/2012 9:44:41 AM][INFO][clLedger][LoadLedgerDetail][00000000-0000-0000-0000-000000000000] Execute LoadLedgerDetail Method
[05/03/2012 9:44:41 AM][DEBUG][clLedger][LoadLedgerDetail][00000000-0000-0000-0000-000000000000] Debug LoadLedgerDetail Method
[05/03/2012 9:44:46 AM][INFO][clSchoolYear][GetCurrentSchoolYear][00000000-0000-0000-0000-000000000000] Execute GetCurrentSchoolYear Method
[05/03/2012 9:44:46 AM][DEBUG][clSchoolYear][GetCurrentSchoolYear][00000000-0000-0000-0000-000000000000] Debug GetCurrentSchoolYear Method
[05/03/2012 9:44:47 AM][INFO][clSchoolYear][LoadAllSchoolYear][00000000-0000-0000-0000-000000000000] Execute LoadAllSchoolYear Method
[05/03/2012 9:44:47 AM][DEBUG][clSchoolYear][LoadAllSchoolYear][00000000-0000-0000-0000-000000000000] Debug LoadAllSchoolYear Method
[05/03/2012 9:47:21 AM][INFO][Ledger][GetChildProgEnrollmentFeeDetail][00000000-0000-0000-0000-000000000000] GetChildProgEnrollmentFeeDetail method called
[05/03/2012 9:47:21 AM][DEBUG][Ledger][GetChildProgEnrollmentFeeDetail][00000000-0000-0000-0000-000000000000] Debug GetChildProgEnrollmentFeeDetail called
[05/03/2012 9:47:21 AM][INFO][clLedger][GetChildProgEnrollmentFeeDetail][00000000-0000-0000-0000-000000000000] GetChildProgEnrollmentFeeDetail method called
[05/03/2012 9:47:21 AM][DEBUG][clLedger][GetChildProgEnrollmentFeeDetail][00000000-0000-0000-0000-000000000000] Debug GetChildProgEnrollmentFeeDetail called
[05/03/2012 9:47:21 AM][INFO][clLedger][GetLastTransactionDate][00000000-0000-0000-0000-000000000000] GetLastTransactionDate method called
[05/03/2012 9:47:21 AM][DEBUG][clLedger][GetLastTransactionDate][00000000-0000-0000-0000-000000000000] Debug GetLastTransactionDate called
[05/03/2012 9:47:21 AM][INFO][clLedger][GetLastTransactionDate][00000000-0000-0000-0000-000000000000] GetLastTransactionDate method called
[05/03/2012 9:47:21 AM][DEBUG][clLedger][GetLastTransactionDate][00000000-0000-0000-0000-000000000000] Debug GetLastTransactionDate called
[05/03/2012 9:47:21 AM][INFO][clLedger][GetLastTransactionDate][00000000-0000-0000-0000-000000000000] GetLastTransactionDate method called
[05/03/2012 9:47:21 AM][DEBUG][clLedger][GetLastTransactionDate][00000000-0000-0000-0000-000000000000] Debug GetLastTransactionDate called
[05/03/2012 9:47:21 AM][INFO][clLedger][GetLastTransactionDate][00000000-0000-0000-0000-000000000000] GetLastTransactionDate method called
[05/03/2012 9:47:21 AM][DEBUG][clLedger][GetLastTransactionDate][00000000-0000-0000-0000-000000000000] Debug GetLastTransactionDate called
[05/03/2012 9:47:21 AM][INFO][clLedger][GetLastTransactionDate][00000000-0000-0000-0000-000000000000] GetLastTransactionDate method called
[05/03/2012 9:47:21 AM][DEBUG][clLedger][GetLastTransactionDate][00000000-0000-0000-0000-000000000000] Debug GetLastTransactionDate called
[05/03/2012 9:47:21 AM][INFO][clLedger][GetLastTransactionDate][00000000-0000-0000-0000-000000000000] GetLastTransactionDate method called
[05/03/2012 9:47:21 AM][DEBUG][clLedger][GetLastTransactionDate][00000000-0000-0000-0000-000000000000] Debug GetLastTransactionDate called
[05/03/2012 9:47:21 AM][INFO][clLedger][GetLastTransactionDate][00000000-0000-0000-0000-000000000000] GetLastTransactionDate method called
[05/03/2012 9:47:21 AM][DEBUG][clLedger][GetLastTransactionDate][00000000-0000-0000-0000-000000000000] Debug GetLastTransactionDate called
[05/03/2012 9:47:21 AM][INFO][clLedger][GetLastTransactionDate][00000000-0000-0000-0000-000000000000] GetLastTransactionDate method called
[05/03/2012 9:47:21 AM][DEBUG][clLedger][GetLastTransactionDate][00000000-0000-0000-0000-000000000000] Debug GetLastTransactionDate called
[05/03/2012 9:47:21 AM][INFO][clLedger][GetLastTransactionDate][00000000-0000-0000-0000-000000000000] GetLastTransactionDate method called
[05/03/2012 9:47:21 AM][DEBUG][clLedger][GetLastTransactionDate][00000000-0000-0000-0000-000000000000] Debug GetLastTransactionDate called
[05/03/2012 9:47:21 AM][INFO][clLedger][GetLastTransactionDate][00000000-0000-0000-0000-000000000000] GetLastTransactionDate method called
[05/03/2012 9:47:21 AM][DEBUG][clLedger][GetLastTransactionDate][00000000-0000-0000-0000-000000000000] Debug GetLastTransactionDate called
[05/03/2012 9:47:21 AM][INFO][clLedger][GetLastTransactionDate][00000000-0000-0000-0000-000000000000] GetLastTransactionDate method called
[05/03/2012 9:47:21 AM][DEBUG][clLedger][GetLastTransactionDate][00000000-0000-0000-0000-000000000000] Debug GetLastTransactionDate called
[05/03/2012 9:47:21 AM][INFO][clLedger][GetLastTransactionDate][00000000-0000-0000-0000-000000000000] GetLastTransactionDate method called
[05/03/2012 9:47:21 AM][DEBUG][clLedger][GetLastTransactionDate][00000000-0000-0000-0000-000000000000] Debug GetLastTransactionDate called
[05/03/2012 9:47:21 AM][INFO][clLedger][GetLastTransactionDate][00000000-0000-0000-0000-000000000000] GetLastTransactionDate method called
[05/03/2012 9:47:21 AM][DEBUG][clLedger][GetLastTransactionDate][00000000-0000-0000-0000-000000000000] Debug GetLastTransactionDate called
[05/03/2012 9:47:21 AM][INFO][clLedger][GetLastTransactionDate][00000000-0000-0000-0000-000000000000] GetLastTransactionDate method called
[05/03/2012 9:47:21 AM][DEBUG][clLedger][GetLastTransactionDate][00000000-0000-0000-0000-000000000000] Debug GetLastTransactionDate called
[05/03/2012 9:47:21 AM][INFO][clLedger][GetLastTransactionDate][00000000-0000-0000-0000-000000000000] GetLastTransactionDate method called
[05/03/2012 9:47:21 AM][DEBUG][clLedger][GetLastTransactionDate][00000000-0000-0000-0000-000000000000] Debug GetLastTransactionDate called
[05/03/2012 9:47:21 AM][INFO][clLedger][GetLastTransactionDate][00000000-0000-0000-0000-000000000000] GetLastTransactionDate method called
[05/03/2012 9:47:21 AM][DEBUG][clLedger][GetLastTransactionDate][00000000-0000-0000-0000-000000000000] Debug GetLastTransactionDate called
[05/03/2012 9:47:21 AM][INFO][clLedger][GetLastTransactionDate][00000000-0000-0000-0000-000000000000] GetLastTransactionDate method called
[05/03/2012 9:47:21 AM][DEBUG][clLedger][GetLastTransactionDate][00000000-0000-0000-0000-000000000000] Debug GetLastTransactionDate called
[05/03/2012 9:47:21 AM][INFO][clLedger][GetLastTransactionDate][00000000-0000-0000-0000-000000000000] GetLastTransactionDate method called
[05/03/2012 9:47:21 AM][DEBUG][clLedger][GetLastTransactionDate][00000000-0000-0000-0000-000000000000] Debug GetLastTransactionDate called
[05/03/2012 9:47:21 AM][INFO][clLedger][GetLastTransactionDate][00000000-0000-0000-0000-000000000000] GetLastTransactionDate method called
[05/03/2012 9:47:21 AM][DEBUG][clLedger][GetLastTransactionDate][00000000-0000-0000-0000-000000000000] Debug GetLastTransactionDate called
[05/03/2012 9:47:21 AM][INFO][clLedger][GetLastTransactionDate][00000000-0000-0000-0000-000000000000] GetLastTransactionDate method called
[05/03/2012 9:47:21 AM][DEBUG][clLedger][GetLastTransactionDate][00000000-0000-0000-0000-000000000000] Debug GetLastTransactionDate called
[05/03/2012 9:47:21 AM][INFO][clLedger][GetLastTransactionDate][00000000-0000-0000-0000-000000000000] GetLastTransactionDate method called
[05/03/2012 9:47:21 AM][DEBUG][clLedger][GetLastTransactionDate][00000000-0000-0000-0000-000000000000] Debug GetLastTransactionDate called
[05/03/2012 9:47:21 AM][INFO][clLedger][GetLastTransactionDate][00000000-0000-0000-0000-000000000000] GetLastTransactionDate method called
[05/03/2012 9:47:21 AM][DEBUG][clLedger][GetLastTransactionDate][00000000-0000-0000-0000-000000000000] Debug GetLastTransactionDate called
[05/03/2012 9:47:21 AM][INFO][clLedger][GetLastTransactionDate][00000000-0000-0000-0000-000000000000] GetLastTransactionDate method called
[05/03/2012 9:47:21 AM][DEBUG][clLedger][GetLastTransactionDate][00000000-0000-0000-0000-000000000000] Debug GetLastTransactionDate called
[05/03/2012 9:47:21 AM][INFO][clLedger][GetLastTransactionDate][00000000-0000-0000-0000-000000000000] GetLastTransactionDate method called
[05/03/2012 9:47:21 AM][DEBUG][clLedger][GetLastTransactionDate][00000000-0000-0000-0000-000000000000] Debug GetLastTransactionDate called
[05/03/2012 9:47:21 AM][INFO][clLedger][GetLastTransactionDate][00000000-0000-0000-0000-000000000000] GetLastTransactionDate method called
[05/03/2012 9:47:21 AM][DEBUG][clLedger][GetLastTransactionDate][00000000-0000-0000-0000-000000000000] Debug GetLastTransactionDate called
[05/03/2012 9:47:21 AM][INFO][clLedger][GetLastTransactionDate][00000000-0000-0000-0000-000000000000] GetLastTransactionDate method called
[05/03/2012 9:47:21 AM][DEBUG][clLedger][GetLastTransactionDate][00000000-0000-0000-0000-000000000000] Debug GetLastTransactionDate called
[05/03/2012 9:47:21 AM][INFO][clLedger][GetLastTransactionDate][00000000-0000-0000-0000-000000000000] GetLastTransactionDate method called
[05/03/2012 9:47:21 AM][DEBUG][clLedger][GetLastTransactionDate][00000000-0000-0000-0000-000000000000] Debug GetLastTransactionDate called
[05/03/2012 9:47:22 AM][INFO][clLedger][GetLastTransactionDate][00000000-0000-0000-0000-000000000000] GetLastTransactionDate method called
[05/03/2012 9:47:22 AM][DEBUG][clLedger][GetLastTransactionDate][00000000-0000-0000-0000-000000000000] Debug GetLastTransactionDate called
[05/03/2012 9:47:22 AM][INFO][clLedger][GetLastTransactionDate][00000000-0000-0000-0000-000000000000] GetLastTransactionDate method called
[05/03/2012 9:47:22 AM][DEBUG][clLedger][GetLastTransactionDate][00000000-0000-0000-0000-000000000000] Debug GetLastTransactionDate called
[05/03/2012 9:47:22 AM][INFO][clLedger][GetLastTransactionDate][00000000-0000-0000-0000-000000000000] GetLastTransactionDate method called
[05/03/2012 9:47:22 AM][DEBUG][clLedger][GetLastTransactionDate][00000000-0000-0000-0000-000000000000] Debug GetLastTransactionDate called
[05/03/2012 9:47:22 AM][INFO][clLedger][GetLastTransactionDate][00000000-0000-0000-0000-000000000000] GetLastTransactionDate method called
[05/03/2012 9:47:22 AM][DEBUG][clLedger][GetLastTransactionDate][00000000-0000-0000-0000-000000000000] Debug GetLastTransactionDate called
[05/03/2012 9:47:22 AM][INFO][clLedger][GetLastTransactionDate][00000000-0000-0000-0000-000000000000] GetLastTransactionDate method called
[05/03/2012 9:47:22 AM][DEBUG][clLedger][GetLastTransactionDate][00000000-0000-0000-0000-000000000000] Debug GetLastTransactionDate called
[05/03/2012 9:47:22 AM][INFO][clLedger][GetLastTransactionDate][00000000-0000-0000-0000-000000000000] GetLastTransactionDate method called
[05/03/2012 9:47:22 AM][DEBUG][clLedger][GetLastTransactionDate][00000000-0000-0000-0000-000000000000] Debug GetLastTransactionDate called
[05/03/2012 9:47:22 AM][INFO][clLedger][GetLastTransactionDate][00000000-0000-0000-0000-000000000000] GetLastTransactionDate method called
[05/03/2012 9:47:22 AM][DEBUG][clLedger][GetLastTransactionDate][00000000-0000-0000-0000-000000000000] Debug GetLastTransactionDate called
[05/03/2012 9:47:22 AM][INFO][clLedger][GetLastTransactionDate][00000000-0000-0000-0000-000000000000] GetLastTransactionDate method called
[05/03/2012 9:47:22 AM][DEBUG][clLedger][GetLastTransactionDate][00000000-0000-0000-0000-000000000000] Debug GetLastTransactionDate called
[05/03/2012 9:47:22 AM][INFO][clLedger][GetLastTransactionDate][00000000-0000-0000-0000-000000000000] GetLastTransactionDate method called
[05/03/2012 9:47:22 AM][DEBUG][clLedger][GetLastTransactionDate][00000000-0000-0000-0000-000000000000] Debug GetLastTransactionDate called
[05/03/2012 9:47:22 AM][INFO][clLedger][GetLastTransactionDate][00000000-0000-0000-0000-000000000000] GetLastTransactionDate method called
[05/03/2012 9:47:22 AM][DEBUG][clLedger][GetLastTransactionDate][00000000-0000-0000-0000-000000000000] Debug GetLastTransactionDate called
[05/03/2012 9:47:22 AM][INFO][clLedger][GetLastTransactionDate][00000000-0000-0000-0000-000000000000] GetLastTransactionDate method called
[05/03/2012 9:47:22 AM][DEBUG][clLedger][GetLastTransactionDate][00000000-0000-0000-0000-000000000000] Debug GetLastTransactionDate called
[05/03/2012 9:47:22 AM][INFO][clLedger][GetLastTransactionDate][00000000-0000-0000-0000-000000000000] GetLastTransactionDate method called
[05/03/2012 9:47:22 AM][DEBUG][clLedger][GetLastTransactionDate][00000000-0000-0000-0000-000000000000] Debug GetLastTransactionDate called
[05/03/2012 9:47:22 AM][INFO][clLedger][GetLastTransactionDate][00000000-0000-0000-0000-000000000000] GetLastTransactionDate method called
[05/03/2012 9:47:22 AM][DEBUG][clLedger][GetLastTransactionDate][00000000-0000-0000-0000-000000000000] Debug GetLastTransactionDate called
[05/03/2012 9:47:22 AM][INFO][clLedger][GetLastTransactionDate][00000000-0000-0000-0000-000000000000] GetLastTransactionDate method called
[05/03/2012 9:47:22 AM][DEBUG][clLedger][GetLastTransactionDate][00000000-0000-0000-0000-000000000000] Debug GetLastTransactionDate called
[05/03/2012 9:47:22 AM][INFO][clLedger][GetLastTransactionDate][00000000-0000-0000-0000-000000000000] GetLastTransactionDate method called
[05/03/2012 9:47:22 AM][DEBUG][clLedger][GetLastTransactionDate][00000000-0000-0000-0000-000000000000] Debug GetLastTransactionDate called
[05/03/2012 9:47:22 AM][INFO][clSchoolYear][LoadAllSchoolYear][00000000-0000-0000-0000-000000000000] Execute LoadAllSchoolYear Method
[05/03/2012 9:47:22 AM][DEBUG][clSchoolYear][LoadAllSchoolYear][00000000-0000-0000-0000-000000000000] Debug LoadAllSchoolYear Method
[05/03/2012 9:47:22 AM][INFO][clSchool][LoadSchoolInfo][00000000-0000-0000-0000-000000000000] LoadSchoolInfo method called
[05/03/2012 9:47:22 AM][DEBUG][clSchool][LoadSchoolInfo][00000000-0000-0000-0000-000000000000] Debug LoadSchoolInfo called
[05/03/2012 9:47:22 AM][INFO][clLedgerOfFamily][LoadChildFamily][00000000-0000-0000-0000-000000000000] Execute LoadChildFamily Method
[05/03/2012 9:47:22 AM][DEBUG][clLedgerOfFamily][LoadChildFamily][00000000-0000-0000-0000-000000000000] Debug LoadChildFamily Method
[05/03/2012 9:47:40 AM][INFO][clSchool][LoadAllSchool][00000000-0000-0000-0000-000000000000] LoadAllSchool method called
[05/03/2012 9:47:40 AM][DEBUG][clSchool][LoadAllSchool][00000000-0000-0000-0000-000000000000] Debug LoadAllSchool called
[05/03/2012 9:48:12 AM][INFO][clSchool][LoadAllSchool][00000000-0000-0000-0000-000000000000] LoadAllSchool method called
[05/03/2012 9:48:12 AM][DEBUG][clSchool][LoadAllSchool][00000000-0000-0000-0000-000000000000] Debug LoadAllSchool called
