[08/20/2012 2:23:09 PM][INFO][clSchool][LoadAllSchool][00000000-0000-0000-0000-000000000000] LoadAllSchool method called
[08/20/2012 2:23:09 PM][DEBUG][clSchool][LoadAllSchool][00000000-0000-0000-0000-000000000000] Debug LoadAllSchool called
[08/20/2012 9:13:12 PM][INFO][clSchool][LoadAllSchool][00000000-0000-0000-0000-000000000000] LoadAllSchool method called
[08/20/2012 9:13:12 PM][DEBUG][clSchool][LoadAllSchool][00000000-0000-0000-0000-000000000000] Debug LoadAllSchool called
[08/20/2012 9:13:26 PM][INFO][clStaff][LoadStaffDetailsByUserNameAndPassword][00000000-0000-0000-0000-000000000000] Execute LoadStaffDetailsByUserNameAndPassword Method
[08/20/2012 9:13:26 PM][DEBUG][clStaff][LoadStaffDetailsByUserNameAndPassword][00000000-0000-0000-0000-000000000000] Debug LoadStaffDetailsByUserNameAndPassword Method
[08/20/2012 9:13:34 PM][INFO][clSchoolYear][LoadAllSchoolYear][00000000-0000-0000-0000-000000000000] Execute LoadAllSchoolYear Method
[08/20/2012 9:13:34 PM][DEBUG][clSchoolYear][LoadAllSchoolYear][00000000-0000-0000-0000-000000000000] Debug LoadAllSchoolYear Method
[08/20/2012 9:13:39 PM][INFO][clSchoolYear][LoadAllSchoolYear][00000000-0000-0000-0000-000000000000] Execute LoadAllSchoolYear Method
[08/20/2012 9:13:39 PM][DEBUG][clSchoolYear][LoadAllSchoolYear][00000000-0000-0000-0000-000000000000] Debug LoadAllSchoolYear Method
[08/20/2012 9:13:39 PM][INFO][clChildList][GetAllChildList][00000000-0000-0000-0000-000000000000] GetAllChildList method called
[08/20/2012 9:13:40 PM][DEBUG][clChildList][GetAllChildList][00000000-0000-0000-0000-000000000000] Debug GetAllChildList called
[08/20/2012 9:13:54 PM][INFO][clSchoolYear][LoadAllSchoolYear][00000000-0000-0000-0000-000000000000] Execute LoadAllSchoolYear Method
[08/20/2012 9:13:54 PM][DEBUG][clSchoolYear][LoadAllSchoolYear][00000000-0000-0000-0000-000000000000] Debug LoadAllSchoolYear Method
[08/20/2012 9:13:54 PM][INFO][clChildFamily][LoadChildFamily][00000000-0000-0000-0000-000000000000] Execute LoadChildFamily Method
[08/20/2012 9:13:54 PM][DEBUG][clChildFamily][LoadChildFamily][00000000-0000-0000-0000-000000000000] Debug LoadChildFamily Method
[08/20/2012 9:14:03 PM][INFO][clChildFamily][LoadChildFamily][00000000-0000-0000-0000-000000000000] Execute LoadChildFamily Method
[08/20/2012 9:14:03 PM][DEBUG][clChildFamily][LoadChildFamily][00000000-0000-0000-0000-000000000000] Debug LoadChildFamily Method
[08/20/2012 9:14:06 PM][INFO][clSchoolYear][LoadAllSchoolYear][00000000-0000-0000-0000-000000000000] Execute LoadAllSchoolYear Method
[08/20/2012 9:14:06 PM][DEBUG][clSchoolYear][LoadAllSchoolYear][00000000-0000-0000-0000-000000000000] Debug LoadAllSchoolYear Method
[08/20/2012 9:14:06 PM][INFO][clChildFamily][LoadChildFamily][00000000-0000-0000-0000-000000000000] Execute LoadChildFamily Method
[08/20/2012 9:14:06 PM][DEBUG][clChildFamily][LoadChildFamily][00000000-0000-0000-0000-000000000000] Debug LoadChildFamily Method
[08/20/2012 9:14:08 PM][INFO][clSchoolYear][LoadAllSchoolYear][00000000-0000-0000-0000-000000000000] Execute LoadAllSchoolYear Method
[08/20/2012 9:14:08 PM][DEBUG][clSchoolYear][LoadAllSchoolYear][00000000-0000-0000-0000-000000000000] Debug LoadAllSchoolYear Method
[08/20/2012 9:14:08 PM][INFO][clChildList][GetAllChildList][00000000-0000-0000-0000-000000000000] GetAllChildList method called
[08/20/2012 9:14:08 PM][DEBUG][clChildList][GetAllChildList][00000000-0000-0000-0000-000000000000] Debug GetAllChildList called
[08/20/2012 9:14:19 PM][INFO][clAddEditChild][LoadProgram][00000000-0000-0000-0000-000000000000] Execute LoadProgram Method
[08/20/2012 9:14:19 PM][DEBUG][clAddEditChild][LoadProgram][00000000-0000-0000-0000-000000000000] Debug LoadProgram Method
[08/20/2012 9:14:19 PM][INFO][clEnrollmentStatus][LoadEnrollmentStatus][00000000-0000-0000-0000-000000000000] Execute LoadEnrollmentStatus Method
[08/20/2012 9:14:19 PM][DEBUG][clEnrollmentStatus][LoadEnrollmentStatus][00000000-0000-0000-0000-000000000000] Debug LoadEnrollmentStatus Method
[08/20/2012 9:14:19 PM][INFO][clAddEditChild][LoadChildDataList][00000000-0000-0000-0000-000000000000] Execute LoadChildDataList Method
[08/20/2012 9:14:19 PM][DEBUG][clAddEditChild][LoadChildDataList][00000000-0000-0000-0000-000000000000] Debug LoadChildDataList Method
[08/20/2012 9:14:19 PM][INFO][clEnrollmentStatus][LoadEnrollmentStatus][00000000-0000-0000-0000-000000000000] Execute LoadEnrollmentStatus Method
[08/20/2012 9:14:19 PM][DEBUG][clEnrollmentStatus][LoadEnrollmentStatus][00000000-0000-0000-0000-000000000000] Debug LoadEnrollmentStatus Method
[08/20/2012 9:14:19 PM][INFO][clAddEditChild][GetFessPeriodFromSchoolProgramFeesDetail][00000000-0000-0000-0000-000000000000] Execute GetFessPeriodFromSchoolProgramFeesDetail Method
[08/20/2012 9:14:19 PM][DEBUG][clAddEditChild][GetFessPeriodFromSchoolProgramFeesDetail][00000000-0000-0000-0000-000000000000] Debug GetFessPeriodFromSchoolProgramFeesDetail Method
[08/20/2012 9:14:20 PM][INFO][clAddEditChild][LoadProgClassRoom][00000000-0000-0000-0000-000000000000] Execute LoadProgClassRoom Method
[08/20/2012 9:14:20 PM][DEBUG][clAddEditChild][LoadProgClassRoom][00000000-0000-0000-0000-000000000000] Debug LoadProgClassRoom Method
[08/20/2012 9:14:20 PM][INFO][clAddEditChild][LoadProgClassRoom][00000000-0000-0000-0000-000000000000] Execute LoadProgClassRoom Method
[08/20/2012 9:14:20 PM][DEBUG][clAddEditChild][LoadProgClassRoom][00000000-0000-0000-0000-000000000000] Debug LoadProgClassRoom Method
[08/20/2012 9:14:20 PM][INFO][clAddEditChild][LoadProgClassRoom][00000000-0000-0000-0000-000000000000] Execute LoadProgClassRoom Method
[08/20/2012 9:14:20 PM][DEBUG][clAddEditChild][LoadProgClassRoom][00000000-0000-0000-0000-000000000000] Debug LoadProgClassRoom Method
[08/20/2012 9:14:20 PM][INFO][clAddEditChild][LoadProgClassRoom][00000000-0000-0000-0000-000000000000] Execute LoadProgClassRoom Method
[08/20/2012 9:14:20 PM][DEBUG][clAddEditChild][LoadProgClassRoom][00000000-0000-0000-0000-000000000000] Debug LoadProgClassRoom Method
[08/20/2012 9:14:20 PM][INFO][clAddEditChild][LoadProgClassRoom][00000000-0000-0000-0000-000000000000] Execute LoadProgClassRoom Method
[08/20/2012 9:14:20 PM][DEBUG][clAddEditChild][LoadProgClassRoom][00000000-0000-0000-0000-000000000000] Debug LoadProgClassRoom Method
[08/20/2012 9:14:20 PM][INFO][ChildProgEnrollment][LoadProgEnrollment][00000000-0000-0000-0000-000000000000] LoadProgEnrollment method called
[08/20/2012 9:14:20 PM][DEBUG][ChildProgEnrollment][LoadProgEnrollment][00000000-0000-0000-0000-000000000000] Debug LoadProgEnrollment called
[08/20/2012 9:14:20 PM][INFO][clChildList][GetIsPrimarySchoolProgram][00000000-0000-0000-0000-000000000000] GetIsPrimarySchoolProgram method called
[08/20/2012 9:14:20 PM][DEBUG][clChildList][GetIsPrimarySchoolProgram][00000000-0000-0000-0000-000000000000] Debug GetIsPrimarySchoolProgram called
[08/20/2012 9:14:20 PM][INFO][clSchoolYear][GetCurrentSchoolYear][00000000-0000-0000-0000-000000000000] Execute GetCurrentSchoolYear Method
[08/20/2012 9:14:20 PM][DEBUG][clSchoolYear][GetCurrentSchoolYear][00000000-0000-0000-0000-000000000000] Debug GetCurrentSchoolYear Method
[08/20/2012 9:14:20 PM][INFO][clSchoolYear][LoadAllSchoolYear][00000000-0000-0000-0000-000000000000] Execute LoadAllSchoolYear Method
[08/20/2012 9:14:20 PM][DEBUG][clSchoolYear][LoadAllSchoolYear][00000000-0000-0000-0000-000000000000] Debug LoadAllSchoolYear Method
[08/20/2012 9:14:20 PM][INFO][clAddEditChild][LoadChildDataList][00000000-0000-0000-0000-000000000000] Execute LoadChildDataList Method
[08/20/2012 9:14:20 PM][DEBUG][clAddEditChild][LoadChildDataList][00000000-0000-0000-0000-000000000000] Debug LoadChildDataList Method
[08/20/2012 9:14:32 PM][INFO][clSchoolYear][LoadAllSchoolYear][00000000-0000-0000-0000-000000000000] Execute LoadAllSchoolYear Method
[08/20/2012 9:14:32 PM][DEBUG][clSchoolYear][LoadAllSchoolYear][00000000-0000-0000-0000-000000000000] Debug LoadAllSchoolYear Method
[08/20/2012 9:14:32 PM][INFO][clChildList][GetAllChildList][00000000-0000-0000-0000-000000000000] GetAllChildList method called
[08/20/2012 9:14:32 PM][DEBUG][clChildList][GetAllChildList][00000000-0000-0000-0000-000000000000] Debug GetAllChildList called
[08/20/2012 9:14:38 PM][INFO][clChildList][GetAllChildList][00000000-0000-0000-0000-000000000000] GetAllChildList method called
[08/20/2012 9:14:38 PM][DEBUG][clChildList][GetAllChildList][00000000-0000-0000-0000-000000000000] Debug GetAllChildList called
[08/20/2012 9:14:42 PM][INFO][clAddEditChild][LoadProgram][00000000-0000-0000-0000-000000000000] Execute LoadProgram Method
[08/20/2012 9:14:42 PM][DEBUG][clAddEditChild][LoadProgram][00000000-0000-0000-0000-000000000000] Debug LoadProgram Method
[08/20/2012 9:14:42 PM][INFO][clEnrollmentStatus][LoadEnrollmentStatus][00000000-0000-0000-0000-000000000000] Execute LoadEnrollmentStatus Method
[08/20/2012 9:14:42 PM][DEBUG][clEnrollmentStatus][LoadEnrollmentStatus][00000000-0000-0000-0000-000000000000] Debug LoadEnrollmentStatus Method
[08/20/2012 9:14:42 PM][INFO][clAddEditChild][LoadChildDataList][00000000-0000-0000-0000-000000000000] Execute LoadChildDataList Method
[08/20/2012 9:14:42 PM][DEBUG][clAddEditChild][LoadChildDataList][00000000-0000-0000-0000-000000000000] Debug LoadChildDataList Method
[08/20/2012 9:14:42 PM][INFO][clEnrollmentStatus][LoadEnrollmentStatus][00000000-0000-0000-0000-000000000000] Execute LoadEnrollmentStatus Method
[08/20/2012 9:14:42 PM][DEBUG][clEnrollmentStatus][LoadEnrollmentStatus][00000000-0000-0000-0000-000000000000] Debug LoadEnrollmentStatus Method
[08/20/2012 9:14:42 PM][INFO][clAddEditChild][GetFessPeriodFromSchoolProgramFeesDetail][00000000-0000-0000-0000-000000000000] Execute GetFessPeriodFromSchoolProgramFeesDetail Method
[08/20/2012 9:14:42 PM][DEBUG][clAddEditChild][GetFessPeriodFromSchoolProgramFeesDetail][00000000-0000-0000-0000-000000000000] Debug GetFessPeriodFromSchoolProgramFeesDetail Method
[08/20/2012 9:14:42 PM][INFO][clAddEditChild][LoadProgClassRoom][00000000-0000-0000-0000-000000000000] Execute LoadProgClassRoom Method
[08/20/2012 9:14:42 PM][DEBUG][clAddEditChild][LoadProgClassRoom][00000000-0000-0000-0000-000000000000] Debug LoadProgClassRoom Method
[08/20/2012 9:14:42 PM][INFO][clAddEditChild][LoadProgClassRoom][00000000-0000-0000-0000-000000000000] Execute LoadProgClassRoom Method
[08/20/2012 9:14:42 PM][DEBUG][clAddEditChild][LoadProgClassRoom][00000000-0000-0000-0000-000000000000] Debug LoadProgClassRoom Method
[08/20/2012 9:14:42 PM][INFO][clAddEditChild][LoadProgClassRoom][00000000-0000-0000-0000-000000000000] Execute LoadProgClassRoom Method
[08/20/2012 9:14:42 PM][DEBUG][clAddEditChild][LoadProgClassRoom][00000000-0000-0000-0000-000000000000] Debug LoadProgClassRoom Method
[08/20/2012 9:14:42 PM][INFO][clAddEditChild][LoadProgClassRoom][00000000-0000-0000-0000-000000000000] Execute LoadProgClassRoom Method
[08/20/2012 9:14:42 PM][DEBUG][clAddEditChild][LoadProgClassRoom][00000000-0000-0000-0000-000000000000] Debug LoadProgClassRoom Method
[08/20/2012 9:14:42 PM][INFO][clAddEditChild][LoadProgClassRoom][00000000-0000-0000-0000-000000000000] Execute LoadProgClassRoom Method
[08/20/2012 9:14:42 PM][DEBUG][clAddEditChild][LoadProgClassRoom][00000000-0000-0000-0000-000000000000] Debug LoadProgClassRoom Method
[08/20/2012 9:14:42 PM][INFO][ChildProgEnrollment][LoadProgEnrollment][00000000-0000-0000-0000-000000000000] LoadProgEnrollment method called
[08/20/2012 9:14:42 PM][DEBUG][ChildProgEnrollment][LoadProgEnrollment][00000000-0000-0000-0000-000000000000] Debug LoadProgEnrollment called
[08/20/2012 9:14:42 PM][INFO][clChildList][GetIsPrimarySchoolProgram][00000000-0000-0000-0000-000000000000] GetIsPrimarySchoolProgram method called
[08/20/2012 9:14:42 PM][DEBUG][clChildList][GetIsPrimarySchoolProgram][00000000-0000-0000-0000-000000000000] Debug GetIsPrimarySchoolProgram called
[08/20/2012 9:14:42 PM][INFO][clSchoolYear][GetCurrentSchoolYear][00000000-0000-0000-0000-000000000000] Execute GetCurrentSchoolYear Method
[08/20/2012 9:14:42 PM][DEBUG][clSchoolYear][GetCurrentSchoolYear][00000000-0000-0000-0000-000000000000] Debug GetCurrentSchoolYear Method
[08/20/2012 9:14:42 PM][INFO][clSchoolYear][LoadAllSchoolYear][00000000-0000-0000-0000-000000000000] Execute LoadAllSchoolYear Method
[08/20/2012 9:14:42 PM][DEBUG][clSchoolYear][LoadAllSchoolYear][00000000-0000-0000-0000-000000000000] Debug LoadAllSchoolYear Method
[08/20/2012 9:14:42 PM][INFO][clAddEditChild][LoadChildDataList][00000000-0000-0000-0000-000000000000] Execute LoadChildDataList Method
[08/20/2012 9:14:42 PM][DEBUG][clAddEditChild][LoadChildDataList][00000000-0000-0000-0000-000000000000] Debug LoadChildDataList Method
[08/20/2012 9:15:22 PM][INFO][clChildList][GetIsPrimarySchoolProgram][00000000-0000-0000-0000-000000000000] GetIsPrimarySchoolProgram method called
[08/20/2012 9:15:22 PM][DEBUG][clChildList][GetIsPrimarySchoolProgram][00000000-0000-0000-0000-000000000000] Debug GetIsPrimarySchoolProgram called
[08/20/2012 9:15:22 PM][INFO][clSchoolYear][GetCurrentSchoolYear][00000000-0000-0000-0000-000000000000] Execute GetCurrentSchoolYear Method
[08/20/2012 9:15:22 PM][DEBUG][clSchoolYear][GetCurrentSchoolYear][00000000-0000-0000-0000-000000000000] Debug GetCurrentSchoolYear Method
[08/20/2012 9:15:24 PM][INFO][AddEditChild][btnSave_Click][00000000-0000-0000-0000-000000000000] Submit btnSave_Click called
[08/20/2012 9:15:27 PM][DEBUG][AddEditChild][btnSave_Click][00000000-0000-0000-0000-000000000000] Debug btnSave_Click 
[08/20/2012 9:19:03 PM][INFO][clAddEditChild][ChildSave][00000000-0000-0000-0000-000000000000] Execute ChildSave Method
[08/20/2012 9:19:03 PM][DEBUG][clAddEditChild][ChildSave][00000000-0000-0000-0000-000000000000] Debug ChildSave Method
[08/20/2012 9:19:04 PM][INFO][clAddEditChild][ChildProgEnrollmentSave][00000000-0000-0000-0000-000000000000] Execute ChildProgEnrollmentSave Method
[08/20/2012 9:19:04 PM][DEBUG][clAddEditChild][ChildProgEnrollmentSave][00000000-0000-0000-0000-000000000000] Debug ChildProgEnrollmentSave Method
[08/20/2012 9:19:04 PM][INFO][clChildProgEnrollmentFeeDetail][Save][00000000-0000-0000-0000-000000000000] Save method called
[08/20/2012 9:19:04 PM][DEBUG][clChildProgEnrollmentFeeDetail][Save][00000000-0000-0000-0000-000000000000] Debug Save called
[08/20/2012 9:19:04 PM][INFO][clAddEditChild][ChildEnrollmentStatusSave][00000000-0000-0000-0000-000000000000] Execute ChildEnrollmentStatusSave Method
[08/20/2012 9:19:04 PM][DEBUG][clAddEditChild][ChildEnrollmentStatusSave][00000000-0000-0000-0000-000000000000] Debug ChildEnrollmentStatusSave Method
[08/20/2012 9:19:24 PM][INFO][clAddEditChild][ChildSave][00000000-0000-0000-0000-000000000000] Execute ChildSave Method
[08/20/2012 9:19:29 PM][DEBUG][clAddEditChild][ChildSave][00000000-0000-0000-0000-000000000000] Debug ChildSave Method
[08/20/2012 9:20:54 PM][INFO][clAddEditChild][ChildProgEnrollmentSave][00000000-0000-0000-0000-000000000000] Execute ChildProgEnrollmentSave Method
[08/20/2012 9:20:54 PM][DEBUG][clAddEditChild][ChildProgEnrollmentSave][00000000-0000-0000-0000-000000000000] Debug ChildProgEnrollmentSave Method
[08/20/2012 9:20:54 PM][INFO][clChildProgEnrollmentFeeDetail][Save][00000000-0000-0000-0000-000000000000] Save method called
[08/20/2012 9:20:54 PM][DEBUG][clChildProgEnrollmentFeeDetail][Save][00000000-0000-0000-0000-000000000000] Debug Save called
[08/20/2012 9:20:54 PM][INFO][clAddEditChild][ChildEnrollmentStatusSave][00000000-0000-0000-0000-000000000000] Execute ChildEnrollmentStatusSave Method
[08/20/2012 9:20:54 PM][DEBUG][clAddEditChild][ChildEnrollmentStatusSave][00000000-0000-0000-0000-000000000000] Debug ChildEnrollmentStatusSave Method
[08/20/2012 9:20:54 PM][INFO][clAddEditChild][LoadChildDataList][00000000-0000-0000-0000-000000000000] Execute LoadChildDataList Method
[08/20/2012 9:20:54 PM][DEBUG][clAddEditChild][LoadChildDataList][00000000-0000-0000-0000-000000000000] Debug LoadChildDataList Method
[08/20/2012 9:20:54 PM][INFO][clEnrollmentStatus][LoadEnrollmentStatus][00000000-0000-0000-0000-000000000000] Execute LoadEnrollmentStatus Method
[08/20/2012 9:20:54 PM][DEBUG][clEnrollmentStatus][LoadEnrollmentStatus][00000000-0000-0000-0000-000000000000] Debug LoadEnrollmentStatus Method
[08/20/2012 9:20:54 PM][INFO][clAddEditChild][GetFessPeriodFromSchoolProgramFeesDetail][00000000-0000-0000-0000-000000000000] Execute GetFessPeriodFromSchoolProgramFeesDetail Method
[08/20/2012 9:20:54 PM][DEBUG][clAddEditChild][GetFessPeriodFromSchoolProgramFeesDetail][00000000-0000-0000-0000-000000000000] Debug GetFessPeriodFromSchoolProgramFeesDetail Method
[08/20/2012 9:20:54 PM][INFO][clAddEditChild][LoadProgClassRoom][00000000-0000-0000-0000-000000000000] Execute LoadProgClassRoom Method
[08/20/2012 9:20:54 PM][DEBUG][clAddEditChild][LoadProgClassRoom][00000000-0000-0000-0000-000000000000] Debug LoadProgClassRoom Method
[08/20/2012 9:20:54 PM][INFO][clAddEditChild][LoadProgClassRoom][00000000-0000-0000-0000-000000000000] Execute LoadProgClassRoom Method
[08/20/2012 9:20:54 PM][DEBUG][clAddEditChild][LoadProgClassRoom][00000000-0000-0000-0000-000000000000] Debug LoadProgClassRoom Method
[08/20/2012 9:20:54 PM][INFO][clAddEditChild][LoadProgClassRoom][00000000-0000-0000-0000-000000000000] Execute LoadProgClassRoom Method
[08/20/2012 9:20:54 PM][DEBUG][clAddEditChild][LoadProgClassRoom][00000000-0000-0000-0000-000000000000] Debug LoadProgClassRoom Method
[08/20/2012 9:20:54 PM][INFO][clAddEditChild][LoadProgClassRoom][00000000-0000-0000-0000-000000000000] Execute LoadProgClassRoom Method
[08/20/2012 9:20:54 PM][DEBUG][clAddEditChild][LoadProgClassRoom][00000000-0000-0000-0000-000000000000] Debug LoadProgClassRoom Method
[08/20/2012 9:20:54 PM][INFO][clAddEditChild][LoadProgClassRoom][00000000-0000-0000-0000-000000000000] Execute LoadProgClassRoom Method
[08/20/2012 9:20:54 PM][DEBUG][clAddEditChild][LoadProgClassRoom][00000000-0000-0000-0000-000000000000] Debug LoadProgClassRoom Method
[08/20/2012 9:20:55 PM][INFO][ChildProgEnrollment][LoadProgEnrollment][00000000-0000-0000-0000-000000000000] LoadProgEnrollment method called
[08/20/2012 9:20:55 PM][DEBUG][ChildProgEnrollment][LoadProgEnrollment][00000000-0000-0000-0000-000000000000] Debug LoadProgEnrollment called
[08/20/2012 9:20:55 PM][INFO][clChildList][GetIsPrimarySchoolProgram][00000000-0000-0000-0000-000000000000] GetIsPrimarySchoolProgram method called
[08/20/2012 9:20:55 PM][DEBUG][clChildList][GetIsPrimarySchoolProgram][00000000-0000-0000-0000-000000000000] Debug GetIsPrimarySchoolProgram called
[08/20/2012 9:20:55 PM][INFO][clAddEditChild][LoadChildDataList][00000000-0000-0000-0000-000000000000] Execute LoadChildDataList Method
[08/20/2012 9:20:55 PM][DEBUG][clAddEditChild][LoadChildDataList][00000000-0000-0000-0000-000000000000] Debug LoadChildDataList Method
[08/20/2012 9:21:49 PM][INFO][clAddEditChild][LoadProgram][00000000-0000-0000-0000-000000000000] Execute LoadProgram Method
[08/20/2012 9:21:49 PM][DEBUG][clAddEditChild][LoadProgram][00000000-0000-0000-0000-000000000000] Debug LoadProgram Method
[08/20/2012 9:21:49 PM][INFO][clEnrollmentStatus][LoadEnrollmentStatus][00000000-0000-0000-0000-000000000000] Execute LoadEnrollmentStatus Method
[08/20/2012 9:21:49 PM][DEBUG][clEnrollmentStatus][LoadEnrollmentStatus][00000000-0000-0000-0000-000000000000] Debug LoadEnrollmentStatus Method
[08/20/2012 9:21:49 PM][INFO][clAddEditChild][LoadChildDataList][00000000-0000-0000-0000-000000000000] Execute LoadChildDataList Method
[08/20/2012 9:21:49 PM][DEBUG][clAddEditChild][LoadChildDataList][00000000-0000-0000-0000-000000000000] Debug LoadChildDataList Method
[08/20/2012 9:21:49 PM][INFO][clEnrollmentStatus][LoadEnrollmentStatus][00000000-0000-0000-0000-000000000000] Execute LoadEnrollmentStatus Method
[08/20/2012 9:21:49 PM][DEBUG][clEnrollmentStatus][LoadEnrollmentStatus][00000000-0000-0000-0000-000000000000] Debug LoadEnrollmentStatus Method
[08/20/2012 9:21:49 PM][INFO][clAddEditChild][GetFessPeriodFromSchoolProgramFeesDetail][00000000-0000-0000-0000-000000000000] Execute GetFessPeriodFromSchoolProgramFeesDetail Method
[08/20/2012 9:21:49 PM][DEBUG][clAddEditChild][GetFessPeriodFromSchoolProgramFeesDetail][00000000-0000-0000-0000-000000000000] Debug GetFessPeriodFromSchoolProgramFeesDetail Method
[08/20/2012 9:21:49 PM][INFO][clAddEditChild][LoadProgClassRoom][00000000-0000-0000-0000-000000000000] Execute LoadProgClassRoom Method
[08/20/2012 9:21:49 PM][DEBUG][clAddEditChild][LoadProgClassRoom][00000000-0000-0000-0000-000000000000] Debug LoadProgClassRoom Method
[08/20/2012 9:21:49 PM][INFO][clAddEditChild][LoadProgClassRoom][00000000-0000-0000-0000-000000000000] Execute LoadProgClassRoom Method
[08/20/2012 9:21:49 PM][DEBUG][clAddEditChild][LoadProgClassRoom][00000000-0000-0000-0000-000000000000] Debug LoadProgClassRoom Method
[08/20/2012 9:21:49 PM][INFO][clAddEditChild][LoadProgClassRoom][00000000-0000-0000-0000-000000000000] Execute LoadProgClassRoom Method
[08/20/2012 9:21:49 PM][DEBUG][clAddEditChild][LoadProgClassRoom][00000000-0000-0000-0000-000000000000] Debug LoadProgClassRoom Method
[08/20/2012 9:21:49 PM][INFO][clAddEditChild][LoadProgClassRoom][00000000-0000-0000-0000-000000000000] Execute LoadProgClassRoom Method
[08/20/2012 9:21:49 PM][DEBUG][clAddEditChild][LoadProgClassRoom][00000000-0000-0000-0000-000000000000] Debug LoadProgClassRoom Method
[08/20/2012 9:21:49 PM][INFO][clAddEditChild][LoadProgClassRoom][00000000-0000-0000-0000-000000000000] Execute LoadProgClassRoom Method
[08/20/2012 9:21:49 PM][DEBUG][clAddEditChild][LoadProgClassRoom][00000000-0000-0000-0000-000000000000] Debug LoadProgClassRoom Method
[08/20/2012 9:21:49 PM][INFO][ChildProgEnrollment][LoadProgEnrollment][00000000-0000-0000-0000-000000000000] LoadProgEnrollment method called
[08/20/2012 9:21:49 PM][DEBUG][ChildProgEnrollment][LoadProgEnrollment][00000000-0000-0000-0000-000000000000] Debug LoadProgEnrollment called
[08/20/2012 9:21:49 PM][INFO][clChildList][GetIsPrimarySchoolProgram][00000000-0000-0000-0000-000000000000] GetIsPrimarySchoolProgram method called
[08/20/2012 9:21:49 PM][DEBUG][clChildList][GetIsPrimarySchoolProgram][00000000-0000-0000-0000-000000000000] Debug GetIsPrimarySchoolProgram called
[08/20/2012 9:21:49 PM][INFO][clSchoolYear][GetCurrentSchoolYear][00000000-0000-0000-0000-000000000000] Execute GetCurrentSchoolYear Method
[08/20/2012 9:21:49 PM][DEBUG][clSchoolYear][GetCurrentSchoolYear][00000000-0000-0000-0000-000000000000] Debug GetCurrentSchoolYear Method
[08/20/2012 9:21:49 PM][INFO][clSchoolYear][LoadAllSchoolYear][00000000-0000-0000-0000-000000000000] Execute LoadAllSchoolYear Method
[08/20/2012 9:21:49 PM][DEBUG][clSchoolYear][LoadAllSchoolYear][00000000-0000-0000-0000-000000000000] Debug LoadAllSchoolYear Method
[08/20/2012 9:21:49 PM][INFO][clAddEditChild][LoadChildDataList][00000000-0000-0000-0000-000000000000] Execute LoadChildDataList Method
[08/20/2012 9:21:49 PM][DEBUG][clAddEditChild][LoadChildDataList][00000000-0000-0000-0000-000000000000] Debug LoadChildDataList Method
[08/20/2012 9:21:54 PM][INFO][clSchoolYear][LoadAllSchoolYear][00000000-0000-0000-0000-000000000000] Execute LoadAllSchoolYear Method
[08/20/2012 9:21:54 PM][DEBUG][clSchoolYear][LoadAllSchoolYear][00000000-0000-0000-0000-000000000000] Debug LoadAllSchoolYear Method
[08/20/2012 9:21:54 PM][INFO][clChildList][GetAllChildList][00000000-0000-0000-0000-000000000000] GetAllChildList method called
[08/20/2012 9:21:54 PM][DEBUG][clChildList][GetAllChildList][00000000-0000-0000-0000-000000000000] Debug GetAllChildList called
[08/20/2012 9:22:01 PM][INFO][clChildList][GetAllChildList][00000000-0000-0000-0000-000000000000] GetAllChildList method called
[08/20/2012 9:22:01 PM][DEBUG][clChildList][GetAllChildList][00000000-0000-0000-0000-000000000000] Debug GetAllChildList called
[08/20/2012 9:25:13 PM][INFO][clSchoolYear][LoadAllSchoolYear][00000000-0000-0000-0000-000000000000] Execute LoadAllSchoolYear Method
[08/20/2012 9:25:13 PM][DEBUG][clSchoolYear][LoadAllSchoolYear][00000000-0000-0000-0000-000000000000] Debug LoadAllSchoolYear Method
[08/20/2012 9:25:16 PM][INFO][clChildList][GetAllChildList][00000000-0000-0000-0000-000000000000] GetAllChildList method called
[08/20/2012 9:25:16 PM][DEBUG][clChildList][GetAllChildList][00000000-0000-0000-0000-000000000000] Debug GetAllChildList called
[08/20/2012 9:31:52 PM][INFO][clSchool][LoadAllSchool][00000000-0000-0000-0000-000000000000] LoadAllSchool method called
[08/20/2012 9:31:52 PM][DEBUG][clSchool][LoadAllSchool][00000000-0000-0000-0000-000000000000] Debug LoadAllSchool called
[08/20/2012 9:32:06 PM][INFO][clStaff][LoadStaffDetailsByUserNameAndPassword][00000000-0000-0000-0000-000000000000] Execute LoadStaffDetailsByUserNameAndPassword Method
[08/20/2012 9:32:06 PM][DEBUG][clStaff][LoadStaffDetailsByUserNameAndPassword][00000000-0000-0000-0000-000000000000] Debug LoadStaffDetailsByUserNameAndPassword Method
[08/20/2012 9:32:11 PM][INFO][clSchoolYear][LoadAllSchoolYear][00000000-0000-0000-0000-000000000000] Execute LoadAllSchoolYear Method
[08/20/2012 9:32:11 PM][DEBUG][clSchoolYear][LoadAllSchoolYear][00000000-0000-0000-0000-000000000000] Debug LoadAllSchoolYear Method
[08/20/2012 9:32:14 PM][INFO][clSchoolYear][LoadAllSchoolYear][00000000-0000-0000-0000-000000000000] Execute LoadAllSchoolYear Method
[08/20/2012 9:32:14 PM][DEBUG][clSchoolYear][LoadAllSchoolYear][00000000-0000-0000-0000-000000000000] Debug LoadAllSchoolYear Method
[08/20/2012 9:32:17 PM][INFO][clChildList][GetAllChildList][00000000-0000-0000-0000-000000000000] GetAllChildList method called
[08/20/2012 9:32:17 PM][DEBUG][clChildList][GetAllChildList][00000000-0000-0000-0000-000000000000] Debug GetAllChildList called
[08/20/2012 9:36:02 PM][INFO][clSchoolYear][LoadAllSchoolYear][00000000-0000-0000-0000-000000000000] Execute LoadAllSchoolYear Method
[08/20/2012 9:36:02 PM][DEBUG][clSchoolYear][LoadAllSchoolYear][00000000-0000-0000-0000-000000000000] Debug LoadAllSchoolYear Method
[08/20/2012 9:36:02 PM][INFO][clStaff][LoadStaff][00000000-0000-0000-0000-000000000000] Execute LoadStaff Method
[08/20/2012 9:36:02 PM][DEBUG][clStaff][LoadStaff][00000000-0000-0000-0000-000000000000] Debug LoadStaff Method
[08/20/2012 9:36:02 PM][INFO][clStaff][LoadStaffDetailsByUserNameAndPassword][00000000-0000-0000-0000-000000000000] Execute LoadStaffDetailsByUserNameAndPassword Method
[08/20/2012 9:36:02 PM][INFO][clStaff][ISStaffinCurrentYear][00000000-0000-0000-0000-000000000000] ISStaffinCurrentYear function debug
[08/20/2012 9:36:02 PM][INFO][clStaff][LoadStaffDetailsByUserNameAndPassword][00000000-0000-0000-0000-000000000000] Execute LoadStaffDetailsByUserNameAndPassword Method
[08/20/2012 9:36:02 PM][INFO][clStaff][ISStaffinCurrentYear][00000000-0000-0000-0000-000000000000] ISStaffinCurrentYear function debug
[08/20/2012 9:36:02 PM][INFO][clStaff][LoadStaffDetailsByUserNameAndPassword][00000000-0000-0000-0000-000000000000] Execute LoadStaffDetailsByUserNameAndPassword Method
[08/20/2012 9:36:02 PM][INFO][clStaff][ISStaffinCurrentYear][00000000-0000-0000-0000-000000000000] ISStaffinCurrentYear function debug
[08/20/2012 9:36:02 PM][INFO][clStaff][LoadStaffDetailsByUserNameAndPassword][00000000-0000-0000-0000-000000000000] Execute LoadStaffDetailsByUserNameAndPassword Method
[08/20/2012 9:36:02 PM][INFO][clStaff][ISStaffinCurrentYear][00000000-0000-0000-0000-000000000000] ISStaffinCurrentYear function debug
[08/20/2012 9:36:02 PM][INFO][clStaff][LoadStaffDetailsByUserNameAndPassword][00000000-0000-0000-0000-000000000000] Execute LoadStaffDetailsByUserNameAndPassword Method
[08/20/2012 9:36:02 PM][INFO][clStaff][ISStaffinCurrentYear][00000000-0000-0000-0000-000000000000] ISStaffinCurrentYear function debug
[08/20/2012 9:36:02 PM][INFO][clStaff][LoadStaffDetailsByUserNameAndPassword][00000000-0000-0000-0000-000000000000] Execute LoadStaffDetailsByUserNameAndPassword Method
[08/20/2012 9:36:02 PM][INFO][clStaff][ISStaffinCurrentYear][00000000-0000-0000-0000-000000000000] ISStaffinCurrentYear function debug
[08/20/2012 9:36:02 PM][INFO][clStaff][LoadStaffDetailsByUserNameAndPassword][00000000-0000-0000-0000-000000000000] Execute LoadStaffDetailsByUserNameAndPassword Method
[08/20/2012 9:36:02 PM][INFO][clStaff][ISStaffinCurrentYear][00000000-0000-0000-0000-000000000000] ISStaffinCurrentYear function debug
[08/20/2012 9:36:02 PM][INFO][clStaff][LoadStaffDetailsByUserNameAndPassword][00000000-0000-0000-0000-000000000000] Execute LoadStaffDetailsByUserNameAndPassword Method
[08/20/2012 9:36:02 PM][INFO][clStaff][ISStaffinCurrentYear][00000000-0000-0000-0000-000000000000] ISStaffinCurrentYear function debug
[08/20/2012 9:36:02 PM][INFO][clStaff][LoadStaffDetailsByUserNameAndPassword][00000000-0000-0000-0000-000000000000] Execute LoadStaffDetailsByUserNameAndPassword Method
[08/20/2012 9:36:02 PM][INFO][clStaff][ISStaffinCurrentYear][00000000-0000-0000-0000-000000000000] ISStaffinCurrentYear function debug
[08/20/2012 9:36:02 PM][INFO][clStaff][LoadStaffDetailsByUserNameAndPassword][00000000-0000-0000-0000-000000000000] Execute LoadStaffDetailsByUserNameAndPassword Method
[08/20/2012 9:36:02 PM][INFO][clStaff][ISStaffinCurrentYear][00000000-0000-0000-0000-000000000000] ISStaffinCurrentYear function debug
[08/20/2012 9:36:02 PM][INFO][clStaff][LoadStaffDetailsByUserNameAndPassword][00000000-0000-0000-0000-000000000000] Execute LoadStaffDetailsByUserNameAndPassword Method
[08/20/2012 9:36:02 PM][INFO][clStaff][ISStaffinCurrentYear][00000000-0000-0000-0000-000000000000] ISStaffinCurrentYear function debug
[08/20/2012 9:36:02 PM][INFO][clStaff][LoadStaffDetailsByUserNameAndPassword][00000000-0000-0000-0000-000000000000] Execute LoadStaffDetailsByUserNameAndPassword Method
[08/20/2012 9:36:02 PM][INFO][clStaff][ISStaffinCurrentYear][00000000-0000-0000-0000-000000000000] ISStaffinCurrentYear function debug
[08/20/2012 9:36:02 PM][INFO][clStaff][LoadStaffDetailsByUserNameAndPassword][00000000-0000-0000-0000-000000000000] Execute LoadStaffDetailsByUserNameAndPassword Method
[08/20/2012 9:36:02 PM][INFO][clStaff][ISStaffinCurrentYear][00000000-0000-0000-0000-000000000000] ISStaffinCurrentYear function debug
[08/20/2012 9:36:02 PM][INFO][clStaff][LoadStaffDetailsByUserNameAndPassword][00000000-0000-0000-0000-000000000000] Execute LoadStaffDetailsByUserNameAndPassword Method
[08/20/2012 9:36:02 PM][INFO][clStaff][ISStaffinCurrentYear][00000000-0000-0000-0000-000000000000] ISStaffinCurrentYear function debug
[08/20/2012 9:36:02 PM][INFO][clStaff][LoadStaffDetailsByUserNameAndPassword][00000000-0000-0000-0000-000000000000] Execute LoadStaffDetailsByUserNameAndPassword Method
[08/20/2012 9:36:02 PM][INFO][clStaff][ISStaffinCurrentYear][00000000-0000-0000-0000-000000000000] ISStaffinCurrentYear function debug
[08/20/2012 9:36:08 PM][INFO][clSchoolYear][LoadAllSchoolYear][00000000-0000-0000-0000-000000000000] Execute LoadAllSchoolYear Method
[08/20/2012 9:36:08 PM][DEBUG][clSchoolYear][LoadAllSchoolYear][00000000-0000-0000-0000-000000000000] Debug LoadAllSchoolYear Method
[08/20/2012 9:36:10 PM][INFO][clChildList][GetAllChildList][00000000-0000-0000-0000-000000000000] GetAllChildList method called
[08/20/2012 9:36:10 PM][DEBUG][clChildList][GetAllChildList][00000000-0000-0000-0000-000000000000] Debug GetAllChildList called
[08/20/2012 9:36:21 PM][INFO][clChildList][GetAllChildList][00000000-0000-0000-0000-000000000000] GetAllChildList method called
[08/20/2012 9:36:21 PM][DEBUG][clChildList][GetAllChildList][00000000-0000-0000-0000-000000000000] Debug GetAllChildList called
