[08/23/2012 10:53:19 AM][INFO][clSchool][LoadAllSchool][00000000-0000-0000-0000-000000000000] LoadAllSchool method called
[08/23/2012 10:53:19 AM][DEBUG][clSchool][LoadAllSchool][00000000-0000-0000-0000-000000000000] Debug LoadAllSchool called
[08/23/2012 11:09:50 AM][INFO][clSchool][LoadAllSchool][00000000-0000-0000-0000-000000000000] LoadAllSchool method called
[08/23/2012 11:09:50 AM][DEBUG][clSchool][LoadAllSchool][00000000-0000-0000-0000-000000000000] Debug LoadAllSchool called
[08/23/2012 11:12:46 AM][EXCEPTION][clStaff][LoadChildListByClassRoomId][00000000-0000-0000-0000-000000000000] The query results cannot be enumerated more than once.
[08/23/2012 1:19:17 PM][INFO][clSchool][LoadAllSchool][00000000-0000-0000-0000-000000000000] LoadAllSchool method called
[08/23/2012 1:19:17 PM][DEBUG][clSchool][LoadAllSchool][00000000-0000-0000-0000-000000000000] Debug LoadAllSchool called
[08/23/2012 1:19:40 PM][INFO][clStaff][LoadStaffDetailsByUserNameAndPassword][00000000-0000-0000-0000-000000000000] Execute LoadStaffDetailsByUserNameAndPassword Method
[08/23/2012 1:19:40 PM][DEBUG][clStaff][LoadStaffDetailsByUserNameAndPassword][00000000-0000-0000-0000-000000000000] Debug LoadStaffDetailsByUserNameAndPassword Method
[08/23/2012 1:19:46 PM][INFO][clStaff][LoadStaffDetailsByUserNameAndPassword][00000000-0000-0000-0000-000000000000] Execute LoadStaffDetailsByUserNameAndPassword Method
[08/23/2012 1:19:46 PM][DEBUG][clStaff][LoadStaffDetailsByUserNameAndPassword][00000000-0000-0000-0000-000000000000] Debug LoadStaffDetailsByUserNameAndPassword Method
[08/23/2012 1:19:54 PM][INFO][clStaff][LoadStaffDetailsByUserNameAndPassword][00000000-0000-0000-0000-000000000000] Execute LoadStaffDetailsByUserNameAndPassword Method
[08/23/2012 1:19:54 PM][DEBUG][clStaff][LoadStaffDetailsByUserNameAndPassword][00000000-0000-0000-0000-000000000000] Debug LoadStaffDetailsByUserNameAndPassword Method
[08/23/2012 1:19:57 PM][INFO][clSchoolYear][LoadAllSchoolYear][00000000-0000-0000-0000-000000000000] Execute LoadAllSchoolYear Method
[08/23/2012 1:19:57 PM][DEBUG][clSchoolYear][LoadAllSchoolYear][00000000-0000-0000-0000-000000000000] Debug LoadAllSchoolYear Method
[08/23/2012 1:20:12 PM][INFO][clSchoolYear][LoadAllSchoolYear][00000000-0000-0000-0000-000000000000] Execute LoadAllSchoolYear Method
[08/23/2012 1:20:12 PM][DEBUG][clSchoolYear][LoadAllSchoolYear][00000000-0000-0000-0000-000000000000] Debug LoadAllSchoolYear Method
[08/23/2012 1:20:15 PM][INFO][clClassRoom][spRptStudentSchedule][00000000-0000-0000-0000-000000000000] Execute spRptStudentSchedule Method
[08/23/2012 1:20:15 PM][DEBUG][clClassRoom][spRptStudentSchedule][00000000-0000-0000-0000-000000000000] Debug spRptStudentSchedule Method
[08/23/2012 1:21:27 PM][INFO][clSchool][LoadAllSchool][00000000-0000-0000-0000-000000000000] LoadAllSchool method called
[08/23/2012 1:21:27 PM][DEBUG][clSchool][LoadAllSchool][00000000-0000-0000-0000-000000000000] Debug LoadAllSchool called
[08/23/2012 1:21:34 PM][INFO][clStaff][LoadStaffDetailsByUserNameAndPassword][00000000-0000-0000-0000-000000000000] Execute LoadStaffDetailsByUserNameAndPassword Method
[08/23/2012 1:21:34 PM][DEBUG][clStaff][LoadStaffDetailsByUserNameAndPassword][00000000-0000-0000-0000-000000000000] Debug LoadStaffDetailsByUserNameAndPassword Method
[08/23/2012 1:21:35 PM][INFO][clSchoolYear][LoadAllSchoolYear][00000000-0000-0000-0000-000000000000] Execute LoadAllSchoolYear Method
[08/23/2012 1:21:35 PM][DEBUG][clSchoolYear][LoadAllSchoolYear][00000000-0000-0000-0000-000000000000] Debug LoadAllSchoolYear Method
[08/23/2012 1:21:38 PM][INFO][clSchoolYear][LoadAllSchoolYear][00000000-0000-0000-0000-000000000000] Execute LoadAllSchoolYear Method
[08/23/2012 1:21:38 PM][DEBUG][clSchoolYear][LoadAllSchoolYear][00000000-0000-0000-0000-000000000000] Debug LoadAllSchoolYear Method
[08/23/2012 1:21:41 PM][INFO][clClassRoom][spRptStudentSchedule][00000000-0000-0000-0000-000000000000] Execute spRptStudentSchedule Method
[08/23/2012 1:21:41 PM][DEBUG][clClassRoom][spRptStudentSchedule][00000000-0000-0000-0000-000000000000] Debug spRptStudentSchedule Method
[08/23/2012 1:24:52 PM][INFO][clClassRoom][spRptStudentSchedule][00000000-0000-0000-0000-000000000000] Execute spRptStudentSchedule Method
[08/23/2012 1:24:52 PM][DEBUG][clClassRoom][spRptStudentSchedule][00000000-0000-0000-0000-000000000000] Debug spRptStudentSchedule Method
[08/23/2012 1:27:51 PM][INFO][clClassRoom][spRptStudentSchedule][00000000-0000-0000-0000-000000000000] Execute spRptStudentSchedule Method
[08/23/2012 1:27:51 PM][DEBUG][clClassRoom][spRptStudentSchedule][00000000-0000-0000-0000-000000000000] Debug spRptStudentSchedule Method
[08/23/2012 1:28:27 PM][INFO][clSchool][LoadAllSchool][00000000-0000-0000-0000-000000000000] LoadAllSchool method called
[08/23/2012 1:28:27 PM][DEBUG][clSchool][LoadAllSchool][00000000-0000-0000-0000-000000000000] Debug LoadAllSchool called
[08/23/2012 1:28:35 PM][INFO][clStaff][LoadStaffDetailsByUserNameAndPassword][00000000-0000-0000-0000-000000000000] Execute LoadStaffDetailsByUserNameAndPassword Method
[08/23/2012 1:28:35 PM][DEBUG][clStaff][LoadStaffDetailsByUserNameAndPassword][00000000-0000-0000-0000-000000000000] Debug LoadStaffDetailsByUserNameAndPassword Method
[08/23/2012 1:28:35 PM][INFO][clSchoolYear][LoadAllSchoolYear][00000000-0000-0000-0000-000000000000] Execute LoadAllSchoolYear Method
[08/23/2012 1:28:35 PM][DEBUG][clSchoolYear][LoadAllSchoolYear][00000000-0000-0000-0000-000000000000] Debug LoadAllSchoolYear Method
[08/23/2012 1:28:37 PM][INFO][clSchoolYear][LoadAllSchoolYear][00000000-0000-0000-0000-000000000000] Execute LoadAllSchoolYear Method
[08/23/2012 1:28:37 PM][DEBUG][clSchoolYear][LoadAllSchoolYear][00000000-0000-0000-0000-000000000000] Debug LoadAllSchoolYear Method
[08/23/2012 1:28:41 PM][INFO][clClassRoom][spRptStudentSchedule][00000000-0000-0000-0000-000000000000] Execute spRptStudentSchedule Method
[08/23/2012 1:28:41 PM][DEBUG][clClassRoom][spRptStudentSchedule][00000000-0000-0000-0000-000000000000] Debug spRptStudentSchedule Method
[08/23/2012 1:28:51 PM][INFO][clSchool][LoadAllSchool][00000000-0000-0000-0000-000000000000] LoadAllSchool method called
[08/23/2012 1:28:51 PM][DEBUG][clSchool][LoadAllSchool][00000000-0000-0000-0000-000000000000] Debug LoadAllSchool called
[08/23/2012 1:28:58 PM][INFO][clStaff][LoadStaffDetailsByUserNameAndPassword][00000000-0000-0000-0000-000000000000] Execute LoadStaffDetailsByUserNameAndPassword Method
[08/23/2012 1:28:58 PM][DEBUG][clStaff][LoadStaffDetailsByUserNameAndPassword][00000000-0000-0000-0000-000000000000] Debug LoadStaffDetailsByUserNameAndPassword Method
[08/23/2012 1:28:58 PM][INFO][clSchoolYear][LoadAllSchoolYear][00000000-0000-0000-0000-000000000000] Execute LoadAllSchoolYear Method
[08/23/2012 1:28:59 PM][DEBUG][clSchoolYear][LoadAllSchoolYear][00000000-0000-0000-0000-000000000000] Debug LoadAllSchoolYear Method
[08/23/2012 1:29:01 PM][INFO][clSchoolYear][LoadAllSchoolYear][00000000-0000-0000-0000-000000000000] Execute LoadAllSchoolYear Method
[08/23/2012 1:29:01 PM][DEBUG][clSchoolYear][LoadAllSchoolYear][00000000-0000-0000-0000-000000000000] Debug LoadAllSchoolYear Method
[08/23/2012 1:29:03 PM][INFO][clClassRoom][spRptStudentSchedule][00000000-0000-0000-0000-000000000000] Execute spRptStudentSchedule Method
[08/23/2012 1:29:03 PM][DEBUG][clClassRoom][spRptStudentSchedule][00000000-0000-0000-0000-000000000000] Debug spRptStudentSchedule Method
[08/23/2012 1:29:26 PM][INFO][clChildList][LoadChildAttendanceHistoryList][00000000-0000-0000-0000-000000000000] LoadChildAttendanceHistoryList method called
[08/23/2012 1:29:26 PM][DEBUG][clFamilyPayment][LoadChildAttendanceHistoryList][00000000-0000-0000-0000-000000000000] Debug LoadChildAttendanceHistoryList called
[08/23/2012 1:29:26 PM][INFO][clSchoolYear][LoadAllSchoolYear][00000000-0000-0000-0000-000000000000] Execute LoadAllSchoolYear Method
[08/23/2012 1:29:26 PM][DEBUG][clSchoolYear][LoadAllSchoolYear][00000000-0000-0000-0000-000000000000] Debug LoadAllSchoolYear Method
