[8/29/2011 11:30:47 AM][INFO][clStaff][LoadStaffDetailsByUserNameAndPassword][00000000-0000-0000-0000-000000000000] Execute LoadStaffDetailsByUserNameAndPassword Method
[8/29/2011 11:30:47 AM][DEBUG][clStaff][LoadStaffDetailsByUserNameAndPassword][00000000-0000-0000-0000-000000000000] Debug LoadStaffDetailsByUserNameAndPassword Method
[8/29/2011 11:30:52 AM][INFO][clSchoolYear][LoadAllSchoolYear][00000000-0000-0000-0000-000000000000] Execute LoadAllSchoolYear Method
[8/29/2011 11:30:52 AM][DEBUG][clSchoolYear][LoadAllSchoolYear][00000000-0000-0000-0000-000000000000] Debug LoadAllSchoolYear Method
[8/29/2011 11:30:52 AM][INFO][clSchoolYear][GetCurrentSchoolYear][00000000-0000-0000-0000-000000000000] Execute GetCurrentSchoolYear Method
[8/29/2011 11:30:52 AM][DEBUG][clSchoolYear][GetCurrentSchoolYear][00000000-0000-0000-0000-000000000000] Debug GetCurrentSchoolYear Method
[8/29/2011 11:30:55 AM][INFO][clStaff][LoadStaff][00000000-0000-0000-0000-000000000000] Execute LoadStaff Method
[8/29/2011 11:30:55 AM][DEBUG][clStaff][LoadStaff][00000000-0000-0000-0000-000000000000] Debug LoadStaff Method
[8/29/2011 11:30:55 AM][INFO][clStaff][LoadStaffDetailsByUserNameAndPassword][00000000-0000-0000-0000-000000000000] Execute LoadStaffDetailsByUserNameAndPassword Method
[8/29/2011 11:30:55 AM][INFO][clStaff][ISStaffinCurrentYear][00000000-0000-0000-0000-000000000000] ISStaffinCurrentYear function debug
[8/29/2011 11:30:55 AM][INFO][clStaff][LoadStaffDetailsByUserNameAndPassword][00000000-0000-0000-0000-000000000000] Execute LoadStaffDetailsByUserNameAndPassword Method
[8/29/2011 11:30:55 AM][INFO][clStaff][ISStaffinCurrentYear][00000000-0000-0000-0000-000000000000] ISStaffinCurrentYear function debug
[8/29/2011 11:30:55 AM][INFO][clStaff][LoadStaffDetailsByUserNameAndPassword][00000000-0000-0000-0000-000000000000] Execute LoadStaffDetailsByUserNameAndPassword Method
[8/29/2011 11:30:55 AM][INFO][clStaff][ISStaffinCurrentYear][00000000-0000-0000-0000-000000000000] ISStaffinCurrentYear function debug
[8/29/2011 11:30:55 AM][INFO][clStaff][LoadStaffDetailsByUserNameAndPassword][00000000-0000-0000-0000-000000000000] Execute LoadStaffDetailsByUserNameAndPassword Method
[8/29/2011 11:30:55 AM][INFO][clStaff][ISStaffinCurrentYear][00000000-0000-0000-0000-000000000000] ISStaffinCurrentYear function debug
[8/29/2011 11:31:13 AM][INFO][clSchoolProgram][LoadSchoolProgram][00000000-0000-0000-0000-000000000000] Execute LoadSchoolProgram Method
[8/29/2011 11:31:13 AM][DEBUG][clSchoolProgram][LoadSchoolProgram][00000000-0000-0000-0000-000000000000] Debug LoadSchoolProgram Method
[8/29/2011 11:31:17 AM][INFO][clProgSchedule][LoadProgSchedule][00000000-0000-0000-0000-000000000000] Execute LoadProgSchedule Method
[8/29/2011 11:31:17 AM][DEBUG][clProgSchedule][LoadProgSchedule][00000000-0000-0000-0000-000000000000] Debug LoadProgSchedule Method
[8/29/2011 11:31:22 AM][INFO][clSchoolYear][GetCurrentSchoolYear][00000000-0000-0000-0000-000000000000] Execute GetCurrentSchoolYear Method
[8/29/2011 11:31:22 AM][DEBUG][clSchoolYear][GetCurrentSchoolYear][00000000-0000-0000-0000-000000000000] Debug GetCurrentSchoolYear Method
[8/29/2011 11:31:22 AM][INFO][clProgSchedule][LoadProgSchedule][00000000-0000-0000-0000-000000000000] Execute LoadProgSchedule Method
[8/29/2011 11:31:22 AM][DEBUG][clProgSchedule][LoadProgSchedule][00000000-0000-0000-0000-000000000000] Debug LoadProgSchedule Method
[8/29/2011 11:31:55 AM][INFO][clSchoolYear][GetCurrentSchoolYear][00000000-0000-0000-0000-000000000000] Execute GetCurrentSchoolYear Method
[8/29/2011 11:31:55 AM][DEBUG][clSchoolYear][GetCurrentSchoolYear][00000000-0000-0000-0000-000000000000] Debug GetCurrentSchoolYear Method
[8/29/2011 11:31:59 AM][INFO][ClassRoom][SubmitRecord][00000000-0000-0000-0000-000000000000] Submit record method called
[8/29/2011 11:31:59 AM][DEBUG][ClassRoom][SubmitRecord][00000000-0000-0000-0000-000000000000]  Debug Submit record method called of ClassRoom
[8/29/2011 11:32:01 AM][INFO][clProgSchedule][LoadProgClassRoom][00000000-0000-0000-0000-000000000000] Execute LoadProgClassRoom Method
[8/29/2011 11:32:04 AM][DEBUG][clProgSchedule][LoadProgClassRoom][00000000-0000-0000-0000-000000000000] Debug LoadProgClassRoom Method
[8/29/2011 11:33:45 AM][INFO][clProgSchedule][Save][00000000-0000-0000-0000-000000000000] Execute Save Method
[8/29/2011 11:33:45 AM][DEBUG][clProgSchedule][Save][00000000-0000-0000-0000-000000000000] Debug Save Method
[8/29/2011 11:33:45 AM][INFO][clProgSchedule][LoadProgSchedule][00000000-0000-0000-0000-000000000000] Execute LoadProgSchedule Method
[8/29/2011 11:33:45 AM][DEBUG][clProgSchedule][LoadProgSchedule][00000000-0000-0000-0000-000000000000] Debug LoadProgSchedule Method
[8/29/2011 11:37:36 AM][INFO][clSchoolYear][GetCurrentSchoolYear][00000000-0000-0000-0000-000000000000] Execute GetCurrentSchoolYear Method
[8/29/2011 11:37:36 AM][DEBUG][clSchoolYear][GetCurrentSchoolYear][00000000-0000-0000-0000-000000000000] Debug GetCurrentSchoolYear Method
[8/29/2011 11:37:36 AM][INFO][clProgSchedule][LoadProgSchedule][00000000-0000-0000-0000-000000000000] Execute LoadProgSchedule Method
[8/29/2011 11:37:36 AM][DEBUG][clProgSchedule][LoadProgSchedule][00000000-0000-0000-0000-000000000000] Debug LoadProgSchedule Method
[8/29/2011 11:37:38 AM][INFO][clSchoolYear][GetCurrentSchoolYear][00000000-0000-0000-0000-000000000000] Execute GetCurrentSchoolYear Method
[8/29/2011 11:37:38 AM][DEBUG][clSchoolYear][GetCurrentSchoolYear][00000000-0000-0000-0000-000000000000] Debug GetCurrentSchoolYear Method
[8/29/2011 11:37:38 AM][INFO][clProgSchedule][LoadProgSchedule][00000000-0000-0000-0000-000000000000] Execute LoadProgSchedule Method
[8/29/2011 11:37:38 AM][DEBUG][clProgSchedule][LoadProgSchedule][00000000-0000-0000-0000-000000000000] Debug LoadProgSchedule Method
[8/29/2011 11:37:56 AM][INFO][clSchoolYear][GetCurrentSchoolYear][00000000-0000-0000-0000-000000000000] Execute GetCurrentSchoolYear Method
[8/29/2011 11:37:56 AM][DEBUG][clSchoolYear][GetCurrentSchoolYear][00000000-0000-0000-0000-000000000000] Debug GetCurrentSchoolYear Method
[8/29/2011 11:37:58 AM][INFO][ClassRoom][SubmitRecord][00000000-0000-0000-0000-000000000000] Submit record method called
[8/29/2011 11:37:58 AM][DEBUG][ClassRoom][SubmitRecord][00000000-0000-0000-0000-000000000000]  Debug Submit record method called of ClassRoom
[8/29/2011 11:38:00 AM][INFO][clProgSchedule][LoadProgClassRoom][00000000-0000-0000-0000-000000000000] Execute LoadProgClassRoom Method
[8/29/2011 11:38:02 AM][DEBUG][clProgSchedule][LoadProgClassRoom][00000000-0000-0000-0000-000000000000] Debug LoadProgClassRoom Method
[8/29/2011 1:00:47 PM][INFO][clStaff][LoadStaffDetailsByUserNameAndPassword][00000000-0000-0000-0000-000000000000] Execute LoadStaffDetailsByUserNameAndPassword Method
[8/29/2011 1:00:47 PM][DEBUG][clStaff][LoadStaffDetailsByUserNameAndPassword][00000000-0000-0000-0000-000000000000] Debug LoadStaffDetailsByUserNameAndPassword Method
[8/29/2011 1:00:51 PM][INFO][clSchoolYear][LoadAllSchoolYear][00000000-0000-0000-0000-000000000000] Execute LoadAllSchoolYear Method
[8/29/2011 1:00:51 PM][DEBUG][clSchoolYear][LoadAllSchoolYear][00000000-0000-0000-0000-000000000000] Debug LoadAllSchoolYear Method
[8/29/2011 1:00:51 PM][INFO][clSchoolYear][GetCurrentSchoolYear][00000000-0000-0000-0000-000000000000] Execute GetCurrentSchoolYear Method
[8/29/2011 1:00:51 PM][DEBUG][clSchoolYear][GetCurrentSchoolYear][00000000-0000-0000-0000-000000000000] Debug GetCurrentSchoolYear Method
[8/29/2011 1:00:52 PM][INFO][clStaff][LoadStaff][00000000-0000-0000-0000-000000000000] Execute LoadStaff Method
[8/29/2011 1:00:52 PM][DEBUG][clStaff][LoadStaff][00000000-0000-0000-0000-000000000000] Debug LoadStaff Method
[8/29/2011 1:00:52 PM][INFO][clStaff][LoadStaffDetailsByUserNameAndPassword][00000000-0000-0000-0000-000000000000] Execute LoadStaffDetailsByUserNameAndPassword Method
[8/29/2011 1:00:52 PM][INFO][clStaff][ISStaffinCurrentYear][00000000-0000-0000-0000-000000000000] ISStaffinCurrentYear function debug
[8/29/2011 1:00:52 PM][INFO][clStaff][LoadStaffDetailsByUserNameAndPassword][00000000-0000-0000-0000-000000000000] Execute LoadStaffDetailsByUserNameAndPassword Method
[8/29/2011 1:00:52 PM][INFO][clStaff][ISStaffinCurrentYear][00000000-0000-0000-0000-000000000000] ISStaffinCurrentYear function debug
[8/29/2011 1:00:52 PM][INFO][clStaff][LoadStaffDetailsByUserNameAndPassword][00000000-0000-0000-0000-000000000000] Execute LoadStaffDetailsByUserNameAndPassword Method
[8/29/2011 1:00:52 PM][INFO][clStaff][ISStaffinCurrentYear][00000000-0000-0000-0000-000000000000] ISStaffinCurrentYear function debug
[8/29/2011 1:00:52 PM][INFO][clStaff][LoadStaffDetailsByUserNameAndPassword][00000000-0000-0000-0000-000000000000] Execute LoadStaffDetailsByUserNameAndPassword Method
[8/29/2011 1:00:52 PM][INFO][clStaff][ISStaffinCurrentYear][00000000-0000-0000-0000-000000000000] ISStaffinCurrentYear function debug
[8/29/2011 1:01:03 PM][INFO][clSchoolProgram][LoadSchoolProgram][00000000-0000-0000-0000-000000000000] Execute LoadSchoolProgram Method
[8/29/2011 1:01:03 PM][DEBUG][clSchoolProgram][LoadSchoolProgram][00000000-0000-0000-0000-000000000000] Debug LoadSchoolProgram Method
[8/29/2011 1:01:06 PM][INFO][clProgSchedule][LoadProgSchedule][00000000-0000-0000-0000-000000000000] Execute LoadProgSchedule Method
[8/29/2011 1:01:06 PM][DEBUG][clProgSchedule][LoadProgSchedule][00000000-0000-0000-0000-000000000000] Debug LoadProgSchedule Method
[8/29/2011 1:01:11 PM][INFO][clSchoolYear][GetCurrentSchoolYear][00000000-0000-0000-0000-000000000000] Execute GetCurrentSchoolYear Method
[8/29/2011 1:01:11 PM][DEBUG][clSchoolYear][GetCurrentSchoolYear][00000000-0000-0000-0000-000000000000] Debug GetCurrentSchoolYear Method
[8/29/2011 1:01:12 PM][INFO][clProgSchedule][LoadProgSchedule][00000000-0000-0000-0000-000000000000] Execute LoadProgSchedule Method
[8/29/2011 1:01:12 PM][DEBUG][clProgSchedule][LoadProgSchedule][00000000-0000-0000-0000-000000000000] Debug LoadProgSchedule Method
[8/29/2011 1:01:28 PM][INFO][clSchoolYear][GetCurrentSchoolYear][00000000-0000-0000-0000-000000000000] Execute GetCurrentSchoolYear Method
[8/29/2011 1:01:28 PM][DEBUG][clSchoolYear][GetCurrentSchoolYear][00000000-0000-0000-0000-000000000000] Debug GetCurrentSchoolYear Method
[8/29/2011 1:01:30 PM][INFO][ClassRoom][SubmitRecord][00000000-0000-0000-0000-000000000000] Submit record method called
[8/29/2011 1:01:30 PM][DEBUG][ClassRoom][SubmitRecord][00000000-0000-0000-0000-000000000000]  Debug Submit record method called of ClassRoom
[8/29/2011 1:01:31 PM][INFO][clProgSchedule][LoadProgClassRoom][00000000-0000-0000-0000-000000000000] Execute LoadProgClassRoom Method
[8/29/2011 1:01:31 PM][DEBUG][clProgSchedule][LoadProgClassRoom][00000000-0000-0000-0000-000000000000] Debug LoadProgClassRoom Method
[8/29/2011 1:04:15 PM][INFO][clSchoolYear][GetCurrentSchoolYear][00000000-0000-0000-0000-000000000000] Execute GetCurrentSchoolYear Method
[8/29/2011 1:04:15 PM][DEBUG][clSchoolYear][GetCurrentSchoolYear][00000000-0000-0000-0000-000000000000] Debug GetCurrentSchoolYear Method
[8/29/2011 1:04:15 PM][INFO][clProgSchedule][LoadProgSchedule][00000000-0000-0000-0000-000000000000] Execute LoadProgSchedule Method
[8/29/2011 1:04:15 PM][DEBUG][clProgSchedule][LoadProgSchedule][00000000-0000-0000-0000-000000000000] Debug LoadProgSchedule Method
[8/29/2011 1:04:21 PM][INFO][clProgSchedule][LoadProgSchedule][00000000-0000-0000-0000-000000000000] Execute LoadProgSchedule Method
[8/29/2011 1:04:21 PM][DEBUG][clProgSchedule][LoadProgSchedule][00000000-0000-0000-0000-000000000000] Debug LoadProgSchedule Method
[8/29/2011 1:04:23 PM][INFO][clSchoolYear][GetCurrentSchoolYear][00000000-0000-0000-0000-000000000000] Execute GetCurrentSchoolYear Method
[8/29/2011 1:04:23 PM][DEBUG][clSchoolYear][GetCurrentSchoolYear][00000000-0000-0000-0000-000000000000] Debug GetCurrentSchoolYear Method
[8/29/2011 1:04:23 PM][INFO][clProgSchedule][LoadProgSchedule][00000000-0000-0000-0000-000000000000] Execute LoadProgSchedule Method
[8/29/2011 1:04:23 PM][DEBUG][clProgSchedule][LoadProgSchedule][00000000-0000-0000-0000-000000000000] Debug LoadProgSchedule Method
[8/29/2011 1:04:54 PM][INFO][clProgSchedule][LoadProgSchedule][00000000-0000-0000-0000-000000000000] Execute LoadProgSchedule Method
[8/29/2011 1:04:54 PM][DEBUG][clProgSchedule][LoadProgSchedule][00000000-0000-0000-0000-000000000000] Debug LoadProgSchedule Method
[8/29/2011 1:04:57 PM][INFO][clSchoolYear][GetCurrentSchoolYear][00000000-0000-0000-0000-000000000000] Execute GetCurrentSchoolYear Method
[8/29/2011 1:04:57 PM][DEBUG][clSchoolYear][GetCurrentSchoolYear][00000000-0000-0000-0000-000000000000] Debug GetCurrentSchoolYear Method
[8/29/2011 1:04:58 PM][INFO][clProgSchedule][LoadProgSchedule][00000000-0000-0000-0000-000000000000] Execute LoadProgSchedule Method
[8/29/2011 1:04:58 PM][DEBUG][clProgSchedule][LoadProgSchedule][00000000-0000-0000-0000-000000000000] Debug LoadProgSchedule Method
[8/29/2011 1:05:02 PM][INFO][clSchoolYear][GetCurrentSchoolYear][00000000-0000-0000-0000-000000000000] Execute GetCurrentSchoolYear Method
[8/29/2011 1:05:02 PM][DEBUG][clSchoolYear][GetCurrentSchoolYear][00000000-0000-0000-0000-000000000000] Debug GetCurrentSchoolYear Method
[8/29/2011 1:05:03 PM][INFO][ClassRoom][SubmitRecord][00000000-0000-0000-0000-000000000000] Submit record method called
[8/29/2011 1:05:03 PM][DEBUG][ClassRoom][SubmitRecord][00000000-0000-0000-0000-000000000000]  Debug Submit record method called of ClassRoom
[8/29/2011 1:05:03 PM][INFO][clProgSchedule][LoadProgClassRoom][00000000-0000-0000-0000-000000000000] Execute LoadProgClassRoom Method
[8/29/2011 1:05:03 PM][DEBUG][clProgSchedule][LoadProgClassRoom][00000000-0000-0000-0000-000000000000] Debug LoadProgClassRoom Method
[8/29/2011 1:05:03 PM][INFO][clProgSchedule][Save][00000000-0000-0000-0000-000000000000] Execute Save Method
[8/29/2011 1:05:03 PM][DEBUG][clProgSchedule][Save][00000000-0000-0000-0000-000000000000] Debug Save Method
[8/29/2011 1:05:04 PM][INFO][clProgSchedule][LoadProgSchedule][00000000-0000-0000-0000-000000000000] Execute LoadProgSchedule Method
[8/29/2011 1:05:04 PM][DEBUG][clProgSchedule][LoadProgSchedule][00000000-0000-0000-0000-000000000000] Debug LoadProgSchedule Method
[8/29/2011 1:05:12 PM][INFO][clProgSchedule][LoadProgSchedule][00000000-0000-0000-0000-000000000000] Execute LoadProgSchedule Method
[8/29/2011 1:05:12 PM][DEBUG][clProgSchedule][LoadProgSchedule][00000000-0000-0000-0000-000000000000] Debug LoadProgSchedule Method
[8/29/2011 1:05:16 PM][INFO][clSchoolYear][GetCurrentSchoolYear][00000000-0000-0000-0000-000000000000] Execute GetCurrentSchoolYear Method
[8/29/2011 1:05:16 PM][DEBUG][clSchoolYear][GetCurrentSchoolYear][00000000-0000-0000-0000-000000000000] Debug GetCurrentSchoolYear Method
[8/29/2011 1:05:16 PM][INFO][clProgSchedule][LoadProgSchedule][00000000-0000-0000-0000-000000000000] Execute LoadProgSchedule Method
[8/29/2011 1:05:16 PM][DEBUG][clProgSchedule][LoadProgSchedule][00000000-0000-0000-0000-000000000000] Debug LoadProgSchedule Method
[8/29/2011 1:05:46 PM][INFO][clSchoolYear][GetCurrentSchoolYear][00000000-0000-0000-0000-000000000000] Execute GetCurrentSchoolYear Method
[8/29/2011 1:05:46 PM][DEBUG][clSchoolYear][GetCurrentSchoolYear][00000000-0000-0000-0000-000000000000] Debug GetCurrentSchoolYear Method
[8/29/2011 1:05:46 PM][INFO][ClassRoom][SubmitRecord][00000000-0000-0000-0000-000000000000] Submit record method called
[8/29/2011 1:05:46 PM][DEBUG][ClassRoom][SubmitRecord][00000000-0000-0000-0000-000000000000]  Debug Submit record method called of ClassRoom
[8/29/2011 1:05:46 PM][INFO][clProgSchedule][LoadProgClassRoom][00000000-0000-0000-0000-000000000000] Execute LoadProgClassRoom Method
[8/29/2011 1:05:46 PM][DEBUG][clProgSchedule][LoadProgClassRoom][00000000-0000-0000-0000-000000000000] Debug LoadProgClassRoom Method
[8/29/2011 1:05:46 PM][INFO][clProgSchedule][Save][00000000-0000-0000-0000-000000000000] Execute Save Method
[8/29/2011 1:05:46 PM][DEBUG][clProgSchedule][Save][00000000-0000-0000-0000-000000000000] Debug Save Method
[8/29/2011 1:05:46 PM][INFO][clProgSchedule][LoadProgSchedule][00000000-0000-0000-0000-000000000000] Execute LoadProgSchedule Method
[8/29/2011 1:05:46 PM][DEBUG][clProgSchedule][LoadProgSchedule][00000000-0000-0000-0000-000000000000] Debug LoadProgSchedule Method
[8/29/2011 1:06:21 PM][INFO][clProgSchedule][LoadProgSchedule][00000000-0000-0000-0000-000000000000] Execute LoadProgSchedule Method
[8/29/2011 1:06:21 PM][DEBUG][clProgSchedule][LoadProgSchedule][00000000-0000-0000-0000-000000000000] Debug LoadProgSchedule Method
[8/29/2011 1:59:16 PM][INFO][clStaff][LoadStaffDetailsByUserNameAndPassword][00000000-0000-0000-0000-000000000000] Execute LoadStaffDetailsByUserNameAndPassword Method
[8/29/2011 1:59:16 PM][DEBUG][clStaff][LoadStaffDetailsByUserNameAndPassword][00000000-0000-0000-0000-000000000000] Debug LoadStaffDetailsByUserNameAndPassword Method
[8/29/2011 1:59:16 PM][INFO][clSchoolYear][LoadAllSchoolYear][00000000-0000-0000-0000-000000000000] Execute LoadAllSchoolYear Method
[8/29/2011 1:59:16 PM][DEBUG][clSchoolYear][LoadAllSchoolYear][00000000-0000-0000-0000-000000000000] Debug LoadAllSchoolYear Method
[8/29/2011 1:59:16 PM][INFO][clSchoolYear][GetCurrentSchoolYear][00000000-0000-0000-0000-000000000000] Execute GetCurrentSchoolYear Method
[8/29/2011 1:59:16 PM][DEBUG][clSchoolYear][GetCurrentSchoolYear][00000000-0000-0000-0000-000000000000] Debug GetCurrentSchoolYear Method
[8/29/2011 1:59:17 PM][INFO][clStaff][LoadStaff][00000000-0000-0000-0000-000000000000] Execute LoadStaff Method
[8/29/2011 1:59:17 PM][DEBUG][clStaff][LoadStaff][00000000-0000-0000-0000-000000000000] Debug LoadStaff Method
[8/29/2011 1:59:17 PM][INFO][clStaff][LoadStaffDetailsByUserNameAndPassword][00000000-0000-0000-0000-000000000000] Execute LoadStaffDetailsByUserNameAndPassword Method
[8/29/2011 1:59:17 PM][INFO][clStaff][ISStaffinCurrentYear][00000000-0000-0000-0000-000000000000] ISStaffinCurrentYear function debug
[8/29/2011 1:59:17 PM][INFO][clStaff][LoadStaffDetailsByUserNameAndPassword][00000000-0000-0000-0000-000000000000] Execute LoadStaffDetailsByUserNameAndPassword Method
[8/29/2011 1:59:17 PM][INFO][clStaff][ISStaffinCurrentYear][00000000-0000-0000-0000-000000000000] ISStaffinCurrentYear function debug
[8/29/2011 1:59:17 PM][INFO][clStaff][LoadStaffDetailsByUserNameAndPassword][00000000-0000-0000-0000-000000000000] Execute LoadStaffDetailsByUserNameAndPassword Method
[8/29/2011 1:59:17 PM][INFO][clStaff][ISStaffinCurrentYear][00000000-0000-0000-0000-000000000000] ISStaffinCurrentYear function debug
[8/29/2011 1:59:18 PM][INFO][clStaff][LoadStaffDetailsByUserNameAndPassword][00000000-0000-0000-0000-000000000000] Execute LoadStaffDetailsByUserNameAndPassword Method
[8/29/2011 1:59:18 PM][INFO][clStaff][ISStaffinCurrentYear][00000000-0000-0000-0000-000000000000] ISStaffinCurrentYear function debug
[8/29/2011 1:59:20 PM][INFO][clFamilyData][LoadFamilyData][00000000-0000-0000-0000-000000000000] Execute LoadFamilyData Method
[8/29/2011 1:59:20 PM][DEBUG][clFamilyData][LoadFamilyData][00000000-0000-0000-0000-000000000000] Debug LoadFamilyData Method
[8/29/2011 1:59:20 PM][INFO][clSchoolYear][GetCurrentSchoolYear][00000000-0000-0000-0000-000000000000] Execute GetCurrentSchoolYear Method
[8/29/2011 1:59:20 PM][DEBUG][clSchoolYear][GetCurrentSchoolYear][00000000-0000-0000-0000-000000000000] Debug GetCurrentSchoolYear Method
[8/29/2011 1:59:23 PM][INFO][clChildData][LoadChildDataList][00000000-0000-0000-0000-000000000000] Execute LoadChildDataList Method
[8/29/2011 1:59:23 PM][DEBUG][clChildData][LoadChildDataList][00000000-0000-0000-0000-000000000000] Debug LoadChildDataList Method
[8/29/2011 1:59:23 PM][INFO][clChildData][LoadChildDataList][00000000-0000-0000-0000-000000000000] Execute LoadChildDataList Method
[8/29/2011 1:59:23 PM][DEBUG][clChildData][LoadChildDataList][00000000-0000-0000-0000-000000000000] Debug LoadChildDataList Method
[8/29/2011 1:59:27 PM][INFO][clSchoolProgram][LoadSchoolProgram][00000000-0000-0000-0000-000000000000] Execute LoadSchoolProgram Method
[8/29/2011 1:59:27 PM][DEBUG][clSchoolProgram][LoadSchoolProgram][00000000-0000-0000-0000-000000000000] Debug LoadSchoolProgram Method
[8/29/2011 1:59:27 PM][INFO][clChildSchedule][LoadChildSchedule][00000000-0000-0000-0000-000000000000] Execute LoadChildSchedule Method
[8/29/2011 1:59:27 PM][DEBUG][clChildSchedule][LoadChildSchedule][00000000-0000-0000-0000-000000000000] Debug LoadChildSchedule Method
[8/29/2011 1:59:59 PM][INFO][clProgClassCategory][LoadProgClassCategoryForChildSchedule][00000000-0000-0000-0000-000000000000] Execute LoadProgClassCategoryForChildSchedule Method
[8/29/2011 1:59:59 PM][DEBUG][clProgClassCategory][LoadProgClassCategoryForChildSchedule][00000000-0000-0000-0000-000000000000] Debug LoadProgClassCategoryForChildSchedule Method
[8/29/2011 1:59:59 PM][INFO][clProgClassRoom][LoadProgClassRoomForChildSchedule][00000000-0000-0000-0000-000000000000] Execute LoadProgClassRoomForChildSchedule Method
[8/29/2011 1:59:59 PM][DEBUG][clProgClassRoom][LoadProgClassRoomForChildSchedule][00000000-0000-0000-0000-000000000000] Debug LoadProgClassRoomForChildSchedule Method
[8/29/2011 1:59:59 PM][INFO][clProgSchedule][LoadProgSchedule][00000000-0000-0000-0000-000000000000] Execute LoadProgSchedule Method
[8/29/2011 1:59:59 PM][DEBUG][clProgSchedule][LoadProgSchedule][00000000-0000-0000-0000-000000000000] Debug LoadProgSchedule Method
[8/29/2011 2:12:31 PM][INFO][clStaff][LoadStaffDetailsByUserNameAndPassword][00000000-0000-0000-0000-000000000000] Execute LoadStaffDetailsByUserNameAndPassword Method
[8/29/2011 2:12:31 PM][DEBUG][clStaff][LoadStaffDetailsByUserNameAndPassword][00000000-0000-0000-0000-000000000000] Debug LoadStaffDetailsByUserNameAndPassword Method
[8/29/2011 2:12:34 PM][INFO][clSchoolYear][LoadAllSchoolYear][00000000-0000-0000-0000-000000000000] Execute LoadAllSchoolYear Method
[8/29/2011 2:12:34 PM][DEBUG][clSchoolYear][LoadAllSchoolYear][00000000-0000-0000-0000-000000000000] Debug LoadAllSchoolYear Method
[8/29/2011 2:12:34 PM][INFO][clSchoolYear][GetCurrentSchoolYear][00000000-0000-0000-0000-000000000000] Execute GetCurrentSchoolYear Method
[8/29/2011 2:12:34 PM][DEBUG][clSchoolYear][GetCurrentSchoolYear][00000000-0000-0000-0000-000000000000] Debug GetCurrentSchoolYear Method
[8/29/2011 2:12:36 PM][INFO][clStaff][LoadStaff][00000000-0000-0000-0000-000000000000] Execute LoadStaff Method
[8/29/2011 2:12:36 PM][DEBUG][clStaff][LoadStaff][00000000-0000-0000-0000-000000000000] Debug LoadStaff Method
[8/29/2011 2:12:36 PM][INFO][clStaff][LoadStaffDetailsByUserNameAndPassword][00000000-0000-0000-0000-000000000000] Execute LoadStaffDetailsByUserNameAndPassword Method
[8/29/2011 2:12:36 PM][INFO][clStaff][ISStaffinCurrentYear][00000000-0000-0000-0000-000000000000] ISStaffinCurrentYear function debug
[8/29/2011 2:12:36 PM][INFO][clStaff][LoadStaffDetailsByUserNameAndPassword][00000000-0000-0000-0000-000000000000] Execute LoadStaffDetailsByUserNameAndPassword Method
[8/29/2011 2:12:36 PM][INFO][clStaff][ISStaffinCurrentYear][00000000-0000-0000-0000-000000000000] ISStaffinCurrentYear function debug
[8/29/2011 2:12:36 PM][INFO][clStaff][LoadStaffDetailsByUserNameAndPassword][00000000-0000-0000-0000-000000000000] Execute LoadStaffDetailsByUserNameAndPassword Method
[8/29/2011 2:12:36 PM][INFO][clStaff][ISStaffinCurrentYear][00000000-0000-0000-0000-000000000000] ISStaffinCurrentYear function debug
[8/29/2011 2:12:36 PM][INFO][clStaff][LoadStaffDetailsByUserNameAndPassword][00000000-0000-0000-0000-000000000000] Execute LoadStaffDetailsByUserNameAndPassword Method
[8/29/2011 2:12:36 PM][INFO][clStaff][ISStaffinCurrentYear][00000000-0000-0000-0000-000000000000] ISStaffinCurrentYear function debug
[8/29/2011 2:12:42 PM][INFO][clClassCategory][LoadClassCategory][00000000-0000-0000-0000-000000000000] Execute LoadClassCategory Method
[8/29/2011 2:12:42 PM][DEBUG][clClassCategory][Save][00000000-0000-0000-0000-000000000000] Debug Save Method
[8/29/2011 2:12:44 PM][INFO][clClassRoom][LoadClassRoom][00000000-0000-0000-0000-000000000000] Execute LoadClassRoom Method
[8/29/2011 2:12:44 PM][DEBUG][clClassRoom][Save][00000000-0000-0000-0000-000000000000] Debug Save Method
[8/29/2011 2:12:50 PM][INFO][clSchoolYear][GetCurrentSchoolYear][00000000-0000-0000-0000-000000000000] Execute GetCurrentSchoolYear Method
[8/29/2011 2:12:50 PM][DEBUG][clSchoolYear][GetCurrentSchoolYear][00000000-0000-0000-0000-000000000000] Debug GetCurrentSchoolYear Method
[8/29/2011 2:12:50 PM][INFO][clClassRoom][LoadClassRoom][00000000-0000-0000-0000-000000000000] Execute LoadClassRoom Method
[8/29/2011 2:12:50 PM][DEBUG][clClassRoom][Save][00000000-0000-0000-0000-000000000000] Debug Save Method
[8/29/2011 2:12:50 PM][INFO][clStaff][LoadStaff][00000000-0000-0000-0000-000000000000] Execute LoadStaff Method
[8/29/2011 2:12:50 PM][DEBUG][clStaff][LoadStaff][00000000-0000-0000-0000-000000000000] Debug LoadStaff Method
[8/29/2011 2:12:50 PM][INFO][clStaff][LoadStaffDetailsByUserNameAndPassword][00000000-0000-0000-0000-000000000000] Execute LoadStaffDetailsByUserNameAndPassword Method
[8/29/2011 2:12:50 PM][INFO][clStaff][ISStaffinCurrentYear][00000000-0000-0000-0000-000000000000] ISStaffinCurrentYear function debug
[8/29/2011 2:12:50 PM][INFO][clStaff][LoadStaffDetailsByUserNameAndPassword][00000000-0000-0000-0000-000000000000] Execute LoadStaffDetailsByUserNameAndPassword Method
[8/29/2011 2:12:50 PM][INFO][clStaff][ISStaffinCurrentYear][00000000-0000-0000-0000-000000000000] ISStaffinCurrentYear function debug
[8/29/2011 2:12:50 PM][INFO][clStaff][LoadStaffDetailsByUserNameAndPassword][00000000-0000-0000-0000-000000000000] Execute LoadStaffDetailsByUserNameAndPassword Method
[8/29/2011 2:12:50 PM][INFO][clStaff][ISStaffinCurrentYear][00000000-0000-0000-0000-000000000000] ISStaffinCurrentYear function debug
[8/29/2011 2:12:50 PM][INFO][clStaff][LoadStaffDetailsByUserNameAndPassword][00000000-0000-0000-0000-000000000000] Execute LoadStaffDetailsByUserNameAndPassword Method
[8/29/2011 2:12:50 PM][INFO][clStaff][ISStaffinCurrentYear][00000000-0000-0000-0000-000000000000] ISStaffinCurrentYear function debug
[8/29/2011 2:18:53 PM][INFO][clStaff][LoadStaffDetailsByUserNameAndPassword][00000000-0000-0000-0000-000000000000] Execute LoadStaffDetailsByUserNameAndPassword Method
[8/29/2011 2:18:53 PM][DEBUG][clStaff][LoadStaffDetailsByUserNameAndPassword][00000000-0000-0000-0000-000000000000] Debug LoadStaffDetailsByUserNameAndPassword Method
[8/29/2011 2:18:56 PM][INFO][clSchoolYear][LoadAllSchoolYear][00000000-0000-0000-0000-000000000000] Execute LoadAllSchoolYear Method
[8/29/2011 2:18:56 PM][DEBUG][clSchoolYear][LoadAllSchoolYear][00000000-0000-0000-0000-000000000000] Debug LoadAllSchoolYear Method
[8/29/2011 2:18:56 PM][INFO][clSchoolYear][GetCurrentSchoolYear][00000000-0000-0000-0000-000000000000] Execute GetCurrentSchoolYear Method
[8/29/2011 2:18:57 PM][DEBUG][clSchoolYear][GetCurrentSchoolYear][00000000-0000-0000-0000-000000000000] Debug GetCurrentSchoolYear Method
[8/29/2011 2:18:58 PM][INFO][clStaff][LoadStaff][00000000-0000-0000-0000-000000000000] Execute LoadStaff Method
[8/29/2011 2:18:58 PM][DEBUG][clStaff][LoadStaff][00000000-0000-0000-0000-000000000000] Debug LoadStaff Method
[8/29/2011 2:18:58 PM][INFO][clStaff][LoadStaffDetailsByUserNameAndPassword][00000000-0000-0000-0000-000000000000] Execute LoadStaffDetailsByUserNameAndPassword Method
[8/29/2011 2:18:58 PM][INFO][clStaff][ISStaffinCurrentYear][00000000-0000-0000-0000-000000000000] ISStaffinCurrentYear function debug
[8/29/2011 2:18:58 PM][INFO][clStaff][LoadStaffDetailsByUserNameAndPassword][00000000-0000-0000-0000-000000000000] Execute LoadStaffDetailsByUserNameAndPassword Method
[8/29/2011 2:18:58 PM][INFO][clStaff][ISStaffinCurrentYear][00000000-0000-0000-0000-000000000000] ISStaffinCurrentYear function debug
[8/29/2011 2:18:58 PM][INFO][clStaff][LoadStaffDetailsByUserNameAndPassword][00000000-0000-0000-0000-000000000000] Execute LoadStaffDetailsByUserNameAndPassword Method
[8/29/2011 2:18:58 PM][INFO][clStaff][ISStaffinCurrentYear][00000000-0000-0000-0000-000000000000] ISStaffinCurrentYear function debug
[8/29/2011 2:18:58 PM][INFO][clStaff][LoadStaffDetailsByUserNameAndPassword][00000000-0000-0000-0000-000000000000] Execute LoadStaffDetailsByUserNameAndPassword Method
[8/29/2011 2:18:58 PM][INFO][clStaff][ISStaffinCurrentYear][00000000-0000-0000-0000-000000000000] ISStaffinCurrentYear function debug
[8/29/2011 2:19:04 PM][INFO][clClassRoom][LoadClassRoom][00000000-0000-0000-0000-000000000000] Execute LoadClassRoom Method
[8/29/2011 2:19:04 PM][DEBUG][clClassRoom][Save][00000000-0000-0000-0000-000000000000] Debug Save Method
[8/29/2011 2:19:06 PM][INFO][clSchoolYear][GetCurrentSchoolYear][00000000-0000-0000-0000-000000000000] Execute GetCurrentSchoolYear Method
[8/29/2011 2:19:06 PM][DEBUG][clSchoolYear][GetCurrentSchoolYear][00000000-0000-0000-0000-000000000000] Debug GetCurrentSchoolYear Method
[8/29/2011 2:19:06 PM][INFO][clClassRoom][LoadClassRoom][00000000-0000-0000-0000-000000000000] Execute LoadClassRoom Method
[8/29/2011 2:19:06 PM][DEBUG][clClassRoom][Save][00000000-0000-0000-0000-000000000000] Debug Save Method
[8/29/2011 2:19:06 PM][INFO][clStaff][LoadStaff][00000000-0000-0000-0000-000000000000] Execute LoadStaff Method
[8/29/2011 2:19:06 PM][DEBUG][clStaff][LoadStaff][00000000-0000-0000-0000-000000000000] Debug LoadStaff Method
[8/29/2011 2:19:06 PM][INFO][clStaff][LoadStaffDetailsByUserNameAndPassword][00000000-0000-0000-0000-000000000000] Execute LoadStaffDetailsByUserNameAndPassword Method
[8/29/2011 2:19:06 PM][INFO][clStaff][ISStaffinCurrentYear][00000000-0000-0000-0000-000000000000] ISStaffinCurrentYear function debug
[8/29/2011 2:19:06 PM][INFO][clStaff][LoadStaffDetailsByUserNameAndPassword][00000000-0000-0000-0000-000000000000] Execute LoadStaffDetailsByUserNameAndPassword Method
[8/29/2011 2:19:06 PM][INFO][clStaff][ISStaffinCurrentYear][00000000-0000-0000-0000-000000000000] ISStaffinCurrentYear function debug
[8/29/2011 2:19:06 PM][INFO][clStaff][LoadStaffDetailsByUserNameAndPassword][00000000-0000-0000-0000-000000000000] Execute LoadStaffDetailsByUserNameAndPassword Method
[8/29/2011 2:19:06 PM][INFO][clStaff][ISStaffinCurrentYear][00000000-0000-0000-0000-000000000000] ISStaffinCurrentYear function debug
[8/29/2011 2:19:06 PM][INFO][clStaff][LoadStaffDetailsByUserNameAndPassword][00000000-0000-0000-0000-000000000000] Execute LoadStaffDetailsByUserNameAndPassword Method
[8/29/2011 2:19:06 PM][INFO][clStaff][ISStaffinCurrentYear][00000000-0000-0000-0000-000000000000] ISStaffinCurrentYear function debug
[8/29/2011 2:19:11 PM][INFO][clSchoolYear][GetCurrentSchoolYear][00000000-0000-0000-0000-000000000000] Execute GetCurrentSchoolYear Method
[8/29/2011 2:19:11 PM][DEBUG][clSchoolYear][GetCurrentSchoolYear][00000000-0000-0000-0000-000000000000] Debug GetCurrentSchoolYear Method
[8/29/2011 2:19:11 PM][INFO][ClassRoom][SubmitRecord][00000000-0000-0000-0000-000000000000] Submit record method called
[8/29/2011 2:19:11 PM][DEBUG][ClassRoom][SubmitRecord][00000000-0000-0000-0000-000000000000]  Debug Submit record method called of ClassRoom
[8/29/2011 2:19:11 PM][INFO][clClassRoom][LoadClassRoom][00000000-0000-0000-0000-000000000000] Execute LoadClassRoom Method
[8/29/2011 2:19:11 PM][DEBUG][clClassRoom][Save][00000000-0000-0000-0000-000000000000] Debug Save Method
[8/29/2011 2:19:11 PM][INFO][clClassRoom][LoadClassRoom][00000000-0000-0000-0000-000000000000] Execute LoadClassRoom Method
[8/29/2011 2:19:11 PM][DEBUG][clClassRoom][Save][00000000-0000-0000-0000-000000000000] Debug Save Method
[8/29/2011 2:19:11 PM][INFO][clStaff][LoadStaff][00000000-0000-0000-0000-000000000000] Execute LoadStaff Method
[8/29/2011 2:19:11 PM][DEBUG][clStaff][LoadStaff][00000000-0000-0000-0000-000000000000] Debug LoadStaff Method
[8/29/2011 2:19:11 PM][INFO][clStaff][LoadStaffDetailsByUserNameAndPassword][00000000-0000-0000-0000-000000000000] Execute LoadStaffDetailsByUserNameAndPassword Method
[8/29/2011 2:19:11 PM][INFO][clStaff][ISStaffinCurrentYear][00000000-0000-0000-0000-000000000000] ISStaffinCurrentYear function debug
[8/29/2011 2:19:11 PM][INFO][clStaff][LoadStaffDetailsByUserNameAndPassword][00000000-0000-0000-0000-000000000000] Execute LoadStaffDetailsByUserNameAndPassword Method
[8/29/2011 2:19:11 PM][INFO][clStaff][ISStaffinCurrentYear][00000000-0000-0000-0000-000000000000] ISStaffinCurrentYear function debug
[8/29/2011 2:19:11 PM][INFO][clStaff][LoadStaffDetailsByUserNameAndPassword][00000000-0000-0000-0000-000000000000] Execute LoadStaffDetailsByUserNameAndPassword Method
[8/29/2011 2:19:11 PM][INFO][clStaff][ISStaffinCurrentYear][00000000-0000-0000-0000-000000000000] ISStaffinCurrentYear function debug
[8/29/2011 2:19:11 PM][INFO][clStaff][LoadStaffDetailsByUserNameAndPassword][00000000-0000-0000-0000-000000000000] Execute LoadStaffDetailsByUserNameAndPassword Method
[8/29/2011 2:19:11 PM][INFO][clStaff][ISStaffinCurrentYear][00000000-0000-0000-0000-000000000000] ISStaffinCurrentYear function debug
[8/29/2011 2:19:17 PM][INFO][clSchoolYear][GetCurrentSchoolYear][00000000-0000-0000-0000-000000000000] Execute GetCurrentSchoolYear Method
[8/29/2011 2:19:17 PM][DEBUG][clSchoolYear][GetCurrentSchoolYear][00000000-0000-0000-0000-000000000000] Debug GetCurrentSchoolYear Method
[8/29/2011 2:19:17 PM][INFO][ClassRoom][SubmitRecord][00000000-0000-0000-0000-000000000000] Submit record method called
[8/29/2011 2:19:17 PM][DEBUG][ClassRoom][SubmitRecord][00000000-0000-0000-0000-000000000000]  Debug Submit record method called of ClassRoom
[8/29/2011 2:19:17 PM][INFO][clClassRoom][LoadClassRoom][00000000-0000-0000-0000-000000000000] Execute LoadClassRoom Method
[8/29/2011 2:19:17 PM][DEBUG][clClassRoom][Save][00000000-0000-0000-0000-000000000000] Debug Save Method
[8/29/2011 2:19:33 PM][INFO][clClassRoom][Save][00000000-0000-0000-0000-000000000000] Execute Save Method
[8/29/2011 2:19:33 PM][DEBUG][clClassRoom][Save][00000000-0000-0000-0000-000000000000] Debug Save Method
[8/29/2011 2:19:33 PM][INFO][clClassRoom][LoadClassRoom][00000000-0000-0000-0000-000000000000] Execute LoadClassRoom Method
[8/29/2011 2:19:33 PM][DEBUG][clClassRoom][Save][00000000-0000-0000-0000-000000000000] Debug Save Method
[8/29/2011 2:19:33 PM][INFO][clStaff][LoadStaff][00000000-0000-0000-0000-000000000000] Execute LoadStaff Method
[8/29/2011 2:19:33 PM][DEBUG][clStaff][LoadStaff][00000000-0000-0000-0000-000000000000] Debug LoadStaff Method
[8/29/2011 2:19:33 PM][INFO][clStaff][LoadStaffDetailsByUserNameAndPassword][00000000-0000-0000-0000-000000000000] Execute LoadStaffDetailsByUserNameAndPassword Method
[8/29/2011 2:19:33 PM][INFO][clStaff][ISStaffinCurrentYear][00000000-0000-0000-0000-000000000000] ISStaffinCurrentYear function debug
[8/29/2011 2:19:33 PM][INFO][clStaff][LoadStaffDetailsByUserNameAndPassword][00000000-0000-0000-0000-000000000000] Execute LoadStaffDetailsByUserNameAndPassword Method
[8/29/2011 2:19:33 PM][INFO][clStaff][ISStaffinCurrentYear][00000000-0000-0000-0000-000000000000] ISStaffinCurrentYear function debug
[8/29/2011 2:19:33 PM][INFO][clStaff][LoadStaffDetailsByUserNameAndPassword][00000000-0000-0000-0000-000000000000] Execute LoadStaffDetailsByUserNameAndPassword Method
[8/29/2011 2:19:33 PM][INFO][clStaff][ISStaffinCurrentYear][00000000-0000-0000-0000-000000000000] ISStaffinCurrentYear function debug
[8/29/2011 2:19:33 PM][INFO][clStaff][LoadStaffDetailsByUserNameAndPassword][00000000-0000-0000-0000-000000000000] Execute LoadStaffDetailsByUserNameAndPassword Method
[8/29/2011 2:19:33 PM][INFO][clStaff][ISStaffinCurrentYear][00000000-0000-0000-0000-000000000000] ISStaffinCurrentYear function debug
[8/29/2011 2:19:37 PM][INFO][clSchoolYear][GetCurrentSchoolYear][00000000-0000-0000-0000-000000000000] Execute GetCurrentSchoolYear Method
[8/29/2011 2:19:37 PM][DEBUG][clSchoolYear][GetCurrentSchoolYear][00000000-0000-0000-0000-000000000000] Debug GetCurrentSchoolYear Method
[8/29/2011 2:19:37 PM][INFO][clClassRoom][LoadClassRoom][00000000-0000-0000-0000-000000000000] Execute LoadClassRoom Method
[8/29/2011 2:19:37 PM][DEBUG][clClassRoom][Save][00000000-0000-0000-0000-000000000000] Debug Save Method
[8/29/2011 2:19:37 PM][INFO][clStaff][LoadStaff][00000000-0000-0000-0000-000000000000] Execute LoadStaff Method
[8/29/2011 2:19:37 PM][DEBUG][clStaff][LoadStaff][00000000-0000-0000-0000-000000000000] Debug LoadStaff Method
[8/29/2011 2:19:37 PM][INFO][clStaff][LoadStaffDetailsByUserNameAndPassword][00000000-0000-0000-0000-000000000000] Execute LoadStaffDetailsByUserNameAndPassword Method
[8/29/2011 2:19:37 PM][INFO][clStaff][ISStaffinCurrentYear][00000000-0000-0000-0000-000000000000] ISStaffinCurrentYear function debug
[8/29/2011 2:19:37 PM][INFO][clStaff][LoadStaffDetailsByUserNameAndPassword][00000000-0000-0000-0000-000000000000] Execute LoadStaffDetailsByUserNameAndPassword Method
[8/29/2011 2:19:37 PM][INFO][clStaff][ISStaffinCurrentYear][00000000-0000-0000-0000-000000000000] ISStaffinCurrentYear function debug
[8/29/2011 2:19:37 PM][INFO][clStaff][LoadStaffDetailsByUserNameAndPassword][00000000-0000-0000-0000-000000000000] Execute LoadStaffDetailsByUserNameAndPassword Method
[8/29/2011 2:19:37 PM][INFO][clStaff][ISStaffinCurrentYear][00000000-0000-0000-0000-000000000000] ISStaffinCurrentYear function debug
[8/29/2011 2:19:37 PM][INFO][clStaff][LoadStaffDetailsByUserNameAndPassword][00000000-0000-0000-0000-000000000000] Execute LoadStaffDetailsByUserNameAndPassword Method
[8/29/2011 2:19:37 PM][INFO][clStaff][ISStaffinCurrentYear][00000000-0000-0000-0000-000000000000] ISStaffinCurrentYear function debug
[8/29/2011 2:19:41 PM][INFO][clSchoolYear][GetCurrentSchoolYear][00000000-0000-0000-0000-000000000000] Execute GetCurrentSchoolYear Method
[8/29/2011 2:19:41 PM][DEBUG][clSchoolYear][GetCurrentSchoolYear][00000000-0000-0000-0000-000000000000] Debug GetCurrentSchoolYear Method
[8/29/2011 2:19:41 PM][INFO][ClassRoom][SubmitRecord][00000000-0000-0000-0000-000000000000] Submit record method called
[8/29/2011 2:19:41 PM][DEBUG][ClassRoom][SubmitRecord][00000000-0000-0000-0000-000000000000]  Debug Submit record method called of ClassRoom
[8/29/2011 2:19:41 PM][INFO][clClassRoom][LoadClassRoom][00000000-0000-0000-0000-000000000000] Execute LoadClassRoom Method
[8/29/2011 2:19:41 PM][DEBUG][clClassRoom][Save][00000000-0000-0000-0000-000000000000] Debug Save Method
[8/29/2011 2:19:52 PM][INFO][clClassRoom][LoadClassRoom][00000000-0000-0000-0000-000000000000] Execute LoadClassRoom Method
[8/29/2011 2:19:52 PM][DEBUG][clClassRoom][Save][00000000-0000-0000-0000-000000000000] Debug Save Method
[8/29/2011 2:19:52 PM][INFO][clStaff][LoadStaff][00000000-0000-0000-0000-000000000000] Execute LoadStaff Method
[8/29/2011 2:19:52 PM][DEBUG][clStaff][LoadStaff][00000000-0000-0000-0000-000000000000] Debug LoadStaff Method
[8/29/2011 2:19:52 PM][INFO][clStaff][LoadStaffDetailsByUserNameAndPassword][00000000-0000-0000-0000-000000000000] Execute LoadStaffDetailsByUserNameAndPassword Method
[8/29/2011 2:19:52 PM][INFO][clStaff][ISStaffinCurrentYear][00000000-0000-0000-0000-000000000000] ISStaffinCurrentYear function debug
[8/29/2011 2:19:52 PM][INFO][clStaff][LoadStaffDetailsByUserNameAndPassword][00000000-0000-0000-0000-000000000000] Execute LoadStaffDetailsByUserNameAndPassword Method
[8/29/2011 2:19:52 PM][INFO][clStaff][ISStaffinCurrentYear][00000000-0000-0000-0000-000000000000] ISStaffinCurrentYear function debug
[8/29/2011 2:19:53 PM][INFO][clStaff][LoadStaffDetailsByUserNameAndPassword][00000000-0000-0000-0000-000000000000] Execute LoadStaffDetailsByUserNameAndPassword Method
[8/29/2011 2:19:53 PM][INFO][clStaff][ISStaffinCurrentYear][00000000-0000-0000-0000-000000000000] ISStaffinCurrentYear function debug
[8/29/2011 2:19:53 PM][INFO][clStaff][LoadStaffDetailsByUserNameAndPassword][00000000-0000-0000-0000-000000000000] Execute LoadStaffDetailsByUserNameAndPassword Method
[8/29/2011 2:19:53 PM][INFO][clStaff][ISStaffinCurrentYear][00000000-0000-0000-0000-000000000000] ISStaffinCurrentYear function debug
[8/29/2011 2:19:56 PM][INFO][clSchoolYear][GetCurrentSchoolYear][00000000-0000-0000-0000-000000000000] Execute GetCurrentSchoolYear Method
[8/29/2011 2:19:56 PM][DEBUG][clSchoolYear][GetCurrentSchoolYear][00000000-0000-0000-0000-000000000000] Debug GetCurrentSchoolYear Method
[8/29/2011 2:19:56 PM][INFO][clClassRoom][LoadClassRoom][00000000-0000-0000-0000-000000000000] Execute LoadClassRoom Method
[8/29/2011 2:19:56 PM][DEBUG][clClassRoom][Save][00000000-0000-0000-0000-000000000000] Debug Save Method
[8/29/2011 3:35:35 PM][INFO][clStaff][LoadStaffDetailsByUserNameAndPassword][00000000-0000-0000-0000-000000000000] Execute LoadStaffDetailsByUserNameAndPassword Method
[8/29/2011 3:35:35 PM][DEBUG][clStaff][LoadStaffDetailsByUserNameAndPassword][00000000-0000-0000-0000-000000000000] Debug LoadStaffDetailsByUserNameAndPassword Method
[8/29/2011 3:35:39 PM][INFO][clSchoolYear][LoadAllSchoolYear][00000000-0000-0000-0000-000000000000] Execute LoadAllSchoolYear Method
[8/29/2011 3:35:39 PM][DEBUG][clSchoolYear][LoadAllSchoolYear][00000000-0000-0000-0000-000000000000] Debug LoadAllSchoolYear Method
[8/29/2011 3:35:39 PM][INFO][clSchoolYear][GetCurrentSchoolYear][00000000-0000-0000-0000-000000000000] Execute GetCurrentSchoolYear Method
[8/29/2011 3:35:39 PM][DEBUG][clSchoolYear][GetCurrentSchoolYear][00000000-0000-0000-0000-000000000000] Debug GetCurrentSchoolYear Method
[8/29/2011 3:35:41 PM][INFO][clStaff][LoadStaff][00000000-0000-0000-0000-000000000000] Execute LoadStaff Method
[8/29/2011 3:35:41 PM][DEBUG][clStaff][LoadStaff][00000000-0000-0000-0000-000000000000] Debug LoadStaff Method
[8/29/2011 3:35:41 PM][INFO][clStaff][LoadStaffDetailsByUserNameAndPassword][00000000-0000-0000-0000-000000000000] Execute LoadStaffDetailsByUserNameAndPassword Method
[8/29/2011 3:35:41 PM][INFO][clStaff][ISStaffinCurrentYear][00000000-0000-0000-0000-000000000000] ISStaffinCurrentYear function debug
[8/29/2011 3:35:41 PM][INFO][clStaff][LoadStaffDetailsByUserNameAndPassword][00000000-0000-0000-0000-000000000000] Execute LoadStaffDetailsByUserNameAndPassword Method
[8/29/2011 3:35:41 PM][INFO][clStaff][ISStaffinCurrentYear][00000000-0000-0000-0000-000000000000] ISStaffinCurrentYear function debug
[8/29/2011 3:35:41 PM][INFO][clStaff][LoadStaffDetailsByUserNameAndPassword][00000000-0000-0000-0000-000000000000] Execute LoadStaffDetailsByUserNameAndPassword Method
[8/29/2011 3:35:41 PM][INFO][clStaff][ISStaffinCurrentYear][00000000-0000-0000-0000-000000000000] ISStaffinCurrentYear function debug
[8/29/2011 3:35:41 PM][INFO][clStaff][LoadStaffDetailsByUserNameAndPassword][00000000-0000-0000-0000-000000000000] Execute LoadStaffDetailsByUserNameAndPassword Method
[8/29/2011 3:35:41 PM][INFO][clStaff][ISStaffinCurrentYear][00000000-0000-0000-0000-000000000000] ISStaffinCurrentYear function debug
[8/29/2011 3:35:45 PM][INFO][clClassRoom][LoadClassRoom][00000000-0000-0000-0000-000000000000] Execute LoadClassRoom Method
[8/29/2011 3:35:45 PM][DEBUG][clClassRoom][Save][00000000-0000-0000-0000-000000000000] Debug Save Method
[8/29/2011 3:35:54 PM][INFO][clSchoolYear][GetCurrentSchoolYear][00000000-0000-0000-0000-000000000000] Execute GetCurrentSchoolYear Method
[8/29/2011 3:35:54 PM][DEBUG][clSchoolYear][GetCurrentSchoolYear][00000000-0000-0000-0000-000000000000] Debug GetCurrentSchoolYear Method
[8/29/2011 3:35:54 PM][INFO][clClassRoom][LoadClassRoom][00000000-0000-0000-0000-000000000000] Execute LoadClassRoom Method
[8/29/2011 3:35:55 PM][DEBUG][clClassRoom][Save][00000000-0000-0000-0000-000000000000] Debug Save Method
[8/29/2011 3:35:55 PM][INFO][clStaff][LoadStaff][00000000-0000-0000-0000-000000000000] Execute LoadStaff Method
[8/29/2011 3:35:55 PM][DEBUG][clStaff][LoadStaff][00000000-0000-0000-0000-000000000000] Debug LoadStaff Method
[8/29/2011 3:35:55 PM][INFO][clStaff][LoadStaffDetailsByUserNameAndPassword][00000000-0000-0000-0000-000000000000] Execute LoadStaffDetailsByUserNameAndPassword Method
[8/29/2011 3:35:55 PM][INFO][clStaff][ISStaffinCurrentYear][00000000-0000-0000-0000-000000000000] ISStaffinCurrentYear function debug
[8/29/2011 3:35:55 PM][INFO][clStaff][LoadStaffDetailsByUserNameAndPassword][00000000-0000-0000-0000-000000000000] Execute LoadStaffDetailsByUserNameAndPassword Method
[8/29/2011 3:35:55 PM][INFO][clStaff][ISStaffinCurrentYear][00000000-0000-0000-0000-000000000000] ISStaffinCurrentYear function debug
[8/29/2011 3:35:55 PM][INFO][clStaff][LoadStaffDetailsByUserNameAndPassword][00000000-0000-0000-0000-000000000000] Execute LoadStaffDetailsByUserNameAndPassword Method
[8/29/2011 3:35:55 PM][INFO][clStaff][ISStaffinCurrentYear][00000000-0000-0000-0000-000000000000] ISStaffinCurrentYear function debug
[8/29/2011 3:35:55 PM][INFO][clStaff][LoadStaffDetailsByUserNameAndPassword][00000000-0000-0000-0000-000000000000] Execute LoadStaffDetailsByUserNameAndPassword Method
[8/29/2011 3:35:55 PM][INFO][clStaff][ISStaffinCurrentYear][00000000-0000-0000-0000-000000000000] ISStaffinCurrentYear function debug
[8/29/2011 3:35:58 PM][INFO][clSchoolYear][GetCurrentSchoolYear][00000000-0000-0000-0000-000000000000] Execute GetCurrentSchoolYear Method
[8/29/2011 3:35:58 PM][DEBUG][clSchoolYear][GetCurrentSchoolYear][00000000-0000-0000-0000-000000000000] Debug GetCurrentSchoolYear Method
[8/29/2011 3:35:58 PM][INFO][ClassRoom][SubmitRecord][00000000-0000-0000-0000-000000000000] Submit record method called
[8/29/2011 3:35:58 PM][DEBUG][ClassRoom][SubmitRecord][00000000-0000-0000-0000-000000000000]  Debug Submit record method called of ClassRoom
[8/29/2011 3:35:58 PM][INFO][clClassRoom][LoadClassRoom][00000000-0000-0000-0000-000000000000] Execute LoadClassRoom Method
[8/29/2011 3:35:58 PM][DEBUG][clClassRoom][Save][00000000-0000-0000-0000-000000000000] Debug Save Method
[8/29/2011 3:35:58 PM][INFO][clClassRoom][LoadClassRoom][00000000-0000-0000-0000-000000000000] Execute LoadClassRoom Method
[8/29/2011 3:35:58 PM][DEBUG][clClassRoom][Save][00000000-0000-0000-0000-000000000000] Debug Save Method
[8/29/2011 3:35:58 PM][INFO][clStaff][LoadStaff][00000000-0000-0000-0000-000000000000] Execute LoadStaff Method
[8/29/2011 3:35:59 PM][DEBUG][clStaff][LoadStaff][00000000-0000-0000-0000-000000000000] Debug LoadStaff Method
[8/29/2011 3:35:59 PM][INFO][clStaff][LoadStaffDetailsByUserNameAndPassword][00000000-0000-0000-0000-000000000000] Execute LoadStaffDetailsByUserNameAndPassword Method
[8/29/2011 3:35:59 PM][INFO][clStaff][ISStaffinCurrentYear][00000000-0000-0000-0000-000000000000] ISStaffinCurrentYear function debug
[8/29/2011 3:35:59 PM][INFO][clStaff][LoadStaffDetailsByUserNameAndPassword][00000000-0000-0000-0000-000000000000] Execute LoadStaffDetailsByUserNameAndPassword Method
[8/29/2011 3:35:59 PM][INFO][clStaff][ISStaffinCurrentYear][00000000-0000-0000-0000-000000000000] ISStaffinCurrentYear function debug
[8/29/2011 3:35:59 PM][INFO][clStaff][LoadStaffDetailsByUserNameAndPassword][00000000-0000-0000-0000-000000000000] Execute LoadStaffDetailsByUserNameAndPassword Method
[8/29/2011 3:35:59 PM][INFO][clStaff][ISStaffinCurrentYear][00000000-0000-0000-0000-000000000000] ISStaffinCurrentYear function debug
[8/29/2011 3:35:59 PM][INFO][clStaff][LoadStaffDetailsByUserNameAndPassword][00000000-0000-0000-0000-000000000000] Execute LoadStaffDetailsByUserNameAndPassword Method
[8/29/2011 3:35:59 PM][INFO][clStaff][ISStaffinCurrentYear][00000000-0000-0000-0000-000000000000] ISStaffinCurrentYear function debug
[8/29/2011 4:22:40 PM][INFO][clStaff][LoadStaffDetailsByUserNameAndPassword][00000000-0000-0000-0000-000000000000] Execute LoadStaffDetailsByUserNameAndPassword Method
[8/29/2011 4:22:40 PM][DEBUG][clStaff][LoadStaffDetailsByUserNameAndPassword][00000000-0000-0000-0000-000000000000] Debug LoadStaffDetailsByUserNameAndPassword Method
[8/29/2011 5:00:33 PM][INFO][clStaff][LoadStaffDetailsByUserNameAndPassword][00000000-0000-0000-0000-000000000000] Execute LoadStaffDetailsByUserNameAndPassword Method
[8/29/2011 5:00:33 PM][DEBUG][clStaff][LoadStaffDetailsByUserNameAndPassword][00000000-0000-0000-0000-000000000000] Debug LoadStaffDetailsByUserNameAndPassword Method
[8/29/2011 5:00:42 PM][INFO][clStaff][LoadStaffDetailsByUserNameAndPassword][00000000-0000-0000-0000-000000000000] Execute LoadStaffDetailsByUserNameAndPassword Method
[8/29/2011 5:00:42 PM][DEBUG][clStaff][LoadStaffDetailsByUserNameAndPassword][00000000-0000-0000-0000-000000000000] Debug LoadStaffDetailsByUserNameAndPassword Method
[8/29/2011 5:00:45 PM][INFO][clSchoolYear][LoadAllSchoolYear][00000000-0000-0000-0000-000000000000] Execute LoadAllSchoolYear Method
[8/29/2011 5:00:45 PM][DEBUG][clSchoolYear][LoadAllSchoolYear][00000000-0000-0000-0000-000000000000] Debug LoadAllSchoolYear Method
[8/29/2011 5:00:45 PM][INFO][clSchoolYear][GetCurrentSchoolYear][00000000-0000-0000-0000-000000000000] Execute GetCurrentSchoolYear Method
[8/29/2011 5:00:45 PM][DEBUG][clSchoolYear][GetCurrentSchoolYear][00000000-0000-0000-0000-000000000000] Debug GetCurrentSchoolYear Method
[8/29/2011 5:00:47 PM][INFO][clStaff][LoadStaff][00000000-0000-0000-0000-000000000000] Execute LoadStaff Method
[8/29/2011 5:00:47 PM][DEBUG][clStaff][LoadStaff][00000000-0000-0000-0000-000000000000] Debug LoadStaff Method
[8/29/2011 5:00:47 PM][INFO][clStaff][LoadStaffDetailsByUserNameAndPassword][00000000-0000-0000-0000-000000000000] Execute LoadStaffDetailsByUserNameAndPassword Method
[8/29/2011 5:00:47 PM][INFO][clStaff][ISStaffinCurrentYear][00000000-0000-0000-0000-000000000000] ISStaffinCurrentYear function debug
[8/29/2011 5:00:47 PM][INFO][clStaff][LoadStaffDetailsByUserNameAndPassword][00000000-0000-0000-0000-000000000000] Execute LoadStaffDetailsByUserNameAndPassword Method
[8/29/2011 5:00:47 PM][INFO][clStaff][ISStaffinCurrentYear][00000000-0000-0000-0000-000000000000] ISStaffinCurrentYear function debug
[8/29/2011 5:00:47 PM][INFO][clStaff][LoadStaffDetailsByUserNameAndPassword][00000000-0000-0000-0000-000000000000] Execute LoadStaffDetailsByUserNameAndPassword Method
[8/29/2011 5:00:47 PM][INFO][clStaff][ISStaffinCurrentYear][00000000-0000-0000-0000-000000000000] ISStaffinCurrentYear function debug
[8/29/2011 5:00:47 PM][INFO][clStaff][LoadStaffDetailsByUserNameAndPassword][00000000-0000-0000-0000-000000000000] Execute LoadStaffDetailsByUserNameAndPassword Method
[8/29/2011 5:00:47 PM][INFO][clStaff][ISStaffinCurrentYear][00000000-0000-0000-0000-000000000000] ISStaffinCurrentYear function debug
[8/29/2011 5:00:52 PM][INFO][clClassRoom][LoadClassRoom][00000000-0000-0000-0000-000000000000] Execute LoadClassRoom Method
[8/29/2011 5:00:52 PM][DEBUG][clClassRoom][Save][00000000-0000-0000-0000-000000000000] Debug Save Method
[8/29/2011 5:00:57 PM][INFO][clSchoolYear][GetCurrentSchoolYear][00000000-0000-0000-0000-000000000000] Execute GetCurrentSchoolYear Method
[8/29/2011 5:00:57 PM][DEBUG][clSchoolYear][GetCurrentSchoolYear][00000000-0000-0000-0000-000000000000] Debug GetCurrentSchoolYear Method
[8/29/2011 5:00:57 PM][INFO][clClassRoom][LoadClassRoom][00000000-0000-0000-0000-000000000000] Execute LoadClassRoom Method
[8/29/2011 5:00:57 PM][DEBUG][clClassRoom][Save][00000000-0000-0000-0000-000000000000] Debug Save Method
[8/29/2011 5:00:57 PM][INFO][clStaff][LoadStaff][00000000-0000-0000-0000-000000000000] Execute LoadStaff Method
[8/29/2011 5:00:57 PM][DEBUG][clStaff][LoadStaff][00000000-0000-0000-0000-000000000000] Debug LoadStaff Method
[8/29/2011 5:00:57 PM][INFO][clStaff][LoadStaffDetailsByUserNameAndPassword][00000000-0000-0000-0000-000000000000] Execute LoadStaffDetailsByUserNameAndPassword Method
[8/29/2011 5:00:57 PM][INFO][clStaff][ISStaffinCurrentYear][00000000-0000-0000-0000-000000000000] ISStaffinCurrentYear function debug
[8/29/2011 5:00:57 PM][INFO][clStaff][LoadStaffDetailsByUserNameAndPassword][00000000-0000-0000-0000-000000000000] Execute LoadStaffDetailsByUserNameAndPassword Method
[8/29/2011 5:00:57 PM][INFO][clStaff][ISStaffinCurrentYear][00000000-0000-0000-0000-000000000000] ISStaffinCurrentYear function debug
[8/29/2011 5:00:57 PM][INFO][clStaff][LoadStaffDetailsByUserNameAndPassword][00000000-0000-0000-0000-000000000000] Execute LoadStaffDetailsByUserNameAndPassword Method
[8/29/2011 5:00:57 PM][INFO][clStaff][ISStaffinCurrentYear][00000000-0000-0000-0000-000000000000] ISStaffinCurrentYear function debug
[8/29/2011 5:00:57 PM][INFO][clStaff][LoadStaffDetailsByUserNameAndPassword][00000000-0000-0000-0000-000000000000] Execute LoadStaffDetailsByUserNameAndPassword Method
[8/29/2011 5:00:57 PM][INFO][clStaff][ISStaffinCurrentYear][00000000-0000-0000-0000-000000000000] ISStaffinCurrentYear function debug
[8/29/2011 5:01:01 PM][INFO][clSchoolYear][GetCurrentSchoolYear][00000000-0000-0000-0000-000000000000] Execute GetCurrentSchoolYear Method
[8/29/2011 5:01:01 PM][DEBUG][clSchoolYear][GetCurrentSchoolYear][00000000-0000-0000-0000-000000000000] Debug GetCurrentSchoolYear Method
[8/29/2011 5:01:01 PM][INFO][ClassRoom][SubmitRecord][00000000-0000-0000-0000-000000000000] Submit record method called
[8/29/2011 5:01:01 PM][DEBUG][ClassRoom][SubmitRecord][00000000-0000-0000-0000-000000000000]  Debug Submit record method called of ClassRoom
[8/29/2011 5:01:01 PM][INFO][clClassRoom][LoadClassRoom][00000000-0000-0000-0000-000000000000] Execute LoadClassRoom Method
[8/29/2011 5:01:01 PM][DEBUG][clClassRoom][Save][00000000-0000-0000-0000-000000000000] Debug Save Method
[8/29/2011 5:01:07 PM][INFO][clClassRoom][LoadClassRoom][00000000-0000-0000-0000-000000000000] Execute LoadClassRoom Method
[8/29/2011 5:01:08 PM][DEBUG][clClassRoom][Save][00000000-0000-0000-0000-000000000000] Debug Save Method
[8/29/2011 5:01:08 PM][INFO][clStaff][LoadStaff][00000000-0000-0000-0000-000000000000] Execute LoadStaff Method
[8/29/2011 5:01:08 PM][DEBUG][clStaff][LoadStaff][00000000-0000-0000-0000-000000000000] Debug LoadStaff Method
[8/29/2011 5:01:08 PM][INFO][clStaff][LoadStaffDetailsByUserNameAndPassword][00000000-0000-0000-0000-000000000000] Execute LoadStaffDetailsByUserNameAndPassword Method
[8/29/2011 5:01:08 PM][INFO][clStaff][ISStaffinCurrentYear][00000000-0000-0000-0000-000000000000] ISStaffinCurrentYear function debug
[8/29/2011 5:01:08 PM][INFO][clStaff][LoadStaffDetailsByUserNameAndPassword][00000000-0000-0000-0000-000000000000] Execute LoadStaffDetailsByUserNameAndPassword Method
[8/29/2011 5:01:08 PM][INFO][clStaff][ISStaffinCurrentYear][00000000-0000-0000-0000-000000000000] ISStaffinCurrentYear function debug
[8/29/2011 5:01:08 PM][INFO][clStaff][LoadStaffDetailsByUserNameAndPassword][00000000-0000-0000-0000-000000000000] Execute LoadStaffDetailsByUserNameAndPassword Method
[8/29/2011 5:01:08 PM][INFO][clStaff][ISStaffinCurrentYear][00000000-0000-0000-0000-000000000000] ISStaffinCurrentYear function debug
[8/29/2011 5:01:08 PM][INFO][clStaff][LoadStaffDetailsByUserNameAndPassword][00000000-0000-0000-0000-000000000000] Execute LoadStaffDetailsByUserNameAndPassword Method
[8/29/2011 5:01:08 PM][INFO][clStaff][ISStaffinCurrentYear][00000000-0000-0000-0000-000000000000] ISStaffinCurrentYear function debug
[8/29/2011 5:01:12 PM][INFO][clSchoolYear][GetCurrentSchoolYear][00000000-0000-0000-0000-000000000000] Execute GetCurrentSchoolYear Method
[8/29/2011 5:01:12 PM][DEBUG][clSchoolYear][GetCurrentSchoolYear][00000000-0000-0000-0000-000000000000] Debug GetCurrentSchoolYear Method
[8/29/2011 5:01:12 PM][INFO][clClassRoom][LoadClassRoom][00000000-0000-0000-0000-000000000000] Execute LoadClassRoom Method
[8/29/2011 5:01:12 PM][DEBUG][clClassRoom][Save][00000000-0000-0000-0000-000000000000] Debug Save Method
[8/29/2011 5:02:05 PM][INFO][clSchoolYear][GetCurrentSchoolYear][00000000-0000-0000-0000-000000000000] Execute GetCurrentSchoolYear Method
[8/29/2011 5:02:05 PM][DEBUG][clSchoolYear][GetCurrentSchoolYear][00000000-0000-0000-0000-000000000000] Debug GetCurrentSchoolYear Method
[8/29/2011 5:02:05 PM][INFO][clClassRoom][LoadClassRoom][00000000-0000-0000-0000-000000000000] Execute LoadClassRoom Method
[8/29/2011 5:02:05 PM][DEBUG][clClassRoom][Save][00000000-0000-0000-0000-000000000000] Debug Save Method
[8/29/2011 5:02:08 PM][INFO][clSchoolYear][GetCurrentSchoolYear][00000000-0000-0000-0000-000000000000] Execute GetCurrentSchoolYear Method
[8/29/2011 5:02:08 PM][DEBUG][clSchoolYear][GetCurrentSchoolYear][00000000-0000-0000-0000-000000000000] Debug GetCurrentSchoolYear Method
[8/29/2011 5:02:08 PM][INFO][clClassRoom][LoadClassRoom][00000000-0000-0000-0000-000000000000] Execute LoadClassRoom Method
[8/29/2011 5:02:08 PM][DEBUG][clClassRoom][Save][00000000-0000-0000-0000-000000000000] Debug Save Method
[8/29/2011 5:02:08 PM][INFO][clStaff][LoadStaff][00000000-0000-0000-0000-000000000000] Execute LoadStaff Method
[8/29/2011 5:02:08 PM][DEBUG][clStaff][LoadStaff][00000000-0000-0000-0000-000000000000] Debug LoadStaff Method
[8/29/2011 5:02:08 PM][INFO][clStaff][LoadStaffDetailsByUserNameAndPassword][00000000-0000-0000-0000-000000000000] Execute LoadStaffDetailsByUserNameAndPassword Method
[8/29/2011 5:02:08 PM][INFO][clStaff][ISStaffinCurrentYear][00000000-0000-0000-0000-000000000000] ISStaffinCurrentYear function debug
[8/29/2011 5:02:08 PM][INFO][clStaff][LoadStaffDetailsByUserNameAndPassword][00000000-0000-0000-0000-000000000000] Execute LoadStaffDetailsByUserNameAndPassword Method
[8/29/2011 5:02:08 PM][INFO][clStaff][ISStaffinCurrentYear][00000000-0000-0000-0000-000000000000] ISStaffinCurrentYear function debug
[8/29/2011 5:02:08 PM][INFO][clStaff][LoadStaffDetailsByUserNameAndPassword][00000000-0000-0000-0000-000000000000] Execute LoadStaffDetailsByUserNameAndPassword Method
[8/29/2011 5:02:08 PM][INFO][clStaff][ISStaffinCurrentYear][00000000-0000-0000-0000-000000000000] ISStaffinCurrentYear function debug
[8/29/2011 5:02:08 PM][INFO][clStaff][LoadStaffDetailsByUserNameAndPassword][00000000-0000-0000-0000-000000000000] Execute LoadStaffDetailsByUserNameAndPassword Method
[8/29/2011 5:02:08 PM][INFO][clStaff][ISStaffinCurrentYear][00000000-0000-0000-0000-000000000000] ISStaffinCurrentYear function debug
[8/29/2011 5:02:13 PM][INFO][clSchoolYear][GetCurrentSchoolYear][00000000-0000-0000-0000-000000000000] Execute GetCurrentSchoolYear Method
[8/29/2011 5:02:13 PM][DEBUG][clSchoolYear][GetCurrentSchoolYear][00000000-0000-0000-0000-000000000000] Debug GetCurrentSchoolYear Method
[8/29/2011 5:02:13 PM][INFO][ClassRoom][SubmitRecord][00000000-0000-0000-0000-000000000000] Submit record method called
[8/29/2011 5:02:13 PM][DEBUG][ClassRoom][SubmitRecord][00000000-0000-0000-0000-000000000000]  Debug Submit record method called of ClassRoom
[8/29/2011 5:02:13 PM][INFO][clClassRoom][LoadClassRoom][00000000-0000-0000-0000-000000000000] Execute LoadClassRoom Method
[8/29/2011 5:02:13 PM][DEBUG][clClassRoom][Save][00000000-0000-0000-0000-000000000000] Debug Save Method
[8/29/2011 5:02:16 PM][INFO][clClassRoom][LoadClassRoom][00000000-0000-0000-0000-000000000000] Execute LoadClassRoom Method
[8/29/2011 5:02:16 PM][DEBUG][clClassRoom][Save][00000000-0000-0000-0000-000000000000] Debug Save Method
[8/29/2011 5:02:16 PM][INFO][clStaff][LoadStaff][00000000-0000-0000-0000-000000000000] Execute LoadStaff Method
[8/29/2011 5:02:16 PM][DEBUG][clStaff][LoadStaff][00000000-0000-0000-0000-000000000000] Debug LoadStaff Method
[8/29/2011 5:02:16 PM][INFO][clStaff][LoadStaffDetailsByUserNameAndPassword][00000000-0000-0000-0000-000000000000] Execute LoadStaffDetailsByUserNameAndPassword Method
[8/29/2011 5:02:16 PM][INFO][clStaff][ISStaffinCurrentYear][00000000-0000-0000-0000-000000000000] ISStaffinCurrentYear function debug
[8/29/2011 5:02:16 PM][INFO][clStaff][LoadStaffDetailsByUserNameAndPassword][00000000-0000-0000-0000-000000000000] Execute LoadStaffDetailsByUserNameAndPassword Method
[8/29/2011 5:02:16 PM][INFO][clStaff][ISStaffinCurrentYear][00000000-0000-0000-0000-000000000000] ISStaffinCurrentYear function debug
[8/29/2011 5:02:16 PM][INFO][clStaff][LoadStaffDetailsByUserNameAndPassword][00000000-0000-0000-0000-000000000000] Execute LoadStaffDetailsByUserNameAndPassword Method
[8/29/2011 5:02:16 PM][INFO][clStaff][ISStaffinCurrentYear][00000000-0000-0000-0000-000000000000] ISStaffinCurrentYear function debug
[8/29/2011 5:02:16 PM][INFO][clStaff][LoadStaffDetailsByUserNameAndPassword][00000000-0000-0000-0000-000000000000] Execute LoadStaffDetailsByUserNameAndPassword Method
[8/29/2011 5:02:16 PM][INFO][clStaff][ISStaffinCurrentYear][00000000-0000-0000-0000-000000000000] ISStaffinCurrentYear function debug
[8/29/2011 5:02:20 PM][INFO][clStaff][LoadStaff][00000000-0000-0000-0000-000000000000] Execute LoadStaff Method
[8/29/2011 5:02:20 PM][DEBUG][clStaff][LoadStaff][00000000-0000-0000-0000-000000000000] Debug LoadStaff Method
[8/29/2011 5:02:20 PM][INFO][clStaff][LoadStaffDetailsByUserNameAndPassword][00000000-0000-0000-0000-000000000000] Execute LoadStaffDetailsByUserNameAndPassword Method
[8/29/2011 5:02:20 PM][INFO][clStaff][ISStaffinCurrentYear][00000000-0000-0000-0000-000000000000] ISStaffinCurrentYear function debug
[8/29/2011 5:02:20 PM][INFO][clStaff][LoadStaffDetailsByUserNameAndPassword][00000000-0000-0000-0000-000000000000] Execute LoadStaffDetailsByUserNameAndPassword Method
[8/29/2011 5:02:20 PM][INFO][clStaff][ISStaffinCurrentYear][00000000-0000-0000-0000-000000000000] ISStaffinCurrentYear function debug
[8/29/2011 5:02:20 PM][INFO][clStaff][LoadStaffDetailsByUserNameAndPassword][00000000-0000-0000-0000-000000000000] Execute LoadStaffDetailsByUserNameAndPassword Method
[8/29/2011 5:02:20 PM][INFO][clStaff][ISStaffinCurrentYear][00000000-0000-0000-0000-000000000000] ISStaffinCurrentYear function debug
[8/29/2011 5:02:20 PM][INFO][clStaff][LoadStaffDetailsByUserNameAndPassword][00000000-0000-0000-0000-000000000000] Execute LoadStaffDetailsByUserNameAndPassword Method
[8/29/2011 5:02:20 PM][INFO][clStaff][ISStaffinCurrentYear][00000000-0000-0000-0000-000000000000] ISStaffinCurrentYear function debug
[8/29/2011 5:02:21 PM][INFO][clSchoolYear][GetCurrentSchoolYear][00000000-0000-0000-0000-000000000000] Execute GetCurrentSchoolYear Method
[8/29/2011 5:02:21 PM][DEBUG][clSchoolYear][GetCurrentSchoolYear][00000000-0000-0000-0000-000000000000] Debug GetCurrentSchoolYear Method
[8/29/2011 5:02:22 PM][INFO][clUserGroup][LoadUserGroup][00000000-0000-0000-0000-000000000000] Execute LoadUserGroup Method
[8/29/2011 5:02:22 PM][DEBUG][clUserGroup][LoadUserGroup][00000000-0000-0000-0000-000000000000] Debug LoadUserGroup Method
[8/29/2011 5:02:22 PM][INFO][clStaffCategory][loadStaffCategory][00000000-0000-0000-0000-000000000000] Execute loadStaffCategory Method
[8/29/2011 5:02:22 PM][DEBUG][clStaffCategory][Save][00000000-0000-0000-0000-000000000000] Debug Save Method
[8/29/2011 5:02:22 PM][INFO][clSchoolYear][GetCurrentSchoolYear][00000000-0000-0000-0000-000000000000] Execute GetCurrentSchoolYear Method
[8/29/2011 5:02:22 PM][DEBUG][clSchoolYear][GetCurrentSchoolYear][00000000-0000-0000-0000-000000000000] Debug GetCurrentSchoolYear Method
[8/29/2011 5:02:36 PM][INFO][clStaff][LoadStaff][00000000-0000-0000-0000-000000000000] Execute LoadStaff Method
[8/29/2011 5:02:36 PM][DEBUG][clStaff][LoadStaff][00000000-0000-0000-0000-000000000000] Debug LoadStaff Method
[8/29/2011 5:02:36 PM][INFO][clStaff][LoadStaffDetailsByUserNameAndPassword][00000000-0000-0000-0000-000000000000] Execute LoadStaffDetailsByUserNameAndPassword Method
[8/29/2011 5:02:36 PM][INFO][clStaff][ISStaffinCurrentYear][00000000-0000-0000-0000-000000000000] ISStaffinCurrentYear function debug
[8/29/2011 5:02:36 PM][INFO][clStaff][LoadStaffDetailsByUserNameAndPassword][00000000-0000-0000-0000-000000000000] Execute LoadStaffDetailsByUserNameAndPassword Method
[8/29/2011 5:02:36 PM][INFO][clStaff][ISStaffinCurrentYear][00000000-0000-0000-0000-000000000000] ISStaffinCurrentYear function debug
[8/29/2011 5:02:36 PM][INFO][clStaff][LoadStaffDetailsByUserNameAndPassword][00000000-0000-0000-0000-000000000000] Execute LoadStaffDetailsByUserNameAndPassword Method
[8/29/2011 5:02:36 PM][INFO][clStaff][ISStaffinCurrentYear][00000000-0000-0000-0000-000000000000] ISStaffinCurrentYear function debug
[8/29/2011 5:02:36 PM][INFO][clStaff][LoadStaffDetailsByUserNameAndPassword][00000000-0000-0000-0000-000000000000] Execute LoadStaffDetailsByUserNameAndPassword Method
[8/29/2011 5:02:36 PM][INFO][clStaff][ISStaffinCurrentYear][00000000-0000-0000-0000-000000000000] ISStaffinCurrentYear function debug
[8/29/2011 5:02:46 PM][INFO][clStaff][LoadStaff][00000000-0000-0000-0000-000000000000] Execute LoadStaff Method
[8/29/2011 5:02:47 PM][DEBUG][clStaff][LoadStaff][00000000-0000-0000-0000-000000000000] Debug LoadStaff Method
[8/29/2011 5:02:47 PM][INFO][clStaff][LoadStaffDetailsByUserNameAndPassword][00000000-0000-0000-0000-000000000000] Execute LoadStaffDetailsByUserNameAndPassword Method
[8/29/2011 5:02:47 PM][INFO][clStaff][ISStaffinCurrentYear][00000000-0000-0000-0000-000000000000] ISStaffinCurrentYear function debug
[8/29/2011 5:02:47 PM][INFO][clStaff][LoadStaffDetailsByUserNameAndPassword][00000000-0000-0000-0000-000000000000] Execute LoadStaffDetailsByUserNameAndPassword Method
[8/29/2011 5:02:47 PM][INFO][clStaff][ISStaffinCurrentYear][00000000-0000-0000-0000-000000000000] ISStaffinCurrentYear function debug
[8/29/2011 5:02:47 PM][INFO][clStaff][LoadStaffDetailsByUserNameAndPassword][00000000-0000-0000-0000-000000000000] Execute LoadStaffDetailsByUserNameAndPassword Method
[8/29/2011 5:02:47 PM][INFO][clStaff][ISStaffinCurrentYear][00000000-0000-0000-0000-000000000000] ISStaffinCurrentYear function debug
[8/29/2011 5:02:47 PM][INFO][clStaff][LoadStaffDetailsByUserNameAndPassword][00000000-0000-0000-0000-000000000000] Execute LoadStaffDetailsByUserNameAndPassword Method
[8/29/2011 5:02:47 PM][INFO][clStaff][ISStaffinCurrentYear][00000000-0000-0000-0000-000000000000] ISStaffinCurrentYear function debug
[8/29/2011 5:02:48 PM][INFO][clSchoolYear][GetCurrentSchoolYear][00000000-0000-0000-0000-000000000000] Execute GetCurrentSchoolYear Method
[8/29/2011 5:02:48 PM][DEBUG][clSchoolYear][GetCurrentSchoolYear][00000000-0000-0000-0000-000000000000] Debug GetCurrentSchoolYear Method
[8/29/2011 5:02:48 PM][INFO][clUserGroup][LoadUserGroup][00000000-0000-0000-0000-000000000000] Execute LoadUserGroup Method
[8/29/2011 5:02:48 PM][DEBUG][clUserGroup][LoadUserGroup][00000000-0000-0000-0000-000000000000] Debug LoadUserGroup Method
[8/29/2011 5:02:48 PM][INFO][clStaffCategory][loadStaffCategory][00000000-0000-0000-0000-000000000000] Execute loadStaffCategory Method
[8/29/2011 5:02:48 PM][DEBUG][clStaffCategory][Save][00000000-0000-0000-0000-000000000000] Debug Save Method
[8/29/2011 5:02:48 PM][INFO][clSchoolYear][GetCurrentSchoolYear][00000000-0000-0000-0000-000000000000] Execute GetCurrentSchoolYear Method
[8/29/2011 5:02:48 PM][DEBUG][clSchoolYear][GetCurrentSchoolYear][00000000-0000-0000-0000-000000000000] Debug GetCurrentSchoolYear Method
[8/29/2011 5:03:04 PM][INFO][clSchoolYear][GetCurrentSchoolYear][00000000-0000-0000-0000-000000000000] Execute GetCurrentSchoolYear Method
[8/29/2011 5:03:04 PM][DEBUG][clSchoolYear][GetCurrentSchoolYear][00000000-0000-0000-0000-000000000000] Debug GetCurrentSchoolYear Method
[8/29/2011 5:04:40 PM][INFO][clSchoolYear][GetCurrentSchoolYear][00000000-0000-0000-0000-000000000000] Execute GetCurrentSchoolYear Method
[8/29/2011 5:04:40 PM][DEBUG][clSchoolYear][GetCurrentSchoolYear][00000000-0000-0000-0000-000000000000] Debug GetCurrentSchoolYear Method
[8/29/2011 5:04:40 PM][INFO][Staff][btnSave_Click][00000000-0000-0000-0000-000000000000] Submit btnSave_Click called
[8/29/2011 5:04:40 PM][DEBUG][Role][btnSave_Click][00000000-0000-0000-0000-000000000000] Debug btnSave_Click 
[8/29/2011 5:04:40 PM][INFO][clStaff][CheckDuplicateUserName][00000000-0000-0000-0000-000000000000] Execute CheckDuplicateUserName Method
[8/29/2011 5:04:40 PM][DEBUG][clStaff][CheckDuplicateUserName][00000000-0000-0000-0000-000000000000] Debug CheckDuplicateUserName Method
[8/29/2011 5:04:40 PM][INFO][clStaff][CheckDuplicateCode][00000000-0000-0000-0000-000000000000] Execute CheckDuplicateCode Method
[8/29/2011 5:04:40 PM][DEBUG][clStaff][CheckDuplicateCode][00000000-0000-0000-0000-000000000000] Debug CheckDuplicateCode Method
[8/29/2011 5:04:40 PM][INFO][clStaff][Save][00000000-0000-0000-0000-000000000000] Execute Save Method
[8/29/2011 5:04:40 PM][DEBUG][clStaff][Save][00000000-0000-0000-0000-000000000000] Debug Save Method
[8/29/2011 5:04:40 PM][INFO][clStaffSchoolYear][Save][00000000-0000-0000-0000-000000000000] Execute Save Method
[8/29/2011 5:04:40 PM][DEBUG][clStaffSchoolYear][Save][00000000-0000-0000-0000-000000000000] Debug Save Method
[8/29/2011 5:04:40 PM][INFO][clStaff][LoadStaff][00000000-0000-0000-0000-000000000000] Execute LoadStaff Method
[8/29/2011 5:04:40 PM][DEBUG][clStaff][LoadStaff][00000000-0000-0000-0000-000000000000] Debug LoadStaff Method
[8/29/2011 5:04:40 PM][INFO][clStaff][LoadStaffDetailsByUserNameAndPassword][00000000-0000-0000-0000-000000000000] Execute LoadStaffDetailsByUserNameAndPassword Method
[8/29/2011 5:04:40 PM][INFO][clStaff][ISStaffinCurrentYear][00000000-0000-0000-0000-000000000000] ISStaffinCurrentYear function debug
[8/29/2011 5:04:40 PM][INFO][clStaff][LoadStaffDetailsByUserNameAndPassword][00000000-0000-0000-0000-000000000000] Execute LoadStaffDetailsByUserNameAndPassword Method
[8/29/2011 5:04:40 PM][INFO][clStaff][ISStaffinCurrentYear][00000000-0000-0000-0000-000000000000] ISStaffinCurrentYear function debug
[8/29/2011 5:04:40 PM][INFO][clStaff][LoadStaffDetailsByUserNameAndPassword][00000000-0000-0000-0000-000000000000] Execute LoadStaffDetailsByUserNameAndPassword Method
[8/29/2011 5:04:40 PM][INFO][clStaff][ISStaffinCurrentYear][00000000-0000-0000-0000-000000000000] ISStaffinCurrentYear function debug
[8/29/2011 5:04:40 PM][INFO][clStaff][LoadStaffDetailsByUserNameAndPassword][00000000-0000-0000-0000-000000000000] Execute LoadStaffDetailsByUserNameAndPassword Method
[8/29/2011 5:04:40 PM][INFO][clStaff][ISStaffinCurrentYear][00000000-0000-0000-0000-000000000000] ISStaffinCurrentYear function debug
[8/29/2011 5:04:40 PM][INFO][clStaff][LoadStaffDetailsByUserNameAndPassword][00000000-0000-0000-0000-000000000000] Execute LoadStaffDetailsByUserNameAndPassword Method
[8/29/2011 5:04:40 PM][INFO][clStaff][ISStaffinCurrentYear][00000000-0000-0000-0000-000000000000] ISStaffinCurrentYear function debug
[8/29/2011 5:04:44 PM][INFO][clClassRoom][LoadClassRoom][00000000-0000-0000-0000-000000000000] Execute LoadClassRoom Method
[8/29/2011 5:04:44 PM][DEBUG][clClassRoom][Save][00000000-0000-0000-0000-000000000000] Debug Save Method
[8/29/2011 5:04:47 PM][INFO][clSchoolYear][GetCurrentSchoolYear][00000000-0000-0000-0000-000000000000] Execute GetCurrentSchoolYear Method
[8/29/2011 5:04:47 PM][DEBUG][clSchoolYear][GetCurrentSchoolYear][00000000-0000-0000-0000-000000000000] Debug GetCurrentSchoolYear Method
[8/29/2011 5:04:47 PM][INFO][clClassRoom][LoadClassRoom][00000000-0000-0000-0000-000000000000] Execute LoadClassRoom Method
[8/29/2011 5:04:47 PM][DEBUG][clClassRoom][Save][00000000-0000-0000-0000-000000000000] Debug Save Method
[8/29/2011 5:04:47 PM][INFO][clStaff][LoadStaff][00000000-0000-0000-0000-000000000000] Execute LoadStaff Method
[8/29/2011 5:04:47 PM][DEBUG][clStaff][LoadStaff][00000000-0000-0000-0000-000000000000] Debug LoadStaff Method
[8/29/2011 5:04:47 PM][INFO][clStaff][LoadStaffDetailsByUserNameAndPassword][00000000-0000-0000-0000-000000000000] Execute LoadStaffDetailsByUserNameAndPassword Method
[8/29/2011 5:04:47 PM][INFO][clStaff][ISStaffinCurrentYear][00000000-0000-0000-0000-000000000000] ISStaffinCurrentYear function debug
[8/29/2011 5:04:47 PM][INFO][clStaff][LoadStaffDetailsByUserNameAndPassword][00000000-0000-0000-0000-000000000000] Execute LoadStaffDetailsByUserNameAndPassword Method
[8/29/2011 5:04:47 PM][INFO][clStaff][ISStaffinCurrentYear][00000000-0000-0000-0000-000000000000] ISStaffinCurrentYear function debug
[8/29/2011 5:04:47 PM][INFO][clStaff][LoadStaffDetailsByUserNameAndPassword][00000000-0000-0000-0000-000000000000] Execute LoadStaffDetailsByUserNameAndPassword Method
[8/29/2011 5:04:47 PM][INFO][clStaff][ISStaffinCurrentYear][00000000-0000-0000-0000-000000000000] ISStaffinCurrentYear function debug
[8/29/2011 5:04:47 PM][INFO][clStaff][LoadStaffDetailsByUserNameAndPassword][00000000-0000-0000-0000-000000000000] Execute LoadStaffDetailsByUserNameAndPassword Method
[8/29/2011 5:04:47 PM][INFO][clStaff][ISStaffinCurrentYear][00000000-0000-0000-0000-000000000000] ISStaffinCurrentYear function debug
[8/29/2011 5:04:47 PM][INFO][clStaff][LoadStaffDetailsByUserNameAndPassword][00000000-0000-0000-0000-000000000000] Execute LoadStaffDetailsByUserNameAndPassword Method
[8/29/2011 5:04:47 PM][INFO][clStaff][ISStaffinCurrentYear][00000000-0000-0000-0000-000000000000] ISStaffinCurrentYear function debug
[8/29/2011 5:04:51 PM][INFO][clSchoolYear][GetCurrentSchoolYear][00000000-0000-0000-0000-000000000000] Execute GetCurrentSchoolYear Method
[8/29/2011 5:04:51 PM][DEBUG][clSchoolYear][GetCurrentSchoolYear][00000000-0000-0000-0000-000000000000] Debug GetCurrentSchoolYear Method
[8/29/2011 5:04:51 PM][INFO][ClassRoom][SubmitRecord][00000000-0000-0000-0000-000000000000] Submit record method called
[8/29/2011 5:04:51 PM][DEBUG][ClassRoom][SubmitRecord][00000000-0000-0000-0000-000000000000]  Debug Submit record method called of ClassRoom
[8/29/2011 5:04:51 PM][INFO][clClassRoom][LoadClassRoom][00000000-0000-0000-0000-000000000000] Execute LoadClassRoom Method
[8/29/2011 5:04:51 PM][DEBUG][clClassRoom][Save][00000000-0000-0000-0000-000000000000] Debug Save Method
[8/29/2011 5:04:57 PM][INFO][clClassRoom][Save][00000000-0000-0000-0000-000000000000] Execute Save Method
[8/29/2011 5:04:57 PM][DEBUG][clClassRoom][Save][00000000-0000-0000-0000-000000000000] Debug Save Method
[8/29/2011 5:04:57 PM][INFO][clClassRoom][LoadClassRoom][00000000-0000-0000-0000-000000000000] Execute LoadClassRoom Method
[8/29/2011 5:04:57 PM][DEBUG][clClassRoom][Save][00000000-0000-0000-0000-000000000000] Debug Save Method
[8/29/2011 5:04:57 PM][INFO][clStaff][LoadStaff][00000000-0000-0000-0000-000000000000] Execute LoadStaff Method
[8/29/2011 5:04:57 PM][DEBUG][clStaff][LoadStaff][00000000-0000-0000-0000-000000000000] Debug LoadStaff Method
[8/29/2011 5:04:57 PM][INFO][clStaff][LoadStaffDetailsByUserNameAndPassword][00000000-0000-0000-0000-000000000000] Execute LoadStaffDetailsByUserNameAndPassword Method
[8/29/2011 5:04:57 PM][INFO][clStaff][ISStaffinCurrentYear][00000000-0000-0000-0000-000000000000] ISStaffinCurrentYear function debug
[8/29/2011 5:04:57 PM][INFO][clStaff][LoadStaffDetailsByUserNameAndPassword][00000000-0000-0000-0000-000000000000] Execute LoadStaffDetailsByUserNameAndPassword Method
[8/29/2011 5:04:57 PM][INFO][clStaff][ISStaffinCurrentYear][00000000-0000-0000-0000-000000000000] ISStaffinCurrentYear function debug
[8/29/2011 5:04:57 PM][INFO][clStaff][LoadStaffDetailsByUserNameAndPassword][00000000-0000-0000-0000-000000000000] Execute LoadStaffDetailsByUserNameAndPassword Method
[8/29/2011 5:04:57 PM][INFO][clStaff][ISStaffinCurrentYear][00000000-0000-0000-0000-000000000000] ISStaffinCurrentYear function debug
[8/29/2011 5:04:57 PM][INFO][clStaff][LoadStaffDetailsByUserNameAndPassword][00000000-0000-0000-0000-000000000000] Execute LoadStaffDetailsByUserNameAndPassword Method
[8/29/2011 5:04:57 PM][INFO][clStaff][ISStaffinCurrentYear][00000000-0000-0000-0000-000000000000] ISStaffinCurrentYear function debug
[8/29/2011 5:04:57 PM][INFO][clStaff][LoadStaffDetailsByUserNameAndPassword][00000000-0000-0000-0000-000000000000] Execute LoadStaffDetailsByUserNameAndPassword Method
[8/29/2011 5:04:57 PM][INFO][clStaff][ISStaffinCurrentYear][00000000-0000-0000-0000-000000000000] ISStaffinCurrentYear function debug
[8/29/2011 6:41:02 PM][INFO][clStaff][LoadStaffDetailsByUserNameAndPassword][00000000-0000-0000-0000-000000000000] Execute LoadStaffDetailsByUserNameAndPassword Method
[8/29/2011 6:41:02 PM][DEBUG][clStaff][LoadStaffDetailsByUserNameAndPassword][00000000-0000-0000-0000-000000000000] Debug LoadStaffDetailsByUserNameAndPassword Method
[8/29/2011 6:41:06 PM][INFO][clSchoolYear][LoadAllSchoolYear][00000000-0000-0000-0000-000000000000] Execute LoadAllSchoolYear Method
[8/29/2011 6:41:06 PM][DEBUG][clSchoolYear][LoadAllSchoolYear][00000000-0000-0000-0000-000000000000] Debug LoadAllSchoolYear Method
[8/29/2011 6:41:06 PM][INFO][clSchoolYear][GetCurrentSchoolYear][00000000-0000-0000-0000-000000000000] Execute GetCurrentSchoolYear Method
[8/29/2011 6:41:06 PM][DEBUG][clSchoolYear][GetCurrentSchoolYear][00000000-0000-0000-0000-000000000000] Debug GetCurrentSchoolYear Method
[8/29/2011 6:41:08 PM][INFO][clStaff][LoadStaff][00000000-0000-0000-0000-000000000000] Execute LoadStaff Method
[8/29/2011 6:41:08 PM][DEBUG][clStaff][LoadStaff][00000000-0000-0000-0000-000000000000] Debug LoadStaff Method
[8/29/2011 6:41:08 PM][INFO][clStaff][LoadStaffDetailsByUserNameAndPassword][00000000-0000-0000-0000-000000000000] Execute LoadStaffDetailsByUserNameAndPassword Method
[8/29/2011 6:41:08 PM][INFO][clStaff][ISStaffinCurrentYear][00000000-0000-0000-0000-000000000000] ISStaffinCurrentYear function debug
[8/29/2011 6:41:08 PM][INFO][clStaff][LoadStaffDetailsByUserNameAndPassword][00000000-0000-0000-0000-000000000000] Execute LoadStaffDetailsByUserNameAndPassword Method
[8/29/2011 6:41:08 PM][INFO][clStaff][ISStaffinCurrentYear][00000000-0000-0000-0000-000000000000] ISStaffinCurrentYear function debug
[8/29/2011 6:41:08 PM][INFO][clStaff][LoadStaffDetailsByUserNameAndPassword][00000000-0000-0000-0000-000000000000] Execute LoadStaffDetailsByUserNameAndPassword Method
[8/29/2011 6:41:08 PM][INFO][clStaff][ISStaffinCurrentYear][00000000-0000-0000-0000-000000000000] ISStaffinCurrentYear function debug
[8/29/2011 6:41:08 PM][INFO][clStaff][LoadStaffDetailsByUserNameAndPassword][00000000-0000-0000-0000-000000000000] Execute LoadStaffDetailsByUserNameAndPassword Method
[8/29/2011 6:41:08 PM][INFO][clStaff][ISStaffinCurrentYear][00000000-0000-0000-0000-000000000000] ISStaffinCurrentYear function debug
[8/29/2011 6:41:08 PM][INFO][clStaff][LoadStaffDetailsByUserNameAndPassword][00000000-0000-0000-0000-000000000000] Execute LoadStaffDetailsByUserNameAndPassword Method
[8/29/2011 6:41:08 PM][INFO][clStaff][ISStaffinCurrentYear][00000000-0000-0000-0000-000000000000] ISStaffinCurrentYear function debug
[8/29/2011 6:41:10 PM][INFO][clStaff][LoadStaff][00000000-0000-0000-0000-000000000000] Execute LoadStaff Method
[8/29/2011 6:41:10 PM][DEBUG][clStaff][LoadStaff][00000000-0000-0000-0000-000000000000] Debug LoadStaff Method
[8/29/2011 6:41:10 PM][INFO][clStaff][LoadStaffDetailsByUserNameAndPassword][00000000-0000-0000-0000-000000000000] Execute LoadStaffDetailsByUserNameAndPassword Method
[8/29/2011 6:41:10 PM][INFO][clStaff][ISStaffinCurrentYear][00000000-0000-0000-0000-000000000000] ISStaffinCurrentYear function debug
[8/29/2011 6:41:10 PM][INFO][clStaff][LoadStaffDetailsByUserNameAndPassword][00000000-0000-0000-0000-000000000000] Execute LoadStaffDetailsByUserNameAndPassword Method
[8/29/2011 6:41:10 PM][INFO][clStaff][ISStaffinCurrentYear][00000000-0000-0000-0000-000000000000] ISStaffinCurrentYear function debug
[8/29/2011 6:41:10 PM][INFO][clStaff][LoadStaffDetailsByUserNameAndPassword][00000000-0000-0000-0000-000000000000] Execute LoadStaffDetailsByUserNameAndPassword Method
[8/29/2011 6:41:10 PM][INFO][clStaff][ISStaffinCurrentYear][00000000-0000-0000-0000-000000000000] ISStaffinCurrentYear function debug
[8/29/2011 6:41:10 PM][INFO][clStaff][LoadStaffDetailsByUserNameAndPassword][00000000-0000-0000-0000-000000000000] Execute LoadStaffDetailsByUserNameAndPassword Method
[8/29/2011 6:41:10 PM][INFO][clStaff][ISStaffinCurrentYear][00000000-0000-0000-0000-000000000000] ISStaffinCurrentYear function debug
[8/29/2011 6:41:10 PM][INFO][clStaff][LoadStaffDetailsByUserNameAndPassword][00000000-0000-0000-0000-000000000000] Execute LoadStaffDetailsByUserNameAndPassword Method
[8/29/2011 6:41:10 PM][INFO][clStaff][ISStaffinCurrentYear][00000000-0000-0000-0000-000000000000] ISStaffinCurrentYear function debug
[8/29/2011 6:41:16 PM][INFO][clSchoolProgram][LoadSchoolProgram][00000000-0000-0000-0000-000000000000] Execute LoadSchoolProgram Method
[8/29/2011 6:41:16 PM][DEBUG][clSchoolProgram][LoadSchoolProgram][00000000-0000-0000-0000-000000000000] Debug LoadSchoolProgram Method
[8/29/2011 6:41:21 PM][INFO][clProgSchedule][LoadProgSchedule][00000000-0000-0000-0000-000000000000] Execute LoadProgSchedule Method
[8/29/2011 6:41:21 PM][DEBUG][clProgSchedule][LoadProgSchedule][00000000-0000-0000-0000-000000000000] Debug LoadProgSchedule Method
[8/29/2011 6:41:39 PM][INFO][clProgSchedule][LoadProgSchedule][00000000-0000-0000-0000-000000000000] Execute LoadProgSchedule Method
[8/29/2011 6:41:39 PM][DEBUG][clProgSchedule][LoadProgSchedule][00000000-0000-0000-0000-000000000000] Debug LoadProgSchedule Method
[8/29/2011 6:41:42 PM][INFO][clSchoolYear][GetCurrentSchoolYear][00000000-0000-0000-0000-000000000000] Execute GetCurrentSchoolYear Method
[8/29/2011 6:41:42 PM][DEBUG][clSchoolYear][GetCurrentSchoolYear][00000000-0000-0000-0000-000000000000] Debug GetCurrentSchoolYear Method
[8/29/2011 6:41:42 PM][INFO][clProgSchedule][LoadProgSchedule][00000000-0000-0000-0000-000000000000] Execute LoadProgSchedule Method
[8/29/2011 6:41:42 PM][DEBUG][clProgSchedule][LoadProgSchedule][00000000-0000-0000-0000-000000000000] Debug LoadProgSchedule Method
[8/29/2011 6:42:02 PM][INFO][clSchoolYear][GetCurrentSchoolYear][00000000-0000-0000-0000-000000000000] Execute GetCurrentSchoolYear Method
[8/29/2011 6:42:02 PM][DEBUG][clSchoolYear][GetCurrentSchoolYear][00000000-0000-0000-0000-000000000000] Debug GetCurrentSchoolYear Method
[8/29/2011 6:42:02 PM][INFO][ClassRoom][SubmitRecord][00000000-0000-0000-0000-000000000000] Submit record method called
[8/29/2011 6:42:02 PM][DEBUG][ClassRoom][SubmitRecord][00000000-0000-0000-0000-000000000000]  Debug Submit record method called of ClassRoom
[8/29/2011 6:42:02 PM][INFO][clProgClassRoom][LoadProgClassRoom][00000000-0000-0000-0000-000000000000] Execute LoadProgClassRoom Method
[8/29/2011 6:42:02 PM][DEBUG][clProgClassRoom][LoadProgClassRoom][00000000-0000-0000-0000-000000000000] Debug LoadProgClassRoom Method
[8/29/2011 6:42:02 PM][INFO][clProgSchedule][LoadProgClassRoom][00000000-0000-0000-0000-000000000000] Execute LoadProgClassRoom Method
[8/29/2011 6:42:02 PM][DEBUG][clProgSchedule][LoadProgClassRoom][00000000-0000-0000-0000-000000000000] Debug LoadProgClassRoom Method
[8/29/2011 6:42:02 PM][EXCEPTION][clProgSchedule][LoadProgSchedule][00000000-0000-0000-0000-000000000000] Procedure or function 'spGetCheckDuplicateProgClassRoomId' expects parameter '@ClassRoomId', which was not supplied.
[8/29/2011 6:42:02 PM][INFO][clProgSchedule][Save][00000000-0000-0000-0000-000000000000] Execute Save Method
[8/29/2011 6:42:02 PM][DEBUG][clProgSchedule][Save][00000000-0000-0000-0000-000000000000] Debug Save Method
[8/29/2011 6:42:02 PM][INFO][clProgSchedule][LoadProgSchedule][00000000-0000-0000-0000-000000000000] Execute LoadProgSchedule Method
[8/29/2011 6:42:02 PM][DEBUG][clProgSchedule][LoadProgSchedule][00000000-0000-0000-0000-000000000000] Debug LoadProgSchedule Method
[8/29/2011 6:43:10 PM][INFO][clSchoolYear][GetCurrentSchoolYear][00000000-0000-0000-0000-000000000000] Execute GetCurrentSchoolYear Method
[8/29/2011 6:43:10 PM][DEBUG][clSchoolYear][GetCurrentSchoolYear][00000000-0000-0000-0000-000000000000] Debug GetCurrentSchoolYear Method
[8/29/2011 6:43:10 PM][INFO][clProgSchedule][LoadProgSchedule][00000000-0000-0000-0000-000000000000] Execute LoadProgSchedule Method
[8/29/2011 6:43:10 PM][DEBUG][clProgSchedule][LoadProgSchedule][00000000-0000-0000-0000-000000000000] Debug LoadProgSchedule Method
[8/29/2011 6:43:13 PM][INFO][clSchoolYear][GetCurrentSchoolYear][00000000-0000-0000-0000-000000000000] Execute GetCurrentSchoolYear Method
[8/29/2011 6:43:13 PM][DEBUG][clSchoolYear][GetCurrentSchoolYear][00000000-0000-0000-0000-000000000000] Debug GetCurrentSchoolYear Method
[8/29/2011 6:43:13 PM][INFO][clProgSchedule][LoadProgSchedule][00000000-0000-0000-0000-000000000000] Execute LoadProgSchedule Method
[8/29/2011 6:43:13 PM][DEBUG][clProgSchedule][LoadProgSchedule][00000000-0000-0000-0000-000000000000] Debug LoadProgSchedule Method
[8/29/2011 6:43:40 PM][INFO][clSchoolYear][GetCurrentSchoolYear][00000000-0000-0000-0000-000000000000] Execute GetCurrentSchoolYear Method
[8/29/2011 6:43:40 PM][DEBUG][clSchoolYear][GetCurrentSchoolYear][00000000-0000-0000-0000-000000000000] Debug GetCurrentSchoolYear Method
[8/29/2011 6:43:40 PM][INFO][ClassRoom][SubmitRecord][00000000-0000-0000-0000-000000000000] Submit record method called
[8/29/2011 6:43:40 PM][DEBUG][ClassRoom][SubmitRecord][00000000-0000-0000-0000-000000000000]  Debug Submit record method called of ClassRoom
[8/29/2011 6:43:40 PM][INFO][clProgClassRoom][LoadProgClassRoom][00000000-0000-0000-0000-000000000000] Execute LoadProgClassRoom Method
[8/29/2011 6:43:40 PM][DEBUG][clProgClassRoom][LoadProgClassRoom][00000000-0000-0000-0000-000000000000] Debug LoadProgClassRoom Method
[8/29/2011 6:46:04 PM][INFO][clProgSchedule][LoadProgClassRoom][00000000-0000-0000-0000-000000000000] Execute LoadProgClassRoom Method
[8/29/2011 6:46:04 PM][DEBUG][clProgSchedule][LoadProgClassRoom][00000000-0000-0000-0000-000000000000] Debug LoadProgClassRoom Method
[8/29/2011 6:46:04 PM][EXCEPTION][clProgSchedule][LoadProgSchedule][00000000-0000-0000-0000-000000000000] Procedure or function 'spGetCheckDuplicateProgClassRoomId' expects parameter '@ClassRoomId', which was not supplied.
[8/29/2011 6:46:34 PM][INFO][clProgSchedule][LoadProgClassRoom][00000000-0000-0000-0000-000000000000] Execute LoadProgClassRoom Method
[8/29/2011 6:46:37 PM][DEBUG][clProgSchedule][LoadProgClassRoom][00000000-0000-0000-0000-000000000000] Debug LoadProgClassRoom Method
[8/29/2011 6:48:14 PM][INFO][clStaff][LoadStaffDetailsByUserNameAndPassword][00000000-0000-0000-0000-000000000000] Execute LoadStaffDetailsByUserNameAndPassword Method
[8/29/2011 6:48:14 PM][DEBUG][clStaff][LoadStaffDetailsByUserNameAndPassword][00000000-0000-0000-0000-000000000000] Debug LoadStaffDetailsByUserNameAndPassword Method
[8/29/2011 6:48:17 PM][INFO][clSchoolYear][LoadAllSchoolYear][00000000-0000-0000-0000-000000000000] Execute LoadAllSchoolYear Method
[8/29/2011 6:48:17 PM][DEBUG][clSchoolYear][LoadAllSchoolYear][00000000-0000-0000-0000-000000000000] Debug LoadAllSchoolYear Method
[8/29/2011 6:48:17 PM][INFO][clSchoolYear][GetCurrentSchoolYear][00000000-0000-0000-0000-000000000000] Execute GetCurrentSchoolYear Method
[8/29/2011 6:48:17 PM][DEBUG][clSchoolYear][GetCurrentSchoolYear][00000000-0000-0000-0000-000000000000] Debug GetCurrentSchoolYear Method
[8/29/2011 6:48:19 PM][INFO][clStaff][LoadStaff][00000000-0000-0000-0000-000000000000] Execute LoadStaff Method
[8/29/2011 6:48:19 PM][DEBUG][clStaff][LoadStaff][00000000-0000-0000-0000-000000000000] Debug LoadStaff Method
[8/29/2011 6:48:19 PM][INFO][clStaff][LoadStaffDetailsByUserNameAndPassword][00000000-0000-0000-0000-000000000000] Execute LoadStaffDetailsByUserNameAndPassword Method
[8/29/2011 6:48:19 PM][INFO][clStaff][ISStaffinCurrentYear][00000000-0000-0000-0000-000000000000] ISStaffinCurrentYear function debug
[8/29/2011 6:48:19 PM][INFO][clStaff][LoadStaffDetailsByUserNameAndPassword][00000000-0000-0000-0000-000000000000] Execute LoadStaffDetailsByUserNameAndPassword Method
[8/29/2011 6:48:19 PM][INFO][clStaff][ISStaffinCurrentYear][00000000-0000-0000-0000-000000000000] ISStaffinCurrentYear function debug
[8/29/2011 6:48:19 PM][INFO][clStaff][LoadStaffDetailsByUserNameAndPassword][00000000-0000-0000-0000-000000000000] Execute LoadStaffDetailsByUserNameAndPassword Method
[8/29/2011 6:48:19 PM][INFO][clStaff][ISStaffinCurrentYear][00000000-0000-0000-0000-000000000000] ISStaffinCurrentYear function debug
[8/29/2011 6:48:19 PM][INFO][clStaff][LoadStaffDetailsByUserNameAndPassword][00000000-0000-0000-0000-000000000000] Execute LoadStaffDetailsByUserNameAndPassword Method
[8/29/2011 6:48:19 PM][INFO][clStaff][ISStaffinCurrentYear][00000000-0000-0000-0000-000000000000] ISStaffinCurrentYear function debug
[8/29/2011 6:48:19 PM][INFO][clStaff][LoadStaffDetailsByUserNameAndPassword][00000000-0000-0000-0000-000000000000] Execute LoadStaffDetailsByUserNameAndPassword Method
[8/29/2011 6:48:19 PM][INFO][clStaff][ISStaffinCurrentYear][00000000-0000-0000-0000-000000000000] ISStaffinCurrentYear function debug
[8/29/2011 6:48:24 PM][INFO][clSchoolProgram][LoadSchoolProgram][00000000-0000-0000-0000-000000000000] Execute LoadSchoolProgram Method
[8/29/2011 6:48:24 PM][DEBUG][clSchoolProgram][LoadSchoolProgram][00000000-0000-0000-0000-000000000000] Debug LoadSchoolProgram Method
[8/29/2011 6:48:26 PM][INFO][clProgSchedule][LoadProgSchedule][00000000-0000-0000-0000-000000000000] Execute LoadProgSchedule Method
[8/29/2011 6:48:26 PM][DEBUG][clProgSchedule][LoadProgSchedule][00000000-0000-0000-0000-000000000000] Debug LoadProgSchedule Method
[8/29/2011 6:48:31 PM][INFO][clProgSchedule][LoadProgSchedule][00000000-0000-0000-0000-000000000000] Execute LoadProgSchedule Method
[8/29/2011 6:48:31 PM][DEBUG][clProgSchedule][LoadProgSchedule][00000000-0000-0000-0000-000000000000] Debug LoadProgSchedule Method
[8/29/2011 6:48:34 PM][INFO][clSchoolYear][GetCurrentSchoolYear][00000000-0000-0000-0000-000000000000] Execute GetCurrentSchoolYear Method
[8/29/2011 6:48:34 PM][DEBUG][clSchoolYear][GetCurrentSchoolYear][00000000-0000-0000-0000-000000000000] Debug GetCurrentSchoolYear Method
[8/29/2011 6:48:34 PM][INFO][clProgSchedule][LoadProgSchedule][00000000-0000-0000-0000-000000000000] Execute LoadProgSchedule Method
[8/29/2011 6:48:34 PM][DEBUG][clProgSchedule][LoadProgSchedule][00000000-0000-0000-0000-000000000000] Debug LoadProgSchedule Method
[8/29/2011 6:48:51 PM][INFO][clSchoolYear][GetCurrentSchoolYear][00000000-0000-0000-0000-000000000000] Execute GetCurrentSchoolYear Method
[8/29/2011 6:48:51 PM][DEBUG][clSchoolYear][GetCurrentSchoolYear][00000000-0000-0000-0000-000000000000] Debug GetCurrentSchoolYear Method
[8/29/2011 6:48:51 PM][INFO][ClassRoom][SubmitRecord][00000000-0000-0000-0000-000000000000] Submit record method called
[8/29/2011 6:48:51 PM][DEBUG][ClassRoom][SubmitRecord][00000000-0000-0000-0000-000000000000]  Debug Submit record method called of ClassRoom
[8/29/2011 6:48:51 PM][INFO][clProgClassRoom][LoadProgClassRoom][00000000-0000-0000-0000-000000000000] Execute LoadProgClassRoom Method
[8/29/2011 6:48:51 PM][DEBUG][clProgClassRoom][LoadProgClassRoom][00000000-0000-0000-0000-000000000000] Debug LoadProgClassRoom Method
[8/29/2011 6:49:19 PM][INFO][clProgSchedule][LoadProgClassRoom][00000000-0000-0000-0000-000000000000] Execute LoadProgClassRoom Method
[8/29/2011 6:49:22 PM][DEBUG][clProgSchedule][LoadProgClassRoom][00000000-0000-0000-0000-000000000000] Debug LoadProgClassRoom Method
[8/29/2011 6:53:54 PM][INFO][clStaff][LoadStaffDetailsByUserNameAndPassword][00000000-0000-0000-0000-000000000000] Execute LoadStaffDetailsByUserNameAndPassword Method
[8/29/2011 6:53:54 PM][DEBUG][clStaff][LoadStaffDetailsByUserNameAndPassword][00000000-0000-0000-0000-000000000000] Debug LoadStaffDetailsByUserNameAndPassword Method
[8/29/2011 6:53:57 PM][INFO][clSchoolYear][LoadAllSchoolYear][00000000-0000-0000-0000-000000000000] Execute LoadAllSchoolYear Method
[8/29/2011 6:53:57 PM][DEBUG][clSchoolYear][LoadAllSchoolYear][00000000-0000-0000-0000-000000000000] Debug LoadAllSchoolYear Method
[8/29/2011 6:53:57 PM][INFO][clSchoolYear][GetCurrentSchoolYear][00000000-0000-0000-0000-000000000000] Execute GetCurrentSchoolYear Method
[8/29/2011 6:53:57 PM][DEBUG][clSchoolYear][GetCurrentSchoolYear][00000000-0000-0000-0000-000000000000] Debug GetCurrentSchoolYear Method
[8/29/2011 6:53:59 PM][INFO][clStaff][LoadStaff][00000000-0000-0000-0000-000000000000] Execute LoadStaff Method
[8/29/2011 6:53:59 PM][DEBUG][clStaff][LoadStaff][00000000-0000-0000-0000-000000000000] Debug LoadStaff Method
[8/29/2011 6:53:59 PM][INFO][clStaff][LoadStaffDetailsByUserNameAndPassword][00000000-0000-0000-0000-000000000000] Execute LoadStaffDetailsByUserNameAndPassword Method
[8/29/2011 6:53:59 PM][INFO][clStaff][ISStaffinCurrentYear][00000000-0000-0000-0000-000000000000] ISStaffinCurrentYear function debug
[8/29/2011 6:53:59 PM][INFO][clStaff][LoadStaffDetailsByUserNameAndPassword][00000000-0000-0000-0000-000000000000] Execute LoadStaffDetailsByUserNameAndPassword Method
[8/29/2011 6:53:59 PM][INFO][clStaff][ISStaffinCurrentYear][00000000-0000-0000-0000-000000000000] ISStaffinCurrentYear function debug
[8/29/2011 6:53:59 PM][INFO][clStaff][LoadStaffDetailsByUserNameAndPassword][00000000-0000-0000-0000-000000000000] Execute LoadStaffDetailsByUserNameAndPassword Method
[8/29/2011 6:53:59 PM][INFO][clStaff][ISStaffinCurrentYear][00000000-0000-0000-0000-000000000000] ISStaffinCurrentYear function debug
[8/29/2011 6:53:59 PM][INFO][clStaff][LoadStaffDetailsByUserNameAndPassword][00000000-0000-0000-0000-000000000000] Execute LoadStaffDetailsByUserNameAndPassword Method
[8/29/2011 6:53:59 PM][INFO][clStaff][ISStaffinCurrentYear][00000000-0000-0000-0000-000000000000] ISStaffinCurrentYear function debug
[8/29/2011 6:53:59 PM][INFO][clStaff][LoadStaffDetailsByUserNameAndPassword][00000000-0000-0000-0000-000000000000] Execute LoadStaffDetailsByUserNameAndPassword Method
[8/29/2011 6:53:59 PM][INFO][clStaff][ISStaffinCurrentYear][00000000-0000-0000-0000-000000000000] ISStaffinCurrentYear function debug
[8/29/2011 6:54:03 PM][INFO][clSchoolProgram][LoadSchoolProgram][00000000-0000-0000-0000-000000000000] Execute LoadSchoolProgram Method
[8/29/2011 6:54:03 PM][DEBUG][clSchoolProgram][LoadSchoolProgram][00000000-0000-0000-0000-000000000000] Debug LoadSchoolProgram Method
[8/29/2011 6:54:08 PM][INFO][clProgSchedule][LoadProgSchedule][00000000-0000-0000-0000-000000000000] Execute LoadProgSchedule Method
[8/29/2011 6:54:08 PM][DEBUG][clProgSchedule][LoadProgSchedule][00000000-0000-0000-0000-000000000000] Debug LoadProgSchedule Method
[8/29/2011 6:54:13 PM][INFO][clProgSchedule][LoadProgSchedule][00000000-0000-0000-0000-000000000000] Execute LoadProgSchedule Method
[8/29/2011 6:54:13 PM][DEBUG][clProgSchedule][LoadProgSchedule][00000000-0000-0000-0000-000000000000] Debug LoadProgSchedule Method
[8/29/2011 6:54:15 PM][INFO][clSchoolYear][GetCurrentSchoolYear][00000000-0000-0000-0000-000000000000] Execute GetCurrentSchoolYear Method
[8/29/2011 6:54:15 PM][DEBUG][clSchoolYear][GetCurrentSchoolYear][00000000-0000-0000-0000-000000000000] Debug GetCurrentSchoolYear Method
[8/29/2011 6:54:15 PM][INFO][clProgSchedule][LoadProgSchedule][00000000-0000-0000-0000-000000000000] Execute LoadProgSchedule Method
[8/29/2011 6:54:15 PM][DEBUG][clProgSchedule][LoadProgSchedule][00000000-0000-0000-0000-000000000000] Debug LoadProgSchedule Method
[8/29/2011 6:54:35 PM][INFO][clSchoolYear][GetCurrentSchoolYear][00000000-0000-0000-0000-000000000000] Execute GetCurrentSchoolYear Method
[8/29/2011 6:54:35 PM][DEBUG][clSchoolYear][GetCurrentSchoolYear][00000000-0000-0000-0000-000000000000] Debug GetCurrentSchoolYear Method
[8/29/2011 6:54:35 PM][INFO][ClassRoom][SubmitRecord][00000000-0000-0000-0000-000000000000] Submit record method called
[8/29/2011 6:54:35 PM][DEBUG][ClassRoom][SubmitRecord][00000000-0000-0000-0000-000000000000]  Debug Submit record method called of ClassRoom
[8/29/2011 6:54:35 PM][INFO][clProgClassRoom][LoadProgClassRoom][00000000-0000-0000-0000-000000000000] Execute LoadProgClassRoom Method
[8/29/2011 6:54:35 PM][DEBUG][clProgClassRoom][LoadProgClassRoom][00000000-0000-0000-0000-000000000000] Debug LoadProgClassRoom Method
[8/29/2011 6:54:44 PM][INFO][clProgSchedule][LoadProgClassRoom][00000000-0000-0000-0000-000000000000] Execute LoadProgClassRoom Method
[8/29/2011 6:54:47 PM][DEBUG][clProgSchedule][LoadProgClassRoom][00000000-0000-0000-0000-000000000000] Debug LoadProgClassRoom Method
