[8/11/2011 3:56:10 PM][INFO][clStaff][LoadStaffDetailsByUserNameAndPassword][00000000-0000-0000-0000-000000000000] Execute LoadStaffDetailsByUserNameAndPassword Method
[8/11/2011 3:56:10 PM][DEBUG][clStaff][LoadStaffDetailsByUserNameAndPassword][00000000-0000-0000-0000-000000000000] Debug LoadStaffDetailsByUserNameAndPassword Method
[8/11/2011 3:56:15 PM][INFO][clSchoolYear][LoadAllSchoolYear][00000000-0000-0000-0000-000000000000] Execute LoadAllSchoolYear Method
[8/11/2011 3:56:15 PM][DEBUG][clSchoolYear][LoadAllSchoolYear][00000000-0000-0000-0000-000000000000] Debug LoadAllSchoolYear Method
[8/11/2011 3:56:15 PM][INFO][clStaff][LoadStaff][00000000-0000-0000-0000-000000000000] Execute LoadStaff Method
[8/11/2011 3:56:15 PM][DEBUG][clStaff][LoadStaff][00000000-0000-0000-0000-000000000000] Debug LoadStaff Method
[8/11/2011 3:56:15 PM][INFO][clStaff][LoadStaffDetailsByUserNameAndPassword][00000000-0000-0000-0000-000000000000] Execute LoadStaffDetailsByUserNameAndPassword Method
[8/11/2011 3:56:15 PM][INFO][clStaff][ISStaffinCurrentYear][00000000-0000-0000-0000-000000000000] ISStaffinCurrentYear function debug
[8/11/2011 3:56:15 PM][INFO][clStaff][LoadStaffDetailsByUserNameAndPassword][00000000-0000-0000-0000-000000000000] Execute LoadStaffDetailsByUserNameAndPassword Method
[8/11/2011 3:56:15 PM][INFO][clStaff][ISStaffinCurrentYear][00000000-0000-0000-0000-000000000000] ISStaffinCurrentYear function debug
[8/11/2011 3:56:15 PM][INFO][clStaff][LoadStaffDetailsByUserNameAndPassword][00000000-0000-0000-0000-000000000000] Execute LoadStaffDetailsByUserNameAndPassword Method
[8/11/2011 3:56:15 PM][INFO][clStaff][ISStaffinCurrentYear][00000000-0000-0000-0000-000000000000] ISStaffinCurrentYear function debug
[8/11/2011 3:56:15 PM][INFO][clStaff][LoadStaffDetailsByUserNameAndPassword][00000000-0000-0000-0000-000000000000] Execute LoadStaffDetailsByUserNameAndPassword Method
[8/11/2011 3:56:15 PM][INFO][clStaff][ISStaffinCurrentYear][00000000-0000-0000-0000-000000000000] ISStaffinCurrentYear function debug
[8/11/2011 3:56:15 PM][INFO][clStaff][LoadStaffDetailsByUserNameAndPassword][00000000-0000-0000-0000-000000000000] Execute LoadStaffDetailsByUserNameAndPassword Method
[8/11/2011 3:56:15 PM][INFO][clStaff][ISStaffinCurrentYear][00000000-0000-0000-0000-000000000000] ISStaffinCurrentYear function debug
[8/11/2011 3:56:15 PM][INFO][clStaff][LoadStaffDetailsByUserNameAndPassword][00000000-0000-0000-0000-000000000000] Execute LoadStaffDetailsByUserNameAndPassword Method
[8/11/2011 3:56:15 PM][INFO][clStaff][ISStaffinCurrentYear][00000000-0000-0000-0000-000000000000] ISStaffinCurrentYear function debug
[8/11/2011 3:56:21 PM][INFO][clSchoolYear][LoadAllSchoolYear][00000000-0000-0000-0000-000000000000] Execute LoadAllSchoolYear Method
[8/11/2011 3:56:21 PM][DEBUG][clSchoolYear][LoadAllSchoolYear][00000000-0000-0000-0000-000000000000] Debug LoadAllSchoolYear Method
[8/11/2011 3:56:21 PM][INFO][clChildFamily][LoadChildFamily][00000000-0000-0000-0000-000000000000] Execute LoadChildFamily Method
[8/11/2011 3:56:21 PM][DEBUG][clChildFamily][LoadChildFamily][00000000-0000-0000-0000-000000000000] Debug LoadChildFamily Method
[8/11/2011 3:56:21 PM][INFO][clChildFamily][LoadChildFamily][00000000-0000-0000-0000-000000000000] Execute LoadChildFamily Method
[8/11/2011 3:56:21 PM][DEBUG][clChildFamily][LoadChildFamily][00000000-0000-0000-0000-000000000000] Debug LoadChildFamily Method
[8/11/2011 3:56:29 PM][INFO][clSchoolYear][GetCurrentSchoolYear][00000000-0000-0000-0000-000000000000] Execute GetCurrentSchoolYear Method
[8/11/2011 3:56:29 PM][DEBUG][clSchoolYear][GetCurrentSchoolYear][00000000-0000-0000-0000-000000000000] Debug GetCurrentSchoolYear Method
[8/11/2011 3:56:30 PM][INFO][clAddEditChild][LoadProgram][00000000-0000-0000-0000-000000000000] Execute LoadProgram Method
[8/11/2011 3:56:30 PM][DEBUG][clAddEditChild][LoadProgram][00000000-0000-0000-0000-000000000000] Debug LoadProgram Method
[8/11/2011 3:56:30 PM][INFO][clEnrollmentStatus][LoadEnrollmentStatus][00000000-0000-0000-0000-000000000000] Execute LoadEnrollmentStatus Method
[8/11/2011 3:56:30 PM][DEBUG][clEnrollmentStatus][Save][00000000-0000-0000-0000-000000000000] Debug Save Method
[8/11/2011 3:56:30 PM][INFO][clSchoolYear][LoadAllSchoolYear][00000000-0000-0000-0000-000000000000] Execute LoadAllSchoolYear Method
[8/11/2011 3:56:30 PM][DEBUG][clSchoolYear][LoadAllSchoolYear][00000000-0000-0000-0000-000000000000] Debug LoadAllSchoolYear Method
[8/11/2011 3:56:30 PM][INFO][clAddEditChild][LoadChildDataList][00000000-0000-0000-0000-000000000000] Execute LoadChildDataList Method
[8/11/2011 3:56:30 PM][DEBUG][clAddEditChild][LoadChildDataList][00000000-0000-0000-0000-000000000000] Debug LoadChildDataList Method
