[28/05/2014 04:11:15 PM][INFO][clSchool][LoadAllSchool][00000000-0000-0000-0000-000000000000] LoadAllSchool method called
[28/05/2014 04:11:15 PM][DEBUG][clSchool][LoadAllSchool][00000000-0000-0000-0000-000000000000] Debug LoadAllSchool called
[28/05/2014 04:14:39 PM][INFO][clSchool][LoadAllSchool][00000000-0000-0000-0000-000000000000] LoadAllSchool method called
[28/05/2014 04:14:39 PM][DEBUG][clSchool][LoadAllSchool][00000000-0000-0000-0000-000000000000] Debug LoadAllSchool called
[28/05/2014 04:14:50 PM][INFO][clStaff][LoadStaffDetailsByUserNameAndPassword][00000000-0000-0000-0000-000000000000] Execute LoadStaffDetailsByUserNameAndPassword Method
[28/05/2014 04:14:50 PM][DEBUG][clStaff][LoadStaffDetailsByUserNameAndPassword][00000000-0000-0000-0000-000000000000] Debug LoadStaffDetailsByUserNameAndPassword Method
[28/05/2014 04:14:54 PM][INFO][clSchoolYear][LoadAllSchoolYear][00000000-0000-0000-0000-000000000000] Execute LoadAllSchoolYear Method
[28/05/2014 04:14:54 PM][DEBUG][clSchoolYear][LoadAllSchoolYear][00000000-0000-0000-0000-000000000000] Debug LoadAllSchoolYear Method
[28/05/2014 04:15:08 PM][INFO][clSchoolYear][LoadAllSchoolYear][00000000-0000-0000-0000-000000000000] Execute LoadAllSchoolYear Method
[28/05/2014 04:15:08 PM][DEBUG][clSchoolYear][LoadAllSchoolYear][00000000-0000-0000-0000-000000000000] Debug LoadAllSchoolYear Method
[28/05/2014 04:15:09 PM][INFO][clChildList][GetAllChildList][00000000-0000-0000-0000-000000000000] GetAllChildList method called
[28/05/2014 04:15:09 PM][DEBUG][clChildList][GetAllChildList][00000000-0000-0000-0000-000000000000] Debug GetAllChildList called
[28/05/2014 04:15:28 PM][INFO][clSchoolYear][LoadAllSchoolYear][00000000-0000-0000-0000-000000000000] Execute LoadAllSchoolYear Method
[28/05/2014 04:15:28 PM][DEBUG][clSchoolYear][LoadAllSchoolYear][00000000-0000-0000-0000-000000000000] Debug LoadAllSchoolYear Method
[28/05/2014 04:15:29 PM][INFO][clStaff][LoadStaff][00000000-0000-0000-0000-000000000000] Execute LoadStaff Method
[28/05/2014 04:15:29 PM][DEBUG][clStaff][LoadStaff][00000000-0000-0000-0000-000000000000] Debug LoadStaff Method
[28/05/2014 04:15:31 PM][INFO][clStaff][LoadStaffDetailsByUserNameAndPassword][00000000-0000-0000-0000-000000000000] Execute LoadStaffDetailsByUserNameAndPassword Method
[28/05/2014 04:15:31 PM][INFO][clStaff][ISStaffinCurrentYear][00000000-0000-0000-0000-000000000000] ISStaffinCurrentYear function debug
[28/05/2014 04:15:33 PM][INFO][clStaff][LoadStaffDetailsByUserNameAndPassword][00000000-0000-0000-0000-000000000000] Execute LoadStaffDetailsByUserNameAndPassword Method
[28/05/2014 04:15:33 PM][INFO][clStaff][ISStaffinCurrentYear][00000000-0000-0000-0000-000000000000] ISStaffinCurrentYear function debug
[28/05/2014 04:15:34 PM][INFO][clStaff][LoadStaffDetailsByUserNameAndPassword][00000000-0000-0000-0000-000000000000] Execute LoadStaffDetailsByUserNameAndPassword Method
[28/05/2014 04:15:34 PM][INFO][clStaff][ISStaffinCurrentYear][00000000-0000-0000-0000-000000000000] ISStaffinCurrentYear function debug
[28/05/2014 04:15:36 PM][INFO][clStaff][LoadStaffDetailsByUserNameAndPassword][00000000-0000-0000-0000-000000000000] Execute LoadStaffDetailsByUserNameAndPassword Method
[28/05/2014 04:15:36 PM][INFO][clStaff][ISStaffinCurrentYear][00000000-0000-0000-0000-000000000000] ISStaffinCurrentYear function debug
[28/05/2014 04:15:37 PM][INFO][clStaff][LoadStaffDetailsByUserNameAndPassword][00000000-0000-0000-0000-000000000000] Execute LoadStaffDetailsByUserNameAndPassword Method
[28/05/2014 04:15:37 PM][INFO][clStaff][ISStaffinCurrentYear][00000000-0000-0000-0000-000000000000] ISStaffinCurrentYear function debug
[28/05/2014 04:15:39 PM][INFO][clStaff][LoadStaffDetailsByUserNameAndPassword][00000000-0000-0000-0000-000000000000] Execute LoadStaffDetailsByUserNameAndPassword Method
[28/05/2014 04:15:39 PM][INFO][clStaff][ISStaffinCurrentYear][00000000-0000-0000-0000-000000000000] ISStaffinCurrentYear function debug
[28/05/2014 04:15:40 PM][INFO][clStaff][LoadStaffDetailsByUserNameAndPassword][00000000-0000-0000-0000-000000000000] Execute LoadStaffDetailsByUserNameAndPassword Method
[28/05/2014 04:15:40 PM][INFO][clStaff][ISStaffinCurrentYear][00000000-0000-0000-0000-000000000000] ISStaffinCurrentYear function debug
[28/05/2014 04:15:42 PM][INFO][clStaff][LoadStaffDetailsByUserNameAndPassword][00000000-0000-0000-0000-000000000000] Execute LoadStaffDetailsByUserNameAndPassword Method
[28/05/2014 04:15:42 PM][INFO][clStaff][ISStaffinCurrentYear][00000000-0000-0000-0000-000000000000] ISStaffinCurrentYear function debug
[28/05/2014 04:15:43 PM][INFO][clStaff][LoadStaffDetailsByUserNameAndPassword][00000000-0000-0000-0000-000000000000] Execute LoadStaffDetailsByUserNameAndPassword Method
[28/05/2014 04:15:43 PM][INFO][clStaff][ISStaffinCurrentYear][00000000-0000-0000-0000-000000000000] ISStaffinCurrentYear function debug
[28/05/2014 04:15:45 PM][INFO][clStaff][LoadStaffDetailsByUserNameAndPassword][00000000-0000-0000-0000-000000000000] Execute LoadStaffDetailsByUserNameAndPassword Method
[28/05/2014 04:15:45 PM][INFO][clStaff][ISStaffinCurrentYear][00000000-0000-0000-0000-000000000000] ISStaffinCurrentYear function debug
[28/05/2014 04:15:46 PM][INFO][clStaff][LoadStaffDetailsByUserNameAndPassword][00000000-0000-0000-0000-000000000000] Execute LoadStaffDetailsByUserNameAndPassword Method
[28/05/2014 04:15:46 PM][INFO][clStaff][ISStaffinCurrentYear][00000000-0000-0000-0000-000000000000] ISStaffinCurrentYear function debug
[28/05/2014 04:15:48 PM][INFO][clStaff][LoadStaffDetailsByUserNameAndPassword][00000000-0000-0000-0000-000000000000] Execute LoadStaffDetailsByUserNameAndPassword Method
[28/05/2014 04:15:48 PM][INFO][clStaff][ISStaffinCurrentYear][00000000-0000-0000-0000-000000000000] ISStaffinCurrentYear function debug
[28/05/2014 04:15:49 PM][INFO][clStaff][LoadStaffDetailsByUserNameAndPassword][00000000-0000-0000-0000-000000000000] Execute LoadStaffDetailsByUserNameAndPassword Method
[28/05/2014 04:15:49 PM][INFO][clStaff][ISStaffinCurrentYear][00000000-0000-0000-0000-000000000000] ISStaffinCurrentYear function debug
[28/05/2014 04:15:51 PM][INFO][clStaff][LoadStaffDetailsByUserNameAndPassword][00000000-0000-0000-0000-000000000000] Execute LoadStaffDetailsByUserNameAndPassword Method
[28/05/2014 04:15:51 PM][INFO][clStaff][ISStaffinCurrentYear][00000000-0000-0000-0000-000000000000] ISStaffinCurrentYear function debug
[28/05/2014 04:15:52 PM][INFO][clStaff][LoadStaffDetailsByUserNameAndPassword][00000000-0000-0000-0000-000000000000] Execute LoadStaffDetailsByUserNameAndPassword Method
[28/05/2014 04:15:52 PM][INFO][clStaff][ISStaffinCurrentYear][00000000-0000-0000-0000-000000000000] ISStaffinCurrentYear function debug
[28/05/2014 04:15:54 PM][INFO][clStaff][LoadStaffDetailsByUserNameAndPassword][00000000-0000-0000-0000-000000000000] Execute LoadStaffDetailsByUserNameAndPassword Method
[28/05/2014 04:15:54 PM][INFO][clStaff][ISStaffinCurrentYear][00000000-0000-0000-0000-000000000000] ISStaffinCurrentYear function debug
[28/05/2014 04:15:55 PM][INFO][clStaff][LoadStaffDetailsByUserNameAndPassword][00000000-0000-0000-0000-000000000000] Execute LoadStaffDetailsByUserNameAndPassword Method
[28/05/2014 04:15:55 PM][INFO][clStaff][ISStaffinCurrentYear][00000000-0000-0000-0000-000000000000] ISStaffinCurrentYear function debug
[28/05/2014 04:15:57 PM][INFO][clStaff][LoadStaffDetailsByUserNameAndPassword][00000000-0000-0000-0000-000000000000] Execute LoadStaffDetailsByUserNameAndPassword Method
[28/05/2014 04:15:57 PM][INFO][clStaff][ISStaffinCurrentYear][00000000-0000-0000-0000-000000000000] ISStaffinCurrentYear function debug
[28/05/2014 04:15:58 PM][INFO][clStaff][LoadStaffDetailsByUserNameAndPassword][00000000-0000-0000-0000-000000000000] Execute LoadStaffDetailsByUserNameAndPassword Method
[28/05/2014 04:15:58 PM][INFO][clStaff][ISStaffinCurrentYear][00000000-0000-0000-0000-000000000000] ISStaffinCurrentYear function debug
[28/05/2014 04:17:39 PM][INFO][clSchoolYear][LoadAllSchoolYear][00000000-0000-0000-0000-000000000000] Execute LoadAllSchoolYear Method
[28/05/2014 04:17:39 PM][DEBUG][clSchoolYear][LoadAllSchoolYear][00000000-0000-0000-0000-000000000000] Debug LoadAllSchoolYear Method
[28/05/2014 04:17:39 PM][INFO][clChildList][GetAllChildList][00000000-0000-0000-0000-000000000000] GetAllChildList method called
[28/05/2014 04:17:39 PM][DEBUG][clChildList][GetAllChildList][00000000-0000-0000-0000-000000000000] Debug GetAllChildList called
[28/05/2014 04:17:43 PM][INFO][clAddEditChild][LoadProgram][00000000-0000-0000-0000-000000000000] Execute LoadProgram Method
[28/05/2014 04:17:43 PM][DEBUG][clAddEditChild][LoadProgram][00000000-0000-0000-0000-000000000000] Debug LoadProgram Method
[28/05/2014 04:17:43 PM][INFO][clEnrollmentStatus][LoadEnrollmentStatus][00000000-0000-0000-0000-000000000000] Execute LoadEnrollmentStatus Method
[28/05/2014 04:17:43 PM][DEBUG][clEnrollmentStatus][LoadEnrollmentStatus][00000000-0000-0000-0000-000000000000] Debug LoadEnrollmentStatus Method
[28/05/2014 04:17:44 PM][INFO][clAddEditChild][LoadChildDataList][00000000-0000-0000-0000-000000000000] Execute LoadChildDataList Method
[28/05/2014 04:17:44 PM][DEBUG][clAddEditChild][LoadChildDataList][00000000-0000-0000-0000-000000000000] Debug LoadChildDataList Method
[28/05/2014 04:17:46 PM][INFO][clEnrollmentStatus][LoadEnrollmentStatus][00000000-0000-0000-0000-000000000000] Execute LoadEnrollmentStatus Method
[28/05/2014 04:17:46 PM][DEBUG][clEnrollmentStatus][LoadEnrollmentStatus][00000000-0000-0000-0000-000000000000] Debug LoadEnrollmentStatus Method
[28/05/2014 04:17:47 PM][INFO][clAddEditChild][GetFessPeriodFromSchoolProgramFeesDetail][00000000-0000-0000-0000-000000000000] Execute GetFessPeriodFromSchoolProgramFeesDetail Method
[28/05/2014 04:17:47 PM][DEBUG][clAddEditChild][GetFessPeriodFromSchoolProgramFeesDetail][00000000-0000-0000-0000-000000000000] Debug GetFessPeriodFromSchoolProgramFeesDetail Method
[28/05/2014 04:17:48 PM][INFO][clAddEditChild][LoadProgClassRoom][00000000-0000-0000-0000-000000000000] Execute LoadProgClassRoom Method
[28/05/2014 04:17:58 PM][DEBUG][clAddEditChild][LoadProgClassRoom][00000000-0000-0000-0000-000000000000] Debug LoadProgClassRoom Method
[28/05/2014 04:17:58 PM][INFO][clAddEditChild][LoadProgClassRoom][00000000-0000-0000-0000-000000000000] Execute LoadProgClassRoom Method
[28/05/2014 04:17:59 PM][DEBUG][clAddEditChild][LoadProgClassRoom][00000000-0000-0000-0000-000000000000] Debug LoadProgClassRoom Method
[28/05/2014 04:17:59 PM][INFO][clAddEditChild][LoadProgClassRoom][00000000-0000-0000-0000-000000000000] Execute LoadProgClassRoom Method
[28/05/2014 04:18:00 PM][DEBUG][clAddEditChild][LoadProgClassRoom][00000000-0000-0000-0000-000000000000] Debug LoadProgClassRoom Method
[28/05/2014 04:18:00 PM][INFO][clAddEditChild][LoadProgClassRoom][00000000-0000-0000-0000-000000000000] Execute LoadProgClassRoom Method
[28/05/2014 04:18:02 PM][DEBUG][clAddEditChild][LoadProgClassRoom][00000000-0000-0000-0000-000000000000] Debug LoadProgClassRoom Method
[28/05/2014 04:18:02 PM][INFO][clAddEditChild][LoadProgClassRoom][00000000-0000-0000-0000-000000000000] Execute LoadProgClassRoom Method
[28/05/2014 04:18:02 PM][DEBUG][clAddEditChild][LoadProgClassRoom][00000000-0000-0000-0000-000000000000] Debug LoadProgClassRoom Method
[28/05/2014 04:18:03 PM][INFO][ChildProgEnrollment][LoadProgEnrollment][00000000-0000-0000-0000-000000000000] LoadProgEnrollment method called
[28/05/2014 04:18:03 PM][DEBUG][ChildProgEnrollment][LoadProgEnrollment][00000000-0000-0000-0000-000000000000] Debug LoadProgEnrollment called
[28/05/2014 04:18:03 PM][INFO][clSchoolYear][LoadSchoolYear][00000000-0000-0000-0000-000000000000] Execute LoadSchoolYear Method
[28/05/2014 04:18:03 PM][DEBUG][clSchoolYear][LoadSchoolYear][00000000-0000-0000-0000-000000000000] Debug LoadSchoolYear Method
[28/05/2014 04:18:04 PM][INFO][clChildList][GetIsPrimarySchoolProgram][00000000-0000-0000-0000-000000000000] GetIsPrimarySchoolProgram method called
[28/05/2014 04:18:04 PM][DEBUG][clChildList][GetIsPrimarySchoolProgram][00000000-0000-0000-0000-000000000000] Debug GetIsPrimarySchoolProgram called
[28/05/2014 04:18:04 PM][INFO][clSchoolYear][GetCurrentSchoolYear][00000000-0000-0000-0000-000000000000] Execute GetCurrentSchoolYear Method
[28/05/2014 04:18:04 PM][DEBUG][clSchoolYear][GetCurrentSchoolYear][00000000-0000-0000-0000-000000000000] Debug GetCurrentSchoolYear Method
[28/05/2014 04:18:05 PM][INFO][clSchoolYear][LoadAllSchoolYear][00000000-0000-0000-0000-000000000000] Execute LoadAllSchoolYear Method
[28/05/2014 04:18:05 PM][DEBUG][clSchoolYear][LoadAllSchoolYear][00000000-0000-0000-0000-000000000000] Debug LoadAllSchoolYear Method
[28/05/2014 04:18:05 PM][INFO][clAddEditChild][LoadChildDataList][00000000-0000-0000-0000-000000000000] Execute LoadChildDataList Method
[28/05/2014 04:18:05 PM][DEBUG][clAddEditChild][LoadChildDataList][00000000-0000-0000-0000-000000000000] Debug LoadChildDataList Method
[28/05/2014 04:18:13 PM][INFO][clChildList][GetIsPrimarySchoolProgram][00000000-0000-0000-0000-000000000000] GetIsPrimarySchoolProgram method called
[28/05/2014 04:18:13 PM][DEBUG][clChildList][GetIsPrimarySchoolProgram][00000000-0000-0000-0000-000000000000] Debug GetIsPrimarySchoolProgram called
[28/05/2014 04:18:13 PM][INFO][clSchoolYear][GetCurrentSchoolYear][00000000-0000-0000-0000-000000000000] Execute GetCurrentSchoolYear Method
[28/05/2014 04:18:13 PM][DEBUG][clSchoolYear][GetCurrentSchoolYear][00000000-0000-0000-0000-000000000000] Debug GetCurrentSchoolYear Method
[28/05/2014 04:18:14 PM][INFO][clAddEditChild][GetFessPeriodFromSchoolProgramFeesDetail][00000000-0000-0000-0000-000000000000] Execute GetFessPeriodFromSchoolProgramFeesDetail Method
[28/05/2014 04:18:14 PM][DEBUG][clAddEditChild][GetFessPeriodFromSchoolProgramFeesDetail][00000000-0000-0000-0000-000000000000] Debug GetFessPeriodFromSchoolProgramFeesDetail Method
[28/05/2014 04:18:14 PM][INFO][clAddEditChild][LoadProgClassRoom][00000000-0000-0000-0000-000000000000] Execute LoadProgClassRoom Method
[28/05/2014 04:24:09 PM][DEBUG][clAddEditChild][LoadProgClassRoom][00000000-0000-0000-0000-000000000000] Debug LoadProgClassRoom Method
[28/05/2014 04:43:52 PM][INFO][clAddEditChild][LoadProgClassRoom][00000000-0000-0000-0000-000000000000] Execute LoadProgClassRoom Method
[28/05/2014 04:43:56 PM][DEBUG][clAddEditChild][LoadProgClassRoom][00000000-0000-0000-0000-000000000000] Debug LoadProgClassRoom Method
[28/05/2014 04:44:00 PM][INFO][clAddEditChild][LoadProgClassRoom][00000000-0000-0000-0000-000000000000] Execute LoadProgClassRoom Method
[28/05/2014 04:44:00 PM][DEBUG][clAddEditChild][LoadProgClassRoom][00000000-0000-0000-0000-000000000000] Debug LoadProgClassRoom Method
[28/05/2014 04:44:01 PM][INFO][clAddEditChild][LoadProgClassRoom][00000000-0000-0000-0000-000000000000] Execute LoadProgClassRoom Method
[28/05/2014 04:44:01 PM][DEBUG][clAddEditChild][LoadProgClassRoom][00000000-0000-0000-0000-000000000000] Debug LoadProgClassRoom Method
[28/05/2014 04:44:01 PM][INFO][clAddEditChild][LoadProgClassRoom][00000000-0000-0000-0000-000000000000] Execute LoadProgClassRoom Method
[28/05/2014 04:44:01 PM][DEBUG][clAddEditChild][LoadProgClassRoom][00000000-0000-0000-0000-000000000000] Debug LoadProgClassRoom Method
[28/05/2014 04:44:01 PM][INFO][ChildProgEnrollment][LoadProgEnrollment][00000000-0000-0000-0000-000000000000] LoadProgEnrollment method called
[28/05/2014 04:44:01 PM][DEBUG][ChildProgEnrollment][LoadProgEnrollment][00000000-0000-0000-0000-000000000000] Debug LoadProgEnrollment called
