[14/05/2014 08:30:04 PM][INFO][clSchool][LoadAllSchool][00000000-0000-0000-0000-000000000000] LoadAllSchool method called
[14/05/2014 08:30:04 PM][DEBUG][clSchool][LoadAllSchool][00000000-0000-0000-0000-000000000000] Debug LoadAllSchool called
[14/05/2014 08:30:12 PM][INFO][clSchool][LoadAllSchool][00000000-0000-0000-0000-000000000000] LoadAllSchool method called
[14/05/2014 08:30:12 PM][DEBUG][clSchool][LoadAllSchool][00000000-0000-0000-0000-000000000000] Debug LoadAllSchool called
[14/05/2014 08:30:25 PM][INFO][clStaff][LoadStaffDetailsByUserNameAndPassword][00000000-0000-0000-0000-000000000000] Execute LoadStaffDetailsByUserNameAndPassword Method
[14/05/2014 08:30:25 PM][DEBUG][clStaff][LoadStaffDetailsByUserNameAndPassword][00000000-0000-0000-0000-000000000000] Debug LoadStaffDetailsByUserNameAndPassword Method
[14/05/2014 08:30:28 PM][INFO][clSchoolYear][LoadAllSchoolYear][00000000-0000-0000-0000-000000000000] Execute LoadAllSchoolYear Method
[14/05/2014 08:30:28 PM][DEBUG][clSchoolYear][LoadAllSchoolYear][00000000-0000-0000-0000-000000000000] Debug LoadAllSchoolYear Method
[14/05/2014 08:30:33 PM][INFO][clLedgerOfFamily][LoadChildFamilyWiseTranDateAmount][00000000-0000-0000-0000-000000000000] Execute LoadChildFamilyWiseTranDateAmount Method
[14/05/2014 08:30:33 PM][DEBUG][clLedgerOfFamily][LoadChildFamilyWiseTranDateAmount][00000000-0000-0000-0000-000000000000] Debug LoadChildFamilyWiseTranDateAmount Method
[14/05/2014 08:30:43 PM][INFO][clSchoolYear][LoadAllSchoolYear][00000000-0000-0000-0000-000000000000] Execute LoadAllSchoolYear Method
[14/05/2014 08:30:43 PM][DEBUG][clSchoolYear][LoadAllSchoolYear][00000000-0000-0000-0000-000000000000] Debug LoadAllSchoolYear Method
[14/05/2014 08:39:39 PM][INFO][clSchool][LoadAllSchool][00000000-0000-0000-0000-000000000000] LoadAllSchool method called
[14/05/2014 08:39:39 PM][DEBUG][clSchool][LoadAllSchool][00000000-0000-0000-0000-000000000000] Debug LoadAllSchool called
[14/05/2014 08:40:00 PM][INFO][clStaff][LoadStaffDetailsByUserNameAndPassword][00000000-0000-0000-0000-000000000000] Execute LoadStaffDetailsByUserNameAndPassword Method
[14/05/2014 08:40:00 PM][DEBUG][clStaff][LoadStaffDetailsByUserNameAndPassword][00000000-0000-0000-0000-000000000000] Debug LoadStaffDetailsByUserNameAndPassword Method
[14/05/2014 08:40:09 PM][INFO][clStaff][LoadStaffDetailsByUserNameAndPassword][00000000-0000-0000-0000-000000000000] Execute LoadStaffDetailsByUserNameAndPassword Method
[14/05/2014 08:40:09 PM][DEBUG][clStaff][LoadStaffDetailsByUserNameAndPassword][00000000-0000-0000-0000-000000000000] Debug LoadStaffDetailsByUserNameAndPassword Method
[14/05/2014 08:40:10 PM][INFO][clSchoolYear][LoadAllSchoolYear][00000000-0000-0000-0000-000000000000] Execute LoadAllSchoolYear Method
[14/05/2014 08:40:10 PM][DEBUG][clSchoolYear][LoadAllSchoolYear][00000000-0000-0000-0000-000000000000] Debug LoadAllSchoolYear Method
[14/05/2014 08:40:19 PM][INFO][clLedgerOfFamily][LoadChildFamilyWiseTranDateAmount][00000000-0000-0000-0000-000000000000] Execute LoadChildFamilyWiseTranDateAmount Method
[14/05/2014 08:40:19 PM][DEBUG][clLedgerOfFamily][LoadChildFamilyWiseTranDateAmount][00000000-0000-0000-0000-000000000000] Debug LoadChildFamilyWiseTranDateAmount Method
[14/05/2014 08:40:26 PM][INFO][clSchoolYear][LoadAllSchoolYear][00000000-0000-0000-0000-000000000000] Execute LoadAllSchoolYear Method
[14/05/2014 08:40:26 PM][DEBUG][clSchoolYear][LoadAllSchoolYear][00000000-0000-0000-0000-000000000000] Debug LoadAllSchoolYear Method
[14/05/2014 08:49:24 PM][INFO][clSchool][LoadAllSchool][00000000-0000-0000-0000-000000000000] LoadAllSchool method called
[14/05/2014 08:49:24 PM][DEBUG][clSchool][LoadAllSchool][00000000-0000-0000-0000-000000000000] Debug LoadAllSchool called
[14/05/2014 08:49:41 PM][INFO][clStaff][LoadStaffDetailsByUserNameAndPassword][00000000-0000-0000-0000-000000000000] Execute LoadStaffDetailsByUserNameAndPassword Method
[14/05/2014 08:49:41 PM][DEBUG][clStaff][LoadStaffDetailsByUserNameAndPassword][00000000-0000-0000-0000-000000000000] Debug LoadStaffDetailsByUserNameAndPassword Method
[14/05/2014 08:49:49 PM][INFO][clStaff][LoadStaffDetailsByUserNameAndPassword][00000000-0000-0000-0000-000000000000] Execute LoadStaffDetailsByUserNameAndPassword Method
[14/05/2014 08:49:49 PM][DEBUG][clStaff][LoadStaffDetailsByUserNameAndPassword][00000000-0000-0000-0000-000000000000] Debug LoadStaffDetailsByUserNameAndPassword Method
[14/05/2014 08:49:54 PM][INFO][clSchoolYear][LoadAllSchoolYear][00000000-0000-0000-0000-000000000000] Execute LoadAllSchoolYear Method
[14/05/2014 08:49:54 PM][DEBUG][clSchoolYear][LoadAllSchoolYear][00000000-0000-0000-0000-000000000000] Debug LoadAllSchoolYear Method
[14/05/2014 08:49:58 PM][INFO][clLedgerOfFamily][LoadChildFamilyWiseTranDateAmount][00000000-0000-0000-0000-000000000000] Execute LoadChildFamilyWiseTranDateAmount Method
[14/05/2014 08:49:58 PM][DEBUG][clLedgerOfFamily][LoadChildFamilyWiseTranDateAmount][00000000-0000-0000-0000-000000000000] Debug LoadChildFamilyWiseTranDateAmount Method
[14/05/2014 08:50:11 PM][INFO][clSchoolYear][LoadAllSchoolYear][00000000-0000-0000-0000-000000000000] Execute LoadAllSchoolYear Method
[14/05/2014 08:50:11 PM][DEBUG][clSchoolYear][LoadAllSchoolYear][00000000-0000-0000-0000-000000000000] Debug LoadAllSchoolYear Method
