[3/7/2013 10:03:35 AM][INFO][clSchool][LoadAllSchool][00000000-0000-0000-0000-000000000000] LoadAllSchool method called
[3/7/2013 10:03:35 AM][DEBUG][clSchool][LoadAllSchool][00000000-0000-0000-0000-000000000000] Debug LoadAllSchool called
[3/7/2013 10:03:51 AM][INFO][clStaff][LoadStaffDetailsByUserNameAndPassword][00000000-0000-0000-0000-000000000000] Execute LoadStaffDetailsByUserNameAndPassword Method
[3/7/2013 10:03:51 AM][DEBUG][clStaff][LoadStaffDetailsByUserNameAndPassword][00000000-0000-0000-0000-000000000000] Debug LoadStaffDetailsByUserNameAndPassword Method
[3/7/2013 10:03:58 AM][INFO][clSchoolYear][LoadAllSchoolYear][00000000-0000-0000-0000-000000000000] Execute LoadAllSchoolYear Method
[3/7/2013 10:03:58 AM][DEBUG][clSchoolYear][LoadAllSchoolYear][00000000-0000-0000-0000-000000000000] Debug LoadAllSchoolYear Method
[3/7/2013 10:04:04 AM][INFO][clClassRoom][LoadClassRoom][00000000-0000-0000-0000-000000000000] Execute LoadClassRoom Method
[3/7/2013 10:04:04 AM][DEBUG][clClassRoom][LoadClassRoom][00000000-0000-0000-0000-000000000000] Debug LoadClassRoom Method
[3/7/2013 10:04:04 AM][INFO][clAddEditChild][Save][00000000-0000-0000-0000-000000000000] Execute Save Method
[3/7/2013 10:04:04 AM][DEBUG][clAddEditChild][LoadChildFamily][00000000-0000-0000-0000-000000000000] Debug LoadChildFamily Method
[3/7/2013 10:04:04 AM][INFO][clSchoolYear][LoadAllSchoolYear][00000000-0000-0000-0000-000000000000] Execute LoadAllSchoolYear Method
[3/7/2013 10:04:04 AM][DEBUG][clSchoolYear][LoadAllSchoolYear][00000000-0000-0000-0000-000000000000] Debug LoadAllSchoolYear Method
[3/7/2013 10:07:11 AM][INFO][clSchool][LoadAllSchool][00000000-0000-0000-0000-000000000000] LoadAllSchool method called
[3/7/2013 10:07:11 AM][DEBUG][clSchool][LoadAllSchool][00000000-0000-0000-0000-000000000000] Debug LoadAllSchool called
[3/7/2013 10:07:19 AM][INFO][clStaff][LoadStaffDetailsByUserNameAndPassword][00000000-0000-0000-0000-000000000000] Execute LoadStaffDetailsByUserNameAndPassword Method
[3/7/2013 10:07:19 AM][DEBUG][clStaff][LoadStaffDetailsByUserNameAndPassword][00000000-0000-0000-0000-000000000000] Debug LoadStaffDetailsByUserNameAndPassword Method
[3/7/2013 10:07:23 AM][INFO][clSchoolYear][LoadAllSchoolYear][00000000-0000-0000-0000-000000000000] Execute LoadAllSchoolYear Method
[3/7/2013 10:07:23 AM][DEBUG][clSchoolYear][LoadAllSchoolYear][00000000-0000-0000-0000-000000000000] Debug LoadAllSchoolYear Method
[3/7/2013 10:07:27 AM][INFO][clClassRoom][LoadClassRoom][00000000-0000-0000-0000-000000000000] Execute LoadClassRoom Method
[3/7/2013 10:07:27 AM][DEBUG][clClassRoom][LoadClassRoom][00000000-0000-0000-0000-000000000000] Debug LoadClassRoom Method
[3/7/2013 10:07:27 AM][INFO][clAddEditChild][Save][00000000-0000-0000-0000-000000000000] Execute Save Method
[3/7/2013 10:07:27 AM][DEBUG][clAddEditChild][LoadChildFamily][00000000-0000-0000-0000-000000000000] Debug LoadChildFamily Method
[3/7/2013 10:07:27 AM][INFO][clSchoolYear][LoadAllSchoolYear][00000000-0000-0000-0000-000000000000] Execute LoadAllSchoolYear Method
[3/7/2013 10:07:27 AM][DEBUG][clSchoolYear][LoadAllSchoolYear][00000000-0000-0000-0000-000000000000] Debug LoadAllSchoolYear Method
[3/7/2013 10:08:43 AM][INFO][clSchool][LoadAllSchool][00000000-0000-0000-0000-000000000000] LoadAllSchool method called
[3/7/2013 10:08:43 AM][DEBUG][clSchool][LoadAllSchool][00000000-0000-0000-0000-000000000000] Debug LoadAllSchool called
[3/7/2013 10:08:51 AM][INFO][clStaff][LoadStaffDetailsByUserNameAndPassword][00000000-0000-0000-0000-000000000000] Execute LoadStaffDetailsByUserNameAndPassword Method
[3/7/2013 10:08:51 AM][DEBUG][clStaff][LoadStaffDetailsByUserNameAndPassword][00000000-0000-0000-0000-000000000000] Debug LoadStaffDetailsByUserNameAndPassword Method
[3/7/2013 10:08:52 AM][INFO][clSchoolYear][LoadAllSchoolYear][00000000-0000-0000-0000-000000000000] Execute LoadAllSchoolYear Method
[3/7/2013 10:08:52 AM][DEBUG][clSchoolYear][LoadAllSchoolYear][00000000-0000-0000-0000-000000000000] Debug LoadAllSchoolYear Method
[3/7/2013 10:08:58 AM][INFO][clClassRoom][LoadClassRoom][00000000-0000-0000-0000-000000000000] Execute LoadClassRoom Method
[3/7/2013 10:08:58 AM][DEBUG][clClassRoom][LoadClassRoom][00000000-0000-0000-0000-000000000000] Debug LoadClassRoom Method
[3/7/2013 10:08:58 AM][INFO][clAddEditChild][Save][00000000-0000-0000-0000-000000000000] Execute Save Method
[3/7/2013 10:08:58 AM][DEBUG][clAddEditChild][LoadChildFamily][00000000-0000-0000-0000-000000000000] Debug LoadChildFamily Method
[3/7/2013 10:08:58 AM][INFO][clSchoolYear][LoadAllSchoolYear][00000000-0000-0000-0000-000000000000] Execute LoadAllSchoolYear Method
[3/7/2013 10:08:58 AM][DEBUG][clSchoolYear][LoadAllSchoolYear][00000000-0000-0000-0000-000000000000] Debug LoadAllSchoolYear Method
[3/7/2013 10:13:10 AM][INFO][clSchool][LoadAllSchool][00000000-0000-0000-0000-000000000000] LoadAllSchool method called
[3/7/2013 10:13:10 AM][DEBUG][clSchool][LoadAllSchool][00000000-0000-0000-0000-000000000000] Debug LoadAllSchool called
[3/7/2013 10:13:18 AM][INFO][clStaff][LoadStaffDetailsByUserNameAndPassword][00000000-0000-0000-0000-000000000000] Execute LoadStaffDetailsByUserNameAndPassword Method
[3/7/2013 10:13:18 AM][DEBUG][clStaff][LoadStaffDetailsByUserNameAndPassword][00000000-0000-0000-0000-000000000000] Debug LoadStaffDetailsByUserNameAndPassword Method
[3/7/2013 10:13:21 AM][INFO][clSchoolYear][LoadAllSchoolYear][00000000-0000-0000-0000-000000000000] Execute LoadAllSchoolYear Method
[3/7/2013 10:13:21 AM][DEBUG][clSchoolYear][LoadAllSchoolYear][00000000-0000-0000-0000-000000000000] Debug LoadAllSchoolYear Method
[3/7/2013 10:13:26 AM][INFO][clClassRoom][LoadClassRoom][00000000-0000-0000-0000-000000000000] Execute LoadClassRoom Method
[3/7/2013 10:13:26 AM][DEBUG][clClassRoom][LoadClassRoom][00000000-0000-0000-0000-000000000000] Debug LoadClassRoom Method
[3/7/2013 10:13:26 AM][INFO][clAddEditChild][Save][00000000-0000-0000-0000-000000000000] Execute Save Method
[3/7/2013 10:13:26 AM][DEBUG][clAddEditChild][LoadChildFamily][00000000-0000-0000-0000-000000000000] Debug LoadChildFamily Method
[3/7/2013 10:13:27 AM][INFO][clSchoolYear][LoadAllSchoolYear][00000000-0000-0000-0000-000000000000] Execute LoadAllSchoolYear Method
[3/7/2013 10:13:27 AM][DEBUG][clSchoolYear][LoadAllSchoolYear][00000000-0000-0000-0000-000000000000] Debug LoadAllSchoolYear Method
[3/7/2013 10:13:43 AM][INFO][clSchool][LoadAllSchool][00000000-0000-0000-0000-000000000000] LoadAllSchool method called
[3/7/2013 10:13:43 AM][DEBUG][clSchool][LoadAllSchool][00000000-0000-0000-0000-000000000000] Debug LoadAllSchool called
[3/7/2013 10:13:52 AM][INFO][clStaff][LoadStaffDetailsByUserNameAndPassword][00000000-0000-0000-0000-000000000000] Execute LoadStaffDetailsByUserNameAndPassword Method
[3/7/2013 10:13:52 AM][DEBUG][clStaff][LoadStaffDetailsByUserNameAndPassword][00000000-0000-0000-0000-000000000000] Debug LoadStaffDetailsByUserNameAndPassword Method
[3/7/2013 10:13:52 AM][INFO][clSchoolYear][LoadAllSchoolYear][00000000-0000-0000-0000-000000000000] Execute LoadAllSchoolYear Method
[3/7/2013 10:13:52 AM][DEBUG][clSchoolYear][LoadAllSchoolYear][00000000-0000-0000-0000-000000000000] Debug LoadAllSchoolYear Method
[3/7/2013 10:13:54 AM][INFO][clClassRoom][LoadClassRoom][00000000-0000-0000-0000-000000000000] Execute LoadClassRoom Method
[3/7/2013 10:13:54 AM][DEBUG][clClassRoom][LoadClassRoom][00000000-0000-0000-0000-000000000000] Debug LoadClassRoom Method
[3/7/2013 10:13:54 AM][INFO][clAddEditChild][Save][00000000-0000-0000-0000-000000000000] Execute Save Method
[3/7/2013 10:13:54 AM][DEBUG][clAddEditChild][LoadChildFamily][00000000-0000-0000-0000-000000000000] Debug LoadChildFamily Method
[3/7/2013 10:13:54 AM][INFO][clSchoolYear][LoadAllSchoolYear][00000000-0000-0000-0000-000000000000] Execute LoadAllSchoolYear Method
[3/7/2013 10:13:54 AM][DEBUG][clSchoolYear][LoadAllSchoolYear][00000000-0000-0000-0000-000000000000] Debug LoadAllSchoolYear Method
[3/7/2013 10:28:53 AM][INFO][clSchool][LoadAllSchool][00000000-0000-0000-0000-000000000000] LoadAllSchool method called
[3/7/2013 10:28:53 AM][DEBUG][clSchool][LoadAllSchool][00000000-0000-0000-0000-000000000000] Debug LoadAllSchool called
[3/7/2013 10:29:07 AM][INFO][clStaff][LoadStaffDetailsByUserNameAndPassword][00000000-0000-0000-0000-000000000000] Execute LoadStaffDetailsByUserNameAndPassword Method
[3/7/2013 10:29:07 AM][DEBUG][clStaff][LoadStaffDetailsByUserNameAndPassword][00000000-0000-0000-0000-000000000000] Debug LoadStaffDetailsByUserNameAndPassword Method
[3/7/2013 10:29:11 AM][INFO][clSchoolYear][LoadAllSchoolYear][00000000-0000-0000-0000-000000000000] Execute LoadAllSchoolYear Method
[3/7/2013 10:29:11 AM][DEBUG][clSchoolYear][LoadAllSchoolYear][00000000-0000-0000-0000-000000000000] Debug LoadAllSchoolYear Method
[3/7/2013 10:29:41 AM][INFO][clClassRoom][LoadClassRoom][00000000-0000-0000-0000-000000000000] Execute LoadClassRoom Method
[3/7/2013 10:29:41 AM][DEBUG][clClassRoom][LoadClassRoom][00000000-0000-0000-0000-000000000000] Debug LoadClassRoom Method
[3/7/2013 10:29:41 AM][INFO][clAddEditChild][Save][00000000-0000-0000-0000-000000000000] Execute Save Method
[3/7/2013 10:29:41 AM][DEBUG][clAddEditChild][LoadChildFamily][00000000-0000-0000-0000-000000000000] Debug LoadChildFamily Method
[3/7/2013 10:29:41 AM][INFO][clSchoolYear][LoadAllSchoolYear][00000000-0000-0000-0000-000000000000] Execute LoadAllSchoolYear Method
[3/7/2013 10:29:41 AM][DEBUG][clSchoolYear][LoadAllSchoolYear][00000000-0000-0000-0000-000000000000] Debug LoadAllSchoolYear Method
[3/7/2013 10:42:41 AM][INFO][clSchool][LoadAllSchool][00000000-0000-0000-0000-000000000000] LoadAllSchool method called
[3/7/2013 10:42:41 AM][DEBUG][clSchool][LoadAllSchool][00000000-0000-0000-0000-000000000000] Debug LoadAllSchool called
[3/7/2013 10:42:53 AM][INFO][clStaff][LoadStaffDetailsByUserNameAndPassword][00000000-0000-0000-0000-000000000000] Execute LoadStaffDetailsByUserNameAndPassword Method
[3/7/2013 10:42:53 AM][DEBUG][clStaff][LoadStaffDetailsByUserNameAndPassword][00000000-0000-0000-0000-000000000000] Debug LoadStaffDetailsByUserNameAndPassword Method
[3/7/2013 10:43:00 AM][INFO][clSchoolYear][LoadAllSchoolYear][00000000-0000-0000-0000-000000000000] Execute LoadAllSchoolYear Method
[3/7/2013 10:43:00 AM][DEBUG][clSchoolYear][LoadAllSchoolYear][00000000-0000-0000-0000-000000000000] Debug LoadAllSchoolYear Method
[3/7/2013 10:43:03 AM][INFO][clClassRoom][LoadClassRoom][00000000-0000-0000-0000-000000000000] Execute LoadClassRoom Method
[3/7/2013 10:43:03 AM][DEBUG][clClassRoom][LoadClassRoom][00000000-0000-0000-0000-000000000000] Debug LoadClassRoom Method
[3/7/2013 10:43:24 AM][INFO][clAddEditChild][Save][00000000-0000-0000-0000-000000000000] Execute Save Method
[3/7/2013 10:43:24 AM][DEBUG][clAddEditChild][LoadChildFamily][00000000-0000-0000-0000-000000000000] Debug LoadChildFamily Method
[3/7/2013 10:43:33 AM][INFO][clSchool][LoadAllSchool][00000000-0000-0000-0000-000000000000] LoadAllSchool method called
[3/7/2013 10:43:33 AM][DEBUG][clSchool][LoadAllSchool][00000000-0000-0000-0000-000000000000] Debug LoadAllSchool called
[3/7/2013 10:43:56 AM][INFO][clSchool][LoadAllSchool][00000000-0000-0000-0000-000000000000] LoadAllSchool method called
[3/7/2013 10:43:56 AM][DEBUG][clSchool][LoadAllSchool][00000000-0000-0000-0000-000000000000] Debug LoadAllSchool called
[3/7/2013 10:44:02 AM][INFO][clStaff][LoadStaffDetailsByUserNameAndPassword][00000000-0000-0000-0000-000000000000] Execute LoadStaffDetailsByUserNameAndPassword Method
[3/7/2013 10:44:02 AM][DEBUG][clStaff][LoadStaffDetailsByUserNameAndPassword][00000000-0000-0000-0000-000000000000] Debug LoadStaffDetailsByUserNameAndPassword Method
[3/7/2013 10:44:04 AM][INFO][clSchoolYear][LoadAllSchoolYear][00000000-0000-0000-0000-000000000000] Execute LoadAllSchoolYear Method
[3/7/2013 10:44:04 AM][DEBUG][clSchoolYear][LoadAllSchoolYear][00000000-0000-0000-0000-000000000000] Debug LoadAllSchoolYear Method
[3/7/2013 10:44:06 AM][INFO][clClassRoom][LoadClassRoom][00000000-0000-0000-0000-000000000000] Execute LoadClassRoom Method
[3/7/2013 10:44:06 AM][DEBUG][clClassRoom][LoadClassRoom][00000000-0000-0000-0000-000000000000] Debug LoadClassRoom Method
[3/7/2013 10:44:28 AM][INFO][clAddEditChild][Save][00000000-0000-0000-0000-000000000000] Execute Save Method
[3/7/2013 10:44:28 AM][DEBUG][clAddEditChild][LoadChildFamily][00000000-0000-0000-0000-000000000000] Debug LoadChildFamily Method
[3/7/2013 10:44:28 AM][INFO][clSchoolYear][LoadAllSchoolYear][00000000-0000-0000-0000-000000000000] Execute LoadAllSchoolYear Method
[3/7/2013 10:44:28 AM][DEBUG][clSchoolYear][LoadAllSchoolYear][00000000-0000-0000-0000-000000000000] Debug LoadAllSchoolYear Method
[3/7/2013 10:45:47 AM][INFO][clClassRoom][GetClassroomWiseStudentWeeklySchedule][00000000-0000-0000-0000-000000000000] Execute GetClassroomWiseStudentWeeklySchedule Method
[3/7/2013 10:45:47 AM][DEBUG][clClassRoom][GetClassroomWiseStudentWeeklySchedule][00000000-0000-0000-0000-000000000000] Debug GetClassroomWiseStudentWeeklySchedule Method
[3/7/2013 10:57:12 AM][INFO][clClassRoom][GetClassroomWiseStudentWeeklySchedule][00000000-0000-0000-0000-000000000000] Execute GetClassroomWiseStudentWeeklySchedule Method
[3/7/2013 10:57:12 AM][DEBUG][clClassRoom][GetClassroomWiseStudentWeeklySchedule][00000000-0000-0000-0000-000000000000] Debug GetClassroomWiseStudentWeeklySchedule Method
[3/7/2013 10:59:15 AM][INFO][clClassRoom][GetClassroomWiseStudentWeeklySchedule][00000000-0000-0000-0000-000000000000] Execute GetClassroomWiseStudentWeeklySchedule Method
[3/7/2013 10:59:15 AM][DEBUG][clClassRoom][GetClassroomWiseStudentWeeklySchedule][00000000-0000-0000-0000-000000000000] Debug GetClassroomWiseStudentWeeklySchedule Method
[3/7/2013 11:23:55 AM][INFO][clSchool][LoadAllSchool][00000000-0000-0000-0000-000000000000] LoadAllSchool method called
[3/7/2013 11:23:55 AM][DEBUG][clSchool][LoadAllSchool][00000000-0000-0000-0000-000000000000] Debug LoadAllSchool called
[3/7/2013 11:25:13 AM][INFO][clStaff][LoadStaffDetailsByUserNameAndPassword][00000000-0000-0000-0000-000000000000] Execute LoadStaffDetailsByUserNameAndPassword Method
[3/7/2013 11:25:14 AM][DEBUG][clStaff][LoadStaffDetailsByUserNameAndPassword][00000000-0000-0000-0000-000000000000] Debug LoadStaffDetailsByUserNameAndPassword Method
[3/7/2013 11:25:19 AM][INFO][clSchoolYear][LoadAllSchoolYear][00000000-0000-0000-0000-000000000000] Execute LoadAllSchoolYear Method
[3/7/2013 11:25:19 AM][DEBUG][clSchoolYear][LoadAllSchoolYear][00000000-0000-0000-0000-000000000000] Debug LoadAllSchoolYear Method
[3/7/2013 11:25:22 AM][INFO][clClassRoom][LoadClassRoom][00000000-0000-0000-0000-000000000000] Execute LoadClassRoom Method
[3/7/2013 11:25:23 AM][DEBUG][clClassRoom][LoadClassRoom][00000000-0000-0000-0000-000000000000] Debug LoadClassRoom Method
[3/7/2013 11:25:23 AM][INFO][clAddEditChild][Save][00000000-0000-0000-0000-000000000000] Execute Save Method
[3/7/2013 11:25:23 AM][DEBUG][clAddEditChild][LoadChildFamily][00000000-0000-0000-0000-000000000000] Debug LoadChildFamily Method
[3/7/2013 11:25:23 AM][INFO][clSchoolYear][LoadAllSchoolYear][00000000-0000-0000-0000-000000000000] Execute LoadAllSchoolYear Method
[3/7/2013 11:25:23 AM][DEBUG][clSchoolYear][LoadAllSchoolYear][00000000-0000-0000-0000-000000000000] Debug LoadAllSchoolYear Method
[3/7/2013 11:25:41 AM][INFO][clClassRoom][GetClassroomWiseStudentWeeklySchedule][00000000-0000-0000-0000-000000000000] Execute GetClassroomWiseStudentWeeklySchedule Method
[3/7/2013 11:25:41 AM][DEBUG][clClassRoom][GetClassroomWiseStudentWeeklySchedule][00000000-0000-0000-0000-000000000000] Debug GetClassroomWiseStudentWeeklySchedule Method
[3/7/2013 11:34:55 AM][INFO][clSchool][LoadAllSchool][00000000-0000-0000-0000-000000000000] LoadAllSchool method called
[3/7/2013 11:34:55 AM][DEBUG][clSchool][LoadAllSchool][00000000-0000-0000-0000-000000000000] Debug LoadAllSchool called
[3/7/2013 11:35:15 AM][INFO][clStaff][LoadStaffDetailsByUserNameAndPassword][00000000-0000-0000-0000-000000000000] Execute LoadStaffDetailsByUserNameAndPassword Method
[3/7/2013 11:35:15 AM][DEBUG][clStaff][LoadStaffDetailsByUserNameAndPassword][00000000-0000-0000-0000-000000000000] Debug LoadStaffDetailsByUserNameAndPassword Method
[3/7/2013 11:35:21 AM][INFO][clSchoolYear][LoadAllSchoolYear][00000000-0000-0000-0000-000000000000] Execute LoadAllSchoolYear Method
[3/7/2013 11:35:21 AM][DEBUG][clSchoolYear][LoadAllSchoolYear][00000000-0000-0000-0000-000000000000] Debug LoadAllSchoolYear Method
[3/7/2013 11:40:13 AM][INFO][clClassRoom][LoadClassRoom][00000000-0000-0000-0000-000000000000] Execute LoadClassRoom Method
[3/7/2013 11:40:13 AM][DEBUG][clClassRoom][LoadClassRoom][00000000-0000-0000-0000-000000000000] Debug LoadClassRoom Method
[3/7/2013 11:40:13 AM][INFO][clAddEditChild][Save][00000000-0000-0000-0000-000000000000] Execute Save Method
[3/7/2013 11:40:13 AM][DEBUG][clAddEditChild][LoadChildFamily][00000000-0000-0000-0000-000000000000] Debug LoadChildFamily Method
[3/7/2013 11:40:13 AM][INFO][clSchoolYear][LoadAllSchoolYear][00000000-0000-0000-0000-000000000000] Execute LoadAllSchoolYear Method
[3/7/2013 11:40:13 AM][DEBUG][clSchoolYear][LoadAllSchoolYear][00000000-0000-0000-0000-000000000000] Debug LoadAllSchoolYear Method
[3/7/2013 11:40:21 AM][INFO][clClassRoom][GetClassroomWiseStudentWeeklySchedule][00000000-0000-0000-0000-000000000000] Execute GetClassroomWiseStudentWeeklySchedule Method
[3/7/2013 11:40:21 AM][DEBUG][clClassRoom][GetClassroomWiseStudentWeeklySchedule][00000000-0000-0000-0000-000000000000] Debug GetClassroomWiseStudentWeeklySchedule Method
[3/7/2013 11:41:56 AM][INFO][clSchool][LoadAllSchool][00000000-0000-0000-0000-000000000000] LoadAllSchool method called
[3/7/2013 11:41:56 AM][DEBUG][clSchool][LoadAllSchool][00000000-0000-0000-0000-000000000000] Debug LoadAllSchool called
[3/7/2013 11:42:40 AM][INFO][clSchool][LoadAllSchool][00000000-0000-0000-0000-000000000000] LoadAllSchool method called
[3/7/2013 11:42:40 AM][DEBUG][clSchool][LoadAllSchool][00000000-0000-0000-0000-000000000000] Debug LoadAllSchool called
[3/7/2013 11:42:50 AM][INFO][clStaff][LoadStaffDetailsByUserNameAndPassword][00000000-0000-0000-0000-000000000000] Execute LoadStaffDetailsByUserNameAndPassword Method
[3/7/2013 11:42:50 AM][DEBUG][clStaff][LoadStaffDetailsByUserNameAndPassword][00000000-0000-0000-0000-000000000000] Debug LoadStaffDetailsByUserNameAndPassword Method
[3/7/2013 11:42:55 AM][INFO][clSchoolYear][LoadAllSchoolYear][00000000-0000-0000-0000-000000000000] Execute LoadAllSchoolYear Method
[3/7/2013 11:42:55 AM][DEBUG][clSchoolYear][LoadAllSchoolYear][00000000-0000-0000-0000-000000000000] Debug LoadAllSchoolYear Method
[3/7/2013 11:42:59 AM][INFO][clClassRoom][LoadClassRoom][00000000-0000-0000-0000-000000000000] Execute LoadClassRoom Method
[3/7/2013 11:42:59 AM][DEBUG][clClassRoom][LoadClassRoom][00000000-0000-0000-0000-000000000000] Debug LoadClassRoom Method
[3/7/2013 11:42:59 AM][INFO][clAddEditChild][Save][00000000-0000-0000-0000-000000000000] Execute Save Method
[3/7/2013 11:42:59 AM][DEBUG][clAddEditChild][LoadChildFamily][00000000-0000-0000-0000-000000000000] Debug LoadChildFamily Method
[3/7/2013 11:42:59 AM][INFO][clSchoolYear][LoadAllSchoolYear][00000000-0000-0000-0000-000000000000] Execute LoadAllSchoolYear Method
[3/7/2013 11:42:59 AM][DEBUG][clSchoolYear][LoadAllSchoolYear][00000000-0000-0000-0000-000000000000] Debug LoadAllSchoolYear Method
[3/7/2013 11:43:05 AM][INFO][clClassRoom][GetClassroomWiseStudentWeeklySchedule][00000000-0000-0000-0000-000000000000] Execute GetClassroomWiseStudentWeeklySchedule Method
[3/7/2013 11:43:05 AM][DEBUG][clClassRoom][GetClassroomWiseStudentWeeklySchedule][00000000-0000-0000-0000-000000000000] Debug GetClassroomWiseStudentWeeklySchedule Method
[3/7/2013 11:46:13 AM][INFO][clSchool][LoadAllSchool][00000000-0000-0000-0000-000000000000] LoadAllSchool method called
[3/7/2013 11:46:13 AM][DEBUG][clSchool][LoadAllSchool][00000000-0000-0000-0000-000000000000] Debug LoadAllSchool called
[3/7/2013 11:46:23 AM][INFO][clStaff][LoadStaffDetailsByUserNameAndPassword][00000000-0000-0000-0000-000000000000] Execute LoadStaffDetailsByUserNameAndPassword Method
[3/7/2013 11:46:23 AM][DEBUG][clStaff][LoadStaffDetailsByUserNameAndPassword][00000000-0000-0000-0000-000000000000] Debug LoadStaffDetailsByUserNameAndPassword Method
[3/7/2013 11:46:23 AM][INFO][clSchoolYear][LoadAllSchoolYear][00000000-0000-0000-0000-000000000000] Execute LoadAllSchoolYear Method
[3/7/2013 11:46:23 AM][DEBUG][clSchoolYear][LoadAllSchoolYear][00000000-0000-0000-0000-000000000000] Debug LoadAllSchoolYear Method
[3/7/2013 11:46:25 AM][INFO][clClassRoom][LoadClassRoom][00000000-0000-0000-0000-000000000000] Execute LoadClassRoom Method
[3/7/2013 11:46:25 AM][DEBUG][clClassRoom][LoadClassRoom][00000000-0000-0000-0000-000000000000] Debug LoadClassRoom Method
[3/7/2013 11:46:25 AM][INFO][clAddEditChild][Save][00000000-0000-0000-0000-000000000000] Execute Save Method
[3/7/2013 11:46:25 AM][DEBUG][clAddEditChild][LoadChildFamily][00000000-0000-0000-0000-000000000000] Debug LoadChildFamily Method
[3/7/2013 11:46:25 AM][INFO][clSchoolYear][LoadAllSchoolYear][00000000-0000-0000-0000-000000000000] Execute LoadAllSchoolYear Method
[3/7/2013 11:46:25 AM][DEBUG][clSchoolYear][LoadAllSchoolYear][00000000-0000-0000-0000-000000000000] Debug LoadAllSchoolYear Method
[3/7/2013 11:46:36 AM][INFO][clClassRoom][GetClassroomWiseStudentWeeklySchedule][00000000-0000-0000-0000-000000000000] Execute GetClassroomWiseStudentWeeklySchedule Method
[3/7/2013 11:46:36 AM][DEBUG][clClassRoom][GetClassroomWiseStudentWeeklySchedule][00000000-0000-0000-0000-000000000000] Debug GetClassroomWiseStudentWeeklySchedule Method
[3/7/2013 11:47:39 AM][INFO][clClassRoom][GetClassroomWiseStudentWeeklySchedule][00000000-0000-0000-0000-000000000000] Execute GetClassroomWiseStudentWeeklySchedule Method
[3/7/2013 11:47:39 AM][DEBUG][clClassRoom][GetClassroomWiseStudentWeeklySchedule][00000000-0000-0000-0000-000000000000] Debug GetClassroomWiseStudentWeeklySchedule Method
[3/7/2013 11:47:54 AM][INFO][clClassRoom][GetClassroomWiseStudentWeeklySchedule][00000000-0000-0000-0000-000000000000] Execute GetClassroomWiseStudentWeeklySchedule Method
[3/7/2013 11:47:54 AM][DEBUG][clClassRoom][GetClassroomWiseStudentWeeklySchedule][00000000-0000-0000-0000-000000000000] Debug GetClassroomWiseStudentWeeklySchedule Method
[3/7/2013 11:48:16 AM][INFO][clClassRoom][GetClassroomWiseStudentWeeklySchedule][00000000-0000-0000-0000-000000000000] Execute GetClassroomWiseStudentWeeklySchedule Method
[3/7/2013 11:48:16 AM][DEBUG][clClassRoom][GetClassroomWiseStudentWeeklySchedule][00000000-0000-0000-0000-000000000000] Debug GetClassroomWiseStudentWeeklySchedule Method
[3/7/2013 11:48:35 AM][INFO][clClassRoom][LoadClassRoom][00000000-0000-0000-0000-000000000000] Execute LoadClassRoom Method
[3/7/2013 11:48:35 AM][DEBUG][clClassRoom][LoadClassRoom][00000000-0000-0000-0000-000000000000] Debug LoadClassRoom Method
[3/7/2013 11:48:35 AM][INFO][clAddEditChild][Save][00000000-0000-0000-0000-000000000000] Execute Save Method
[3/7/2013 11:48:35 AM][DEBUG][clAddEditChild][LoadChildFamily][00000000-0000-0000-0000-000000000000] Debug LoadChildFamily Method
[3/7/2013 11:48:35 AM][INFO][clSchoolYear][LoadAllSchoolYear][00000000-0000-0000-0000-000000000000] Execute LoadAllSchoolYear Method
[3/7/2013 11:48:35 AM][DEBUG][clSchoolYear][LoadAllSchoolYear][00000000-0000-0000-0000-000000000000] Debug LoadAllSchoolYear Method
[3/7/2013 11:48:38 AM][INFO][clClassRoom][GetClassroomWiseStudentWeeklySchedule][00000000-0000-0000-0000-000000000000] Execute GetClassroomWiseStudentWeeklySchedule Method
[3/7/2013 11:48:38 AM][DEBUG][clClassRoom][GetClassroomWiseStudentWeeklySchedule][00000000-0000-0000-0000-000000000000] Debug GetClassroomWiseStudentWeeklySchedule Method
[3/7/2013 11:48:54 AM][INFO][clClassRoom][GetClassroomWiseStudentWeeklySchedule][00000000-0000-0000-0000-000000000000] Execute GetClassroomWiseStudentWeeklySchedule Method
[3/7/2013 11:48:54 AM][DEBUG][clClassRoom][GetClassroomWiseStudentWeeklySchedule][00000000-0000-0000-0000-000000000000] Debug GetClassroomWiseStudentWeeklySchedule Method
[3/7/2013 11:49:05 AM][INFO][clClassRoom][GetClassroomWiseStudentWeeklySchedule][00000000-0000-0000-0000-000000000000] Execute GetClassroomWiseStudentWeeklySchedule Method
[3/7/2013 11:49:05 AM][DEBUG][clClassRoom][GetClassroomWiseStudentWeeklySchedule][00000000-0000-0000-0000-000000000000] Debug GetClassroomWiseStudentWeeklySchedule Method
[3/7/2013 11:49:11 AM][INFO][clClassRoom][GetClassroomWiseStudentWeeklySchedule][00000000-0000-0000-0000-000000000000] Execute GetClassroomWiseStudentWeeklySchedule Method
[3/7/2013 11:49:12 AM][DEBUG][clClassRoom][GetClassroomWiseStudentWeeklySchedule][00000000-0000-0000-0000-000000000000] Debug GetClassroomWiseStudentWeeklySchedule Method
[3/7/2013 11:49:16 AM][INFO][clClassRoom][GetClassroomWiseStudentWeeklySchedule][00000000-0000-0000-0000-000000000000] Execute GetClassroomWiseStudentWeeklySchedule Method
[3/7/2013 11:49:16 AM][DEBUG][clClassRoom][GetClassroomWiseStudentWeeklySchedule][00000000-0000-0000-0000-000000000000] Debug GetClassroomWiseStudentWeeklySchedule Method
[3/7/2013 11:49:25 AM][INFO][clClassRoom][GetClassroomWiseStudentWeeklySchedule][00000000-0000-0000-0000-000000000000] Execute GetClassroomWiseStudentWeeklySchedule Method
[3/7/2013 11:49:25 AM][DEBUG][clClassRoom][GetClassroomWiseStudentWeeklySchedule][00000000-0000-0000-0000-000000000000] Debug GetClassroomWiseStudentWeeklySchedule Method
[3/7/2013 11:50:00 AM][INFO][clClassRoom][GetClassroomWiseStudentWeeklySchedule][00000000-0000-0000-0000-000000000000] Execute GetClassroomWiseStudentWeeklySchedule Method
[3/7/2013 11:50:00 AM][DEBUG][clClassRoom][GetClassroomWiseStudentWeeklySchedule][00000000-0000-0000-0000-000000000000] Debug GetClassroomWiseStudentWeeklySchedule Method
[3/7/2013 11:50:25 AM][INFO][clClassRoom][GetClassroomWiseStudentWeeklySchedule][00000000-0000-0000-0000-000000000000] Execute GetClassroomWiseStudentWeeklySchedule Method
[3/7/2013 11:50:25 AM][DEBUG][clClassRoom][GetClassroomWiseStudentWeeklySchedule][00000000-0000-0000-0000-000000000000] Debug GetClassroomWiseStudentWeeklySchedule Method
[3/7/2013 11:50:35 AM][INFO][clClassRoom][GetClassroomWiseStudentWeeklySchedule][00000000-0000-0000-0000-000000000000] Execute GetClassroomWiseStudentWeeklySchedule Method
[3/7/2013 11:50:35 AM][DEBUG][clClassRoom][GetClassroomWiseStudentWeeklySchedule][00000000-0000-0000-0000-000000000000] Debug GetClassroomWiseStudentWeeklySchedule Method
[3/7/2013 11:50:37 AM][INFO][clClassRoom][GetClassroomWiseStudentWeeklySchedule][00000000-0000-0000-0000-000000000000] Execute GetClassroomWiseStudentWeeklySchedule Method
[3/7/2013 11:50:37 AM][DEBUG][clClassRoom][GetClassroomWiseStudentWeeklySchedule][00000000-0000-0000-0000-000000000000] Debug GetClassroomWiseStudentWeeklySchedule Method
[3/7/2013 11:50:43 AM][INFO][clClassRoom][GetClassroomWiseStudentWeeklySchedule][00000000-0000-0000-0000-000000000000] Execute GetClassroomWiseStudentWeeklySchedule Method
[3/7/2013 11:50:43 AM][DEBUG][clClassRoom][GetClassroomWiseStudentWeeklySchedule][00000000-0000-0000-0000-000000000000] Debug GetClassroomWiseStudentWeeklySchedule Method
[3/7/2013 11:51:02 AM][INFO][clClassRoom][GetClassroomWiseStudentWeeklySchedule][00000000-0000-0000-0000-000000000000] Execute GetClassroomWiseStudentWeeklySchedule Method
[3/7/2013 11:51:02 AM][DEBUG][clClassRoom][GetClassroomWiseStudentWeeklySchedule][00000000-0000-0000-0000-000000000000] Debug GetClassroomWiseStudentWeeklySchedule Method
[3/7/2013 11:51:11 AM][INFO][clClassRoom][GetClassroomWiseStudentWeeklySchedule][00000000-0000-0000-0000-000000000000] Execute GetClassroomWiseStudentWeeklySchedule Method
[3/7/2013 11:51:11 AM][DEBUG][clClassRoom][GetClassroomWiseStudentWeeklySchedule][00000000-0000-0000-0000-000000000000] Debug GetClassroomWiseStudentWeeklySchedule Method
[3/7/2013 11:51:12 AM][INFO][clClassRoom][GetClassroomWiseStudentWeeklySchedule][00000000-0000-0000-0000-000000000000] Execute GetClassroomWiseStudentWeeklySchedule Method
[3/7/2013 11:51:12 AM][DEBUG][clClassRoom][GetClassroomWiseStudentWeeklySchedule][00000000-0000-0000-0000-000000000000] Debug GetClassroomWiseStudentWeeklySchedule Method
[3/7/2013 11:51:14 AM][INFO][clClassRoom][GetClassroomWiseStudentWeeklySchedule][00000000-0000-0000-0000-000000000000] Execute GetClassroomWiseStudentWeeklySchedule Method
[3/7/2013 11:51:14 AM][DEBUG][clClassRoom][GetClassroomWiseStudentWeeklySchedule][00000000-0000-0000-0000-000000000000] Debug GetClassroomWiseStudentWeeklySchedule Method
[3/7/2013 11:52:23 AM][INFO][clClassRoom][GetClassroomWiseStudentWeeklySchedule][00000000-0000-0000-0000-000000000000] Execute GetClassroomWiseStudentWeeklySchedule Method
[3/7/2013 11:52:23 AM][DEBUG][clClassRoom][GetClassroomWiseStudentWeeklySchedule][00000000-0000-0000-0000-000000000000] Debug GetClassroomWiseStudentWeeklySchedule Method
[3/7/2013 01:42:43 PM][INFO][clSchool][LoadAllSchool][00000000-0000-0000-0000-000000000000] LoadAllSchool method called
[3/7/2013 01:42:43 PM][DEBUG][clSchool][LoadAllSchool][00000000-0000-0000-0000-000000000000] Debug LoadAllSchool called
[3/7/2013 01:42:44 PM][INFO][clSchool][LoadAllSchool][00000000-0000-0000-0000-000000000000] LoadAllSchool method called
[3/7/2013 01:42:44 PM][DEBUG][clSchool][LoadAllSchool][00000000-0000-0000-0000-000000000000] Debug LoadAllSchool called
[3/7/2013 01:42:50 PM][INFO][clStaff][LoadStaffDetailsByUserNameAndPassword][00000000-0000-0000-0000-000000000000] Execute LoadStaffDetailsByUserNameAndPassword Method
[3/7/2013 01:42:50 PM][DEBUG][clStaff][LoadStaffDetailsByUserNameAndPassword][00000000-0000-0000-0000-000000000000] Debug LoadStaffDetailsByUserNameAndPassword Method
[3/7/2013 01:42:57 PM][INFO][clSchoolYear][LoadAllSchoolYear][00000000-0000-0000-0000-000000000000] Execute LoadAllSchoolYear Method
[3/7/2013 01:42:57 PM][DEBUG][clSchoolYear][LoadAllSchoolYear][00000000-0000-0000-0000-000000000000] Debug LoadAllSchoolYear Method
[3/7/2013 01:43:01 PM][INFO][clClassRoom][LoadClassRoom][00000000-0000-0000-0000-000000000000] Execute LoadClassRoom Method
[3/7/2013 01:43:01 PM][DEBUG][clClassRoom][LoadClassRoom][00000000-0000-0000-0000-000000000000] Debug LoadClassRoom Method
[3/7/2013 01:43:01 PM][INFO][clAddEditChild][Save][00000000-0000-0000-0000-000000000000] Execute Save Method
[3/7/2013 01:43:01 PM][DEBUG][clAddEditChild][LoadChildFamily][00000000-0000-0000-0000-000000000000] Debug LoadChildFamily Method
[3/7/2013 01:43:01 PM][INFO][clSchoolYear][LoadAllSchoolYear][00000000-0000-0000-0000-000000000000] Execute LoadAllSchoolYear Method
[3/7/2013 01:43:01 PM][DEBUG][clSchoolYear][LoadAllSchoolYear][00000000-0000-0000-0000-000000000000] Debug LoadAllSchoolYear Method
[3/7/2013 01:43:08 PM][INFO][clClassRoom][GetClassroomWiseStudentWeeklySchedule][00000000-0000-0000-0000-000000000000] Execute GetClassroomWiseStudentWeeklySchedule Method
[3/7/2013 01:43:08 PM][DEBUG][clClassRoom][GetClassroomWiseStudentWeeklySchedule][00000000-0000-0000-0000-000000000000] Debug GetClassroomWiseStudentWeeklySchedule Method
[3/7/2013 01:54:42 PM][INFO][clSchool][LoadAllSchool][00000000-0000-0000-0000-000000000000] LoadAllSchool method called
[3/7/2013 01:54:42 PM][DEBUG][clSchool][LoadAllSchool][00000000-0000-0000-0000-000000000000] Debug LoadAllSchool called
[3/7/2013 01:54:48 PM][INFO][clSchool][LoadAllSchool][00000000-0000-0000-0000-000000000000] LoadAllSchool method called
[3/7/2013 01:54:48 PM][DEBUG][clSchool][LoadAllSchool][00000000-0000-0000-0000-000000000000] Debug LoadAllSchool called
[3/7/2013 01:54:57 PM][INFO][clStaff][LoadStaffDetailsByUserNameAndPassword][00000000-0000-0000-0000-000000000000] Execute LoadStaffDetailsByUserNameAndPassword Method
[3/7/2013 01:54:57 PM][DEBUG][clStaff][LoadStaffDetailsByUserNameAndPassword][00000000-0000-0000-0000-000000000000] Debug LoadStaffDetailsByUserNameAndPassword Method
[3/7/2013 01:55:01 PM][INFO][clSchoolYear][LoadAllSchoolYear][00000000-0000-0000-0000-000000000000] Execute LoadAllSchoolYear Method
[3/7/2013 01:55:01 PM][DEBUG][clSchoolYear][LoadAllSchoolYear][00000000-0000-0000-0000-000000000000] Debug LoadAllSchoolYear Method
[3/7/2013 01:55:09 PM][INFO][clClassRoom][LoadClassRoom][00000000-0000-0000-0000-000000000000] Execute LoadClassRoom Method
[3/7/2013 01:55:09 PM][DEBUG][clClassRoom][LoadClassRoom][00000000-0000-0000-0000-000000000000] Debug LoadClassRoom Method
[3/7/2013 01:55:09 PM][INFO][clAddEditChild][Save][00000000-0000-0000-0000-000000000000] Execute Save Method
[3/7/2013 01:55:09 PM][DEBUG][clAddEditChild][LoadChildFamily][00000000-0000-0000-0000-000000000000] Debug LoadChildFamily Method
[3/7/2013 01:55:09 PM][INFO][clSchoolYear][LoadAllSchoolYear][00000000-0000-0000-0000-000000000000] Execute LoadAllSchoolYear Method
[3/7/2013 01:55:09 PM][DEBUG][clSchoolYear][LoadAllSchoolYear][00000000-0000-0000-0000-000000000000] Debug LoadAllSchoolYear Method
[3/7/2013 01:55:14 PM][INFO][clClassRoom][GetClassroomWiseStudentWeeklySchedule][00000000-0000-0000-0000-000000000000] Execute GetClassroomWiseStudentWeeklySchedule Method
[3/7/2013 01:55:14 PM][DEBUG][clClassRoom][GetClassroomWiseStudentWeeklySchedule][00000000-0000-0000-0000-000000000000] Debug GetClassroomWiseStudentWeeklySchedule Method
[3/7/2013 01:55:32 PM][INFO][clClassRoom][GetClassroomWiseStudentWeeklySchedule][00000000-0000-0000-0000-000000000000] Execute GetClassroomWiseStudentWeeklySchedule Method
[3/7/2013 01:55:32 PM][DEBUG][clClassRoom][GetClassroomWiseStudentWeeklySchedule][00000000-0000-0000-0000-000000000000] Debug GetClassroomWiseStudentWeeklySchedule Method
[3/7/2013 01:55:37 PM][INFO][clClassRoom][GetClassroomWiseStudentWeeklySchedule][00000000-0000-0000-0000-000000000000] Execute GetClassroomWiseStudentWeeklySchedule Method
[3/7/2013 01:55:37 PM][DEBUG][clClassRoom][GetClassroomWiseStudentWeeklySchedule][00000000-0000-0000-0000-000000000000] Debug GetClassroomWiseStudentWeeklySchedule Method
[3/7/2013 01:56:17 PM][INFO][clClassRoom][GetClassroomWiseStudentWeeklySchedule][00000000-0000-0000-0000-000000000000] Execute GetClassroomWiseStudentWeeklySchedule Method
[3/7/2013 01:56:17 PM][DEBUG][clClassRoom][GetClassroomWiseStudentWeeklySchedule][00000000-0000-0000-0000-000000000000] Debug GetClassroomWiseStudentWeeklySchedule Method
[3/7/2013 01:57:00 PM][INFO][clClassRoom][GetClassroomWiseStudentWeeklySchedule][00000000-0000-0000-0000-000000000000] Execute GetClassroomWiseStudentWeeklySchedule Method
[3/7/2013 01:57:00 PM][DEBUG][clClassRoom][GetClassroomWiseStudentWeeklySchedule][00000000-0000-0000-0000-000000000000] Debug GetClassroomWiseStudentWeeklySchedule Method
[3/7/2013 01:58:56 PM][INFO][clClassRoom][GetClassroomWiseStudentWeeklySchedule][00000000-0000-0000-0000-000000000000] Execute GetClassroomWiseStudentWeeklySchedule Method
[3/7/2013 01:58:56 PM][DEBUG][clClassRoom][GetClassroomWiseStudentWeeklySchedule][00000000-0000-0000-0000-000000000000] Debug GetClassroomWiseStudentWeeklySchedule Method
[3/7/2013 01:59:00 PM][INFO][clClassRoom][GetClassroomWiseStudentWeeklySchedule][00000000-0000-0000-0000-000000000000] Execute GetClassroomWiseStudentWeeklySchedule Method
[3/7/2013 01:59:00 PM][DEBUG][clClassRoom][GetClassroomWiseStudentWeeklySchedule][00000000-0000-0000-0000-000000000000] Debug GetClassroomWiseStudentWeeklySchedule Method
[3/7/2013 01:59:15 PM][INFO][clClassRoom][GetClassroomWiseStudentWeeklySchedule][00000000-0000-0000-0000-000000000000] Execute GetClassroomWiseStudentWeeklySchedule Method
[3/7/2013 01:59:15 PM][DEBUG][clClassRoom][GetClassroomWiseStudentWeeklySchedule][00000000-0000-0000-0000-000000000000] Debug GetClassroomWiseStudentWeeklySchedule Method
[3/7/2013 01:59:18 PM][INFO][clClassRoom][GetClassroomWiseStudentWeeklySchedule][00000000-0000-0000-0000-000000000000] Execute GetClassroomWiseStudentWeeklySchedule Method
[3/7/2013 01:59:18 PM][DEBUG][clClassRoom][GetClassroomWiseStudentWeeklySchedule][00000000-0000-0000-0000-000000000000] Debug GetClassroomWiseStudentWeeklySchedule Method
[3/7/2013 01:59:33 PM][INFO][clClassRoom][GetClassroomWiseStudentWeeklySchedule][00000000-0000-0000-0000-000000000000] Execute GetClassroomWiseStudentWeeklySchedule Method
[3/7/2013 01:59:33 PM][DEBUG][clClassRoom][GetClassroomWiseStudentWeeklySchedule][00000000-0000-0000-0000-000000000000] Debug GetClassroomWiseStudentWeeklySchedule Method
[3/7/2013 01:59:37 PM][INFO][clClassRoom][GetClassroomWiseStudentWeeklySchedule][00000000-0000-0000-0000-000000000000] Execute GetClassroomWiseStudentWeeklySchedule Method
[3/7/2013 01:59:37 PM][DEBUG][clClassRoom][GetClassroomWiseStudentWeeklySchedule][00000000-0000-0000-0000-000000000000] Debug GetClassroomWiseStudentWeeklySchedule Method
[3/7/2013 01:59:51 PM][INFO][clClassRoom][GetClassroomWiseStudentWeeklySchedule][00000000-0000-0000-0000-000000000000] Execute GetClassroomWiseStudentWeeklySchedule Method
[3/7/2013 01:59:51 PM][DEBUG][clClassRoom][GetClassroomWiseStudentWeeklySchedule][00000000-0000-0000-0000-000000000000] Debug GetClassroomWiseStudentWeeklySchedule Method
[3/7/2013 01:59:54 PM][INFO][clClassRoom][GetClassroomWiseStudentWeeklySchedule][00000000-0000-0000-0000-000000000000] Execute GetClassroomWiseStudentWeeklySchedule Method
[3/7/2013 01:59:54 PM][DEBUG][clClassRoom][GetClassroomWiseStudentWeeklySchedule][00000000-0000-0000-0000-000000000000] Debug GetClassroomWiseStudentWeeklySchedule Method
[3/7/2013 02:00:39 PM][INFO][clClassRoom][GetClassroomWiseStudentWeeklySchedule][00000000-0000-0000-0000-000000000000] Execute GetClassroomWiseStudentWeeklySchedule Method
[3/7/2013 02:00:39 PM][DEBUG][clClassRoom][GetClassroomWiseStudentWeeklySchedule][00000000-0000-0000-0000-000000000000] Debug GetClassroomWiseStudentWeeklySchedule Method
[3/7/2013 02:00:45 PM][INFO][clClassRoom][GetClassroomWiseStudentWeeklySchedule][00000000-0000-0000-0000-000000000000] Execute GetClassroomWiseStudentWeeklySchedule Method
[3/7/2013 02:00:45 PM][DEBUG][clClassRoom][GetClassroomWiseStudentWeeklySchedule][00000000-0000-0000-0000-000000000000] Debug GetClassroomWiseStudentWeeklySchedule Method
[3/7/2013 02:01:13 PM][INFO][clClassRoom][GetClassroomWiseStudentWeeklySchedule][00000000-0000-0000-0000-000000000000] Execute GetClassroomWiseStudentWeeklySchedule Method
[3/7/2013 02:01:13 PM][DEBUG][clClassRoom][GetClassroomWiseStudentWeeklySchedule][00000000-0000-0000-0000-000000000000] Debug GetClassroomWiseStudentWeeklySchedule Method
[3/7/2013 02:01:18 PM][INFO][clClassRoom][GetClassroomWiseStudentWeeklySchedule][00000000-0000-0000-0000-000000000000] Execute GetClassroomWiseStudentWeeklySchedule Method
[3/7/2013 02:01:18 PM][DEBUG][clClassRoom][GetClassroomWiseStudentWeeklySchedule][00000000-0000-0000-0000-000000000000] Debug GetClassroomWiseStudentWeeklySchedule Method
[3/7/2013 02:01:40 PM][INFO][clClassRoom][GetClassroomWiseStudentWeeklySchedule][00000000-0000-0000-0000-000000000000] Execute GetClassroomWiseStudentWeeklySchedule Method
[3/7/2013 02:01:40 PM][DEBUG][clClassRoom][GetClassroomWiseStudentWeeklySchedule][00000000-0000-0000-0000-000000000000] Debug GetClassroomWiseStudentWeeklySchedule Method
[3/7/2013 02:06:07 PM][INFO][clSchool][LoadAllSchool][00000000-0000-0000-0000-000000000000] LoadAllSchool method called
[3/7/2013 02:06:07 PM][DEBUG][clSchool][LoadAllSchool][00000000-0000-0000-0000-000000000000] Debug LoadAllSchool called
[3/7/2013 02:06:13 PM][INFO][clSchool][LoadAllSchool][00000000-0000-0000-0000-000000000000] LoadAllSchool method called
[3/7/2013 02:06:13 PM][DEBUG][clSchool][LoadAllSchool][00000000-0000-0000-0000-000000000000] Debug LoadAllSchool called
[3/7/2013 02:06:19 PM][INFO][clStaff][LoadStaffDetailsByUserNameAndPassword][00000000-0000-0000-0000-000000000000] Execute LoadStaffDetailsByUserNameAndPassword Method
[3/7/2013 02:06:19 PM][DEBUG][clStaff][LoadStaffDetailsByUserNameAndPassword][00000000-0000-0000-0000-000000000000] Debug LoadStaffDetailsByUserNameAndPassword Method
[3/7/2013 02:06:22 PM][INFO][clSchoolYear][LoadAllSchoolYear][00000000-0000-0000-0000-000000000000] Execute LoadAllSchoolYear Method
[3/7/2013 02:06:22 PM][DEBUG][clSchoolYear][LoadAllSchoolYear][00000000-0000-0000-0000-000000000000] Debug LoadAllSchoolYear Method
[3/7/2013 02:06:24 PM][INFO][clClassRoom][LoadClassRoom][00000000-0000-0000-0000-000000000000] Execute LoadClassRoom Method
[3/7/2013 02:06:24 PM][DEBUG][clClassRoom][LoadClassRoom][00000000-0000-0000-0000-000000000000] Debug LoadClassRoom Method
[3/7/2013 02:06:24 PM][INFO][clAddEditChild][Save][00000000-0000-0000-0000-000000000000] Execute Save Method
[3/7/2013 02:06:25 PM][DEBUG][clAddEditChild][LoadChildFamily][00000000-0000-0000-0000-000000000000] Debug LoadChildFamily Method
[3/7/2013 02:06:25 PM][INFO][clSchoolYear][LoadAllSchoolYear][00000000-0000-0000-0000-000000000000] Execute LoadAllSchoolYear Method
[3/7/2013 02:06:25 PM][DEBUG][clSchoolYear][LoadAllSchoolYear][00000000-0000-0000-0000-000000000000] Debug LoadAllSchoolYear Method
[3/7/2013 02:06:29 PM][INFO][clClassRoom][GetClassroomWiseStudentWeeklySchedule][00000000-0000-0000-0000-000000000000] Execute GetClassroomWiseStudentWeeklySchedule Method
[3/7/2013 02:06:29 PM][DEBUG][clClassRoom][GetClassroomWiseStudentWeeklySchedule][00000000-0000-0000-0000-000000000000] Debug GetClassroomWiseStudentWeeklySchedule Method
[3/7/2013 02:06:34 PM][INFO][clClassRoom][GetClassroomWiseStudentWeeklySchedule][00000000-0000-0000-0000-000000000000] Execute GetClassroomWiseStudentWeeklySchedule Method
[3/7/2013 02:06:34 PM][DEBUG][clClassRoom][GetClassroomWiseStudentWeeklySchedule][00000000-0000-0000-0000-000000000000] Debug GetClassroomWiseStudentWeeklySchedule Method
[3/7/2013 02:06:37 PM][INFO][clClassRoom][GetClassroomWiseStudentWeeklySchedule][00000000-0000-0000-0000-000000000000] Execute GetClassroomWiseStudentWeeklySchedule Method
[3/7/2013 02:06:37 PM][DEBUG][clClassRoom][GetClassroomWiseStudentWeeklySchedule][00000000-0000-0000-0000-000000000000] Debug GetClassroomWiseStudentWeeklySchedule Method
[3/7/2013 02:06:41 PM][INFO][clClassRoom][GetClassroomWiseStudentWeeklySchedule][00000000-0000-0000-0000-000000000000] Execute GetClassroomWiseStudentWeeklySchedule Method
[3/7/2013 02:06:41 PM][DEBUG][clClassRoom][GetClassroomWiseStudentWeeklySchedule][00000000-0000-0000-0000-000000000000] Debug GetClassroomWiseStudentWeeklySchedule Method
[3/7/2013 02:06:45 PM][INFO][clClassRoom][GetClassroomWiseStudentWeeklySchedule][00000000-0000-0000-0000-000000000000] Execute GetClassroomWiseStudentWeeklySchedule Method
[3/7/2013 02:06:45 PM][DEBUG][clClassRoom][GetClassroomWiseStudentWeeklySchedule][00000000-0000-0000-0000-000000000000] Debug GetClassroomWiseStudentWeeklySchedule Method
[3/7/2013 02:06:47 PM][INFO][clClassRoom][GetClassroomWiseStudentWeeklySchedule][00000000-0000-0000-0000-000000000000] Execute GetClassroomWiseStudentWeeklySchedule Method
[3/7/2013 02:06:47 PM][DEBUG][clClassRoom][GetClassroomWiseStudentWeeklySchedule][00000000-0000-0000-0000-000000000000] Debug GetClassroomWiseStudentWeeklySchedule Method
[3/7/2013 02:06:48 PM][INFO][clClassRoom][GetClassroomWiseStudentWeeklySchedule][00000000-0000-0000-0000-000000000000] Execute GetClassroomWiseStudentWeeklySchedule Method
[3/7/2013 02:06:48 PM][DEBUG][clClassRoom][GetClassroomWiseStudentWeeklySchedule][00000000-0000-0000-0000-000000000000] Debug GetClassroomWiseStudentWeeklySchedule Method
[3/7/2013 02:06:49 PM][INFO][clClassRoom][GetClassroomWiseStudentWeeklySchedule][00000000-0000-0000-0000-000000000000] Execute GetClassroomWiseStudentWeeklySchedule Method
[3/7/2013 02:06:49 PM][DEBUG][clClassRoom][GetClassroomWiseStudentWeeklySchedule][00000000-0000-0000-0000-000000000000] Debug GetClassroomWiseStudentWeeklySchedule Method
[3/7/2013 02:06:50 PM][INFO][clClassRoom][GetClassroomWiseStudentWeeklySchedule][00000000-0000-0000-0000-000000000000] Execute GetClassroomWiseStudentWeeklySchedule Method
[3/7/2013 02:06:50 PM][DEBUG][clClassRoom][GetClassroomWiseStudentWeeklySchedule][00000000-0000-0000-0000-000000000000] Debug GetClassroomWiseStudentWeeklySchedule Method
[3/7/2013 02:06:52 PM][INFO][clClassRoom][GetClassroomWiseStudentWeeklySchedule][00000000-0000-0000-0000-000000000000] Execute GetClassroomWiseStudentWeeklySchedule Method
[3/7/2013 02:06:52 PM][DEBUG][clClassRoom][GetClassroomWiseStudentWeeklySchedule][00000000-0000-0000-0000-000000000000] Debug GetClassroomWiseStudentWeeklySchedule Method
[3/7/2013 02:07:27 PM][INFO][clClassRoom][GetClassroomWiseStudentWeeklySchedule][00000000-0000-0000-0000-000000000000] Execute GetClassroomWiseStudentWeeklySchedule Method
[3/7/2013 02:07:27 PM][DEBUG][clClassRoom][GetClassroomWiseStudentWeeklySchedule][00000000-0000-0000-0000-000000000000] Debug GetClassroomWiseStudentWeeklySchedule Method
[3/7/2013 02:07:32 PM][INFO][clClassRoom][GetClassroomWiseStudentWeeklySchedule][00000000-0000-0000-0000-000000000000] Execute GetClassroomWiseStudentWeeklySchedule Method
[3/7/2013 02:07:32 PM][DEBUG][clClassRoom][GetClassroomWiseStudentWeeklySchedule][00000000-0000-0000-0000-000000000000] Debug GetClassroomWiseStudentWeeklySchedule Method
[3/7/2013 02:07:34 PM][INFO][clClassRoom][GetClassroomWiseStudentWeeklySchedule][00000000-0000-0000-0000-000000000000] Execute GetClassroomWiseStudentWeeklySchedule Method
[3/7/2013 02:07:34 PM][DEBUG][clClassRoom][GetClassroomWiseStudentWeeklySchedule][00000000-0000-0000-0000-000000000000] Debug GetClassroomWiseStudentWeeklySchedule Method
[3/7/2013 02:07:37 PM][INFO][clClassRoom][GetClassroomWiseStudentWeeklySchedule][00000000-0000-0000-0000-000000000000] Execute GetClassroomWiseStudentWeeklySchedule Method
[3/7/2013 02:07:37 PM][DEBUG][clClassRoom][GetClassroomWiseStudentWeeklySchedule][00000000-0000-0000-0000-000000000000] Debug GetClassroomWiseStudentWeeklySchedule Method
[3/7/2013 02:07:42 PM][INFO][clClassRoom][GetClassroomWiseStudentWeeklySchedule][00000000-0000-0000-0000-000000000000] Execute GetClassroomWiseStudentWeeklySchedule Method
[3/7/2013 02:07:42 PM][DEBUG][clClassRoom][GetClassroomWiseStudentWeeklySchedule][00000000-0000-0000-0000-000000000000] Debug GetClassroomWiseStudentWeeklySchedule Method
[3/7/2013 02:07:44 PM][INFO][clClassRoom][GetClassroomWiseStudentWeeklySchedule][00000000-0000-0000-0000-000000000000] Execute GetClassroomWiseStudentWeeklySchedule Method
[3/7/2013 02:07:44 PM][DEBUG][clClassRoom][GetClassroomWiseStudentWeeklySchedule][00000000-0000-0000-0000-000000000000] Debug GetClassroomWiseStudentWeeklySchedule Method
[3/7/2013 02:08:00 PM][INFO][clClassRoom][GetClassroomWiseStudentWeeklySchedule][00000000-0000-0000-0000-000000000000] Execute GetClassroomWiseStudentWeeklySchedule Method
[3/7/2013 02:08:00 PM][DEBUG][clClassRoom][GetClassroomWiseStudentWeeklySchedule][00000000-0000-0000-0000-000000000000] Debug GetClassroomWiseStudentWeeklySchedule Method
[3/7/2013 02:08:48 PM][INFO][clClassRoom][GetClassroomWiseStudentWeeklySchedule][00000000-0000-0000-0000-000000000000] Execute GetClassroomWiseStudentWeeklySchedule Method
[3/7/2013 02:08:48 PM][DEBUG][clClassRoom][GetClassroomWiseStudentWeeklySchedule][00000000-0000-0000-0000-000000000000] Debug GetClassroomWiseStudentWeeklySchedule Method
[3/7/2013 02:08:55 PM][INFO][clClassRoom][GetClassroomWiseStudentWeeklySchedule][00000000-0000-0000-0000-000000000000] Execute GetClassroomWiseStudentWeeklySchedule Method
[3/7/2013 02:08:55 PM][DEBUG][clClassRoom][GetClassroomWiseStudentWeeklySchedule][00000000-0000-0000-0000-000000000000] Debug GetClassroomWiseStudentWeeklySchedule Method
[3/7/2013 02:08:57 PM][INFO][clClassRoom][GetClassroomWiseStudentWeeklySchedule][00000000-0000-0000-0000-000000000000] Execute GetClassroomWiseStudentWeeklySchedule Method
[3/7/2013 02:08:57 PM][DEBUG][clClassRoom][GetClassroomWiseStudentWeeklySchedule][00000000-0000-0000-0000-000000000000] Debug GetClassroomWiseStudentWeeklySchedule Method
[3/7/2013 02:09:01 PM][INFO][clClassRoom][GetClassroomWiseStudentWeeklySchedule][00000000-0000-0000-0000-000000000000] Execute GetClassroomWiseStudentWeeklySchedule Method
[3/7/2013 02:09:01 PM][DEBUG][clClassRoom][GetClassroomWiseStudentWeeklySchedule][00000000-0000-0000-0000-000000000000] Debug GetClassroomWiseStudentWeeklySchedule Method
