[07/12/2012 10:49:23 AM][INFO][clSchool][LoadAllSchool][00000000-0000-0000-0000-000000000000] LoadAllSchool method called
[07/12/2012 10:49:24 AM][DEBUG][clSchool][LoadAllSchool][00000000-0000-0000-0000-000000000000] Debug LoadAllSchool called
[07/12/2012 10:49:49 AM][INFO][clStaff][LoadStaffDetailsByUserNameAndPassword][00000000-0000-0000-0000-000000000000] Execute LoadStaffDetailsByUserNameAndPassword Method
[07/12/2012 10:49:49 AM][DEBUG][clStaff][LoadStaffDetailsByUserNameAndPassword][00000000-0000-0000-0000-000000000000] Debug LoadStaffDetailsByUserNameAndPassword Method
[07/12/2012 10:49:54 AM][INFO][clSchoolYear][LoadAllSchoolYear][00000000-0000-0000-0000-000000000000] Execute LoadAllSchoolYear Method
[07/12/2012 10:49:54 AM][DEBUG][clSchoolYear][LoadAllSchoolYear][00000000-0000-0000-0000-000000000000] Debug LoadAllSchoolYear Method
[07/12/2012 10:50:10 AM][INFO][clSchoolYear][LoadAllSchoolYear][00000000-0000-0000-0000-000000000000] Execute LoadAllSchoolYear Method
[07/12/2012 10:50:10 AM][DEBUG][clSchoolYear][LoadAllSchoolYear][00000000-0000-0000-0000-000000000000] Debug LoadAllSchoolYear Method
[07/12/2012 10:50:11 AM][INFO][clChildFamily][LoadChildFamily][00000000-0000-0000-0000-000000000000] Execute LoadChildFamily Method
[07/12/2012 10:50:11 AM][DEBUG][clChildFamily][LoadChildFamily][00000000-0000-0000-0000-000000000000] Debug LoadChildFamily Method
[07/12/2012 10:50:23 AM][INFO][clSchoolYear][LoadAllSchoolYear][00000000-0000-0000-0000-000000000000] Execute LoadAllSchoolYear Method
[07/12/2012 10:50:23 AM][DEBUG][clSchoolYear][LoadAllSchoolYear][00000000-0000-0000-0000-000000000000] Debug LoadAllSchoolYear Method
[07/12/2012 10:50:23 AM][INFO][clSchoolYear][LoadSchoolYear][00000000-0000-0000-0000-000000000000] Execute LoadSchoolYear Method
[07/12/2012 10:50:23 AM][DEBUG][clSchoolYear][LoadSchoolYear][00000000-0000-0000-0000-000000000000] Debug LoadSchoolYear Method
[07/12/2012 10:50:29 AM][INFO][clSchoolYear][GetCurrentSchoolYear][00000000-0000-0000-0000-000000000000] Execute GetCurrentSchoolYear Method
[07/12/2012 10:50:29 AM][DEBUG][clSchoolYear][GetCurrentSchoolYear][00000000-0000-0000-0000-000000000000] Debug GetCurrentSchoolYear Method
[07/12/2012 10:50:29 AM][INFO][clSchoolYear][LoadSchoolYear][00000000-0000-0000-0000-000000000000] Execute LoadSchoolYear Method
[07/12/2012 10:50:29 AM][DEBUG][clSchoolYear][LoadSchoolYear][00000000-0000-0000-0000-000000000000] Debug LoadSchoolYear Method
[07/12/2012 10:52:53 AM][INFO][clSchoolYear][LoadAllSchoolYear][00000000-0000-0000-0000-000000000000] Execute LoadAllSchoolYear Method
[07/12/2012 10:52:53 AM][DEBUG][clSchoolYear][LoadAllSchoolYear][00000000-0000-0000-0000-000000000000] Debug LoadAllSchoolYear Method
[07/12/2012 10:52:53 AM][INFO][clUserGroup][LoadUserGroup][00000000-0000-0000-0000-000000000000] Execute LoadUserGroup Method
[07/12/2012 10:52:53 AM][DEBUG][clUserGroup][LoadUserGroup][00000000-0000-0000-0000-000000000000] Debug LoadUserGroup Method
[07/12/2012 10:53:03 AM][INFO][clSchoolYear][LoadAllSchoolYear][00000000-0000-0000-0000-000000000000] Execute LoadAllSchoolYear Method
[07/12/2012 10:53:03 AM][DEBUG][clSchoolYear][LoadAllSchoolYear][00000000-0000-0000-0000-000000000000] Debug LoadAllSchoolYear Method
[07/12/2012 10:53:03 AM][INFO][clStaffCategory][loadStaffCategory][00000000-0000-0000-0000-000000000000] Execute loadStaffCategory Method
[07/12/2012 10:53:03 AM][DEBUG][clStaffCategory][loadStaffCategory][00000000-0000-0000-0000-000000000000] Debug loadStaffCategory Method
[07/12/2012 10:53:09 AM][INFO][clSchoolYear][LoadAllSchoolYear][00000000-0000-0000-0000-000000000000] Execute LoadAllSchoolYear Method
[07/12/2012 10:53:09 AM][DEBUG][clSchoolYear][LoadAllSchoolYear][00000000-0000-0000-0000-000000000000] Debug LoadAllSchoolYear Method
[07/12/2012 10:53:09 AM][INFO][clEnrollmentStatus][LoadEnrollmentStatus][00000000-0000-0000-0000-000000000000] Execute LoadEnrollmentStatus Method
[07/12/2012 10:53:09 AM][DEBUG][clEnrollmentStatus][LoadEnrollmentStatus][00000000-0000-0000-0000-000000000000] Debug LoadEnrollmentStatus Method
[07/12/2012 10:53:12 AM][INFO][clSchoolYear][LoadAllSchoolYear][00000000-0000-0000-0000-000000000000] Execute LoadAllSchoolYear Method
[07/12/2012 10:53:12 AM][DEBUG][clSchoolYear][LoadAllSchoolYear][00000000-0000-0000-0000-000000000000] Debug LoadAllSchoolYear Method
[07/12/2012 10:53:12 AM][INFO][clEmploymentStatus][LoadEmploymentStatus][00000000-0000-0000-0000-000000000000] Execute LoadEmploymentStatus Method
[07/12/2012 10:53:12 AM][DEBUG][clEmploymentStatus][LoadEmploymentStatus][00000000-0000-0000-0000-000000000000] Debug LoadEmploymentStatus Method
[07/12/2012 10:53:15 AM][INFO][clSchoolYear][LoadAllSchoolYear][00000000-0000-0000-0000-000000000000] Execute LoadAllSchoolYear Method
[07/12/2012 10:53:15 AM][DEBUG][clSchoolYear][LoadAllSchoolYear][00000000-0000-0000-0000-000000000000] Debug LoadAllSchoolYear Method
[07/12/2012 10:53:15 AM][INFO][clAbsentReason][LoadAbsentReason][00000000-0000-0000-0000-000000000000] Execute LoadAbsentReason Method
[07/12/2012 10:53:15 AM][DEBUG][clAbsentReason][LoadAbsentReason][00000000-0000-0000-0000-000000000000] Debug LoadAbsentReason Method
[07/12/2012 10:53:17 AM][INFO][clSchoolYear][LoadAllSchoolYear][00000000-0000-0000-0000-000000000000] Execute LoadAllSchoolYear Method
[07/12/2012 10:53:17 AM][DEBUG][clSchoolYear][LoadAllSchoolYear][00000000-0000-0000-0000-000000000000] Debug LoadAllSchoolYear Method
[07/12/2012 10:53:17 AM][INFO][clRelationship][LoadRelationship][00000000-0000-0000-0000-000000000000] Execute LoadRelationship Method
[07/12/2012 10:53:17 AM][DEBUG][clRelationship][LoadRelationship][00000000-0000-0000-0000-000000000000] Debug LoadRelationship Method
[07/12/2012 10:53:20 AM][INFO][clSchoolYear][LoadAllSchoolYear][00000000-0000-0000-0000-000000000000] Execute LoadAllSchoolYear Method
[07/12/2012 10:53:20 AM][DEBUG][clSchoolYear][LoadAllSchoolYear][00000000-0000-0000-0000-000000000000] Debug LoadAllSchoolYear Method
[07/12/2012 10:53:20 AM][INFO][clChargeCode][LoadChargeCode][00000000-0000-0000-0000-000000000000] Execute LoadChargeCode Method
[07/12/2012 10:53:20 AM][DEBUG][clChargeCode][LoadChargeCode][00000000-0000-0000-0000-000000000000] Debug LoadChargeCode Method
[07/12/2012 10:53:25 AM][INFO][School][LoadSchoolInfo][00000000-0000-0000-0000-000000000000] LoadSchoolInfo called
[07/12/2012 10:53:25 AM][DEBUG][School][LoadSchoolInfo][00000000-0000-0000-0000-000000000000] Debug LoadSchoolInfo Of Role
[07/12/2012 10:53:25 AM][INFO][clSchool][LoadSchoolInfo][00000000-0000-0000-0000-000000000000] LoadSchoolInfo method called
[07/12/2012 10:53:25 AM][DEBUG][clSchool][LoadSchoolInfo][00000000-0000-0000-0000-000000000000] Debug LoadSchoolInfo called
[07/12/2012 10:53:25 AM][INFO][clFont][LoadFont][00000000-0000-0000-0000-000000000000] Execute LoadFont Method
[07/12/2012 10:53:25 AM][DEBUG][clFont][LoadFont][00000000-0000-0000-0000-000000000000] Debug LoadFont Method
[07/12/2012 10:53:25 AM][INFO][clSchoolYear][LoadAllSchoolYear][00000000-0000-0000-0000-000000000000] Execute LoadAllSchoolYear Method
[07/12/2012 10:53:25 AM][DEBUG][clSchoolYear][LoadAllSchoolYear][00000000-0000-0000-0000-000000000000] Debug LoadAllSchoolYear Method
[07/12/2012 10:53:27 AM][INFO][clSchoolYear][LoadAllSchoolYear][00000000-0000-0000-0000-000000000000] Execute LoadAllSchoolYear Method
[07/12/2012 10:53:27 AM][DEBUG][clSchoolYear][LoadAllSchoolYear][00000000-0000-0000-0000-000000000000] Debug LoadAllSchoolYear Method
[07/12/2012 10:53:27 AM][INFO][clHoursOfOperation][LoadHoursOfOperation][00000000-0000-0000-0000-000000000000] Execute LoadHoursOfOperation Method
[07/12/2012 10:53:27 AM][DEBUG][clHoursOfOperation][LoadHoursOfOperation][00000000-0000-0000-0000-000000000000] Debug LoadHoursOfOperation Method
[07/12/2012 10:54:29 AM][INFO][clSchoolYear][GetCurrentSchoolYear][00000000-0000-0000-0000-000000000000] Execute GetCurrentSchoolYear Method
[07/12/2012 10:54:29 AM][DEBUG][clSchoolYear][GetCurrentSchoolYear][00000000-0000-0000-0000-000000000000] Debug GetCurrentSchoolYear Method
[07/12/2012 10:54:29 AM][INFO][clHoursOfOperation][LoadHoursOfOperation][00000000-0000-0000-0000-000000000000] Execute LoadHoursOfOperation Method
[07/12/2012 10:54:29 AM][DEBUG][clHoursOfOperation][LoadHoursOfOperation][00000000-0000-0000-0000-000000000000] Debug LoadHoursOfOperation Method
[07/12/2012 10:54:37 AM][INFO][clSchoolYear][GetCurrentSchoolYear][00000000-0000-0000-0000-000000000000] Execute GetCurrentSchoolYear Method
[07/12/2012 10:54:37 AM][DEBUG][clSchoolYear][GetCurrentSchoolYear][00000000-0000-0000-0000-000000000000] Debug GetCurrentSchoolYear Method
[07/12/2012 10:54:37 AM][INFO][clHoursOfOperation][LoadHoursOfOperation][00000000-0000-0000-0000-000000000000] Execute LoadHoursOfOperation Method
[07/12/2012 10:54:37 AM][DEBUG][clHoursOfOperation][LoadHoursOfOperation][00000000-0000-0000-0000-000000000000] Debug LoadHoursOfOperation Method
[07/12/2012 11:31:38 AM][INFO][clSchool][LoadAllSchool][00000000-0000-0000-0000-000000000000] LoadAllSchool method called
[07/12/2012 11:31:38 AM][DEBUG][clSchool][LoadAllSchool][00000000-0000-0000-0000-000000000000] Debug LoadAllSchool called
[07/12/2012 11:35:29 AM][INFO][clStaff][LoadStaffDetailsByUserNameAndPassword][00000000-0000-0000-0000-000000000000] Execute LoadStaffDetailsByUserNameAndPassword Method
[07/12/2012 11:35:29 AM][DEBUG][clStaff][LoadStaffDetailsByUserNameAndPassword][00000000-0000-0000-0000-000000000000] Debug LoadStaffDetailsByUserNameAndPassword Method
[07/12/2012 11:35:30 AM][INFO][clSchoolYear][LoadAllSchoolYear][00000000-0000-0000-0000-000000000000] Execute LoadAllSchoolYear Method
[07/12/2012 11:35:30 AM][DEBUG][clSchoolYear][LoadAllSchoolYear][00000000-0000-0000-0000-000000000000] Debug LoadAllSchoolYear Method
[07/12/2012 11:35:32 AM][INFO][clRelationship][LoadRelationship][00000000-0000-0000-0000-000000000000] Execute LoadRelationship Method
[07/12/2012 11:35:32 AM][DEBUG][clRelationship][LoadRelationship][00000000-0000-0000-0000-000000000000] Debug LoadRelationship Method
[07/12/2012 11:35:32 AM][INFO][clRelationship][LoadRelationship][00000000-0000-0000-0000-000000000000] Execute LoadRelationship Method
[07/12/2012 11:35:32 AM][DEBUG][clRelationship][LoadRelationship][00000000-0000-0000-0000-000000000000] Debug LoadRelationship Method
[07/12/2012 11:35:32 AM][INFO][clSchool][LoadSchoolInfo][00000000-0000-0000-0000-000000000000] LoadSchoolInfo method called
[07/12/2012 11:35:32 AM][DEBUG][clSchool][LoadSchoolInfo][00000000-0000-0000-0000-000000000000] Debug LoadSchoolInfo called
[07/12/2012 11:35:32 AM][INFO][clSchoolYear][GetCurrentSchoolYear][00000000-0000-0000-0000-000000000000] Execute GetCurrentSchoolYear Method
[07/12/2012 11:35:32 AM][DEBUG][clSchoolYear][GetCurrentSchoolYear][00000000-0000-0000-0000-000000000000] Debug GetCurrentSchoolYear Method
[07/12/2012 11:35:32 AM][INFO][clSchoolYear][LoadAllSchoolYear][00000000-0000-0000-0000-000000000000] Execute LoadAllSchoolYear Method
[07/12/2012 11:35:32 AM][DEBUG][clSchoolYear][LoadAllSchoolYear][00000000-0000-0000-0000-000000000000] Debug LoadAllSchoolYear Method
[07/12/2012 11:36:21 AM][INFO][clSchoolYear][LoadAllSchoolYear][00000000-0000-0000-0000-000000000000] Execute LoadAllSchoolYear Method
[07/12/2012 11:36:21 AM][DEBUG][clSchoolYear][LoadAllSchoolYear][00000000-0000-0000-0000-000000000000] Debug LoadAllSchoolYear Method
[07/12/2012 11:36:21 AM][INFO][clChildFamily][LoadChildFamily][00000000-0000-0000-0000-000000000000] Execute LoadChildFamily Method
[07/12/2012 11:36:21 AM][DEBUG][clChildFamily][LoadChildFamily][00000000-0000-0000-0000-000000000000] Debug LoadChildFamily Method
[07/12/2012 12:16:27 PM][INFO][clSchool][LoadAllSchool][00000000-0000-0000-0000-000000000000] LoadAllSchool method called
[07/12/2012 12:16:27 PM][DEBUG][clSchool][LoadAllSchool][00000000-0000-0000-0000-000000000000] Debug LoadAllSchool called
[07/12/2012 12:24:13 PM][INFO][clStaff][LoadStaffDetailsByUserNameAndPassword][00000000-0000-0000-0000-000000000000] Execute LoadStaffDetailsByUserNameAndPassword Method
[07/12/2012 12:24:13 PM][DEBUG][clStaff][LoadStaffDetailsByUserNameAndPassword][00000000-0000-0000-0000-000000000000] Debug LoadStaffDetailsByUserNameAndPassword Method
[07/12/2012 12:24:13 PM][INFO][clSchoolYear][LoadAllSchoolYear][00000000-0000-0000-0000-000000000000] Execute LoadAllSchoolYear Method
[07/12/2012 12:24:13 PM][DEBUG][clSchoolYear][LoadAllSchoolYear][00000000-0000-0000-0000-000000000000] Debug LoadAllSchoolYear Method
[07/12/2012 12:24:15 PM][INFO][clSchoolYear][LoadAllSchoolYear][00000000-0000-0000-0000-000000000000] Execute LoadAllSchoolYear Method
[07/12/2012 12:24:15 PM][DEBUG][clSchoolYear][LoadAllSchoolYear][00000000-0000-0000-0000-000000000000] Debug LoadAllSchoolYear Method
[07/12/2012 12:24:15 PM][INFO][clClassRoom][LoadClassRoom][00000000-0000-0000-0000-000000000000] Execute LoadClassRoom Method
[07/12/2012 12:24:15 PM][DEBUG][clClassRoom][LoadClassRoom][00000000-0000-0000-0000-000000000000] Debug LoadClassRoom Method
[07/12/2012 12:49:31 PM][INFO][clSchool][LoadAllSchool][00000000-0000-0000-0000-000000000000] LoadAllSchool method called
[07/12/2012 12:49:31 PM][DEBUG][clSchool][LoadAllSchool][00000000-0000-0000-0000-000000000000] Debug LoadAllSchool called
[07/12/2012 1:20:25 PM][INFO][clSchool][LoadAllSchool][00000000-0000-0000-0000-000000000000] LoadAllSchool method called
[07/12/2012 1:20:25 PM][DEBUG][clSchool][LoadAllSchool][00000000-0000-0000-0000-000000000000] Debug LoadAllSchool called
[07/12/2012 1:20:37 PM][EXCEPTION][clSchool][LoadAllSchool][00000000-0000-0000-0000-000000000000] Login failed for user 'sa'.
[07/12/2012 1:21:29 PM][INFO][clSchool][LoadAllSchool][00000000-0000-0000-0000-000000000000] LoadAllSchool method called
[07/12/2012 1:21:29 PM][DEBUG][clSchool][LoadAllSchool][00000000-0000-0000-0000-000000000000] Debug LoadAllSchool called
[07/12/2012 1:21:37 PM][EXCEPTION][clSchool][LoadAllSchool][00000000-0000-0000-0000-000000000000] Login failed for user 'sa'.
[07/12/2012 1:22:05 PM][INFO][clSchool][LoadAllSchool][00000000-0000-0000-0000-000000000000] LoadAllSchool method called
[07/12/2012 1:22:39 PM][DEBUG][clSchool][LoadAllSchool][00000000-0000-0000-0000-000000000000] Debug LoadAllSchool called
[07/12/2012 1:22:40 PM][EXCEPTION][clSchool][LoadAllSchool][00000000-0000-0000-0000-000000000000] Login failed for user 'sa'.
[07/12/2012 1:23:54 PM][INFO][clSchool][LoadAllSchool][00000000-0000-0000-0000-000000000000] LoadAllSchool method called
[07/12/2012 1:23:54 PM][DEBUG][clSchool][LoadAllSchool][00000000-0000-0000-0000-000000000000] Debug LoadAllSchool called
[07/12/2012 1:24:01 PM][INFO][clStaff][LoadStaffDetailsByUserNameAndPassword][00000000-0000-0000-0000-000000000000] Execute LoadStaffDetailsByUserNameAndPassword Method
[07/12/2012 1:24:01 PM][DEBUG][clStaff][LoadStaffDetailsByUserNameAndPassword][00000000-0000-0000-0000-000000000000] Debug LoadStaffDetailsByUserNameAndPassword Method
[07/12/2012 1:24:07 PM][INFO][clSchoolYear][LoadAllSchoolYear][00000000-0000-0000-0000-000000000000] Execute LoadAllSchoolYear Method
[07/12/2012 1:24:07 PM][DEBUG][clSchoolYear][LoadAllSchoolYear][00000000-0000-0000-0000-000000000000] Debug LoadAllSchoolYear Method
