[7/9/2013 09:58:53 AM][INFO][clSchool][LoadAllSchool][00000000-0000-0000-0000-000000000000] LoadAllSchool method called
[7/9/2013 09:58:53 AM][DEBUG][clSchool][LoadAllSchool][00000000-0000-0000-0000-000000000000] Debug LoadAllSchool called
[7/9/2013 10:05:13 AM][INFO][clStaff][LoadStaffDetailsByUserNameAndPassword][00000000-0000-0000-0000-000000000000] Execute LoadStaffDetailsByUserNameAndPassword Method
[7/9/2013 10:05:13 AM][DEBUG][clStaff][LoadStaffDetailsByUserNameAndPassword][00000000-0000-0000-0000-000000000000] Debug LoadStaffDetailsByUserNameAndPassword Method
[7/9/2013 10:05:19 AM][INFO][clSchoolYear][LoadAllSchoolYear][00000000-0000-0000-0000-000000000000] Execute LoadAllSchoolYear Method
[7/9/2013 10:05:19 AM][DEBUG][clSchoolYear][LoadAllSchoolYear][00000000-0000-0000-0000-000000000000] Debug LoadAllSchoolYear Method
[7/9/2013 10:05:25 AM][INFO][clLedgerOfFamily][LoadChildFamilyWiseTranDateAmount][00000000-0000-0000-0000-000000000000] Execute LoadChildFamilyWiseTranDateAmount Method
[7/9/2013 10:05:25 AM][DEBUG][clLedgerOfFamily][LoadChildFamilyWiseTranDateAmount][00000000-0000-0000-0000-000000000000] Debug LoadChildFamilyWiseTranDateAmount Method
[7/9/2013 10:05:25 AM][INFO][clSchoolYear][LoadAllSchoolYear][00000000-0000-0000-0000-000000000000] Execute LoadAllSchoolYear Method
[7/9/2013 10:05:25 AM][DEBUG][clSchoolYear][LoadAllSchoolYear][00000000-0000-0000-0000-000000000000] Debug LoadAllSchoolYear Method
[7/9/2013 10:06:52 AM][INFO][clLedgerOfFamily][LoadChildFamilyWiseTranDateAmount][00000000-0000-0000-0000-000000000000] Execute LoadChildFamilyWiseTranDateAmount Method
[7/9/2013 10:06:52 AM][DEBUG][clLedgerOfFamily][LoadChildFamilyWiseTranDateAmount][00000000-0000-0000-0000-000000000000] Debug LoadChildFamilyWiseTranDateAmount Method
[7/9/2013 10:06:52 AM][INFO][clSchoolYear][LoadAllSchoolYear][00000000-0000-0000-0000-000000000000] Execute LoadAllSchoolYear Method
[7/9/2013 10:06:52 AM][DEBUG][clSchoolYear][LoadAllSchoolYear][00000000-0000-0000-0000-000000000000] Debug LoadAllSchoolYear Method
[7/9/2013 10:07:31 AM][INFO][clLedgerOfFamily][LoadChildFamilyWiseTranDateAmount][00000000-0000-0000-0000-000000000000] Execute LoadChildFamilyWiseTranDateAmount Method
[7/9/2013 10:07:31 AM][DEBUG][clLedgerOfFamily][LoadChildFamilyWiseTranDateAmount][00000000-0000-0000-0000-000000000000] Debug LoadChildFamilyWiseTranDateAmount Method
[7/9/2013 10:07:31 AM][INFO][clSchoolYear][LoadAllSchoolYear][00000000-0000-0000-0000-000000000000] Execute LoadAllSchoolYear Method
[7/9/2013 10:07:31 AM][DEBUG][clSchoolYear][LoadAllSchoolYear][00000000-0000-0000-0000-000000000000] Debug LoadAllSchoolYear Method
[7/9/2013 10:07:41 AM][INFO][clLedgerOfFamily][LoadChildFamilyWiseTranDateAmount][00000000-0000-0000-0000-000000000000] Execute LoadChildFamilyWiseTranDateAmount Method
[7/9/2013 10:07:41 AM][DEBUG][clLedgerOfFamily][LoadChildFamilyWiseTranDateAmount][00000000-0000-0000-0000-000000000000] Debug LoadChildFamilyWiseTranDateAmount Method
[7/9/2013 10:07:41 AM][INFO][clSchoolYear][LoadAllSchoolYear][00000000-0000-0000-0000-000000000000] Execute LoadAllSchoolYear Method
[7/9/2013 10:07:41 AM][DEBUG][clSchoolYear][LoadAllSchoolYear][00000000-0000-0000-0000-000000000000] Debug LoadAllSchoolYear Method
[7/9/2013 10:07:52 AM][INFO][clLedgerOfFamily][LoadChildFamilyWiseTranDateAmount][00000000-0000-0000-0000-000000000000] Execute LoadChildFamilyWiseTranDateAmount Method
[7/9/2013 10:07:52 AM][DEBUG][clLedgerOfFamily][LoadChildFamilyWiseTranDateAmount][00000000-0000-0000-0000-000000000000] Debug LoadChildFamilyWiseTranDateAmount Method
[7/9/2013 10:07:52 AM][INFO][clSchoolYear][LoadAllSchoolYear][00000000-0000-0000-0000-000000000000] Execute LoadAllSchoolYear Method
[7/9/2013 10:07:52 AM][DEBUG][clSchoolYear][LoadAllSchoolYear][00000000-0000-0000-0000-000000000000] Debug LoadAllSchoolYear Method
[7/9/2013 10:08:02 AM][INFO][clLedgerOfFamily][LoadChildFamilyWiseTranDateAmount][00000000-0000-0000-0000-000000000000] Execute LoadChildFamilyWiseTranDateAmount Method
[7/9/2013 10:08:02 AM][DEBUG][clLedgerOfFamily][LoadChildFamilyWiseTranDateAmount][00000000-0000-0000-0000-000000000000] Debug LoadChildFamilyWiseTranDateAmount Method
[7/9/2013 10:08:02 AM][INFO][clSchoolYear][LoadAllSchoolYear][00000000-0000-0000-0000-000000000000] Execute LoadAllSchoolYear Method
[7/9/2013 10:08:02 AM][DEBUG][clSchoolYear][LoadAllSchoolYear][00000000-0000-0000-0000-000000000000] Debug LoadAllSchoolYear Method
[7/9/2013 10:08:10 AM][INFO][clLedgerOfFamily][LoadChildFamilyWiseTranDateAmount][00000000-0000-0000-0000-000000000000] Execute LoadChildFamilyWiseTranDateAmount Method
[7/9/2013 10:08:11 AM][DEBUG][clLedgerOfFamily][LoadChildFamilyWiseTranDateAmount][00000000-0000-0000-0000-000000000000] Debug LoadChildFamilyWiseTranDateAmount Method
[7/9/2013 10:08:11 AM][INFO][clSchoolYear][LoadAllSchoolYear][00000000-0000-0000-0000-000000000000] Execute LoadAllSchoolYear Method
[7/9/2013 10:08:11 AM][DEBUG][clSchoolYear][LoadAllSchoolYear][00000000-0000-0000-0000-000000000000] Debug LoadAllSchoolYear Method
[7/9/2013 10:08:22 AM][INFO][clLedgerOfFamily][LoadChildFamilyWiseTranDateAmount][00000000-0000-0000-0000-000000000000] Execute LoadChildFamilyWiseTranDateAmount Method
[7/9/2013 10:08:22 AM][DEBUG][clLedgerOfFamily][LoadChildFamilyWiseTranDateAmount][00000000-0000-0000-0000-000000000000] Debug LoadChildFamilyWiseTranDateAmount Method
[7/9/2013 10:08:22 AM][INFO][clSchoolYear][LoadAllSchoolYear][00000000-0000-0000-0000-000000000000] Execute LoadAllSchoolYear Method
[7/9/2013 10:08:22 AM][DEBUG][clSchoolYear][LoadAllSchoolYear][00000000-0000-0000-0000-000000000000] Debug LoadAllSchoolYear Method
[7/9/2013 10:08:44 AM][INFO][clLedgerOfFamily][LoadChildFamilyWiseTranDateAmount][00000000-0000-0000-0000-000000000000] Execute LoadChildFamilyWiseTranDateAmount Method
[7/9/2013 10:08:44 AM][DEBUG][clLedgerOfFamily][LoadChildFamilyWiseTranDateAmount][00000000-0000-0000-0000-000000000000] Debug LoadChildFamilyWiseTranDateAmount Method
[7/9/2013 10:08:44 AM][INFO][clSchoolYear][LoadAllSchoolYear][00000000-0000-0000-0000-000000000000] Execute LoadAllSchoolYear Method
[7/9/2013 10:08:44 AM][DEBUG][clSchoolYear][LoadAllSchoolYear][00000000-0000-0000-0000-000000000000] Debug LoadAllSchoolYear Method
[7/9/2013 10:08:57 AM][INFO][clLedgerOfFamily][LoadChildFamilyWiseTranDateAmount][00000000-0000-0000-0000-000000000000] Execute LoadChildFamilyWiseTranDateAmount Method
[7/9/2013 10:08:57 AM][DEBUG][clLedgerOfFamily][LoadChildFamilyWiseTranDateAmount][00000000-0000-0000-0000-000000000000] Debug LoadChildFamilyWiseTranDateAmount Method
[7/9/2013 10:08:57 AM][INFO][clSchoolYear][LoadAllSchoolYear][00000000-0000-0000-0000-000000000000] Execute LoadAllSchoolYear Method
[7/9/2013 10:08:57 AM][DEBUG][clSchoolYear][LoadAllSchoolYear][00000000-0000-0000-0000-000000000000] Debug LoadAllSchoolYear Method
[7/9/2013 10:09:16 AM][INFO][clLedgerOfFamily][LoadChildFamilyWiseTranDateAmount][00000000-0000-0000-0000-000000000000] Execute LoadChildFamilyWiseTranDateAmount Method
[7/9/2013 10:09:16 AM][DEBUG][clLedgerOfFamily][LoadChildFamilyWiseTranDateAmount][00000000-0000-0000-0000-000000000000] Debug LoadChildFamilyWiseTranDateAmount Method
[7/9/2013 10:09:16 AM][INFO][clSchoolYear][LoadAllSchoolYear][00000000-0000-0000-0000-000000000000] Execute LoadAllSchoolYear Method
[7/9/2013 10:09:16 AM][DEBUG][clSchoolYear][LoadAllSchoolYear][00000000-0000-0000-0000-000000000000] Debug LoadAllSchoolYear Method
[7/9/2013 10:09:29 AM][INFO][clLedgerOfFamily][LoadChildFamilyWiseTranDateAmount][00000000-0000-0000-0000-000000000000] Execute LoadChildFamilyWiseTranDateAmount Method
[7/9/2013 10:09:29 AM][DEBUG][clLedgerOfFamily][LoadChildFamilyWiseTranDateAmount][00000000-0000-0000-0000-000000000000] Debug LoadChildFamilyWiseTranDateAmount Method
[7/9/2013 10:09:29 AM][INFO][clSchoolYear][LoadAllSchoolYear][00000000-0000-0000-0000-000000000000] Execute LoadAllSchoolYear Method
[7/9/2013 10:09:29 AM][DEBUG][clSchoolYear][LoadAllSchoolYear][00000000-0000-0000-0000-000000000000] Debug LoadAllSchoolYear Method
[7/9/2013 10:09:45 AM][INFO][clLedgerOfFamily][LoadChildFamilyWiseTranDateAmount][00000000-0000-0000-0000-000000000000] Execute LoadChildFamilyWiseTranDateAmount Method
[7/9/2013 10:09:45 AM][DEBUG][clLedgerOfFamily][LoadChildFamilyWiseTranDateAmount][00000000-0000-0000-0000-000000000000] Debug LoadChildFamilyWiseTranDateAmount Method
[7/9/2013 10:09:45 AM][INFO][clSchoolYear][LoadAllSchoolYear][00000000-0000-0000-0000-000000000000] Execute LoadAllSchoolYear Method
[7/9/2013 10:09:45 AM][DEBUG][clSchoolYear][LoadAllSchoolYear][00000000-0000-0000-0000-000000000000] Debug LoadAllSchoolYear Method
[7/9/2013 10:10:04 AM][INFO][clLedgerOfFamily][LoadChildFamilyWiseTranDateAmount][00000000-0000-0000-0000-000000000000] Execute LoadChildFamilyWiseTranDateAmount Method
[7/9/2013 10:10:04 AM][DEBUG][clLedgerOfFamily][LoadChildFamilyWiseTranDateAmount][00000000-0000-0000-0000-000000000000] Debug LoadChildFamilyWiseTranDateAmount Method
[7/9/2013 10:10:04 AM][INFO][clSchoolYear][LoadAllSchoolYear][00000000-0000-0000-0000-000000000000] Execute LoadAllSchoolYear Method
[7/9/2013 10:10:04 AM][DEBUG][clSchoolYear][LoadAllSchoolYear][00000000-0000-0000-0000-000000000000] Debug LoadAllSchoolYear Method
[7/9/2013 10:10:17 AM][INFO][clLedgerOfFamily][LoadChildFamilyWiseTranDateAmount][00000000-0000-0000-0000-000000000000] Execute LoadChildFamilyWiseTranDateAmount Method
[7/9/2013 10:10:17 AM][DEBUG][clLedgerOfFamily][LoadChildFamilyWiseTranDateAmount][00000000-0000-0000-0000-000000000000] Debug LoadChildFamilyWiseTranDateAmount Method
[7/9/2013 10:10:17 AM][INFO][clSchoolYear][LoadAllSchoolYear][00000000-0000-0000-0000-000000000000] Execute LoadAllSchoolYear Method
[7/9/2013 10:10:17 AM][DEBUG][clSchoolYear][LoadAllSchoolYear][00000000-0000-0000-0000-000000000000] Debug LoadAllSchoolYear Method
[7/9/2013 10:10:36 AM][INFO][clSchool][LoadAllSchool][00000000-0000-0000-0000-000000000000] LoadAllSchool method called
[7/9/2013 10:10:36 AM][DEBUG][clSchool][LoadAllSchool][00000000-0000-0000-0000-000000000000] Debug LoadAllSchool called
[7/9/2013 10:10:37 AM][INFO][clSchool][LoadAllSchool][00000000-0000-0000-0000-000000000000] LoadAllSchool method called
[7/9/2013 10:10:37 AM][DEBUG][clSchool][LoadAllSchool][00000000-0000-0000-0000-000000000000] Debug LoadAllSchool called
[7/9/2013 10:10:47 AM][INFO][clStaff][LoadStaffDetailsByUserNameAndPassword][00000000-0000-0000-0000-000000000000] Execute LoadStaffDetailsByUserNameAndPassword Method
[7/9/2013 10:10:47 AM][DEBUG][clStaff][LoadStaffDetailsByUserNameAndPassword][00000000-0000-0000-0000-000000000000] Debug LoadStaffDetailsByUserNameAndPassword Method
[7/9/2013 10:10:47 AM][INFO][clSchoolYear][LoadAllSchoolYear][00000000-0000-0000-0000-000000000000] Execute LoadAllSchoolYear Method
[7/9/2013 10:10:47 AM][DEBUG][clSchoolYear][LoadAllSchoolYear][00000000-0000-0000-0000-000000000000] Debug LoadAllSchoolYear Method
[7/9/2013 10:10:50 AM][INFO][clLedgerOfFamily][LoadChildFamilyWiseTranDateAmount][00000000-0000-0000-0000-000000000000] Execute LoadChildFamilyWiseTranDateAmount Method
[7/9/2013 10:10:50 AM][DEBUG][clLedgerOfFamily][LoadChildFamilyWiseTranDateAmount][00000000-0000-0000-0000-000000000000] Debug LoadChildFamilyWiseTranDateAmount Method
[7/9/2013 10:10:50 AM][INFO][clSchoolYear][LoadAllSchoolYear][00000000-0000-0000-0000-000000000000] Execute LoadAllSchoolYear Method
[7/9/2013 10:10:50 AM][DEBUG][clSchoolYear][LoadAllSchoolYear][00000000-0000-0000-0000-000000000000] Debug LoadAllSchoolYear Method
[7/9/2013 10:11:09 AM][INFO][clLedgerOfFamily][LoadChildFamilyWiseTranDateAmount][00000000-0000-0000-0000-000000000000] Execute LoadChildFamilyWiseTranDateAmount Method
[7/9/2013 10:11:09 AM][DEBUG][clLedgerOfFamily][LoadChildFamilyWiseTranDateAmount][00000000-0000-0000-0000-000000000000] Debug LoadChildFamilyWiseTranDateAmount Method
[7/9/2013 10:11:09 AM][INFO][clSchoolYear][LoadAllSchoolYear][00000000-0000-0000-0000-000000000000] Execute LoadAllSchoolYear Method
[7/9/2013 10:11:09 AM][DEBUG][clSchoolYear][LoadAllSchoolYear][00000000-0000-0000-0000-000000000000] Debug LoadAllSchoolYear Method
[7/9/2013 10:11:18 AM][INFO][clLedgerOfFamily][LoadChildFamilyWiseTranDateAmount][00000000-0000-0000-0000-000000000000] Execute LoadChildFamilyWiseTranDateAmount Method
[7/9/2013 10:11:18 AM][DEBUG][clLedgerOfFamily][LoadChildFamilyWiseTranDateAmount][00000000-0000-0000-0000-000000000000] Debug LoadChildFamilyWiseTranDateAmount Method
[7/9/2013 10:11:18 AM][INFO][clSchoolYear][LoadAllSchoolYear][00000000-0000-0000-0000-000000000000] Execute LoadAllSchoolYear Method
[7/9/2013 10:11:18 AM][DEBUG][clSchoolYear][LoadAllSchoolYear][00000000-0000-0000-0000-000000000000] Debug LoadAllSchoolYear Method
[7/9/2013 10:12:38 AM][INFO][clSchool][LoadAllSchool][00000000-0000-0000-0000-000000000000] LoadAllSchool method called
[7/9/2013 10:12:38 AM][DEBUG][clSchool][LoadAllSchool][00000000-0000-0000-0000-000000000000] Debug LoadAllSchool called
[7/9/2013 10:12:47 AM][INFO][clStaff][LoadStaffDetailsByUserNameAndPassword][00000000-0000-0000-0000-000000000000] Execute LoadStaffDetailsByUserNameAndPassword Method
[7/9/2013 10:12:47 AM][DEBUG][clStaff][LoadStaffDetailsByUserNameAndPassword][00000000-0000-0000-0000-000000000000] Debug LoadStaffDetailsByUserNameAndPassword Method
[7/9/2013 10:12:51 AM][INFO][clSchoolYear][LoadAllSchoolYear][00000000-0000-0000-0000-000000000000] Execute LoadAllSchoolYear Method
[7/9/2013 10:12:51 AM][DEBUG][clSchoolYear][LoadAllSchoolYear][00000000-0000-0000-0000-000000000000] Debug LoadAllSchoolYear Method
[7/9/2013 10:12:55 AM][INFO][clLedgerOfFamily][LoadChildFamilyWiseTranDateAmount][00000000-0000-0000-0000-000000000000] Execute LoadChildFamilyWiseTranDateAmount Method
[7/9/2013 10:12:55 AM][DEBUG][clLedgerOfFamily][LoadChildFamilyWiseTranDateAmount][00000000-0000-0000-0000-000000000000] Debug LoadChildFamilyWiseTranDateAmount Method
[7/9/2013 10:12:55 AM][INFO][clSchoolYear][LoadAllSchoolYear][00000000-0000-0000-0000-000000000000] Execute LoadAllSchoolYear Method
[7/9/2013 10:12:55 AM][DEBUG][clSchoolYear][LoadAllSchoolYear][00000000-0000-0000-0000-000000000000] Debug LoadAllSchoolYear Method
[7/9/2013 10:20:15 AM][INFO][clSchool][LoadAllSchool][00000000-0000-0000-0000-000000000000] LoadAllSchool method called
[7/9/2013 10:20:15 AM][DEBUG][clSchool][LoadAllSchool][00000000-0000-0000-0000-000000000000] Debug LoadAllSchool called
[7/9/2013 10:20:23 AM][INFO][clStaff][LoadStaffDetailsByUserNameAndPassword][00000000-0000-0000-0000-000000000000] Execute LoadStaffDetailsByUserNameAndPassword Method
[7/9/2013 10:20:23 AM][DEBUG][clStaff][LoadStaffDetailsByUserNameAndPassword][00000000-0000-0000-0000-000000000000] Debug LoadStaffDetailsByUserNameAndPassword Method
[7/9/2013 10:20:27 AM][INFO][clSchoolYear][LoadAllSchoolYear][00000000-0000-0000-0000-000000000000] Execute LoadAllSchoolYear Method
[7/9/2013 10:20:27 AM][DEBUG][clSchoolYear][LoadAllSchoolYear][00000000-0000-0000-0000-000000000000] Debug LoadAllSchoolYear Method
[7/9/2013 10:20:31 AM][INFO][clClassRoom][LoadClassRoom][00000000-0000-0000-0000-000000000000] Execute LoadClassRoom Method
[7/9/2013 10:20:31 AM][DEBUG][clClassRoom][LoadClassRoom][00000000-0000-0000-0000-000000000000] Debug LoadClassRoom Method
[7/9/2013 10:20:31 AM][INFO][clAddEditChild][Save][00000000-0000-0000-0000-000000000000] Execute Save Method
[7/9/2013 10:20:31 AM][DEBUG][clAddEditChild][LoadChildFamily][00000000-0000-0000-0000-000000000000] Debug LoadChildFamily Method
[7/9/2013 10:20:31 AM][INFO][clSchoolYear][LoadAllSchoolYear][00000000-0000-0000-0000-000000000000] Execute LoadAllSchoolYear Method
[7/9/2013 10:20:31 AM][DEBUG][clSchoolYear][LoadAllSchoolYear][00000000-0000-0000-0000-000000000000] Debug LoadAllSchoolYear Method
[7/9/2013 10:20:38 AM][INFO][clLedgerOfFamily][LoadChildFamilyWiseTranDateAmount][00000000-0000-0000-0000-000000000000] Execute LoadChildFamilyWiseTranDateAmount Method
[7/9/2013 10:20:38 AM][DEBUG][clLedgerOfFamily][LoadChildFamilyWiseTranDateAmount][00000000-0000-0000-0000-000000000000] Debug LoadChildFamilyWiseTranDateAmount Method
[7/9/2013 10:21:12 AM][INFO][clSchoolYear][LoadAllSchoolYear][00000000-0000-0000-0000-000000000000] Execute LoadAllSchoolYear Method
[7/9/2013 10:21:12 AM][DEBUG][clSchoolYear][LoadAllSchoolYear][00000000-0000-0000-0000-000000000000] Debug LoadAllSchoolYear Method
[7/9/2013 10:22:57 AM][INFO][clSchool][LoadAllSchool][00000000-0000-0000-0000-000000000000] LoadAllSchool method called
[7/9/2013 10:22:57 AM][DEBUG][clSchool][LoadAllSchool][00000000-0000-0000-0000-000000000000] Debug LoadAllSchool called
[7/9/2013 10:23:04 AM][INFO][clStaff][LoadStaffDetailsByUserNameAndPassword][00000000-0000-0000-0000-000000000000] Execute LoadStaffDetailsByUserNameAndPassword Method
[7/9/2013 10:23:04 AM][DEBUG][clStaff][LoadStaffDetailsByUserNameAndPassword][00000000-0000-0000-0000-000000000000] Debug LoadStaffDetailsByUserNameAndPassword Method
[7/9/2013 10:23:08 AM][INFO][clSchoolYear][LoadAllSchoolYear][00000000-0000-0000-0000-000000000000] Execute LoadAllSchoolYear Method
[7/9/2013 10:23:08 AM][DEBUG][clSchoolYear][LoadAllSchoolYear][00000000-0000-0000-0000-000000000000] Debug LoadAllSchoolYear Method
[7/9/2013 10:23:12 AM][INFO][clLedgerOfFamily][LoadChildFamilyWiseTranDateAmount][00000000-0000-0000-0000-000000000000] Execute LoadChildFamilyWiseTranDateAmount Method
[7/9/2013 10:23:12 AM][DEBUG][clLedgerOfFamily][LoadChildFamilyWiseTranDateAmount][00000000-0000-0000-0000-000000000000] Debug LoadChildFamilyWiseTranDateAmount Method
[7/9/2013 10:23:12 AM][INFO][clSchoolYear][LoadAllSchoolYear][00000000-0000-0000-0000-000000000000] Execute LoadAllSchoolYear Method
[7/9/2013 10:23:12 AM][DEBUG][clSchoolYear][LoadAllSchoolYear][00000000-0000-0000-0000-000000000000] Debug LoadAllSchoolYear Method
[7/9/2013 10:23:49 AM][INFO][Ledger][GetChildProgEnrollmentFeeDetail][00000000-0000-0000-0000-000000000000] GetChildProgEnrollmentFeeDetail method called
[7/9/2013 10:23:49 AM][DEBUG][Ledger][GetChildProgEnrollmentFeeDetail][00000000-0000-0000-0000-000000000000] Debug GetChildProgEnrollmentFeeDetail called
[7/9/2013 10:23:49 AM][INFO][clLedger][GetChildProgEnrollmentFeeDetail][00000000-0000-0000-0000-000000000000] GetChildProgEnrollmentFeeDetail method called
[7/9/2013 10:23:49 AM][DEBUG][clLedger][GetChildProgEnrollmentFeeDetail][00000000-0000-0000-0000-000000000000] Debug GetChildProgEnrollmentFeeDetail called
[7/9/2013 10:23:49 AM][INFO][clLedger][GetLastTransactionDate][00000000-0000-0000-0000-000000000000] GetLastTransactionDate method called
[7/9/2013 10:23:49 AM][DEBUG][clLedger][GetLastTransactionDate][00000000-0000-0000-0000-000000000000] Debug GetLastTransactionDate called
[7/9/2013 10:23:49 AM][INFO][clLedger][GetLastTransactionDate][00000000-0000-0000-0000-000000000000] GetLastTransactionDate method called
[7/9/2013 10:23:49 AM][DEBUG][clLedger][GetLastTransactionDate][00000000-0000-0000-0000-000000000000] Debug GetLastTransactionDate called
[7/9/2013 10:23:49 AM][INFO][clLedger][GetLastTransactionDate][00000000-0000-0000-0000-000000000000] GetLastTransactionDate method called
[7/9/2013 10:23:49 AM][DEBUG][clLedger][GetLastTransactionDate][00000000-0000-0000-0000-000000000000] Debug GetLastTransactionDate called
[7/9/2013 10:24:39 AM][INFO][Ledger][GetChildProgEnrollmentFeeDetail][00000000-0000-0000-0000-000000000000] GetChildProgEnrollmentFeeDetail method called
[7/9/2013 10:24:39 AM][DEBUG][Ledger][GetChildProgEnrollmentFeeDetail][00000000-0000-0000-0000-000000000000] Debug GetChildProgEnrollmentFeeDetail called
[7/9/2013 10:24:39 AM][INFO][clLedger][GetChildProgEnrollmentFeeDetail][00000000-0000-0000-0000-000000000000] GetChildProgEnrollmentFeeDetail method called
[7/9/2013 10:24:39 AM][DEBUG][clLedger][GetChildProgEnrollmentFeeDetail][00000000-0000-0000-0000-000000000000] Debug GetChildProgEnrollmentFeeDetail called
[7/9/2013 10:24:39 AM][INFO][clLedger][GetLastTransactionDate][00000000-0000-0000-0000-000000000000] GetLastTransactionDate method called
[7/9/2013 10:24:39 AM][DEBUG][clLedger][GetLastTransactionDate][00000000-0000-0000-0000-000000000000] Debug GetLastTransactionDate called
[7/9/2013 10:24:39 AM][INFO][clLedger][GetLastTransactionDate][00000000-0000-0000-0000-000000000000] GetLastTransactionDate method called
[7/9/2013 10:24:39 AM][DEBUG][clLedger][GetLastTransactionDate][00000000-0000-0000-0000-000000000000] Debug GetLastTransactionDate called
[7/9/2013 10:24:39 AM][INFO][clLedger][GetLastTransactionDate][00000000-0000-0000-0000-000000000000] GetLastTransactionDate method called
[7/9/2013 10:24:39 AM][DEBUG][clLedger][GetLastTransactionDate][00000000-0000-0000-0000-000000000000] Debug GetLastTransactionDate called
[7/9/2013 10:25:00 AM][INFO][Ledger][GetChildProgEnrollmentFeeDetail][00000000-0000-0000-0000-000000000000] GetChildProgEnrollmentFeeDetail method called
[7/9/2013 10:25:00 AM][DEBUG][Ledger][GetChildProgEnrollmentFeeDetail][00000000-0000-0000-0000-000000000000] Debug GetChildProgEnrollmentFeeDetail called
[7/9/2013 10:25:00 AM][INFO][clLedger][GetChildProgEnrollmentFeeDetail][00000000-0000-0000-0000-000000000000] GetChildProgEnrollmentFeeDetail method called
[7/9/2013 10:25:00 AM][DEBUG][clLedger][GetChildProgEnrollmentFeeDetail][00000000-0000-0000-0000-000000000000] Debug GetChildProgEnrollmentFeeDetail called
[7/9/2013 10:25:00 AM][INFO][clLedger][GetLastTransactionDate][00000000-0000-0000-0000-000000000000] GetLastTransactionDate method called
[7/9/2013 10:25:00 AM][DEBUG][clLedger][GetLastTransactionDate][00000000-0000-0000-0000-000000000000] Debug GetLastTransactionDate called
[7/9/2013 10:25:00 AM][INFO][clLedger][GetLastTransactionDate][00000000-0000-0000-0000-000000000000] GetLastTransactionDate method called
[7/9/2013 10:25:00 AM][DEBUG][clLedger][GetLastTransactionDate][00000000-0000-0000-0000-000000000000] Debug GetLastTransactionDate called
[7/9/2013 10:25:00 AM][INFO][clLedger][GetLastTransactionDate][00000000-0000-0000-0000-000000000000] GetLastTransactionDate method called
[7/9/2013 10:25:00 AM][DEBUG][clLedger][GetLastTransactionDate][00000000-0000-0000-0000-000000000000] Debug GetLastTransactionDate called
[7/9/2013 10:25:09 AM][INFO][clSchoolYear][LoadAllSchoolYear][00000000-0000-0000-0000-000000000000] Execute LoadAllSchoolYear Method
[7/9/2013 10:25:09 AM][DEBUG][clSchoolYear][LoadAllSchoolYear][00000000-0000-0000-0000-000000000000] Debug LoadAllSchoolYear Method
[7/9/2013 10:25:09 AM][INFO][clSchoolYear][LoadSchoolYear][00000000-0000-0000-0000-000000000000] Execute LoadSchoolYear Method
[7/9/2013 10:25:09 AM][DEBUG][clSchoolYear][LoadSchoolYear][00000000-0000-0000-0000-000000000000] Debug LoadSchoolYear Method
[7/9/2013 10:25:10 AM][INFO][clSchoolYear][IsSelectedYear_Current_NextYearORPrevYear][00000000-0000-0000-0000-000000000000] Execute IsSelectedYear_Current_NextYearORPrevYear Method
[7/9/2013 10:25:10 AM][DEBUG][clSchoolYear][IsSelectedYear_Current_NextYearORPrevYear][00000000-0000-0000-0000-000000000000] Debug IsSelectedYear_Current_NextYearORPrevYear Method
[7/9/2013 10:25:10 AM][INFO][clSchoolYear][IsSelectedYear_Current_NextYearORPrevYear][00000000-0000-0000-0000-000000000000] Execute IsSelectedYear_Current_NextYearORPrevYear Method
[7/9/2013 10:25:10 AM][DEBUG][clSchoolYear][IsSelectedYear_Current_NextYearORPrevYear][00000000-0000-0000-0000-000000000000] Debug IsSelectedYear_Current_NextYearORPrevYear Method
[7/9/2013 10:25:10 AM][INFO][clSchoolYear][IsSelectedYear_Current_NextYearORPrevYear][00000000-0000-0000-0000-000000000000] Execute IsSelectedYear_Current_NextYearORPrevYear Method
[7/9/2013 10:25:10 AM][DEBUG][clSchoolYear][IsSelectedYear_Current_NextYearORPrevYear][00000000-0000-0000-0000-000000000000] Debug IsSelectedYear_Current_NextYearORPrevYear Method
[7/9/2013 10:25:10 AM][INFO][clSchoolYear][IsSelectedYear_Current_NextYearORPrevYear][00000000-0000-0000-0000-000000000000] Execute IsSelectedYear_Current_NextYearORPrevYear Method
[7/9/2013 10:25:10 AM][DEBUG][clSchoolYear][IsSelectedYear_Current_NextYearORPrevYear][00000000-0000-0000-0000-000000000000] Debug IsSelectedYear_Current_NextYearORPrevYear Method
[7/9/2013 10:25:15 AM][INFO][clLedgerOfFamily][LoadChildFamilyWiseTranDateAmount][00000000-0000-0000-0000-000000000000] Execute LoadChildFamilyWiseTranDateAmount Method
[7/9/2013 10:25:15 AM][DEBUG][clLedgerOfFamily][LoadChildFamilyWiseTranDateAmount][00000000-0000-0000-0000-000000000000] Debug LoadChildFamilyWiseTranDateAmount Method
[7/9/2013 10:25:15 AM][INFO][clSchoolYear][LoadAllSchoolYear][00000000-0000-0000-0000-000000000000] Execute LoadAllSchoolYear Method
[7/9/2013 10:25:15 AM][DEBUG][clSchoolYear][LoadAllSchoolYear][00000000-0000-0000-0000-000000000000] Debug LoadAllSchoolYear Method
[7/9/2013 10:36:31 AM][INFO][clLedgerOfFamily][LoadChildFamilyWiseTranDateAmount][00000000-0000-0000-0000-000000000000] Execute LoadChildFamilyWiseTranDateAmount Method
[7/9/2013 10:36:31 AM][DEBUG][clLedgerOfFamily][LoadChildFamilyWiseTranDateAmount][00000000-0000-0000-0000-000000000000] Debug LoadChildFamilyWiseTranDateAmount Method
[7/9/2013 10:36:39 AM][INFO][clSchoolYear][LoadAllSchoolYear][00000000-0000-0000-0000-000000000000] Execute LoadAllSchoolYear Method
[7/9/2013 10:36:39 AM][DEBUG][clSchoolYear][LoadAllSchoolYear][00000000-0000-0000-0000-000000000000] Debug LoadAllSchoolYear Method
[7/9/2013 10:36:43 AM][INFO][clSchoolYear][LoadAllSchoolYear][00000000-0000-0000-0000-000000000000] Execute LoadAllSchoolYear Method
[7/9/2013 10:36:43 AM][DEBUG][clSchoolYear][LoadAllSchoolYear][00000000-0000-0000-0000-000000000000] Debug LoadAllSchoolYear Method
[7/9/2013 10:36:43 AM][INFO][clSchoolYear][LoadSchoolYear][00000000-0000-0000-0000-000000000000] Execute LoadSchoolYear Method
[7/9/2013 10:36:43 AM][DEBUG][clSchoolYear][LoadSchoolYear][00000000-0000-0000-0000-000000000000] Debug LoadSchoolYear Method
[7/9/2013 10:36:43 AM][INFO][clSchoolYear][IsSelectedYear_Current_NextYearORPrevYear][00000000-0000-0000-0000-000000000000] Execute IsSelectedYear_Current_NextYearORPrevYear Method
[7/9/2013 10:36:43 AM][DEBUG][clSchoolYear][IsSelectedYear_Current_NextYearORPrevYear][00000000-0000-0000-0000-000000000000] Debug IsSelectedYear_Current_NextYearORPrevYear Method
[7/9/2013 10:36:43 AM][INFO][clSchoolYear][IsSelectedYear_Current_NextYearORPrevYear][00000000-0000-0000-0000-000000000000] Execute IsSelectedYear_Current_NextYearORPrevYear Method
[7/9/2013 10:36:43 AM][DEBUG][clSchoolYear][IsSelectedYear_Current_NextYearORPrevYear][00000000-0000-0000-0000-000000000000] Debug IsSelectedYear_Current_NextYearORPrevYear Method
[7/9/2013 10:36:43 AM][INFO][clSchoolYear][IsSelectedYear_Current_NextYearORPrevYear][00000000-0000-0000-0000-000000000000] Execute IsSelectedYear_Current_NextYearORPrevYear Method
[7/9/2013 10:36:43 AM][DEBUG][clSchoolYear][IsSelectedYear_Current_NextYearORPrevYear][00000000-0000-0000-0000-000000000000] Debug IsSelectedYear_Current_NextYearORPrevYear Method
[7/9/2013 10:36:43 AM][INFO][clSchoolYear][IsSelectedYear_Current_NextYearORPrevYear][00000000-0000-0000-0000-000000000000] Execute IsSelectedYear_Current_NextYearORPrevYear Method
[7/9/2013 10:36:43 AM][DEBUG][clSchoolYear][IsSelectedYear_Current_NextYearORPrevYear][00000000-0000-0000-0000-000000000000] Debug IsSelectedYear_Current_NextYearORPrevYear Method
[7/9/2013 10:36:47 AM][INFO][clLedgerOfFamily][LoadChildFamilyWiseTranDateAmount][00000000-0000-0000-0000-000000000000] Execute LoadChildFamilyWiseTranDateAmount Method
[7/9/2013 10:36:47 AM][DEBUG][clLedgerOfFamily][LoadChildFamilyWiseTranDateAmount][00000000-0000-0000-0000-000000000000] Debug LoadChildFamilyWiseTranDateAmount Method
[7/9/2013 10:36:47 AM][INFO][clSchoolYear][LoadAllSchoolYear][00000000-0000-0000-0000-000000000000] Execute LoadAllSchoolYear Method
[7/9/2013 10:36:47 AM][DEBUG][clSchoolYear][LoadAllSchoolYear][00000000-0000-0000-0000-000000000000] Debug LoadAllSchoolYear Method
[7/9/2013 10:37:26 AM][INFO][clClassRoom][LoadClassRoom][00000000-0000-0000-0000-000000000000] Execute LoadClassRoom Method
[7/9/2013 10:37:26 AM][DEBUG][clClassRoom][LoadClassRoom][00000000-0000-0000-0000-000000000000] Debug LoadClassRoom Method
[7/9/2013 10:37:26 AM][INFO][clAddEditChild][Save][00000000-0000-0000-0000-000000000000] Execute Save Method
[7/9/2013 10:37:26 AM][DEBUG][clAddEditChild][LoadChildFamily][00000000-0000-0000-0000-000000000000] Debug LoadChildFamily Method
[7/9/2013 10:37:26 AM][INFO][clSchoolYear][LoadAllSchoolYear][00000000-0000-0000-0000-000000000000] Execute LoadAllSchoolYear Method
[7/9/2013 10:37:26 AM][DEBUG][clSchoolYear][LoadAllSchoolYear][00000000-0000-0000-0000-000000000000] Debug LoadAllSchoolYear Method
[7/9/2013 10:37:30 AM][INFO][clLedgerOfFamily][LoadChildFamilyWiseTranDateAmount][00000000-0000-0000-0000-000000000000] Execute LoadChildFamilyWiseTranDateAmount Method
[7/9/2013 10:37:30 AM][DEBUG][clLedgerOfFamily][LoadChildFamilyWiseTranDateAmount][00000000-0000-0000-0000-000000000000] Debug LoadChildFamilyWiseTranDateAmount Method
[7/9/2013 10:37:30 AM][INFO][clSchoolYear][LoadAllSchoolYear][00000000-0000-0000-0000-000000000000] Execute LoadAllSchoolYear Method
[7/9/2013 10:37:30 AM][DEBUG][clSchoolYear][LoadAllSchoolYear][00000000-0000-0000-0000-000000000000] Debug LoadAllSchoolYear Method
[7/9/2013 10:38:04 AM][INFO][clLedgerOfFamily][LoadChildFamilyWiseTranDateAmount][00000000-0000-0000-0000-000000000000] Execute LoadChildFamilyWiseTranDateAmount Method
[7/9/2013 10:38:04 AM][DEBUG][clLedgerOfFamily][LoadChildFamilyWiseTranDateAmount][00000000-0000-0000-0000-000000000000] Debug LoadChildFamilyWiseTranDateAmount Method
[7/9/2013 10:38:04 AM][INFO][clSchoolYear][LoadAllSchoolYear][00000000-0000-0000-0000-000000000000] Execute LoadAllSchoolYear Method
[7/9/2013 10:38:04 AM][DEBUG][clSchoolYear][LoadAllSchoolYear][00000000-0000-0000-0000-000000000000] Debug LoadAllSchoolYear Method
[7/9/2013 10:38:22 AM][INFO][clLedgerOfFamily][LoadChildFamilyWiseTranDateAmount][00000000-0000-0000-0000-000000000000] Execute LoadChildFamilyWiseTranDateAmount Method
[7/9/2013 10:38:22 AM][DEBUG][clLedgerOfFamily][LoadChildFamilyWiseTranDateAmount][00000000-0000-0000-0000-000000000000] Debug LoadChildFamilyWiseTranDateAmount Method
[7/9/2013 10:38:22 AM][INFO][clSchoolYear][LoadAllSchoolYear][00000000-0000-0000-0000-000000000000] Execute LoadAllSchoolYear Method
[7/9/2013 10:38:22 AM][DEBUG][clSchoolYear][LoadAllSchoolYear][00000000-0000-0000-0000-000000000000] Debug LoadAllSchoolYear Method
[7/9/2013 10:39:35 AM][INFO][clSchool][LoadAllSchool][00000000-0000-0000-0000-000000000000] LoadAllSchool method called
[7/9/2013 10:39:35 AM][DEBUG][clSchool][LoadAllSchool][00000000-0000-0000-0000-000000000000] Debug LoadAllSchool called
[7/9/2013 10:45:38 AM][INFO][clStaff][LoadStaffDetailsByUserNameAndPassword][00000000-0000-0000-0000-000000000000] Execute LoadStaffDetailsByUserNameAndPassword Method
[7/9/2013 10:45:38 AM][DEBUG][clStaff][LoadStaffDetailsByUserNameAndPassword][00000000-0000-0000-0000-000000000000] Debug LoadStaffDetailsByUserNameAndPassword Method
[7/9/2013 10:45:44 AM][INFO][clSchoolYear][LoadAllSchoolYear][00000000-0000-0000-0000-000000000000] Execute LoadAllSchoolYear Method
[7/9/2013 10:45:44 AM][DEBUG][clSchoolYear][LoadAllSchoolYear][00000000-0000-0000-0000-000000000000] Debug LoadAllSchoolYear Method
[7/9/2013 10:45:52 AM][INFO][clLedgerOfFamily][LoadChildFamilyWiseTranDateAmount][00000000-0000-0000-0000-000000000000] Execute LoadChildFamilyWiseTranDateAmount Method
[7/9/2013 10:45:52 AM][DEBUG][clLedgerOfFamily][LoadChildFamilyWiseTranDateAmount][00000000-0000-0000-0000-000000000000] Debug LoadChildFamilyWiseTranDateAmount Method
[7/9/2013 10:45:52 AM][INFO][clSchoolYear][LoadAllSchoolYear][00000000-0000-0000-0000-000000000000] Execute LoadAllSchoolYear Method
[7/9/2013 10:45:52 AM][DEBUG][clSchoolYear][LoadAllSchoolYear][00000000-0000-0000-0000-000000000000] Debug LoadAllSchoolYear Method
[7/9/2013 10:45:55 AM][INFO][clLedgerOfFamily][LoadChildFamilyWiseTranDateAmount][00000000-0000-0000-0000-000000000000] Execute LoadChildFamilyWiseTranDateAmount Method
[7/9/2013 10:45:55 AM][DEBUG][clLedgerOfFamily][LoadChildFamilyWiseTranDateAmount][00000000-0000-0000-0000-000000000000] Debug LoadChildFamilyWiseTranDateAmount Method
[7/9/2013 10:45:55 AM][INFO][clSchoolYear][LoadAllSchoolYear][00000000-0000-0000-0000-000000000000] Execute LoadAllSchoolYear Method
[7/9/2013 10:45:55 AM][DEBUG][clSchoolYear][LoadAllSchoolYear][00000000-0000-0000-0000-000000000000] Debug LoadAllSchoolYear Method
[7/9/2013 10:46:15 AM][INFO][clLedgerOfFamily][LoadChildFamilyWiseTranDateAmount][00000000-0000-0000-0000-000000000000] Execute LoadChildFamilyWiseTranDateAmount Method
[7/9/2013 10:46:15 AM][DEBUG][clLedgerOfFamily][LoadChildFamilyWiseTranDateAmount][00000000-0000-0000-0000-000000000000] Debug LoadChildFamilyWiseTranDateAmount Method
[7/9/2013 10:46:15 AM][INFO][clSchoolYear][LoadAllSchoolYear][00000000-0000-0000-0000-000000000000] Execute LoadAllSchoolYear Method
[7/9/2013 10:46:15 AM][DEBUG][clSchoolYear][LoadAllSchoolYear][00000000-0000-0000-0000-000000000000] Debug LoadAllSchoolYear Method
[7/9/2013 10:46:47 AM][INFO][clLedgerOfFamily][LoadChildFamilyWiseTranDateAmount][00000000-0000-0000-0000-000000000000] Execute LoadChildFamilyWiseTranDateAmount Method
[7/9/2013 10:46:47 AM][DEBUG][clLedgerOfFamily][LoadChildFamilyWiseTranDateAmount][00000000-0000-0000-0000-000000000000] Debug LoadChildFamilyWiseTranDateAmount Method
[7/9/2013 10:46:47 AM][INFO][clSchoolYear][LoadAllSchoolYear][00000000-0000-0000-0000-000000000000] Execute LoadAllSchoolYear Method
[7/9/2013 10:46:47 AM][DEBUG][clSchoolYear][LoadAllSchoolYear][00000000-0000-0000-0000-000000000000] Debug LoadAllSchoolYear Method
[7/9/2013 10:54:37 AM][INFO][clSchool][LoadAllSchool][00000000-0000-0000-0000-000000000000] LoadAllSchool method called
[7/9/2013 10:54:37 AM][DEBUG][clSchool][LoadAllSchool][00000000-0000-0000-0000-000000000000] Debug LoadAllSchool called
[7/9/2013 10:56:32 AM][INFO][clStaff][LoadStaffDetailsByUserNameAndPassword][00000000-0000-0000-0000-000000000000] Execute LoadStaffDetailsByUserNameAndPassword Method
[7/9/2013 10:56:32 AM][DEBUG][clStaff][LoadStaffDetailsByUserNameAndPassword][00000000-0000-0000-0000-000000000000] Debug LoadStaffDetailsByUserNameAndPassword Method
[7/9/2013 10:56:36 AM][INFO][clSchoolYear][LoadAllSchoolYear][00000000-0000-0000-0000-000000000000] Execute LoadAllSchoolYear Method
[7/9/2013 10:56:36 AM][DEBUG][clSchoolYear][LoadAllSchoolYear][00000000-0000-0000-0000-000000000000] Debug LoadAllSchoolYear Method
[7/9/2013 10:56:40 AM][INFO][clLedgerOfFamily][LoadChildFamilyWiseTranDateAmount][00000000-0000-0000-0000-000000000000] Execute LoadChildFamilyWiseTranDateAmount Method
[7/9/2013 10:56:40 AM][DEBUG][clLedgerOfFamily][LoadChildFamilyWiseTranDateAmount][00000000-0000-0000-0000-000000000000] Debug LoadChildFamilyWiseTranDateAmount Method
[7/9/2013 10:56:40 AM][INFO][clSchoolYear][LoadAllSchoolYear][00000000-0000-0000-0000-000000000000] Execute LoadAllSchoolYear Method
[7/9/2013 10:56:40 AM][DEBUG][clSchoolYear][LoadAllSchoolYear][00000000-0000-0000-0000-000000000000] Debug LoadAllSchoolYear Method
[7/9/2013 10:59:23 AM][INFO][clLedgerOfFamily][LoadChildFamilyWiseTranDateAmount][00000000-0000-0000-0000-000000000000] Execute LoadChildFamilyWiseTranDateAmount Method
[7/9/2013 10:59:23 AM][DEBUG][clLedgerOfFamily][LoadChildFamilyWiseTranDateAmount][00000000-0000-0000-0000-000000000000] Debug LoadChildFamilyWiseTranDateAmount Method
[7/9/2013 10:59:23 AM][INFO][clSchoolYear][LoadAllSchoolYear][00000000-0000-0000-0000-000000000000] Execute LoadAllSchoolYear Method
[7/9/2013 10:59:23 AM][DEBUG][clSchoolYear][LoadAllSchoolYear][00000000-0000-0000-0000-000000000000] Debug LoadAllSchoolYear Method
[7/9/2013 11:01:22 AM][INFO][clSchool][LoadAllSchool][00000000-0000-0000-0000-000000000000] LoadAllSchool method called
[7/9/2013 11:01:22 AM][DEBUG][clSchool][LoadAllSchool][00000000-0000-0000-0000-000000000000] Debug LoadAllSchool called
[7/9/2013 11:01:36 AM][INFO][clStaff][LoadStaffDetailsByUserNameAndPassword][00000000-0000-0000-0000-000000000000] Execute LoadStaffDetailsByUserNameAndPassword Method
[7/9/2013 11:01:36 AM][DEBUG][clStaff][LoadStaffDetailsByUserNameAndPassword][00000000-0000-0000-0000-000000000000] Debug LoadStaffDetailsByUserNameAndPassword Method
[7/9/2013 11:01:39 AM][INFO][clSchoolYear][LoadAllSchoolYear][00000000-0000-0000-0000-000000000000] Execute LoadAllSchoolYear Method
[7/9/2013 11:01:39 AM][DEBUG][clSchoolYear][LoadAllSchoolYear][00000000-0000-0000-0000-000000000000] Debug LoadAllSchoolYear Method
[7/9/2013 11:01:43 AM][INFO][clLedgerOfFamily][LoadChildFamilyWiseTranDateAmount][00000000-0000-0000-0000-000000000000] Execute LoadChildFamilyWiseTranDateAmount Method
[7/9/2013 11:01:43 AM][DEBUG][clLedgerOfFamily][LoadChildFamilyWiseTranDateAmount][00000000-0000-0000-0000-000000000000] Debug LoadChildFamilyWiseTranDateAmount Method
[7/9/2013 11:01:43 AM][INFO][clSchoolYear][LoadAllSchoolYear][00000000-0000-0000-0000-000000000000] Execute LoadAllSchoolYear Method
[7/9/2013 11:01:43 AM][DEBUG][clSchoolYear][LoadAllSchoolYear][00000000-0000-0000-0000-000000000000] Debug LoadAllSchoolYear Method
[7/9/2013 11:01:56 AM][INFO][clLedgerOfFamily][LoadChildFamilyWiseTranDateAmount][00000000-0000-0000-0000-000000000000] Execute LoadChildFamilyWiseTranDateAmount Method
[7/9/2013 11:01:56 AM][DEBUG][clLedgerOfFamily][LoadChildFamilyWiseTranDateAmount][00000000-0000-0000-0000-000000000000] Debug LoadChildFamilyWiseTranDateAmount Method
[7/9/2013 11:01:56 AM][INFO][clSchoolYear][LoadAllSchoolYear][00000000-0000-0000-0000-000000000000] Execute LoadAllSchoolYear Method
[7/9/2013 11:01:56 AM][DEBUG][clSchoolYear][LoadAllSchoolYear][00000000-0000-0000-0000-000000000000] Debug LoadAllSchoolYear Method
[7/9/2013 11:01:59 AM][INFO][clLedgerOfFamily][LoadChildFamilyWiseTranDateAmount][00000000-0000-0000-0000-000000000000] Execute LoadChildFamilyWiseTranDateAmount Method
[7/9/2013 11:01:59 AM][DEBUG][clLedgerOfFamily][LoadChildFamilyWiseTranDateAmount][00000000-0000-0000-0000-000000000000] Debug LoadChildFamilyWiseTranDateAmount Method
[7/9/2013 11:01:59 AM][INFO][clSchoolYear][LoadAllSchoolYear][00000000-0000-0000-0000-000000000000] Execute LoadAllSchoolYear Method
[7/9/2013 11:01:59 AM][DEBUG][clSchoolYear][LoadAllSchoolYear][00000000-0000-0000-0000-000000000000] Debug LoadAllSchoolYear Method
[7/9/2013 12:10:45 PM][INFO][clSchool][LoadAllSchool][00000000-0000-0000-0000-000000000000] LoadAllSchool method called
[7/9/2013 12:10:45 PM][DEBUG][clSchool][LoadAllSchool][00000000-0000-0000-0000-000000000000] Debug LoadAllSchool called
[7/9/2013 12:11:04 PM][INFO][clStaff][LoadStaffDetailsByUserNameAndPassword][00000000-0000-0000-0000-000000000000] Execute LoadStaffDetailsByUserNameAndPassword Method
[7/9/2013 12:11:04 PM][DEBUG][clStaff][LoadStaffDetailsByUserNameAndPassword][00000000-0000-0000-0000-000000000000] Debug LoadStaffDetailsByUserNameAndPassword Method
[7/9/2013 12:11:07 PM][INFO][clSchoolYear][LoadAllSchoolYear][00000000-0000-0000-0000-000000000000] Execute LoadAllSchoolYear Method
[7/9/2013 12:11:07 PM][DEBUG][clSchoolYear][LoadAllSchoolYear][00000000-0000-0000-0000-000000000000] Debug LoadAllSchoolYear Method
[7/9/2013 12:11:11 PM][INFO][clLedgerOfFamily][LoadChildFamilyWiseTranDateAmount][00000000-0000-0000-0000-000000000000] Execute LoadChildFamilyWiseTranDateAmount Method
[7/9/2013 12:11:11 PM][DEBUG][clLedgerOfFamily][LoadChildFamilyWiseTranDateAmount][00000000-0000-0000-0000-000000000000] Debug LoadChildFamilyWiseTranDateAmount Method
[7/9/2013 12:11:11 PM][INFO][clSchoolYear][LoadAllSchoolYear][00000000-0000-0000-0000-000000000000] Execute LoadAllSchoolYear Method
[7/9/2013 12:11:11 PM][DEBUG][clSchoolYear][LoadAllSchoolYear][00000000-0000-0000-0000-000000000000] Debug LoadAllSchoolYear Method
[7/9/2013 12:14:35 PM][INFO][clSchool][LoadAllSchool][00000000-0000-0000-0000-000000000000] LoadAllSchool method called
[7/9/2013 12:14:35 PM][DEBUG][clSchool][LoadAllSchool][00000000-0000-0000-0000-000000000000] Debug LoadAllSchool called
[7/9/2013 12:14:48 PM][INFO][clStaff][LoadStaffDetailsByUserNameAndPassword][00000000-0000-0000-0000-000000000000] Execute LoadStaffDetailsByUserNameAndPassword Method
[7/9/2013 12:14:48 PM][DEBUG][clStaff][LoadStaffDetailsByUserNameAndPassword][00000000-0000-0000-0000-000000000000] Debug LoadStaffDetailsByUserNameAndPassword Method
[7/9/2013 12:14:49 PM][INFO][clSchoolYear][LoadAllSchoolYear][00000000-0000-0000-0000-000000000000] Execute LoadAllSchoolYear Method
[7/9/2013 12:14:49 PM][DEBUG][clSchoolYear][LoadAllSchoolYear][00000000-0000-0000-0000-000000000000] Debug LoadAllSchoolYear Method
[7/9/2013 12:15:15 PM][INFO][clLedgerOfFamily][LoadChildFamilyWiseTranDateAmount][00000000-0000-0000-0000-000000000000] Execute LoadChildFamilyWiseTranDateAmount Method
[7/9/2013 12:15:15 PM][DEBUG][clLedgerOfFamily][LoadChildFamilyWiseTranDateAmount][00000000-0000-0000-0000-000000000000] Debug LoadChildFamilyWiseTranDateAmount Method
[7/9/2013 12:15:15 PM][INFO][clSchoolYear][LoadAllSchoolYear][00000000-0000-0000-0000-000000000000] Execute LoadAllSchoolYear Method
[7/9/2013 12:15:15 PM][DEBUG][clSchoolYear][LoadAllSchoolYear][00000000-0000-0000-0000-000000000000] Debug LoadAllSchoolYear Method
[7/9/2013 12:15:23 PM][INFO][clLedgerOfFamily][LoadChildFamilyWiseTranDateAmount][00000000-0000-0000-0000-000000000000] Execute LoadChildFamilyWiseTranDateAmount Method
[7/9/2013 12:15:23 PM][DEBUG][clLedgerOfFamily][LoadChildFamilyWiseTranDateAmount][00000000-0000-0000-0000-000000000000] Debug LoadChildFamilyWiseTranDateAmount Method
[7/9/2013 12:15:23 PM][INFO][clSchoolYear][LoadAllSchoolYear][00000000-0000-0000-0000-000000000000] Execute LoadAllSchoolYear Method
[7/9/2013 12:15:23 PM][DEBUG][clSchoolYear][LoadAllSchoolYear][00000000-0000-0000-0000-000000000000] Debug LoadAllSchoolYear Method
[7/9/2013 12:15:51 PM][INFO][clLedgerOfFamily][LoadChildFamilyWiseTranDateAmount][00000000-0000-0000-0000-000000000000] Execute LoadChildFamilyWiseTranDateAmount Method
[7/9/2013 12:15:51 PM][DEBUG][clLedgerOfFamily][LoadChildFamilyWiseTranDateAmount][00000000-0000-0000-0000-000000000000] Debug LoadChildFamilyWiseTranDateAmount Method
[7/9/2013 12:15:51 PM][INFO][clSchoolYear][LoadAllSchoolYear][00000000-0000-0000-0000-000000000000] Execute LoadAllSchoolYear Method
[7/9/2013 12:15:51 PM][DEBUG][clSchoolYear][LoadAllSchoolYear][00000000-0000-0000-0000-000000000000] Debug LoadAllSchoolYear Method
[7/9/2013 12:15:56 PM][INFO][clLedgerOfFamily][LoadChildFamilyWiseTranDateAmount][00000000-0000-0000-0000-000000000000] Execute LoadChildFamilyWiseTranDateAmount Method
[7/9/2013 12:15:56 PM][DEBUG][clLedgerOfFamily][LoadChildFamilyWiseTranDateAmount][00000000-0000-0000-0000-000000000000] Debug LoadChildFamilyWiseTranDateAmount Method
[7/9/2013 12:15:56 PM][INFO][clSchoolYear][LoadAllSchoolYear][00000000-0000-0000-0000-000000000000] Execute LoadAllSchoolYear Method
[7/9/2013 12:15:56 PM][DEBUG][clSchoolYear][LoadAllSchoolYear][00000000-0000-0000-0000-000000000000] Debug LoadAllSchoolYear Method
[7/9/2013 12:15:59 PM][INFO][clLedgerOfFamily][LoadChildFamilyWiseTranDateAmount][00000000-0000-0000-0000-000000000000] Execute LoadChildFamilyWiseTranDateAmount Method
[7/9/2013 12:15:59 PM][DEBUG][clLedgerOfFamily][LoadChildFamilyWiseTranDateAmount][00000000-0000-0000-0000-000000000000] Debug LoadChildFamilyWiseTranDateAmount Method
[7/9/2013 12:15:59 PM][INFO][clSchoolYear][LoadAllSchoolYear][00000000-0000-0000-0000-000000000000] Execute LoadAllSchoolYear Method
[7/9/2013 12:15:59 PM][DEBUG][clSchoolYear][LoadAllSchoolYear][00000000-0000-0000-0000-000000000000] Debug LoadAllSchoolYear Method
[7/9/2013 12:15:59 PM][INFO][clLedgerOfFamily][LoadChildFamilyWiseTranDateAmount][00000000-0000-0000-0000-000000000000] Execute LoadChildFamilyWiseTranDateAmount Method
[7/9/2013 12:15:59 PM][DEBUG][clLedgerOfFamily][LoadChildFamilyWiseTranDateAmount][00000000-0000-0000-0000-000000000000] Debug LoadChildFamilyWiseTranDateAmount Method
[7/9/2013 12:15:59 PM][INFO][clSchoolYear][LoadAllSchoolYear][00000000-0000-0000-0000-000000000000] Execute LoadAllSchoolYear Method
[7/9/2013 12:15:59 PM][DEBUG][clSchoolYear][LoadAllSchoolYear][00000000-0000-0000-0000-000000000000] Debug LoadAllSchoolYear Method
[7/9/2013 12:15:59 PM][INFO][clLedgerOfFamily][LoadChildFamilyWiseTranDateAmount][00000000-0000-0000-0000-000000000000] Execute LoadChildFamilyWiseTranDateAmount Method
[7/9/2013 12:15:59 PM][DEBUG][clLedgerOfFamily][LoadChildFamilyWiseTranDateAmount][00000000-0000-0000-0000-000000000000] Debug LoadChildFamilyWiseTranDateAmount Method
[7/9/2013 12:15:59 PM][INFO][clSchoolYear][LoadAllSchoolYear][00000000-0000-0000-0000-000000000000] Execute LoadAllSchoolYear Method
[7/9/2013 12:15:59 PM][DEBUG][clSchoolYear][LoadAllSchoolYear][00000000-0000-0000-0000-000000000000] Debug LoadAllSchoolYear Method
[7/9/2013 12:15:59 PM][INFO][clLedgerOfFamily][LoadChildFamilyWiseTranDateAmount][00000000-0000-0000-0000-000000000000] Execute LoadChildFamilyWiseTranDateAmount Method
[7/9/2013 12:15:59 PM][DEBUG][clLedgerOfFamily][LoadChildFamilyWiseTranDateAmount][00000000-0000-0000-0000-000000000000] Debug LoadChildFamilyWiseTranDateAmount Method
[7/9/2013 12:15:59 PM][INFO][clSchoolYear][LoadAllSchoolYear][00000000-0000-0000-0000-000000000000] Execute LoadAllSchoolYear Method
[7/9/2013 12:15:59 PM][DEBUG][clSchoolYear][LoadAllSchoolYear][00000000-0000-0000-0000-000000000000] Debug LoadAllSchoolYear Method
[7/9/2013 12:15:59 PM][INFO][clLedgerOfFamily][LoadChildFamilyWiseTranDateAmount][00000000-0000-0000-0000-000000000000] Execute LoadChildFamilyWiseTranDateAmount Method
[7/9/2013 12:15:59 PM][DEBUG][clLedgerOfFamily][LoadChildFamilyWiseTranDateAmount][00000000-0000-0000-0000-000000000000] Debug LoadChildFamilyWiseTranDateAmount Method
[7/9/2013 12:15:59 PM][INFO][clSchoolYear][LoadAllSchoolYear][00000000-0000-0000-0000-000000000000] Execute LoadAllSchoolYear Method
[7/9/2013 12:15:59 PM][DEBUG][clSchoolYear][LoadAllSchoolYear][00000000-0000-0000-0000-000000000000] Debug LoadAllSchoolYear Method
[7/9/2013 12:15:59 PM][INFO][clLedgerOfFamily][LoadChildFamilyWiseTranDateAmount][00000000-0000-0000-0000-000000000000] Execute LoadChildFamilyWiseTranDateAmount Method
[7/9/2013 12:16:00 PM][DEBUG][clLedgerOfFamily][LoadChildFamilyWiseTranDateAmount][00000000-0000-0000-0000-000000000000] Debug LoadChildFamilyWiseTranDateAmount Method
[7/9/2013 12:16:00 PM][INFO][clSchoolYear][LoadAllSchoolYear][00000000-0000-0000-0000-000000000000] Execute LoadAllSchoolYear Method
[7/9/2013 12:16:00 PM][DEBUG][clSchoolYear][LoadAllSchoolYear][00000000-0000-0000-0000-000000000000] Debug LoadAllSchoolYear Method
[7/9/2013 12:16:00 PM][INFO][clLedgerOfFamily][LoadChildFamilyWiseTranDateAmount][00000000-0000-0000-0000-000000000000] Execute LoadChildFamilyWiseTranDateAmount Method
[7/9/2013 12:16:00 PM][DEBUG][clLedgerOfFamily][LoadChildFamilyWiseTranDateAmount][00000000-0000-0000-0000-000000000000] Debug LoadChildFamilyWiseTranDateAmount Method
[7/9/2013 12:16:00 PM][INFO][clSchoolYear][LoadAllSchoolYear][00000000-0000-0000-0000-000000000000] Execute LoadAllSchoolYear Method
[7/9/2013 12:16:00 PM][DEBUG][clSchoolYear][LoadAllSchoolYear][00000000-0000-0000-0000-000000000000] Debug LoadAllSchoolYear Method
